Running in ulysses mode using ../train_gpt_ulysses.py...
0: Warning: The cache directory for DeepSpeed Triton autotune, /home/bigyang/.triton/autotune, appears to be on an NFS system. While this is generally acceptable, if you experience slowdowns or hanging when DeepSpeed exits, it is recommended to set the TRITON_CACHE_DIR environment variable to a non-NFS path.
0: Warning: The cache directory for DeepSpeed Triton autotune, /home/bigyang/.triton/autotune, appears to be on an NFS system. While this is generally acceptable, if you experience slowdowns or hanging when DeepSpeed exits, it is recommended to set the TRITON_CACHE_DIR environment variable to a non-NFS path.
0: Warning: The cache directory for DeepSpeed Triton autotune, /home/bigyang/.triton/autotune, appears to be on an NFS system. While this is generally acceptable, if you experience slowdowns or hanging when DeepSpeed exits, it is recommended to set the TRITON_CACHE_DIR environment variable to a non-NFS path.
0: Warning: The cache directory for DeepSpeed Triton autotune, /home/bigyang/.triton/autotune, appears to be on an NFS system. While this is generally acceptable, if you experience slowdowns or hanging when DeepSpeed exits, it is recommended to set the TRITON_CACHE_DIR environment variable to a non-NFS path.
1: Warning: The cache directory for DeepSpeed Triton autotune, /home/bigyang/.triton/autotune, appears to be on an NFS system. While this is generally acceptable, if you experience slowdowns or hanging when DeepSpeed exits, it is recommended to set the TRITON_CACHE_DIR environment variable to a non-NFS path.
1: Warning: The cache directory for DeepSpeed Triton autotune, /home/bigyang/.triton/autotune, appears to be on an NFS system. While this is generally acceptable, if you experience slowdowns or hanging when DeepSpeed exits, it is recommended to set the TRITON_CACHE_DIR environment variable to a non-NFS path.
1: Warning: The cache directory for DeepSpeed Triton autotune, /home/bigyang/.triton/autotune, appears to be on an NFS system. While this is generally acceptable, if you experience slowdowns or hanging when DeepSpeed exits, it is recommended to set the TRITON_CACHE_DIR environment variable to a non-NFS path.
1: Warning: The cache directory for DeepSpeed Triton autotune, /home/bigyang/.triton/autotune, appears to be on an NFS system. While this is generally acceptable, if you experience slowdowns or hanging when DeepSpeed exits, it is recommended to set the TRITON_CACHE_DIR environment variable to a non-NFS path.
0: Training with Sequence Length: 16384 Sequence parallel size: 8
0: Training with Sequence Length: 16384 Sequence parallel size: 8
0: Training with Sequence Length: 16384 Sequence parallel size: 8
0: Training with Sequence Length: 16384 Sequence parallel size: 8
1: Training with Sequence Length: 16384 Sequence parallel size: 8
1: Training with Sequence Length: 16384 Sequence parallel size: 8
1: Training with Sequence Length: 16384 Sequence parallel size: 8
1: Training with Sequence Length: 16384 Sequence parallel size: 8
0: gradient checkpointing enabled: True
1: gradient checkpointing enabled: True
0: gradient checkpointing enabled: True
0: gradient checkpointing enabled: True
0: gradient checkpointing enabled: True
1: gradient checkpointing enabled: True
1: gradient checkpointing enabled: True
1: gradient checkpointing enabled: True
0: Before initializing optimizer states
0: MA 2.59 GB         Max_MA 4.61 GB         CA 4.61 GB         Max_CA 5 GB 
0: CPU Virtual Memory:  used = 21.84 GB, percent = 2.2%
0: After initializing optimizer states
0: MA 2.59 GB         Max_MA 2.88 GB         CA 4.9 GB         Max_CA 5 GB 
0: CPU Virtual Memory:  used = 21.84 GB, percent = 2.2%
0: After initializing ZeRO optimizer
0: MA 2.59 GB         Max_MA 2.59 GB         CA 4.9 GB         Max_CA 5 GB 
0: CPU Virtual Memory:  used = 21.86 GB, percent = 2.2%
0: [Rank 1] Loading wikitext dataset...
0: [Rank 2] Loading wikitext dataset...
0: [Rank 3] Loading wikitext dataset...
0: [Rank 0] Loading wikitext dataset...
1: [Rank 6] Loading wikitext dataset...
1: [Rank 4] Loading wikitext dataset...
1: [Rank 5] Loading wikitext dataset...
1: [Rank 7] Loading wikitext dataset...
1: [Rank 7] Packed dataset: 336 chunks of 16384 tokens
1: [Rank 6] Packed dataset: 336 chunks of 16384 tokens
0: [Rank 3] Packed dataset: 336 chunks of 16384 tokens
0: [Rank 1] Packed dataset: 336 chunks of 16384 tokens
1: [Rank 4] Packed dataset: 336 chunks of 16384 tokens
0: [Rank 0] Packed dataset: 336 chunks of 16384 tokens
1: [Rank 5] Packed dataset: 336 chunks of 16384 tokens
0: [Rank 2] Packed dataset: 336 chunks of 16384 tokens
0: Total iterations: 168
0: Total iterations: 168
1: Total iterations: 168
0: Total iterations: 168
1: Total iterations: 168
1: Total iterations: 168
1: Total iterations: 168
0: Total iterations: 168
0: Iteration 0: loss=3.5615
0: Total iterations: 168
1: Total iterations: 168
1: Total iterations: 168
0: Total iterations: 168
1: Total iterations: 168
0: Total iterations: 168
0: Total iterations: 168
1: Total iterations: 168
0: Iteration 1: loss=13.0984
0: Total iterations: 168
1: Total iterations: 168
0: Total iterations: 168
1: Total iterations: 168
0: Total iterations: 168
1: Total iterations: 168
0: Total iterations: 168
1: Total iterations: 168
0: Iteration 2: loss=20.8910
0: Total iterations: 168
1: Total iterations: 168
0: Total iterations: 168
1: Total iterations: 168
0: Total iterations: 168
1: Total iterations: 168
1: Total iterations: 168
0: Total iterations: 168
0: Iteration 3: loss=9.3394
1: Total iterations: 168
0: Total iterations: 168
0: Total iterations: 168
1: Total iterations: 168
0: Total iterations: 168
1: Total iterations: 168
0: Total iterations: 168
1: Total iterations: 168
0: Iteration 4: loss=13.9854
0: Total iterations: 168
0: Total iterations: 168
1: Total iterations: 168
1: Total iterations: 168
1: Total iterations: 168
0: Total iterations: 168
1: Total iterations: 168
0: Total iterations: 168
0: Iteration 5: loss=8.6689
0: Total iterations: 168
1: Total iterations: 168
0: Total iterations: 168
1: Total iterations: 168
0: Total iterations: 168
0: Total iterations: 168
1: Total iterations: 168
1: Total iterations: 168
0: Iteration 6: loss=8.1030
0: Total iterations: 168
1: Total iterations: 168
0: Total iterations: 168
1: Total iterations: 168
0: Total iterations: 168
1: Total iterations: 168
0: Total iterations: 168
1: Total iterations: 168
0: Iteration 7: loss=8.2047
0: Total iterations: 168Total iterations: 168
0: 
0: Total iterations: 168
1: Total iterations: 168Total iterations: 168
1: 
1: Total iterations: 168
1: Total iterations: 168
0: Total iterations: 168
0: Iteration 8: loss=8.1057
0: Total iterations: 168
1: Total iterations: 168
1: Total iterations: 168
0: Total iterations: 168
0: Total iterations: 168
1: Total iterations: 168
0: Total iterations: 168
1: Total iterations: 168
0: Iteration 9: loss=8.5203
0: Total iterations: 168
1: Total iterations: 168
0: Total iterations: 168
1: Total iterations: 168Total iterations: 168
1: 
0: Total iterations: 168
1: Total iterations: 168
0: Total iterations: 168
0: Iteration 10: loss=8.1701
0: Total iterations: 168
1: Total iterations: 168
0: Total iterations: 168
0: Total iterations: 168
1: Total iterations: 168
0: Total iterations: 168
1: Total iterations: 168
1: Total iterations: 168
0: Iteration 11: loss=7.9542
0: Total iterations: 168
1: Total iterations: 168
0: Total iterations: 168
1: Total iterations: 168
0: Total iterations: 168
1: Total iterations: 168
0: Total iterations: 168
1: Total iterations: 168
0: Iteration 12: loss=7.8265
0: Total iterations: 168
1: Total iterations: 168
0: Total iterations: 168
1: Total iterations: 168
0: Total iterations: 168
1: Total iterations: 168
0: Total iterations: 168
1: Total iterations: 168
0: Iteration 13: loss=7.9786
0: Total iterations: 168
1: Total iterations: 168
0: Total iterations: 168
1: Total iterations: 168
0: Total iterations: 168
1: Total iterations: 168
0: Total iterations: 168
1: Total iterations: 168
0: Iteration 14: loss=9.6189
0: Total iterations: 168
1: Total iterations: 168
1: Total iterations: 168
0: Total iterations: 168
0: Total iterations: 168
1: Total iterations: 168
0: Total iterations: 168
1: Total iterations: 168
0: Iteration 15: loss=8.3084
0: Total iterations: 168
0: Total iterations: 168
0: Total iterations: 168
1: Total iterations: 168
1: Total iterations: 168
0: Total iterations: 168
1: Total iterations: 168
1: Total iterations: 168
0: Iteration 16: loss=8.3118
0: Total iterations: 168
1: Total iterations: 168
0: Total iterations: 168
1: Total iterations: 168
1: Total iterations: 168
0: Total iterations: 168
0: Total iterations: 168
1: Total iterations: 168
0: Iteration 17: loss=8.4223
0: Total iterations: 168
1: Total iterations: 168
0: Total iterations: 168
1: Total iterations: 168
0: Total iterations: 168
1: Total iterations: 168
0: Total iterations: 168
1: Total iterations: 168
0: Iteration 18: loss=8.0816
0: Total iterations: 168
1: Total iterations: 168
1: Total iterations: 168
0: Total iterations: 168
0: Total iterations: 168
1: Total iterations: 168
0: Total iterations: 168
1: Total iterations: 168
0: Iteration 19: loss=7.9957
1: Total iterations: 168
0: Total iterations: 168
0: Total iterations: 168
1: Total iterations: 168
0: Total iterations: 168
1: Total iterations: 168
1: Total iterations: 168
0: Total iterations: 168
0: Iteration 20: loss=7.8019
0: Total iterations: 168
1: Total iterations: 168
1: Total iterations: 168
0: Total iterations: 168
0: Total iterations: 168
1: Total iterations: 168
0: Total iterations: 168
1: Total iterations: 168
0: Iteration 21: loss=7.9633
0: Total iterations: 168
0: Total iterations: 168
1: Total iterations: 168
1: Total iterations: 168
0: Total iterations: 168
1: Total iterations: 168
1: Total iterations: 168
0: Total iterations: 168
0: Iteration 22: loss=7.9249
0: Total iterations: 168
1: Total iterations: 168
0: Total iterations: 168
0: Total iterations: 168
1: Total iterations: 168Total iterations: 168
1: 
0: Total iterations: 168
1: Total iterations: 168
0: Iteration 23: loss=7.7111
0: Total iterations: 168
0: Total iterations: 168
0: Total iterations: 168
1: Total iterations: 168Total iterations: 168
1: 
0: Total iterations: 168
1: Total iterations: 168
1: Total iterations: 168
0: Iteration 24: loss=7.7447
0: Total iterations: 168
1: Total iterations: 168
0: Total iterations: 168
1: Total iterations: 168
0: Total iterations: 168
1: Total iterations: 168
1: Total iterations: 168
0: Total iterations: 168
0: Iteration 25: loss=7.7382
0: Total iterations: 168
1: Total iterations: 168
0: Total iterations: 168
1: Total iterations: 168
1: Total iterations: 168
0: Total iterations: 168
0: Total iterations: 168
1: Total iterations: 168
0: Iteration 26: loss=7.8871
0: Total iterations: 168
1: Total iterations: 168
0: Total iterations: 168
1: Total iterations: 168
0: Total iterations: 168
1: Total iterations: 168
1: Total iterations: 168
0: Total iterations: 168
0: Iteration 27: loss=7.7748
0: Total iterations: 168
1: Total iterations: 168
0: Total iterations: 168
1: Total iterations: 168
1: Total iterations: 168
0: Total iterations: 168
0: Total iterations: 168
1: Total iterations: 168
0: Iteration 28: loss=7.6060
0: Total iterations: 168
1: Total iterations: 168
0: Total iterations: 168
0: Total iterations: 168
1: Total iterations: 168
1: Total iterations: 168
1: Total iterations: 168
0: Total iterations: 168
0: Iteration 29: loss=7.7461
0: Total iterations: 168
1: Total iterations: 168
1: Total iterations: 168
0: Total iterations: 168
1: Total iterations: 168
0: Total iterations: 168
0: Total iterations: 168
1: Total iterations: 168
0: Iteration 30: loss=7.6421
0: Total iterations: 168
1: Total iterations: 168
0: Total iterations: 168
1: Total iterations: 168
0: Total iterations: 168
1: Total iterations: 168
1: Total iterations: 168
0: Total iterations: 168
0: Iteration 31: loss=7.7323
0: Total iterations: 168
0: Total iterations: 168
0: Total iterations: 168
1: Total iterations: 168
1: Total iterations: 168
0: Total iterations: 168
1: Total iterations: 168
1: Total iterations: 168
0: Iteration 32: loss=7.6671
0: Total iterations: 168
1: Total iterations: 168
0: Total iterations: 168
1: Total iterations: 168
1: Total iterations: 168
0: Total iterations: 168
1: Total iterations: 168
0: Total iterations: 168
0: Iteration 33: loss=7.6120
0: Total iterations: 168
1: Total iterations: 168
0: Total iterations: 168
1: Total iterations: 168
1: Total iterations: 168
0: Total iterations: 168
0: Total iterations: 168
1: Total iterations: 168
0: Iteration 34: loss=7.5646
0: Total iterations: 168
1: Total iterations: 168
0: Total iterations: 168
1: Total iterations: 168
0: Total iterations: 168
1: Total iterations: 168
0: Total iterations: 168
1: Total iterations: 168
0: Iteration 35: loss=7.5499
0: Total iterations: 168
1: Total iterations: 168
0: Total iterations: 168
1: Total iterations: 168
0: Total iterations: 168
1: Total iterations: 168
1: Total iterations: 168
0: Total iterations: 168
0: Iteration 36: loss=7.5799
1: Total iterations: 168
0: Total iterations: 168
0: Total iterations: 168
1: Total iterations: 168
0: Total iterations: 168
1: Total iterations: 168
1: Total iterations: 168
0: Total iterations: 168
0: Iteration 37: loss=7.6268
0: Total iterations: 168
1: Total iterations: 168
0: Total iterations: 168
1: Total iterations: 168
1: Total iterations: 168
0: Total iterations: 168
0: Total iterations: 168
1: Total iterations: 168
0: Iteration 38: loss=7.6060
0: Total iterations: 168
1: Total iterations: 168
0: Total iterations: 168
1: Total iterations: 168
0: Total iterations: 168
1: Total iterations: 168
0: Total iterations: 168
1: Total iterations: 168
0: Iteration 39: loss=7.6061
0: Total iterations: 168
0: Total iterations: 168
0: Total iterations: 168
1: Total iterations: 168
1: Total iterations: 168
1: Total iterations: 168
1: Total iterations: 168
0: Total iterations: 168
0: Iteration 40: loss=7.7210
0: Total iterations: 168
1: Total iterations: 168
0: Total iterations: 168
1: Total iterations: 168
0: Total iterations: 168
1: Total iterations: 168
0: Total iterations: 168
1: Total iterations: 168
0: Iteration 41: loss=7.5659
0: Total iterations: 168
1: Total iterations: 168
1: Total iterations: 168
0: Total iterations: 168
1: Total iterations: 168
0: Total iterations: 168
0: Total iterations: 168
1: Total iterations: 168
0: Iteration 42: loss=7.5713
1: Total iterations: 168
0: Total iterations: 168
0: Total iterations: 168
1: Total iterations: 168
0: Total iterations: 168
1: Total iterations: 168
0: Total iterations: 168
1: Total iterations: 168
0: Iteration 43: loss=7.5406
0: Total iterations: 168
1: Total iterations: 168
0: Total iterations: 168
1: Total iterations: 168
0: Total iterations: 168
1: Total iterations: 168
0: Total iterations: 168
1: Total iterations: 168
0: Iteration 44: loss=7.5684
0: Total iterations: 168
1: Total iterations: 168
0: Total iterations: 168
1: Total iterations: 168
0: Total iterations: 168
0: Total iterations: 168
1: Total iterations: 168
1: Total iterations: 168
0: Iteration 45: loss=7.4424
0: Total iterations: 168
1: Total iterations: 168
0: Total iterations: 168
1: Total iterations: 168
0: Total iterations: 168
1: Total iterations: 168
0: Total iterations: 168
1: Total iterations: 168
0: Iteration 46: loss=7.4562
0: Total iterations: 168
1: Total iterations: 168
0: Total iterations: 168
1: Total iterations: 168
1: Total iterations: 168
0: Total iterations: 168
0: Total iterations: 168
1: Total iterations: 168
0: Iteration 47: loss=7.6897
0: Total iterations: 168
0: Total iterations: 168
0: Total iterations: 168
1: Total iterations: 168
1: Total iterations: 168
0: Total iterations: 168
1: Total iterations: 168
1: Total iterations: 168
0: Iteration 48: loss=7.5095
0: Total iterations: 168
1: Total iterations: 168
0: Total iterations: 168
1: Total iterations: 168
1: Total iterations: 168
0: Total iterations: 168
0: Total iterations: 168
1: Total iterations: 168
0: Iteration 49: loss=7.4878
0: Total iterations: 168
1: Total iterations: 168
1: Total iterations: 168
0: Total iterations: 168Total iterations: 168
0: 
1: Total iterations: 168
0: Total iterations: 168
1: Total iterations: 168
0: Iteration 50: loss=7.5949
0: Total iterations: 168
1: Total iterations: 168
0: Total iterations: 168
1: Total iterations: 168
0: Total iterations: 168
1: Total iterations: 168
0: Total iterations: 168
1: Total iterations: 168
0: Iteration 51: loss=7.5662
0: Total iterations: 168
1: Total iterations: 168
0: Total iterations: 168
1: Total iterations: 168
1: Total iterations: 168
0: Total iterations: 168
0: Total iterations: 168
1: Total iterations: 168
0: Iteration 52: loss=7.5241
0: Total iterations: 168
1: Total iterations: 168
1: Total iterations: 168
0: Total iterations: 168
0: Total iterations: 168
1: Total iterations: 168
0: Total iterations: 168
1: Total iterations: 168
0: Iteration 53: loss=7.5189
0: Total iterations: 168
1: Total iterations: 168
1: Total iterations: 168
0: Total iterations: 168
1: Total iterations: 168
0: Total iterations: 168
0: Total iterations: 168
1: Total iterations: 168
0: Iteration 54: loss=7.5607
0: Total iterations: 168
1: Total iterations: 168
0: Total iterations: 168
1: Total iterations: 168
0: Total iterations: 168
1: Total iterations: 168
1: Total iterations: 168
0: Total iterations: 168
0: Iteration 55: loss=7.3943
0: Total iterations: 168
0: Total iterations: 168
0: Total iterations: 168
1: Total iterations: 168Total iterations: 168
1: 
0: Total iterations: 168
1: Total iterations: 168
1: Total iterations: 168
0: Iteration 56: loss=7.6326
0: Total iterations: 168
1: Total iterations: 168
0: Total iterations: 168
1: Total iterations: 168
0: Total iterations: 168
1: Total iterations: 168
0: Total iterations: 168
1: Total iterations: 168
0: Iteration 57: loss=7.4202
1: Total iterations: 168
0: Total iterations: 168
0: Total iterations: 168
1: Total iterations: 168
0: Total iterations: 168
1: Total iterations: 168
0: Total iterations: 168
1: Total iterations: 168
0: Iteration 58: loss=7.5202
0: Total iterations: 168
1: Total iterations: 168
0: Total iterations: 168
1: Total iterations: 168
0: Total iterations: 168
1: Total iterations: 168
0: Total iterations: 168
1: Total iterations: 168
0: Iteration 59: loss=7.6668
0: Total iterations: 168
1: Total iterations: 168
0: Total iterations: 168
1: Total iterations: 168
1: Total iterations: 168
0: Total iterations: 168
0: Total iterations: 168
1: Total iterations: 168
0: Iteration 60: loss=7.4912
0: Total iterations: 168
1: Total iterations: 168
0: Total iterations: 168
1: Total iterations: 168
0: Total iterations: 168
1: Total iterations: 168
0: Total iterations: 168
1: Total iterations: 168
0: Iteration 61: loss=7.5878
0: Total iterations: 168
1: Total iterations: 168
1: Total iterations: 168
0: Total iterations: 168
1: Total iterations: 168
0: Total iterations: 168
0: Total iterations: 168
1: Total iterations: 168
0: Iteration 62: loss=7.4747
0: Total iterations: 168
1: Total iterations: 168
0: Total iterations: 168
1: Total iterations: 168
0: Total iterations: 168
1: Total iterations: 168
0: Total iterations: 168
1: Total iterations: 168
0: Iteration 63: loss=7.2387
0: Total iterations: 168
0: Total iterations: 168
0: Total iterations: 168
1: Total iterations: 168Total iterations: 168
1: 
0: Total iterations: 168
1: Total iterations: 168
1: Total iterations: 168
0: Iteration 64: loss=7.4727
0: Total iterations: 168
1: Total iterations: 168
1: Total iterations: 168
0: Total iterations: 168
1: Total iterations: 168
0: Total iterations: 168
0: Total iterations: 168
1: Total iterations: 168
0: Iteration 65: loss=7.4376
0: Total iterations: 168
1: Total iterations: 168
1: Total iterations: 168
0: Total iterations: 168
1: Total iterations: 168
0: Total iterations: 168
0: Total iterations: 168
1: Total iterations: 168
0: Iteration 66: loss=7.6877
0: Total iterations: 168
1: Total iterations: 168
0: Total iterations: 168
1: Total iterations: 168
0: Total iterations: 168
0: Total iterations: 168
1: Total iterations: 168
1: Total iterations: 168
0: Iteration 67: loss=7.4363
0: Total iterations: 168
1: Total iterations: 168
0: Total iterations: 168
0: Total iterations: 168
1: Total iterations: 168
1: Total iterations: 168
1: Total iterations: 168
0: Total iterations: 168
0: Iteration 68: loss=7.5812
0: Total iterations: 168
1: Total iterations: 168
0: Total iterations: 168
1: Total iterations: 168
0: Total iterations: 168
1: Total iterations: 168
1: Total iterations: 168
0: Total iterations: 168
0: Iteration 69: loss=7.4868
0: Total iterations: 168
1: Total iterations: 168Total iterations: 168
1: 
0: Total iterations: 168
0: Total iterations: 168
1: Total iterations: 168
0: Total iterations: 168
1: Total iterations: 168
0: Iteration 70: loss=7.5626
0: Total iterations: 168
1: Total iterations: 168
0: Total iterations: 168
1: Total iterations: 168
1: Total iterations: 168
0: Total iterations: 168
0: Total iterations: 168
1: Total iterations: 168
0: Iteration 71: loss=7.4308
0: Total iterations: 168
0: Total iterations: 168
0: Total iterations: 168
1: Total iterations: 168
1: Total iterations: 168
0: Total iterations: 168
1: Total iterations: 168
1: Total iterations: 168
0: Iteration 72: loss=7.4897
0: Total iterations: 168
1: Total iterations: 168
1: Total iterations: 168
0: Total iterations: 168
1: Total iterations: 168
0: Total iterations: 168
0: Total iterations: 168
1: Total iterations: 168
0: Iteration 73: loss=7.5241
0: Total iterations: 168
1: Total iterations: 168
1: Total iterations: 168
0: Total iterations: 168
1: Total iterations: 168
0: Total iterations: 168
0: Total iterations: 168
1: Total iterations: 168
0: Iteration 74: loss=7.5837
0: Total iterations: 168
0: Total iterations: 168
1: Total iterations: 168
1: Total iterations: 168
0: Total iterations: 168
1: Total iterations: 168
0: Total iterations: 168
1: Total iterations: 168
0: Iteration 75: loss=7.5290
0: Total iterations: 168
1: Total iterations: 168
1: Total iterations: 168
0: Total iterations: 168
0: Total iterations: 168
1: Total iterations: 168
0: Total iterations: 168
1: Total iterations: 168
0: Iteration 76: loss=7.4873
0: Total iterations: 168
1: Total iterations: 168
0: Total iterations: 168
1: Total iterations: 168
1: Total iterations: 168
0: Total iterations: 168
1: Total iterations: 168
0: Total iterations: 168
0: Iteration 77: loss=7.4757
0: Total iterations: 168
1: Total iterations: 168
1: Total iterations: 168
0: Total iterations: 168
0: Total iterations: 168
1: Total iterations: 168
0: Total iterations: 168
1: Total iterations: 168
0: Iteration 78: loss=7.4912
0: Total iterations: 168
1: Total iterations: 168
0: Total iterations: 168
1: Total iterations: 168
0: Total iterations: 168
1: Total iterations: 168
0: Total iterations: 168
1: Total iterations: 168
0: Iteration 79: loss=7.6171
0: Total iterations: 168
0: Total iterations: 168
0: Total iterations: 168
1: Total iterations: 168Total iterations: 168
1: 
1: Total iterations: 168
0: Total iterations: 168
1: Total iterations: 168
0: Iteration 80: loss=7.7082
0: Total iterations: 168
1: Total iterations: 168
0: Total iterations: 168
1: Total iterations: 168
0: Total iterations: 168
1: Total iterations: 168
0: Total iterations: 168
1: Total iterations: 168
0: Iteration 81: loss=7.4362
0: Total iterations: 168
1: Total iterations: 168
0: Total iterations: 168
1: Total iterations: 168
1: Total iterations: 168
0: Total iterations: 168
0: Total iterations: 168
1: Total iterations: 168
0: Iteration 82: loss=7.4069
0: Total iterations: 168
1: Total iterations: 168
1: Total iterations: 168
0: Total iterations: 168
1: Total iterations: 168
0: Total iterations: 168
0: Total iterations: 168
1: Total iterations: 168
0: Iteration 83: loss=7.7059
0: Total iterations: 168
1: Total iterations: 168
0: Total iterations: 168
1: Total iterations: 168
1: Total iterations: 168
0: Total iterations: 168
0: Total iterations: 168
1: Total iterations: 168
0: Iteration 84: loss=7.5596
0: Total iterations: 168
1: Total iterations: 168
1: Total iterations: 168
0: Total iterations: 168
1: Total iterations: 168
0: Total iterations: 168
0: Total iterations: 168
1: Total iterations: 168
0: Iteration 85: loss=7.4844
0: Total iterations: 168
1: Total iterations: 168
1: Total iterations: 168
0: Total iterations: 168
1: Total iterations: 168
0: Total iterations: 168
0: Total iterations: 168
1: Total iterations: 168
0: Iteration 86: loss=7.4809
0: Total iterations: 168
1: Total iterations: 168
0: Total iterations: 168
1: Total iterations: 168
0: Total iterations: 168
1: Total iterations: 168
1: Total iterations: 168
0: Total iterations: 168
0: Iteration 87: loss=7.4587
0: Total iterations: 168
0: Total iterations: 168
0: Total iterations: 168
1: Total iterations: 168
1: Total iterations: 168
0: Total iterations: 168
1: Total iterations: 168
1: Total iterations: 168
0: Iteration 88: loss=7.4784
0: Total iterations: 168
0: Total iterations: 168
1: Total iterations: 168
1: Total iterations: 168
1: Total iterations: 168
0: Total iterations: 168
1: Total iterations: 168
0: Total iterations: 168
0: Iteration 89: loss=7.5003
0: Total iterations: 168
1: Total iterations: 168
1: Total iterations: 168
0: Total iterations: 168
1: Total iterations: 168
0: Total iterations: 168
0: Total iterations: 168
1: Total iterations: 168
0: Iteration 90: loss=7.5024
0: Total iterations: 168
1: Total iterations: 168
0: Total iterations: 168
1: Total iterations: 168
0: Total iterations: 168
1: Total iterations: 168
0: Total iterations: 168
1: Total iterations: 168
0: Iteration 91: loss=7.5546
0: Total iterations: 168
1: Total iterations: 168
0: Total iterations: 168
1: Total iterations: 168
0: Total iterations: 168
1: Total iterations: 168
0: Total iterations: 168
1: Total iterations: 168
0: Iteration 92: loss=7.3859
0: Total iterations: 168
1: Total iterations: 168
1: Total iterations: 168
0: Total iterations: 168
0: Total iterations: 168
1: Total iterations: 168
0: Total iterations: 168
1: Total iterations: 168
0: Iteration 93: loss=7.4495
1: Total iterations: 168
0: Total iterations: 168
1: Total iterations: 168
0: Total iterations: 168
0: Total iterations: 168
1: Total iterations: 168
0: Total iterations: 168
1: Total iterations: 168
0: Iteration 94: loss=7.4574
0: Total iterations: 168
1: Total iterations: 168
1: Total iterations: 168
0: Total iterations: 168
1: Total iterations: 168
0: Total iterations: 168
0: Total iterations: 168
1: Total iterations: 168
0: Iteration 95: loss=7.6395
0: Total iterations: 168
0: Total iterations: 168
0: Total iterations: 168
1: Total iterations: 168
1: Total iterations: 168
0: Total iterations: 168
1: Total iterations: 168Total iterations: 168
1: 
0: Iteration 96: loss=7.4021
0: Total iterations: 168
1: Total iterations: 168
1: Total iterations: 168
0: Total iterations: 168
0: Total iterations: 168
1: Total iterations: 168
0: Total iterations: 168
1: Total iterations: 168
0: Iteration 97: loss=7.4465
0: Total iterations: 168
1: Total iterations: 168
0: Total iterations: 168
1: Total iterations: 168
0: Total iterations: 168
1: Total iterations: 168
0: Total iterations: 168
1: Total iterations: 168
0: Iteration 98: loss=7.4532
0: Total iterations: 168
1: Total iterations: 168
0: Total iterations: 168
1: Total iterations: 168
1: Total iterations: 168
0: Total iterations: 168
0: Total iterations: 168
1: Total iterations: 168
0: Iteration 99: loss=7.4995
0: Total iterations: 168
1: Total iterations: 168
0: Total iterations: 168
1: Total iterations: 168
0: Total iterations: 168
1: Total iterations: 168
0: Total iterations: 168
1: Total iterations: 168
0: Iteration 100: loss=7.5472
0: Total iterations: 168
1: Total iterations: 168
0: Total iterations: 168
1: Total iterations: 168
0: Total iterations: 168
1: Total iterations: 168
1: Total iterations: 168
0: Total iterations: 168
0: Iteration 101: loss=7.6351
0: Total iterations: 168
1: Total iterations: 168
1: Total iterations: 168
0: Total iterations: 168
0: Total iterations: 168
1: Total iterations: 168
0: Total iterations: 168
1: Total iterations: 168
0: Iteration 102: loss=7.3831
0: Total iterations: 168
1: Total iterations: 168
0: Total iterations: 168
1: Total iterations: 168
1: Total iterations: 168
0: Total iterations: 168
0: Total iterations: 168
1: Total iterations: 168
0: Iteration 103: loss=7.4869
0: Total iterations: 168
0: Total iterations: 168
0: Total iterations: 168
1: Total iterations: 168
1: Total iterations: 168
0: Total iterations: 168
1: Total iterations: 168
1: Total iterations: 168
