==============================================
BF16 Low-Precision Master Weights Memory Test
==============================================
Configuration:
  NUM_GPUS: 2
  NUM_LAYERS: 12
  HIDDEN_DIM: 1024
  BATCH_SIZE: 32
  SEQ_LENGTH: 512
  NUM_STEPS: 7
  LOG_DIR: logs/20260121_152921
==============================================

[1/2] Running BASELINE (bf16 with fp32 master weights/grads/optimizer states)...
----------------------------------------------
Warning: The cache directory for DeepSpeed Triton autotune, /home/bigyang/.triton/autotune, appears to be on an NFS system. While this is generally acceptable, if you experience slowdowns or hanging when DeepSpeed exits, it is recommended to set the TRITON_CACHE_DIR environment variable to a non-NFS path.
[2026-01-21 15:29:29,249] [WARNING] [runner.py:232:fetch_hostfile] Unable to find hostfile, will proceed with training with local resources only.
Detected VISIBLE_DEVICES=0,1 but ignoring it because one or several of --include/--exclude/--num_gpus/--num_nodes cl args were used. If you want to use CUDA_VISIBLE_DEVICES don't pass any of these arguments to deepspeed.
[2026-01-21 15:29:29,249] [INFO] [runner.py:630:main] cmd = /home/bigyang/micromamba/envs/ds-hf/bin/python -u -m deepspeed.launcher.launch --world_info=eyJsb2NhbGhvc3QiOiBbMCwgMV19 --master_addr=127.0.0.1 --master_port=29600 --enable_each_rank_log=None --log_level=info train.py --deepspeed_config configs/baseline.json --num_layers 12 --hidden_dim 1024 --batch_size 32 --seq_length 512 --num_steps 7 --warmup_steps 5 --activation_checkpointing --use_real_data --seed 42
Warning: The cache directory for DeepSpeed Triton autotune, /home/bigyang/.triton/autotune, appears to be on an NFS system. While this is generally acceptable, if you experience slowdowns or hanging when DeepSpeed exits, it is recommended to set the TRITON_CACHE_DIR environment variable to a non-NFS path.
[2026-01-21 15:29:34,037] [INFO] [launch.py:162:main] WORLD INFO DICT: {'localhost': [0, 1]}
[2026-01-21 15:29:34,037] [INFO] [launch.py:168:main] nnodes=1, num_local_procs=2, node_rank=0
[2026-01-21 15:29:34,037] [INFO] [launch.py:179:main] global_rank_mapping=defaultdict(<class 'list'>, {'localhost': [0, 1]})
[2026-01-21 15:29:34,037] [INFO] [launch.py:180:main] dist_world_size=2
[2026-01-21 15:29:34,037] [INFO] [launch.py:184:main] Setting CUDA_VISIBLE_DEVICES=0,1
[2026-01-21 15:29:34,038] [INFO] [launch.py:272:main] process 1596408 spawned with command: ['/home/bigyang/micromamba/envs/ds-hf/bin/python', '-u', 'train.py', '--local_rank=0', '--deepspeed_config', 'configs/baseline.json', '--num_layers', '12', '--hidden_dim', '1024', '--batch_size', '32', '--seq_length', '512', '--num_steps', '7', '--warmup_steps', '5', '--activation_checkpointing', '--use_real_data', '--seed', '42']
[2026-01-21 15:29:34,039] [INFO] [launch.py:272:main] process 1596409 spawned with command: ['/home/bigyang/micromamba/envs/ds-hf/bin/python', '-u', 'train.py', '--local_rank=1', '--deepspeed_config', 'configs/baseline.json', '--num_layers', '12', '--hidden_dim', '1024', '--batch_size', '32', '--seq_length', '512', '--num_steps', '7', '--warmup_steps', '5', '--activation_checkpointing', '--use_real_data', '--seed', '42']
Warning: The cache directory for DeepSpeed Triton autotune, /home/bigyang/.triton/autotune, appears to be on an NFS system. While this is generally acceptable, if you experience slowdowns or hanging when DeepSpeed exits, it is recommended to set the TRITON_CACHE_DIR environment variable to a non-NFS path.
Warning: The cache directory for DeepSpeed Triton autotune, /home/bigyang/.triton/autotune, appears to be on an NFS system. While this is generally acceptable, if you experience slowdowns or hanging when DeepSpeed exits, it is recommended to set the TRITON_CACHE_DIR environment variable to a non-NFS path.
[Rank 0] Loading wikitext dataset...
[Rank 1] Loading wikitext dataset...
[Rank 1] Dataset loaded: 39531 examples, vocab_size=50257
[Rank 1] Creating model with hidden_dim=1024, num_layers=12, num_heads=16, vocab_size=50257
[Rank 0] Dataset loaded: 39531 examples, vocab_size=50257
[Rank 0] Creating model with hidden_dim=1024, num_layers=12, num_heads=16, vocab_size=50257
[Rank 1] Model parameters: 254,655,569 total, 254,655,569 trainable
[Rank 1] Activation checkpointing enabled
[Rank 0] Model parameters: 254,655,569 total, 254,655,569 trainable
[Rank 0] Activation checkpointing enabled
/home/bigyang/micromamba/envs/ds-hf/lib/python3.11/site-packages/torch/utils/cpp_extension.py:1964: UserWarning: TORCH_CUDA_ARCH_LIST is not set, all archs for visible cards are included for compilation. 
If this is not desired, please set os.environ['TORCH_CUDA_ARCH_LIST'].
  warnings.warn(
[Rank 1] DeepSpeed initialized with config: configs/baseline.json
[Rank 1] Memory after init: allocated=0.95 GB, reserved=1.66 GB
Before initializing optimizer states
MA 0.95 GB         Max_MA 1.19 GB         CA 1.19 GB         Max_CA 1 GB 
CPU Virtual Memory:  used = 29.77 GB, percent = 1.5%
After initializing optimizer states
MA 0.95 GB         Max_MA 1.42 GB         CA 1.66 GB         Max_CA 2 GB 
CPU Virtual Memory:  used = 29.83 GB, percent = 1.5%
After initializing ZeRO optimizer
MA 0.95 GB         Max_MA 0.95 GB         CA 1.66 GB         Max_CA 2 GB 
CPU Virtual Memory:  used = 29.86 GB, percent = 1.5%
[Rank 0] DeepSpeed initialized with config: configs/baseline.json
[Rank 0] Memory after init: allocated=0.95 GB, reserved=1.66 GB
[Rank 0] time (ms) | optimizer_allgather: 7.89 | optimizer_gradients: 0.93 | optimizer_step: 1.81
[Rank 0] time (ms) | fwd_microstep: 148.16 | bwd_microstep: 152.08 | bwd_inner_microstep: 151.13 | bwd_allreduce_microstep: 0.89 | step_microstep: 60.25
[Rank 0] time (ms) | fwd: 148.15 | bwd: 152.08 | bwd_inner: 151.14 | bwd_allreduce: 0.88 | step: 60.25
[Rank 1] Step 0: loss=11.5625, time=0.998s, alloc_mem=3.49 GB, peak_mem=7.52 GB
[Rank 0] Step 0: loss=11.5625, time=0.472s, alloc_mem=3.49 GB, peak_mem=7.52 GB
[Rank 0] time (ms) | optimizer_allgather: 1.51 | optimizer_gradients: 0.91 | optimizer_step: 1.46
[Rank 0] time (ms) | fwd_microstep: 43.10 | bwd_microstep: 97.54 | bwd_inner_microstep: 96.70 | bwd_allreduce_microstep: 0.79 | step_microstep: 5.67
[Rank 0] time (ms) | fwd: 43.10 | bwd: 97.55 | bwd_inner: 96.72 | bwd_allreduce: 0.79 | step: 5.68
[Rank 0] time (ms) | optimizer_allgather: 1.49 | optimizer_gradients: 0.91 | optimizer_step: 1.47
[Rank 0] time (ms) | fwd_microstep: 43.18 | bwd_microstep: 98.36 | bwd_inner_microstep: 97.52 | bwd_allreduce_microstep: 0.78 | step_microstep: 5.69
[Rank 0] time (ms) | fwd: 43.17 | bwd: 98.37 | bwd_inner: 97.53 | bwd_allreduce: 0.78 | step: 5.68
[Rank 0] time (ms) | optimizer_allgather: 1.49 | optimizer_gradients: 0.91 | optimizer_step: 1.46
[Rank 0] time (ms) | fwd_microstep: 43.01 | bwd_microstep: 97.86 | bwd_inner_microstep: 97.02 | bwd_allreduce_microstep: 0.77 | step_microstep: 5.65
[Rank 0] time (ms) | fwd: 43.01 | bwd: 97.86 | bwd_inner: 97.05 | bwd_allreduce: 0.77 | step: 5.65
[Rank 0] time (ms) | optimizer_allgather: 1.50 | optimizer_gradients: 0.91 | optimizer_step: 1.46
[Rank 0] time (ms) | fwd_microstep: 43.32 | bwd_microstep: 97.97 | bwd_inner_microstep: 97.16 | bwd_allreduce_microstep: 0.77 | step_microstep: 5.68
[Rank 0] time (ms) | fwd: 43.31 | bwd: 97.97 | bwd_inner: 97.17 | bwd_allreduce: 0.77 | step: 5.68
[Rank 0] time (ms) | optimizer_allgather: 1.51 | optimizer_gradients: 0.91 | optimizer_step: 1.46
[Rank 0] time (ms) | fwd_microstep: 43.25 | bwd_microstep: 97.78 | bwd_inner_microstep: 96.94 | bwd_allreduce_microstep: 0.79 | step_microstep: 5.66
Local>>>>>> step_time: 0.15212607383728027, dataloading_time : 0.0007052421569824219,forward_time :0.00766301155090332, backward_time: 0.137847900390625, optim time :0.005908489227294922
[Rank 0] time (ms) | fwd: 43.25 | bwd: 97.78 | bwd_inner: 96.95 | bwd_allreduce: 0.79 | step: 5.66
Local>>>>>> step_time: 0.15210270881652832, dataloading_time : 0.0006935596466064453,forward_time :0.0076868534088134766, backward_time: 0.1378021240234375, optim time :0.0059185028076171875
[Rank 1] Step 5: loss=3.9844, time=0.152s, alloc_mem=3.49 GB, peak_mem=8.50 GB
[Rank 0] Step 5: loss=3.5312, time=0.152s, alloc_mem=3.49 GB, peak_mem=8.50 GB
[Rank 0] time (ms) | optimizer_allgather: 1.49 | optimizer_gradients: 0.91 | optimizer_step: 1.45
[Rank 0] time (ms) | fwd_microstep: 43.30 | bwd_microstep: 97.86 | bwd_inner_microstep: 97.06 | bwd_allreduce_microstep: 0.75 | step_microstep: 5.65
[Rank 0] time (ms) | fwd: 43.29 | bwd: 97.87 | bwd_inner: 97.07 | bwd_allreduce: 0.76 | step: 5.65
Local>>>>>> step_time: 0.15228724479675293, dataloading_time : 0.000682830810546875,forward_time :0.007712602615356445, backward_time: 0.13797593116760254, optim time :0.0059146881103515625
Local>>>>>> step_time: 0.15225911140441895, dataloading_time : 0.0007395744323730469,forward_time :0.0077190399169921875, backward_time: 0.13791227340698242, optim time :0.00588679313659668
[Rank 1] Step 6: loss=2.9844, time=0.152s, alloc_mem=3.49 GB, peak_mem=8.50 GB
[Rank 0] Step 6: loss=2.6719, time=0.152s, alloc_mem=3.49 GB, peak_mem=8.50 GB

============================================================
[Rank 0] FINAL RESULTS
  Config: configs/baseline.json
  Model: hidden_dim=1024, num_layers=12
  Parameters: 254,655,569
  Batch size: 32, Seq length: 512
  Average step time: 0.152s
  Peak memory: 8.50 GB
  Final allocated memory: 3.49 GB
============================================================
SUMMARY: config=configs/baseline.json params=254655569 peak_mem_bytes=9128710144 alloc_mem_bytes=3752032768 avg_step_time=0.1522

============================================================
[Rank 1] FINAL RESULTS
  Config: configs/baseline.json
  Model: hidden_dim=1024, num_layers=12
  Parameters: 254,655,569
  Batch size: 32, Seq length: 512
  Average step time: 0.152s
  Peak memory: 8.50 GB
  Final allocated memory: 3.49 GB
============================================================
SUMMARY: config=configs/baseline.json params=254655569 peak_mem_bytes=9128710144 alloc_mem_bytes=3752032768 avg_step_time=0.1522
[rank0]:[W121 15:29:47.309243862 ProcessGroupNCCL.cpp:1250] Warning: WARNING: process group has NOT been destroyed before we destruct ProcessGroupNCCL. On normal program exit, the application should call destroy_process_group to ensure that any pending NCCL operations have finished in this process. In rare cases this process can exit before this point and block the progress of another member of the process group. This constraint has always been present,  but this warning has only been added since PyTorch 2.4 (function operator())
[2026-01-21 15:29:49,040] [INFO] [launch.py:367:main] Process 1596408 exits successfully.
[2026-01-21 15:29:50,041] [INFO] [launch.py:367:main] Process 1596409 exits successfully.

[2/2] Running BF16_FULL (bf16 master weights, gradients, and optimizer states)...
----------------------------------------------
Warning: The cache directory for DeepSpeed Triton autotune, /home/bigyang/.triton/autotune, appears to be on an NFS system. While this is generally acceptable, if you experience slowdowns or hanging when DeepSpeed exits, it is recommended to set the TRITON_CACHE_DIR environment variable to a non-NFS path.
[2026-01-21 15:29:57,950] [WARNING] [runner.py:232:fetch_hostfile] Unable to find hostfile, will proceed with training with local resources only.
Detected VISIBLE_DEVICES=0,1 but ignoring it because one or several of --include/--exclude/--num_gpus/--num_nodes cl args were used. If you want to use CUDA_VISIBLE_DEVICES don't pass any of these arguments to deepspeed.
[2026-01-21 15:29:57,950] [INFO] [runner.py:630:main] cmd = /home/bigyang/micromamba/envs/ds-hf/bin/python -u -m deepspeed.launcher.launch --world_info=eyJsb2NhbGhvc3QiOiBbMCwgMV19 --master_addr=127.0.0.1 --master_port=29600 --enable_each_rank_log=None --log_level=info train.py --deepspeed_config configs/bf16_full.json --num_layers 12 --hidden_dim 1024 --batch_size 32 --seq_length 512 --num_steps 7 --warmup_steps 5 --activation_checkpointing --use_real_data --seed 42
Warning: The cache directory for DeepSpeed Triton autotune, /home/bigyang/.triton/autotune, appears to be on an NFS system. While this is generally acceptable, if you experience slowdowns or hanging when DeepSpeed exits, it is recommended to set the TRITON_CACHE_DIR environment variable to a non-NFS path.
[2026-01-21 15:30:02,774] [INFO] [launch.py:162:main] WORLD INFO DICT: {'localhost': [0, 1]}
[2026-01-21 15:30:02,774] [INFO] [launch.py:168:main] nnodes=1, num_local_procs=2, node_rank=0
[2026-01-21 15:30:02,774] [INFO] [launch.py:179:main] global_rank_mapping=defaultdict(<class 'list'>, {'localhost': [0, 1]})
[2026-01-21 15:30:02,774] [INFO] [launch.py:180:main] dist_world_size=2
[2026-01-21 15:30:02,774] [INFO] [launch.py:184:main] Setting CUDA_VISIBLE_DEVICES=0,1
[2026-01-21 15:30:02,775] [INFO] [launch.py:272:main] process 1597114 spawned with command: ['/home/bigyang/micromamba/envs/ds-hf/bin/python', '-u', 'train.py', '--local_rank=0', '--deepspeed_config', 'configs/bf16_full.json', '--num_layers', '12', '--hidden_dim', '1024', '--batch_size', '32', '--seq_length', '512', '--num_steps', '7', '--warmup_steps', '5', '--activation_checkpointing', '--use_real_data', '--seed', '42']
[2026-01-21 15:30:02,775] [INFO] [launch.py:272:main] process 1597115 spawned with command: ['/home/bigyang/micromamba/envs/ds-hf/bin/python', '-u', 'train.py', '--local_rank=1', '--deepspeed_config', 'configs/bf16_full.json', '--num_layers', '12', '--hidden_dim', '1024', '--batch_size', '32', '--seq_length', '512', '--num_steps', '7', '--warmup_steps', '5', '--activation_checkpointing', '--use_real_data', '--seed', '42']
Warning: The cache directory for DeepSpeed Triton autotune, /home/bigyang/.triton/autotune, appears to be on an NFS system. While this is generally acceptable, if you experience slowdowns or hanging when DeepSpeed exits, it is recommended to set the TRITON_CACHE_DIR environment variable to a non-NFS path.
Warning: The cache directory for DeepSpeed Triton autotune, /home/bigyang/.triton/autotune, appears to be on an NFS system. While this is generally acceptable, if you experience slowdowns or hanging when DeepSpeed exits, it is recommended to set the TRITON_CACHE_DIR environment variable to a non-NFS path.
[Rank 1] Loading wikitext dataset...
[Rank 0] Loading wikitext dataset...
Warning: You are sending unauthenticated requests to the HF Hub. Please set a HF_TOKEN to enable higher rate limits and faster downloads.
Warning: You are sending unauthenticated requests to the HF Hub. Please set a HF_TOKEN to enable higher rate limits and faster downloads.
[Rank 1] Dataset loaded: 39531 examples, vocab_size=50257
[Rank 1] Creating model with hidden_dim=1024, num_layers=12, num_heads=16, vocab_size=50257
[Rank 0] Dataset loaded: 39531 examples, vocab_size=50257
[Rank 0] Creating model with hidden_dim=1024, num_layers=12, num_heads=16, vocab_size=50257
[Rank 1] Model parameters: 254,655,569 total, 254,655,569 trainable
[Rank 1] Activation checkpointing enabled
[Rank 0] Model parameters: 254,655,569 total, 254,655,569 trainable
[Rank 0] Activation checkpointing enabled
/home/bigyang/micromamba/envs/ds-hf/lib/python3.11/site-packages/torch/utils/cpp_extension.py:1964: UserWarning: TORCH_CUDA_ARCH_LIST is not set, all archs for visible cards are included for compilation. 
If this is not desired, please set os.environ['TORCH_CUDA_ARCH_LIST'].
  warnings.warn(
[Rank 1] DeepSpeed initialized with config: configs/bf16_full.json
[Rank 1] Memory after init: allocated=0.71 GB, reserved=0.95 GB
Before initializing optimizer states
MA 0.71 GB         Max_MA 0.71 GB         CA 0.71 GB         Max_CA 1 GB 
CPU Virtual Memory:  used = 29.37 GB, percent = 1.5%
After initializing optimizer states
MA 0.71 GB         Max_MA 0.95 GB         CA 0.95 GB         Max_CA 1 GB 
CPU Virtual Memory:  used = 29.39 GB, percent = 1.5%
After initializing ZeRO optimizer
MA 0.71 GB         Max_MA 0.71 GB         CA 0.95 GB         Max_CA 1 GB 
CPU Virtual Memory:  used = 29.39 GB, percent = 1.5%
[Rank 0] DeepSpeed initialized with config: configs/bf16_full.json
[Rank 0] Memory after init: allocated=0.71 GB, reserved=0.95 GB
[Rank 0] time (ms) | optimizer_allgather: 11.95 | optimizer_gradients: 0.49 | optimizer_step: 1.83
[Rank 0] time (ms) | fwd_microstep: 145.12 | bwd_microstep: 149.85 | bwd_inner_microstep: 148.72 | bwd_allreduce_microstep: 1.10 | step_microstep: 53.79
[Rank 0] time (ms) | fwd: 145.11 | bwd: 149.86 | bwd_inner: 148.72 | bwd_allreduce: 1.10 | step: 53.79
[Rank 0] Step 0: loss=11.5450, time=0.613s, alloc_mem=2.78 GB, peak_mem=10.70 GB
[Rank 1] Step 0: loss=11.5385, time=0.837s, alloc_mem=2.78 GB, peak_mem=10.70 GB
[Rank 0] time (ms) | optimizer_allgather: 1.47 | optimizer_gradients: 0.47 | optimizer_step: 1.49
[Rank 0] time (ms) | fwd_microstep: 56.49 | bwd_microstep: 127.83 | bwd_inner_microstep: 126.98 | bwd_allreduce_microstep: 0.80 | step_microstep: 5.25
[Rank 0] time (ms) | fwd: 56.48 | bwd: 127.83 | bwd_inner: 127.00 | bwd_allreduce: 0.80 | step: 5.25
[Rank 0] time (ms) | optimizer_allgather: 1.52 | optimizer_gradients: 0.47 | optimizer_step: 1.49
[Rank 0] time (ms) | fwd_microstep: 56.44 | bwd_microstep: 127.50 | bwd_inner_microstep: 126.67 | bwd_allreduce_microstep: 0.78 | step_microstep: 5.28
[Rank 0] time (ms) | fwd: 56.43 | bwd: 127.50 | bwd_inner: 126.69 | bwd_allreduce: 0.78 | step: 5.29
[Rank 0] time (ms) | optimizer_allgather: 1.52 | optimizer_gradients: 0.47 | optimizer_step: 1.49
[Rank 0] time (ms) | fwd_microstep: 56.66 | bwd_microstep: 127.62 | bwd_inner_microstep: 126.79 | bwd_allreduce_microstep: 0.79 | step_microstep: 5.28
[Rank 0] time (ms) | fwd: 56.65 | bwd: 127.63 | bwd_inner: 126.80 | bwd_allreduce: 0.79 | step: 5.28
[Rank 0] time (ms) | optimizer_allgather: 1.51 | optimizer_gradients: 0.46 | optimizer_step: 1.49
[Rank 0] time (ms) | fwd_microstep: 56.57 | bwd_microstep: 127.61 | bwd_inner_microstep: 126.79 | bwd_allreduce_microstep: 0.76 | step_microstep: 5.25
[Rank 0] time (ms) | fwd: 56.57 | bwd: 127.61 | bwd_inner: 126.81 | bwd_allreduce: 0.76 | step: 5.25
[Rank 0] time (ms) | optimizer_allgather: 1.51 | optimizer_gradients: 0.47 | optimizer_step: 1.49
[Rank 0] time (ms) | fwd_microstep: 56.63 | bwd_microstep: 128.03 | bwd_inner_microstep: 127.17 | bwd_allreduce_microstep: 0.81 | step_microstep: 5.25
[Rank 0] time (ms) | fwd: 56.63 | bwd: 128.04 | bwd_inner: 127.19 | bwd_allreduce: 0.81 | step: 5.25
Local>>>>>> step_time: 0.20008087158203125, dataloading_time : 0.0007882118225097656,forward_time :0.008571624755859375, backward_time: 0.1851503849029541, optim time :0.0055696964263916016
Local>>>>>> step_time: 0.20006060600280762, dataloading_time : 0.0008034706115722656,forward_time :0.00859379768371582, backward_time: 0.18517065048217773, optim time :0.0054912567138671875
[Rank 0] Step 5: loss=3.5333, time=0.200s, alloc_mem=2.78 GB, peak_mem=11.20 GB
[Rank 1] Step 5: loss=3.9891, time=0.200s, alloc_mem=2.78 GB, peak_mem=11.20 GB
[Rank 0] time (ms) | optimizer_allgather: 1.53 | optimizer_gradients: 0.47 | optimizer_step: 1.49
[Rank 0] time (ms) | fwd_microstep: 56.65 | bwd_microstep: 127.65 | bwd_inner_microstep: 126.83 | bwd_allreduce_microstep: 0.77 | step_microstep: 5.28
Local>>>>>> step_time: 0.19980192184448242, dataloading_time : 0.0007758140563964844,forward_time :0.008630990982055664, backward_time: 0.18485069274902344, optim time :0.00554347038269043
[Rank 0] time (ms) | fwd: 56.64 | bwd: 127.66 | bwd_inner: 126.85 | bwd_allreduce: 0.76 | step: 5.29
Local>>>>>> step_time: 0.19987702369689941, dataloading_time : 0.0009050369262695312,forward_time :0.00868535041809082, backward_time: 0.18472552299499512, optim time :0.0055599212646484375
[Rank 1] Step 6: loss=3.0275, time=0.200s, alloc_mem=2.78 GB, peak_mem=11.20 GB
[Rank 0] Step 6: loss=2.7103, time=0.200s, alloc_mem=2.78 GB, peak_mem=11.20 GB

============================================================
[Rank 0] FINAL RESULTS
  Config: configs/bf16_full.json
  Model: hidden_dim=1024, num_layers=12
  Parameters: 254,655,569
  Batch size: 32, Seq length: 512
  Average step time: 0.200s
  Peak memory: 11.20 GB
  Final allocated memory: 2.78 GB
============================================================
SUMMARY: config=configs/bf16_full.json params=254655569 peak_mem_bytes=12029155840 alloc_mem_bytes=2987769856 avg_step_time=0.2000

============================================================
[Rank 1] FINAL RESULTS
  Config: configs/bf16_full.json
  Model: hidden_dim=1024, num_layers=12
  Parameters: 254,655,569
  Batch size: 32, Seq length: 512
  Average step time: 0.200s
  Peak memory: 11.20 GB
  Final allocated memory: 2.78 GB
============================================================
SUMMARY: config=configs/bf16_full.json params=254655569 peak_mem_bytes=12029155840 alloc_mem_bytes=2987769856 avg_step_time=0.1999
[rank0]:[W121 15:30:15.998117615 ProcessGroupNCCL.cpp:1250] Warning: WARNING: process group has NOT been destroyed before we destruct ProcessGroupNCCL. On normal program exit, the application should call destroy_process_group to ensure that any pending NCCL operations have finished in this process. In rare cases this process can exit before this point and block the progress of another member of the process group. This constraint has always been present,  but this warning has only been added since PyTorch 2.4 (function operator())
[2026-01-21 15:30:16,777] [INFO] [launch.py:367:main] Process 1597114 exits successfully.
[2026-01-21 15:30:16,777] [INFO] [launch.py:367:main] Process 1597115 exits successfully.

==============================================
All runs complete. Gathering results...
==============================================
================================================================================
BF16 Low-Precision Master Weights - Memory Usage Comparison
================================================================================

Configuration                            Peak Memory     Reduction       Step Time   
--------------------------------------------------------------------------------
Baseline (fp32 master)                   8.50 GB         -               0.1522s     
bf16_full (master + opt states)          11.20 GB        -31.8%          0.2000s     
--------------------------------------------------------------------------------

Detailed Results:
----------------------------------------

Baseline (fp32 master):
  Parameters: 254,655,569
  Peak Memory: 8.50 GB (9,128,710,144 bytes)
  Allocated Memory: 3.49 GB (3,752,032,768 bytes)
  Avg Step Time: 0.1522s

bf16_full (master + opt states):
  Parameters: 254,655,569
  Peak Memory: 11.20 GB (12,029,155,840 bytes)
  Allocated Memory: 2.78 GB (2,987,769,856 bytes)
  Avg Step Time: 0.2000s

================================================================================

Markdown Table (for README):
----------------------------------------

| Configuration | Peak Memory | Memory Reduction | Avg Step Time |
|---------------|-------------|------------------|---------------|
| Baseline (fp32 master) | 8.50 GB | - | 0.1522s |
| bf16_full (master + opt states) | 11.20 GB | -31.8% | 0.2000s |


Summary saved to: logs/20260121_152921/summary.txt

Results saved to: logs/20260121_152921/summary.txt
==============================================
