==============================================
BF16 Low-Precision Master Weights Memory Test
==============================================
Configuration:
  NUM_GPUS: 2
  NUM_LAYERS: 12
  HIDDEN_DIM: 1024
  BATCH_SIZE: 16
  SEQ_LENGTH: 512
  NUM_STEPS: 7
  LOG_DIR: logs/20260122_095720
==============================================

[1/2] Running BASELINE (bf16 with fp32 master weights/grads/optimizer states)...
----------------------------------------------
Warning: The cache directory for DeepSpeed Triton autotune, /home/bigyang/.triton/autotune, appears to be on an NFS system. While this is generally acceptable, if you experience slowdowns or hanging when DeepSpeed exits, it is recommended to set the TRITON_CACHE_DIR environment variable to a non-NFS path.
[2026-01-22 09:58:14,833] [WARNING] [runner.py:232:fetch_hostfile] Unable to find hostfile, will proceed with training with local resources only.
Detected VISIBLE_DEVICES=0,1 but ignoring it because one or several of --include/--exclude/--num_gpus/--num_nodes cl args were used. If you want to use CUDA_VISIBLE_DEVICES don't pass any of these arguments to deepspeed.
[2026-01-22 09:58:14,833] [INFO] [runner.py:630:main] cmd = /home/bigyang/micromamba/envs/ds-hf/bin/python -u -m deepspeed.launcher.launch --world_info=eyJsb2NhbGhvc3QiOiBbMCwgMV19 --master_addr=127.0.0.1 --master_port=29600 --enable_each_rank_log=None --log_level=info train.py --deepspeed_config configs/baseline.json --loss_log_file logs/baseline_loss.csv --num_layers 12 --hidden_dim 1024 --batch_size 16 --seq_length 512 --num_steps 7 --warmup_steps 5 --activation_checkpointing --use_real_data --seed 42
Warning: The cache directory for DeepSpeed Triton autotune, /home/bigyang/.triton/autotune, appears to be on an NFS system. While this is generally acceptable, if you experience slowdowns or hanging when DeepSpeed exits, it is recommended to set the TRITON_CACHE_DIR environment variable to a non-NFS path.
[2026-01-22 09:58:24,110] [INFO] [launch.py:162:main] WORLD INFO DICT: {'localhost': [0, 1]}
[2026-01-22 09:58:24,110] [INFO] [launch.py:168:main] nnodes=1, num_local_procs=2, node_rank=0
[2026-01-22 09:58:24,110] [INFO] [launch.py:179:main] global_rank_mapping=defaultdict(<class 'list'>, {'localhost': [0, 1]})
[2026-01-22 09:58:24,110] [INFO] [launch.py:180:main] dist_world_size=2
[2026-01-22 09:58:24,110] [INFO] [launch.py:184:main] Setting CUDA_VISIBLE_DEVICES=0,1
[2026-01-22 09:58:24,111] [INFO] [launch.py:272:main] process 16174 spawned with command: ['/home/bigyang/micromamba/envs/ds-hf/bin/python', '-u', 'train.py', '--local_rank=0', '--deepspeed_config', 'configs/baseline.json', '--loss_log_file', 'logs/baseline_loss.csv', '--num_layers', '12', '--hidden_dim', '1024', '--batch_size', '16', '--seq_length', '512', '--num_steps', '7', '--warmup_steps', '5', '--activation_checkpointing', '--use_real_data', '--seed', '42']
[2026-01-22 09:58:24,112] [INFO] [launch.py:272:main] process 16175 spawned with command: ['/home/bigyang/micromamba/envs/ds-hf/bin/python', '-u', 'train.py', '--local_rank=1', '--deepspeed_config', 'configs/baseline.json', '--loss_log_file', 'logs/baseline_loss.csv', '--num_layers', '12', '--hidden_dim', '1024', '--batch_size', '16', '--seq_length', '512', '--num_steps', '7', '--warmup_steps', '5', '--activation_checkpointing', '--use_real_data', '--seed', '42']
Warning: The cache directory for DeepSpeed Triton autotune, /home/bigyang/.triton/autotune, appears to be on an NFS system. While this is generally acceptable, if you experience slowdowns or hanging when DeepSpeed exits, it is recommended to set the TRITON_CACHE_DIR environment variable to a non-NFS path.
Warning: The cache directory for DeepSpeed Triton autotune, /home/bigyang/.triton/autotune, appears to be on an NFS system. While this is generally acceptable, if you experience slowdowns or hanging when DeepSpeed exits, it is recommended to set the TRITON_CACHE_DIR environment variable to a non-NFS path.
[Rank 1] Loading wikitext dataset...[Rank 0] Loading wikitext dataset...

[Rank 0] Dataset loaded: 39531 examples, vocab_size=50257
[Rank 1] Dataset loaded: 39531 examples, vocab_size=50257
[Rank 0] Creating model with hidden_dim=1024, num_layers=12, num_heads=16, vocab_size=50257
[Rank 1] Creating model with hidden_dim=1024, num_layers=12, num_heads=16, vocab_size=50257
[Rank 1] Model parameters: 254,655,569 total, 254,655,569 trainable
[Rank 1] Activation checkpointing enabled
[Rank 0] Model parameters: 254,655,569 total, 254,655,569 trainable
[Rank 0] Activation checkpointing enabled
/home/bigyang/micromamba/envs/ds-hf/lib/python3.11/site-packages/torch/utils/cpp_extension.py:1964: UserWarning: TORCH_CUDA_ARCH_LIST is not set, all archs for visible cards are included for compilation. 
If this is not desired, please set os.environ['TORCH_CUDA_ARCH_LIST'].
  warnings.warn(
Stage 3 initialize beginning
MA 0.47 GB         Max_MA 0.47 GB         CA 0.51 GB         Max_CA 1 GB 
CPU Virtual Memory:  used = 17.32 GB, percent = 1.7%
DeepSpeedZeRoOffload initialize [begin]
MA 0.47 GB         Max_MA 0.67 GB         CA 0.7 GB         Max_CA 1 GB 
CPU Virtual Memory:  used = 17.31 GB, percent = 1.7%
Parameter Offload - Persistent parameters statistics: param_count = 0, numel = 0
DeepSpeedZeRoOffload initialize [end]
MA 0.24 GB         Max_MA 0.52 GB         CA 0.71 GB         Max_CA 1 GB 
CPU Virtual Memory:  used = 17.31 GB, percent = 1.7%
Before creating fp16 partitions
MA 0.24 GB         Max_MA 0.24 GB         CA 0.71 GB         Max_CA 1 GB 
CPU Virtual Memory:  used = 17.31 GB, percent = 1.7%
After creating fp16 partitions: 1
MA 0.24 GB         Max_MA 0.24 GB         CA 0.24 GB         Max_CA 1 GB 
CPU Virtual Memory:  used = 17.31 GB, percent = 1.7%
Before creating fp32 partitions
MA 0.24 GB         Max_MA 0.24 GB         CA 0.24 GB         Max_CA 0 GB 
CPU Virtual Memory:  used = 17.31 GB, percent = 1.7%
After creating fp32 partitions
MA 0.71 GB         Max_MA 1.19 GB         CA 1.19 GB         Max_CA 1 GB 
CPU Virtual Memory:  used = 17.31 GB, percent = 1.7%
Before initializing optimizer states
MA 0.71 GB         Max_MA 0.71 GB         CA 1.19 GB         Max_CA 1 GB 
CPU Virtual Memory:  used = 17.31 GB, percent = 1.7%
After initializing optimizer states
MA 0.71 GB         Max_MA 1.19 GB         CA 1.19 GB         Max_CA 1 GB 
CPU Virtual Memory:  used = 17.31 GB, percent = 1.7%
[Rank 1] DeepSpeed initialized with config: configs/baseline.json
[Rank 1] Memory after init: allocated=1.04 GB, reserved=1.29 GB
After initializing ZeRO optimizer
MA 1.04 GB         Max_MA 1.23 GB         CA 1.29 GB         Max_CA 1 GB 
CPU Virtual Memory:  used = 17.34 GB, percent = 1.7%
[Rank 0] DeepSpeed initialized with config: configs/baseline.json
[Rank 0] Memory after init: allocated=1.04 GB, reserved=1.29 GB
[Rank 0] Step 0: loss=11.5625, time=1.707s, alloc_mem=2.82 GB, peak_mem=4.44 GB
[Rank 1] Step 0: loss=11.5000, time=1.869s, alloc_mem=2.82 GB, peak_mem=4.44 GB
Local>>>>>> step_time: 0.1032266616821289, dataloading_time : 0.0007114410400390625,forward_time :0.02997899055480957, backward_time: 0.06589770317077637, optim time :0.006636857986450195
Local>>>>>> step_time: 0.1032416820526123, dataloading_time : 0.0008904933929443359,forward_time :0.029798269271850586, backward_time: 0.06591129302978516, optim time :0.006639957427978516
[Rank 0] Step 5: loss=3.4062, time=0.103s, alloc_mem=2.82 GB, peak_mem=5.80 GB
[Rank 1] Step 5: loss=3.2500, time=0.103s, alloc_mem=2.82 GB, peak_mem=5.80 GB
Local>>>>>> step_time: 0.10350275039672852, dataloading_time : 0.001073598861694336,forward_time :0.03000187873840332, backward_time: 0.06586551666259766, optim time :0.006560087203979492
Local>>>>>> step_time: 0.10351085662841797, dataloading_time : 0.0007040500640869141,forward_time :0.02975606918334961, backward_time: 0.06648659706115723, optim time :0.006562471389770508
[Rank 0] Step 6: loss=2.8125, time=0.104s, alloc_mem=2.82 GB, peak_mem=5.80 GB
[Rank 1] Step 6: loss=2.8438, time=0.104s, alloc_mem=2.82 GB, peak_mem=5.80 GB

============================================================
[Rank 0] FINAL RESULTS
  Config: configs/baseline.json
  Model: hidden_dim=1024, num_layers=12
  Parameters: 254,655,569
  Batch size: 16, Seq length: 512
  Average step time: 0.103s
  Peak memory: 5.80 GB
  Final allocated memory: 2.82 GB
============================================================
SUMMARY: config=configs/baseline.json params=254655569 peak_mem_bytes=6229877760 alloc_mem_bytes=3028966400 avg_step_time=0.1034

============================================================
[Rank 1] FINAL RESULTS
  Config: configs/baseline.json
  Model: hidden_dim=1024, num_layers=12
  Parameters: 254,655,569
  Batch size: 16, Seq length: 512
  Average step time: 0.103s
  Peak memory: 5.80 GB
  Final allocated memory: 2.82 GB
============================================================
SUMMARY: config=configs/baseline.json params=254655569 peak_mem_bytes=6229877760 alloc_mem_bytes=3028966400 avg_step_time=0.1034
Loss history saved to: logs/baseline_loss.csv
[rank0]:[W122 09:58:57.031414996 ProcessGroupNCCL.cpp:1250] Warning: WARNING: process group has NOT been destroyed before we destruct ProcessGroupNCCL. On normal program exit, the application should call destroy_process_group to ensure that any pending NCCL operations have finished in this process. In rare cases this process can exit before this point and block the progress of another member of the process group. This constraint has always been present,  but this warning has only been added since PyTorch 2.4 (function operator())
[2026-01-22 09:59:00,115] [INFO] [launch.py:367:main] Process 16175 exits successfully.
[2026-01-22 09:59:01,115] [INFO] [launch.py:367:main] Process 16174 exits successfully.

[2/2] Running BF16_FULL (bf16 master weights, gradients, and optimizer states)...
----------------------------------------------
Warning: The cache directory for DeepSpeed Triton autotune, /home/bigyang/.triton/autotune, appears to be on an NFS system. While this is generally acceptable, if you experience slowdowns or hanging when DeepSpeed exits, it is recommended to set the TRITON_CACHE_DIR environment variable to a non-NFS path.
[2026-01-22 09:59:14,706] [WARNING] [runner.py:232:fetch_hostfile] Unable to find hostfile, will proceed with training with local resources only.
Detected VISIBLE_DEVICES=0,1 but ignoring it because one or several of --include/--exclude/--num_gpus/--num_nodes cl args were used. If you want to use CUDA_VISIBLE_DEVICES don't pass any of these arguments to deepspeed.
[2026-01-22 09:59:14,706] [INFO] [runner.py:630:main] cmd = /home/bigyang/micromamba/envs/ds-hf/bin/python -u -m deepspeed.launcher.launch --world_info=eyJsb2NhbGhvc3QiOiBbMCwgMV19 --master_addr=127.0.0.1 --master_port=29600 --enable_each_rank_log=None --log_level=info train.py --deepspeed_config configs/bf16_full.json --loss_log_file logs/bf16_full_loss.csv --num_layers 12 --hidden_dim 1024 --batch_size 16 --seq_length 512 --num_steps 7 --warmup_steps 5 --activation_checkpointing --use_real_data --seed 42
Warning: The cache directory for DeepSpeed Triton autotune, /home/bigyang/.triton/autotune, appears to be on an NFS system. While this is generally acceptable, if you experience slowdowns or hanging when DeepSpeed exits, it is recommended to set the TRITON_CACHE_DIR environment variable to a non-NFS path.
[2026-01-22 09:59:22,023] [INFO] [launch.py:162:main] WORLD INFO DICT: {'localhost': [0, 1]}
[2026-01-22 09:59:22,023] [INFO] [launch.py:168:main] nnodes=1, num_local_procs=2, node_rank=0
[2026-01-22 09:59:22,023] [INFO] [launch.py:179:main] global_rank_mapping=defaultdict(<class 'list'>, {'localhost': [0, 1]})
[2026-01-22 09:59:22,023] [INFO] [launch.py:180:main] dist_world_size=2
[2026-01-22 09:59:22,023] [INFO] [launch.py:184:main] Setting CUDA_VISIBLE_DEVICES=0,1
[2026-01-22 09:59:22,024] [INFO] [launch.py:272:main] process 16843 spawned with command: ['/home/bigyang/micromamba/envs/ds-hf/bin/python', '-u', 'train.py', '--local_rank=0', '--deepspeed_config', 'configs/bf16_full.json', '--loss_log_file', 'logs/bf16_full_loss.csv', '--num_layers', '12', '--hidden_dim', '1024', '--batch_size', '16', '--seq_length', '512', '--num_steps', '7', '--warmup_steps', '5', '--activation_checkpointing', '--use_real_data', '--seed', '42']
[2026-01-22 09:59:22,025] [INFO] [launch.py:272:main] process 16844 spawned with command: ['/home/bigyang/micromamba/envs/ds-hf/bin/python', '-u', 'train.py', '--local_rank=1', '--deepspeed_config', 'configs/bf16_full.json', '--loss_log_file', 'logs/bf16_full_loss.csv', '--num_layers', '12', '--hidden_dim', '1024', '--batch_size', '16', '--seq_length', '512', '--num_steps', '7', '--warmup_steps', '5', '--activation_checkpointing', '--use_real_data', '--seed', '42']
Warning: The cache directory for DeepSpeed Triton autotune, /home/bigyang/.triton/autotune, appears to be on an NFS system. While this is generally acceptable, if you experience slowdowns or hanging when DeepSpeed exits, it is recommended to set the TRITON_CACHE_DIR environment variable to a non-NFS path.
Warning: The cache directory for DeepSpeed Triton autotune, /home/bigyang/.triton/autotune, appears to be on an NFS system. While this is generally acceptable, if you experience slowdowns or hanging when DeepSpeed exits, it is recommended to set the TRITON_CACHE_DIR environment variable to a non-NFS path.
[Rank 1] Loading wikitext dataset...
[Rank 0] Loading wikitext dataset...
Warning: You are sending unauthenticated requests to the HF Hub. Please set a HF_TOKEN to enable higher rate limits and faster downloads.
[Rank 0] Dataset loaded: 39531 examples, vocab_size=50257
[Rank 0] Creating model with hidden_dim=1024, num_layers=12, num_heads=16, vocab_size=50257
[Rank 1] Dataset loaded: 39531 examples, vocab_size=50257
[Rank 1] Creating model with hidden_dim=1024, num_layers=12, num_heads=16, vocab_size=50257
[Rank 0] Model parameters: 254,655,569 total, 254,655,569 trainable
[Rank 0] Activation checkpointing enabled
[Rank 1] Model parameters: 254,655,569 total, 254,655,569 trainable
[Rank 1] Activation checkpointing enabled
/home/bigyang/micromamba/envs/ds-hf/lib/python3.11/site-packages/torch/utils/cpp_extension.py:1964: UserWarning: TORCH_CUDA_ARCH_LIST is not set, all archs for visible cards are included for compilation. 
If this is not desired, please set os.environ['TORCH_CUDA_ARCH_LIST'].
  warnings.warn(
Stage 3 initialize beginning
MA 0.47 GB         Max_MA 0.47 GB         CA 0.51 GB         Max_CA 1 GB 
CPU Virtual Memory:  used = 17.39 GB, percent = 1.7%
DeepSpeedZeRoOffload initialize [begin]
MA 0.47 GB         Max_MA 0.67 GB         CA 0.7 GB         Max_CA 1 GB 
CPU Virtual Memory:  used = 17.44 GB, percent = 1.7%
Parameter Offload - Persistent parameters statistics: param_count = 0, numel = 0
DeepSpeedZeRoOffload initialize [end]
MA 0.24 GB         Max_MA 0.52 GB         CA 0.71 GB         Max_CA 1 GB 
CPU Virtual Memory:  used = 17.44 GB, percent = 1.7%
Before creating fp16 partitions
MA 0.24 GB         Max_MA 0.24 GB         CA 0.71 GB         Max_CA 1 GB 
CPU Virtual Memory:  used = 17.44 GB, percent = 1.7%
After creating fp16 partitions: 1
MA 0.24 GB         Max_MA 0.24 GB         CA 0.24 GB         Max_CA 1 GB 
CPU Virtual Memory:  used = 17.44 GB, percent = 1.7%
Before creating fp32 partitions
MA 0.24 GB         Max_MA 0.24 GB         CA 0.24 GB         Max_CA 0 GB 
CPU Virtual Memory:  used = 17.44 GB, percent = 1.7%
After creating fp32 partitions
MA 0.47 GB         Max_MA 0.47 GB         CA 0.48 GB         Max_CA 0 GB 
CPU Virtual Memory:  used = 17.44 GB, percent = 1.7%
Before initializing optimizer states
MA 0.47 GB         Max_MA 0.47 GB         CA 0.48 GB         Max_CA 0 GB 
CPU Virtual Memory:  used = 17.44 GB, percent = 1.7%
After initializing optimizer states
MA 0.47 GB         Max_MA 0.71 GB         CA 0.72 GB         Max_CA 1 GB 
CPU Virtual Memory:  used = 17.44 GB, percent = 1.7%
[Rank 1] DeepSpeed initialized with config: configs/bf16_full.json
[Rank 1] Memory after init: allocated=0.80 GB, reserved=1.05 GB
After initializing ZeRO optimizer
MA 0.8 GB         Max_MA 1.0 GB         CA 1.05 GB         Max_CA 1 GB 
CPU Virtual Memory:  used = 17.47 GB, percent = 1.7%
[Rank 0] DeepSpeed initialized with config: configs/bf16_full.json
[Rank 0] Memory after init: allocated=0.80 GB, reserved=1.05 GB
[Rank 1] Step 0: loss=11.5168, time=0.836s, alloc_mem=2.11 GB, peak_mem=5.91 GB
[Rank 0] Step 0: loss=11.5624, time=0.570s, alloc_mem=2.11 GB, peak_mem=5.91 GB
Local>>>>>> step_time: 0.12594175338745117, dataloading_time : 0.0008037090301513672,forward_time :0.03087759017944336, backward_time: 0.08782005310058594, optim time :0.0064389705657958984Local>>>>>> step_time: 0.12595510482788086, dataloading_time : 0.0007419586181640625,forward_time :0.030774354934692383, backward_time: 0.08800172805786133, optim time :0.0064351558685302734

[Rank 0] Step 5: loss=3.6746, time=0.126s, alloc_mem=2.11 GB, peak_mem=6.79 GB
[Rank 1] Step 5: loss=3.5174, time=0.126s, alloc_mem=2.11 GB, peak_mem=6.79 GB
Local>>>>>> step_time: 0.1257765293121338, dataloading_time : 0.0006549358367919922,forward_time :0.030997753143310547, backward_time: 0.08776068687438965, optim time :0.006361246109008789
Local>>>>>> step_time: 0.1258070468902588, dataloading_time : 0.0007789134979248047,forward_time :0.030972003936767578, backward_time: 0.08765172958374023, optim time :0.006402492523193359
[Rank 1] Step 6: loss=3.0087, time=0.126s, alloc_mem=2.11 GB, peak_mem=6.79 GB
[Rank 0] Step 6: loss=2.9732, time=0.126s, alloc_mem=2.11 GB, peak_mem=6.79 GB

============================================================
[Rank 1] FINAL RESULTS
  Config: configs/bf16_full.json
  Model: hidden_dim=1024, num_layers=12
  Parameters: 254,655,569
  Batch size: 16, Seq length: 512

============================================================  Average step time: 0.126s

[Rank 0] FINAL RESULTS
  Peak memory: 6.79 GB
  Config: configs/bf16_full.json  Final allocated memory: 2.11 GB

============================================================
  Model: hidden_dim=1024, num_layers=12
SUMMARY: config=configs/bf16_full.json params=254655569 peak_mem_bytes=7295446528 alloc_mem_bytes=2264703488 avg_step_time=0.1259
  Parameters: 254,655,569
  Batch size: 16, Seq length: 512
  Average step time: 0.126s
  Peak memory: 6.79 GB
  Final allocated memory: 2.11 GB
============================================================
SUMMARY: config=configs/bf16_full.json params=254655569 peak_mem_bytes=7295446528 alloc_mem_bytes=2264703488 avg_step_time=0.1259
Loss history saved to: logs/bf16_full_loss.csv
[rank0]:[W122 09:59:46.344494537 ProcessGroupNCCL.cpp:1250] Warning: WARNING: process group has NOT been destroyed before we destruct ProcessGroupNCCL. On normal program exit, the application should call destroy_process_group to ensure that any pending NCCL operations have finished in this process. In rare cases this process can exit before this point and block the progress of another member of the process group. This constraint has always been present,  but this warning has only been added since PyTorch 2.4 (function operator())
[2026-01-22 09:59:48,028] [INFO] [launch.py:367:main] Process 16843 exits successfully.
[2026-01-22 09:59:48,028] [INFO] [launch.py:367:main] Process 16844 exits successfully.

==============================================
All runs complete. Gathering results...
==============================================
================================================================================
BF16 Low-Precision Master Weights - Memory Usage Comparison
================================================================================

Configuration                            Peak Memory     Reduction       Step Time   
--------------------------------------------------------------------------------
Baseline (fp32 master)                   5.80 GB         -               0.1034s     
bf16_full (master + opt states)          6.79 GB         -17.1%          0.1259s     
--------------------------------------------------------------------------------

Detailed Results:
----------------------------------------

Baseline (fp32 master):
  Parameters: 254,655,569
  Peak Memory: 5.80 GB (6,229,877,760 bytes)
  Allocated Memory: 2.82 GB (3,028,966,400 bytes)
  Avg Step Time: 0.1034s

bf16_full (master + opt states):
  Parameters: 254,655,569
  Peak Memory: 6.79 GB (7,295,446,528 bytes)
  Allocated Memory: 2.11 GB (2,264,703,488 bytes)
  Avg Step Time: 0.1259s

================================================================================

Markdown Table (for README):
----------------------------------------

| Configuration | Peak Memory | Memory Reduction | Avg Step Time |
|---------------|-------------|------------------|---------------|
| Baseline (fp32 master) | 5.80 GB | - | 0.1034s |
| bf16_full (master + opt states) | 6.79 GB | -17.1% | 0.1259s |


Summary saved to: logs/20260122_095720/summary.txt

Results saved to: logs/20260122_095720/summary.txt
==============================================
