==============================================
BF16 Low-Precision Master Weights Memory Test
==============================================
Configuration:
  NUM_GPUS: 2
  NUM_LAYERS: 12
  HIDDEN_DIM: 1024
  BATCH_SIZE: 32
  SEQ_LENGTH: 512
  NUM_STEPS: 7
  LOG_DIR: logs/20260121_154320
==============================================

[1/2] Running BASELINE (bf16 with fp32 master weights/grads/optimizer states)...
----------------------------------------------
Warning: The cache directory for DeepSpeed Triton autotune, /home/bigyang/.triton/autotune, appears to be on an NFS system. While this is generally acceptable, if you experience slowdowns or hanging when DeepSpeed exits, it is recommended to set the TRITON_CACHE_DIR environment variable to a non-NFS path.
[2026-01-21 15:43:31,113] [WARNING] [runner.py:232:fetch_hostfile] Unable to find hostfile, will proceed with training with local resources only.
Detected VISIBLE_DEVICES=0,1 but ignoring it because one or several of --include/--exclude/--num_gpus/--num_nodes cl args were used. If you want to use CUDA_VISIBLE_DEVICES don't pass any of these arguments to deepspeed.
[2026-01-21 15:43:31,114] [INFO] [runner.py:630:main] cmd = /home/bigyang/micromamba/envs/ds-hf/bin/python -u -m deepspeed.launcher.launch --world_info=eyJsb2NhbGhvc3QiOiBbMCwgMV19 --master_addr=127.0.0.1 --master_port=29600 --enable_each_rank_log=None --log_level=info train.py --deepspeed_config configs/baseline.json --num_layers 12 --hidden_dim 1024 --batch_size 32 --seq_length 512 --num_steps 7 --warmup_steps 5 --activation_checkpointing --use_real_data --seed 42
Warning: The cache directory for DeepSpeed Triton autotune, /home/bigyang/.triton/autotune, appears to be on an NFS system. While this is generally acceptable, if you experience slowdowns or hanging when DeepSpeed exits, it is recommended to set the TRITON_CACHE_DIR environment variable to a non-NFS path.
[2026-01-21 15:43:36,806] [INFO] [launch.py:162:main] WORLD INFO DICT: {'localhost': [0, 1]}
[2026-01-21 15:43:36,806] [INFO] [launch.py:168:main] nnodes=1, num_local_procs=2, node_rank=0
[2026-01-21 15:43:36,806] [INFO] [launch.py:179:main] global_rank_mapping=defaultdict(<class 'list'>, {'localhost': [0, 1]})
[2026-01-21 15:43:36,806] [INFO] [launch.py:180:main] dist_world_size=2
[2026-01-21 15:43:36,806] [INFO] [launch.py:184:main] Setting CUDA_VISIBLE_DEVICES=0,1
[2026-01-21 15:43:36,806] [INFO] [launch.py:272:main] process 1600585 spawned with command: ['/home/bigyang/micromamba/envs/ds-hf/bin/python', '-u', 'train.py', '--local_rank=0', '--deepspeed_config', 'configs/baseline.json', '--num_layers', '12', '--hidden_dim', '1024', '--batch_size', '32', '--seq_length', '512', '--num_steps', '7', '--warmup_steps', '5', '--activation_checkpointing', '--use_real_data', '--seed', '42']
[2026-01-21 15:43:36,807] [INFO] [launch.py:272:main] process 1600586 spawned with command: ['/home/bigyang/micromamba/envs/ds-hf/bin/python', '-u', 'train.py', '--local_rank=1', '--deepspeed_config', 'configs/baseline.json', '--num_layers', '12', '--hidden_dim', '1024', '--batch_size', '32', '--seq_length', '512', '--num_steps', '7', '--warmup_steps', '5', '--activation_checkpointing', '--use_real_data', '--seed', '42']
Warning: The cache directory for DeepSpeed Triton autotune, /home/bigyang/.triton/autotune, appears to be on an NFS system. While this is generally acceptable, if you experience slowdowns or hanging when DeepSpeed exits, it is recommended to set the TRITON_CACHE_DIR environment variable to a non-NFS path.
Warning: The cache directory for DeepSpeed Triton autotune, /home/bigyang/.triton/autotune, appears to be on an NFS system. While this is generally acceptable, if you experience slowdowns or hanging when DeepSpeed exits, it is recommended to set the TRITON_CACHE_DIR environment variable to a non-NFS path.
[Rank 1] Loading wikitext dataset...
[Rank 0] Loading wikitext dataset...
[Rank 1] Dataset loaded: 39531 examples, vocab_size=50257
[Rank 1] Creating model with hidden_dim=1024, num_layers=12, num_heads=16, vocab_size=50257
[Rank 1] Model parameters: 254,655,569 total, 254,655,569 trainable
[Rank 1] Activation checkpointing enabled
[Rank 0] Dataset loaded: 39531 examples, vocab_size=50257
[Rank 0] Creating model with hidden_dim=1024, num_layers=12, num_heads=16, vocab_size=50257
[Rank 0] Model parameters: 254,655,569 total, 254,655,569 trainable
[Rank 0] Activation checkpointing enabled
/home/bigyang/micromamba/envs/ds-hf/lib/python3.11/site-packages/torch/utils/cpp_extension.py:1964: UserWarning: TORCH_CUDA_ARCH_LIST is not set, all archs for visible cards are included for compilation. 
If this is not desired, please set os.environ['TORCH_CUDA_ARCH_LIST'].
  warnings.warn(
Before initializing optimizer states
MA 1.42 GB         Max_MA 1.42 GB         CA 1.43 GB         Max_CA 1 GB 
CPU Virtual Memory:  used = 31.14 GB, percent = 1.5%
[Rank 1] DeepSpeed initialized with config: configs/baseline.json
[Rank 1] Memory after init: allocated=1.42 GB, reserved=1.90 GB
After initializing optimizer states
MA 1.42 GB         Max_MA 1.9 GB         CA 1.9 GB         Max_CA 2 GB 
CPU Virtual Memory:  used = 30.22 GB, percent = 1.5%
After initializing ZeRO optimizer
MA 1.42 GB         Max_MA 1.42 GB         CA 1.9 GB         Max_CA 2 GB 
CPU Virtual Memory:  used = 30.27 GB, percent = 1.5%
[Rank 0] DeepSpeed initialized with config: configs/baseline.json
[Rank 0] Memory after init: allocated=1.42 GB, reserved=1.90 GB
[Rank 0] time (ms) | optimizer_allgather: 2.63 | optimizer_gradients: 0.68 | optimizer_step: 1.77
[Rank 0] time (ms) | fwd_microstep: 275.01 | bwd_microstep: 534.04 | bwd_inner_microstep: 532.69 | bwd_allreduce_microstep: 1.32 | step_microstep: 66.20
[Rank 0] time (ms) | fwd: 275.00 | bwd: 534.04 | bwd_inner: 532.69 | bwd_allreduce: 1.33 | step: 66.20
[Rank 0] Step 0: loss=11.5428, time=1.093s, alloc_mem=5.50 GB, peak_mem=14.54 GB
[Rank 1] Step 0: loss=11.5365, time=1.403s, alloc_mem=5.50 GB, peak_mem=14.54 GB
[Rank 0] time (ms) | optimizer_allgather: 2.83 | optimizer_gradients: 0.64 | optimizer_step: 1.42
[Rank 0] time (ms) | fwd_microstep: 158.94 | bwd_microstep: 462.07 | bwd_inner_microstep: 460.83 | bwd_allreduce_microstep: 1.19 | step_microstep: 6.70
[Rank 0] time (ms) | fwd: 158.93 | bwd: 462.07 | bwd_inner: 460.84 | bwd_allreduce: 1.19 | step: 6.70
[Rank 0] time (ms) | optimizer_allgather: 2.79 | optimizer_gradients: 0.64 | optimizer_step: 1.41
[Rank 0] time (ms) | fwd_microstep: 159.04 | bwd_microstep: 461.44 | bwd_inner_microstep: 460.21 | bwd_allreduce_microstep: 1.18 | step_microstep: 6.66
[Rank 0] time (ms) | fwd: 159.04 | bwd: 461.44 | bwd_inner: 460.22 | bwd_allreduce: 1.18 | step: 6.66
[Rank 0] time (ms) | optimizer_allgather: 2.75 | optimizer_gradients: 0.64 | optimizer_step: 1.41
[Rank 0] time (ms) | fwd_microstep: 159.03 | bwd_microstep: 461.20 | bwd_inner_microstep: 459.97 | bwd_allreduce_microstep: 1.18 | step_microstep: 6.60
[Rank 0] time (ms) | fwd: 159.02 | bwd: 461.20 | bwd_inner: 459.98 | bwd_allreduce: 1.18 | step: 6.60
[Rank 0] time (ms) | optimizer_allgather: 2.78 | optimizer_gradients: 0.64 | optimizer_step: 1.41
[Rank 0] time (ms) | fwd_microstep: 158.99 | bwd_microstep: 461.69 | bwd_inner_microstep: 460.46 | bwd_allreduce_microstep: 1.17 | step_microstep: 6.63
[Rank 0] time (ms) | fwd: 158.98 | bwd: 461.69 | bwd_inner: 460.48 | bwd_allreduce: 1.17 | step: 6.64
[Rank 0] time (ms) | optimizer_allgather: 2.80 | optimizer_gradients: 0.64 | optimizer_step: 1.41
[Rank 0] time (ms) | fwd_microstep: 158.88 | bwd_microstep: 463.12 | bwd_inner_microstep: 461.86 | bwd_allreduce_microstep: 1.20 | step_microstep: 6.65
Local>>>>>> step_time: 0.6381573677062988, dataloading_time : 0.0013256072998046875,forward_time :0.0069582462310791016, backward_time: 0.6229016780853271, optim time :0.006970405578613281
[Rank 0] time (ms) | fwd: 158.87 | bwd: 463.12 | bwd_inner: 461.88 | bwd_allreduce: 1.20 | step: 6.65
Local>>>>>> step_time: 0.6381611824035645, dataloading_time : 0.0010499954223632812,forward_time :0.0068874359130859375, backward_time: 0.6232950687408447, optim time :0.0069255828857421875
[Rank 0] Step 5: loss=3.6600, time=0.638s, alloc_mem=5.50 GB, peak_mem=15.52 GB
[Rank 1] Step 5: loss=4.1302, time=0.638s, alloc_mem=5.50 GB, peak_mem=15.52 GB
[Rank 0] time (ms) | optimizer_allgather: 2.87 | optimizer_gradients: 0.64 | optimizer_step: 1.42
[Rank 0] time (ms) | fwd_microstep: 158.95 | bwd_microstep: 462.56 | bwd_inner_microstep: 461.34 | bwd_allreduce_microstep: 1.17 | step_microstep: 6.74
Local>>>>>> step_time: 0.6376233100891113, dataloading_time : 0.001176595687866211,forward_time :0.00718998908996582, backward_time: 0.6222035884857178, optim time :0.007051229476928711
[Rank 0] time (ms) | fwd: 158.94 | bwd: 462.56 | bwd_inner: 461.35 | bwd_allreduce: 1.17 | step: 6.74
Local>>>>>> step_time: 0.6377360820770264, dataloading_time : 0.0010433197021484375,forward_time :0.0071256160736083984, backward_time: 0.6225781440734863, optim time :0.006987333297729492
[Rank 1] Step 6: loss=3.0935, time=0.638s, alloc_mem=5.50 GB, peak_mem=15.52 GB
[Rank 0] Step 6: loss=2.7692, time=0.638s, alloc_mem=5.50 GB, peak_mem=15.52 GB

============================================================
[Rank 0] FINAL RESULTS
  Config: configs/baseline.json
  Model: hidden_dim=1024, num_layers=12
  Parameters: 254,655,569
  Batch size: 32, Seq length: 512
  Average step time: 0.638s
  Peak memory: 15.52 GB
  Final allocated memory: 5.50 GB
============================================================
SUMMARY: config=configs/baseline.json params=254655569 peak_mem_bytes=16665743360 alloc_mem_bytes=5909445120 avg_step_time=0.6379

============================================================
[Rank 1] FINAL RESULTS
  Config: configs/baseline.json
  Model: hidden_dim=1024, num_layers=12
  Parameters: 254,655,569
  Batch size: 32, Seq length: 512
  Average step time: 0.638s
  Peak memory: 15.52 GB
  Final allocated memory: 5.50 GB
============================================================
SUMMARY: config=configs/baseline.json params=254655569 peak_mem_bytes=16665743360 alloc_mem_bytes=5909445120 avg_step_time=0.6379
[rank0]:[W121 15:43:57.839795606 ProcessGroupNCCL.cpp:1250] Warning: WARNING: process group has NOT been destroyed before we destruct ProcessGroupNCCL. On normal program exit, the application should call destroy_process_group to ensure that any pending NCCL operations have finished in this process. In rare cases this process can exit before this point and block the progress of another member of the process group. This constraint has always been present,  but this warning has only been added since PyTorch 2.4 (function operator())
[2026-01-21 15:43:58,809] [INFO] [launch.py:367:main] Process 1600586 exits successfully.
[2026-01-21 15:43:58,810] [INFO] [launch.py:367:main] Process 1600585 exits successfully.

[2/2] Running BF16_FULL (bf16 master weights, gradients, and optimizer states)...
----------------------------------------------
Warning: The cache directory for DeepSpeed Triton autotune, /home/bigyang/.triton/autotune, appears to be on an NFS system. While this is generally acceptable, if you experience slowdowns or hanging when DeepSpeed exits, it is recommended to set the TRITON_CACHE_DIR environment variable to a non-NFS path.
[2026-01-21 15:44:08,210] [WARNING] [runner.py:232:fetch_hostfile] Unable to find hostfile, will proceed with training with local resources only.
Detected VISIBLE_DEVICES=0,1 but ignoring it because one or several of --include/--exclude/--num_gpus/--num_nodes cl args were used. If you want to use CUDA_VISIBLE_DEVICES don't pass any of these arguments to deepspeed.
[2026-01-21 15:44:08,211] [INFO] [runner.py:630:main] cmd = /home/bigyang/micromamba/envs/ds-hf/bin/python -u -m deepspeed.launcher.launch --world_info=eyJsb2NhbGhvc3QiOiBbMCwgMV19 --master_addr=127.0.0.1 --master_port=29600 --enable_each_rank_log=None --log_level=info train.py --deepspeed_config configs/bf16_full.json --num_layers 12 --hidden_dim 1024 --batch_size 32 --seq_length 512 --num_steps 7 --warmup_steps 5 --activation_checkpointing --use_real_data --seed 42
Warning: The cache directory for DeepSpeed Triton autotune, /home/bigyang/.triton/autotune, appears to be on an NFS system. While this is generally acceptable, if you experience slowdowns or hanging when DeepSpeed exits, it is recommended to set the TRITON_CACHE_DIR environment variable to a non-NFS path.
[2026-01-21 15:44:14,972] [INFO] [launch.py:162:main] WORLD INFO DICT: {'localhost': [0, 1]}
[2026-01-21 15:44:14,972] [INFO] [launch.py:168:main] nnodes=1, num_local_procs=2, node_rank=0
[2026-01-21 15:44:14,972] [INFO] [launch.py:179:main] global_rank_mapping=defaultdict(<class 'list'>, {'localhost': [0, 1]})
[2026-01-21 15:44:14,972] [INFO] [launch.py:180:main] dist_world_size=2
[2026-01-21 15:44:14,972] [INFO] [launch.py:184:main] Setting CUDA_VISIBLE_DEVICES=0,1
[2026-01-21 15:44:14,973] [INFO] [launch.py:272:main] process 1601211 spawned with command: ['/home/bigyang/micromamba/envs/ds-hf/bin/python', '-u', 'train.py', '--local_rank=0', '--deepspeed_config', 'configs/bf16_full.json', '--num_layers', '12', '--hidden_dim', '1024', '--batch_size', '32', '--seq_length', '512', '--num_steps', '7', '--warmup_steps', '5', '--activation_checkpointing', '--use_real_data', '--seed', '42']
[2026-01-21 15:44:14,973] [INFO] [launch.py:272:main] process 1601212 spawned with command: ['/home/bigyang/micromamba/envs/ds-hf/bin/python', '-u', 'train.py', '--local_rank=1', '--deepspeed_config', 'configs/bf16_full.json', '--num_layers', '12', '--hidden_dim', '1024', '--batch_size', '32', '--seq_length', '512', '--num_steps', '7', '--warmup_steps', '5', '--activation_checkpointing', '--use_real_data', '--seed', '42']
Warning: The cache directory for DeepSpeed Triton autotune, /home/bigyang/.triton/autotune, appears to be on an NFS system. While this is generally acceptable, if you experience slowdowns or hanging when DeepSpeed exits, it is recommended to set the TRITON_CACHE_DIR environment variable to a non-NFS path.
Warning: The cache directory for DeepSpeed Triton autotune, /home/bigyang/.triton/autotune, appears to be on an NFS system. While this is generally acceptable, if you experience slowdowns or hanging when DeepSpeed exits, it is recommended to set the TRITON_CACHE_DIR environment variable to a non-NFS path.
[Rank 0] Loading wikitext dataset...
[Rank 1] Loading wikitext dataset...
[Rank 1] Dataset loaded: 39531 examples, vocab_size=50257
[Rank 1] Creating model with hidden_dim=1024, num_layers=12, num_heads=16, vocab_size=50257
[Rank 0] Dataset loaded: 39531 examples, vocab_size=50257
[Rank 0] Creating model with hidden_dim=1024, num_layers=12, num_heads=16, vocab_size=50257
[Rank 1] Model parameters: 254,655,569 total, 254,655,569 trainable
[Rank 1] Activation checkpointing enabled
[Rank 0] Model parameters: 254,655,569 total, 254,655,569 trainable
[Rank 0] Activation checkpointing enabled
/home/bigyang/micromamba/envs/ds-hf/lib/python3.11/site-packages/torch/utils/cpp_extension.py:1964: UserWarning: TORCH_CUDA_ARCH_LIST is not set, all archs for visible cards are included for compilation. 
If this is not desired, please set os.environ['TORCH_CUDA_ARCH_LIST'].
  warnings.warn(
[Rank 1] DeepSpeed initialized with config: configs/bf16_full.json
[Rank 1] Memory after init: allocated=0.95 GB, reserved=1.66 GB
Before initializing optimizer states
MA 0.95 GB         Max_MA 1.19 GB         CA 1.19 GB         Max_CA 1 GB 
CPU Virtual Memory:  used = 30.1 GB, percent = 1.5%
After initializing optimizer states
MA 0.95 GB         Max_MA 1.42 GB         CA 1.66 GB         Max_CA 2 GB 
CPU Virtual Memory:  used = 30.12 GB, percent = 1.5%
After initializing ZeRO optimizer
MA 0.95 GB         Max_MA 0.95 GB         CA 1.66 GB         Max_CA 2 GB 
CPU Virtual Memory:  used = 30.12 GB, percent = 1.5%
[Rank 0] DeepSpeed initialized with config: configs/bf16_full.json
[Rank 0] Memory after init: allocated=0.95 GB, reserved=1.66 GB
[Rank 0] time (ms) | optimizer_allgather: 5.90 | optimizer_gradients: 0.93 | optimizer_step: 1.79
[Rank 0] time (ms) | fwd_microstep: 135.52 | bwd_microstep: 138.08 | bwd_inner_microstep: 136.86 | bwd_allreduce_microstep: 1.19 | step_microstep: 47.22
[Rank 0] time (ms) | fwd: 135.51 | bwd: 138.09 | bwd_inner: 136.86 | bwd_allreduce: 1.20 | step: 47.22
[Rank 0] Step 0: loss=11.5450, time=0.446s, alloc_mem=3.49 GB, peak_mem=10.93 GB
[Rank 1] Step 0: loss=11.5385, time=1.219s, alloc_mem=3.49 GB, peak_mem=10.93 GB
[Rank 0] time (ms) | optimizer_allgather: 1.52 | optimizer_gradients: 0.91 | optimizer_step: 1.46
[Rank 0] time (ms) | fwd_microstep: 56.41 | bwd_microstep: 128.58 | bwd_inner_microstep: 127.75 | bwd_allreduce_microstep: 0.78 | step_microstep: 5.73
[Rank 0] time (ms) | fwd: 56.41 | bwd: 128.59 | bwd_inner: 127.77 | bwd_allreduce: 0.78 | step: 5.73
[Rank 0] time (ms) | optimizer_allgather: 1.50 | optimizer_gradients: 0.91 | optimizer_step: 1.46
[Rank 0] time (ms) | fwd_microstep: 56.39 | bwd_microstep: 127.27 | bwd_inner_microstep: 126.46 | bwd_allreduce_microstep: 0.77 | step_microstep: 5.68
[Rank 0] time (ms) | fwd: 56.39 | bwd: 127.27 | bwd_inner: 126.47 | bwd_allreduce: 0.77 | step: 5.68
[Rank 0] time (ms) | optimizer_allgather: 1.49 | optimizer_gradients: 0.91 | optimizer_step: 1.46
[Rank 0] time (ms) | fwd_microstep: 56.34 | bwd_microstep: 128.63 | bwd_inner_microstep: 127.81 | bwd_allreduce_microstep: 0.76 | step_microstep: 5.69
[Rank 0] time (ms) | fwd: 56.34 | bwd: 128.64 | bwd_inner: 127.82 | bwd_allreduce: 0.76 | step: 5.69
[Rank 0] time (ms) | optimizer_allgather: 1.49 | optimizer_gradients: 0.91 | optimizer_step: 1.47
[Rank 0] time (ms) | fwd_microstep: 56.55 | bwd_microstep: 127.57 | bwd_inner_microstep: 126.73 | bwd_allreduce_microstep: 0.78 | step_microstep: 5.69
[Rank 0] time (ms) | fwd: 56.55 | bwd: 127.57 | bwd_inner: 126.75 | bwd_allreduce: 0.78 | step: 5.69
[Rank 0] time (ms) | optimizer_allgather: 1.46 | optimizer_gradients: 0.91 | optimizer_step: 1.47
[Rank 0] time (ms) | fwd_microstep: 56.61 | bwd_microstep: 127.84 | bwd_inner_microstep: 126.99 | bwd_allreduce_microstep: 0.79 | step_microstep: 5.64
Local>>>>>> step_time: 0.20017600059509277, dataloading_time : 0.0007755756378173828,forward_time :0.008622884750366211, backward_time: 0.18487930297851562, optim time :0.005896806716918945
[Rank 0] time (ms) | fwd: 56.60 | bwd: 127.84 | bwd_inner: 127.01 | bwd_allreduce: 0.79 | step: 5.65
Local>>>>>> step_time: 0.20022916793823242, dataloading_time : 0.0007495880126953125,forward_time :0.008474111557006836, backward_time: 0.1850719451904297, optim time :0.0059320926666259766
[Rank 1] Step 5: loss=3.9816, time=0.200s, alloc_mem=3.49 GB, peak_mem=11.91 GB
[Rank 0] Step 5: loss=3.5370, time=0.200s, alloc_mem=3.49 GB, peak_mem=11.91 GB
[Rank 0] time (ms) | optimizer_allgather: 1.47 | optimizer_gradients: 0.91 | optimizer_step: 1.46
[Rank 0] time (ms) | fwd_microstep: 56.51 | bwd_microstep: 127.73 | bwd_inner_microstep: 126.93 | bwd_allreduce_microstep: 0.75 | step_microstep: 5.69
Local>>>>>> step_time: 0.19998788833618164, dataloading_time : 0.0008051395416259766,forward_time :0.008607149124145508, backward_time: 0.18465042114257812, optim time :0.005923748016357422
[Rank 0] time (ms) | fwd: 56.50 | bwd: 127.73 | bwd_inner: 126.94 | bwd_allreduce: 0.75 | step: 5.69
Local>>>>>> step_time: 0.19995903968811035, dataloading_time : 0.0006480216979980469,forward_time :0.008676767349243164, backward_time: 0.18466591835021973, optim time :0.0059664249420166016
[Rank 1] Step 6: loss=2.9834, time=0.200s, alloc_mem=3.49 GB, peak_mem=11.91 GB
[Rank 0] Step 6: loss=2.6745, time=0.200s, alloc_mem=3.49 GB, peak_mem=11.91 GB

============================================================
[Rank 0] FINAL RESULTS
  Config: configs/bf16_full.json
  Model: hidden_dim=1024, num_layers=12
  Parameters: 254,655,569
  Batch size: 32, Seq length: 512
  Average step time: 0.200s
  Peak memory: 11.91 GB
  Final allocated memory: 3.49 GB
============================================================
SUMMARY: config=configs/bf16_full.json params=254655569 peak_mem_bytes=12793418752 alloc_mem_bytes=3752032768 avg_step_time=0.2001

============================================================
[Rank 1] FINAL RESULTS
  Config: configs/bf16_full.json
  Model: hidden_dim=1024, num_layers=12
  Parameters: 254,655,569
  Batch size: 32, Seq length: 512
  Average step time: 0.200s
  Peak memory: 11.91 GB
  Final allocated memory: 3.49 GB
============================================================
SUMMARY: config=configs/bf16_full.json params=254655569 peak_mem_bytes=12793418752 alloc_mem_bytes=3752032768 avg_step_time=0.2001
[rank0]:[W121 15:44:29.079640065 ProcessGroupNCCL.cpp:1250] Warning: WARNING: process group has NOT been destroyed before we destruct ProcessGroupNCCL. On normal program exit, the application should call destroy_process_group to ensure that any pending NCCL operations have finished in this process. In rare cases this process can exit before this point and block the progress of another member of the process group. This constraint has always been present,  but this warning has only been added since PyTorch 2.4 (function operator())
[2026-01-21 15:44:30,975] [INFO] [launch.py:367:main] Process 1601212 exits successfully.
[2026-01-21 15:44:30,975] [INFO] [launch.py:367:main] Process 1601211 exits successfully.

==============================================
All runs complete. Gathering results...
==============================================
================================================================================
BF16 Low-Precision Master Weights - Memory Usage Comparison
================================================================================

Configuration                            Peak Memory     Reduction       Step Time   
--------------------------------------------------------------------------------
Baseline (fp32 master)                   15.52 GB        -               0.6379s     
bf16_full (master + opt states)          11.91 GB        +23.2%          0.2001s     
--------------------------------------------------------------------------------

Detailed Results:
----------------------------------------

Baseline (fp32 master):
  Parameters: 254,655,569
  Peak Memory: 15.52 GB (16,665,743,360 bytes)
  Allocated Memory: 5.50 GB (5,909,445,120 bytes)
  Avg Step Time: 0.6379s

bf16_full (master + opt states):
  Parameters: 254,655,569
  Peak Memory: 11.91 GB (12,793,418,752 bytes)
  Allocated Memory: 3.49 GB (3,752,032,768 bytes)
  Avg Step Time: 0.2001s

================================================================================

Markdown Table (for README):
----------------------------------------

| Configuration | Peak Memory | Memory Reduction | Avg Step Time |
|---------------|-------------|------------------|---------------|
| Baseline (fp32 master) | 15.52 GB | - | 0.6379s |
| bf16_full (master + opt states) | 11.91 GB | +23.2% | 0.2001s |


Summary saved to: logs/20260121_154320/summary.txt

Results saved to: logs/20260121_154320/summary.txt
==============================================
