0: W0403 15:50:00.286000 863369 site-packages/torch/distributed/run.py:793] 
0: W0403 15:50:00.286000 863369 site-packages/torch/distributed/run.py:793] *****************************************
0: W0403 15:50:00.286000 863369 site-packages/torch/distributed/run.py:793] Setting OMP_NUM_THREADS environment variable for each process to be 1 in default, to avoid your system being overloaded, please further tune the variable for optimal performance in your application as needed. 
0: W0403 15:50:00.286000 863369 site-packages/torch/distributed/run.py:793] *****************************************
1: W0403 15:50:00.384000 535141 site-packages/torch/distributed/run.py:793] 
1: W0403 15:50:00.384000 535141 site-packages/torch/distributed/run.py:793] *****************************************
1: W0403 15:50:00.384000 535141 site-packages/torch/distributed/run.py:793] Setting OMP_NUM_THREADS environment variable for each process to be 1 in default, to avoid your system being overloaded, please further tune the variable for optimal performance in your application as needed. 
1: W0403 15:50:00.384000 535141 site-packages/torch/distributed/run.py:793] *****************************************
0: /home/bigyang/.local/share/mamba/envs/ds-hf/lib/python3.11/site-packages/torch/utils/cpp_extension.py:1964: UserWarning: TORCH_CUDA_ARCH_LIST is not set, all archs for visible cards are included for compilation. 
0: If this is not desired, please set os.environ['TORCH_CUDA_ARCH_LIST'].
0:   warnings.warn(
1: /home/bigyang/.local/share/mamba/envs/ds-hf/lib/python3.11/site-packages/torch/utils/cpp_extension.py:1964: UserWarning: TORCH_CUDA_ARCH_LIST is not set, all archs for visible cards are included for compilation. 
1: If this is not desired, please set os.environ['TORCH_CUDA_ARCH_LIST'].
1:   warnings.warn(
srun: Job step aborted: Waiting up to 32 seconds for job step to finish.
slurmstepd-hades: error: *** JOB 1360 ON hades CANCELLED AT 2026-04-03T15:50:17 ***
0: slurmstepd-hades: error: *** STEP 1360.0 ON hades CANCELLED AT 2026-04-03T15:50:17 ***
1: W0403 15:50:17.350000 535141 site-packages/torch/distributed/elastic/agent/server/api.py:704] Received 15 death signal, shutting down workers
1: W0403 15:50:17.350000 535141 site-packages/torch/distributed/elastic/multiprocessing/api.py:897] Sending process 535278 closing signal SIGTERM
0: W0403 15:50:17.351000 863369 site-packages/torch/distributed/elastic/agent/server/api.py:704] Received 15 death signal, shutting down workers
1: W0403 15:50:17.352000 535141 site-packages/torch/distributed/elastic/multiprocessing/api.py:897] Sending process 535279 closing signal SIGTERM
0: W0403 15:50:17.352000 863369 site-packages/torch/distributed/elastic/multiprocessing/api.py:897] Sending process 863507 closing signal SIGTERM
0: W0403 15:50:17.352000 863369 site-packages/torch/distributed/elastic/multiprocessing/api.py:897] Sending process 863508 closing signal SIGTERM
