/var/spool/slurm/d/job01359/slurm_script: line 32: train_gpt_ulysses.py --seq_length ${SEQUENCE_LENGTH} --seq_parallel_size ${NUM_NODES*GPUS_PER_NODE}: bad substitution
0: usage: torchrun [-h] [--nnodes NNODES] [--nproc-per-node NPROC_PER_NODE]
0:                 [--rdzv-backend RDZV_BACKEND] [--rdzv-endpoint RDZV_ENDPOINT]
0:                 [--rdzv-id RDZV_ID] [--rdzv-conf RDZV_CONF] [--standalone]
0:                 [--max-restarts MAX_RESTARTS]
0:                 [--monitor-interval MONITOR_INTERVAL]
0:                 [--start-method {spawn,fork,forkserver}] [--role ROLE] [-m]
0:                 [--no-python] [--run-path] [--log-dir LOG_DIR] [-r REDIRECTS]
0:                 [-t TEE] [--local-ranks-filter LOCAL_RANKS_FILTER]
0:                 [--node-rank NODE_RANK] [--master-addr MASTER_ADDR]
0:                 [--master-port MASTER_PORT] [--local-addr LOCAL_ADDR]
0:                 [--logs-specs LOGS_SPECS]
0:                 training_script ...
0: torchrun: error: the following arguments are required: training_script, training_script_args
1: usage: torchrun [-h] [--nnodes NNODES] [--nproc-per-node NPROC_PER_NODE]
1:                 [--rdzv-backend RDZV_BACKEND] [--rdzv-endpoint RDZV_ENDPOINT]
1:                 [--rdzv-id RDZV_ID] [--rdzv-conf RDZV_CONF] [--standalone]
1:                 [--max-restarts MAX_RESTARTS]
1:                 [--monitor-interval MONITOR_INTERVAL]
1:                 [--start-method {spawn,fork,forkserver}] [--role ROLE] [-m]
1:                 [--no-python] [--run-path] [--log-dir LOG_DIR] [-r REDIRECTS]
1:                 [-t TEE] [--local-ranks-filter LOCAL_RANKS_FILTER]
1:                 [--node-rank NODE_RANK] [--master-addr MASTER_ADDR]
1:                 [--master-port MASTER_PORT] [--local-addr LOCAL_ADDR]
1:                 [--logs-specs LOGS_SPECS]
1:                 training_script ...
1: torchrun: error: the following arguments are required: training_script, training_script_args
srun: error: hades: task 0: Exited with exit code 2
srun: error: hercules: task 1: Exited with exit code 2
