0: Warning: The cache directory for DeepSpeed Triton autotune, /home/bigyang/.triton/autotune, appears to be on an NFS system. While this is generally acceptable, if you experience slowdowns or hanging when DeepSpeed exits, it is recommended to set the TRITON_CACHE_DIR environment variable to a non-NFS path.
0: Warning: The cache directory for DeepSpeed Triton autotune, /home/bigyang/.triton/autotune, appears to be on an NFS system. While this is generally acceptable, if you experience slowdowns or hanging when DeepSpeed exits, it is recommended to set the TRITON_CACHE_DIR environment variable to a non-NFS path.
1: Warning: The cache directory for DeepSpeed Triton autotune, /home/bigyang/.triton/autotune, appears to be on an NFS system. While this is generally acceptable, if you experience slowdowns or hanging when DeepSpeed exits, it is recommended to set the TRITON_CACHE_DIR environment variable to a non-NFS path.
1: Warning: The cache directory for DeepSpeed Triton autotune, /home/bigyang/.triton/autotune, appears to be on an NFS system. While this is generally acceptable, if you experience slowdowns or hanging when DeepSpeed exits, it is recommended to set the TRITON_CACHE_DIR environment variable to a non-NFS path.
1: Warning: The cache directory for DeepSpeed Triton autotune, /home/bigyang/.triton/autotune, appears to be on an NFS system. While this is generally acceptable, if you experience slowdowns or hanging when DeepSpeed exits, it is recommended to set the TRITON_CACHE_DIR environment variable to a non-NFS path.
0: Warning: The cache directory for DeepSpeed Triton autotune, /home/bigyang/.triton/autotune, appears to be on an NFS system. While this is generally acceptable, if you experience slowdowns or hanging when DeepSpeed exits, it is recommended to set the TRITON_CACHE_DIR environment variable to a non-NFS path.
0: Warning: The cache directory for DeepSpeed Triton autotune, /home/bigyang/.triton/autotune, appears to be on an NFS system. While this is generally acceptable, if you experience slowdowns or hanging when DeepSpeed exits, it is recommended to set the TRITON_CACHE_DIR environment variable to a non-NFS path.
1: Warning: The cache directory for DeepSpeed Triton autotune, /home/bigyang/.triton/autotune, appears to be on an NFS system. While this is generally acceptable, if you experience slowdowns or hanging when DeepSpeed exits, it is recommended to set the TRITON_CACHE_DIR environment variable to a non-NFS path.
0: Training with Sequence Length: 256
0: Training with Sequence Length: 256
0: Training with Sequence Length: 256
0: Training with Sequence Length: 256
1: Training with Sequence Length: 256
1: Training with Sequence Length: 256
1: Training with Sequence Length: 256
1: Training with Sequence Length: 256
0: gradient checkpointing enabled: True
0: gradient checkpointing enabled: True
0: gradient checkpointing enabled: True
1: gradient checkpointing enabled: True
0: gradient checkpointing enabled: True
1: gradient checkpointing enabled: True
1: gradient checkpointing enabled: True
1: gradient checkpointing enabled: True
0: Before initializing optimizer states
0: MA 2.59 GB         Max_MA 4.61 GB         CA 4.61 GB         Max_CA 5 GB 
0: CPU Virtual Memory:  used = 21.75 GB, percent = 2.2%
0: After initializing optimizer states
0: MA 2.59 GB         Max_MA 2.88 GB         CA 4.9 GB         Max_CA 5 GB 
0: CPU Virtual Memory:  used = 21.75 GB, percent = 2.2%
0: After initializing ZeRO optimizer
0: MA 2.59 GB         Max_MA 2.59 GB         CA 4.9 GB         Max_CA 5 GB 
0: CPU Virtual Memory:  used = 21.77 GB, percent = 2.2%
0: [Rank 3] Loading wikitext dataset...[Rank 1] Loading wikitext dataset...[Rank 2] Loading wikitext dataset...
0: 
0: 
0: [Rank 0] Loading wikitext dataset...
1: [Rank 5] Loading wikitext dataset...
1: [Rank 4] Loading wikitext dataset...
1: [Rank 7] Loading wikitext dataset...
1: [Rank 6] Loading wikitext dataset...
0: [Rank 2] Packed dataset: 22744 chunks of 256 tokens
0: [Rank 3] Packed dataset: 22744 chunks of 256 tokens
1: [Rank 7] Packed dataset: 22744 chunks of 256 tokens
1: [Rank 4] Packed dataset: 22744 chunks of 256 tokens
1: [Rank 6] Packed dataset: 22744 chunks of 256 tokens
0: [Rank 1] Packed dataset: 22744 chunks of 256 tokens
0: [Rank 0] Packed dataset: 22744 chunks of 256 tokens
1: [Rank 5] Packed dataset: 22744 chunks of 256 tokens
0: Iteration 0: loss=3.1327
0: Iteration 1: loss=14.2659
0: Iteration 2: loss=8.9584
0: Iteration 3: loss=13.1959
0: Iteration 4: loss=15.7337
0: Iteration 5: loss=13.7705
0: Iteration 6: loss=10.9872
0: Iteration 7: loss=9.8498
0: Iteration 8: loss=10.5471
0: Iteration 9: loss=9.6435
0: Iteration 10: loss=9.5072
0: Iteration 11: loss=8.5499
