0: Warning: The cache directory for DeepSpeed Triton autotune, /home/bigyang/.triton/autotune, appears to be on an NFS system. While this is generally acceptable, if you experience slowdowns or hanging when DeepSpeed exits, it is recommended to set the TRITON_CACHE_DIR environment variable to a non-NFS path.
0: Warning: The cache directory for DeepSpeed Triton autotune, /home/bigyang/.triton/autotune, appears to be on an NFS system. While this is generally acceptable, if you experience slowdowns or hanging when DeepSpeed exits, it is recommended to set the TRITON_CACHE_DIR environment variable to a non-NFS path.
0: Warning: The cache directory for DeepSpeed Triton autotune, /home/bigyang/.triton/autotune, appears to be on an NFS system. While this is generally acceptable, if you experience slowdowns or hanging when DeepSpeed exits, it is recommended to set the TRITON_CACHE_DIR environment variable to a non-NFS path.
1: Warning: The cache directory for DeepSpeed Triton autotune, /home/bigyang/.triton/autotune, appears to be on an NFS system. While this is generally acceptable, if you experience slowdowns or hanging when DeepSpeed exits, it is recommended to set the TRITON_CACHE_DIR environment variable to a non-NFS path.
1: Warning: The cache directory for DeepSpeed Triton autotune, /home/bigyang/.triton/autotune, appears to be on an NFS system. While this is generally acceptable, if you experience slowdowns or hanging when DeepSpeed exits, it is recommended to set the TRITON_CACHE_DIR environment variable to a non-NFS path.
1: Warning: The cache directory for DeepSpeed Triton autotune, /home/bigyang/.triton/autotune, appears to be on an NFS system. While this is generally acceptable, if you experience slowdowns or hanging when DeepSpeed exits, it is recommended to set the TRITON_CACHE_DIR environment variable to a non-NFS path.
1: Warning: The cache directory for DeepSpeed Triton autotune, /home/bigyang/.triton/autotune, appears to be on an NFS system. While this is generally acceptable, if you experience slowdowns or hanging when DeepSpeed exits, it is recommended to set the TRITON_CACHE_DIR environment variable to a non-NFS path.
0: Warning: The cache directory for DeepSpeed Triton autotune, /home/bigyang/.triton/autotune, appears to be on an NFS system. While this is generally acceptable, if you experience slowdowns or hanging when DeepSpeed exits, it is recommended to set the TRITON_CACHE_DIR environment variable to a non-NFS path.
0: Training with Sequence Length: 256 Sequence parallel size: 2
0: Training with Sequence Length: 256 Sequence parallel size: 2
1: Training with Sequence Length: 256 Sequence parallel size: 2
1: Training with Sequence Length: 256 Sequence parallel size: 2
1: Training with Sequence Length: 256 Sequence parallel size: 2
0: Training with Sequence Length: 256 Sequence parallel size: 2
1: Training with Sequence Length: 256 Sequence parallel size: 2
0: Training with Sequence Length: 256 Sequence parallel size: 2
0: gradient checkpointing enabled: True
0: gradient checkpointing enabled: True
1: gradient checkpointing enabled: True
1: gradient checkpointing enabled: True
1: gradient checkpointing enabled: True
0: gradient checkpointing enabled: True
1: gradient checkpointing enabled: True
0: gradient checkpointing enabled: True
0: Before initializing optimizer states
0: MA 2.59 GB         Max_MA 4.61 GB         CA 4.61 GB         Max_CA 5 GB 
0: CPU Virtual Memory:  used = 21.52 GB, percent = 2.1%
0: After initializing optimizer states
0: MA 2.59 GB         Max_MA 2.88 GB         CA 4.9 GB         Max_CA 5 GB 
0: CPU Virtual Memory:  used = 21.52 GB, percent = 2.1%
0: After initializing ZeRO optimizer
0: MA 2.59 GB         Max_MA 2.59 GB         CA 4.9 GB         Max_CA 5 GB 
0: CPU Virtual Memory:  used = 21.52 GB, percent = 2.1%
1: [Rank 7] Loading wikitext dataset...
1: [Rank 5] Loading wikitext dataset...
1: [Rank 4] Loading wikitext dataset...
1: [Rank 6] Loading wikitext dataset...
0: [Rank 0] Loading wikitext dataset...
