Warning: The cache directory for DeepSpeed Triton autotune, /home/bigyang/.triton/autotune, appears to be on an NFS system. While this is generally acceptable, if you experience slowdowns or hanging when DeepSpeed exits, it is recommended to set the TRITON_CACHE_DIR environment variable to a non-NFS path.
[2026-01-21 14:31:11,675] [WARNING] [runner.py:232:fetch_hostfile] Unable to find hostfile, will proceed with training with local resources only.
Detected VISIBLE_DEVICES=0,1 but ignoring it because one or several of --include/--exclude/--num_gpus/--num_nodes cl args were used. If you want to use CUDA_VISIBLE_DEVICES don't pass any of these arguments to deepspeed.
[2026-01-21 14:31:11,675] [INFO] [runner.py:630:main] cmd = /home/bigyang/micromamba/envs/ds-hf/bin/python -u -m deepspeed.launcher.launch --world_info=eyJsb2NhbGhvc3QiOiBbMCwgMV19 --master_addr=127.0.0.1 --master_port=29600 --enable_each_rank_log=None --log_level=info train.py --deepspeed_config configs/baseline.json --num_layers 12 --hidden_dim 1024 --batch_size 4 --seq_length 512 --num_steps 7 --warmup_steps 5 --activation_checkpointing --use_real_data --seed 42
Warning: The cache directory for DeepSpeed Triton autotune, /home/bigyang/.triton/autotune, appears to be on an NFS system. While this is generally acceptable, if you experience slowdowns or hanging when DeepSpeed exits, it is recommended to set the TRITON_CACHE_DIR environment variable to a non-NFS path.
[2026-01-21 14:31:16,807] [INFO] [launch.py:162:main] WORLD INFO DICT: {'localhost': [0, 1]}
[2026-01-21 14:31:16,807] [INFO] [launch.py:168:main] nnodes=1, num_local_procs=2, node_rank=0
[2026-01-21 14:31:16,807] [INFO] [launch.py:179:main] global_rank_mapping=defaultdict(<class 'list'>, {'localhost': [0, 1]})
[2026-01-21 14:31:16,807] [INFO] [launch.py:180:main] dist_world_size=2
[2026-01-21 14:31:16,807] [INFO] [launch.py:184:main] Setting CUDA_VISIBLE_DEVICES=0,1
[2026-01-21 14:31:16,808] [INFO] [launch.py:272:main] process 1571183 spawned with command: ['/home/bigyang/micromamba/envs/ds-hf/bin/python', '-u', 'train.py', '--local_rank=0', '--deepspeed_config', 'configs/baseline.json', '--num_layers', '12', '--hidden_dim', '1024', '--batch_size', '4', '--seq_length', '512', '--num_steps', '7', '--warmup_steps', '5', '--activation_checkpointing', '--use_real_data', '--seed', '42']
[2026-01-21 14:31:16,808] [INFO] [launch.py:272:main] process 1571184 spawned with command: ['/home/bigyang/micromamba/envs/ds-hf/bin/python', '-u', 'train.py', '--local_rank=1', '--deepspeed_config', 'configs/baseline.json', '--num_layers', '12', '--hidden_dim', '1024', '--batch_size', '4', '--seq_length', '512', '--num_steps', '7', '--warmup_steps', '5', '--activation_checkpointing', '--use_real_data', '--seed', '42']
Warning: The cache directory for DeepSpeed Triton autotune, /home/bigyang/.triton/autotune, appears to be on an NFS system. While this is generally acceptable, if you experience slowdowns or hanging when DeepSpeed exits, it is recommended to set the TRITON_CACHE_DIR environment variable to a non-NFS path.
Warning: The cache directory for DeepSpeed Triton autotune, /home/bigyang/.triton/autotune, appears to be on an NFS system. While this is generally acceptable, if you experience slowdowns or hanging when DeepSpeed exits, it is recommended to set the TRITON_CACHE_DIR environment variable to a non-NFS path.
[Rank 1] Loading wikitext dataset...
[Rank 0] Loading wikitext dataset...
Warning: You are sending unauthenticated requests to the HF Hub. Please set a HF_TOKEN to enable higher rate limits and faster downloads.
[Rank 0] Dataset loaded: 39531 examples, vocab_size=50257
[Rank 0] Creating model with hidden_dim=1024, num_layers=12, num_heads=16, vocab_size=50257
[Rank 1] Dataset loaded: 39531 examples, vocab_size=50257
[Rank 1] Creating model with hidden_dim=1024, num_layers=12, num_heads=16, vocab_size=50257
[Rank 0] Model parameters: 254,655,569 total, 254,655,569 trainable
[Rank 0] Activation checkpointing enabled
[Rank 1] Model parameters: 254,655,569 total, 254,655,569 trainable
[Rank 1] Activation checkpointing enabled
/home/bigyang/micromamba/envs/ds-hf/lib/python3.11/site-packages/torch/utils/cpp_extension.py:1964: UserWarning: TORCH_CUDA_ARCH_LIST is not set, all archs for visible cards are included for compilation. 
If this is not desired, please set os.environ['TORCH_CUDA_ARCH_LIST'].
  warnings.warn(
[Rank 1] DeepSpeed initialized with config: configs/baseline.json
[Rank 1] Memory after init: allocated=0.95 GB, reserved=1.66 GB
Before initializing optimizer states
MA 0.95 GB         Max_MA 1.19 GB         CA 1.19 GB         Max_CA 1 GB 
CPU Virtual Memory:  used = 31.0 GB, percent = 1.5%
After initializing optimizer states
MA 0.95 GB         Max_MA 1.42 GB         CA 1.66 GB         Max_CA 2 GB 
CPU Virtual Memory:  used = 31.01 GB, percent = 1.5%
After initializing ZeRO optimizer
MA 0.95 GB         Max_MA 0.95 GB         CA 1.66 GB         Max_CA 2 GB 
CPU Virtual Memory:  used = 31.1 GB, percent = 1.5%
[Rank 0] DeepSpeed initialized with config: configs/baseline.json
[Rank 0] Memory after init: allocated=0.95 GB, reserved=1.66 GB
[Rank 0] time (ms) | optimizer_allgather: 2.07 | optimizer_gradients: 0.95 | optimizer_step: 1.80
[Rank 0] time (ms) | fwd_microstep: 121.97 | bwd_microstep: 43.41 | bwd_inner_microstep: 42.48 | bwd_allreduce_microstep: 0.87 | step_microstep: 60.35
[Rank 0] time (ms) | fwd: 121.96 | bwd: 43.42 | bwd_inner: 42.50 | bwd_allreduce: 0.86 | step: 60.35
[Rank 0] Step 0: loss=11.5000, time=0.366s, alloc_mem=2.15 GB, peak_mem=2.63 GB
[Rank 1] Step 0: loss=11.4375, time=0.714s, alloc_mem=2.15 GB, peak_mem=2.63 GB
[Rank 0] time (ms) | optimizer_allgather: 1.53 | optimizer_gradients: 0.91 | optimizer_step: 1.46
[Rank 0] time (ms) | fwd_microstep: 10.22 | bwd_microstep: 21.12 | bwd_inner_microstep: 20.47 | bwd_allreduce_microstep: 0.62 | step_microstep: 5.71
[Rank 0] time (ms) | fwd: 10.21 | bwd: 21.13 | bwd_inner: 20.47 | bwd_allreduce: 0.63 | step: 5.71
[Rank 0] time (ms) | optimizer_allgather: 1.47 | optimizer_gradients: 0.91 | optimizer_step: 1.46
[Rank 0] time (ms) | fwd_microstep: 10.69 | bwd_microstep: 20.69 | bwd_inner_microstep: 19.87 | bwd_allreduce_microstep: 0.77 | step_microstep: 5.62
[Rank 0] time (ms) | fwd: 10.69 | bwd: 20.70 | bwd_inner: 19.89 | bwd_allreduce: 0.77 | step: 5.62
[Rank 0] time (ms) | optimizer_allgather: 1.45 | optimizer_gradients: 0.91 | optimizer_step: 1.49
[Rank 0] time (ms) | fwd_microstep: 10.09 | bwd_microstep: 20.50 | bwd_inner_microstep: 19.86 | bwd_allreduce_microstep: 0.62 | step_microstep: 5.63
[Rank 0] time (ms) | fwd: 10.08 | bwd: 20.51 | bwd_inner: 19.86 | bwd_allreduce: 0.62 | step: 5.63
[Rank 0] time (ms) | optimizer_allgather: 1.47 | optimizer_gradients: 0.91 | optimizer_step: 1.46
[Rank 0] time (ms) | fwd_microstep: 10.03 | bwd_microstep: 20.64 | bwd_inner_microstep: 19.82 | bwd_allreduce_microstep: 0.75 | step_microstep: 5.63
[Rank 0] time (ms) | fwd: 10.03 | bwd: 20.65 | bwd_inner: 19.84 | bwd_allreduce: 0.75 | step: 5.63
[Rank 0] time (ms) | optimizer_allgather: 1.51 | optimizer_gradients: 0.91 | optimizer_step: 1.47
[Rank 0] time (ms) | fwd_microstep: 9.99 | bwd_microstep: 20.58 | bwd_inner_microstep: 19.77 | bwd_allreduce_microstep: 0.76 | step_microstep: 5.66
[Rank 0] time (ms) | fwd: 9.97 | bwd: 20.59 | bwd_inner: 19.79 | bwd_allreduce: 0.76 | step: 5.66
Local>>>>>> step_time: 0.03787112236022949, dataloading_time : 0.0006086826324462891,forward_time :0.007735729217529297, backward_time: 0.023581981658935547, optim time :0.005943775177001953
Local>>>>>> step_time: 0.03786325454711914, dataloading_time : 0.0006566047668457031,forward_time :0.007760286331176758, backward_time: 0.023543357849121094, optim time :0.005901336669921875
[Rank 1] Step 5: loss=2.7812, time=0.038s, alloc_mem=2.15 GB, peak_mem=3.11 GB
[Rank 0] Step 5: loss=3.4844, time=0.038s, alloc_mem=2.15 GB, peak_mem=3.10 GB
[Rank 0] time (ms) | optimizer_allgather: 1.48 | optimizer_gradients: 0.91 | optimizer_step: 1.46
[Rank 0] time (ms) | fwd_microstep: 10.01 | bwd_microstep: 21.35 | bwd_inner_microstep: 20.70 | bwd_allreduce_microstep: 0.62 | step_microstep: 5.66
[Rank 0] time (ms) | fwd: 10.01 | bwd: 21.36 | bwd_inner: 20.70 | bwd_allreduce: 0.63 | step: 5.66
Local>>>>>> step_time: 0.03854990005493164, dataloading_time : 0.0007064342498779297,forward_time :0.007809162139892578, backward_time: 0.024097919464111328, optim time :0.005934476852416992Local>>>>>> step_time: 0.03854870796203613, dataloading_time : 0.0005276203155517578,forward_time :0.007795095443725586, backward_time: 0.024320125579833984, optim time :0.005904436111450195

[Rank 0] Step 6: loss=3.5781, time=0.039s, alloc_mem=2.15 GB, peak_mem=3.10 GB
[Rank 1] Step 6: loss=3.1875, time=0.039s, alloc_mem=2.15 GB, peak_mem=3.11 GB

============================================================
[Rank 0] FINAL RESULTS
  Config: configs/baseline.json
  Model: hidden_dim=1024, num_layers=12
  Parameters: 254,655,569
  Batch size: 4, Seq length: 512
  Average step time: 0.038s
  Peak memory: 3.10 GB
  Final allocated memory: 2.15 GB
============================================================
SUMMARY: config=configs/baseline.json params=254655569 peak_mem_bytes=3331545088 alloc_mem_bytes=2311427584 avg_step_time=0.0382

============================================================
[Rank 1] FINAL RESULTS
  Config: configs/baseline.json
  Model: hidden_dim=1024, num_layers=12
  Parameters: 254,655,569
  Batch size: 4, Seq length: 512
  Average step time: 0.038s
  Peak memory: 3.11 GB
  Final allocated memory: 2.15 GB
============================================================
SUMMARY: config=configs/baseline.json params=254655569 peak_mem_bytes=3338265600 alloc_mem_bytes=2311427584 avg_step_time=0.0382
[rank0]:[W121 14:31:29.682350354 ProcessGroupNCCL.cpp:1250] Warning: WARNING: process group has NOT been destroyed before we destruct ProcessGroupNCCL. On normal program exit, the application should call destroy_process_group to ensure that any pending NCCL operations have finished in this process. In rare cases this process can exit before this point and block the progress of another member of the process group. This constraint has always been present,  but this warning has only been added since PyTorch 2.4 (function operator())
[2026-01-21 14:31:31,810] [INFO] [launch.py:367:main] Process 1571183 exits successfully.
[2026-01-21 14:31:31,810] [INFO] [launch.py:367:main] Process 1571184 exits successfully.
