1: W0402 16:36:22.254000 530022 site-packages/torch/distributed/run.py:793] 
1: W0402 16:36:22.254000 530022 site-packages/torch/distributed/run.py:793] *****************************************
1: W0402 16:36:22.254000 530022 site-packages/torch/distributed/run.py:793] Setting OMP_NUM_THREADS environment variable for each process to be 1 in default, to avoid your system being overloaded, please further tune the variable for optimal performance in your application as needed. 
1: W0402 16:36:22.254000 530022 site-packages/torch/distributed/run.py:793] *****************************************
0: W0402 16:36:22.319000 856921 site-packages/torch/distributed/run.py:793] 
0: W0402 16:36:22.319000 856921 site-packages/torch/distributed/run.py:793] *****************************************
0: W0402 16:36:22.319000 856921 site-packages/torch/distributed/run.py:793] Setting OMP_NUM_THREADS environment variable for each process to be 1 in default, to avoid your system being overloaded, please further tune the variable for optimal performance in your application as needed. 
0: W0402 16:36:22.319000 856921 site-packages/torch/distributed/run.py:793] *****************************************
0: Loading checkpoint shards:   0%|          | 0/4 [00:00<?, ?it/s]Loading checkpoint shards:   0%|          | 0/4 [00:00<?, ?it/s]Loading checkpoint shards:   0%|          | 0/4 [00:00<?, ?it/s]Loading checkpoint shards: 100%|██████████| 4/4 [00:00<00:00, 93.52it/s]
0: Loading checkpoint shards: 100%|██████████| 4/4 [00:00<00:00, 91.62it/s]
0: Loading checkpoint shards: 100%|██████████| 4/4 [00:00<00:00, 99.65it/s]
1: Loading checkpoint shards:   0%|          | 0/4 [00:00<?, ?it/s]Loading checkpoint shards:   0%|          | 0/4 [00:00<?, ?it/s]Loading checkpoint shards:   0%|          | 0/4 [00:00<?, ?it/s]Loading checkpoint shards: 100%|██████████| 4/4 [00:00<00:00, 93.95it/s]
1: Loading checkpoint shards: 100%|██████████| 4/4 [00:00<00:00, 93.63it/s]
1: Loading checkpoint shards: 100%|██████████| 4/4 [00:00<00:00, 98.67it/s]
1: Loading checkpoint shards:   0%|          | 0/4 [00:00<?, ?it/s]Loading checkpoint shards: 100%|██████████| 4/4 [00:00<00:00, 101.26it/s]
0: Loading checkpoint shards:   0%|          | 0/4 [00:00<?, ?it/s]Loading checkpoint shards: 100%|██████████| 4/4 [00:00<00:00, 101.72it/s]
0: Using the latest cached version of the dataset since wikitext couldn't be found on the Hugging Face Hub (offline mode is enabled).
0: Found the latest cached dataset configuration 'wikitext-103-raw-v1' at /home/bigyang/.cache/huggingface/datasets/wikitext/wikitext-103-raw-v1/0.0.0/b08601e04326c79dfdd32d625aee71d232d685c3 (last modified on Thu Apr  2 16:36:00 2026).
0: Using the latest cached version of the dataset since wikitext couldn't be found on the Hugging Face Hub (offline mode is enabled).
0: Found the latest cached dataset configuration 'wikitext-103-raw-v1' at /home/bigyang/.cache/huggingface/datasets/wikitext/wikitext-103-raw-v1/0.0.0/b08601e04326c79dfdd32d625aee71d232d685c3 (last modified on Thu Apr  2 16:36:00 2026).
0: Using the latest cached version of the dataset since wikitext couldn't be found on the Hugging Face Hub (offline mode is enabled).
0: Found the latest cached dataset configuration 'wikitext-103-raw-v1' at /home/bigyang/.cache/huggingface/datasets/wikitext/wikitext-103-raw-v1/0.0.0/b08601e04326c79dfdd32d625aee71d232d685c3 (last modified on Thu Apr  2 16:36:00 2026).
1: Using the latest cached version of the dataset since wikitext couldn't be found on the Hugging Face Hub (offline mode is enabled).
1: Found the latest cached dataset configuration 'wikitext-103-raw-v1' at /home/bigyang/.cache/huggingface/datasets/wikitext/wikitext-103-raw-v1/0.0.0/b08601e04326c79dfdd32d625aee71d232d685c3 (last modified on Thu Apr  2 16:36:00 2026).
1: Using the latest cached version of the dataset since wikitext couldn't be found on the Hugging Face Hub (offline mode is enabled).
1: Found the latest cached dataset configuration 'wikitext-103-raw-v1' at /home/bigyang/.cache/huggingface/datasets/wikitext/wikitext-103-raw-v1/0.0.0/b08601e04326c79dfdd32d625aee71d232d685c3 (last modified on Thu Apr  2 16:36:00 2026).
0: Using the latest cached version of the dataset since wikitext couldn't be found on the Hugging Face Hub (offline mode is enabled).
0: Found the latest cached dataset configuration 'wikitext-103-raw-v1' at /home/bigyang/.cache/huggingface/datasets/wikitext/wikitext-103-raw-v1/0.0.0/b08601e04326c79dfdd32d625aee71d232d685c3 (last modified on Thu Apr  2 16:36:00 2026).
1: Using the latest cached version of the dataset since wikitext couldn't be found on the Hugging Face Hub (offline mode is enabled).
1: Found the latest cached dataset configuration 'wikitext-103-raw-v1' at /home/bigyang/.cache/huggingface/datasets/wikitext/wikitext-103-raw-v1/0.0.0/b08601e04326c79dfdd32d625aee71d232d685c3 (last modified on Thu Apr  2 16:36:00 2026).
1: Using the latest cached version of the dataset since wikitext couldn't be found on the Hugging Face Hub (offline mode is enabled).
1: Found the latest cached dataset configuration 'wikitext-103-raw-v1' at /home/bigyang/.cache/huggingface/datasets/wikitext/wikitext-103-raw-v1/0.0.0/b08601e04326c79dfdd32d625aee71d232d685c3 (last modified on Thu Apr  2 16:36:00 2026).
1: W0402 16:39:43.512000 530022 site-packages/torch/distributed/elastic/rendezvous/dynamic_rendezvous.py:1331] The node 'hercules.olympus.clemson.edu_530022_0' has failed to send a keep-alive heartbeat to the rendezvous '1357' due to an error of type RendezvousTimeoutError.
