Warning: The cache directory for DeepSpeed Triton autotune, /home/bigyang/.triton/autotune, appears to be on an NFS system. While this is generally acceptable, if you experience slowdowns or hanging when DeepSpeed exits, it is recommended to set the TRITON_CACHE_DIR environment variable to a non-NFS path.
[2026-02-09 15:44:19,524] [WARNING] [runner.py:232:fetch_hostfile] Unable to find hostfile, will proceed with training with local resources only.
Detected VISIBLE_DEVICES=0,1 but ignoring it because one or several of --include/--exclude/--num_gpus/--num_nodes cl args were used. If you want to use CUDA_VISIBLE_DEVICES don't pass any of these arguments to deepspeed.
[2026-02-09 15:44:19,525] [INFO] [runner.py:630:main] cmd = /home/bigyang/micromamba/envs/ds-hf/bin/python -u -m deepspeed.launcher.launch --world_info=eyJsb2NhbGhvc3QiOiBbMCwgMV19 --master_addr=127.0.0.1 --master_port=29600 --enable_each_rank_log=None --log_level=info train2.py --deepspeed_config configs/bf16_full.json --loss_log_file logs/bf16_full_loss.csv --num_layers 12 --hidden_dim 1024 --batch_size 8 --seq_length 512 --num_steps 100 --warmup_steps 5 --activation_checkpointing --use_real_data --seed 42
Warning: The cache directory for DeepSpeed Triton autotune, /home/bigyang/.triton/autotune, appears to be on an NFS system. While this is generally acceptable, if you experience slowdowns or hanging when DeepSpeed exits, it is recommended to set the TRITON_CACHE_DIR environment variable to a non-NFS path.
[2026-02-09 15:44:28,579] [INFO] [launch.py:162:main] WORLD INFO DICT: {'localhost': [0, 1]}
[2026-02-09 15:44:28,579] [INFO] [launch.py:168:main] nnodes=1, num_local_procs=2, node_rank=0
[2026-02-09 15:44:28,579] [INFO] [launch.py:179:main] global_rank_mapping=defaultdict(<class 'list'>, {'localhost': [0, 1]})
[2026-02-09 15:44:28,579] [INFO] [launch.py:180:main] dist_world_size=2
[2026-02-09 15:44:28,579] [INFO] [launch.py:184:main] Setting CUDA_VISIBLE_DEVICES=0,1
[2026-02-09 15:44:28,580] [INFO] [launch.py:272:main] process 4162336 spawned with command: ['/home/bigyang/micromamba/envs/ds-hf/bin/python', '-u', 'train2.py', '--local_rank=0', '--deepspeed_config', 'configs/bf16_full.json', '--loss_log_file', 'logs/bf16_full_loss.csv', '--num_layers', '12', '--hidden_dim', '1024', '--batch_size', '8', '--seq_length', '512', '--num_steps', '100', '--warmup_steps', '5', '--activation_checkpointing', '--use_real_data', '--seed', '42']
[2026-02-09 15:44:28,581] [INFO] [launch.py:272:main] process 4162337 spawned with command: ['/home/bigyang/micromamba/envs/ds-hf/bin/python', '-u', 'train2.py', '--local_rank=1', '--deepspeed_config', 'configs/bf16_full.json', '--loss_log_file', 'logs/bf16_full_loss.csv', '--num_layers', '12', '--hidden_dim', '1024', '--batch_size', '8', '--seq_length', '512', '--num_steps', '100', '--warmup_steps', '5', '--activation_checkpointing', '--use_real_data', '--seed', '42']
Warning: The cache directory for DeepSpeed Triton autotune, /home/bigyang/.triton/autotune, appears to be on an NFS system. While this is generally acceptable, if you experience slowdowns or hanging when DeepSpeed exits, it is recommended to set the TRITON_CACHE_DIR environment variable to a non-NFS path.
Warning: The cache directory for DeepSpeed Triton autotune, /home/bigyang/.triton/autotune, appears to be on an NFS system. While this is generally acceptable, if you experience slowdowns or hanging when DeepSpeed exits, it is recommended to set the TRITON_CACHE_DIR environment variable to a non-NFS path.
[Rank 0] Loading wikitext dataset...
[Rank 1] Loading wikitext dataset...
[Rank 0] Dataset loaded: 39531 examples, vocab_size=50257
[Rank 1] Dataset loaded: 39531 examples, vocab_size=50257
[Rank 0] Creating model with hidden_dim=1024, num_layers=12, num_heads=16, vocab_size=50257
[Rank 1] Creating model with hidden_dim=1024, num_layers=12, num_heads=16, vocab_size=50257
[Rank 1] Model parameters: 254,655,569 total, 254,655,569 trainable
[Rank 1] Activation checkpointing enabled
[Rank 0] Model parameters: 254,655,569 total, 254,655,569 trainable
[Rank 0] Activation checkpointing enabled
/home/bigyang/micromamba/envs/ds-hf/lib/python3.11/site-packages/torch/utils/cpp_extension.py:1964: UserWarning: TORCH_CUDA_ARCH_LIST is not set, all archs for visible cards are included for compilation. 
If this is not desired, please set os.environ['TORCH_CUDA_ARCH_LIST'].
  warnings.warn(
Stage 3 initialize beginning
MA 0.47 GB         Max_MA 0.47 GB         CA 0.51 GB         Max_CA 1 GB 
CPU Virtual Memory:  used = 11.08 GB, percent = 2.9%
DeepSpeedZeRoOffload initialize [begin]
MA 0.47 GB         Max_MA 0.67 GB         CA 0.7 GB         Max_CA 1 GB 
CPU Virtual Memory:  used = 11.08 GB, percent = 2.9%
Parameter Offload - Persistent parameters statistics: param_count = 0, numel = 0
DeepSpeedZeRoOffload initialize [end]
MA 0.24 GB         Max_MA 0.52 GB         CA 0.71 GB         Max_CA 1 GB 
CPU Virtual Memory:  used = 11.08 GB, percent = 2.9%
Before creating fp16 partitions
MA 0.24 GB         Max_MA 0.24 GB         CA 0.71 GB         Max_CA 1 GB 
CPU Virtual Memory:  used = 11.08 GB, percent = 2.9%
After creating fp16 partitions: 1
MA 0.24 GB         Max_MA 0.24 GB         CA 0.24 GB         Max_CA 1 GB 
CPU Virtual Memory:  used = 11.08 GB, percent = 2.9%
Before creating fp32 partitions
MA 0.24 GB         Max_MA 0.24 GB         CA 0.24 GB         Max_CA 0 GB 
CPU Virtual Memory:  used = 11.08 GB, percent = 2.9%
After creating fp32 partitions
MA 0.71 GB         Max_MA 1.19 GB         CA 1.19 GB         Max_CA 1 GB 
CPU Virtual Memory:  used = 11.08 GB, percent = 2.9%
Before initializing optimizer states
MA 0.71 GB         Max_MA 0.71 GB         CA 1.19 GB         Max_CA 1 GB 
CPU Virtual Memory:  used = 11.08 GB, percent = 2.9%
[Rank 0] time (ms) | init_optimizer_state: 0.01
After initializing optimizer states
MA 0.71 GB         Max_MA 1.19 GB         CA 1.19 GB         Max_CA 1 GB 
CPU Virtual Memory:  used = 11.08 GB, percent = 2.9%
[Rank 1] DeepSpeed initialized with config: configs/bf16_full.json
[Rank 1] Memory after init: allocated=1.04 GB, reserved=1.29 GB
After initializing ZeRO optimizer
MA 1.04 GB         Max_MA 1.23 GB         CA 1.29 GB         Max_CA 1 GB 
CPU Virtual Memory:  used = 11.12 GB, percent = 3.0%
[Rank 0] DeepSpeed initialized with config: configs/bf16_full.json
[Rank 0] Memory after init: allocated=1.04 GB, reserved=1.29 GB
[Rank 1] Step 0: loss=11.5000, time=1.144s, alloc_mem=2.39 GB, peak_mem=2.87 GB
[Rank 0] time (ms) | optimizer_step: 7.22
[Rank 0] time (ms) | fwd_microstep: 363.18 | bwd_microstep: 265.54 | bwd_inner_microstep: 256.23 | bwd_allreduce_microstep: 9.16 | step_microstep: 57.32
[Rank 0] time (ms) | fwd: 363.16 | bwd: 265.55 | bwd_inner: 256.28 | bwd_allreduce: 9.15 | step: 57.32
[Rank 0] Step 0: loss=11.5625, time=0.778s, alloc_mem=2.39 GB, peak_mem=2.87 GB
[Rank 0] time (ms) | optimizer_step: 6.00
[Rank 0] time (ms) | fwd_microstep: 212.28 | bwd_microstep: 184.71 | bwd_inner_microstep: 173.58 | bwd_allreduce_microstep: 11.04 | step_microstep: 13.52
[Rank 0] time (ms) | fwd: 212.26 | bwd: 184.72 | bwd_inner: 173.61 | bwd_allreduce: 11.02 | step: 13.52
[Rank 0] time (ms) | optimizer_step: 5.94
[Rank 0] time (ms) | fwd_microstep: 70.27 | bwd_microstep: 95.12 | bwd_inner_microstep: 83.59 | bwd_allreduce_microstep: 11.47 | step_microstep: 13.37
[Rank 0] time (ms) | fwd: 70.25 | bwd: 95.13 | bwd_inner: 83.61 | bwd_allreduce: 11.46 | step: 13.37
[Rank 0] time (ms) | optimizer_step: 5.92
[Rank 0] time (ms) | fwd_microstep: 69.91 | bwd_microstep: 94.46 | bwd_inner_microstep: 83.16 | bwd_allreduce_microstep: 11.23 | step_microstep: 13.35
[Rank 0] time (ms) | fwd: 69.90 | bwd: 94.47 | bwd_inner: 83.18 | bwd_allreduce: 11.23 | step: 13.35
[Rank 0] time (ms) | optimizer_step: 5.92
[Rank 0] time (ms) | fwd_microstep: 69.65 | bwd_microstep: 94.33 | bwd_inner_microstep: 82.89 | bwd_allreduce_microstep: 11.37 | step_microstep: 13.31
[Rank 0] time (ms) | fwd: 69.64 | bwd: 94.34 | bwd_inner: 82.91 | bwd_allreduce: 11.38 | step: 13.31
Local>>>>>> step_time: 0.21437478065490723, dataloading_time : 0.001851797103881836,forward_time :0.0677492618560791, backward_time: 0.1285862922668457, optim time :0.01618504524230957
[Rank 0] time (ms) | optimizer_step: 6.41
[Rank 1] Step 5: loss=2.8438, time=0.214s, alloc_mem=2.39 GB, peak_mem=4.12 GB
[Rank 0] time (ms) | fwd_microstep: 102.98 | bwd_microstep: 113.00 | bwd_inner_microstep: 102.90 | bwd_allreduce_microstep: 9.95 | step_microstep: 16.65
[Rank 0] time (ms) | fwd: 102.96 | bwd: 113.02 | bwd_inner: 102.95 | bwd_allreduce: 9.93 | step: 16.65
Local>>>>>> step_time: 0.23729157447814941, dataloading_time : 0.0011229515075683594,forward_time :0.09836244583129883, backward_time: 0.12056660652160645, optim time :0.017236709594726562
[Rank 0] Step 5: loss=3.4531, time=0.237s, alloc_mem=2.39 GB, peak_mem=4.12 GB
[Rank 0] time (ms) | optimizer_step: 5.75
[Rank 0] time (ms) | fwd_microstep: 69.67 | bwd_microstep: 127.91 | bwd_inner_microstep: 118.64 | bwd_allreduce_microstep: 9.15 | step_microstep: 13.83
[Rank 0] time (ms) | fwd: 69.66 | bwd: 127.92 | bwd_inner: 118.68 | bwd_allreduce: 9.11 | step: 13.83
Local>>>>>> step_time: 0.21689343452453613, dataloading_time : 0.0008835792541503906,forward_time :0.06796741485595703, backward_time: 0.13379240036010742, optim time :0.014247655868530273Local>>>>>> step_time: 0.21583104133605957, dataloading_time : 0.0011203289031982422,forward_time :0.06444954872131348, backward_time: 0.13598084449768066, optim time :0.014278173446655273

[Rank 0] time (ms) | optimizer_step: 5.74
[Rank 0] time (ms) | fwd_microstep: 72.64 | bwd_microstep: 128.00 | bwd_inner_microstep: 118.85 | bwd_allreduce_microstep: 9.04 | step_microstep: 13.81
[Rank 0] time (ms) | fwd: 72.62 | bwd: 128.01 | bwd_inner: 118.89 | bwd_allreduce: 9.01 | step: 13.82
Local>>>>>> step_time: 0.2184598445892334, dataloading_time : 0.0008363723754882812,forward_time :0.06585097312927246, backward_time: 0.13754010200500488, optim time :0.01423025131225586
Local>>>>>> step_time: 0.21852970123291016, dataloading_time : 0.0007627010345458984,forward_time :0.0674901008605957, backward_time: 0.13598322868347168, optim time :0.01429128646850586
[Rank 0] time (ms) | optimizer_step: 5.77
[Rank 0] time (ms) | fwd_microstep: 69.92 | bwd_microstep: 127.95 | bwd_inner_microstep: 118.42 | bwd_allreduce_microstep: 9.41 | step_microstep: 13.80
[Rank 0] time (ms) | fwd: 69.91 | bwd: 127.96 | bwd_inner: 118.46 | bwd_allreduce: 9.37 | step: 13.80
Local>>>>>> step_time: 0.21569490432739258, dataloading_time : 0.0007410049438476562,forward_time :0.06476616859436035, backward_time: 0.13598036766052246, optim time :0.014206171035766602
Local>>>>>> step_time: 0.2156522274017334, dataloading_time : 0.0007455348968505859,forward_time :0.06464457511901855, backward_time: 0.136030912399292, optim time :0.014229297637939453
[Rank 0] time (ms) | optimizer_step: 5.75
[Rank 0] time (ms) | fwd_microstep: 71.39 | bwd_microstep: 127.91 | bwd_inner_microstep: 118.48 | bwd_allreduce_microstep: 9.29 | step_microstep: 14.09
[Rank 0] time (ms) | fwd: 71.38 | bwd: 127.92 | bwd_inner: 118.54 | bwd_allreduce: 9.24 | step: 14.10
Local>>>>>> step_time: 0.21799683570861816, dataloading_time : 0.0007357597351074219,forward_time :0.06610918045043945, backward_time: 0.13597679138183594, optim time :0.015172719955444336
Local>>>>>> step_time: 0.21811223030090332, dataloading_time : 0.0007061958312988281,forward_time :0.06593966484069824, backward_time: 0.13622212409973145, optim time :0.015242338180541992
[Rank 0] time (ms) | optimizer_step: 7.77
[Rank 0] time (ms) | fwd_microstep: 104.91 | bwd_microstep: 220.37 | bwd_inner_microstep: 211.64 | bwd_allreduce_microstep: 8.61 | step_microstep: 22.24
[Rank 0] time (ms) | fwd: 104.88 | bwd: 220.39 | bwd_inner: 211.67 | bwd_allreduce: 8.61 | step: 22.24
Local>>>>>> step_time: 0.3530762195587158, dataloading_time : 0.0013227462768554688,forward_time :0.10040092468261719, backward_time: 0.2280569076538086, optim time :0.023257970809936523
Local>>>>>> step_time: 0.3529989719390869, dataloading_time : 0.0015537738800048828,forward_time :0.10056424140930176, backward_time: 0.22756266593933105, optim time :0.023279666900634766
[Rank 0] Step 10: loss=3.2188, time=0.353s, alloc_mem=2.39 GB, peak_mem=4.12 GB
[Rank 1] Step 10: loss=3.2031, time=0.353s, alloc_mem=2.39 GB, peak_mem=4.12 GB
[Rank 0] time (ms) | optimizer_step: 7.74
[Rank 0] time (ms) | fwd_microstep: 104.07 | bwd_microstep: 221.49 | bwd_inner_microstep: 212.82 | bwd_allreduce_microstep: 8.55 | step_microstep: 22.11
[Rank 0] time (ms) | fwd: 104.05 | bwd: 221.52 | bwd_inner: 212.85 | bwd_allreduce: 8.56 | step: 22.12
Local>>>>>> step_time: 0.35255908966064453, dataloading_time : 0.0011568069458007812,forward_time :0.0993645191192627, backward_time: 0.22911691665649414, optim time :0.022918224334716797
Local>>>>>> step_time: 0.3537936210632324, dataloading_time : 0.0013675689697265625,forward_time :0.09986114501953125, backward_time: 0.22832679748535156, optim time :0.024235248565673828
[Rank 0] time (ms) | optimizer_step: 7.66
[Rank 0] time (ms) | fwd_microstep: 107.13 | bwd_microstep: 222.90 | bwd_inner_microstep: 213.99 | bwd_allreduce_microstep: 8.68 | step_microstep: 22.15
[Rank 0] time (ms) | fwd: 107.11 | bwd: 222.92 | bwd_inner: 214.10 | bwd_allreduce: 8.68 | step: 22.16
Local>>>>>> step_time: 0.35561513900756836, dataloading_time : 0.0013911724090576172,forward_time :0.0996096134185791, backward_time: 0.23169159889221191, optim time :0.022919416427612305
Local>>>>>> step_time: 0.35697317123413086, dataloading_time : 0.0010645389556884766,forward_time :0.10240745544433594, backward_time: 0.23053336143493652, optim time :0.0229647159576416
[Rank 0] time (ms) | optimizer_step: 7.70
[Rank 0] time (ms) | fwd_microstep: 104.17 | bwd_microstep: 224.32 | bwd_inner_microstep: 215.41 | bwd_allreduce_microstep: 8.77 | step_microstep: 22.12
[Rank 0] time (ms) | fwd: 104.14 | bwd: 224.34 | bwd_inner: 215.46 | bwd_allreduce: 8.78 | step: 22.13
Local>>>>>> step_time: 0.355487585067749, dataloading_time : 0.0012519359588623047,forward_time :0.0997304916381836, backward_time: 0.2315540313720703, optim time :0.02294754981994629
Local>>>>>> step_time: 0.35548973083496094, dataloading_time : 0.0011169910430908203,forward_time :0.09948372840881348, backward_time: 0.23190832138061523, optim time :0.022977352142333984
[Rank 0] time (ms) | optimizer_step: 7.93
[Rank 0] time (ms) | fwd_microstep: 103.77 | bwd_microstep: 224.53 | bwd_inner_microstep: 215.76 | bwd_allreduce_microstep: 8.64 | step_microstep: 22.94
[Rank 0] time (ms) | fwd: 103.74 | bwd: 224.55 | bwd_inner: 215.79 | bwd_allreduce: 8.61 | step: 22.95
Local>>>>>> step_time: 0.3561081886291504, dataloading_time : 0.0010426044464111328,forward_time :0.09908056259155273, backward_time: 0.23217344284057617, optim time :0.023808717727661133
Local>>>>>> step_time: 0.35636377334594727, dataloading_time : 0.0012068748474121094,forward_time :0.09968352317810059, backward_time: 0.23143529891967773, optim time :0.024034738540649414
[Rank 0] time (ms) | optimizer_step: 7.70
[Rank 0] time (ms) | fwd_microstep: 104.44 | bwd_microstep: 222.08 | bwd_inner_microstep: 213.28 | bwd_allreduce_microstep: 8.68 | step_microstep: 24.08
[Rank 0] time (ms) | fwd: 104.41 | bwd: 222.10 | bwd_inner: 213.31 | bwd_allreduce: 8.68 | step: 24.08
Local>>>>>> step_time: 15.28089952468872, dataloading_time : 0.0010569095611572266,forward_time :0.09974074363708496, backward_time: 0.22966217994689941, optim time :14.950435161590576
[Rank 0] Step 15: loss=2.7812, time=15.281s, alloc_mem=2.39 GB, peak_mem=4.12 GB
Local>>>>>> step_time: 15.569437742233276, dataloading_time : 0.0011754035949707031,forward_time :0.09999299049377441, backward_time: 0.22942423820495605, optim time :15.238834381103516
[Rank 1] Step 15: loss=2.3750, time=15.569s, alloc_mem=2.39 GB, peak_mem=4.12 GB
[Rank 0] time (ms) | optimizer_step: 5.70
[Rank 0] time (ms) | fwd_microstep: 363.46 | bwd_microstep: 125.14 | bwd_inner_microstep: 96.87 | bwd_allreduce_microstep: 28.19 | step_microstep: 16.08
[Rank 0] time (ms) | fwd: 363.44 | bwd: 125.15 | bwd_inner: 96.89 | bwd_allreduce: 28.19 | step: 16.08
Local>>>>>> step_time: 0.5107049942016602, dataloading_time : 0.002070903778076172,forward_time :0.3593153953552246, backward_time: 0.13277864456176758, optim time :0.016538619995117188
Local>>>>>> step_time: 0.22329378128051758, dataloading_time : 0.0031375885009765625,forward_time :0.07955741882324219, backward_time: 0.12257766723632812, optim time :0.018018484115600586
[Rank 0] time (ms) | optimizer_step: 5.70
[Rank 0] time (ms) | fwd_microstep: 70.85 | bwd_microstep: 116.59 | bwd_inner_microstep: 93.11 | bwd_allreduce_microstep: 23.40 | step_microstep: 15.24
[Rank 0] time (ms) | fwd: 70.84 | bwd: 116.60 | bwd_inner: 93.13 | bwd_allreduce: 23.41 | step: 15.25
Local>>>>>> step_time: 0.2068331241607666, dataloading_time : 0.0008981227874755859,forward_time :0.06558465957641602, backward_time: 0.12466716766357422, optim time :0.01568126678466797
Local>>>>>> step_time: 0.20576047897338867, dataloading_time : 0.0008392333984375,forward_time :0.07280421257019043, backward_time: 0.11586833000183105, optim time :0.01624584197998047
[Rank 0] time (ms) | optimizer_step: 5.67
[Rank 0] time (ms) | fwd_microstep: 69.49 | bwd_microstep: 122.43 | bwd_inner_microstep: 112.13 | bwd_allreduce_microstep: 10.22 | step_microstep: 13.20
[Rank 0] time (ms) | fwd: 69.47 | bwd: 122.44 | bwd_inner: 112.16 | bwd_allreduce: 10.23 | step: 13.20
Local>>>>>> step_time: 0.20911335945129395, dataloading_time : 0.0007636547088623047,forward_time :0.0642387866973877, backward_time: 0.1304786205291748, optim time :0.01363062858581543
Local>>>>>> step_time: 0.20835542678833008, dataloading_time : 0.0008814334869384766,forward_time :0.06478261947631836, backward_time: 0.12927865982055664, optim time :0.013410806655883789
[Rank 0] time (ms) | optimizer_step: 5.68
[Rank 0] time (ms) | fwd_microstep: 68.58 | bwd_microstep: 122.13 | bwd_inner_microstep: 111.95 | bwd_allreduce_microstep: 10.11 | step_microstep: 13.26
[Rank 0] time (ms) | fwd: 68.57 | bwd: 122.14 | bwd_inner: 111.97 | bwd_allreduce: 10.11 | step: 13.26
Local>>>>>> step_time: 0.20796799659729004, dataloading_time : 0.0007691383361816406,forward_time :0.06329345703125, backward_time: 0.1302199363708496, optim time :0.013683795928955078
Local>>>>>> step_time: 0.20796823501586914, dataloading_time : 0.0008051395416259766,forward_time :0.06417536735534668, backward_time: 0.12950944900512695, optim time :0.013476371765136719
[Rank 0] time (ms) | optimizer_step: 5.68
[Rank 0] time (ms) | fwd_microstep: 68.04 | bwd_microstep: 122.14 | bwd_inner_microstep: 112.88 | bwd_allreduce_microstep: 9.12 | step_microstep: 13.21
[Rank 0] time (ms) | fwd: 68.03 | bwd: 122.15 | bwd_inner: 112.94 | bwd_allreduce: 9.11 | step: 13.22
Local>>>>>> step_time: 0.20744562149047852, dataloading_time : 0.0008068084716796875,forward_time :0.06276941299438477, backward_time: 0.13022303581237793, optim time :0.013644933700561523
Local>>>>>> step_time: 0.2075510025024414, dataloading_time : 0.0007457733154296875,forward_time :0.06399655342102051, backward_time: 0.12927722930908203, optim time :0.013529300689697266
[Rank 0] Step 20: loss=2.0781, time=0.207s, alloc_mem=2.39 GB, peak_mem=4.12 GB
[Rank 1] Step 20: loss=2.8438, time=0.208s, alloc_mem=2.39 GB, peak_mem=4.12 GB
[Rank 0] time (ms) | optimizer_step: 5.66
[Rank 0] time (ms) | fwd_microstep: 68.40 | bwd_microstep: 122.49 | bwd_inner_microstep: 112.22 | bwd_allreduce_microstep: 10.20 | step_microstep: 13.35
[Rank 0] time (ms) | fwd: 68.39 | bwd: 122.50 | bwd_inner: 112.24 | bwd_allreduce: 10.20 | step: 13.36
Local>>>>>> step_time: 0.20821285247802734, dataloading_time : 0.0007216930389404297,forward_time :0.06312108039855957, backward_time: 0.1305844783782959, optim time :0.013784170150756836
Local>>>>>> step_time: 0.20802783966064453, dataloading_time : 0.0007219314575195312,forward_time :0.06696605682373047, backward_time: 0.12674760818481445, optim time :0.013590097427368164
[Rank 0] time (ms) | optimizer_step: 5.68
[Rank 0] time (ms) | fwd_microstep: 68.53 | bwd_microstep: 122.44 | bwd_inner_microstep: 112.24 | bwd_allreduce_microstep: 10.14 | step_microstep: 13.24
[Rank 0] time (ms) | fwd: 68.51 | bwd: 122.45 | bwd_inner: 112.26 | bwd_allreduce: 10.11 | step: 13.24
Local>>>>>> step_time: 0.20820188522338867, dataloading_time : 0.0007410049438476562,forward_time :0.06326079368591309, backward_time: 0.1305084228515625, optim time :0.01369023323059082
Local>>>>>> step_time: 0.20815706253051758, dataloading_time : 0.0008904933929443359,forward_time :0.06414675712585449, backward_time: 0.12967348098754883, optim time :0.013444900512695312
[Rank 0] time (ms) | optimizer_step: 5.69
[Rank 0] time (ms) | fwd_microstep: 67.89 | bwd_microstep: 122.22 | bwd_inner_microstep: 112.33 | bwd_allreduce_microstep: 9.76 | step_microstep: 13.29
[Rank 0] time (ms) | fwd: 67.88 | bwd: 122.23 | bwd_inner: 112.38 | bwd_allreduce: 9.73 | step: 13.30
Local>>>>>> step_time: 0.2073502540588379, dataloading_time : 0.0007090568542480469,forward_time :0.06264901161193848, backward_time: 0.13026714324951172, optim time :0.013723373413085938
Local>>>>>> step_time: 0.2073991298675537, dataloading_time : 0.0006906986236572266,forward_time :0.0638878345489502, backward_time: 0.1292726993560791, optim time :0.013545513153076172
[Rank 0] time (ms) | optimizer_step: 5.70
[Rank 0] time (ms) | fwd_microstep: 68.90 | bwd_microstep: 122.45 | bwd_inner_microstep: 112.55 | bwd_allreduce_microstep: 9.80 | step_microstep: 13.29
[Rank 0] time (ms) | fwd: 68.89 | bwd: 122.46 | bwd_inner: 112.58 | bwd_allreduce: 9.79 | step: 13.29
Local>>>>>> step_time: 0.20856714248657227, dataloading_time : 0.00067901611328125,forward_time :0.06365799903869629, backward_time: 0.13051724433898926, optim time :0.01371145248413086
Local>>>>>> step_time: 0.20854854583740234, dataloading_time : 0.0007889270782470703,forward_time :0.06440854072570801, backward_time: 0.12986040115356445, optim time :0.013488292694091797
[Rank 0] time (ms) | optimizer_step: 5.69
[Rank 0] time (ms) | fwd_microstep: 68.07 | bwd_microstep: 122.29 | bwd_inner_microstep: 112.14 | bwd_allreduce_microstep: 10.01 | step_microstep: 13.22
[Rank 0] time (ms) | fwd: 68.06 | bwd: 122.30 | bwd_inner: 112.19 | bwd_allreduce: 9.98 | step: 13.23
Local>>>>>> step_time: 0.2076258659362793, dataloading_time : 0.0008232593536376953,forward_time :0.06279301643371582, backward_time: 0.1303560733795166, optim time :0.013652801513671875
Local>>>>>> step_time: 0.20760607719421387, dataloading_time : 0.0007259845733642578,forward_time :0.06391716003417969, backward_time: 0.1295170783996582, optim time :0.013444185256958008
[Rank 0] Step 25: loss=1.2422, time=0.208s, alloc_mem=2.39 GB, peak_mem=4.12 GB
[Rank 1] Step 25: loss=1.7422, time=0.208s, alloc_mem=2.39 GB, peak_mem=4.12 GB
[Rank 0] time (ms) | optimizer_step: 5.68
[Rank 0] time (ms) | fwd_microstep: 67.99 | bwd_microstep: 122.35 | bwd_inner_microstep: 113.09 | bwd_allreduce_microstep: 9.13 | step_microstep: 13.27
[Rank 0] time (ms) | fwd: 67.98 | bwd: 122.36 | bwd_inner: 113.14 | bwd_allreduce: 9.09 | step: 13.27
Local>>>>>> step_time: 0.2075188159942627, dataloading_time : 0.0006847381591796875,forward_time :0.0627126693725586, backward_time: 0.1304163932800293, optim time :0.01370382308959961
Local>>>>>> step_time: 0.20747685432434082, dataloading_time : 0.0007195472717285156,forward_time :0.0636749267578125, backward_time: 0.12958145141601562, optim time :0.013499259948730469
[Rank 0] time (ms) | optimizer_step: 5.68
[Rank 0] time (ms) | fwd_microstep: 68.36 | bwd_microstep: 121.93 | bwd_inner_microstep: 112.11 | bwd_allreduce_microstep: 9.71 | step_microstep: 13.21
[Rank 0] time (ms) | fwd: 68.35 | bwd: 121.94 | bwd_inner: 112.15 | bwd_allreduce: 9.72 | step: 13.21
Local>>>>>> step_time: 0.20741653442382812, dataloading_time : 0.0006890296936035156,forward_time :0.06307220458984375, backward_time: 0.1300199031829834, optim time :0.013634204864501953
Local>>>>>> step_time: 0.2074267864227295, dataloading_time : 0.0007750988006591797,forward_time :0.06412982940673828, backward_time: 0.12904691696166992, optim time :0.013473272323608398
[Rank 0] time (ms) | optimizer_step: 5.70
[Rank 0] time (ms) | fwd_microstep: 68.28 | bwd_microstep: 123.02 | bwd_inner_microstep: 112.68 | bwd_allreduce_microstep: 10.26 | step_microstep: 13.60
[Rank 0] time (ms) | fwd: 68.27 | bwd: 123.03 | bwd_inner: 112.71 | bwd_allreduce: 10.26 | step: 13.60
Local>>>>>> step_time: 0.20885372161865234, dataloading_time : 0.0007381439208984375,forward_time :0.06304144859313965, backward_time: 0.1310563087463379, optim time :0.01401662826538086
Local>>>>>> step_time: 0.20889616012573242, dataloading_time : 0.0007073879241943359,forward_time :0.06417346000671387, backward_time: 0.13015460968017578, optim time :0.013859033584594727
[Rank 0] time (ms) | optimizer_step: 5.67
[Rank 0] time (ms) | fwd_microstep: 68.57 | bwd_microstep: 122.78 | bwd_inner_microstep: 112.54 | bwd_allreduce_microstep: 10.17 | step_microstep: 13.34
[Rank 0] time (ms) | fwd: 68.56 | bwd: 122.79 | bwd_inner: 112.56 | bwd_allreduce: 10.17 | step: 13.34
Local>>>>>> step_time: 0.20861029624938965, dataloading_time : 0.0006909370422363281,forward_time :0.06331992149353027, backward_time: 0.13082432746887207, optim time :0.013773441314697266
Local>>>>>> step_time: 0.2085404396057129, dataloading_time : 0.0007207393646240234,forward_time :0.06436753273010254, backward_time: 0.12984728813171387, optim time :0.013596534729003906
[Rank 0] time (ms) | optimizer_step: 5.73
[Rank 0] time (ms) | fwd_microstep: 68.34 | bwd_microstep: 122.11 | bwd_inner_microstep: 112.20 | bwd_allreduce_microstep: 9.77 | step_microstep: 13.36
[Rank 0] time (ms) | fwd: 68.33 | bwd: 122.12 | bwd_inner: 112.25 | bwd_allreduce: 9.73 | step: 13.37
Local>>>>>> step_time: 0.207749605178833, dataloading_time : 0.0007028579711914062,forward_time :0.06307148933410645, backward_time: 0.1301734447479248, optim time :0.013800859451293945
Local>>>>>> step_time: 0.2077498435974121, dataloading_time : 0.0007979869842529297,forward_time :0.06409358978271484, backward_time: 0.12925291061401367, optim time :0.01360321044921875
[Rank 0] Step 30: loss=1.5938, time=0.208s, alloc_mem=2.39 GB, peak_mem=4.12 GB
[Rank 1] Step 30: loss=1.6250, time=0.208s, alloc_mem=2.39 GB, peak_mem=4.12 GB
[Rank 0] time (ms) | optimizer_step: 5.67
[Rank 0] time (ms) | fwd_microstep: 68.50 | bwd_microstep: 122.73 | bwd_inner_microstep: 112.52 | bwd_allreduce_microstep: 10.15 | step_microstep: 13.38
[Rank 0] time (ms) | fwd: 68.49 | bwd: 122.74 | bwd_inner: 112.54 | bwd_allreduce: 10.15 | step: 13.39
Local>>>>>> step_time: 0.2086317539215088, dataloading_time : 0.0007882118225097656,forward_time :0.06322336196899414, backward_time: 0.13080477714538574, optim time :0.013813495635986328
Local>>>>>> step_time: 0.2085115909576416, dataloading_time : 0.0007169246673583984,forward_time :0.06412696838378906, backward_time: 0.1300973892211914, optim time :0.013568401336669922
[Rank 0] time (ms) | optimizer_step: 5.69
[Rank 0] time (ms) | fwd_microstep: 68.10 | bwd_microstep: 122.33 | bwd_inner_microstep: 112.28 | bwd_allreduce_microstep: 9.92 | step_microstep: 13.23
[Rank 0] time (ms) | fwd: 68.08 | bwd: 122.34 | bwd_inner: 112.32 | bwd_allreduce: 9.90 | step: 13.23
Local>>>>>> step_time: 0.20754289627075195, dataloading_time : 0.0006763935089111328,forward_time :0.06282901763916016, backward_time: 0.13038325309753418, optim time :0.013653039932250977
Local>>>>>> step_time: 0.2075653076171875, dataloading_time : 0.0008466243743896484,forward_time :0.06391072273254395, backward_time: 0.12938666343688965, optim time :0.013419866561889648
[Rank 0] time (ms) | optimizer_step: 5.72
[Rank 0] time (ms) | fwd_microstep: 68.13 | bwd_microstep: 121.92 | bwd_inner_microstep: 112.14 | bwd_allreduce_microstep: 9.64 | step_microstep: 13.33
[Rank 0] time (ms) | fwd: 68.12 | bwd: 121.93 | bwd_inner: 112.19 | bwd_allreduce: 9.64 | step: 13.33
Local>>>>>> step_time: 0.2073681354522705, dataloading_time : 0.0007503032684326172,forward_time :0.06285905838012695, backward_time: 0.12999200820922852, optim time :0.013765096664428711
Local>>>>>> step_time: 0.20731830596923828, dataloading_time : 0.0006957054138183594,forward_time :0.06404566764831543, backward_time: 0.12914061546325684, optim time :0.013434886932373047
[Rank 0] time (ms) | optimizer_step: 5.69
[Rank 0] time (ms) | fwd_microstep: 68.30 | bwd_microstep: 122.14 | bwd_inner_microstep: 112.28 | bwd_allreduce_microstep: 9.76 | step_microstep: 13.30
[Rank 0] time (ms) | fwd: 68.29 | bwd: 122.15 | bwd_inner: 112.31 | bwd_allreduce: 9.77 | step: 13.30
Local>>>>>> step_time: 0.20763564109802246, dataloading_time : 0.0006718635559082031,forward_time :0.06302094459533691, backward_time: 0.13021492958068848, optim time :0.013726472854614258
Local>>>>>> step_time: 0.20766687393188477, dataloading_time : 0.0007588863372802734,forward_time :0.06412768363952637, backward_time: 0.1293036937713623, optim time :0.013474702835083008
[Rank 0] time (ms) | optimizer_step: 5.70
[Rank 0] time (ms) | fwd_microstep: 68.24 | bwd_microstep: 122.20 | bwd_inner_microstep: 112.20 | bwd_allreduce_microstep: 9.86 | step_microstep: 13.35
[Rank 0] time (ms) | fwd: 68.23 | bwd: 122.21 | bwd_inner: 112.25 | bwd_allreduce: 9.83 | step: 13.35
Local>>>>>> step_time: 0.20780086517333984, dataloading_time : 0.0007638931274414062,forward_time :0.06297612190246582, backward_time: 0.13028693199157715, optim time :0.013772249221801758
Local>>>>>> step_time: 0.20776844024658203, dataloading_time : 0.0006995201110839844,forward_time :0.0643465518951416, backward_time: 0.12929415702819824, optim time :0.013426542282104492
[Rank 0] Step 35: loss=1.2109, time=0.208s, alloc_mem=2.39 GB, peak_mem=4.12 GB
[Rank 1] Step 35: loss=1.5859, time=0.208s, alloc_mem=2.39 GB, peak_mem=4.12 GB
[Rank 0] time (ms) | optimizer_step: 5.69
[Rank 0] time (ms) | fwd_microstep: 68.36 | bwd_microstep: 122.31 | bwd_inner_microstep: 112.56 | bwd_allreduce_microstep: 9.69 | step_microstep: 13.37
[Rank 0] time (ms) | fwd: 68.34 | bwd: 122.32 | bwd_inner: 112.57 | bwd_allreduce: 9.70 | step: 13.38
Local>>>>>> step_time: 0.2079463005065918, dataloading_time : 0.0006866455078125,forward_time :0.06311631202697754, backward_time: 0.1303400993347168, optim time :0.013801813125610352
Local>>>>>> step_time: 0.20790839195251465, dataloading_time : 0.0007505416870117188,forward_time :0.0640556812286377, backward_time: 0.12950396537780762, optim time :0.013596296310424805
[Rank 0] time (ms) | optimizer_step: 5.67
[Rank 0] time (ms) | fwd_microstep: 68.81 | bwd_microstep: 115.56 | bwd_inner_microstep: 92.97 | bwd_allreduce_microstep: 22.52 | step_microstep: 15.13
[Rank 0] time (ms) | fwd: 68.80 | bwd: 115.57 | bwd_inner: 92.99 | bwd_allreduce: 22.52 | step: 15.13
Local>>>>>> step_time: 0.20345354080200195, dataloading_time : 0.0007555484771728516,forward_time :0.06357359886169434, backward_time: 0.12356281280517578, optim time :0.015560150146484375
Local>>>>>> step_time: 0.20416879653930664, dataloading_time : 0.0007455348968505859,forward_time :0.07262992858886719, backward_time: 0.11472249031066895, optim time :0.016068458557128906
[Rank 0] time (ms) | optimizer_step: 5.68
[Rank 0] time (ms) | fwd_microstep: 68.96 | bwd_microstep: 118.74 | bwd_inner_microstep: 92.97 | bwd_allreduce_microstep: 25.70 | step_microstep: 14.99
[Rank 0] time (ms) | fwd: 68.95 | bwd: 118.75 | bwd_inner: 92.99 | bwd_allreduce: 25.71 | step: 14.99
Local>>>>>> step_time: 0.20661473274230957, dataloading_time : 0.0007092952728271484,forward_time :0.06370782852172852, backward_time: 0.12677741050720215, optim time :0.015418529510498047
Local>>>>>> step_time: 0.2065291404724121, dataloading_time : 0.0007913112640380859,forward_time :0.07511615753173828, backward_time: 0.11477422714233398, optim time :0.015845060348510742
[Rank 0] time (ms) | optimizer_step: 5.70
[Rank 0] time (ms) | fwd_microstep: 68.50 | bwd_microstep: 115.74 | bwd_inner_microstep: 93.11 | bwd_allreduce_microstep: 22.56 | step_microstep: 15.69
[Rank 0] time (ms) | fwd: 68.48 | bwd: 115.75 | bwd_inner: 93.13 | bwd_allreduce: 22.56 | step: 15.70
Local>>>>>> step_time: 0.2039189338684082, dataloading_time : 0.0007698535919189453,forward_time :0.06321954727172852, backward_time: 0.12379240989685059, optim time :0.016134977340698242
Local>>>>>> step_time: 0.20380496978759766, dataloading_time : 0.0007495880126953125,forward_time :0.07147002220153809, backward_time: 0.11511516571044922, optim time :0.01646733283996582
[Rank 0] time (ms) | optimizer_step: 5.68
[Rank 0] time (ms) | fwd_microstep: 69.05 | bwd_microstep: 117.64 | bwd_inner_microstep: 93.06 | bwd_allreduce_microstep: 24.52 | step_microstep: 15.10
[Rank 0] time (ms) | fwd: 69.04 | bwd: 117.65 | bwd_inner: 93.07 | bwd_allreduce: 24.52 | step: 15.10
Local>>>>>> step_time: 0.2057197093963623, dataloading_time : 0.0007290840148925781,forward_time :0.0638132095336914, backward_time: 0.1256566047668457, optim time :0.01551961898803711
[Rank 0] Step 40: loss=1.3594, time=0.206s, alloc_mem=2.39 GB, peak_mem=4.12 GB
Local>>>>>> step_time: 0.20584940910339355, dataloading_time : 0.0007786750793457031,forward_time :0.0744023323059082, backward_time: 0.1146843433380127, optim time :0.015980958938598633
[Rank 1] Step 40: loss=1.1641, time=0.206s, alloc_mem=2.39 GB, peak_mem=4.12 GB
[Rank 0] time (ms) | optimizer_step: 5.69
[Rank 0] time (ms) | fwd_microstep: 69.01 | bwd_microstep: 115.94 | bwd_inner_microstep: 93.22 | bwd_allreduce_microstep: 22.66 | step_microstep: 15.09
[Rank 0] time (ms) | fwd: 69.00 | bwd: 115.95 | bwd_inner: 93.23 | bwd_allreduce: 22.66 | step: 15.09
Local>>>>>> step_time: 0.20401406288146973, dataloading_time : 0.0007281303405761719,forward_time :0.06373357772827148, backward_time: 0.12403130531311035, optim time :0.015519857406616211
Local>>>>>> step_time: 0.20387959480285645, dataloading_time : 0.0007638931274414062,forward_time :0.07189297676086426, backward_time: 0.11528253555297852, optim time :0.015937328338623047
[Rank 0] time (ms) | optimizer_step: 5.68
[Rank 0] time (ms) | fwd_microstep: 69.03 | bwd_microstep: 118.34 | bwd_inner_microstep: 93.05 | bwd_allreduce_microstep: 25.22 | step_microstep: 15.06
[Rank 0] time (ms) | fwd: 69.02 | bwd: 118.35 | bwd_inner: 93.07 | bwd_allreduce: 25.23 | step: 15.06
Local>>>>>> step_time: 0.20642352104187012, dataloading_time : 0.0007352828979492188,forward_time :0.06378984451293945, backward_time: 0.12641167640686035, optim time :0.015485048294067383
Local>>>>>> step_time: 0.20647811889648438, dataloading_time : 0.0007789134979248047,forward_time :0.07326292991638184, backward_time: 0.11646628379821777, optim time :0.015967369079589844
[Rank 0] time (ms) | optimizer_step: 5.69
[Rank 0] time (ms) | fwd_microstep: 68.83 | bwd_microstep: 115.57 | bwd_inner_microstep: 93.31 | bwd_allreduce_microstep: 22.19 | step_microstep: 15.41
[Rank 0] time (ms) | fwd: 68.81 | bwd: 115.58 | bwd_inner: 93.33 | bwd_allreduce: 22.20 | step: 15.41
Local>>>>>> step_time: 0.20381712913513184, dataloading_time : 0.0007786750793457031,forward_time :0.06357717514038086, backward_time: 0.12362384796142578, optim time :0.01583552360534668
Local>>>>>> step_time: 0.20397520065307617, dataloading_time : 0.0007355213165283203,forward_time :0.07166194915771484, backward_time: 0.11529874801635742, optim time :0.016275405883789062
[Rank 0] time (ms) | optimizer_step: 5.69
[Rank 0] time (ms) | fwd_microstep: 69.32 | bwd_microstep: 117.12 | bwd_inner_microstep: 92.98 | bwd_allreduce_microstep: 24.06 | step_microstep: 16.87
[Rank 0] time (ms) | fwd: 69.31 | bwd: 117.13 | bwd_inner: 93.01 | bwd_allreduce: 24.07 | step: 16.87
Local>>>>>> step_time: 0.20727944374084473, dataloading_time : 0.0007524490356445312,forward_time :0.0640420913696289, backward_time: 0.12519478797912598, optim time :0.0172884464263916
Local>>>>>> step_time: 0.2072618007659912, dataloading_time : 0.00083160400390625,forward_time :0.07264113426208496, backward_time: 0.11746430397033691, optim time :0.01632213592529297
[Rank 0] time (ms) | optimizer_step: 5.69
[Rank 0] time (ms) | fwd_microstep: 69.57 | bwd_microstep: 117.17 | bwd_inner_microstep: 95.65 | bwd_allreduce_microstep: 21.45 | step_microstep: 15.07
[Rank 0] time (ms) | fwd: 69.56 | bwd: 117.18 | bwd_inner: 95.67 | bwd_allreduce: 21.46 | step: 15.07
Local>>>>>> step_time: 0.20584321022033691, dataloading_time : 0.000797271728515625,forward_time :0.06428742408752441, backward_time: 0.12526249885559082, optim time :0.015494346618652344
[Rank 0] Step 45: loss=1.8438, time=0.206s, alloc_mem=2.39 GB, peak_mem=4.12 GB
Local>>>>>> step_time: 0.20567727088928223, dataloading_time : 0.0014622211456298828,forward_time :0.07276654243469238, backward_time: 0.11548089981079102, optim time :0.01596522331237793
[Rank 1] Step 45: loss=1.2188, time=0.206s, alloc_mem=2.39 GB, peak_mem=4.12 GB
[Rank 0] time (ms) | optimizer_step: 5.66
[Rank 0] time (ms) | fwd_microstep: 69.66 | bwd_microstep: 121.89 | bwd_inner_microstep: 111.90 | bwd_allreduce_microstep: 9.86 | step_microstep: 13.34
[Rank 0] time (ms) | fwd: 69.65 | bwd: 121.90 | bwd_inner: 111.94 | bwd_allreduce: 9.83 | step: 13.34
Local>>>>>> step_time: 0.20888924598693848, dataloading_time : 0.0007877349853515625,forward_time :0.06438159942626953, backward_time: 0.12996459007263184, optim time :0.013753652572631836
Local>>>>>> step_time: 0.20813512802124023, dataloading_time : 0.0009768009185791016,forward_time :0.06514286994934082, backward_time: 0.1284031867980957, optim time :0.013610124588012695
[Rank 0] time (ms) | optimizer_step: 5.69
[Rank 0] time (ms) | fwd_microstep: 68.33 | bwd_microstep: 121.88 | bwd_inner_microstep: 112.05 | bwd_allreduce_microstep: 9.73 | step_microstep: 13.51
[Rank 0] time (ms) | fwd: 68.32 | bwd: 121.88 | bwd_inner: 112.09 | bwd_allreduce: 9.72 | step: 13.51
Local>>>>>> step_time: 0.20769691467285156, dataloading_time : 0.0007576942443847656,forward_time :0.06303954124450684, backward_time: 0.1299595832824707, optim time :0.013938665390014648
Local>>>>>> step_time: 0.20760560035705566, dataloading_time : 0.0007877349853515625,forward_time :0.0651392936706543, backward_time: 0.12794709205627441, optim time :0.013730287551879883
[Rank 0] time (ms) | optimizer_step: 5.70
[Rank 0] time (ms) | fwd_microstep: 68.19 | bwd_microstep: 122.59 | bwd_inner_microstep: 112.21 | bwd_allreduce_microstep: 10.31 | step_microstep: 13.37
[Rank 0] time (ms) | fwd: 68.18 | bwd: 122.60 | bwd_inner: 112.23 | bwd_allreduce: 10.32 | step: 13.38
Local>>>>>> step_time: 0.20811891555786133, dataloading_time : 0.0007326602935791016,forward_time :0.06294107437133789, backward_time: 0.13064122200012207, optim time :0.013802289962768555
Local>>>>>> step_time: 0.2080976963043213, dataloading_time : 0.0007634162902832031,forward_time :0.06415653228759766, backward_time: 0.12960314750671387, optim time :0.01357269287109375
[Rank 0] time (ms) | optimizer_step: 5.71
[Rank 0] time (ms) | fwd_microstep: 68.44 | bwd_microstep: 122.73 | bwd_inner_microstep: 112.47 | bwd_allreduce_microstep: 10.19 | step_microstep: 13.32
[Rank 0] time (ms) | fwd: 68.43 | bwd: 122.74 | bwd_inner: 112.48 | bwd_allreduce: 10.20 | step: 13.32
Local>>>>>> step_time: 0.20842576026916504, dataloading_time : 0.0007183551788330078,forward_time :0.06315994262695312, backward_time: 0.13080358505249023, optim time :0.013742208480834961
Local>>>>>> step_time: 0.2084031105041504, dataloading_time : 0.0007598400115966797,forward_time :0.06684660911560059, backward_time: 0.12732696533203125, optim time :0.013468265533447266
[Rank 0] time (ms) | optimizer_step: 5.68
[Rank 0] time (ms) | fwd_microstep: 68.28 | bwd_microstep: 121.96 | bwd_inner_microstep: 112.00 | bwd_allreduce_microstep: 9.82 | step_microstep: 13.31
[Rank 0] time (ms) | fwd: 68.27 | bwd: 121.97 | bwd_inner: 112.05 | bwd_allreduce: 9.79 | step: 13.31
Local>>>>>> step_time: 0.2075202465057373, dataloading_time : 0.0007376670837402344,forward_time :0.06300759315490723, backward_time: 0.13004040718078613, optim time :0.013733148574829102
Local>>>>>> step_time: 0.20754146575927734, dataloading_time : 0.0008406639099121094,forward_time :0.06620287895202637, backward_time: 0.12702059745788574, optim time :0.013475179672241211
[Rank 0] Step 50: loss=1.1328, time=0.208s, alloc_mem=2.39 GB, peak_mem=4.12 GB
[Rank 1] Step 50: loss=2.1562, time=0.208s, alloc_mem=2.39 GB, peak_mem=4.12 GB
[Rank 0] time (ms) | optimizer_step: 5.68
[Rank 0] time (ms) | fwd_microstep: 68.26 | bwd_microstep: 122.27 | bwd_inner_microstep: 111.90 | bwd_allreduce_microstep: 10.29 | step_microstep: 13.27
[Rank 0] time (ms) | fwd: 68.25 | bwd: 122.27 | bwd_inner: 111.92 | bwd_allreduce: 10.30 | step: 13.27
Local>>>>>> step_time: 0.20781564712524414, dataloading_time : 0.0007774829864501953,forward_time :0.06298613548278809, backward_time: 0.1303567886352539, optim time :0.01369333267211914
Local>>>>>> step_time: 0.20776629447937012, dataloading_time : 0.0007495880126953125,forward_time :0.06404900550842285, backward_time: 0.12946271896362305, optim time :0.013503074645996094
[Rank 0] time (ms) | optimizer_step: 5.69
[Rank 0] time (ms) | fwd_microstep: 68.66 | bwd_microstep: 122.51 | bwd_inner_microstep: 112.16 | bwd_allreduce_microstep: 10.28 | step_microstep: 13.40
[Rank 0] time (ms) | fwd: 68.65 | bwd: 122.52 | bwd_inner: 112.18 | bwd_allreduce: 10.28 | step: 13.40
Local>>>>>> step_time: 0.20839858055114746, dataloading_time : 0.0006487369537353516,forward_time :0.0633854866027832, backward_time: 0.13054323196411133, optim time :0.013819694519042969
Local>>>>>> step_time: 0.20835638046264648, dataloading_time : 0.0007731914520263672,forward_time :0.06464362144470215, backward_time: 0.12936878204345703, optim time :0.013569116592407227
[Rank 0] time (ms) | optimizer_step: 5.67
[Rank 0] time (ms) | fwd_microstep: 68.11 | bwd_microstep: 122.11 | bwd_inner_microstep: 112.12 | bwd_allreduce_microstep: 9.86 | step_microstep: 13.29
[Rank 0] time (ms) | fwd: 68.10 | bwd: 122.12 | bwd_inner: 112.16 | bwd_allreduce: 9.82 | step: 13.29
Local>>>>>> step_time: 0.20753097534179688, dataloading_time : 0.0007994174957275391,forward_time :0.06282401084899902, backward_time: 0.13019371032714844, optim time :0.013711690902709961
Local>>>>>> step_time: 0.2075634002685547, dataloading_time : 0.0007436275482177734,forward_time :0.06402349472045898, backward_time: 0.12929844856262207, optim time :0.013495922088623047
[Rank 0] time (ms) | optimizer_step: 5.69
[Rank 0] time (ms) | fwd_microstep: 70.50 | bwd_microstep: 113.30 | bwd_inner_microstep: 92.74 | bwd_allreduce_microstep: 20.49 | step_microstep: 15.04
[Rank 0] time (ms) | fwd: 70.49 | bwd: 113.30 | bwd_inner: 92.75 | bwd_allreduce: 20.50 | step: 15.05
Local>>>>>> step_time: 0.20271611213684082, dataloading_time : 0.0006537437438964844,forward_time :0.06525421142578125, backward_time: 0.12133908271789551, optim time :0.015467405319213867
Local>>>>>> step_time: 0.20344209671020508, dataloading_time : 0.0008530616760253906,forward_time :0.07222628593444824, backward_time: 0.11440396308898926, optim time :0.015956401824951172
[Rank 0] time (ms) | optimizer_step: 5.67
[Rank 0] time (ms) | fwd_microstep: 68.76 | bwd_microstep: 120.91 | bwd_inner_microstep: 93.00 | bwd_allreduce_microstep: 27.85 | step_microstep: 14.96
[Rank 0] time (ms) | fwd: 68.75 | bwd: 120.92 | bwd_inner: 93.01 | bwd_allreduce: 27.85 | step: 14.96
Local>>>>>> step_time: 0.2085895538330078, dataloading_time : 0.0007171630859375,forward_time :0.06347179412841797, backward_time: 0.1289985179901123, optim time :0.015399932861328125
[Rank 0] Step 55: loss=0.9570, time=0.209s, alloc_mem=2.39 GB, peak_mem=4.12 GB
Local>>>>>> step_time: 0.20851683616638184, dataloading_time : 0.0007340908050537109,forward_time :0.07204318046569824, backward_time: 0.11989045143127441, optim time :0.015846729278564453
[Rank 1] Step 55: loss=1.7031, time=0.209s, alloc_mem=2.39 GB, peak_mem=4.12 GB
[Rank 0] time (ms) | optimizer_step: 5.66
[Rank 0] time (ms) | fwd_microstep: 69.89 | bwd_microstep: 122.17 | bwd_inner_microstep: 112.30 | bwd_allreduce_microstep: 9.76 | step_microstep: 13.42
[Rank 0] time (ms) | fwd: 69.88 | bwd: 122.18 | bwd_inner: 112.34 | bwd_allreduce: 9.74 | step: 13.42
Local>>>>>> step_time: 0.20941901206970215, dataloading_time : 0.0007023811340332031,forward_time :0.06466555595397949, backward_time: 0.1302022933959961, optim time :0.013846874237060547
Local>>>>>> step_time: 0.20871925354003906, dataloading_time : 0.0008885860443115234,forward_time :0.06601810455322266, backward_time: 0.12810754776000977, optim time :0.013703346252441406
[Rank 0] time (ms) | optimizer_step: 5.67
[Rank 0] time (ms) | fwd_microstep: 68.65 | bwd_microstep: 125.18 | bwd_inner_microstep: 115.22 | bwd_allreduce_microstep: 9.82 | step_microstep: 13.26
[Rank 0] time (ms) | fwd: 68.63 | bwd: 125.19 | bwd_inner: 115.27 | bwd_allreduce: 9.78 | step: 13.26
Local>>>>>> step_time: 0.2110741138458252, dataloading_time : 0.0007145404815673828,forward_time :0.06342911720275879, backward_time: 0.13323211669921875, optim time :0.01369619369506836
Local>>>>>> step_time: 0.21105694770812988, dataloading_time : 0.0008471012115478516,forward_time :0.06569480895996094, backward_time: 0.13097000122070312, optim time :0.013543367385864258
[Rank 0] time (ms) | optimizer_step: 5.78
[Rank 0] time (ms) | fwd_microstep: 68.72 | bwd_microstep: 122.46 | bwd_inner_microstep: 112.08 | bwd_allreduce_microstep: 10.30 | step_microstep: 13.38
[Rank 0] time (ms) | fwd: 68.71 | bwd: 122.47 | bwd_inner: 112.11 | bwd_allreduce: 10.30 | step: 13.38
Local>>>>>> step_time: 0.20856189727783203, dataloading_time : 0.0007715225219726562,forward_time :0.06345796585083008, backward_time: 0.13053178787231445, optim time :0.013798713684082031
Local>>>>>> step_time: 0.20842599868774414, dataloading_time : 0.0009799003601074219,forward_time :0.06423187255859375, backward_time: 0.12967348098754883, optim time :0.01353907585144043
[Rank 0] time (ms) | optimizer_step: 5.67
[Rank 0] time (ms) | fwd_microstep: 68.01 | bwd_microstep: 122.73 | bwd_inner_microstep: 112.39 | bwd_allreduce_microstep: 10.27 | step_microstep: 13.46
[Rank 0] time (ms) | fwd: 68.00 | bwd: 122.74 | bwd_inner: 112.40 | bwd_allreduce: 10.27 | step: 13.46
Local>>>>>> step_time: 0.20821070671081543, dataloading_time : 0.0007796287536621094,forward_time :0.06273365020751953, backward_time: 0.13081049919128418, optim time :0.013885021209716797
Local>>>>>> step_time: 0.20833778381347656, dataloading_time : 0.0008027553558349609,forward_time :0.06573176383972168, backward_time: 0.1280534267425537, optim time :0.0137481689453125
[Rank 0] time (ms) | optimizer_step: 5.80
[Rank 0] time (ms) | fwd_microstep: 68.72 | bwd_microstep: 119.67 | bwd_inner_microstep: 96.23 | bwd_allreduce_microstep: 23.36 | step_microstep: 15.74
[Rank 0] time (ms) | fwd: 68.70 | bwd: 119.68 | bwd_inner: 96.25 | bwd_allreduce: 23.37 | step: 15.75
Local>>>>>> step_time: 0.20810794830322266, dataloading_time : 0.0007297992706298828,forward_time :0.06343841552734375, backward_time: 0.12775349617004395, optim time :0.01618480682373047
[Rank 0] Step 60: loss=1.3984, time=0.208s, alloc_mem=2.39 GB, peak_mem=4.12 GB
Local>>>>>> step_time: 0.20888805389404297, dataloading_time : 0.0009677410125732422,forward_time :0.07215356826782227, backward_time: 0.11894822120666504, optim time :0.016816377639770508
[Rank 1] Step 60: loss=1.2578, time=0.209s, alloc_mem=2.39 GB, peak_mem=4.12 GB
[Rank 0] time (ms) | optimizer_step: 5.68
[Rank 0] time (ms) | fwd_microstep: 71.48 | bwd_microstep: 120.77 | bwd_inner_microstep: 95.04 | bwd_allreduce_microstep: 25.66 | step_microstep: 15.01
[Rank 0] time (ms) | fwd: 71.47 | bwd: 120.78 | bwd_inner: 95.06 | bwd_allreduce: 25.67 | step: 15.01
Local>>>>>> step_time: 0.2112722396850586, dataloading_time : 0.0007638931274414062,forward_time :0.06632375717163086, backward_time: 0.12875103950500488, optim time :0.015431642532348633
Local>>>>>> step_time: 0.21094655990600586, dataloading_time : 0.0008568763732910156,forward_time :0.07508230209350586, backward_time: 0.11911535263061523, optim time :0.01588916778564453
[Rank 0] time (ms) | optimizer_step: 5.67
[Rank 0] time (ms) | fwd_microstep: 68.63 | bwd_microstep: 116.40 | bwd_inner_microstep: 93.26 | bwd_allreduce_microstep: 23.07 | step_microstep: 14.98
[Rank 0] time (ms) | fwd: 68.61 | bwd: 116.41 | bwd_inner: 93.27 | bwd_allreduce: 23.08 | step: 14.98
Local>>>>>> step_time: 0.2039012908935547, dataloading_time : 0.0006682872772216797,forward_time :0.06334924697875977, backward_time: 0.124481201171875, optim time :0.015401363372802734
Local>>>>>> step_time: 0.20388174057006836, dataloading_time : 0.0008287429809570312,forward_time :0.07140517234802246, backward_time: 0.11579489707946777, optim time :0.015850305557250977
[Rank 0] time (ms) | optimizer_step: 5.67
[Rank 0] time (ms) | fwd_microstep: 69.13 | bwd_microstep: 116.59 | bwd_inner_microstep: 92.72 | bwd_allreduce_microstep: 23.81 | step_microstep: 15.05
[Rank 0] time (ms) | fwd: 69.12 | bwd: 116.60 | bwd_inner: 92.74 | bwd_allreduce: 23.81 | step: 15.05
Local>>>>>> step_time: 0.20475029945373535, dataloading_time : 0.0007355213165283203,forward_time :0.06386661529541016, backward_time: 0.12467670440673828, optim time :0.015469074249267578
Local>>>>>> step_time: 0.2048203945159912, dataloading_time : 0.0011241436004638672,forward_time :0.07251715660095215, backward_time: 0.11519718170166016, optim time :0.015979766845703125
[Rank 0] time (ms) | optimizer_step: 5.68
[Rank 0] time (ms) | fwd_microstep: 69.49 | bwd_microstep: 117.32 | bwd_inner_microstep: 93.00 | bwd_allreduce_microstep: 24.26 | step_microstep: 14.98
[Rank 0] time (ms) | fwd: 69.47 | bwd: 117.33 | bwd_inner: 93.02 | bwd_allreduce: 24.26 | step: 14.98
Local>>>>>> step_time: 0.20586657524108887, dataloading_time : 0.0008625984191894531,forward_time :0.06421017646789551, backward_time: 0.1253819465637207, optim time :0.015409708023071289
Local>>>>>> step_time: 0.2057666778564453, dataloading_time : 0.0011627674102783203,forward_time :0.07274603843688965, backward_time: 0.11600255966186523, optim time :0.01585245132446289
[Rank 0] time (ms) | optimizer_step: 5.66
[Rank 0] time (ms) | fwd_microstep: 68.77 | bwd_microstep: 116.89 | bwd_inner_microstep: 93.37 | bwd_allreduce_microstep: 23.45 | step_microstep: 14.97
[Rank 0] time (ms) | fwd: 68.76 | bwd: 116.90 | bwd_inner: 93.39 | bwd_allreduce: 23.45 | step: 14.97
Local>>>>>> step_time: 0.20461153984069824, dataloading_time : 0.0007519721984863281,forward_time :0.06348729133605957, backward_time: 0.12497615814208984, optim time :0.015394926071166992
[Rank 0] Step 65: loss=1.1406, time=0.205s, alloc_mem=2.39 GB, peak_mem=4.12 GB
Local>>>>>> step_time: 0.20459818840026855, dataloading_time : 0.0007932186126708984,forward_time :0.0724949836730957, backward_time: 0.11548686027526855, optim time :0.015820741653442383
[Rank 1] Step 65: loss=1.7188, time=0.205s, alloc_mem=2.39 GB, peak_mem=4.12 GB
[Rank 0] time (ms) | optimizer_step: 5.66
[Rank 0] time (ms) | fwd_microstep: 68.29 | bwd_microstep: 115.81 | bwd_inner_microstep: 92.35 | bwd_allreduce_microstep: 23.39 | step_microstep: 15.08
[Rank 0] time (ms) | fwd: 68.28 | bwd: 115.82 | bwd_inner: 92.37 | bwd_allreduce: 23.40 | step: 15.08
Local>>>>>> step_time: 0.20320844650268555, dataloading_time : 0.0008077621459960938,forward_time :0.0629892349243164, backward_time: 0.12390732765197754, optim time :0.015502452850341797
Local>>>>>> step_time: 0.20313429832458496, dataloading_time : 0.00077056884765625,forward_time :0.07158970832824707, backward_time: 0.11479854583740234, optim time :0.015972375869750977
[Rank 0] time (ms) | optimizer_step: 5.67
[Rank 0] time (ms) | fwd_microstep: 68.64 | bwd_microstep: 118.86 | bwd_inner_microstep: 92.23 | bwd_allreduce_microstep: 26.57 | step_microstep: 15.29
[Rank 0] time (ms) | fwd: 68.62 | bwd: 118.87 | bwd_inner: 92.25 | bwd_allreduce: 26.57 | step: 15.29
Local>>>>>> step_time: 0.20674586296081543, dataloading_time : 0.0007674694061279297,forward_time :0.06333303451538086, backward_time: 0.1269378662109375, optim time :0.01570606231689453
Local>>>>>> step_time: 0.20676350593566895, dataloading_time : 0.0007715225219726562,forward_time :0.0726625919342041, backward_time: 0.11712002754211426, optim time :0.016207456588745117
[Rank 0] time (ms) | optimizer_step: 5.70
[Rank 0] time (ms) | fwd_microstep: 68.34 | bwd_microstep: 120.46 | bwd_inner_microstep: 92.94 | bwd_allreduce_microstep: 27.45 | step_microstep: 15.08
[Rank 0] time (ms) | fwd: 68.33 | bwd: 120.47 | bwd_inner: 92.96 | bwd_allreduce: 27.45 | step: 15.08
Local>>>>>> step_time: 0.20778465270996094, dataloading_time : 0.0006780624389648438,forward_time :0.06305289268493652, backward_time: 0.12854671478271484, optim time :0.015505313873291016
Local>>>>>> step_time: 0.20776605606079102, dataloading_time : 0.0007476806640625,forward_time :0.0734398365020752, backward_time: 0.11759305000305176, optim time :0.01598215103149414
[Rank 0] time (ms) | optimizer_step: 5.68
[Rank 0] time (ms) | fwd_microstep: 68.36 | bwd_microstep: 115.74 | bwd_inner_microstep: 92.37 | bwd_allreduce_microstep: 23.30 | step_microstep: 15.08
[Rank 0] time (ms) | fwd: 68.35 | bwd: 115.75 | bwd_inner: 92.38 | bwd_allreduce: 23.31 | step: 15.08
Local>>>>>> step_time: 0.20319080352783203, dataloading_time : 0.0007920265197753906,forward_time :0.06307315826416016, backward_time: 0.1238248348236084, optim time :0.015498876571655273
Local>>>>>> step_time: 0.2031419277191162, dataloading_time : 0.0008637905120849609,forward_time :0.07147550582885742, backward_time: 0.1148369312286377, optim time :0.015963077545166016
[Rank 0] time (ms) | optimizer_step: 5.68
[Rank 0] time (ms) | fwd_microstep: 68.56 | bwd_microstep: 117.07 | bwd_inner_microstep: 92.93 | bwd_allreduce_microstep: 24.07 | step_microstep: 14.98
[Rank 0] time (ms) | fwd: 68.55 | bwd: 117.08 | bwd_inner: 92.95 | bwd_allreduce: 24.08 | step: 14.98
Local>>>>>> step_time: 0.2045135498046875, dataloading_time : 0.0006763935089111328,forward_time :0.06327080726623535, backward_time: 0.12515830993652344, optim time :0.015406370162963867
[Rank 0] Step 70: loss=1.7344, time=0.205s, alloc_mem=2.39 GB, peak_mem=4.12 GB
Local>>>>>> step_time: 0.2045753002166748, dataloading_time : 0.0008192062377929688,forward_time :0.07206392288208008, backward_time: 0.11575007438659668, optim time :0.015939950942993164
[Rank 1] Step 70: loss=1.1172, time=0.205s, alloc_mem=2.39 GB, peak_mem=4.12 GB
[Rank 0] time (ms) | optimizer_step: 5.66
[Rank 0] time (ms) | fwd_microstep: 68.35 | bwd_microstep: 115.85 | bwd_inner_microstep: 92.49 | bwd_allreduce_microstep: 23.28 | step_microstep: 15.05
[Rank 0] time (ms) | fwd: 68.34 | bwd: 115.85 | bwd_inner: 92.51 | bwd_allreduce: 23.28 | step: 15.05
Local>>>>>> step_time: 0.2032158374786377, dataloading_time : 0.0007586479187011719,forward_time :0.06306314468383789, backward_time: 0.12392544746398926, optim time :0.015467405319213867
Local>>>>>> step_time: 0.20307254791259766, dataloading_time : 0.0009019374847412109,forward_time :0.07117629051208496, backward_time: 0.11502695083618164, optim time :0.01596546173095703
[Rank 0] time (ms) | optimizer_step: 5.70
[Rank 0] time (ms) | fwd_microstep: 68.00 | bwd_microstep: 116.50 | bwd_inner_microstep: 92.89 | bwd_allreduce_microstep: 23.52 | step_microstep: 15.16
[Rank 0] time (ms) | fwd: 67.99 | bwd: 116.51 | bwd_inner: 92.91 | bwd_allreduce: 23.53 | step: 15.16
Local>>>>>> step_time: 0.2035677433013916, dataloading_time : 0.0006997585296630859,forward_time :0.06271958351135254, backward_time: 0.12456154823303223, optim time :0.01558542251586914
Local>>>>>> step_time: 0.20351099967956543, dataloading_time : 0.0007863044738769531,forward_time :0.07131052017211914, backward_time: 0.11537742614746094, optim time :0.016033649444580078
[Rank 0] time (ms) | optimizer_step: 5.68
[Rank 0] time (ms) | fwd_microstep: 68.14 | bwd_microstep: 116.48 | bwd_inner_microstep: 93.58 | bwd_allreduce_microstep: 22.83 | step_microstep: 15.11
[Rank 0] time (ms) | fwd: 68.13 | bwd: 116.49 | bwd_inner: 93.60 | bwd_allreduce: 22.84 | step: 15.11
Local>>>>>> step_time: 0.2036726474761963, dataloading_time : 0.0007386207580566406,forward_time :0.06283736228942871, backward_time: 0.12456798553466797, optim time :0.01552724838256836
Local>>>>>> step_time: 0.2036585807800293, dataloading_time : 0.0007548332214355469,forward_time :0.07134795188903809, backward_time: 0.1155860424041748, optim time :0.015967130661010742
[Rank 0] time (ms) | optimizer_step: 5.68
[Rank 0] time (ms) | fwd_microstep: 68.03 | bwd_microstep: 117.07 | bwd_inner_microstep: 92.48 | bwd_allreduce_microstep: 24.51 | step_microstep: 15.25
[Rank 0] time (ms) | fwd: 68.02 | bwd: 117.08 | bwd_inner: 92.50 | bwd_allreduce: 24.51 | step: 15.25
Local>>>>>> step_time: 0.20423173904418945, dataloading_time : 0.0006413459777832031,forward_time :0.06274533271789551, backward_time: 0.12515830993652344, optim time :0.015685558319091797
Local>>>>>> step_time: 0.20429396629333496, dataloading_time : 0.0007762908935546875,forward_time :0.0714266300201416, backward_time: 0.11590027809143066, optim time :0.016188383102416992
[Rank 0] time (ms) | optimizer_step: 5.75
[Rank 0] time (ms) | fwd_microstep: 71.42 | bwd_microstep: 113.32 | bwd_inner_microstep: 92.49 | bwd_allreduce_microstep: 20.77 | step_microstep: 15.12
[Rank 0] time (ms) | fwd: 71.41 | bwd: 113.33 | bwd_inner: 92.50 | bwd_allreduce: 20.77 | step: 15.12
Local>>>>>> step_time: 0.20381665229797363, dataloading_time : 0.0007112026214599609,forward_time :0.06615447998046875, backward_time: 0.12140083312988281, optim time :0.015548229217529297
[Rank 0] Step 75: loss=2.0625, time=0.204s, alloc_mem=2.39 GB, peak_mem=4.12 GB
Local>>>>>> step_time: 0.20377373695373535, dataloading_time : 0.0008282661437988281,forward_time :0.07173633575439453, backward_time: 0.11518478393554688, optim time :0.016021728515625
[Rank 1] Step 75: loss=1.7891, time=0.204s, alloc_mem=2.39 GB, peak_mem=4.12 GB
[Rank 0] time (ms) | optimizer_step: 5.69
[Rank 0] time (ms) | fwd_microstep: 69.13 | bwd_microstep: 116.92 | bwd_inner_microstep: 92.78 | bwd_allreduce_microstep: 24.07 | step_microstep: 14.99
[Rank 0] time (ms) | fwd: 69.12 | bwd: 116.93 | bwd_inner: 92.80 | bwd_allreduce: 24.08 | step: 15.00
Local>>>>>> step_time: 0.2049543857574463, dataloading_time : 0.0006692409515380859,forward_time :0.0638284683227539, backward_time: 0.12501764297485352, optim time :0.015437602996826172
Local>>>>>> step_time: 0.2048170566558838, dataloading_time : 0.0007784366607666016,forward_time :0.07338261604309082, backward_time: 0.11476421356201172, optim time :0.01588892936706543
[Rank 0] time (ms) | optimizer_step: 5.65
[Rank 0] time (ms) | fwd_microstep: 68.40 | bwd_microstep: 115.95 | bwd_inner_microstep: 92.62 | bwd_allreduce_microstep: 23.26 | step_microstep: 15.05
[Rank 0] time (ms) | fwd: 68.39 | bwd: 115.96 | bwd_inner: 92.65 | bwd_allreduce: 23.26 | step: 15.05
Local>>>>>> step_time: 0.20331096649169922, dataloading_time : 0.0006818771362304688,forward_time :0.06311321258544922, backward_time: 0.12403726577758789, optim time :0.01547694206237793
Local>>>>>> step_time: 0.20331048965454102, dataloading_time : 0.0007269382476806641,forward_time :0.0717160701751709, backward_time: 0.11491084098815918, optim time :0.015954256057739258
[Rank 0] time (ms) | optimizer_step: 5.68
[Rank 0] time (ms) | fwd_microstep: 68.33 | bwd_microstep: 116.02 | bwd_inner_microstep: 92.56 | bwd_allreduce_microstep: 23.40 | step_microstep: 15.02
[Rank 0] time (ms) | fwd: 68.32 | bwd: 116.03 | bwd_inner: 92.57 | bwd_allreduce: 23.40 | step: 15.02
Local>>>>>> step_time: 0.20325446128845215, dataloading_time : 0.0006537437438964844,forward_time :0.06303215026855469, backward_time: 0.12410855293273926, optim time :0.015458822250366211
Local>>>>>> step_time: 0.20324993133544922, dataloading_time : 0.0007855892181396484,forward_time :0.07158184051513672, backward_time: 0.11494636535644531, optim time :0.01593327522277832
[Rank 0] time (ms) | optimizer_step: 5.69
[Rank 0] time (ms) | fwd_microstep: 68.17 | bwd_microstep: 115.95 | bwd_inner_microstep: 92.36 | bwd_allreduce_microstep: 23.51 | step_microstep: 14.97
[Rank 0] time (ms) | fwd: 68.16 | bwd: 115.96 | bwd_inner: 92.39 | bwd_allreduce: 23.51 | step: 14.97
Local>>>>>> step_time: 0.20307421684265137, dataloading_time : 0.0007517337799072266,forward_time :0.06287813186645508, backward_time: 0.1240394115447998, optim time :0.01540374755859375
Local>>>>>> step_time: 0.2030625343322754, dataloading_time : 0.0007796287536621094,forward_time :0.0715022087097168, backward_time: 0.11490678787231445, optim time :0.015871286392211914
[Rank 0] time (ms) | optimizer_step: 5.70
[Rank 0] time (ms) | fwd_microstep: 68.71 | bwd_microstep: 117.59 | bwd_inner_microstep: 92.40 | bwd_allreduce_microstep: 25.11 | step_microstep: 15.10
[Rank 0] time (ms) | fwd: 68.70 | bwd: 117.59 | bwd_inner: 92.42 | bwd_allreduce: 25.12 | step: 15.10
Local>>>>>> step_time: 0.20525050163269043, dataloading_time : 0.0006532669067382812,forward_time :0.06341838836669922, backward_time: 0.12565302848815918, optim time :0.015524148941040039
[Rank 0] Step 80: loss=1.2656, time=0.205s, alloc_mem=2.39 GB, peak_mem=4.12 GB
Local>>>>>> step_time: 0.20524191856384277, dataloading_time : 0.0008270740509033203,forward_time :0.07305169105529785, backward_time: 0.1153867244720459, optim time :0.015973567962646484
[Rank 1] Step 80: loss=1.2500, time=0.205s, alloc_mem=2.39 GB, peak_mem=4.12 GB
[Rank 0] time (ms) | optimizer_step: 5.68
[Rank 0] time (ms) | fwd_microstep: 68.33 | bwd_microstep: 115.76 | bwd_inner_microstep: 92.29 | bwd_allreduce_microstep: 23.40 | step_microstep: 15.11
[Rank 0] time (ms) | fwd: 68.32 | bwd: 115.77 | bwd_inner: 92.31 | bwd_allreduce: 23.40 | step: 15.12
Local>>>>>> step_time: 0.20312881469726562, dataloading_time : 0.00070953369140625,forward_time :0.06306910514831543, backward_time: 0.12381649017333984, optim time :0.015532493591308594
Local>>>>>> step_time: 0.20301198959350586, dataloading_time : 0.0008130073547363281,forward_time :0.07148504257202148, backward_time: 0.11470985412597656, optim time :0.016000986099243164
[Rank 0] time (ms) | optimizer_step: 5.67
[Rank 0] time (ms) | fwd_microstep: 70.71 | bwd_microstep: 115.07 | bwd_inner_microstep: 93.72 | bwd_allreduce_microstep: 21.28 | step_microstep: 15.08
[Rank 0] time (ms) | fwd: 70.70 | bwd: 115.08 | bwd_inner: 93.74 | bwd_allreduce: 21.28 | step: 15.08
Local>>>>>> step_time: 0.20477557182312012, dataloading_time : 0.0007207393646240234,forward_time :0.06545424461364746, backward_time: 0.12310123443603516, optim time :0.015498161315917969
Local>>>>>> step_time: 0.20473909378051758, dataloading_time : 0.0007939338684082031,forward_time :0.07329750061035156, backward_time: 0.11469411849975586, optim time :0.015950918197631836
[Rank 0] time (ms) | optimizer_step: 5.67
[Rank 0] time (ms) | fwd_microstep: 68.57 | bwd_microstep: 115.55 | bwd_inner_microstep: 92.93 | bwd_allreduce_microstep: 22.55 | step_microstep: 14.99
[Rank 0] time (ms) | fwd: 68.55 | bwd: 115.56 | bwd_inner: 92.95 | bwd_allreduce: 22.55 | step: 14.99
Local>>>>>> step_time: 0.20300531387329102, dataloading_time : 0.0007112026214599609,forward_time :0.06328010559082031, backward_time: 0.12360572814941406, optim time :0.015406608581542969
Local>>>>>> step_time: 0.20299696922302246, dataloading_time : 0.0007486343383789062,forward_time :0.07183432579040527, backward_time: 0.1145620346069336, optim time :0.01584911346435547
[Rank 0] time (ms) | optimizer_step: 5.67
[Rank 0] time (ms) | fwd_microstep: 68.18 | bwd_microstep: 115.86 | bwd_inner_microstep: 92.47 | bwd_allreduce_microstep: 23.32 | step_microstep: 15.25
[Rank 0] time (ms) | fwd: 68.17 | bwd: 115.87 | bwd_inner: 92.50 | bwd_allreduce: 23.32 | step: 15.26
Local>>>>>> step_time: 0.20317649841308594, dataloading_time : 0.0006568431854248047,forward_time :0.06289458274841309, backward_time: 0.12395286560058594, optim time :0.0156705379486084
Local>>>>>> step_time: 0.20324969291687012, dataloading_time : 0.0008215904235839844,forward_time :0.07139062881469727, backward_time: 0.11483645439147949, optim time :0.01619887351989746
[Rank 0] time (ms) | optimizer_step: 5.68
[Rank 0] time (ms) | fwd_microstep: 68.37 | bwd_microstep: 115.94 | bwd_inner_microstep: 92.63 | bwd_allreduce_microstep: 23.24 | step_microstep: 14.94
[Rank 0] time (ms) | fwd: 68.36 | bwd: 115.95 | bwd_inner: 92.65 | bwd_allreduce: 23.24 | step: 14.94
Local>>>>>> step_time: 0.2031104564666748, dataloading_time : 0.0006554126739501953,forward_time :0.06307625770568848, backward_time: 0.12401509284973145, optim time :0.015362024307250977
[Rank 0] Step 85: loss=1.4531, time=0.203s, alloc_mem=2.39 GB, peak_mem=4.12 GB
Local>>>>>> step_time: 0.20299792289733887, dataloading_time : 0.0007700920104980469,forward_time :0.07145309448242188, backward_time: 0.11497831344604492, optim time :0.015794038772583008
[Rank 1] Step 85: loss=1.3906, time=0.203s, alloc_mem=2.39 GB, peak_mem=4.12 GB
[Rank 0] time (ms) | optimizer_step: 5.71
[Rank 0] time (ms) | fwd_microstep: 68.83 | bwd_microstep: 119.91 | bwd_inner_microstep: 93.53 | bwd_allreduce_microstep: 26.30 | step_microstep: 15.06
[Rank 0] time (ms) | fwd: 68.82 | bwd: 119.92 | bwd_inner: 93.56 | bwd_allreduce: 26.31 | step: 15.06
Local>>>>>> step_time: 0.2077016830444336, dataloading_time : 0.0006704330444335938,forward_time :0.06354761123657227, backward_time: 0.12798714637756348, optim time :0.015494585037231445
Local>>>>>> step_time: 0.20753169059753418, dataloading_time : 0.0007944107055664062,forward_time :0.07274031639099121, backward_time: 0.1181180477142334, optim time :0.015876293182373047
[Rank 0] time (ms) | optimizer_step: 5.69
[Rank 0] time (ms) | fwd_microstep: 68.49 | bwd_microstep: 121.03 | bwd_inner_microstep: 92.31 | bwd_allreduce_microstep: 28.66 | step_microstep: 15.12
[Rank 0] time (ms) | fwd: 68.48 | bwd: 121.04 | bwd_inner: 92.33 | bwd_allreduce: 28.66 | step: 15.13
Local>>>>>> step_time: 0.2086181640625, dataloading_time : 0.0007615089416503906,forward_time :0.06322145462036133, backward_time: 0.12909460067749023, optim time :0.015538930892944336
Local>>>>>> step_time: 0.20876502990722656, dataloading_time : 0.0007786750793457031,forward_time :0.07182478904724121, backward_time: 0.12012910842895508, optim time :0.016030073165893555
[Rank 0] time (ms) | optimizer_step: 5.69
[Rank 0] time (ms) | fwd_microstep: 69.18 | bwd_microstep: 109.58 | bwd_inner_microstep: 92.06 | bwd_allreduce_microstep: 17.47 | step_microstep: 13.25
[Rank 0] time (ms) | fwd: 69.16 | bwd: 109.59 | bwd_inner: 92.06 | bwd_allreduce: 17.44 | step: 13.25
Local>>>>>> step_time: 0.1958620548248291, dataloading_time : 0.0006487369537353516,forward_time :0.06391096115112305, backward_time: 0.11763429641723633, optim time :0.013666868209838867
Local>>>>>> step_time: 0.19507527351379395, dataloading_time : 0.0009047985076904297,forward_time :0.06512951850891113, backward_time: 0.11558294296264648, optim time :0.013455629348754883
[Rank 0] time (ms) | optimizer_step: 5.69
[Rank 0] time (ms) | fwd_microstep: 69.82 | bwd_microstep: 106.79 | bwd_inner_microstep: 93.17 | bwd_allreduce_microstep: 13.54 | step_microstep: 13.34
[Rank 0] time (ms) | fwd: 69.81 | bwd: 106.80 | bwd_inner: 93.20 | bwd_allreduce: 13.54 | step: 13.34
Local>>>>>> step_time: 0.19405436515808105, dataloading_time : 0.0008704662322998047,forward_time :0.06467175483703613, backward_time: 0.11474442481994629, optim time :0.013766050338745117
Local>>>>>> step_time: 0.1940171718597412, dataloading_time : 0.0007712841033935547,forward_time :0.06459951400756836, backward_time: 0.11509919166564941, optim time :0.013545036315917969
[Rank 0] time (ms) | optimizer_step: 5.68
[Rank 0] time (ms) | fwd_microstep: 68.12 | bwd_microstep: 116.59 | bwd_inner_microstep: 92.55 | bwd_allreduce_microstep: 23.96 | step_microstep: 14.98
[Rank 0] time (ms) | fwd: 68.10 | bwd: 116.60 | bwd_inner: 92.57 | bwd_allreduce: 23.97 | step: 14.98
Local>>>>>> step_time: 0.20383667945861816, dataloading_time : 0.0009167194366455078,forward_time :0.06284308433532715, backward_time: 0.12467694282531738, optim time :0.015398025512695312
[Rank 0] Step 90: loss=1.1094, time=0.204s, alloc_mem=2.39 GB, peak_mem=4.12 GB
Local>>>>>> step_time: 0.20453119277954102, dataloading_time : 0.0009741783142089844,forward_time :0.07249283790588379, backward_time: 0.11519861221313477, optim time :0.015862464904785156
[Rank 1] Step 90: loss=1.4609, time=0.205s, alloc_mem=2.39 GB, peak_mem=4.12 GB
[Rank 0] time (ms) | optimizer_step: 5.69
[Rank 0] time (ms) | fwd_microstep: 68.32 | bwd_microstep: 109.06 | bwd_inner_microstep: 92.02 | bwd_allreduce_microstep: 16.91 | step_microstep: 13.33
[Rank 0] time (ms) | fwd: 68.31 | bwd: 109.07 | bwd_inner: 92.07 | bwd_allreduce: 16.86 | step: 13.34
Local>>>>>> step_time: 0.1952347755432129, dataloading_time : 0.0013108253479003906,forward_time :0.06303286552429199, backward_time: 0.11713194847106934, optim time :0.01375722885131836
Local>>>>>> step_time: 0.19445252418518066, dataloading_time : 0.0008089542388916016,forward_time :0.06464481353759766, backward_time: 0.115447998046875, optim time :0.013548612594604492
[Rank 0] time (ms) | optimizer_step: 5.68
[Rank 0] time (ms) | fwd_microstep: 68.30 | bwd_microstep: 108.47 | bwd_inner_microstep: 92.43 | bwd_allreduce_microstep: 15.98 | step_microstep: 13.16
[Rank 0] time (ms) | fwd: 68.29 | bwd: 108.48 | bwd_inner: 92.45 | bwd_allreduce: 15.96 | step: 13.16
Local>>>>>> step_time: 0.1938178539276123, dataloading_time : 0.0006361007690429688,forward_time :0.06302905082702637, backward_time: 0.11656332015991211, optim time :0.013587236404418945
Local>>>>>> step_time: 0.19380855560302734, dataloading_time : 0.0008668899536132812,forward_time :0.06466364860534668, backward_time: 0.11489105224609375, optim time :0.013385534286499023
[Rank 0] time (ms) | optimizer_step: 5.70
[Rank 0] time (ms) | fwd_microstep: 67.88 | bwd_microstep: 109.27 | bwd_inner_microstep: 92.13 | bwd_allreduce_microstep: 17.05 | step_microstep: 13.24
[Rank 0] time (ms) | fwd: 67.87 | bwd: 109.28 | bwd_inner: 92.16 | bwd_allreduce: 17.06 | step: 13.25
Local>>>>>> step_time: 0.19426321983337402, dataloading_time : 0.0006654262542724609,forward_time :0.06258964538574219, backward_time: 0.11734127998352051, optim time :0.013665199279785156
Local>>>>>> step_time: 0.19423794746398926, dataloading_time : 0.000820159912109375,forward_time :0.06455397605895996, backward_time: 0.11543917655944824, optim time :0.013422966003417969
[Rank 0] time (ms) | optimizer_step: 5.67
[Rank 0] time (ms) | fwd_microstep: 67.94 | bwd_microstep: 108.52 | bwd_inner_microstep: 92.46 | bwd_allreduce_microstep: 15.97 | step_microstep: 13.35
[Rank 0] time (ms) | fwd: 67.93 | bwd: 108.53 | bwd_inner: 92.48 | bwd_allreduce: 15.96 | step: 13.35
Local>>>>>> step_time: 0.19370341300964355, dataloading_time : 0.0006630420684814453,forward_time :0.06265044212341309, backward_time: 0.11660623550415039, optim time :0.013782501220703125
Local>>>>>> step_time: 0.1937389373779297, dataloading_time : 0.0008094310760498047,forward_time :0.06426644325256348, backward_time: 0.11508345603942871, optim time :0.013577699661254883
[Rank 0] time (ms) | optimizer_step: 5.66
[Rank 0] time (ms) | fwd_microstep: 67.98 | bwd_microstep: 109.16 | bwd_inner_microstep: 92.76 | bwd_allreduce_microstep: 16.32 | step_microstep: 13.31
[Rank 0] time (ms) | fwd: 67.97 | bwd: 109.17 | bwd_inner: 92.78 | bwd_allreduce: 16.33 | step: 13.31
Local>>>>>> step_time: 0.19437360763549805, dataloading_time : 0.000720977783203125,forward_time :0.06273651123046875, backward_time: 0.11718559265136719, optim time :0.013728857040405273
Local>>>>>> step_time: 0.19437694549560547, dataloading_time : 0.0008549690246582031,forward_time :0.06442141532897949, backward_time: 0.11556792259216309, optim time :0.013530969619750977
[Rank 0] Step 95: loss=1.3281, time=0.194s, alloc_mem=2.39 GB, peak_mem=4.12 GB
[Rank 1] Step 95: loss=1.4844, time=0.194s, alloc_mem=2.39 GB, peak_mem=4.12 GB
[Rank 0] time (ms) | optimizer_step: 5.68
[Rank 0] time (ms) | fwd_microstep: 70.15 | bwd_microstep: 106.79 | bwd_inner_microstep: 93.13 | bwd_allreduce_microstep: 13.59 | step_microstep: 13.38
[Rank 0] time (ms) | fwd: 70.14 | bwd: 106.80 | bwd_inner: 93.16 | bwd_allreduce: 13.59 | step: 13.39
Local>>>>>> step_time: 0.19432330131530762, dataloading_time : 0.0007524490356445312,forward_time :0.06496024131774902, backward_time: 0.11477041244506836, optim time :0.013839483261108398
Local>>>>>> step_time: 0.19413208961486816, dataloading_time : 0.0007774829864501953,forward_time :0.06462287902832031, backward_time: 0.11516904830932617, optim time :0.013560771942138672
[Rank 0] time (ms) | optimizer_step: 5.67
[Rank 0] time (ms) | fwd_microstep: 67.70 | bwd_microstep: 108.28 | bwd_inner_microstep: 92.45 | bwd_allreduce_microstep: 15.78 | step_microstep: 13.20
[Rank 0] time (ms) | fwd: 67.69 | bwd: 108.29 | bwd_inner: 92.46 | bwd_allreduce: 15.78 | step: 13.20
Local>>>>>> step_time: 0.19338059425354004, dataloading_time : 0.0009875297546386719,forward_time :0.06242990493774414, backward_time: 0.11634969711303711, optim time :0.013611793518066406
Local>>>>>> step_time: 0.19343185424804688, dataloading_time : 0.0008561611175537109,forward_time :0.06449198722839355, backward_time: 0.11468219757080078, optim time :0.013399600982666016
[Rank 0] time (ms) | optimizer_step: 5.69
[Rank 0] time (ms) | fwd_microstep: 68.25 | bwd_microstep: 109.06 | bwd_inner_microstep: 92.47 | bwd_allreduce_microstep: 16.52 | step_microstep: 13.37
[Rank 0] time (ms) | fwd: 68.24 | bwd: 109.07 | bwd_inner: 92.49 | bwd_allreduce: 16.53 | step: 13.37
Local>>>>>> step_time: 0.19463443756103516, dataloading_time : 0.0007407665252685547,forward_time :0.0629878044128418, backward_time: 0.11710643768310547, optim time :0.013797998428344727
Local>>>>>> step_time: 0.19464349746704102, dataloading_time : 0.0007584095001220703,forward_time :0.06475329399108887, backward_time: 0.11552286148071289, optim time :0.013606548309326172
[Rank 0] time (ms) | optimizer_step: 5.69
Local>>>>>> step_time: 0.19364309310913086, dataloading_time : 0.000797271728515625,forward_time :0.06461167335510254, backward_time: 0.11464762687683105, optim time :0.013584136962890625
[Rank 0] time (ms) | fwd_microstep: 68.01 | bwd_microstep: 108.28 | bwd_inner_microstep: 92.44 | bwd_allreduce_microstep: 15.76 | step_microstep: 13.65
[Rank 0] time (ms) | fwd: 68.00 | bwd: 108.29 | bwd_inner: 92.47 | bwd_allreduce: 15.77 | step: 13.65
Local>>>>>> step_time: 0.19394397735595703, dataloading_time : 0.0007719993591308594,forward_time :0.06273794174194336, backward_time: 0.11635327339172363, optim time :0.014078855514526367
[Rank 1] Step 99: loss=1.2344, time=0.194s, alloc_mem=2.39 GB, peak_mem=4.12 GB
[Rank 0] Step 99: loss=0.8711, time=0.194s, alloc_mem=2.39 GB, peak_mem=4.12 GB

============================================================
[Rank 1] FINAL RESULTS
  Config: configs/bf16_full.json
  Model: hidden_dim=1024, num_layers=12
  Parameters: 254,655,569
  Batch size: 8, Seq length: 512
  Average step time: 0.375s
  Peak memory: 4.12 GB
  Final allocated memory: 2.39 GB
============================================================

============================================================[Rank 0] FINAL RESULTS

SUMMARY: config=configs/bf16_full.json params=254655569 peak_mem_bytes=4421382144 alloc_mem_bytes=2566948864 avg_step_time=0.3752  Config: configs/bf16_full.json

  Model: hidden_dim=1024, num_layers=12
  Parameters: 254,655,569
  Batch size: 8, Seq length: 512
  Average step time: 0.375s
  Peak memory: 4.12 GB
  Final allocated memory: 2.39 GB
============================================================
SUMMARY: config=configs/bf16_full.json params=254655569 peak_mem_bytes=4421382144 alloc_mem_bytes=2566948864 avg_step_time=0.3754
Loss history saved to: logs/bf16_full_loss.csv
[rank0]:[W209 15:45:28.193862478 ProcessGroupNCCL.cpp:1250] Warning: WARNING: process group has NOT been destroyed before we destruct ProcessGroupNCCL. On normal program exit, the application should call destroy_process_group to ensure that any pending NCCL operations have finished in this process. In rare cases this process can exit before this point and block the progress of another member of the process group. This constraint has always been present,  but this warning has only been added since PyTorch 2.4 (function operator())
[2026-02-09 15:45:30,590] [INFO] [launch.py:367:main] Process 4162337 exits successfully.
[2026-02-09 15:45:30,590] [INFO] [launch.py:367:main] Process 4162336 exits successfully.
