Warning: The cache directory for DeepSpeed Triton autotune, /home/bigyang/.triton/autotune, appears to be on an NFS system. While this is generally acceptable, if you experience slowdowns or hanging when DeepSpeed exits, it is recommended to set the TRITON_CACHE_DIR environment variable to a non-NFS path.
[2026-02-06 12:14:48,342] [WARNING] [runner.py:232:fetch_hostfile] Unable to find hostfile, will proceed with training with local resources only.
Detected VISIBLE_DEVICES=0,1 but ignoring it because one or several of --include/--exclude/--num_gpus/--num_nodes cl args were used. If you want to use CUDA_VISIBLE_DEVICES don't pass any of these arguments to deepspeed.
[2026-02-06 12:14:48,342] [INFO] [runner.py:630:main] cmd = /home/bigyang/micromamba/envs/ds-hf/bin/python -u -m deepspeed.launcher.launch --world_info=eyJsb2NhbGhvc3QiOiBbMCwgMV19 --master_addr=127.0.0.1 --master_port=29600 --enable_each_rank_log=None --log_level=info train2.py --deepspeed_config configs/baseline.json --loss_log_file logs/baseline_loss.csv --num_layers 12 --hidden_dim 1024 --batch_size 8 --seq_length 512 --num_steps 100 --warmup_steps 5 --activation_checkpointing --use_real_data --seed 42
Warning: The cache directory for DeepSpeed Triton autotune, /home/bigyang/.triton/autotune, appears to be on an NFS system. While this is generally acceptable, if you experience slowdowns or hanging when DeepSpeed exits, it is recommended to set the TRITON_CACHE_DIR environment variable to a non-NFS path.
[2026-02-06 12:14:52,475] [INFO] [launch.py:162:main] WORLD INFO DICT: {'localhost': [0, 1]}
[2026-02-06 12:14:52,475] [INFO] [launch.py:168:main] nnodes=1, num_local_procs=2, node_rank=0
[2026-02-06 12:14:52,475] [INFO] [launch.py:179:main] global_rank_mapping=defaultdict(<class 'list'>, {'localhost': [0, 1]})
[2026-02-06 12:14:52,475] [INFO] [launch.py:180:main] dist_world_size=2
[2026-02-06 12:14:52,475] [INFO] [launch.py:184:main] Setting CUDA_VISIBLE_DEVICES=0,1
[2026-02-06 12:14:52,476] [INFO] [launch.py:272:main] process 966853 spawned with command: ['/home/bigyang/micromamba/envs/ds-hf/bin/python', '-u', 'train2.py', '--local_rank=0', '--deepspeed_config', 'configs/baseline.json', '--loss_log_file', 'logs/baseline_loss.csv', '--num_layers', '12', '--hidden_dim', '1024', '--batch_size', '8', '--seq_length', '512', '--num_steps', '100', '--warmup_steps', '5', '--activation_checkpointing', '--use_real_data', '--seed', '42']
[2026-02-06 12:14:52,476] [INFO] [launch.py:272:main] process 966854 spawned with command: ['/home/bigyang/micromamba/envs/ds-hf/bin/python', '-u', 'train2.py', '--local_rank=1', '--deepspeed_config', 'configs/baseline.json', '--loss_log_file', 'logs/baseline_loss.csv', '--num_layers', '12', '--hidden_dim', '1024', '--batch_size', '8', '--seq_length', '512', '--num_steps', '100', '--warmup_steps', '5', '--activation_checkpointing', '--use_real_data', '--seed', '42']
Warning: The cache directory for DeepSpeed Triton autotune, /home/bigyang/.triton/autotune, appears to be on an NFS system. While this is generally acceptable, if you experience slowdowns or hanging when DeepSpeed exits, it is recommended to set the TRITON_CACHE_DIR environment variable to a non-NFS path.
Warning: The cache directory for DeepSpeed Triton autotune, /home/bigyang/.triton/autotune, appears to be on an NFS system. While this is generally acceptable, if you experience slowdowns or hanging when DeepSpeed exits, it is recommended to set the TRITON_CACHE_DIR environment variable to a non-NFS path.
[Rank 1] Loading wikitext dataset...
[Rank 0] Loading wikitext dataset...
[Rank 1] Dataset loaded: 39531 examples, vocab_size=50257
[Rank 1] Creating model with hidden_dim=1024, num_layers=12, num_heads=16, vocab_size=50257
[Rank 0] Dataset loaded: 39531 examples, vocab_size=50257
[Rank 0] Creating model with hidden_dim=1024, num_layers=12, num_heads=16, vocab_size=50257
[Rank 1] Model parameters: 254,655,569 total, 254,655,569 trainable
[Rank 1] Activation checkpointing enabled
[Rank 0] Model parameters: 254,655,569 total, 254,655,569 trainable
[Rank 0] Activation checkpointing enabled
/home/bigyang/micromamba/envs/ds-hf/lib/python3.11/site-packages/torch/utils/cpp_extension.py:1964: UserWarning: TORCH_CUDA_ARCH_LIST is not set, all archs for visible cards are included for compilation. 
If this is not desired, please set os.environ['TORCH_CUDA_ARCH_LIST'].
  warnings.warn(
Stage 3 initialize beginning
MA 0.95 GB         Max_MA 0.95 GB         CA 0.96 GB         Max_CA 1 GB 
CPU Virtual Memory:  used = 29.24 GB, percent = 1.5%
DeepSpeedZeRoOffload initialize [begin]
MA 0.95 GB         Max_MA 0.95 GB         CA 0.96 GB         Max_CA 1 GB 
CPU Virtual Memory:  used = 29.29 GB, percent = 1.5%
Parameter Offload - Persistent parameters statistics: param_count = 0, numel = 0
DeepSpeedZeRoOffload initialize [end]
MA 0.47 GB         Max_MA 1.04 GB         CA 1.06 GB         Max_CA 1 GB 
CPU Virtual Memory:  used = 29.29 GB, percent = 1.5%
Before creating fp16 partitions
MA 0.47 GB         Max_MA 0.47 GB         CA 1.06 GB         Max_CA 1 GB 
CPU Virtual Memory:  used = 29.29 GB, percent = 1.5%
After creating fp16 partitions: 1
MA 0.47 GB         Max_MA 0.47 GB         CA 0.48 GB         Max_CA 1 GB 
CPU Virtual Memory:  used = 29.28 GB, percent = 1.5%
Before creating fp32 partitions
MA 0.47 GB         Max_MA 0.47 GB         CA 0.48 GB         Max_CA 0 GB 
CPU Virtual Memory:  used = 29.28 GB, percent = 1.5%
After creating fp32 partitions
MA 0.95 GB         Max_MA 0.95 GB         CA 0.95 GB         Max_CA 1 GB 
CPU Virtual Memory:  used = 29.28 GB, percent = 1.5%
Before initializing optimizer states
MA 0.95 GB         Max_MA 0.95 GB         CA 0.95 GB         Max_CA 1 GB 
CPU Virtual Memory:  used = 29.28 GB, percent = 1.5%
[Rank 0] time (ms) | init_optimizer_state: 0.00
After initializing optimizer states
MA 0.95 GB         Max_MA 1.42 GB         CA 1.43 GB         Max_CA 1 GB 
CPU Virtual Memory:  used = 29.28 GB, percent = 1.5%
[Rank 1] DeepSpeed initialized with config: configs/baseline.json
[Rank 1] Memory after init: allocated=1.61 GB, reserved=2.09 GB
After initializing ZeRO optimizer
MA 1.61 GB         Max_MA 1.99 GB         CA 2.09 GB         Max_CA 2 GB 
CPU Virtual Memory:  used = 29.3 GB, percent = 1.5%
[Rank 0] DeepSpeed initialized with config: configs/baseline.json
[Rank 0] Memory after init: allocated=1.61 GB, reserved=2.09 GB
[Rank 0] time (ms) | optimizer_step: 3.58
[Rank 0] time (ms) | fwd_microstep: 136.59 | bwd_microstep: 161.62 | bwd_inner_microstep: 160.64 | bwd_allreduce_microstep: 0.89 | step_microstep: 44.42
[Rank 0] time (ms) | fwd: 136.58 | bwd: 161.62 | bwd_inner: 160.66 | bwd_allreduce: 0.90 | step: 44.43
[Rank 1] Step 0: loss=11.4826, time=0.677s, alloc_mem=3.39 GB, peak_mem=5.11 GB
[Rank 0] Step 0: loss=11.5666, time=0.536s, alloc_mem=3.39 GB, peak_mem=5.11 GB
[Rank 0] time (ms) | optimizer_step: 2.49
[Rank 0] time (ms) | fwd_microstep: 131.18 | bwd_microstep: 128.01 | bwd_inner_microstep: 126.91 | bwd_allreduce_microstep: 1.05 | step_microstep: 6.18
[Rank 0] time (ms) | fwd: 131.18 | bwd: 128.02 | bwd_inner: 126.92 | bwd_allreduce: 1.05 | step: 6.19
[Rank 0] time (ms) | optimizer_step: 2.49
[Rank 0] time (ms) | fwd_microstep: 49.76 | bwd_microstep: 127.40 | bwd_inner_microstep: 126.54 | bwd_allreduce_microstep: 0.80 | step_microstep: 6.15
[Rank 0] time (ms) | fwd: 49.75 | bwd: 127.41 | bwd_inner: 126.56 | bwd_allreduce: 0.81 | step: 6.16
[Rank 0] time (ms) | optimizer_step: 2.48
[Rank 0] time (ms) | fwd_microstep: 49.81 | bwd_microstep: 127.92 | bwd_inner_microstep: 126.89 | bwd_allreduce_microstep: 0.98 | step_microstep: 6.15
[Rank 0] time (ms) | fwd: 49.81 | bwd: 127.92 | bwd_inner: 126.90 | bwd_allreduce: 0.98 | step: 6.15
[Rank 0] time (ms) | optimizer_step: 2.47
[Rank 0] time (ms) | fwd_microstep: 49.69 | bwd_microstep: 127.60 | bwd_inner_microstep: 126.73 | bwd_allreduce_microstep: 0.81 | step_microstep: 6.11
[Rank 0] time (ms) | fwd: 49.68 | bwd: 127.60 | bwd_inner: 126.74 | bwd_allreduce: 0.83 | step: 6.10
[Rank 0] time (ms) | optimizer_step: 2.65
Local>>>>>> step_time: 0.19003510475158691, dataloading_time : 0.0009095668792724609,forward_time :0.03216719627380371, backward_time: 0.14921140670776367, optim time :0.007745265960693359
[Rank 0] time (ms) | fwd_microstep: 58.69 | bwd_microstep: 129.77 | bwd_inner_microstep: 128.84 | bwd_allreduce_microstep: 0.87 | step_microstep: 7.51
[Rank 0] time (ms) | fwd: 58.68 | bwd: 129.78 | bwd_inner: 128.86 | bwd_allreduce: 0.87 | step: 7.51
Local>>>>>> step_time: 0.1994791030883789, dataloading_time : 0.0008428096771240234,forward_time :0.04095101356506348, backward_time: 0.1497805118560791, optim time :0.007903099060058594
[Rank 1] Step 5: loss=3.0587, time=0.190s, alloc_mem=3.39 GB, peak_mem=6.84 GB
[Rank 0] Step 5: loss=3.7744, time=0.199s, alloc_mem=3.39 GB, peak_mem=6.84 GB
[Rank 0] time (ms) | optimizer_step: 2.61
[Rank 0] time (ms) | fwd_microstep: 50.21 | bwd_microstep: 129.35 | bwd_inner_microstep: 128.36 | bwd_allreduce_microstep: 0.92 | step_microstep: 8.60
[Rank 0] time (ms) | fwd: 50.20 | bwd: 129.36 | bwd_inner: 128.39 | bwd_allreduce: 0.92 | step: 8.61
Local>>>>>> step_time: 0.19199490547180176, dataloading_time : 0.0009908676147460938,forward_time :0.03169608116149902, backward_time: 0.15031743049621582, optim time :0.008988618850708008
Local>>>>>> step_time: 0.19188785552978516, dataloading_time : 0.0010628700256347656,forward_time :0.0318911075592041, backward_time: 0.14993977546691895, optim time :0.008992195129394531
[Rank 0] time (ms) | optimizer_step: 2.62
[Rank 0] time (ms) | fwd_microstep: 50.27 | bwd_microstep: 128.96 | bwd_inner_microstep: 128.03 | bwd_allreduce_microstep: 0.87 | step_microstep: 7.42
[Rank 0] time (ms) | fwd: 50.26 | bwd: 128.97 | bwd_inner: 128.05 | bwd_allreduce: 0.87 | step: 7.42
Local>>>>>> step_time: 0.1902463436126709, dataloading_time : 0.0008990764617919922,forward_time :0.03234148025512695, backward_time: 0.1492938995361328, optim time :0.007709980010986328
Local>>>>>> step_time: 0.19026613235473633, dataloading_time : 0.0009431838989257812,forward_time :0.03245425224304199, backward_time: 0.14904212951660156, optim time :0.00782465934753418
[Rank 0] time (ms) | optimizer_step: 2.60
[Rank 0] time (ms) | fwd_microstep: 50.28 | bwd_microstep: 129.22 | bwd_inner_microstep: 128.31 | bwd_allreduce_microstep: 0.86 | step_microstep: 8.54
[Rank 0] time (ms) | fwd: 50.26 | bwd: 129.23 | bwd_inner: 128.32 | bwd_allreduce: 0.86 | step: 8.54
Local>>>>>> step_time: 0.19142675399780273, dataloading_time : 0.0009157657623291016,forward_time :0.03149819374084473, backward_time: 0.1501169204711914, optim time :0.008895158767700195
Local>>>>>> step_time: 0.1913890838623047, dataloading_time : 0.0006692409515380859,forward_time :0.031893014907836914, backward_time: 0.1499028205871582, optim time :0.008922576904296875
[Rank 0] time (ms) | optimizer_step: 2.61
[Rank 0] time (ms) | fwd_microstep: 50.34 | bwd_microstep: 128.98 | bwd_inner_microstep: 128.08 | bwd_allreduce_microstep: 0.84 | step_microstep: 7.41
[Rank 0] time (ms) | fwd: 50.33 | bwd: 128.98 | bwd_inner: 128.10 | bwd_allreduce: 0.83 | step: 7.41
Local>>>>>> step_time: 0.19089102745056152, dataloading_time : 0.001008749008178711,forward_time :0.0318605899810791, backward_time: 0.14970088005065918, optim time :0.008318901062011719
Local>>>>>> step_time: 0.19091391563415527, dataloading_time : 0.0009396076202392578,forward_time :0.031633853912353516, backward_time: 0.15006351470947266, optim time :0.008275508880615234
[Rank 0] time (ms) | optimizer_step: 3.79
[Rank 0] time (ms) | fwd_microstep: 63.87 | bwd_microstep: 129.27 | bwd_inner_microstep: 128.24 | bwd_allreduce_microstep: 0.94 | step_microstep: 11.94
[Rank 0] time (ms) | fwd: 63.86 | bwd: 129.29 | bwd_inner: 128.27 | bwd_allreduce: 0.94 | step: 11.94
Local>>>>>> step_time: 0.20969033241271973, dataloading_time : 0.0015001296997070312,forward_time :0.05607414245605469, backward_time: 0.1394977569580078, optim time :0.012585639953613281
Local>>>>>> step_time: 0.20979571342468262, dataloading_time : 0.0014452934265136719,forward_time :0.05678582191467285, backward_time: 0.13885235786437988, optim time :0.012682914733886719
[Rank 1] Step 10: loss=3.2814, time=0.210s, alloc_mem=3.39 GB, peak_mem=6.84 GB
[Rank 0] Step 10: loss=3.3329, time=0.210s, alloc_mem=3.39 GB, peak_mem=6.84 GB
[Rank 0] time (ms) | optimizer_step: 3.73
[Rank 0] time (ms) | fwd_microstep: 62.07 | bwd_microstep: 129.31 | bwd_inner_microstep: 128.26 | bwd_allreduce_microstep: 0.96 | step_microstep: 11.85
[Rank 0] time (ms) | fwd: 62.06 | bwd: 129.33 | bwd_inner: 128.28 | bwd_allreduce: 0.97 | step: 11.85
Local>>>>>> step_time: 0.2073369026184082, dataloading_time : 0.0015211105346679688,forward_time :0.05438566207885742, backward_time: 0.13904738426208496, optim time :0.012380123138427734
Local>>>>>> step_time: 0.20731091499328613, dataloading_time : 0.0011603832244873047,forward_time :0.05489230155944824, backward_time: 0.13880300521850586, optim time :0.012453079223632812
[Rank 0] time (ms) | optimizer_step: 4.84
[Rank 0] time (ms) | fwd_microstep: 62.41 | bwd_microstep: 128.90 | bwd_inner_microstep: 127.83 | bwd_allreduce_microstep: 0.98 | step_microstep: 12.96
[Rank 0] time (ms) | fwd: 62.37 | bwd: 128.92 | bwd_inner: 127.86 | bwd_allreduce: 0.98 | step: 12.96
Local>>>>>> step_time: 0.20825815200805664, dataloading_time : 0.0011518001556396484,forward_time :0.054453134536743164, backward_time: 0.13919591903686523, optim time :0.013454675674438477
Local>>>>>> step_time: 0.20827960968017578, dataloading_time : 0.0010619163513183594,forward_time :0.055248260498046875, backward_time: 0.13842153549194336, optim time :0.013545751571655273
[Rank 0] time (ms) | optimizer_step: 3.68
[Rank 0] time (ms) | fwd_microstep: 62.32 | bwd_microstep: 129.68 | bwd_inner_microstep: 128.63 | bwd_allreduce_microstep: 0.96 | step_microstep: 11.76
[Rank 0] time (ms) | fwd: 62.30 | bwd: 129.69 | bwd_inner: 128.66 | bwd_allreduce: 0.96 | step: 11.76
Local>>>>>> step_time: 0.20777177810668945, dataloading_time : 0.0011057853698730469,forward_time :0.05509352684020996, backward_time: 0.13921809196472168, optim time :0.012351512908935547
Local>>>>>> step_time: 0.20786046981811523, dataloading_time : 0.0010256767272949219,forward_time :0.05465245246887207, backward_time: 0.13982129096984863, optim time :0.012358665466308594
[Rank 0] time (ms) | optimizer_step: 3.72
[Rank 0] time (ms) | fwd_microstep: 63.39 | bwd_microstep: 129.37 | bwd_inner_microstep: 128.33 | bwd_allreduce_microstep: 0.94 | step_microstep: 11.78
[Rank 0] time (ms) | fwd: 63.37 | bwd: 129.38 | bwd_inner: 128.36 | bwd_allreduce: 0.94 | step: 11.79
Local>>>>>> step_time: 0.20856285095214844, dataloading_time : 0.001123189926147461,forward_time :0.055647850036621094, backward_time: 0.1394195556640625, optim time :0.012369632720947266
Local>>>>>> step_time: 0.2086329460144043, dataloading_time : 0.0011343955993652344,forward_time :0.05629110336303711, backward_time: 0.13876891136169434, optim time :0.012435197830200195
[Rank 0] time (ms) | optimizer_step: 3.74
[Rank 0] time (ms) | fwd_microstep: 62.14 | bwd_microstep: 129.56 | bwd_inner_microstep: 128.43 | bwd_allreduce_microstep: 0.95 | step_microstep: 11.88
[Rank 0] time (ms) | fwd: 62.12 | bwd: 129.57 | bwd_inner: 128.54 | bwd_allreduce: 0.95 | step: 11.89
Local>>>>>> step_time: 9.810335636138916, dataloading_time : 0.0013246536254882812,forward_time :0.05442619323730469, backward_time: 0.13946247100830078, optim time :9.615118980407715
[Rank 1] Step 15: loss=2.4455, time=9.810s, alloc_mem=3.39 GB, peak_mem=6.84 GB
Local>>>>>> step_time: 9.899074077606201, dataloading_time : 0.0011522769927978516,forward_time :0.054935455322265625, backward_time: 0.13907146453857422, optim time :9.703911304473877
[Rank 0] Step 15: loss=2.8544, time=9.899s, alloc_mem=3.39 GB, peak_mem=6.84 GB
[Rank 0] time (ms) | optimizer_step: 2.55
[Rank 0] time (ms) | fwd_microstep: 50.40 | bwd_microstep: 127.78 | bwd_inner_microstep: 126.80 | bwd_allreduce_microstep: 0.92 | step_microstep: 7.03
[Rank 0] time (ms) | fwd: 50.40 | bwd: 127.79 | bwd_inner: 126.81 | bwd_allreduce: 0.92 | step: 7.03Local>>>>>> step_time: 0.2775294780731201, dataloading_time : 0.0010123252868652344,forward_time :0.12009596824645996, backward_time: 0.1490955352783203, optim time :0.0073244571685791016

Local>>>>>> step_time: 0.18885350227355957, dataloading_time : 0.0009703636169433594,forward_time :0.03296709060668945, backward_time: 0.14751696586608887, optim time :0.007397890090942383
[Rank 0] time (ms) | optimizer_step: 2.57
[Rank 0] time (ms) | fwd_microstep: 49.94 | bwd_microstep: 128.09 | bwd_inner_microstep: 127.13 | bwd_allreduce_microstep: 0.90 | step_microstep: 6.92
Local>>>>>> step_time: 0.18816161155700684, dataloading_time : 0.0010352134704589844,forward_time :0.030880212783813477, backward_time: 0.14907026290893555, optim time :0.00717473030090332
[Rank 0] time (ms) | fwd: 49.94 | bwd: 128.09 | bwd_inner: 127.15 | bwd_allreduce: 0.90 | step: 6.92
Local>>>>>> step_time: 0.18820476531982422, dataloading_time : 0.0006639957427978516,forward_time :0.03116297721862793, backward_time: 0.14910578727722168, optim time :0.0072705745697021484
[Rank 0] time (ms) | optimizer_step: 2.54
[Rank 0] time (ms) | fwd_microstep: 50.02 | bwd_microstep: 128.05 | bwd_inner_microstep: 127.08 | bwd_allreduce_microstep: 0.92 | step_microstep: 6.87
Local>>>>>> step_time: 0.18825030326843262, dataloading_time : 0.0011129379272460938,forward_time :0.030775785446166992, backward_time: 0.1492295265197754, optim time :0.007130622863769531
[Rank 0] time (ms) | fwd: 50.01 | bwd: 128.05 | bwd_inner: 127.09 | bwd_allreduce: 0.92 | step: 6.88
Local>>>>>> step_time: 0.18826794624328613, dataloading_time : 0.0007340908050537109,forward_time :0.031134605407714844, backward_time: 0.14915680885314941, optim time :0.007240772247314453
[Rank 0] time (ms) | optimizer_step: 2.53
[Rank 0] time (ms) | fwd_microstep: 49.86 | bwd_microstep: 128.11 | bwd_inner_microstep: 127.16 | bwd_allreduce_microstep: 0.90 | step_microstep: 6.85
Local>>>>>> step_time: 0.18804073333740234, dataloading_time : 0.0009448528289794922,forward_time :0.030938148498535156, backward_time: 0.14905428886413574, optim time :0.007101774215698242
[Rank 0] time (ms) | fwd: 49.85 | bwd: 128.11 | bwd_inner: 127.17 | bwd_allreduce: 0.90 | step: 6.85
Local>>>>>> step_time: 0.1880176067352295, dataloading_time : 0.0006272792816162109,forward_time :0.03128218650817871, backward_time: 0.1489114761352539, optim time :0.007195711135864258
[Rank 0] time (ms) | optimizer_step: 2.57
Local>>>>>> step_time: 0.18831300735473633, dataloading_time : 0.0009381771087646484,forward_time :0.030223369598388672, backward_time: 0.15004825592041016, optim time :0.007101774215698242[Rank 0] time (ms) | fwd_microstep: 49.83 | bwd_microstep: 128.12 | bwd_inner_microstep: 127.16 | bwd_allreduce_microstep: 0.90 | step_microstep: 6.88

[Rank 0] time (ms) | fwd: 49.82 | bwd: 128.13 | bwd_inner: 127.18 | bwd_allreduce: 0.91 | step: 6.88
Local>>>>>> step_time: 0.18836402893066406, dataloading_time : 0.0009336471557617188,forward_time :0.03109002113342285, backward_time: 0.14910292625427246, optim time :0.007236480712890625
[Rank 1] Step 20: loss=3.0256, time=0.188s, alloc_mem=3.39 GB, peak_mem=6.84 GB
[Rank 0] Step 20: loss=2.1943, time=0.188s, alloc_mem=3.39 GB, peak_mem=6.84 GB
[Rank 0] time (ms) | optimizer_step: 2.58
[Rank 0] time (ms) | fwd_microstep: 49.86 | bwd_microstep: 127.90 | bwd_inner_microstep: 126.94 | bwd_allreduce_microstep: 0.90 | step_microstep: 6.88
Local>>>>>> step_time: 0.18822550773620605, dataloading_time : 0.0010538101196289062,forward_time :0.03084874153137207, backward_time: 0.1492173671722412, optim time :0.007104396820068359
[Rank 0] time (ms) | fwd: 49.86 | bwd: 127.91 | bwd_inner: 126.96 | bwd_allreduce: 0.90 | step: 6.88
Local>>>>>> step_time: 0.18822050094604492, dataloading_time : 0.0009775161743164062,forward_time :0.031164884567260742, backward_time: 0.14884018898010254, optim time :0.0072362422943115234
[Rank 0] time (ms) | optimizer_step: 2.53
[Rank 0] time (ms) | fwd_microstep: 49.85 | bwd_microstep: 127.90 | bwd_inner_microstep: 126.91 | bwd_allreduce_microstep: 0.92 | step_microstep: 6.82
Local>>>>>> step_time: 0.18816614151000977, dataloading_time : 0.0006663799285888672,forward_time :0.031108856201171875, backward_time: 0.14928221702575684, optim time :0.007107734680175781
[Rank 0] time (ms) | fwd: 49.84 | bwd: 127.91 | bwd_inner: 126.94 | bwd_allreduce: 0.92 | step: 6.83
Local>>>>>> step_time: 0.18811416625976562, dataloading_time : 0.0009355545043945312,forward_time :0.03137326240539551, backward_time: 0.14862751960754395, optim time :0.007176637649536133
[Rank 0] time (ms) | optimizer_step: 2.54
[Rank 0] time (ms) | fwd_microstep: 49.80 | bwd_microstep: 127.99 | bwd_inner_microstep: 127.03 | bwd_allreduce_microstep: 0.91 | step_microstep: 6.83
Local>>>>>> step_time: 0.1880817413330078, dataloading_time : 0.0007383823394775391,forward_time :0.030368566513061523, backward_time: 0.1498727798461914, optim time :0.0071010589599609375
[Rank 0] time (ms) | fwd: 49.79 | bwd: 128.00 | bwd_inner: 127.04 | bwd_allreduce: 0.91 | step: 6.83
Local>>>>>> step_time: 0.18808746337890625, dataloading_time : 0.0008859634399414062,forward_time :0.03105616569519043, backward_time: 0.14896655082702637, optim time :0.007177591323852539
[Rank 0] time (ms) | optimizer_step: 2.56
[Rank 0] time (ms) | fwd_microstep: 49.79 | bwd_microstep: 127.96 | bwd_inner_microstep: 126.99 | bwd_allreduce_microstep: 0.91 | step_microstep: 6.89
Local>>>>>> step_time: 0.1881241798400879, dataloading_time : 0.0007879734039306641,forward_time :0.030786991119384766, backward_time: 0.14940619468688965, optim time :0.007141828536987305
[Rank 0] time (ms) | fwd: 49.78 | bwd: 127.97 | bwd_inner: 127.00 | bwd_allreduce: 0.92 | step: 6.89
Local>>>>>> step_time: 0.1881563663482666, dataloading_time : 0.0009253025054931641,forward_time :0.031111478805541992, backward_time: 0.14887571334838867, optim time :0.007242441177368164
[Rank 0] time (ms) | optimizer_step: 2.53
[Rank 0] time (ms) | fwd_microstep: 49.81 | bwd_microstep: 127.60 | bwd_inner_microstep: 126.49 | bwd_allreduce_microstep: 1.05 | step_microstep: 6.83
[Rank 0] time (ms) | fwd: 49.80 | bwd: 127.60 | bwd_inner: 126.51 | bwd_allreduce: 1.05 | step: 6.83
Local>>>>>> step_time: 0.1878066062927246, dataloading_time : 0.0007035732269287109,forward_time :0.031075716018676758, backward_time: 0.1488971710205078, optim time :0.007129192352294922
Local>>>>>> step_time: 0.18775010108947754, dataloading_time : 0.0009317398071289062,forward_time :0.03136730194091797, backward_time: 0.14827704429626465, optim time :0.007173061370849609
[Rank 1] Step 25: loss=1.8400, time=0.188s, alloc_mem=3.39 GB, peak_mem=6.84 GB
[Rank 0] Step 25: loss=1.3219, time=0.188s, alloc_mem=3.39 GB, peak_mem=6.84 GB
[Rank 0] time (ms) | optimizer_step: 2.53
[Rank 0] time (ms) | fwd_microstep: 49.92 | bwd_microstep: 127.96 | bwd_inner_microstep: 126.90 | bwd_allreduce_microstep: 1.01 | step_microstep: 6.86
Local>>>>>> step_time: 0.18794751167297363, dataloading_time : 0.0009920597076416016,forward_time :0.03085470199584961, backward_time: 0.14898443222045898, optim time :0.007114887237548828
[Rank 0] time (ms) | fwd: 49.91 | bwd: 127.96 | bwd_inner: 126.91 | bwd_allreduce: 1.01 | step: 6.86
Local>>>>>> step_time: 0.18801403045654297, dataloading_time : 0.0006995201110839844,forward_time :0.03117060661315918, backward_time: 0.14893293380737305, optim time :0.0072100162506103516
[Rank 0] time (ms) | optimizer_step: 2.52
[Rank 0] time (ms) | fwd_microstep: 49.79 | bwd_microstep: 127.95 | bwd_inner_microstep: 126.91 | bwd_allreduce_microstep: 0.99 | step_microstep: 6.84
Local>>>>>> step_time: 0.18779802322387695, dataloading_time : 0.00093841552734375,forward_time :0.030799150466918945, backward_time: 0.14896845817565918, optim time :0.007090568542480469
[Rank 0] time (ms) | fwd: 49.78 | bwd: 127.96 | bwd_inner: 126.92 | bwd_allreduce: 0.99 | step: 6.84
Local>>>>>> step_time: 0.18779492378234863, dataloading_time : 0.0006458759307861328,forward_time :0.03105330467224121, backward_time: 0.14891624450683594, optim time :0.007178544998168945
[Rank 0] time (ms) | optimizer_step: 2.53
[Rank 0] time (ms) | fwd_microstep: 49.76 | bwd_microstep: 127.91 | bwd_inner_microstep: 126.88 | bwd_allreduce_microstep: 0.96 | step_microstep: 6.84
[Rank 0] time (ms) | fwd: 49.75 | bwd: 127.91 | bwd_inner: 126.90 | bwd_allreduce: 0.96 | step: 6.84
Local>>>>>> step_time: 0.18807649612426758, dataloading_time : 0.0011818408966064453,forward_time :0.030958890914916992, backward_time: 0.14879822731018066, optim time :0.007136106491088867
Local>>>>>> step_time: 0.18804264068603516, dataloading_time : 0.0009446144104003906,forward_time :0.03126716613769531, backward_time: 0.14863872528076172, optim time :0.007191181182861328
[Rank 0] time (ms) | optimizer_step: 2.53
[Rank 0] time (ms) | fwd_microstep: 49.82 | bwd_microstep: 127.94 | bwd_inner_microstep: 126.88 | bwd_allreduce_microstep: 1.01 | step_microstep: 6.83
Local>>>>>> step_time: 0.18813681602478027, dataloading_time : 0.0012755393981933594,forward_time :0.030794858932495117, backward_time: 0.14896392822265625, optim time :0.007101535797119141
[Rank 0] time (ms) | fwd: 49.82 | bwd: 127.95 | bwd_inner: 126.89 | bwd_allreduce: 1.01 | step: 6.83
Local>>>>>> step_time: 0.1881723403930664, dataloading_time : 0.0009822845458984375,forward_time :0.0310821533203125, backward_time: 0.1489245891571045, optim time :0.00718235969543457
[Rank 0] time (ms) | optimizer_step: 2.55
[Rank 0] time (ms) | fwd_microstep: 49.75 | bwd_microstep: 127.79 | bwd_inner_microstep: 126.82 | bwd_allreduce_microstep: 0.92 | step_microstep: 6.87
Local>>>>>> step_time: 0.18827056884765625, dataloading_time : 0.0011022090911865234,forward_time :0.03092670440673828, backward_time: 0.14909791946411133, optim time :0.007142782211303711
[Rank 0] time (ms) | fwd: 49.74 | bwd: 127.79 | bwd_inner: 126.83 | bwd_allreduce: 0.92 | step: 6.87
Local>>>>>> step_time: 0.18828582763671875, dataloading_time : 0.0012793540954589844,forward_time :0.03098607063293457, backward_time: 0.14879631996154785, optim time :0.007223367691040039
[Rank 1] Step 30: loss=1.7331, time=0.188s, alloc_mem=3.39 GB, peak_mem=6.84 GB
[Rank 0] Step 30: loss=1.7027, time=0.188s, alloc_mem=3.39 GB, peak_mem=6.84 GB
[Rank 0] time (ms) | optimizer_step: 2.53
[Rank 0] time (ms) | fwd_microstep: 49.75 | bwd_microstep: 127.85 | bwd_inner_microstep: 126.73 | bwd_allreduce_microstep: 1.07 | step_microstep: 6.85
Local>>>>>> step_time: 0.18790268898010254, dataloading_time : 0.0010793209075927734,forward_time :0.033115386962890625, backward_time: 0.14661431312561035, optim time :0.007091999053955078
[Rank 0] time (ms) | fwd: 49.74 | bwd: 127.86 | bwd_inner: 126.75 | bwd_allreduce: 1.07 | step: 6.85
Local>>>>>> step_time: 0.18792438507080078, dataloading_time : 0.00087738037109375,forward_time :0.03360795974731445, backward_time: 0.14623332023620605, optim time :0.007202863693237305
[Rank 0] time (ms) | optimizer_step: 2.55
[Rank 0] time (ms) | fwd_microstep: 49.73 | bwd_microstep: 127.35 | bwd_inner_microstep: 126.39 | bwd_allreduce_microstep: 0.90 | step_microstep: 6.87
Local>>>>>> step_time: 0.18763065338134766, dataloading_time : 0.0006735324859619141,forward_time :0.03090214729309082, backward_time: 0.14888930320739746, optim time :0.007164478302001953[Rank 0] time (ms) | fwd: 49.72 | bwd: 127.35 | bwd_inner: 126.41 | bwd_allreduce: 0.90 | step: 6.87

Local>>>>>> step_time: 0.1875925064086914, dataloading_time : 0.0010447502136230469,forward_time :0.030925750732421875, backward_time: 0.14839911460876465, optim time :0.007222175598144531
[Rank 0] time (ms) | optimizer_step: 2.55
[Rank 0] time (ms) | fwd_microstep: 49.78 | bwd_microstep: 127.79 | bwd_inner_microstep: 126.77 | bwd_allreduce_microstep: 0.96 | step_microstep: 6.88
Local>>>>>> step_time: 0.18756747245788574, dataloading_time : 0.0005726814270019531,forward_time :0.030762195587158203, backward_time: 0.14908385276794434, optim time :0.007147073745727539
[Rank 0] time (ms) | fwd: 49.78 | bwd: 127.79 | bwd_inner: 126.78 | bwd_allreduce: 0.97 | step: 6.88
Local>>>>>> step_time: 0.18760085105895996, dataloading_time : 0.0005769729614257812,forward_time :0.03111410140991211, backward_time: 0.14867472648620605, optim time :0.007233619689941406
[Rank 0] time (ms) | optimizer_step: 2.53
[Rank 0] time (ms) | fwd_microstep: 49.79 | bwd_microstep: 127.78 | bwd_inner_microstep: 126.80 | bwd_allreduce_microstep: 0.93 | step_microstep: 6.88
Local>>>>>> step_time: 0.18779993057250977, dataloading_time : 0.0005924701690673828,forward_time :0.03099536895751953, backward_time: 0.14908957481384277, optim time :0.007121562957763672
[Rank 0] time (ms) | fwd: 49.78 | bwd: 127.79 | bwd_inner: 126.81 | bwd_allreduce: 0.93 | step: 6.88
Local>>>>>> step_time: 0.18782973289489746, dataloading_time : 0.0007901191711425781,forward_time :0.031225204467773438, backward_time: 0.14857959747314453, optim time :0.007232189178466797
[Rank 0] time (ms) | optimizer_step: 2.53
[Rank 0] time (ms) | fwd_microstep: 49.76 | bwd_microstep: 127.87 | bwd_inner_microstep: 126.76 | bwd_allreduce_microstep: 1.06 | step_microstep: 6.83
Local>>>>>> step_time: 0.18798518180847168, dataloading_time : 0.0008296966552734375,forward_time :0.03085494041442871, backward_time: 0.1491849422454834, optim time :0.0071146488189697266
[Rank 0] time (ms) | fwd: 49.75 | bwd: 127.88 | bwd_inner: 126.77 | bwd_allreduce: 1.06 | step: 6.83
Local>>>>>> step_time: 0.18795228004455566, dataloading_time : 0.0008890628814697266,forward_time :0.031110763549804688, backward_time: 0.1487576961517334, optim time :0.007193565368652344
[Rank 1] Step 35: loss=1.7370, time=0.188s, alloc_mem=3.39 GB, peak_mem=6.84 GB
[Rank 0] Step 35: loss=1.3368, time=0.188s, alloc_mem=3.39 GB, peak_mem=6.84 GB
[Rank 0] time (ms) | optimizer_step: 2.52
[Rank 0] time (ms) | fwd_microstep: 49.78 | bwd_microstep: 127.74 | bwd_inner_microstep: 126.68 | bwd_allreduce_microstep: 1.01 | step_microstep: 6.82
Local>>>>>> step_time: 0.18779397010803223, dataloading_time : 0.0007181167602539062,forward_time :0.03076457977294922, backward_time: 0.14920544624328613, optim time :0.007104396820068359
[Rank 0] time (ms) | fwd: 49.77 | bwd: 127.74 | bwd_inner: 126.69 | bwd_allreduce: 1.01 | step: 6.82
Local>>>>>> step_time: 0.1877908706665039, dataloading_time : 0.0008485317230224609,forward_time :0.030965089797973633, backward_time: 0.14879918098449707, optim time :0.007176876068115234
[Rank 0] time (ms) | optimizer_step: 2.57
[Rank 0] time (ms) | fwd_microstep: 49.79 | bwd_microstep: 127.63 | bwd_inner_microstep: 126.62 | bwd_allreduce_microstep: 0.95 | step_microstep: 6.87
Local>>>>>> step_time: 0.1877286434173584, dataloading_time : 0.0007076263427734375,forward_time :0.030959129333496094, backward_time: 0.14894461631774902, optim time :0.007116079330444336
[Rank 0] time (ms) | fwd: 49.79 | bwd: 127.64 | bwd_inner: 126.65 | bwd_allreduce: 0.95 | step: 6.87
Local>>>>>> step_time: 0.18776297569274902, dataloading_time : 0.0008697509765625,forward_time :0.031220436096191406, backward_time: 0.14844894409179688, optim time :0.007222652435302734
[Rank 0] time (ms) | optimizer_step: 2.53
[Rank 0] time (ms) | fwd_microstep: 49.76 | bwd_microstep: 127.93 | bwd_inner_microstep: 126.85 | bwd_allreduce_microstep: 1.02 | step_microstep: 6.85
Local>>>>>> step_time: 0.18770384788513184, dataloading_time : 0.0006687641143798828,forward_time :0.030726194381713867, backward_time: 0.14920783042907715, optim time :0.007099628448486328
[Rank 0] time (ms) | fwd: 49.75 | bwd: 127.93 | bwd_inner: 126.86 | bwd_allreduce: 1.03 | step: 6.85
Local>>>>>> step_time: 0.18770933151245117, dataloading_time : 0.0005452632904052734,forward_time :0.031131744384765625, backward_time: 0.14883112907409668, optim time :0.0072002410888671875
[Rank 0] time (ms) | optimizer_step: 2.52
[Rank 0] time (ms) | fwd_microstep: 49.82 | bwd_microstep: 127.88 | bwd_inner_microstep: 126.82 | bwd_allreduce_microstep: 1.00 | step_microstep: 6.86
Local>>>>>> step_time: 0.1883833408355713, dataloading_time : 0.0012729167938232422,forward_time :0.030838966369628906, backward_time: 0.14912986755371094, optim time :0.007140398025512695
[Rank 0] time (ms) | fwd: 49.81 | bwd: 127.89 | bwd_inner: 126.84 | bwd_allreduce: 1.00 | step: 6.87
Local>>>>>> step_time: 0.1883542537689209, dataloading_time : 0.0011982917785644531,forward_time :0.031116724014282227, backward_time: 0.14882373809814453, optim time :0.007214069366455078
[Rank 0] time (ms) | optimizer_step: 2.62
[Rank 0] time (ms) | fwd_microstep: 49.79 | bwd_microstep: 127.93 | bwd_inner_microstep: 126.78 | bwd_allreduce_microstep: 1.10 | step_microstep: 7.44
Local>>>>>> step_time: 0.18868327140808105, dataloading_time : 0.0007355213165283203,forward_time :0.03096604347229004, backward_time: 0.1493058204650879, optim time :0.007674455642700195
[Rank 0] time (ms) | fwd: 49.78 | bwd: 127.94 | bwd_inner: 126.79 | bwd_allreduce: 1.10 | step: 7.44
Local>>>>>> step_time: 0.18872952461242676, dataloading_time : 0.0009620189666748047,forward_time :0.03127288818359375, backward_time: 0.14870285987854004, optim time :0.0077898502349853516
[Rank 1] Step 40: loss=1.2596, time=0.189s, alloc_mem=3.39 GB, peak_mem=6.84 GB
[Rank 0] Step 40: loss=1.4982, time=0.189s, alloc_mem=3.39 GB, peak_mem=6.84 GB
[Rank 0] time (ms) | optimizer_step: 2.53
[Rank 0] time (ms) | fwd_microstep: 49.86 | bwd_microstep: 127.74 | bwd_inner_microstep: 126.71 | bwd_allreduce_microstep: 0.98 | step_microstep: 6.84
Local>>>>>> step_time: 0.18787693977355957, dataloading_time : 0.0006000995635986328,forward_time :0.03045177459716797, backward_time: 0.14973783493041992, optim time :0.0070858001708984375
[Rank 0] time (ms) | fwd: 49.85 | bwd: 127.75 | bwd_inner: 126.73 | bwd_allreduce: 0.98 | step: 6.85
Local>>>>>> step_time: 0.18787813186645508, dataloading_time : 0.0008399486541748047,forward_time :0.031148672103881836, backward_time: 0.1486971378326416, optim time :0.007191181182861328
[Rank 0] time (ms) | optimizer_step: 2.56
[Rank 0] time (ms) | fwd_microstep: 49.81 | bwd_microstep: 127.73 | bwd_inner_microstep: 126.67 | bwd_allreduce_microstep: 1.00 | step_microstep: 6.85
Local>>>>>> step_time: 0.18791770935058594, dataloading_time : 0.0006711483001708984,forward_time :0.030977725982666016, backward_time: 0.14916706085205078, optim time :0.007100582122802734
[Rank 0] time (ms) | fwd: 49.80 | bwd: 127.73 | bwd_inner: 126.68 | bwd_allreduce: 1.00 | step: 6.85
Local>>>>>> step_time: 0.18792986869812012, dataloading_time : 0.0009381771087646484,forward_time :0.031006574630737305, backward_time: 0.14877796173095703, optim time :0.0072057247161865234
[Rank 0] time (ms) | optimizer_step: 2.57
Local>>>>>> step_time: 0.18782401084899902, dataloading_time : 0.0007123947143554688,forward_time :0.03037571907043457, backward_time: 0.14959979057312012, optim time :0.0071353912353515625[Rank 0] time (ms) | fwd_microstep: 49.80 | bwd_microstep: 127.64 | bwd_inner_microstep: 126.62 | bwd_allreduce_microstep: 0.96 | step_microstep: 6.92

[Rank 0] time (ms) | fwd: 49.79 | bwd: 127.64 | bwd_inner: 126.63 | bwd_allreduce: 0.97 | step: 6.93
Local>>>>>> step_time: 0.1878507137298584, dataloading_time : 0.0008985996246337891,forward_time :0.03133726119995117, backward_time: 0.14833974838256836, optim time :0.007274150848388672
[Rank 0] time (ms) | optimizer_step: 2.57
[Rank 0] time (ms) | fwd_microstep: 49.83 | bwd_microstep: 127.74 | bwd_inner_microstep: 126.64 | bwd_allreduce_microstep: 1.05 | step_microstep: 6.89
Local>>>>>> step_time: 0.18794775009155273, dataloading_time : 0.0006749629974365234,forward_time :0.030881881713867188, backward_time: 0.14923644065856934, optim time :0.007153511047363281
[Rank 0] time (ms) | fwd: 49.82 | bwd: 127.75 | bwd_inner: 126.66 | bwd_allreduce: 1.05 | step: 6.89
Local>>>>>> step_time: 0.18790435791015625, dataloading_time : 0.0008456707000732422,forward_time :0.031174182891845703, backward_time: 0.14863991737365723, optim time :0.00724339485168457
[Rank 0] time (ms) | optimizer_step: 2.56
Local>>>>>> step_time: 0.1876692771911621, dataloading_time : 0.0006735324859619141,forward_time :0.03032517433166504, backward_time: 0.14957952499389648, optim time :0.007090330123901367
[Rank 0] time (ms) | fwd_microstep: 49.78 | bwd_microstep: 127.64 | bwd_inner_microstep: 126.69 | bwd_allreduce_microstep: 0.90 | step_microstep: 6.88
[Rank 0] time (ms) | fwd: 49.77 | bwd: 127.65 | bwd_inner: 126.70 | bwd_allreduce: 0.90 | step: 6.88
Local>>>>>> step_time: 0.18773221969604492, dataloading_time : 0.0008418560028076172,forward_time :0.031074047088623047, backward_time: 0.14858174324035645, optim time :0.007233381271362305
[Rank 1] Step 45: loss=1.3135, time=0.188s, alloc_mem=3.39 GB, peak_mem=6.84 GB
[Rank 0] Step 45: loss=1.9970, time=0.188s, alloc_mem=3.39 GB, peak_mem=6.84 GB
[Rank 0] time (ms) | optimizer_step: 2.55
[Rank 0] time (ms) | fwd_microstep: 49.72 | bwd_microstep: 127.92 | bwd_inner_microstep: 126.88 | bwd_allreduce_microstep: 0.99 | step_microstep: 6.87
Local>>>>>> step_time: 0.1881096363067627, dataloading_time : 0.00113677978515625,forward_time :0.030971527099609375, backward_time: 0.1488654613494873, optim time :0.007134437561035156
[Rank 0] time (ms) | fwd: 49.72 | bwd: 127.93 | bwd_inner: 126.89 | bwd_allreduce: 0.99 | step: 6.87
Local>>>>>> step_time: 0.1880512237548828, dataloading_time : 0.0009455680847167969,forward_time :0.03126645088195801, backward_time: 0.1486213207244873, optim time :0.007216453552246094
[Rank 0] time (ms) | optimizer_step: 2.52
[Rank 0] time (ms) | fwd_microstep: 49.82 | bwd_microstep: 127.67 | bwd_inner_microstep: 126.66 | bwd_allreduce_microstep: 0.96 | step_microstep: 6.87
Local>>>>>> step_time: 0.18779230117797852, dataloading_time : 0.0006597042083740234,forward_time :0.030835628509521484, backward_time: 0.14916372299194336, optim time :0.007131814956665039
[Rank 0] time (ms) | fwd: 49.81 | bwd: 127.68 | bwd_inner: 126.67 | bwd_allreduce: 0.96 | step: 6.87
Local>>>>>> step_time: 0.1878061294555664, dataloading_time : 0.0008518695831298828,forward_time :0.031125307083129883, backward_time: 0.1486039161682129, optim time :0.007223606109619141
[Rank 0] time (ms) | optimizer_step: 2.53
[Rank 0] time (ms) | fwd_microstep: 49.74 | bwd_microstep: 127.75 | bwd_inner_microstep: 126.79 | bwd_allreduce_microstep: 0.91 | step_microstep: 6.87
Local>>>>>> step_time: 0.18799781799316406, dataloading_time : 0.0012946128845214844,forward_time :0.030771732330322266, backward_time: 0.14880108833312988, optim time :0.007129192352294922
[Rank 0] time (ms) | fwd: 49.74 | bwd: 127.76 | bwd_inner: 126.80 | bwd_allreduce: 0.91 | step: 6.87
Local>>>>>> step_time: 0.18801021575927734, dataloading_time : 0.0010602474212646484,forward_time :0.030907630920410156, backward_time: 0.14882349967956543, optim time :0.0072174072265625
[Rank 0] time (ms) | optimizer_step: 2.55
[Rank 0] time (ms) | fwd_microstep: 49.69 | bwd_microstep: 127.81 | bwd_inner_microstep: 126.74 | bwd_allreduce_microstep: 1.02 | step_microstep: 6.86
Local>>>>>> step_time: 0.18754100799560547, dataloading_time : 0.0007197856903076172,forward_time :0.030872821807861328, backward_time: 0.14881300926208496, optim time :0.007134437561035156
[Rank 0] time (ms) | fwd: 49.69 | bwd: 127.82 | bwd_inner: 126.75 | bwd_allreduce: 1.02 | step: 6.86
Local>>>>>> step_time: 0.18754220008850098, dataloading_time : 0.0005755424499511719,forward_time :0.031197309494018555, backward_time: 0.1485459804534912, optim time :0.007222414016723633
[Rank 0] time (ms) | optimizer_step: 2.57
Local>>>>>> step_time: 0.18761372566223145, dataloading_time : 0.0006475448608398438,forward_time :0.030328989028930664, backward_time: 0.14955830574035645, optim time :0.007077932357788086
[Rank 0] time (ms) | fwd_microstep: 49.81 | bwd_microstep: 127.83 | bwd_inner_microstep: 126.81 | bwd_allreduce_microstep: 0.97 | step_microstep: 6.86
[Rank 0] time (ms) | fwd: 49.79 | bwd: 127.84 | bwd_inner: 126.82 | bwd_allreduce: 0.98 | step: 6.86
Local>>>>>> step_time: 0.18767023086547852, dataloading_time : 0.0005421638488769531,forward_time :0.03122997283935547, backward_time: 0.1486823558807373, optim time :0.007214546203613281
[Rank 1] Step 50: loss=2.3487, time=0.188s, alloc_mem=3.39 GB, peak_mem=6.84 GB
[Rank 0] Step 50: loss=1.2243, time=0.188s, alloc_mem=3.39 GB, peak_mem=6.84 GB
[Rank 0] time (ms) | optimizer_step: 2.56
[Rank 0] time (ms) | fwd_microstep: 49.85 | bwd_microstep: 127.64 | bwd_inner_microstep: 126.62 | bwd_allreduce_microstep: 0.96 | step_microstep: 6.85
Local>>>>>> step_time: 0.18787050247192383, dataloading_time : 0.0006976127624511719,forward_time :0.030268192291259766, backward_time: 0.14978289604187012, optim time :0.007120609283447266
[Rank 0] time (ms) | fwd: 49.84 | bwd: 127.64 | bwd_inner: 126.64 | bwd_allreduce: 0.96 | step: 6.85
Local>>>>>> step_time: 0.18779945373535156, dataloading_time : 0.000865936279296875,forward_time :0.03115105628967285, backward_time: 0.14858484268188477, optim time :0.007196903228759766
[Rank 0] time (ms) | optimizer_step: 2.56
[Rank 0] time (ms) | fwd_microstep: 49.84 | bwd_microstep: 127.79 | bwd_inner_microstep: 126.83 | bwd_allreduce_microstep: 0.90 | step_microstep: 6.87
Local>>>>>> step_time: 0.18759417533874512, dataloading_time : 0.0008778572082519531,forward_time :0.03101181983947754, backward_time: 0.14859366416931152, optim time :0.007110118865966797
[Rank 0] time (ms) | fwd: 49.83 | bwd: 127.79 | bwd_inner: 126.85 | bwd_allreduce: 0.90 | step: 6.87
Local>>>>>> step_time: 0.18763422966003418, dataloading_time : 0.00055694580078125,forward_time :0.031302452087402344, backward_time: 0.14855504035949707, optim time :0.007218599319458008
[Rank 0] time (ms) | optimizer_step: 2.55
[Rank 0] time (ms) | fwd_microstep: 49.87 | bwd_microstep: 127.87 | bwd_inner_microstep: 126.84 | bwd_allreduce_microstep: 0.97 | step_microstep: 6.88
Local>>>>>> step_time: 0.18775582313537598, dataloading_time : 0.0006999969482421875,forward_time :0.030863046646118164, backward_time: 0.14908552169799805, optim time :0.00710606575012207
[Rank 0] time (ms) | fwd: 49.86 | bwd: 127.87 | bwd_inner: 126.85 | bwd_allreduce: 0.98 | step: 6.88
Local>>>>>> step_time: 0.1877613067626953, dataloading_time : 0.0005800724029541016,forward_time :0.03114604949951172, backward_time: 0.14881372451782227, optim time :0.007220745086669922
[Rank 0] time (ms) | optimizer_step: 2.54
[Rank 0] time (ms) | fwd_microstep: 49.97 | bwd_microstep: 127.89 | bwd_inner_microstep: 126.93 | bwd_allreduce_microstep: 0.90 | step_microstep: 6.84
Local>>>>>> step_time: 0.18814706802368164, dataloading_time : 0.0011317729949951172,forward_time :0.03081226348876953, backward_time: 0.14909625053405762, optim time :0.007105112075805664
[Rank 0] time (ms) | fwd: 49.94 | bwd: 127.90 | bwd_inner: 126.95 | bwd_allreduce: 0.91 | step: 6.84
Local>>>>>> step_time: 0.188124418258667, dataloading_time : 0.00079345703125,forward_time :0.031194686889648438, backward_time: 0.14894461631774902, optim time :0.007190704345703125
[Rank 0] time (ms) | optimizer_step: 2.54
[Rank 0] time (ms) | fwd_microstep: 49.84 | bwd_microstep: 128.15 | bwd_inner_microstep: 127.18 | bwd_allreduce_microstep: 0.91 | step_microstep: 6.87Local>>>>>> step_time: 0.1879749298095703, dataloading_time : 0.0009038448333740234,forward_time :0.030974626541137695, backward_time: 0.1490011215209961, optim time :0.007093906402587891

[Rank 0] time (ms) | fwd: 49.83 | bwd: 128.15 | bwd_inner: 127.19 | bwd_allreduce: 0.91 | step: 6.87
Local>>>>>> step_time: 0.18803000450134277, dataloading_time : 0.0005919933319091797,forward_time :0.03133106231689453, backward_time: 0.1488802433013916, optim time :0.00722503662109375
[Rank 1] Step 55: loss=1.8108, time=0.188s, alloc_mem=3.39 GB, peak_mem=6.84 GB
[Rank 0] Step 55: loss=1.0272, time=0.188s, alloc_mem=3.39 GB, peak_mem=6.84 GB
[Rank 0] time (ms) | optimizer_step: 2.57
[Rank 0] time (ms) | fwd_microstep: 49.87 | bwd_microstep: 127.79 | bwd_inner_microstep: 126.82 | bwd_allreduce_microstep: 0.91 | step_microstep: 6.88
Local>>>>>> step_time: 0.18806147575378418, dataloading_time : 0.00092315673828125,forward_time :0.030362606048583984, backward_time: 0.14964747428894043, optim time :0.007127046585083008
[Rank 0] time (ms) | fwd: 49.86 | bwd: 127.79 | bwd_inner: 126.84 | bwd_allreduce: 0.91 | step: 6.88
Local>>>>>> step_time: 0.18805313110351562, dataloading_time : 0.0009126663208007812,forward_time :0.03103184700012207, backward_time: 0.14887285232543945, optim time :0.007234811782836914
[Rank 0] time (ms) | optimizer_step: 2.54
[Rank 0] time (ms) | fwd_microstep: 49.78 | bwd_microstep: 127.56 | bwd_inner_microstep: 126.60 | bwd_allreduce_microstep: 0.91 | step_microstep: 6.88
Local>>>>>> step_time: 0.18741989135742188, dataloading_time : 0.0006935596466064453,forward_time :0.030864953994750977, backward_time: 0.14870810508728027, optim time :0.0071523189544677734
[Rank 0] time (ms) | fwd: 49.77 | bwd: 127.56 | bwd_inner: 126.61 | bwd_allreduce: 0.91 | step: 6.88
Local>>>>>> step_time: 0.1873948574066162, dataloading_time : 0.0005927085876464844,forward_time :0.031049489974975586, backward_time: 0.1485123634338379, optim time :0.007239103317260742
[Rank 0] time (ms) | optimizer_step: 2.56
[Rank 0] time (ms) | fwd_microstep: 49.88 | bwd_microstep: 127.71 | bwd_inner_microstep: 126.74 | bwd_allreduce_microstep: 0.91 | step_microstep: 6.90
Local>>>>>> step_time: 0.1882011890411377, dataloading_time : 0.0007162094116210938,forward_time :0.031093120574951172, backward_time: 0.14921855926513672, optim time :0.007172107696533203
[Rank 0] time (ms) | fwd: 49.88 | bwd: 127.72 | bwd_inner: 126.77 | bwd_allreduce: 0.91 | step: 6.90
Local>>>>>> step_time: 0.18819379806518555, dataloading_time : 0.0011010169982910156,forward_time :0.0312960147857666, backward_time: 0.1485450267791748, optim time :0.007250547409057617
[Rank 0] time (ms) | optimizer_step: 2.55
[Rank 0] time (ms) | fwd_microstep: 49.84 | bwd_microstep: 127.88 | bwd_inner_microstep: 126.79 | bwd_allreduce_microstep: 1.04 | step_microstep: 6.86
Local>>>>>> step_time: 0.1877424716949463, dataloading_time : 0.0007023811340332031,forward_time :0.0307614803314209, backward_time: 0.14916563034057617, optim time :0.007112026214599609
[Rank 0] time (ms) | fwd: 49.83 | bwd: 127.88 | bwd_inner: 126.80 | bwd_allreduce: 1.04 | step: 6.86
Local>>>>>> step_time: 0.18777108192443848, dataloading_time : 0.0006129741668701172,forward_time :0.031122922897338867, backward_time: 0.14882540702819824, optim time :0.007209062576293945
[Rank 0] time (ms) | optimizer_step: 2.54
[Rank 0] time (ms) | fwd_microstep: 49.91 | bwd_microstep: 128.12 | bwd_inner_microstep: 127.14 | bwd_allreduce_microstep: 0.92 | step_microstep: 6.85
Local>>>>>> step_time: 0.188187837600708, dataloading_time : 0.001154184341430664,forward_time :0.030681610107421875, backward_time: 0.14922428131103516, optim time :0.007126808166503906
[Rank 0] time (ms) | fwd: 49.91 | bwd: 128.13 | bwd_inner: 127.17 | bwd_allreduce: 0.92 | step: 6.85
Local>>>>>> step_time: 0.18816542625427246, dataloading_time : 0.0007135868072509766,forward_time :0.031235933303833008, backward_time: 0.14902400970458984, optim time :0.0071904659271240234
[Rank 1] Step 60: loss=1.3407, time=0.188s, alloc_mem=3.39 GB, peak_mem=6.84 GB
[Rank 0] Step 60: loss=1.4895, time=0.188s, alloc_mem=3.39 GB, peak_mem=6.84 GB
[Rank 0] time (ms) | optimizer_step: 2.54
Local>>>>>> step_time: 0.18838286399841309, dataloading_time : 0.0011491775512695312,forward_time :0.030959606170654297, backward_time: 0.14916539192199707, optim time :0.007107257843017578[Rank 0] time (ms) | fwd_microstep: 49.86 | bwd_microstep: 128.11 | bwd_inner_microstep: 127.12 | bwd_allreduce_microstep: 0.93 | step_microstep: 6.87

[Rank 0] time (ms) | fwd: 49.86 | bwd: 128.11 | bwd_inner: 127.13 | bwd_allreduce: 0.93 | step: 6.87
Local>>>>>> step_time: 0.18845462799072266, dataloading_time : 0.001001596450805664,forward_time :0.031279563903808594, backward_time: 0.14893388748168945, optim time :0.0072383880615234375
[Rank 0] time (ms) | optimizer_step: 2.55
[Rank 0] time (ms) | fwd_microstep: 49.82 | bwd_microstep: 128.34 | bwd_inner_microstep: 127.21 | bwd_allreduce_microstep: 1.07 | step_microstep: 7.00Local>>>>>> step_time: 0.1887378692626953, dataloading_time : 0.001112222671508789,forward_time :0.03073740005493164, backward_time: 0.1495814323425293, optim time :0.0073053836822509766

[Rank 0] time (ms) | fwd: 49.81 | bwd: 128.35 | bwd_inner: 127.23 | bwd_allreduce: 1.07 | step: 7.00
Local>>>>>> step_time: 0.18876290321350098, dataloading_time : 0.0009489059448242188,forward_time :0.0312044620513916, backward_time: 0.14920687675476074, optim time :0.0074005126953125
[Rank 0] time (ms) | optimizer_step: 2.53
[Rank 0] time (ms) | fwd_microstep: 49.89 | bwd_microstep: 127.90 | bwd_inner_microstep: 126.91 | bwd_allreduce_microstep: 0.93 | step_microstep: 6.85
Local>>>>>> step_time: 0.18816113471984863, dataloading_time : 0.0006768703460693359,forward_time :0.030983448028564453, backward_time: 0.14940953254699707, optim time :0.0070896148681640625
[Rank 0] time (ms) | fwd: 49.88 | bwd: 127.90 | bwd_inner: 126.93 | bwd_allreduce: 0.93 | step: 6.85
Local>>>>>> step_time: 0.1881265640258789, dataloading_time : 0.0008797645568847656,forward_time :0.0314483642578125, backward_time: 0.1485884189605713, optim time :0.007208824157714844
[Rank 0] time (ms) | optimizer_step: 2.53
[Rank 0] time (ms) | fwd_microstep: 49.84 | bwd_microstep: 128.05 | bwd_inner_microstep: 127.08 | bwd_allreduce_microstep: 0.91 | step_microstep: 6.86
Local>>>>>> step_time: 0.18834877014160156, dataloading_time : 0.0011751651763916016,forward_time :0.030988216400146484, backward_time: 0.14904999732971191, optim time :0.007134199142456055
[Rank 0] time (ms) | fwd: 49.83 | bwd: 128.06 | bwd_inner: 127.10 | bwd_allreduce: 0.91 | step: 6.86
Local>>>>>> step_time: 0.18831539154052734, dataloading_time : 0.0009388923645019531,forward_time :0.03142356872558594, backward_time: 0.14874005317687988, optim time :0.007211208343505859
[Rank 0] time (ms) | optimizer_step: 2.60
[Rank 0] time (ms) | fwd_microstep: 49.89 | bwd_microstep: 128.26 | bwd_inner_microstep: 127.26 | bwd_allreduce_microstep: 0.93 | step_microstep: 7.20
Local>>>>>> step_time: 0.1885364055633545, dataloading_time : 0.0009202957153320312,forward_time :0.03087306022644043, backward_time: 0.14929628372192383, optim time :0.007445096969604492
[Rank 0] time (ms) | fwd: 49.89 | bwd: 128.26 | bwd_inner: 127.28 | bwd_allreduce: 0.94 | step: 7.20
Local>>>>>> step_time: 0.18858718872070312, dataloading_time : 0.0006282329559326172,forward_time :0.03114795684814453, backward_time: 0.14924073219299316, optim time :0.007568836212158203
[Rank 1] Step 65: loss=1.8118, time=0.189s, alloc_mem=3.39 GB, peak_mem=6.84 GB
[Rank 0] Step 65: loss=1.2262, time=0.189s, alloc_mem=3.39 GB, peak_mem=6.84 GB
[Rank 0] time (ms) | optimizer_step: 2.58
Local>>>>>> step_time: 0.18816518783569336, dataloading_time : 0.0011813640594482422,forward_time :0.03079962730407715, backward_time: 0.14905667304992676, optim time :0.007126331329345703
[Rank 0] time (ms) | fwd_microstep: 49.85 | bwd_microstep: 128.10 | bwd_inner_microstep: 127.13 | bwd_allreduce_microstep: 0.91 | step_microstep: 6.91
[Rank 0] time (ms) | fwd: 49.84 | bwd: 128.11 | bwd_inner: 127.14 | bwd_allreduce: 0.92 | step: 6.92
Local>>>>>> step_time: 0.18820595741271973, dataloading_time : 0.0007562637329101562,forward_time :0.03118133544921875, backward_time: 0.14899659156799316, optim time :0.007270336151123047
[Rank 0] time (ms) | optimizer_step: 2.55
[Rank 0] time (ms) | fwd_microstep: 49.87 | bwd_microstep: 128.01 | bwd_inner_microstep: 126.87 | bwd_allreduce_microstep: 1.09 | step_microstep: 6.88
Local>>>>>> step_time: 0.18797707557678223, dataloading_time : 0.0009663105010986328,forward_time :0.030956506729125977, backward_time: 0.14891743659973145, optim time :0.007135868072509766
[Rank 0] time (ms) | fwd: 49.86 | bwd: 128.02 | bwd_inner: 126.88 | bwd_allreduce: 1.09 | step: 6.88
Local>>>>>> step_time: 0.18791818618774414, dataloading_time : 0.0005750656127929688,forward_time :0.0314030647277832, backward_time: 0.1487131118774414, optim time :0.0072252750396728516
[Rank 0] time (ms) | optimizer_step: 2.56
[Rank 0] time (ms) | fwd_microstep: 49.84 | bwd_microstep: 127.90 | bwd_inner_microstep: 126.94 | bwd_allreduce_microstep: 0.91 | step_microstep: 6.88
Local>>>>>> step_time: 0.1877906322479248, dataloading_time : 0.0007264614105224609,forward_time :0.030824899673461914, backward_time: 0.14913320541381836, optim time :0.007105350494384766
[Rank 0] time (ms) | fwd: 49.83 | bwd: 127.91 | bwd_inner: 126.96 | bwd_allreduce: 0.91 | step: 6.88
Local>>>>>> step_time: 0.18782949447631836, dataloading_time : 0.0006279945373535156,forward_time :0.031120777130126953, backward_time: 0.1488499641418457, optim time :0.007229804992675781
[Rank 0] time (ms) | optimizer_step: 2.54
[Rank 0] time (ms) | fwd_microstep: 49.89 | bwd_microstep: 127.97 | bwd_inner_microstep: 127.01 | bwd_allreduce_microstep: 0.91 | step_microstep: 6.87
[Rank 0] time (ms) | fwd: 49.88 | bwd: 127.98 | bwd_inner: 127.02 | bwd_allreduce: 0.91 | step: 6.88
Local>>>>>> step_time: 0.18787860870361328, dataloading_time : 0.0005567073822021484,forward_time :0.031182050704956055, backward_time: 0.1489109992980957, optim time :0.007227897644042969
Local>>>>>> step_time: 0.18800592422485352, dataloading_time : 0.00066375732421875,forward_time :0.03082728385925293, backward_time: 0.14930129051208496, optim time :0.007211923599243164
[Rank 0] time (ms) | optimizer_step: 2.55
[Rank 0] time (ms) | fwd_microstep: 49.93 | bwd_microstep: 127.80 | bwd_inner_microstep: 126.74 | bwd_allreduce_microstep: 1.00 | step_microstep: 6.92
Local>>>>>> step_time: 0.18804693222045898, dataloading_time : 0.0007462501525878906,forward_time :0.031154870986938477, backward_time: 0.14899969100952148, optim time :0.007144451141357422
[Rank 0] time (ms) | fwd: 49.92 | bwd: 127.81 | bwd_inner: 126.76 | bwd_allreduce: 1.00 | step: 6.92
Local>>>>>> step_time: 0.18817543983459473, dataloading_time : 0.0009200572967529297,forward_time :0.031269073486328125, backward_time: 0.148712158203125, optim time :0.007272958755493164
[Rank 1] Step 70: loss=1.1823, time=0.188s, alloc_mem=3.39 GB, peak_mem=6.84 GB
[Rank 0] Step 70: loss=1.8245, time=0.188s, alloc_mem=3.39 GB, peak_mem=6.84 GB
[Rank 0] time (ms) | optimizer_step: 2.55
[Rank 0] time (ms) | fwd_microstep: 49.85 | bwd_microstep: 127.71 | bwd_inner_microstep: 126.75 | bwd_allreduce_microstep: 0.90 | step_microstep: 6.87
[Rank 0] time (ms) | fwd: 49.84 | bwd: 127.71 | bwd_inner: 126.76 | bwd_allreduce: 0.91 | step: 6.87
Local>>>>>> step_time: 0.18790531158447266, dataloading_time : 0.0006844997406005859,forward_time :0.03087925910949707, backward_time: 0.14917278289794922, optim time :0.007167816162109375
Local>>>>>> step_time: 0.18786406517028809, dataloading_time : 0.0008471012115478516,forward_time :0.03108072280883789, backward_time: 0.14871954917907715, optim time :0.0072154998779296875
[Rank 0] time (ms) | optimizer_step: 2.53
Local>>>>>> step_time: 0.1880950927734375, dataloading_time : 0.0011391639709472656,forward_time :0.03091597557067871, backward_time: 0.14895200729370117, optim time :0.007086992263793945[Rank 0] time (ms) | fwd_microstep: 50.05 | bwd_microstep: 128.09 | bwd_inner_microstep: 127.10 | bwd_allreduce_microstep: 0.93 | step_microstep: 6.86

[Rank 0] time (ms) | fwd: 50.04 | bwd: 128.09 | bwd_inner: 127.12 | bwd_allreduce: 0.93 | step: 6.86
Local>>>>>> step_time: 0.18817758560180664, dataloading_time : 0.0005950927734375,forward_time :0.03123164176940918, backward_time: 0.14913558959960938, optim time :0.007214069366455078
[Rank 0] time (ms) | optimizer_step: 2.58
[Rank 0] time (ms) | fwd_microstep: 49.90 | bwd_microstep: 128.07 | bwd_inner_microstep: 127.11 | bwd_allreduce_microstep: 0.91 | step_microstep: 6.93
Local>>>>>> step_time: 0.188079833984375, dataloading_time : 0.0009164810180664062,forward_time :0.03046274185180664, backward_time: 0.14951157569885254, optim time :0.007187843322753906
[Rank 0] time (ms) | fwd: 49.89 | bwd: 128.07 | bwd_inner: 127.12 | bwd_allreduce: 0.91 | step: 6.94
Local>>>>>> step_time: 0.1880483627319336, dataloading_time : 0.0005733966827392578,forward_time :0.03137636184692383, backward_time: 0.14881443977355957, optim time :0.00728297233581543
[Rank 0] time (ms) | optimizer_step: 2.57
[Rank 0] time (ms) | fwd_microstep: 49.94 | bwd_microstep: 127.97 | bwd_inner_microstep: 127.01 | bwd_allreduce_microstep: 0.91 | step_microstep: 6.87
Local>>>>>> step_time: 0.18834567070007324, dataloading_time : 0.0010933876037597656,forward_time :0.030390024185180664, backward_time: 0.14976859092712402, optim time :0.007092952728271484
[Rank 0] time (ms) | fwd: 49.93 | bwd: 127.98 | bwd_inner: 127.03 | bwd_allreduce: 0.91 | step: 6.87
Local>>>>>> step_time: 0.1883852481842041, dataloading_time : 0.0010013580322265625,forward_time :0.031125783920288086, backward_time: 0.14902925491333008, optim time :0.007227659225463867
[Rank 0] time (ms) | optimizer_step: 2.56
Local>>>>>> step_time: 0.1878519058227539, dataloading_time : 0.0009324550628662109,forward_time :0.030675888061523438, backward_time: 0.1491234302520752, optim time :0.007118940353393555
[Rank 0] time (ms) | fwd_microstep: 49.91 | bwd_microstep: 127.93 | bwd_inner_microstep: 126.85 | bwd_allreduce_microstep: 1.03 | step_microstep: 6.91
[Rank 0] time (ms) | fwd: 49.90 | bwd: 127.94 | bwd_inner: 126.86 | bwd_allreduce: 1.03 | step: 6.91
Local>>>>>> step_time: 0.187882661819458, dataloading_time : 0.0005528926849365234,forward_time :0.03115701675415039, backward_time: 0.14890289306640625, optim time :0.007269144058227539
[Rank 1] Step 75: loss=1.9030, time=0.188s, alloc_mem=3.39 GB, peak_mem=6.84 GB
[Rank 0] Step 75: loss=2.1926, time=0.188s, alloc_mem=3.39 GB, peak_mem=6.84 GB
[Rank 0] time (ms) | optimizer_step: 2.58
[Rank 0] time (ms) | fwd_microstep: 49.80 | bwd_microstep: 127.87 | bwd_inner_microstep: 126.69 | bwd_allreduce_microstep: 1.13 | step_microstep: 6.92
Local>>>>>> step_time: 0.18823885917663574, dataloading_time : 0.0010826587677001953,forward_time :0.030502796173095703, backward_time: 0.14949464797973633, optim time :0.007157564163208008
[Rank 0] time (ms) | fwd: 49.80 | bwd: 127.88 | bwd_inner: 126.70 | bwd_allreduce: 1.13 | step: 6.92
Local>>>>>> step_time: 0.18821001052856445, dataloading_time : 0.0010187625885009766,forward_time :0.0312955379486084, backward_time: 0.14862298965454102, optim time :0.007271528244018555
[Rank 0] time (ms) | optimizer_step: 2.55
[Rank 0] time (ms) | fwd_microstep: 49.89 | bwd_microstep: 127.96 | bwd_inner_microstep: 126.99 | bwd_allreduce_microstep: 0.91 | step_microstep: 6.93
Local>>>>>> step_time: 0.18799066543579102, dataloading_time : 0.0006728172302246094,forward_time :0.030927181243896484, backward_time: 0.14917993545532227, optim time :0.0072095394134521484
[Rank 0] time (ms) | fwd: 49.89 | bwd: 127.97 | bwd_inner: 127.01 | bwd_allreduce: 0.91 | step: 6.93
Local>>>>>> step_time: 0.18794822692871094, dataloading_time : 0.000583648681640625,forward_time :0.031267642974853516, backward_time: 0.14881563186645508, optim time :0.007279872894287109
[Rank 0] time (ms) | optimizer_step: 2.54
[Rank 0] time (ms) | fwd_microstep: 49.87 | bwd_microstep: 128.07 | bwd_inner_microstep: 127.09 | bwd_allreduce_microstep: 0.92 | step_microstep: 6.86
Local>>>>>> step_time: 0.18804645538330078, dataloading_time : 0.0009071826934814453,forward_time :0.03082871437072754, backward_time: 0.14920663833618164, optim time :0.0071027278900146484
[Rank 0] time (ms) | fwd: 49.86 | bwd: 128.07 | bwd_inner: 127.11 | bwd_allreduce: 0.92 | step: 6.86
Local>>>>>> step_time: 0.18807649612426758, dataloading_time : 0.0007097721099853516,forward_time :0.031172752380371094, backward_time: 0.1489851474761963, optim time :0.0072078704833984375
[Rank 0] time (ms) | optimizer_step: 2.56
[Rank 0] time (ms) | fwd_microstep: 49.80 | bwd_microstep: 127.92 | bwd_inner_microstep: 126.74 | bwd_allreduce_microstep: 1.12 | step_microstep: 6.87
Local>>>>>> step_time: 0.18811440467834473, dataloading_time : 0.0009446144104003906,forward_time :0.030996084213256836, backward_time: 0.1490311622619629, optim time :0.00714111328125
[Rank 0] time (ms) | fwd: 49.79 | bwd: 127.93 | bwd_inner: 126.76 | bwd_allreduce: 1.12 | step: 6.87
Local>>>>>> step_time: 0.18808674812316895, dataloading_time : 0.0009164810180664062,forward_time :0.03142070770263672, backward_time: 0.14853763580322266, optim time :0.007210731506347656
[Rank 0] time (ms) | optimizer_step: 2.54
Local>>>>>> step_time: 0.18779277801513672, dataloading_time : 0.0005879402160644531,forward_time :0.030752897262573242, backward_time: 0.14930105209350586, optim time :0.007149696350097656[Rank 0] time (ms) | fwd_microstep: 49.82 | bwd_microstep: 127.94 | bwd_inner_microstep: 126.87 | bwd_allreduce_microstep: 1.01 | step_microstep: 6.93

[Rank 0] time (ms) | fwd: 49.81 | bwd: 127.94 | bwd_inner: 126.88 | bwd_allreduce: 1.01 | step: 6.93
Local>>>>>> step_time: 0.18787217140197754, dataloading_time : 0.0005981922149658203,forward_time :0.031101703643798828, backward_time: 0.1488790512084961, optim time :0.007292270660400391
[Rank 1] Step 80: loss=1.3397, time=0.188s, alloc_mem=3.39 GB, peak_mem=6.84 GB
[Rank 0] Step 80: loss=1.3439, time=0.188s, alloc_mem=3.39 GB, peak_mem=6.84 GB
[Rank 0] time (ms) | optimizer_step: 2.53
[Rank 0] time (ms) | fwd_microstep: 49.90 | bwd_microstep: 127.98 | bwd_inner_microstep: 127.00 | bwd_allreduce_microstep: 0.92 | step_microstep: 6.86
Local>>>>>> step_time: 0.18790960311889648, dataloading_time : 0.0009660720825195312,forward_time :0.03069448471069336, backward_time: 0.14915132522583008, optim time :0.007096529006958008
[Rank 0] time (ms) | fwd: 49.89 | bwd: 127.98 | bwd_inner: 127.01 | bwd_allreduce: 0.92 | step: 6.86
Local>>>>>> step_time: 0.18788528442382812, dataloading_time : 0.0005693435668945312,forward_time :0.03115057945251465, backward_time: 0.1489553451538086, optim time :0.007208585739135742
[Rank 0] time (ms) | optimizer_step: 2.54
[Rank 0] time (ms) | fwd_microstep: 49.84 | bwd_microstep: 127.90 | bwd_inner_microstep: 126.93 | bwd_allreduce_microstep: 0.90 | step_microstep: 6.84
Local>>>>>> step_time: 0.1879103183746338, dataloading_time : 0.001119375228881836,forward_time :0.03090381622314453, backward_time: 0.14879393577575684, optim time :0.00709223747253418
[Rank 0] time (ms) | fwd: 49.83 | bwd: 127.91 | bwd_inner: 126.96 | bwd_allreduce: 0.91 | step: 6.84
Local>>>>>> step_time: 0.18789267539978027, dataloading_time : 0.0007383823394775391,forward_time :0.0313417911529541, backward_time: 0.14862847328186035, optim time :0.007183074951171875
[Rank 0] time (ms) | optimizer_step: 2.53
Local>>>>>> step_time: 0.188032865524292, dataloading_time : 0.0006549358367919922,forward_time :0.030731678009033203, backward_time: 0.14943456649780273, optim time :0.007210254669189453
[Rank 0] time (ms) | fwd_microstep: 49.81 | bwd_microstep: 128.10 | bwd_inner_microstep: 127.08 | bwd_allreduce_microstep: 0.94 | step_microstep: 6.98
[Rank 0] time (ms) | fwd: 49.81 | bwd: 128.11 | bwd_inner: 127.12 | bwd_allreduce: 0.94 | step: 6.99
Local>>>>>> step_time: 0.1881406307220459, dataloading_time : 0.0005929470062255859,forward_time :0.0311429500579834, backward_time: 0.14903640747070312, optim time :0.007367610931396484
[Rank 0] time (ms) | optimizer_step: 2.58
Local>>>>>> step_time: 0.1881861686706543, dataloading_time : 0.0006968975067138672,forward_time :0.030444622039794922, backward_time: 0.14994454383850098, optim time :0.0070993900299072266
[Rank 0] time (ms) | fwd_microstep: 49.96 | bwd_microstep: 127.84 | bwd_inner_microstep: 126.86 | bwd_allreduce_microstep: 0.92 | step_microstep: 6.89
[Rank 0] time (ms) | fwd: 49.95 | bwd: 127.85 | bwd_inner: 126.89 | bwd_allreduce: 0.92 | step: 6.89
Local>>>>>> step_time: 0.18815040588378906, dataloading_time : 0.0008525848388671875,forward_time :0.031365394592285156, backward_time: 0.1486830711364746, optim time :0.0072476863861083984
[Rank 0] time (ms) | optimizer_step: 2.56
Local>>>>>> step_time: 0.18820953369140625, dataloading_time : 0.0009222030639648438,forward_time :0.03058624267578125, backward_time: 0.14958834648132324, optim time :0.007111310958862305
[Rank 0] time (ms) | fwd_microstep: 49.85 | bwd_microstep: 127.90 | bwd_inner_microstep: 126.93 | bwd_allreduce_microstep: 0.92 | step_microstep: 6.89
[Rank 0] time (ms) | fwd: 49.84 | bwd: 127.91 | bwd_inner: 126.95 | bwd_allreduce: 0.92 | step: 6.89
Local>>>>>> step_time: 0.1882002353668213, dataloading_time : 0.0009675025939941406,forward_time :0.0313715934753418, backward_time: 0.14861845970153809, optim time :0.007241249084472656
[Rank 1] Step 85: loss=1.4792, time=0.188s, alloc_mem=3.39 GB, peak_mem=6.84 GB
[Rank 0] Step 85: loss=1.5420, time=0.188s, alloc_mem=3.39 GB, peak_mem=6.84 GB
[Rank 0] time (ms) | optimizer_step: 2.54
[Rank 0] time (ms) | fwd_microstep: 49.84 | bwd_microstep: 127.84 | bwd_inner_microstep: 126.85 | bwd_allreduce_microstep: 0.93 | step_microstep: 6.89
Local>>>>>> step_time: 0.18817973136901855, dataloading_time : 0.0008311271667480469,forward_time :0.030951976776123047, backward_time: 0.14924407005310059, optim time :0.007150888442993164
[Rank 0] time (ms) | fwd: 49.83 | bwd: 127.84 | bwd_inner: 126.86 | bwd_allreduce: 0.93 | step: 6.89
Local>>>>>> step_time: 0.18811559677124023, dataloading_time : 0.0009634494781494141,forward_time :0.03115987777709961, backward_time: 0.1487576961517334, optim time :0.007233381271362305
[Rank 0] time (ms) | optimizer_step: 2.53
[Rank 0] time (ms) | fwd_microstep: 49.98 | bwd_microstep: 128.05 | bwd_inner_microstep: 127.07 | bwd_allreduce_microstep: 0.92 | step_microstep: 6.87
Local>>>>>> step_time: 0.18804311752319336, dataloading_time : 0.0010790824890136719,forward_time :0.030968189239501953, backward_time: 0.14887261390686035, optim time :0.0071218013763427734
[Rank 0] time (ms) | fwd: 49.97 | bwd: 128.06 | bwd_inner: 127.09 | bwd_allreduce: 0.92 | step: 6.87
Local>>>>>> step_time: 0.18806791305541992, dataloading_time : 0.0005838871002197266,forward_time :0.03117656707763672, backward_time: 0.14908838272094727, optim time :0.007218122482299805
[Rank 0] time (ms) | optimizer_step: 2.58
Local>>>>>> step_time: 0.1883223056793213, dataloading_time : 0.0013606548309326172,forward_time :0.030557632446289062, backward_time: 0.14929962158203125, optim time :0.0071027278900146484
[Rank 0] time (ms) | fwd_microstep: 49.96 | bwd_microstep: 127.93 | bwd_inner_microstep: 126.83 | bwd_allreduce_microstep: 1.04 | step_microstep: 6.90
[Rank 0] time (ms) | fwd: 49.96 | bwd: 127.93 | bwd_inner: 126.85 | bwd_allreduce: 1.05 | step: 6.90
Local>>>>>> step_time: 0.18837785720825195, dataloading_time : 0.0009913444519042969,forward_time :0.031430959701538086, backward_time: 0.14870357513427734, optim time :0.007250785827636719
[Rank 0] time (ms) | optimizer_step: 2.53
[Rank 0] time (ms) | fwd_microstep: 49.97 | bwd_microstep: 128.22 | bwd_inner_microstep: 126.80 | bwd_allreduce_microstep: 1.37 | step_microstep: 6.89
[Rank 0] time (ms) | fwd: 49.96 | bwd: 128.23 | bwd_inner: 126.81 | bwd_allreduce: 1.37 | step: 6.89
Local>>>>>> step_time: 0.18821930885314941, dataloading_time : 0.0005576610565185547,forward_time :0.031473636627197266, backward_time: 0.14894962310791016, optim time :0.007236480712890625
Local>>>>>> step_time: 0.1884622573852539, dataloading_time : 0.0008978843688964844,forward_time :0.030875205993652344, backward_time: 0.14940214157104492, optim time :0.00728607177734375
[Rank 0] time (ms) | optimizer_step: 2.54
[Rank 0] time (ms) | fwd_microstep: 50.05 | bwd_microstep: 127.98 | bwd_inner_microstep: 126.94 | bwd_allreduce_microstep: 0.99 | step_microstep: 6.86
Local>>>>>> step_time: 0.18799281120300293, dataloading_time : 0.001012563705444336,forward_time :0.031020164489746094, backward_time: 0.14885234832763672, optim time :0.00710606575012207
[Rank 0] time (ms) | fwd: 50.04 | bwd: 127.99 | bwd_inner: 126.95 | bwd_allreduce: 0.99 | step: 6.87
Local>>>>>> step_time: 0.1882026195526123, dataloading_time : 0.0007255077362060547,forward_time :0.031246185302734375, backward_time: 0.1490192413330078, optim time :0.007210493087768555
[Rank 1] Step 90: loss=1.5623, time=0.188s, alloc_mem=3.39 GB, peak_mem=6.84 GB
[Rank 0] Step 90: loss=1.1801, time=0.188s, alloc_mem=3.39 GB, peak_mem=6.84 GB
[Rank 0] time (ms) | optimizer_step: 2.56
Local>>>>>> step_time: 0.18812227249145508, dataloading_time : 0.0007369518280029297,forward_time :0.03099536895751953, backward_time: 0.14931058883666992, optim time :0.007078409194946289
[Rank 0] time (ms) | fwd_microstep: 49.90 | bwd_microstep: 127.80 | bwd_inner_microstep: 126.82 | bwd_allreduce_microstep: 0.92 | step_microstep: 6.87
[Rank 0] time (ms) | fwd: 49.89 | bwd: 127.81 | bwd_inner: 126.83 | bwd_allreduce: 0.93 | step: 6.87
Local>>>>>> step_time: 0.18818116188049316, dataloading_time : 0.0010137557983398438,forward_time :0.03145170211791992, backward_time: 0.14849519729614258, optim time :0.0072193145751953125
[Rank 0] time (ms) | optimizer_step: 2.54
Local>>>>>> step_time: 0.18802785873413086, dataloading_time : 0.0006809234619140625,forward_time :0.030806779861450195, backward_time: 0.14936327934265137, optim time :0.00717616081237793
[Rank 0] time (ms) | fwd_microstep: 49.95 | bwd_microstep: 127.97 | bwd_inner_microstep: 126.82 | bwd_allreduce_microstep: 1.09 | step_microstep: 6.96
[Rank 0] time (ms) | fwd: 49.89 | bwd: 127.97 | bwd_inner: 126.84 | bwd_allreduce: 1.09 | step: 6.97
Local>>>>>> step_time: 0.18806028366088867, dataloading_time : 0.0005626678466796875,forward_time :0.031282663345336914, backward_time: 0.1488804817199707, optim time :0.0073337554931640625
[Rank 0] time (ms) | optimizer_step: 2.53
[Rank 0] time (ms) | fwd_microstep: 49.89 | bwd_microstep: 127.98 | bwd_inner_microstep: 127.02 | bwd_allreduce_microstep: 0.91 | step_microstep: 6.87
Local>>>>>> step_time: 0.18816113471984863, dataloading_time : 0.0009336471557617188,forward_time :0.030387163162231445, backward_time: 0.14972734451293945, optim time :0.007111310958862305
[Rank 0] time (ms) | fwd: 49.88 | bwd: 127.99 | bwd_inner: 127.03 | bwd_allreduce: 0.91 | step: 6.87
Local>>>>>> step_time: 0.18810319900512695, dataloading_time : 0.0007584095001220703,forward_time :0.03136563301086426, backward_time: 0.14874982833862305, optim time :0.007228374481201172
[Rank 0] time (ms) | optimizer_step: 2.54
[Rank 0] time (ms) | fwd_microstep: 49.90 | bwd_microstep: 127.84 | bwd_inner_microstep: 126.85 | bwd_allreduce_microstep: 0.93 | step_microstep: 6.87
Local>>>>>> step_time: 0.18793678283691406, dataloading_time : 0.0010998249053955078,forward_time :0.030916452407836914, backward_time: 0.14878463745117188, optim time :0.007134437561035156
[Rank 0] time (ms) | fwd: 49.88 | bwd: 127.85 | bwd_inner: 126.88 | bwd_allreduce: 0.93 | step: 6.87
Local>>>>>> step_time: 0.18791627883911133, dataloading_time : 0.0006670951843261719,forward_time :0.031468868255615234, backward_time: 0.14855027198791504, optim time :0.0072290897369384766
[Rank 0] time (ms) | optimizer_step: 2.53
[Rank 0] time (ms) | fwd_microstep: 49.76 | bwd_microstep: 127.87 | bwd_inner_microstep: 126.87 | bwd_allreduce_microstep: 0.93 | step_microstep: 6.92
Local>>>>>> step_time: 0.18790221214294434, dataloading_time : 0.0007333755493164062,forward_time :0.030779123306274414, backward_time: 0.14921903610229492, optim time :0.007169008255004883
[Rank 0] time (ms) | fwd: 49.75 | bwd: 127.87 | bwd_inner: 126.90 | bwd_allreduce: 0.93 | step: 6.92
Local>>>>>> step_time: 0.1879281997680664, dataloading_time : 0.0007874965667724609,forward_time :0.031085491180419922, backward_time: 0.14877653121948242, optim time :0.007277488708496094
[Rank 1] Step 95: loss=1.5718, time=0.188s, alloc_mem=3.39 GB, peak_mem=6.84 GB
[Rank 0] Step 95: loss=1.4175, time=0.188s, alloc_mem=3.39 GB, peak_mem=6.84 GB
[Rank 0] time (ms) | optimizer_step: 2.54
[Rank 0] time (ms) | fwd_microstep: 49.78 | bwd_microstep: 127.86 | bwd_inner_microstep: 126.89 | bwd_allreduce_microstep: 0.91 | step_microstep: 6.87
Local>>>>>> step_time: 0.1877281665802002, dataloading_time : 0.0007340908050537109,forward_time :0.03075098991394043, backward_time: 0.14908576011657715, optim time :0.007155895233154297
[Rank 0] time (ms) | fwd: 49.77 | bwd: 127.87 | bwd_inner: 126.90 | bwd_allreduce: 0.92 | step: 6.87
Local>>>>>> step_time: 0.18770074844360352, dataloading_time : 0.0005955696105957031,forward_time :0.031018495559692383, backward_time: 0.14885497093200684, optim time :0.007230281829833984
[Rank 0] time (ms) | optimizer_step: 2.55
[Rank 0] time (ms) | fwd_microstep: 49.78 | bwd_microstep: 127.99 | bwd_inner_microstep: 127.00 | bwd_allreduce_microstep: 0.93 | step_microstep: 6.88
Local>>>>>> step_time: 0.18785476684570312, dataloading_time : 0.0005879402160644531,forward_time :0.031026601791381836, backward_time: 0.1491246223449707, optim time :0.0071141719818115234
[Rank 0] time (ms) | fwd: 49.77 | bwd: 128.00 | bwd_inner: 127.02 | bwd_allreduce: 0.94 | step: 6.88
Local>>>>>> step_time: 0.187910795211792, dataloading_time : 0.000667572021484375,forward_time :0.031394243240356445, backward_time: 0.1486063003540039, optim time :0.007241964340209961
[Rank 0] time (ms) | optimizer_step: 2.56
[Rank 0] time (ms) | fwd_microstep: 49.85 | bwd_microstep: 128.32 | bwd_inner_microstep: 127.09 | bwd_allreduce_microstep: 1.17 | step_microstep: 6.89
[Rank 0] time (ms) | fwd: 49.84 | bwd: 128.32 | bwd_inner: 127.11 | bwd_allreduce: 1.17 | step: 6.89
Local>>>>>> step_time: 0.18837308883666992, dataloading_time : 0.0007359981536865234,forward_time :0.031194210052490234, backward_time: 0.14920759201049805, optim time :0.0072345733642578125
Local>>>>>> step_time: 0.18853402137756348, dataloading_time : 0.0011756420135498047,forward_time :0.030802488327026367, backward_time: 0.1493375301361084, optim time :0.0072176456451416016
[Rank 0] time (ms) | optimizer_step: 2.55
Local>>>>>> step_time: 0.18812012672424316, dataloading_time : 0.0009708404541015625,forward_time :0.030935049057006836, backward_time: 0.1490635871887207, optim time :0.007149457931518555
[Rank 0] time (ms) | fwd_microstep: 49.89 | bwd_microstep: 127.81 | bwd_inner_microstep: 126.83 | bwd_allreduce_microstep: 0.91 | step_microstep: 7.11
[Rank 1] Step 99: loss=1.3111, time=0.188s, alloc_mem=3.39 GB, peak_mem=6.84 GB
[Rank 0] time (ms) | fwd: 49.88 | bwd: 127.81 | bwd_inner: 126.86 | bwd_allreduce: 0.91 | step: 7.12
Local>>>>>> step_time: 0.18849563598632812, dataloading_time : 0.0010771751403808594,forward_time :0.031169414520263672, backward_time: 0.14876484870910645, optim time :0.007482767105102539

============================================================
[Rank 1] FINAL RESULTS
  Config: configs/baseline.json
  Model: hidden_dim=1024, num_layers=12
  Parameters: 254,655,569
  Batch size: 8, Seq length: 512
  Average step time: 0.291s
  Peak memory: 6.84 GB
  Final allocated memory: 3.39 GB
============================================================
SUMMARY: config=configs/baseline.json params=254655569 peak_mem_bytes=7348078592 alloc_mem_bytes=3638804480 avg_step_time=0.2915
[Rank 0] Step 99: loss=0.9398, time=0.188s, alloc_mem=3.39 GB, peak_mem=6.84 GB

============================================================
[Rank 0] FINAL RESULTS
  Config: configs/baseline.json
  Model: hidden_dim=1024, num_layers=12
  Parameters: 254,655,569
  Batch size: 8, Seq length: 512
  Average step time: 0.292s
  Peak memory: 6.84 GB
  Final allocated memory: 3.39 GB
============================================================
SUMMARY: config=configs/baseline.json params=254655569 peak_mem_bytes=7348078592 alloc_mem_bytes=3638804480 avg_step_time=0.2916
Loss history saved to: logs/baseline_loss.csv
[rank0]:[W206 12:15:52.012043832 ProcessGroupNCCL.cpp:1250] Warning: WARNING: process group has NOT been destroyed before we destruct ProcessGroupNCCL. On normal program exit, the application should call destroy_process_group to ensure that any pending NCCL operations have finished in this process. In rare cases this process can exit before this point and block the progress of another member of the process group. This constraint has always been present,  but this warning has only been added since PyTorch 2.4 (function operator())
[2026-02-06 12:15:54,482] [INFO] [launch.py:367:main] Process 966853 exits successfully.
[2026-02-06 12:15:54,483] [INFO] [launch.py:367:main] Process 966854 exits successfully.
