Warning: The cache directory for DeepSpeed Triton autotune, /home/bigyang/.triton/autotune, appears to be on an NFS system. While this is generally acceptable, if you experience slowdowns or hanging when DeepSpeed exits, it is recommended to set the TRITON_CACHE_DIR environment variable to a non-NFS path.
[2026-02-06 12:16:02,989] [WARNING] [runner.py:232:fetch_hostfile] Unable to find hostfile, will proceed with training with local resources only.
Detected VISIBLE_DEVICES=0,1 but ignoring it because one or several of --include/--exclude/--num_gpus/--num_nodes cl args were used. If you want to use CUDA_VISIBLE_DEVICES don't pass any of these arguments to deepspeed.
[2026-02-06 12:16:02,989] [INFO] [runner.py:630:main] cmd = /home/bigyang/micromamba/envs/ds-hf/bin/python -u -m deepspeed.launcher.launch --world_info=eyJsb2NhbGhvc3QiOiBbMCwgMV19 --master_addr=127.0.0.1 --master_port=29600 --enable_each_rank_log=None --log_level=info train2.py --deepspeed_config configs/bf16_full.json --loss_log_file logs/bf16_full_loss.csv --num_layers 12 --hidden_dim 1024 --batch_size 8 --seq_length 512 --num_steps 100 --warmup_steps 5 --activation_checkpointing --use_real_data --seed 42
Warning: The cache directory for DeepSpeed Triton autotune, /home/bigyang/.triton/autotune, appears to be on an NFS system. While this is generally acceptable, if you experience slowdowns or hanging when DeepSpeed exits, it is recommended to set the TRITON_CACHE_DIR environment variable to a non-NFS path.
[2026-02-06 12:16:07,200] [INFO] [launch.py:162:main] WORLD INFO DICT: {'localhost': [0, 1]}
[2026-02-06 12:16:07,200] [INFO] [launch.py:168:main] nnodes=1, num_local_procs=2, node_rank=0
[2026-02-06 12:16:07,200] [INFO] [launch.py:179:main] global_rank_mapping=defaultdict(<class 'list'>, {'localhost': [0, 1]})
[2026-02-06 12:16:07,200] [INFO] [launch.py:180:main] dist_world_size=2
[2026-02-06 12:16:07,200] [INFO] [launch.py:184:main] Setting CUDA_VISIBLE_DEVICES=0,1
[2026-02-06 12:16:07,200] [INFO] [launch.py:272:main] process 968026 spawned with command: ['/home/bigyang/micromamba/envs/ds-hf/bin/python', '-u', 'train2.py', '--local_rank=0', '--deepspeed_config', 'configs/bf16_full.json', '--loss_log_file', 'logs/bf16_full_loss.csv', '--num_layers', '12', '--hidden_dim', '1024', '--batch_size', '8', '--seq_length', '512', '--num_steps', '100', '--warmup_steps', '5', '--activation_checkpointing', '--use_real_data', '--seed', '42']
[2026-02-06 12:16:07,201] [INFO] [launch.py:272:main] process 968027 spawned with command: ['/home/bigyang/micromamba/envs/ds-hf/bin/python', '-u', 'train2.py', '--local_rank=1', '--deepspeed_config', 'configs/bf16_full.json', '--loss_log_file', 'logs/bf16_full_loss.csv', '--num_layers', '12', '--hidden_dim', '1024', '--batch_size', '8', '--seq_length', '512', '--num_steps', '100', '--warmup_steps', '5', '--activation_checkpointing', '--use_real_data', '--seed', '42']
Warning: The cache directory for DeepSpeed Triton autotune, /home/bigyang/.triton/autotune, appears to be on an NFS system. While this is generally acceptable, if you experience slowdowns or hanging when DeepSpeed exits, it is recommended to set the TRITON_CACHE_DIR environment variable to a non-NFS path.
Warning: The cache directory for DeepSpeed Triton autotune, /home/bigyang/.triton/autotune, appears to be on an NFS system. While this is generally acceptable, if you experience slowdowns or hanging when DeepSpeed exits, it is recommended to set the TRITON_CACHE_DIR environment variable to a non-NFS path.
[Rank 1] Loading wikitext dataset...
[Rank 0] Loading wikitext dataset...
[Rank 1] Dataset loaded: 39531 examples, vocab_size=50257
[Rank 1] Creating model with hidden_dim=1024, num_layers=12, num_heads=16, vocab_size=50257
[Rank 0] Dataset loaded: 39531 examples, vocab_size=50257
[Rank 0] Creating model with hidden_dim=1024, num_layers=12, num_heads=16, vocab_size=50257
[Rank 1] Model parameters: 254,655,569 total, 254,655,569 trainable
[Rank 1] Activation checkpointing enabled
[Rank 0] Model parameters: 254,655,569 total, 254,655,569 trainable
[Rank 0] Activation checkpointing enabled
/home/bigyang/micromamba/envs/ds-hf/lib/python3.11/site-packages/torch/utils/cpp_extension.py:1964: UserWarning: TORCH_CUDA_ARCH_LIST is not set, all archs for visible cards are included for compilation. 
If this is not desired, please set os.environ['TORCH_CUDA_ARCH_LIST'].
  warnings.warn(
Stage 3 initialize beginning
MA 0.47 GB         Max_MA 0.47 GB         CA 0.51 GB         Max_CA 1 GB 
CPU Virtual Memory:  used = 29.4 GB, percent = 1.5%
DeepSpeedZeRoOffload initialize [begin]
MA 0.47 GB         Max_MA 0.67 GB         CA 0.7 GB         Max_CA 1 GB 
CPU Virtual Memory:  used = 29.4 GB, percent = 1.5%
Parameter Offload - Persistent parameters statistics: param_count = 0, numel = 0
DeepSpeedZeRoOffload initialize [end]
MA 0.24 GB         Max_MA 0.52 GB         CA 0.71 GB         Max_CA 1 GB 
CPU Virtual Memory:  used = 29.4 GB, percent = 1.5%
Before creating fp16 partitions
MA 0.24 GB         Max_MA 0.24 GB         CA 0.71 GB         Max_CA 1 GB 
CPU Virtual Memory:  used = 29.4 GB, percent = 1.5%
After creating fp16 partitions: 1
MA 0.24 GB         Max_MA 0.24 GB         CA 0.24 GB         Max_CA 1 GB 
CPU Virtual Memory:  used = 29.4 GB, percent = 1.5%
Before creating fp32 partitions
MA 0.24 GB         Max_MA 0.24 GB         CA 0.24 GB         Max_CA 0 GB 
CPU Virtual Memory:  used = 29.4 GB, percent = 1.5%
After creating fp32 partitions
MA 0.71 GB         Max_MA 1.19 GB         CA 1.19 GB         Max_CA 1 GB 
CPU Virtual Memory:  used = 29.4 GB, percent = 1.5%
Before initializing optimizer states
MA 0.71 GB         Max_MA 0.71 GB         CA 1.19 GB         Max_CA 1 GB 
CPU Virtual Memory:  used = 29.4 GB, percent = 1.5%
[Rank 0] time (ms) | init_optimizer_state: 0.00
After initializing optimizer states
MA 0.71 GB         Max_MA 1.19 GB         CA 1.19 GB         Max_CA 1 GB 
CPU Virtual Memory:  used = 29.4 GB, percent = 1.5%
[Rank 1] DeepSpeed initialized with config: configs/bf16_full.json
[Rank 1] Memory after init: allocated=1.04 GB, reserved=1.29 GB
After initializing ZeRO optimizer
MA 1.04 GB         Max_MA 1.23 GB         CA 1.29 GB         Max_CA 1 GB 
CPU Virtual Memory:  used = 29.42 GB, percent = 1.5%
[Rank 0] DeepSpeed initialized with config: configs/bf16_full.json
[Rank 0] Memory after init: allocated=1.04 GB, reserved=1.29 GB
[Rank 0] time (ms) | optimizer_step: 3.18
[Rank 1] Step 0: loss=11.5000, time=0.726s, alloc_mem=2.44 GB, peak_mem=2.91 GB
[Rank 0] time (ms) | fwd_microstep: 144.14 | bwd_microstep: 122.91 | bwd_inner_microstep: 122.14 | bwd_allreduce_microstep: 0.68 | step_microstep: 44.30
[Rank 0] time (ms) | fwd: 144.13 | bwd: 122.91 | bwd_inner: 122.17 | bwd_allreduce: 0.68 | step: 44.30
[Rank 0] Step 0: loss=11.5625, time=0.564s, alloc_mem=2.44 GB, peak_mem=2.91 GB
[Rank 0] time (ms) | optimizer_step: 2.47
[Rank 0] time (ms) | fwd_microstep: 144.44 | bwd_microstep: 122.25 | bwd_inner_microstep: 118.61 | bwd_allreduce_microstep: 3.60 | step_microstep: 6.13
[Rank 0] time (ms) | fwd: 144.44 | bwd: 122.26 | bwd_inner: 118.62 | bwd_allreduce: 3.60 | step: 6.14
[Rank 0] time (ms) | optimizer_step: 2.46
[Rank 0] time (ms) | fwd_microstep: 33.20 | bwd_microstep: 52.52 | bwd_inner_microstep: 51.90 | bwd_allreduce_microstep: 0.57 | step_microstep: 6.09
[Rank 0] time (ms) | fwd: 33.19 | bwd: 52.52 | bwd_inner: 51.91 | bwd_allreduce: 0.57 | step: 6.09
[Rank 0] time (ms) | optimizer_step: 2.47
[Rank 0] time (ms) | fwd_microstep: 32.94 | bwd_microstep: 52.63 | bwd_inner_microstep: 51.79 | bwd_allreduce_microstep: 0.79 | step_microstep: 6.09
[Rank 0] time (ms) | fwd: 32.94 | bwd: 52.63 | bwd_inner: 51.81 | bwd_allreduce: 0.79 | step: 6.09
[Rank 0] time (ms) | optimizer_step: 2.47
[Rank 0] time (ms) | fwd_microstep: 33.05 | bwd_microstep: 52.49 | bwd_inner_microstep: 51.88 | bwd_allreduce_microstep: 0.57 | step_microstep: 6.07
[Rank 0] time (ms) | fwd: 33.04 | bwd: 52.50 | bwd_inner: 51.89 | bwd_allreduce: 0.57 | step: 6.07
[Rank 0] time (ms) | optimizer_step: 2.63
[Rank 0] time (ms) | fwd_microstep: 41.06 | bwd_microstep: 66.86 | bwd_inner_microstep: 63.80 | bwd_allreduce_microstep: 3.00 | step_microstep: 7.50
[Rank 0] time (ms) | fwd: 41.05 | bwd: 66.87 | bwd_inner: 63.81 | bwd_allreduce: 3.01 | step: 7.50
Local>>>>>> step_time: 0.1184239387512207, dataloading_time : 0.0012524127960205078,forward_time :0.03650856018066406, backward_time: 0.07276582717895508, optim time :0.00789499282836914
Local>>>>>> step_time: 0.11356616020202637, dataloading_time : 0.0008158683776855469,forward_time :0.034766197204589844, backward_time: 0.0700376033782959, optim time :0.007944583892822266
[Rank 0] Step 5: loss=3.4531, time=0.118s, alloc_mem=2.44 GB, peak_mem=4.16 GB
[Rank 1] Step 5: loss=2.8438, time=0.114s, alloc_mem=2.44 GB, peak_mem=4.16 GB
[Rank 0] time (ms) | optimizer_step: 3.59
Local>>>>>> step_time: 0.11257624626159668, dataloading_time : 0.0010726451873779297,forward_time :0.03326106071472168, backward_time: 0.06971144676208496, optim time :0.008529424667358398
[Rank 0] time (ms) | fwd_microstep: 37.41 | bwd_microstep: 64.45 | bwd_inner_microstep: 62.66 | bwd_allreduce_microstep: 1.73 | step_microstep: 8.46
[Rank 0] time (ms) | fwd: 37.40 | bwd: 64.46 | bwd_inner: 62.68 | bwd_allreduce: 1.73 | step: 8.46
Local>>>>>> step_time: 0.11296439170837402, dataloading_time : 0.0009677410125732422,forward_time :0.03260993957519531, backward_time: 0.07053971290588379, optim time :0.00884556770324707
[Rank 0] time (ms) | optimizer_step: 2.64
[Rank 0] time (ms) | fwd_microstep: 37.43 | bwd_microstep: 63.56 | bwd_inner_microstep: 62.62 | bwd_allreduce_microstep: 0.88 | step_microstep: 7.41
[Rank 0] time (ms) | fwd: 37.42 | bwd: 63.57 | bwd_inner: 62.63 | bwd_allreduce: 0.89 | step: 7.40
Local>>>>>> step_time: 0.11128592491149902, dataloading_time : 0.0008995532989501953,forward_time :0.033376216888427734, backward_time: 0.06923508644104004, optim time :0.007773399353027344
Local>>>>>> step_time: 0.11096549034118652, dataloading_time : 0.0008862018585205078,forward_time :0.0326695442199707, backward_time: 0.06961655616760254, optim time :0.007791280746459961
[Rank 0] time (ms) | optimizer_step: 2.76
[Rank 0] time (ms) | fwd_microstep: 37.22 | bwd_microstep: 63.50 | bwd_inner_microstep: 62.31 | bwd_allreduce_microstep: 1.14 | step_microstep: 8.53
[Rank 0] time (ms) | fwd: 37.21 | bwd: 63.51 | bwd_inner: 62.32 | bwd_allreduce: 1.14 | step: 8.53
Local>>>>>> step_time: 0.1119389533996582, dataloading_time : 0.001035451889038086,forward_time :0.032410383224487305, backward_time: 0.06959819793701172, optim time :0.008893489837646484
Local>>>>>> step_time: 0.11209249496459961, dataloading_time : 0.0009942054748535156,forward_time :0.03298377990722656, backward_time: 0.06908202171325684, optim time :0.009031057357788086
[Rank 0] time (ms) | optimizer_step: 2.65
[Rank 0] time (ms) | fwd_microstep: 37.25 | bwd_microstep: 63.94 | bwd_inner_microstep: 62.66 | bwd_allreduce_microstep: 1.22 | step_microstep: 7.36
[Rank 0] time (ms) | fwd: 37.24 | bwd: 63.95 | bwd_inner: 62.68 | bwd_allreduce: 1.22 | step: 7.36
Local>>>>>> step_time: 0.11166262626647949, dataloading_time : 0.0009109973907470703,forward_time :0.032457590103149414, backward_time: 0.07001900672912598, optim time :0.008272886276245117
Local>>>>>> step_time: 0.11156177520751953, dataloading_time : 0.0009016990661621094,forward_time :0.03297591209411621, backward_time: 0.06937026977539062, optim time :0.008311748504638672
[Rank 0] time (ms) | optimizer_step: 3.80
[Rank 0] time (ms) | fwd_microstep: 61.63 | bwd_microstep: 123.46 | bwd_inner_microstep: 120.96 | bwd_allreduce_microstep: 2.41 | step_microstep: 11.95
[Rank 0] time (ms) | fwd: 61.62 | bwd: 123.48 | bwd_inner: 120.99 | bwd_allreduce: 2.41 | step: 11.95
Local>>>>>> step_time: 0.20080304145812988, dataloading_time : 0.0014767646789550781,forward_time :0.057352304458618164, backward_time: 0.1292705535888672, optim time :0.012663602828979492
Local>>>>>> step_time: 0.20077157020568848, dataloading_time : 0.0014824867248535156,forward_time :0.0578618049621582, backward_time: 0.12869644165039062, optim time :0.012698173522949219
[Rank 0] Step 10: loss=3.2188, time=0.201s, alloc_mem=2.44 GB, peak_mem=4.16 GB
[Rank 1] Step 10: loss=3.2031, time=0.201s, alloc_mem=2.44 GB, peak_mem=4.16 GB
[Rank 0] time (ms) | optimizer_step: 3.82
[Rank 0] time (ms) | fwd_microstep: 59.90 | bwd_microstep: 122.68 | bwd_inner_microstep: 120.69 | bwd_allreduce_microstep: 1.90 | step_microstep: 13.30
Local>>>>>> step_time: 0.198822021484375, dataloading_time : 0.001238107681274414,forward_time :0.055910348892211914, backward_time: 0.12799739837646484, optim time :0.013673543930053711
[Rank 0] time (ms) | fwd: 59.88 | bwd: 122.69 | bwd_inner: 120.72 | bwd_allreduce: 1.90 | step: 13.30
Local>>>>>> step_time: 0.19903349876403809, dataloading_time : 0.0012369155883789062,forward_time :0.05546450614929199, backward_time: 0.12846636772155762, optim time :0.013862848281860352
[Rank 0] time (ms) | optimizer_step: 3.70
[Rank 0] time (ms) | fwd_microstep: 60.08 | bwd_microstep: 109.22 | bwd_inner_microstep: 107.06 | bwd_allreduce_microstep: 2.07 | step_microstep: 11.73
[Rank 0] time (ms) | fwd: 60.07 | bwd: 109.24 | bwd_inner: 107.08 | bwd_allreduce: 2.08 | step: 11.73
Local>>>>>> step_time: 0.18444538116455078, dataloading_time : 0.0011830329895019531,forward_time :0.05602598190307617, backward_time: 0.11492609977722168, optim time :0.012307882308959961
Local>>>>>> step_time: 0.1842966079711914, dataloading_time : 0.0013010501861572266,forward_time :0.05565929412841797, backward_time: 0.11500978469848633, optim time :0.012323617935180664
[Rank 0] time (ms) | optimizer_step: 3.72
[Rank 0] time (ms) | fwd_microstep: 61.39 | bwd_microstep: 109.46 | bwd_inner_microstep: 107.79 | bwd_allreduce_microstep: 1.59 | step_microstep: 11.77
[Rank 0] time (ms) | fwd: 61.38 | bwd: 109.47 | bwd_inner: 107.81 | bwd_allreduce: 1.59 | step: 11.77
Local>>>>>> step_time: 0.18569660186767578, dataloading_time : 0.001142740249633789,forward_time :0.056977033615112305, backward_time: 0.11521792411804199, optim time :0.012356042861938477
Local>>>>>> step_time: 0.1857588291168213, dataloading_time : 0.0010874271392822266,forward_time :0.05716824531555176, backward_time: 0.11510229110717773, optim time :0.012398719787597656
[Rank 0] time (ms) | optimizer_step: 3.75
[Rank 0] time (ms) | fwd_microstep: 59.94 | bwd_microstep: 110.74 | bwd_inner_microstep: 108.60 | bwd_allreduce_microstep: 2.01 | step_microstep: 11.79
[Rank 0] time (ms) | fwd: 59.93 | bwd: 110.75 | bwd_inner: 108.62 | bwd_allreduce: 1.97 | step: 11.79
Local>>>>>> step_time: 0.1855459213256836, dataloading_time : 0.0011453628540039062,forward_time :0.05555582046508789, backward_time: 0.11647343635559082, optim time :0.012369394302368164
Local>>>>>> step_time: 0.1856212615966797, dataloading_time : 0.0011219978332519531,forward_time :0.055954933166503906, backward_time: 0.11605048179626465, optim time :0.012490987777709961
[Rank 0] time (ms) | optimizer_step: 3.78
[Rank 0] time (ms) | fwd_microstep: 60.17 | bwd_microstep: 110.87 | bwd_inner_microstep: 108.84 | bwd_allreduce_microstep: 1.91 | step_microstep: 11.87
[Rank 0] time (ms) | fwd: 60.16 | bwd: 110.89 | bwd_inner: 108.89 | bwd_allreduce: 1.91 | step: 11.87
Local>>>>>> step_time: 9.759824752807617, dataloading_time : 0.0010647773742675781,forward_time :0.056237220764160156, backward_time: 0.11621880531311035, optim time :9.586300611495972
[Rank 1] Step 15: loss=2.3750, time=9.760s, alloc_mem=2.44 GB, peak_mem=4.16 GB
Local>>>>>> step_time: 9.833003997802734, dataloading_time : 0.0012464523315429688,forward_time :0.05572676658630371, backward_time: 0.1166679859161377, optim time :9.659359216690063
[Rank 0] Step 15: loss=2.7812, time=9.833s, alloc_mem=2.44 GB, peak_mem=4.16 GB
[Rank 0] time (ms) | optimizer_step: 2.60
[Rank 0] time (ms) | fwd_microstep: 38.14 | bwd_microstep: 61.44 | bwd_inner_microstep: 60.70 | bwd_allreduce_microstep: 0.68 | step_microstep: 7.05
[Rank 0] time (ms) | fwd: 38.13 | bwd: 61.44 | bwd_inner: 60.72 | bwd_allreduce: 0.68 | step: 7.05
Local>>>>>> step_time: 0.10925459861755371, dataloading_time : 0.0009393692016601562,forward_time :0.03371453285217285, backward_time: 0.06719207763671875, optim time :0.007407426834106445
Local>>>>>> step_time: 0.18227410316467285, dataloading_time : 0.0009975433349609375,forward_time :0.10479903221130371, backward_time: 0.06907224655151367, optim time :0.007403850555419922
[Rank 0] time (ms) | optimizer_step: 2.54
[Rank 0] time (ms) | fwd_microstep: 35.94 | bwd_microstep: 60.92 | bwd_inner_microstep: 58.97 | bwd_allreduce_microstep: 1.89 | step_microstep: 6.84
[Rank 0] time (ms) | fwd: 35.92 | bwd: 60.92 | bwd_inner: 58.98 | bwd_allreduce: 1.89 | step: 6.84
Local>>>>>> step_time: 0.10607051849365234, dataloading_time : 0.0010418891906738281,forward_time :0.0314939022064209, backward_time: 0.06635832786560059, optim time :0.00717473030090332
Local>>>>>> step_time: 0.10610318183898926, dataloading_time : 0.0007252693176269531,forward_time :0.031208038330078125, backward_time: 0.06697988510131836, optim time :0.0071887969970703125
[Rank 0] time (ms) | optimizer_step: 2.54
[Rank 0] time (ms) | fwd_microstep: 35.62 | bwd_microstep: 60.01 | bwd_inner_microstep: 58.70 | bwd_allreduce_microstep: 1.26 | step_microstep: 6.77
[Rank 0] time (ms) | fwd: 35.62 | bwd: 60.01 | bwd_inner: 58.72 | bwd_allreduce: 1.26 | step: 6.77
Local>>>>>> step_time: 0.10488653182983398, dataloading_time : 0.0008540153503417969,forward_time :0.0308687686920166, backward_time: 0.06604743003845215, optim time :0.00711512565612793
Local>>>>>> step_time: 0.1050100326538086, dataloading_time : 0.0006892681121826172,forward_time :0.03101825714111328, backward_time: 0.06609821319580078, optim time :0.007202863693237305
[Rank 0] time (ms) | optimizer_step: 2.55
[Rank 0] time (ms) | fwd_microstep: 35.90 | bwd_microstep: 60.41 | bwd_inner_microstep: 58.59 | bwd_allreduce_microstep: 1.77 | step_microstep: 6.79
[Rank 0] time (ms) | fwd: 35.90 | bwd: 60.42 | bwd_inner: 58.60 | bwd_allreduce: 1.77 | step: 6.79
Local>>>>>> step_time: 0.10541486740112305, dataloading_time : 0.0006561279296875,forward_time :0.031142711639404297, backward_time: 0.06648397445678711, optim time :0.0071299076080322266
Local>>>>>> step_time: 0.1053769588470459, dataloading_time : 0.0008678436279296875,forward_time :0.03135395050048828, backward_time: 0.0659630298614502, optim time :0.007191181182861328
[Rank 0] time (ms) | optimizer_step: 2.55
[Rank 0] time (ms) | fwd_microstep: 35.61 | bwd_microstep: 60.13 | bwd_inner_microstep: 58.59 | bwd_allreduce_microstep: 1.49 | step_microstep: 6.78
[Rank 0] time (ms) | fwd: 35.60 | bwd: 60.13 | bwd_inner: 58.60 | bwd_allreduce: 1.49 | step: 6.78
Local>>>>>> step_time: 0.10512781143188477, dataloading_time : 0.000995635986328125,forward_time :0.030829191207885742, backward_time: 0.06617856025695801, optim time :0.007123470306396484
Local>>>>>> step_time: 0.10508131980895996, dataloading_time : 0.0010142326354980469,forward_time :0.03118157386779785, backward_time: 0.0657339096069336, optim time :0.007150173187255859
[Rank 0] Step 20: loss=2.0781, time=0.105s, alloc_mem=2.44 GB, peak_mem=4.16 GB
[Rank 1] Step 20: loss=2.8438, time=0.105s, alloc_mem=2.44 GB, peak_mem=4.16 GB
[Rank 0] time (ms) | optimizer_step: 2.54
[Rank 0] time (ms) | fwd_microstep: 35.71 | bwd_microstep: 74.61 | bwd_inner_microstep: 72.68 | bwd_allreduce_microstep: 1.87 | step_microstep: 6.76
[Rank 0] time (ms) | fwd: 35.70 | bwd: 74.62 | bwd_inner: 72.70 | bwd_allreduce: 1.88 | step: 6.76
Local>>>>>> step_time: 0.11926698684692383, dataloading_time : 0.0005712509155273438,forward_time :0.030905961990356445, backward_time: 0.08067607879638672, optim time :0.0071125030517578125
Local>>>>>> step_time: 0.11931824684143066, dataloading_time : 0.0008802413940429688,forward_time :0.03128385543823242, backward_time: 0.07996129989624023, optim time :0.00719141960144043
[Rank 0] time (ms) | optimizer_step: 2.58
[Rank 0] time (ms) | fwd_microstep: 35.97 | bwd_microstep: 60.42 | bwd_inner_microstep: 58.84 | bwd_allreduce_microstep: 1.52 | step_microstep: 6.84
[Rank 0] time (ms) | fwd: 35.96 | bwd: 60.42 | bwd_inner: 58.85 | bwd_allreduce: 1.53 | step: 6.84
Local>>>>>> step_time: 0.10563874244689941, dataloading_time : 0.0009701251983642578,forward_time :0.031264543533325195, backward_time: 0.06623411178588867, optim time :0.00716853141784668
Local>>>>>> step_time: 0.1057746410369873, dataloading_time : 0.0009243488311767578,forward_time :0.031189441680908203, backward_time: 0.06646966934204102, optim time :0.00718998908996582
[Rank 0] time (ms) | optimizer_step: 2.55
[Rank 0] time (ms) | fwd_microstep: 35.71 | bwd_microstep: 73.73 | bwd_inner_microstep: 72.44 | bwd_allreduce_microstep: 1.24 | step_microstep: 6.90
[Rank 0] time (ms) | fwd: 35.71 | bwd: 73.73 | bwd_inner: 72.45 | bwd_allreduce: 1.24 | step: 6.90
Local>>>>>> step_time: 0.11892962455749512, dataloading_time : 0.0011868476867675781,forward_time :0.03262901306152344, backward_time: 0.0778954029083252, optim time :0.007215976715087891
Local>>>>>> step_time: 0.1189413070678711, dataloading_time : 0.0009615421295166016,forward_time :0.031171321868896484, backward_time: 0.07954549789428711, optim time :0.007260560989379883
[Rank 0] time (ms) | optimizer_step: 2.61
[Rank 0] time (ms) | fwd_microstep: 35.69 | bwd_microstep: 61.45 | bwd_inner_microstep: 59.84 | bwd_allreduce_microstep: 1.56 | step_microstep: 6.85
[Rank 0] time (ms) | fwd: 35.68 | bwd: 61.45 | bwd_inner: 59.85 | bwd_allreduce: 1.56 | step: 6.85
Local>>>>>> step_time: 0.10651159286499023, dataloading_time : 0.0009937286376953125,forward_time :0.031173229217529297, backward_time: 0.06716346740722656, optim time :0.0071794986724853516
Local>>>>>> step_time: 0.1064918041229248, dataloading_time : 0.0008733272552490234,forward_time :0.030905961990356445, backward_time: 0.06751370429992676, optim time :0.00719761848449707
[Rank 0] time (ms) | optimizer_step: 2.55
[Rank 0] time (ms) | fwd_microstep: 35.95 | bwd_microstep: 59.81 | bwd_inner_microstep: 59.03 | bwd_allreduce_microstep: 0.72 | step_microstep: 6.84
[Rank 0] time (ms) | fwd: 35.94 | bwd: 59.81 | bwd_inner: 59.05 | bwd_allreduce: 0.72 | step: 6.84
Local>>>>>> step_time: 0.10512328147888184, dataloading_time : 0.0006308555603027344,forward_time :0.03139185905456543, backward_time: 0.06594324111938477, optim time :0.007155895233154297
Local>>>>>> step_time: 0.10513472557067871, dataloading_time : 0.0009114742279052734,forward_time :0.031186819076538086, backward_time: 0.06584739685058594, optim time :0.007187843322753906
[Rank 1] Step 25: loss=1.7422, time=0.105s, alloc_mem=2.44 GB, peak_mem=4.16 GB
[Rank 0] Step 25: loss=1.2422, time=0.105s, alloc_mem=2.44 GB, peak_mem=4.16 GB
[Rank 0] time (ms) | optimizer_step: 2.56
[Rank 0] time (ms) | fwd_microstep: 35.72 | bwd_microstep: 59.96 | bwd_inner_microstep: 58.50 | bwd_allreduce_microstep: 1.41 | step_microstep: 6.80
[Rank 0] time (ms) | fwd: 35.71 | bwd: 59.97 | bwd_inner: 58.51 | bwd_allreduce: 1.41 | step: 6.81
Local>>>>>> step_time: 0.10509371757507324, dataloading_time : 0.0007154941558837891,forward_time :0.031198740005493164, backward_time: 0.06603240966796875, optim time :0.007146358489990234
Local>>>>>> step_time: 0.1050727367401123, dataloading_time : 0.0009548664093017578,forward_time :0.030960559844970703, backward_time: 0.06600189208984375, optim time :0.007153987884521484
[Rank 0] time (ms) | optimizer_step: 2.58
[Rank 0] time (ms) | fwd_microstep: 35.77 | bwd_microstep: 60.21 | bwd_inner_microstep: 58.56 | bwd_allreduce_microstep: 1.60 | step_microstep: 6.83
[Rank 0] time (ms) | fwd: 35.77 | bwd: 60.22 | bwd_inner: 58.58 | bwd_allreduce: 1.60 | step: 6.83
Local>>>>>> step_time: 0.1053617000579834, dataloading_time : 0.0008609294891357422,forward_time :0.031026840209960938, backward_time: 0.06629633903503418, optim time :0.007175922393798828
Local>>>>>> step_time: 0.10537457466125488, dataloading_time : 0.0009305477142333984,forward_time :0.03119516372680664, backward_time: 0.06606006622314453, optim time :0.007187366485595703
[Rank 0] time (ms) | optimizer_step: 2.55
[Rank 0] time (ms) | fwd_microstep: 35.83 | bwd_microstep: 60.30 | bwd_inner_microstep: 58.90 | bwd_allreduce_microstep: 1.35 | step_microstep: 6.76
[Rank 0] time (ms) | fwd: 35.82 | bwd: 60.30 | bwd_inner: 58.91 | bwd_allreduce: 1.35 | step: 6.76
Local>>>>>> step_time: 0.10537219047546387, dataloading_time : 0.0008754730224609375,forward_time :0.03107476234436035, backward_time: 0.06632208824157715, optim time :0.007098674774169922
Local>>>>>> step_time: 0.10544872283935547, dataloading_time : 0.0009672641754150391,forward_time :0.031281471252441406, backward_time: 0.06600379943847656, optim time :0.007194995880126953
[Rank 0] time (ms) | optimizer_step: 2.54
[Rank 0] time (ms) | fwd_microstep: 35.68 | bwd_microstep: 60.78 | bwd_inner_microstep: 58.54 | bwd_allreduce_microstep: 2.19 | step_microstep: 6.78
[Rank 0] time (ms) | fwd: 35.64 | bwd: 60.78 | bwd_inner: 58.55 | bwd_allreduce: 2.19 | step: 6.78
Local>>>>>> step_time: 0.10539031028747559, dataloading_time : 0.0005254745483398438,forward_time :0.030875682830810547, backward_time: 0.0668478012084961, optim time :0.007140159606933594
Local>>>>>> step_time: 0.10538196563720703, dataloading_time : 0.0009157657623291016,forward_time :0.031208515167236328, backward_time: 0.06603288650512695, optim time :0.007223606109619141
[Rank 0] time (ms) | optimizer_step: 2.56
[Rank 0] time (ms) | fwd_microstep: 35.77 | bwd_microstep: 60.20 | bwd_inner_microstep: 58.55 | bwd_allreduce_microstep: 1.60 | step_microstep: 6.87
[Rank 0] time (ms) | fwd: 35.76 | bwd: 60.20 | bwd_inner: 58.56 | bwd_allreduce: 1.60 | step: 6.87
Local>>>>>> step_time: 0.10517406463623047, dataloading_time : 0.0008938312530517578,forward_time :0.031138896942138672, backward_time: 0.06597661972045898, optim time :0.007163286209106445
Local>>>>>> step_time: 0.10531020164489746, dataloading_time : 0.0008523464202880859,forward_time :0.031003952026367188, backward_time: 0.0662391185760498, optim time :0.00721287727355957
[Rank 1] Step 30: loss=1.6250, time=0.105s, alloc_mem=2.44 GB, peak_mem=4.16 GB
[Rank 0] Step 30: loss=1.6016, time=0.105s, alloc_mem=2.44 GB, peak_mem=4.16 GB
[Rank 0] time (ms) | optimizer_step: 2.58
[Rank 0] time (ms) | fwd_microstep: 35.87 | bwd_microstep: 59.93 | bwd_inner_microstep: 58.62 | bwd_allreduce_microstep: 1.26 | step_microstep: 6.80
[Rank 0] time (ms) | fwd: 35.86 | bwd: 59.94 | bwd_inner: 58.64 | bwd_allreduce: 1.26 | step: 6.80
Local>>>>>> step_time: 0.10561513900756836, dataloading_time : 0.0014004707336425781,forward_time :0.031083106994628906, backward_time: 0.06598901748657227, optim time :0.0071413516998291016
Local>>>>>> step_time: 0.10567831993103027, dataloading_time : 0.0010137557983398438,forward_time :0.03133749961853027, backward_time: 0.06617093086242676, optim time :0.0071544647216796875
[Rank 0] time (ms) | optimizer_step: 2.60
[Rank 0] time (ms) | fwd_microstep: 35.69 | bwd_microstep: 60.34 | bwd_inner_microstep: 58.97 | bwd_allreduce_microstep: 1.32 | step_microstep: 6.85
[Rank 0] time (ms) | fwd: 35.69 | bwd: 60.35 | bwd_inner: 58.98 | bwd_allreduce: 1.32 | step: 6.85
Local>>>>>> step_time: 0.1053471565246582, dataloading_time : 0.000957489013671875,forward_time :0.03128552436828613, backward_time: 0.06595206260681152, optim time :0.007151365280151367
Local>>>>>> step_time: 0.10540914535522461, dataloading_time : 0.000904083251953125,forward_time :0.03093743324279785, backward_time: 0.06637024879455566, optim time :0.007195949554443359
[Rank 0] time (ms) | optimizer_step: 2.57
[Rank 0] time (ms) | fwd_microstep: 35.66 | bwd_microstep: 60.14 | bwd_inner_microstep: 58.49 | bwd_allreduce_microstep: 1.59 | step_microstep: 6.93
[Rank 0] time (ms) | fwd: 35.65 | bwd: 60.14 | bwd_inner: 58.51 | bwd_allreduce: 1.59 | step: 6.93
Local>>>>>> step_time: 0.10502123832702637, dataloading_time : 0.0006875991821289062,forward_time :0.0308685302734375, backward_time: 0.06618595123291016, optim time :0.0072784423828125
Local>>>>>> step_time: 0.10507845878601074, dataloading_time : 0.0007326602935791016,forward_time :0.031093835830688477, backward_time: 0.06606936454772949, optim time :0.007181644439697266
[Rank 0] time (ms) | optimizer_step: 2.57
[Rank 0] time (ms) | fwd_microstep: 35.91 | bwd_microstep: 61.32 | bwd_inner_microstep: 58.67 | bwd_allreduce_microstep: 2.58 | step_microstep: 6.85
[Rank 0] time (ms) | fwd: 35.90 | bwd: 61.33 | bwd_inner: 58.69 | bwd_allreduce: 2.59 | step: 6.85
Local>>>>>> step_time: 0.10665583610534668, dataloading_time : 0.0009515285491943359,forward_time :0.03115081787109375, backward_time: 0.06736421585083008, optim time :0.007187604904174805
Local>>>>>> step_time: 0.10664033889770508, dataloading_time : 0.0009379386901855469,forward_time :0.03278970718383789, backward_time: 0.06570696830749512, optim time :0.007204294204711914
[Rank 0] time (ms) | optimizer_step: 2.55
[Rank 0] time (ms) | fwd_microstep: 35.82 | bwd_microstep: 75.09 | bwd_inner_microstep: 73.62 | bwd_allreduce_microstep: 1.41 | step_microstep: 6.81
[Rank 0] time (ms) | fwd: 35.81 | bwd: 75.10 | bwd_inner: 73.64 | bwd_allreduce: 1.41 | step: 6.81
Local>>>>>> step_time: 0.12029099464416504, dataloading_time : 0.0010082721710205078,forward_time :0.03129267692565918, backward_time: 0.08085894584655762, optim time :0.007128477096557617
Local>>>>>> step_time: 0.12032842636108398, dataloading_time : 0.000988006591796875,forward_time :0.031023025512695312, backward_time: 0.0811612606048584, optim time :0.007155179977416992
[Rank 1] Step 35: loss=1.5859, time=0.120s, alloc_mem=2.44 GB, peak_mem=4.16 GB
[Rank 0] Step 35: loss=1.2109, time=0.120s, alloc_mem=2.44 GB, peak_mem=4.16 GB
[Rank 0] time (ms) | optimizer_step: 2.58
[Rank 0] time (ms) | fwd_microstep: 36.93 | bwd_microstep: 59.45 | bwd_inner_microstep: 58.74 | bwd_allreduce_microstep: 0.64 | step_microstep: 6.78
[Rank 0] time (ms) | fwd: 36.92 | bwd: 59.45 | bwd_inner: 58.77 | bwd_allreduce: 0.64 | step: 6.78
Local>>>>>> step_time: 0.10578560829162598, dataloading_time : 0.0010101795196533203,forward_time :0.032172203063964844, backward_time: 0.06548357009887695, optim time :0.00711822509765625
Local>>>>>> step_time: 0.1058499813079834, dataloading_time : 0.0012311935424804688,forward_time :0.031193017959594727, backward_time: 0.06627535820007324, optim time :0.00714874267578125
[Rank 0] time (ms) | optimizer_step: 2.59
[Rank 0] time (ms) | fwd_microstep: 46.24 | bwd_microstep: 65.95 | bwd_inner_microstep: 64.56 | bwd_allreduce_microstep: 1.33 | step_microstep: 6.84
[Rank 0] time (ms) | fwd: 46.24 | bwd: 65.96 | bwd_inner: 64.58 | bwd_allreduce: 1.33 | step: 6.84
Local>>>>>> step_time: 0.12195348739624023, dataloading_time : 0.001298666000366211,forward_time :0.041760921478271484, backward_time: 0.07170844078063965, optim time :0.007184028625488281
Local>>>>>> step_time: 0.12196636199951172, dataloading_time : 0.0011780261993408203,forward_time :0.042059898376464844, backward_time: 0.07150530815124512, optim time :0.0072214603424072266
[Rank 0] time (ms) | optimizer_step: 2.56
[Rank 0] time (ms) | fwd_microstep: 35.76 | bwd_microstep: 60.20 | bwd_inner_microstep: 58.77 | bwd_allreduce_microstep: 1.38 | step_microstep: 6.80
[Rank 0] time (ms) | fwd: 35.75 | bwd: 60.21 | bwd_inner: 58.79 | bwd_allreduce: 1.38 | step: 6.81
Local>>>>>> step_time: 0.10533308982849121, dataloading_time : 0.0009407997131347656,forward_time :0.030982494354248047, backward_time: 0.06625056266784668, optim time :0.007157802581787109
Local>>>>>> step_time: 0.10528826713562012, dataloading_time : 0.0009524822235107422,forward_time :0.031168460845947266, backward_time: 0.06600761413574219, optim time :0.007158041000366211
[Rank 0] time (ms) | optimizer_step: 2.55
[Rank 0] time (ms) | fwd_microstep: 35.71 | bwd_microstep: 60.42 | bwd_inner_microstep: 58.54 | bwd_allreduce_microstep: 1.82 | step_microstep: 6.81
[Rank 0] time (ms) | fwd: 35.70 | bwd: 60.42 | bwd_inner: 58.56 | bwd_allreduce: 1.82 | step: 6.81
Local>>>>>> step_time: 0.10549354553222656, dataloading_time : 0.0009267330169677734,forward_time :0.03092217445373535, backward_time: 0.06647419929504395, optim time :0.007169485092163086
Local>>>>>> step_time: 0.10549092292785645, dataloading_time : 0.0009818077087402344,forward_time :0.031179189682006836, backward_time: 0.06615567207336426, optim time :0.007173299789428711
[Rank 0] time (ms) | optimizer_step: 2.54
[Rank 0] time (ms) | fwd_microstep: 35.90 | bwd_microstep: 59.87 | bwd_inner_microstep: 58.57 | bwd_allreduce_microstep: 1.25 | step_microstep: 6.76
[Rank 0] time (ms) | fwd: 35.89 | bwd: 59.88 | bwd_inner: 58.58 | bwd_allreduce: 1.25 | step: 6.76
Local>>>>>> step_time: 0.10525321960449219, dataloading_time : 0.0010986328125,forward_time :0.031103849411010742, backward_time: 0.06594729423522949, optim time :0.007101774215698242
Local>>>>>> step_time: 0.10535979270935059, dataloading_time : 0.00074005126953125,forward_time :0.03126716613769531, backward_time: 0.0661318302154541, optim time :0.0072193145751953125
[Rank 0] Step 40: loss=1.3594, time=0.105s, alloc_mem=2.44 GB, peak_mem=4.16 GB
[Rank 1] Step 40: loss=1.1641, time=0.105s, alloc_mem=2.44 GB, peak_mem=4.16 GB
[Rank 0] time (ms) | optimizer_step: 2.54
[Rank 0] time (ms) | fwd_microstep: 35.73 | bwd_microstep: 60.42 | bwd_inner_microstep: 58.53 | bwd_allreduce_microstep: 1.84 | step_microstep: 6.78
[Rank 0] time (ms) | fwd: 35.73 | bwd: 60.43 | bwd_inner: 58.54 | bwd_allreduce: 1.84 | step: 6.78
Local>>>>>> step_time: 0.10551285743713379, dataloading_time : 0.0009541511535644531,forward_time :0.03095269203186035, backward_time: 0.06647610664367676, optim time :0.007128715515136719
Local>>>>>> step_time: 0.10540533065795898, dataloading_time : 0.0006883144378662109,forward_time :0.0313105583190918, backward_time: 0.06624412536621094, optim time :0.00716090202331543
[Rank 0] time (ms) | optimizer_step: 2.56
[Rank 0] time (ms) | fwd_microstep: 35.67 | bwd_microstep: 60.47 | bwd_inner_microstep: 58.54 | bwd_allreduce_microstep: 1.88 | step_microstep: 6.82
[Rank 0] time (ms) | fwd: 35.66 | bwd: 60.48 | bwd_inner: 58.55 | bwd_allreduce: 1.88 | step: 6.82
Local>>>>>> step_time: 0.10517191886901855, dataloading_time : 0.000598907470703125,forward_time :0.030874252319335938, backward_time: 0.06653380393981934, optim time :0.0071637630462646484
Local>>>>>> step_time: 0.10514020919799805, dataloading_time : 0.0009245872497558594,forward_time :0.031171321868896484, backward_time: 0.06586050987243652, optim time :0.0071828365325927734
[Rank 0] time (ms) | optimizer_step: 2.56
[Rank 0] time (ms) | fwd_microstep: 35.91 | bwd_microstep: 60.05 | bwd_inner_microstep: 58.76 | bwd_allreduce_microstep: 1.23 | step_microstep: 6.84
[Rank 0] time (ms) | fwd: 35.90 | bwd: 60.06 | bwd_inner: 58.78 | bwd_allreduce: 1.24 | step: 6.84
Local>>>>>> step_time: 0.10537600517272949, dataloading_time : 0.0009593963623046875,forward_time :0.031137466430664062, backward_time: 0.06609320640563965, optim time :0.007184743881225586
Local>>>>>> step_time: 0.1054069995880127, dataloading_time : 0.0008044242858886719,forward_time :0.03133416175842285, backward_time: 0.06603813171386719, optim time :0.0072290897369384766
[Rank 0] time (ms) | optimizer_step: 2.57
[Rank 0] time (ms) | fwd_microstep: 35.67 | bwd_microstep: 59.77 | bwd_inner_microstep: 58.89 | bwd_allreduce_microstep: 0.83 | step_microstep: 6.80
[Rank 0] time (ms) | fwd: 35.66 | bwd: 59.78 | bwd_inner: 58.91 | bwd_allreduce: 0.83 | step: 6.80
Local>>>>>> step_time: 0.10514998435974121, dataloading_time : 0.0013058185577392578,forward_time :0.030875444412231445, backward_time: 0.06583428382873535, optim time :0.0071332454681396484
Local>>>>>> step_time: 0.10517644882202148, dataloading_time : 0.000766754150390625,forward_time :0.03115391731262207, backward_time: 0.06604719161987305, optim time :0.007207393646240234
[Rank 0] time (ms) | optimizer_step: 2.56
[Rank 0] time (ms) | fwd_microstep: 35.67 | bwd_microstep: 60.54 | bwd_inner_microstep: 58.83 | bwd_allreduce_microstep: 1.65 | step_microstep: 6.84
[Rank 0] time (ms) | fwd: 35.66 | bwd: 60.54 | bwd_inner: 58.84 | bwd_allreduce: 1.65 | step: 6.84
Local>>>>>> step_time: 0.10565781593322754, dataloading_time : 0.0009808540344238281,forward_time :0.03118300437927246, backward_time: 0.06632590293884277, optim time :0.007164716720581055
Local>>>>>> step_time: 0.10575175285339355, dataloading_time : 0.0010833740234375,forward_time :0.030904769897460938, backward_time: 0.0665740966796875, optim time :0.007188081741333008
[Rank 1] Step 45: loss=1.2188, time=0.106s, alloc_mem=2.44 GB, peak_mem=4.16 GB
[Rank 0] Step 45: loss=1.8438, time=0.106s, alloc_mem=2.44 GB, peak_mem=4.16 GB
[Rank 0] time (ms) | optimizer_step: 2.56
[Rank 0] time (ms) | fwd_microstep: 35.93 | bwd_microstep: 59.72 | bwd_inner_microstep: 58.82 | bwd_allreduce_microstep: 0.83 | step_microstep: 6.80
[Rank 0] time (ms) | fwd: 35.93 | bwd: 59.72 | bwd_inner: 58.85 | bwd_allreduce: 0.83 | step: 6.80
Local>>>>>> step_time: 0.10531735420227051, dataloading_time : 0.0012383460998535156,forward_time :0.03116631507873535, backward_time: 0.06576085090637207, optim time :0.0071506500244140625
Local>>>>>> step_time: 0.10535764694213867, dataloading_time : 0.0008668899536132812,forward_time :0.03136777877807617, backward_time: 0.0659477710723877, optim time :0.007174253463745117
[Rank 0] time (ms) | optimizer_step: 2.54
[Rank 0] time (ms) | fwd_microstep: 35.60 | bwd_microstep: 60.36 | bwd_inner_microstep: 58.56 | bwd_allreduce_microstep: 1.75 | step_microstep: 6.78
[Rank 0] time (ms) | fwd: 35.59 | bwd: 60.36 | bwd_inner: 58.57 | bwd_allreduce: 1.75 | step: 6.78
Local>>>>>> step_time: 0.10532331466674805, dataloading_time : 0.0009486675262451172,forward_time :0.030847549438476562, backward_time: 0.06640291213989258, optim time :0.00712275505065918
Local>>>>>> step_time: 0.10531234741210938, dataloading_time : 0.0007898807525634766,forward_time :0.0311281681060791, backward_time: 0.06623244285583496, optim time :0.007160663604736328
[Rank 0] time (ms) | optimizer_step: 2.55
[Rank 0] time (ms) | fwd_microstep: 35.68 | bwd_microstep: 60.21 | bwd_inner_microstep: 58.76 | bwd_allreduce_microstep: 1.40 | step_microstep: 6.81
[Rank 0] time (ms) | fwd: 35.67 | bwd: 60.22 | bwd_inner: 58.77 | bwd_allreduce: 1.41 | step: 6.81
Local>>>>>> step_time: 0.10534834861755371, dataloading_time : 0.0012249946594238281,forward_time :0.03121352195739746, backward_time: 0.06575465202331543, optim time :0.007153749465942383Local>>>>>> step_time: 0.10537481307983398, dataloading_time : 0.0009870529174804688,forward_time :0.03096318244934082, backward_time: 0.06626605987548828, optim time :0.007156848907470703

[Rank 0] time (ms) | optimizer_step: 2.67
[Rank 0] time (ms) | fwd_microstep: 35.80 | bwd_microstep: 79.35 | bwd_inner_microstep: 77.57 | bwd_allreduce_microstep: 1.71 | step_microstep: 7.73
[Rank 0] time (ms) | fwd: 35.79 | bwd: 79.36 | bwd_inner: 77.59 | bwd_allreduce: 1.72 | step: 7.73
Local>>>>>> step_time: 0.12520813941955566, dataloading_time : 0.0006780624389648438,forward_time :0.031039953231811523, backward_time: 0.08538269996643066, optim time :0.008106470108032227
Local>>>>>> step_time: 0.12531232833862305, dataloading_time : 0.0009338855743408203,forward_time :0.031412601470947266, backward_time: 0.08475637435913086, optim time :0.008208036422729492
[Rank 0] time (ms) | optimizer_step: 2.60
[Rank 0] time (ms) | fwd_microstep: 37.14 | bwd_microstep: 61.47 | bwd_inner_microstep: 60.07 | bwd_allreduce_microstep: 1.33 | step_microstep: 6.84
[Rank 0] time (ms) | fwd: 37.13 | bwd: 61.47 | bwd_inner: 60.10 | bwd_allreduce: 1.33 | step: 6.84
Local>>>>>> step_time: 0.10768318176269531, dataloading_time : 0.0006182193756103516,forward_time :0.0323643684387207, backward_time: 0.06751084327697754, optim time :0.007188320159912109
Local>>>>>> step_time: 0.10758304595947266, dataloading_time : 0.0008895397186279297,forward_time :0.03233599662780762, backward_time: 0.0671541690826416, optim time :0.0072019100189208984
[Rank 0] Step 50: loss=1.1328, time=0.108s, alloc_mem=2.44 GB, peak_mem=4.16 GB
[Rank 1] Step 50: loss=2.1562, time=0.108s, alloc_mem=2.44 GB, peak_mem=4.16 GB
[Rank 0] time (ms) | optimizer_step: 2.53
[Rank 0] time (ms) | fwd_microstep: 51.21 | bwd_microstep: 60.44 | bwd_inner_microstep: 58.82 | bwd_allreduce_microstep: 1.57 | step_microstep: 6.78
[Rank 0] time (ms) | fwd: 51.20 | bwd: 60.45 | bwd_inner: 58.83 | bwd_allreduce: 1.57 | step: 6.78
Local>>>>>> step_time: 0.12098121643066406, dataloading_time : 0.0009322166442871094,forward_time :0.04645419120788574, backward_time: 0.06646943092346191, optim time :0.007124185562133789
Local>>>>>> step_time: 0.1209859848022461, dataloading_time : 0.0005822181701660156,forward_time :0.04685807228088379, backward_time: 0.06639266014099121, optim time :0.007151603698730469
[Rank 0] time (ms) | optimizer_step: 2.56
[Rank 0] time (ms) | fwd_microstep: 35.86 | bwd_microstep: 60.41 | bwd_inner_microstep: 58.50 | bwd_allreduce_microstep: 1.84 | step_microstep: 6.91
[Rank 0] time (ms) | fwd: 35.85 | bwd: 60.42 | bwd_inner: 58.53 | bwd_allreduce: 1.84 | step: 6.91
Local>>>>>> step_time: 0.10564398765563965, dataloading_time : 0.0009186267852783203,forward_time :0.03136491775512695, backward_time: 0.06613373756408691, optim time :0.007225513458251953
Local>>>>>> step_time: 0.10570192337036133, dataloading_time : 0.0009033679962158203,forward_time :0.031083345413208008, backward_time: 0.06645989418029785, optim time :0.007253885269165039
[Rank 0] time (ms) | optimizer_step: 2.57
[Rank 0] time (ms) | fwd_microstep: 35.78 | bwd_microstep: 59.70 | bwd_inner_microstep: 58.86 | bwd_allreduce_microstep: 0.79 | step_microstep: 6.82
[Rank 0] time (ms) | fwd: 35.77 | bwd: 59.70 | bwd_inner: 58.87 | bwd_allreduce: 0.80 | step: 6.82
Local>>>>>> step_time: 0.10486173629760742, dataloading_time : 0.0009434223175048828,forward_time :0.030975341796875, backward_time: 0.06577849388122559, optim time :0.007163524627685547
Local>>>>>> step_time: 0.10490560531616211, dataloading_time : 0.0006403923034667969,forward_time :0.031327247619628906, backward_time: 0.06574773788452148, optim time :0.007189273834228516
[Rank 0] time (ms) | optimizer_step: 2.59
[Rank 0] time (ms) | fwd_microstep: 35.70 | bwd_microstep: 59.94 | bwd_inner_microstep: 58.60 | bwd_allreduce_microstep: 1.27 | step_microstep: 6.85
[Rank 0] time (ms) | fwd: 35.69 | bwd: 59.94 | bwd_inner: 58.63 | bwd_allreduce: 1.28 | step: 6.85
Local>>>>>> step_time: 0.1049811840057373, dataloading_time : 0.0006754398345947266,forward_time :0.031156301498413086, backward_time: 0.06598043441772461, optim time :0.0071680545806884766
Local>>>>>> step_time: 0.10502243041992188, dataloading_time : 0.0009000301361083984,forward_time :0.030938148498535156, backward_time: 0.06599211692810059, optim time :0.007190227508544922
[Rank 0] time (ms) | optimizer_step: 2.54
[Rank 0] time (ms) | fwd_microstep: 35.94 | bwd_microstep: 60.72 | bwd_inner_microstep: 59.31 | bwd_allreduce_microstep: 1.36 | step_microstep: 6.83
[Rank 0] time (ms) | fwd: 35.93 | bwd: 60.73 | bwd_inner: 59.32 | bwd_allreduce: 1.36 | step: 6.84
Local>>>>>> step_time: 0.10636067390441895, dataloading_time : 0.0012478828430175781,forward_time :0.031157255172729492, backward_time: 0.06677412986755371, optim time :0.007180452346801758
Local>>>>>> step_time: 0.10637116432189941, dataloading_time : 0.0012409687042236328,forward_time :0.03130769729614258, backward_time: 0.0666346549987793, optim time :0.0071866512298583984
[Rank 0] Step 55: loss=0.9570, time=0.106s, alloc_mem=2.44 GB, peak_mem=4.16 GB
[Rank 1] Step 55: loss=1.7031, time=0.106s, alloc_mem=2.44 GB, peak_mem=4.16 GB
[Rank 0] time (ms) | optimizer_step: 2.59
[Rank 0] time (ms) | fwd_microstep: 35.70 | bwd_microstep: 60.13 | bwd_inner_microstep: 58.77 | bwd_allreduce_microstep: 1.30 | step_microstep: 6.84
[Rank 0] time (ms) | fwd: 35.69 | bwd: 60.13 | bwd_inner: 58.79 | bwd_allreduce: 1.30 | step: 6.85
Local>>>>>> step_time: 0.10531997680664062, dataloading_time : 0.0010056495666503906,forward_time :0.03119492530822754, backward_time: 0.06596755981445312, optim time :0.007150411605834961
Local>>>>>> step_time: 0.1053762435913086, dataloading_time : 0.0010793209075927734,forward_time :0.030922412872314453, backward_time: 0.06617093086242676, optim time :0.007202863693237305
[Rank 0] time (ms) | optimizer_step: 2.57
[Rank 0] time (ms) | fwd_microstep: 35.60 | bwd_microstep: 60.72 | bwd_inner_microstep: 58.62 | bwd_allreduce_microstep: 2.04 | step_microstep: 6.90
Local>>>>>> step_time: 0.10572481155395508, dataloading_time : 0.0010042190551757812,forward_time :0.031199216842651367, backward_time: 0.06635260581970215, optim time :0.00716710090637207
[Rank 0] time (ms) | fwd: 35.60 | bwd: 60.73 | bwd_inner: 58.65 | bwd_allreduce: 2.04 | step: 6.90
Local>>>>>> step_time: 0.10576939582824707, dataloading_time : 0.0009090900421142578,forward_time :0.030819177627563477, backward_time: 0.06678462028503418, optim time :0.007255077362060547
[Rank 0] time (ms) | optimizer_step: 2.59
[Rank 0] time (ms) | fwd_microstep: 36.02 | bwd_microstep: 59.95 | bwd_inner_microstep: 58.77 | bwd_allreduce_microstep: 1.13 | step_microstep: 6.83
[Rank 0] time (ms) | fwd: 36.01 | bwd: 59.96 | bwd_inner: 58.78 | bwd_allreduce: 1.13 | step: 6.83
Local>>>>>> step_time: 0.10557746887207031, dataloading_time : 0.0011627674102783203,forward_time :0.03123760223388672, backward_time: 0.06600332260131836, optim time :0.0071718692779541016
Local>>>>>> step_time: 0.10568714141845703, dataloading_time : 0.0009272098541259766,forward_time :0.031514644622802734, backward_time: 0.06604504585266113, optim time :0.0071985721588134766
[Rank 0] time (ms) | optimizer_step: 2.55
[Rank 0] time (ms) | fwd_microstep: 35.75 | bwd_microstep: 60.46 | bwd_inner_microstep: 58.88 | bwd_allreduce_microstep: 1.53 | step_microstep: 6.77
[Rank 0] time (ms) | fwd: 35.74 | bwd: 60.47 | bwd_inner: 58.89 | bwd_allreduce: 1.53 | step: 6.78
Local>>>>>> step_time: 0.10552644729614258, dataloading_time : 0.0009059906005859375,forward_time :0.03097820281982422, backward_time: 0.06651711463928223, optim time :0.0071239471435546875
Local>>>>>> step_time: 0.10553669929504395, dataloading_time : 0.0008378028869628906,forward_time :0.03128314018249512, backward_time: 0.06624579429626465, optim time :0.007168769836425781
[Rank 0] time (ms) | optimizer_step: 2.56
[Rank 0] time (ms) | fwd_microstep: 35.73 | bwd_microstep: 59.98 | bwd_inner_microstep: 58.98 | bwd_allreduce_microstep: 0.95 | step_microstep: 6.79
[Rank 0] time (ms) | fwd: 35.73 | bwd: 59.99 | bwd_inner: 58.99 | bwd_allreduce: 0.95 | step: 6.79
Local>>>>>> step_time: 0.1050407886505127, dataloading_time : 0.0009291172027587891,forward_time :0.030961275100708008, backward_time: 0.06602358818054199, optim time :0.007125139236450195
Local>>>>>> step_time: 0.10504746437072754, dataloading_time : 0.0007579326629638672,forward_time :0.031124591827392578, backward_time: 0.06598186492919922, optim time :0.007181882858276367
[Rank 0] Step 60: loss=1.3984, time=0.105s, alloc_mem=2.44 GB, peak_mem=4.16 GB
[Rank 1] Step 60: loss=1.2578, time=0.105s, alloc_mem=2.44 GB, peak_mem=4.16 GB
[Rank 0] time (ms) | optimizer_step: 2.58
[Rank 0] time (ms) | fwd_microstep: 35.99 | bwd_microstep: 60.00 | bwd_inner_microstep: 58.38 | bwd_allreduce_microstep: 1.55 | step_microstep: 6.83
[Rank 0] time (ms) | fwd: 35.98 | bwd: 60.00 | bwd_inner: 58.41 | bwd_allreduce: 1.55 | step: 6.83
Local>>>>>> step_time: 0.1055295467376709, dataloading_time : 0.0010852813720703125,forward_time :0.03120112419128418, backward_time: 0.06606745719909668, optim time :0.007174491882324219
Local>>>>>> step_time: 0.10548067092895508, dataloading_time : 0.0007569789886474609,forward_time :0.03150486946105957, backward_time: 0.06601810455322266, optim time :0.007199525833129883
[Rank 0] time (ms) | optimizer_step: 2.57
[Rank 0] time (ms) | fwd_microstep: 35.79 | bwd_microstep: 60.17 | bwd_inner_microstep: 58.85 | bwd_allreduce_microstep: 1.26 | step_microstep: 6.83
[Rank 0] time (ms) | fwd: 35.78 | bwd: 60.18 | bwd_inner: 58.87 | bwd_allreduce: 1.27 | step: 6.83
Local>>>>>> step_time: 0.10531044006347656, dataloading_time : 0.0008921623229980469,forward_time :0.031043291091918945, backward_time: 0.06619381904602051, optim time :0.007180452346801758
Local>>>>>> step_time: 0.10530710220336914, dataloading_time : 0.0009500980377197266,forward_time :0.03126072883605957, backward_time: 0.06591057777404785, optim time :0.007184505462646484
[Rank 0] time (ms) | optimizer_step: 2.55
[Rank 0] time (ms) | fwd_microstep: 35.69 | bwd_microstep: 76.62 | bwd_inner_microstep: 74.85 | bwd_allreduce_microstep: 1.68 | step_microstep: 6.79
[Rank 0] time (ms) | fwd: 35.68 | bwd: 76.62 | bwd_inner: 74.90 | bwd_allreduce: 1.68 | step: 6.80
Local>>>>>> step_time: 0.12165212631225586, dataloading_time : 0.0009746551513671875,forward_time :0.031556129455566406, backward_time: 0.08198165893554688, optim time :0.0071370601654052734
Local>>>>>> step_time: 0.12168598175048828, dataloading_time : 0.0009589195251464844,forward_time :0.030889272689819336, backward_time: 0.08269333839416504, optim time :0.007143497467041016
[Rank 0] time (ms) | optimizer_step: 2.56
[Rank 0] time (ms) | fwd_microstep: 35.92 | bwd_microstep: 60.27 | bwd_inner_microstep: 58.85 | bwd_allreduce_microstep: 1.35 | step_microstep: 6.77
[Rank 0] time (ms) | fwd: 35.90 | bwd: 60.28 | bwd_inner: 58.88 | bwd_allreduce: 1.35 | step: 6.78
Local>>>>>> step_time: 0.1057286262512207, dataloading_time : 0.0010993480682373047,forward_time :0.031158924102783203, backward_time: 0.06633949279785156, optim time :0.007129669189453125
Local>>>>>> step_time: 0.10579657554626465, dataloading_time : 0.001046895980834961,forward_time :0.03140997886657715, backward_time: 0.06614875793457031, optim time :0.007189512252807617
[Rank 0] time (ms) | optimizer_step: 2.55
[Rank 0] time (ms) | fwd_microstep: 50.96 | bwd_microstep: 60.48 | bwd_inner_microstep: 58.70 | bwd_allreduce_microstep: 1.72 | step_microstep: 6.83
[Rank 0] time (ms) | fwd: 50.96 | bwd: 60.48 | bwd_inner: 58.71 | bwd_allreduce: 1.73 | step: 6.83
Local>>>>>> step_time: 0.12090539932250977, dataloading_time : 0.0009150505065917969,forward_time :0.04647231101989746, backward_time: 0.06634902954101562, optim time :0.0071675777435302734
Local>>>>>> step_time: 0.12098169326782227, dataloading_time : 0.0010771751403808594,forward_time :0.04620981216430664, backward_time: 0.06650424003601074, optim time :0.007189273834228516
[Rank 1] Step 65: loss=1.7188, time=0.121s, alloc_mem=2.44 GB, peak_mem=4.16 GB
[Rank 0] Step 65: loss=1.1406, time=0.121s, alloc_mem=2.44 GB, peak_mem=4.16 GB
[Rank 0] time (ms) | optimizer_step: 2.55
[Rank 0] time (ms) | fwd_microstep: 35.71 | bwd_microstep: 61.67 | bwd_inner_microstep: 58.87 | bwd_allreduce_microstep: 2.75 | step_microstep: 6.79
[Rank 0] time (ms) | fwd: 35.70 | bwd: 61.68 | bwd_inner: 58.88 | bwd_allreduce: 2.75 | step: 6.79
Local>>>>>> step_time: 0.10673952102661133, dataloading_time : 0.0009553432464599609,forward_time :0.03092813491821289, backward_time: 0.0677192211151123, optim time :0.007134914398193359
Local>>>>>> step_time: 0.10679459571838379, dataloading_time : 0.0009360313415527344,forward_time :0.03251028060913086, backward_time: 0.06617331504821777, optim time :0.007173299789428711
[Rank 0] time (ms) | optimizer_step: 2.55
[Rank 0] time (ms) | fwd_microstep: 35.84 | bwd_microstep: 60.40 | bwd_inner_microstep: 58.40 | bwd_allreduce_microstep: 1.93 | step_microstep: 6.79
[Rank 0] time (ms) | fwd: 35.84 | bwd: 60.40 | bwd_inner: 58.43 | bwd_allreduce: 1.93 | step: 6.79
Local>>>>>> step_time: 0.10570073127746582, dataloading_time : 0.0010538101196289062,forward_time :0.031058549880981445, backward_time: 0.0664525032043457, optim time :0.007134437561035156
Local>>>>>> step_time: 0.10567498207092285, dataloading_time : 0.0008764266967773438,forward_time :0.03145456314086914, backward_time: 0.06617593765258789, optim time :0.007166385650634766
[Rank 0] time (ms) | optimizer_step: 2.59
[Rank 0] time (ms) | fwd_microstep: 35.79 | bwd_microstep: 60.51 | bwd_inner_microstep: 58.58 | bwd_allreduce_microstep: 1.87 | step_microstep: 6.83
[Rank 0] time (ms) | fwd: 35.78 | bwd: 60.51 | bwd_inner: 58.60 | bwd_allreduce: 1.87 | step: 6.83
Local>>>>>> step_time: 0.10565471649169922, dataloading_time : 0.00084686279296875,forward_time :0.031055212020874023, backward_time: 0.0665731430053711, optim time :0.007178068161010742
Local>>>>>> step_time: 0.1056528091430664, dataloading_time : 0.0009677410125732422,forward_time :0.03117513656616211, backward_time: 0.06630706787109375, optim time :0.0072019100189208984
[Rank 0] time (ms) | optimizer_step: 2.56
[Rank 0] time (ms) | fwd_microstep: 35.72 | bwd_microstep: 60.29 | bwd_inner_microstep: 58.54 | bwd_allreduce_microstep: 1.69 | step_microstep: 6.85
[Rank 0] time (ms) | fwd: 35.71 | bwd: 60.29 | bwd_inner: 58.56 | bwd_allreduce: 1.69 | step: 6.86
Local>>>>>> step_time: 0.10527896881103516, dataloading_time : 0.0009391307830810547,forward_time :0.03127121925354004, backward_time: 0.06590962409973145, optim time :0.007157564163208008
Local>>>>>> step_time: 0.10536956787109375, dataloading_time : 0.0008780956268310547,forward_time :0.03094649314880371, backward_time: 0.0663299560546875, optim time :0.0072133541107177734
[Rank 0] time (ms) | optimizer_step: 2.55
[Rank 0] time (ms) | fwd_microstep: 35.97 | bwd_microstep: 60.15 | bwd_inner_microstep: 58.67 | bwd_allreduce_microstep: 1.43 | step_microstep: 6.79
[Rank 0] time (ms) | fwd: 35.97 | bwd: 60.15 | bwd_inner: 58.68 | bwd_allreduce: 1.43 | step: 6.79
Local>>>>>> step_time: 0.10548830032348633, dataloading_time : 0.0009620189666748047,forward_time :0.0311887264251709, backward_time: 0.06620526313781738, optim time :0.00713038444519043
Local>>>>>> step_time: 0.10560989379882812, dataloading_time : 0.0010073184967041016,forward_time :0.03138327598571777, backward_time: 0.06602215766906738, optim time :0.007196187973022461
[Rank 0] Step 70: loss=1.7344, time=0.105s, alloc_mem=2.44 GB, peak_mem=4.16 GB
[Rank 1] Step 70: loss=1.1172, time=0.106s, alloc_mem=2.44 GB, peak_mem=4.16 GB
[Rank 0] time (ms) | optimizer_step: 2.58
[Rank 0] time (ms) | fwd_microstep: 35.65 | bwd_microstep: 60.16 | bwd_inner_microstep: 58.70 | bwd_allreduce_microstep: 1.41 | step_microstep: 6.85
[Rank 0] time (ms) | fwd: 35.64 | bwd: 60.17 | bwd_inner: 58.72 | bwd_allreduce: 1.41 | step: 6.85
Local>>>>>> step_time: 0.10535264015197754, dataloading_time : 0.001074075698852539,forward_time :0.030867338180541992, backward_time: 0.06621575355529785, optim time :0.007193803787231445
Local>>>>>> step_time: 0.1052846908569336, dataloading_time : 0.0008692741394042969,forward_time :0.031113624572753906, backward_time: 0.06610965728759766, optim time :0.007190704345703125
[Rank 0] time (ms) | optimizer_step: 2.56
[Rank 0] time (ms) | fwd_microstep: 35.69 | bwd_microstep: 60.60 | bwd_inner_microstep: 58.64 | bwd_allreduce_microstep: 1.89 | step_microstep: 6.81
[Rank 0] time (ms) | fwd: 35.69 | bwd: 60.61 | bwd_inner: 58.66 | bwd_allreduce: 1.90 | step: 6.81
Local>>>>>> step_time: 0.10564351081848145, dataloading_time : 0.0009205341339111328,forward_time :0.030907154083251953, backward_time: 0.06665706634521484, optim time :0.007158041000366211
Local>>>>>> step_time: 0.10565781593322754, dataloading_time : 0.0010039806365966797,forward_time :0.031148433685302734, backward_time: 0.0663294792175293, optim time :0.007174491882324219
[Rank 0] time (ms) | optimizer_step: 2.57
[Rank 0] time (ms) | fwd_microstep: 35.83 | bwd_microstep: 60.01 | bwd_inner_microstep: 58.43 | bwd_allreduce_microstep: 1.51 | step_microstep: 6.80
[Rank 0] time (ms) | fwd: 35.83 | bwd: 60.01 | bwd_inner: 58.46 | bwd_allreduce: 1.51 | step: 6.80
Local>>>>>> step_time: 0.1055598258972168, dataloading_time : 0.0012960433959960938,forward_time :0.031053543090820312, backward_time: 0.06606030464172363, optim time :0.007148265838623047
Local>>>>>> step_time: 0.10553455352783203, dataloading_time : 0.0009741783142089844,forward_time :0.03139495849609375, backward_time: 0.06601095199584961, optim time :0.007153511047363281
[Rank 0] time (ms) | optimizer_step: 2.56
[Rank 0] time (ms) | fwd_microstep: 35.76 | bwd_microstep: 60.13 | bwd_inner_microstep: 59.02 | bwd_allreduce_microstep: 1.06 | step_microstep: 6.86
[Rank 0] time (ms) | fwd: 35.75 | bwd: 60.14 | bwd_inner: 59.03 | bwd_allreduce: 1.07 | step: 6.87
Local>>>>>> step_time: 0.10531091690063477, dataloading_time : 0.0009610652923583984,forward_time :0.031192779541015625, backward_time: 0.0659632682800293, optim time :0.007192850112915039
Local>>>>>> step_time: 0.10532093048095703, dataloading_time : 0.0009508132934570312,forward_time :0.030973434448242188, backward_time: 0.0661921501159668, optim time :0.007203578948974609
[Rank 0] time (ms) | optimizer_step: 2.59
[Rank 0] time (ms) | fwd_microstep: 35.66 | bwd_microstep: 60.16 | bwd_inner_microstep: 58.50 | bwd_allreduce_microstep: 1.60 | step_microstep: 6.85
Local>>>>>> step_time: 0.10520648956298828, dataloading_time : 0.0008883476257324219,forward_time :0.03114008903503418, backward_time: 0.0660252571105957, optim time :0.00715184211730957
[Rank 0] time (ms) | fwd: 35.65 | bwd: 60.17 | bwd_inner: 58.52 | bwd_allreduce: 1.60 | step: 6.85
Local>>>>>> step_time: 0.10526752471923828, dataloading_time : 0.0009677410125732422,forward_time :0.030863523483276367, backward_time: 0.06624031066894531, optim time :0.0071947574615478516
[Rank 1] Step 75: loss=1.7891, time=0.105s, alloc_mem=2.44 GB, peak_mem=4.16 GB
[Rank 0] Step 75: loss=2.0625, time=0.105s, alloc_mem=2.44 GB, peak_mem=4.16 GB
[Rank 0] time (ms) | optimizer_step: 2.56
[Rank 0] time (ms) | fwd_microstep: 35.90 | bwd_microstep: 60.29 | bwd_inner_microstep: 58.80 | bwd_allreduce_microstep: 1.44 | step_microstep: 6.79
[Rank 0] time (ms) | fwd: 35.89 | bwd: 60.29 | bwd_inner: 58.81 | bwd_allreduce: 1.44 | step: 6.79
Local>>>>>> step_time: 0.10553598403930664, dataloading_time : 0.0009572505950927734,forward_time :0.03112483024597168, backward_time: 0.06632566452026367, optim time :0.007126569747924805
Local>>>>>> step_time: 0.10564565658569336, dataloading_time : 0.0010943412780761719,forward_time :0.031418800354003906, backward_time: 0.06593823432922363, optim time :0.007193326950073242
[Rank 0] time (ms) | optimizer_step: 2.55
[Rank 0] time (ms) | fwd_microstep: 35.70 | bwd_microstep: 60.12 | bwd_inner_microstep: 58.68 | bwd_allreduce_microstep: 1.37 | step_microstep: 6.79
[Rank 0] time (ms) | fwd: 35.69 | bwd: 60.12 | bwd_inner: 58.71 | bwd_allreduce: 1.37 | step: 6.79
Local>>>>>> step_time: 0.10532164573669434, dataloading_time : 0.0010743141174316406,forward_time :0.030933380126953125, backward_time: 0.06616950035095215, optim time :0.007143259048461914
Local>>>>>> step_time: 0.10526347160339355, dataloading_time : 0.0009071826934814453,forward_time :0.031170129776000977, backward_time: 0.06603813171386719, optim time :0.0071468353271484375
[Rank 0] time (ms) | optimizer_step: 2.54
[Rank 0] time (ms) | fwd_microstep: 49.08 | bwd_microstep: 61.48 | bwd_inner_microstep: 60.08 | bwd_allreduce_microstep: 1.34 | step_microstep: 6.76
[Rank 0] time (ms) | fwd: 49.07 | bwd: 61.49 | bwd_inner: 60.10 | bwd_allreduce: 1.34 | step: 6.76
Local>>>>>> step_time: 0.11988043785095215, dataloading_time : 0.0009353160858154297,forward_time :0.044411420822143555, backward_time: 0.06742405891418457, optim time :0.007107973098754883
Local>>>>>> step_time: 0.11992263793945312, dataloading_time : 0.0009598731994628906,forward_time :0.04465055465698242, backward_time: 0.0671544075012207, optim time :0.0071563720703125
[Rank 0] time (ms) | optimizer_step: 2.98
[Rank 0] time (ms) | fwd_microstep: 35.92 | bwd_microstep: 67.99 | bwd_inner_microstep: 65.03 | bwd_allreduce_microstep: 2.87 | step_microstep: 10.01
[Rank 0] time (ms) | fwd: 35.92 | bwd: 68.00 | bwd_inner: 65.05 | bwd_allreduce: 2.87 | step: 10.00
Local>>>>>> step_time: 0.11674952507019043, dataloading_time : 0.0010762214660644531,forward_time :0.031148910522460938, backward_time: 0.07406306266784668, optim time :0.010459184646606445
Local>>>>>> step_time: 0.11670184135437012, dataloading_time : 0.0009694099426269531,forward_time :0.0314640998840332, backward_time: 0.07378792762756348, optim time :0.010478496551513672
[Rank 0] time (ms) | optimizer_step: 2.61
[Rank 0] time (ms) | fwd_microstep: 37.15 | bwd_microstep: 60.46 | bwd_inner_microstep: 58.59 | bwd_allreduce_microstep: 1.82 | step_microstep: 6.82
[Rank 0] time (ms) | fwd: 37.14 | bwd: 60.47 | bwd_inner: 58.61 | bwd_allreduce: 1.82 | step: 6.82
Local>>>>>> step_time: 0.10715675354003906, dataloading_time : 0.0010607242584228516,forward_time :0.0324254035949707, backward_time: 0.06649231910705566, optim time :0.007177114486694336
Local>>>>>> step_time: 0.10722112655639648, dataloading_time : 0.0010423660278320312,forward_time :0.03281712532043457, backward_time: 0.0661005973815918, optim time :0.0072596073150634766
[Rank 0] Step 80: loss=1.2656, time=0.107s, alloc_mem=2.44 GB, peak_mem=4.16 GB
[Rank 1] Step 80: loss=1.2500, time=0.107s, alloc_mem=2.44 GB, peak_mem=4.16 GB
[Rank 0] time (ms) | optimizer_step: 2.55
[Rank 0] time (ms) | fwd_microstep: 35.72 | bwd_microstep: 59.93 | bwd_inner_microstep: 58.56 | bwd_allreduce_microstep: 1.31 | step_microstep: 6.82
[Rank 0] time (ms) | fwd: 35.72 | bwd: 59.93 | bwd_inner: 58.57 | bwd_allreduce: 1.31 | step: 6.82
Local>>>>>> step_time: 0.10516357421875, dataloading_time : 0.001070261001586914,forward_time :0.030958175659179688, backward_time: 0.06596851348876953, optim time :0.007164716720581055
Local>>>>>> step_time: 0.10507774353027344, dataloading_time : 0.0005385875701904297,forward_time :0.03125452995300293, backward_time: 0.06610608100891113, optim time :0.007177591323852539
[Rank 0] time (ms) | optimizer_step: 2.54
[Rank 0] time (ms) | fwd_microstep: 35.90 | bwd_microstep: 60.68 | bwd_inner_microstep: 58.88 | bwd_allreduce_microstep: 1.73 | step_microstep: 6.78
[Rank 0] time (ms) | fwd: 35.89 | bwd: 60.68 | bwd_inner: 58.90 | bwd_allreduce: 1.74 | step: 6.79
Local>>>>>> step_time: 0.10590100288391113, dataloading_time : 0.0008695125579833984,forward_time :0.03118610382080078, backward_time: 0.06670951843261719, optim time :0.007134437561035156
Local>>>>>> step_time: 0.10592126846313477, dataloading_time : 0.0010139942169189453,forward_time :0.031380414962768555, backward_time: 0.06635570526123047, optim time :0.0071697235107421875
[Rank 0] time (ms) | optimizer_step: 2.55
[Rank 0] time (ms) | fwd_microstep: 35.68 | bwd_microstep: 60.57 | bwd_inner_microstep: 58.63 | bwd_allreduce_microstep: 1.89 | step_microstep: 6.88
Local>>>>>> step_time: 0.1053628921508789, dataloading_time : 0.0009276866912841797,forward_time :0.031157493591308594, backward_time: 0.06610941886901855, optim time :0.007166862487792969
[Rank 0] time (ms) | fwd: 35.68 | bwd: 60.57 | bwd_inner: 58.64 | bwd_allreduce: 1.89 | step: 6.88
Local>>>>>> step_time: 0.10547065734863281, dataloading_time : 0.0007212162017822266,forward_time :0.03088092803955078, backward_time: 0.06663393974304199, optim time :0.007233381271362305
[Rank 0] time (ms) | optimizer_step: 2.56
[Rank 0] time (ms) | fwd_microstep: 35.66 | bwd_microstep: 60.23 | bwd_inner_microstep: 58.71 | bwd_allreduce_microstep: 1.47 | step_microstep: 6.84
[Rank 0] time (ms) | fwd: 35.65 | bwd: 60.23 | bwd_inner: 58.72 | bwd_allreduce: 1.47 | step: 6.84
Local>>>>>> step_time: 0.10524249076843262, dataloading_time : 0.0006835460662841797,forward_time :0.03114485740661621, backward_time: 0.0662226676940918, optim time :0.007189750671386719Local>>>>>> step_time: 0.10518097877502441, dataloading_time : 0.0008368492126464844,forward_time :0.03085637092590332, backward_time: 0.0662984848022461, optim time :0.007188081741333008

[Rank 0] time (ms) | optimizer_step: 2.54
[Rank 0] time (ms) | fwd_microstep: 35.88 | bwd_microstep: 61.34 | bwd_inner_microstep: 58.91 | bwd_allreduce_microstep: 2.37 | step_microstep: 6.79
[Rank 0] time (ms) | fwd: 35.87 | bwd: 61.35 | bwd_inner: 58.93 | bwd_allreduce: 2.38 | step: 6.79
Local>>>>>> step_time: 0.10655665397644043, dataloading_time : 0.0009088516235351562,forward_time :0.031092405319213867, backward_time: 0.067413330078125, optim time :0.007140636444091797
Local>>>>>> step_time: 0.10656046867370605, dataloading_time : 0.0005512237548828125,forward_time :0.03145551681518555, backward_time: 0.06739568710327148, optim time :0.0071566104888916016
[Rank 0] Step 85: loss=1.4531, time=0.107s, alloc_mem=2.44 GB, peak_mem=4.16 GB
[Rank 1] Step 85: loss=1.3906, time=0.107s, alloc_mem=2.44 GB, peak_mem=4.16 GB
[Rank 0] time (ms) | optimizer_step: 2.60
[Rank 0] time (ms) | fwd_microstep: 35.79 | bwd_microstep: 60.74 | bwd_inner_microstep: 60.01 | bwd_allreduce_microstep: 0.66 | step_microstep: 6.81
[Rank 0] time (ms) | fwd: 35.78 | bwd: 60.74 | bwd_inner: 60.04 | bwd_allreduce: 0.66 | step: 6.81
Local>>>>>> step_time: 0.10597467422485352, dataloading_time : 0.001026153564453125,forward_time :0.030991792678833008, backward_time: 0.06681036949157715, optim time :0.007145404815673828
Local>>>>>> step_time: 0.1059865951538086, dataloading_time : 0.0009453296661376953,forward_time :0.03133344650268555, backward_time: 0.06653594970703125, optim time :0.007170438766479492
[Rank 0] time (ms) | optimizer_step: 2.56
[Rank 0] time (ms) | fwd_microstep: 35.74 | bwd_microstep: 59.76 | bwd_inner_microstep: 58.70 | bwd_allreduce_microstep: 0.99 | step_microstep: 6.78
[Rank 0] time (ms) | fwd: 35.74 | bwd: 59.76 | bwd_inner: 58.73 | bwd_allreduce: 0.99 | step: 6.78
Local>>>>>> step_time: 0.10512733459472656, dataloading_time : 0.001222848892211914,forward_time :0.030971050262451172, backward_time: 0.06580352783203125, optim time :0.007128715515136719
Local>>>>>> step_time: 0.10513997077941895, dataloading_time : 0.0009794235229492188,forward_time :0.031220674514770508, backward_time: 0.06576418876647949, optim time :0.007174253463745117
[Rank 0] time (ms) | optimizer_step: 2.56
[Rank 0] time (ms) | fwd_microstep: 35.91 | bwd_microstep: 60.01 | bwd_inner_microstep: 58.94 | bwd_allreduce_microstep: 1.01 | step_microstep: 6.80
[Rank 0] time (ms) | fwd: 35.90 | bwd: 60.02 | bwd_inner: 58.96 | bwd_allreduce: 1.01 | step: 6.80
Local>>>>>> step_time: 0.10555648803710938, dataloading_time : 0.0011754035949707031,forward_time :0.03119969367980957, backward_time: 0.06604170799255371, optim time :0.007138490676879883
Local>>>>>> step_time: 0.10553526878356934, dataloading_time : 0.0010404586791992188,forward_time :0.03132748603820801, backward_time: 0.06601071357727051, optim time :0.007155418395996094
[Rank 0] time (ms) | optimizer_step: 2.56
[Rank 0] time (ms) | fwd_microstep: 35.76 | bwd_microstep: 60.61 | bwd_inner_microstep: 58.68 | bwd_allreduce_microstep: 1.88 | step_microstep: 6.79
[Rank 0] time (ms) | fwd: 35.75 | bwd: 60.61 | bwd_inner: 58.69 | bwd_allreduce: 1.88 | step: 6.79
Local>>>>>> step_time: 0.10579705238342285, dataloading_time : 0.0010199546813964844,forward_time :0.03098130226135254, backward_time: 0.0666646957397461, optim time :0.0071299076080322266
Local>>>>>> step_time: 0.1058509349822998, dataloading_time : 0.0009779930114746094,forward_time :0.03132963180541992, backward_time: 0.06634259223937988, optim time :0.007199287414550781
[Rank 0] time (ms) | optimizer_step: 2.55
[Rank 0] time (ms) | fwd_microstep: 35.65 | bwd_microstep: 60.33 | bwd_inner_microstep: 58.82 | bwd_allreduce_microstep: 1.45 | step_microstep: 6.79
[Rank 0] time (ms) | fwd: 35.64 | bwd: 60.33 | bwd_inner: 58.84 | bwd_allreduce: 1.45 | step: 6.79
Local>>>>>> step_time: 0.10549402236938477, dataloading_time : 0.0011067390441894531,forward_time :0.03088068962097168, backward_time: 0.06637024879455566, optim time :0.007134914398193359
Local>>>>>> step_time: 0.10544371604919434, dataloading_time : 0.0009405612945556641,forward_time :0.031139612197875977, backward_time: 0.06618738174438477, optim time :0.00717473030090332
[Rank 0] Step 90: loss=1.1094, time=0.105s, alloc_mem=2.44 GB, peak_mem=4.16 GB
[Rank 1] Step 90: loss=1.4609, time=0.105s, alloc_mem=2.44 GB, peak_mem=4.16 GB
[Rank 0] time (ms) | optimizer_step: 2.58
[Rank 0] time (ms) | fwd_microstep: 35.92 | bwd_microstep: 60.25 | bwd_inner_microstep: 58.47 | bwd_allreduce_microstep: 1.71 | step_microstep: 6.83
[Rank 0] time (ms) | fwd: 35.92 | bwd: 60.25 | bwd_inner: 58.50 | bwd_allreduce: 1.71 | step: 6.83
Local>>>>>> step_time: 0.10549378395080566, dataloading_time : 0.0008437633514404297,forward_time :0.0314023494720459, backward_time: 0.06610107421875, optim time :0.00714564323425293
Local>>>>>> step_time: 0.10555529594421387, dataloading_time : 0.0009362697601318359,forward_time :0.031157493591308594, backward_time: 0.06628704071044922, optim time :0.007173299789428711
[Rank 0] time (ms) | optimizer_step: 2.56
[Rank 0] time (ms) | fwd_microstep: 50.19 | bwd_microstep: 59.98 | bwd_inner_microstep: 58.86 | bwd_allreduce_microstep: 1.05 | step_microstep: 6.86
[Rank 0] time (ms) | fwd: 50.19 | bwd: 59.98 | bwd_inner: 58.88 | bwd_allreduce: 1.05 | step: 6.87
Local>>>>>> step_time: 0.11957216262817383, dataloading_time : 0.0006740093231201172,forward_time :0.04560494422912598, backward_time: 0.06611490249633789, optim time :0.007176876068115234
Local>>>>>> step_time: 0.11956167221069336, dataloading_time : 0.0009109973907470703,forward_time :0.04544377326965332, backward_time: 0.06599640846252441, optim time :0.007209300994873047
[Rank 0] time (ms) | optimizer_step: 2.78
[Rank 0] time (ms) | fwd_microstep: 35.64 | bwd_microstep: 74.82 | bwd_inner_microstep: 72.86 | bwd_allreduce_microstep: 1.88 | step_microstep: 8.28
[Rank 0] time (ms) | fwd: 35.64 | bwd: 74.83 | bwd_inner: 72.89 | bwd_allreduce: 1.88 | step: 8.28
Local>>>>>> step_time: 0.12154722213745117, dataloading_time : 0.0011217594146728516,forward_time :0.03086543083190918, backward_time: 0.08088541030883789, optim time :0.008673429489135742
Local>>>>>> step_time: 0.12164139747619629, dataloading_time : 0.0007071495056152344,forward_time :0.03124523162841797, backward_time: 0.08095002174377441, optim time :0.008737802505493164
[Rank 0] time (ms) | optimizer_step: 2.55
[Rank 0] time (ms) | fwd_microstep: 36.18 | bwd_microstep: 60.45 | bwd_inner_microstep: 58.58 | bwd_allreduce_microstep: 1.81 | step_microstep: 6.81
[Rank 0] time (ms) | fwd: 36.18 | bwd: 60.46 | bwd_inner: 58.60 | bwd_allreduce: 1.81 | step: 6.81
Local>>>>>> step_time: 0.1063685417175293, dataloading_time : 0.0012433528900146484,forward_time :0.03146934509277344, backward_time: 0.06649637222290039, optim time :0.007158517837524414
Local>>>>>> step_time: 0.10635709762573242, dataloading_time : 0.0010416507720947266,forward_time :0.03179740905761719, backward_time: 0.0662994384765625, optim time :0.0072171688079833984
[Rank 0] time (ms) | optimizer_step: 2.57
[Rank 0] time (ms) | fwd_microstep: 35.74 | bwd_microstep: 60.28 | bwd_inner_microstep: 58.78 | bwd_allreduce_microstep: 1.43 | step_microstep: 6.83
[Rank 0] time (ms) | fwd: 35.73 | bwd: 60.28 | bwd_inner: 58.80 | bwd_allreduce: 1.44 | step: 6.83
Local>>>>>> step_time: 0.10573291778564453, dataloading_time : 0.0012688636779785156,forward_time :0.030950307846069336, backward_time: 0.06633424758911133, optim time :0.007178306579589844
Local>>>>>> step_time: 0.10566067695617676, dataloading_time : 0.00083160400390625,forward_time :0.03131222724914551, backward_time: 0.0663461685180664, optim time :0.007168769836425781
[Rank 0] Step 95: loss=1.3281, time=0.106s, alloc_mem=2.44 GB, peak_mem=4.16 GB
[Rank 1] Step 95: loss=1.4844, time=0.106s, alloc_mem=2.44 GB, peak_mem=4.16 GB
[Rank 0] time (ms) | optimizer_step: 2.61
[Rank 0] time (ms) | fwd_microstep: 35.69 | bwd_microstep: 60.09 | bwd_inner_microstep: 58.67 | bwd_allreduce_microstep: 1.37 | step_microstep: 6.83
[Rank 0] time (ms) | fwd: 35.69 | bwd: 60.10 | bwd_inner: 58.68 | bwd_allreduce: 1.38 | step: 6.83
Local>>>>>> step_time: 0.1051790714263916, dataloading_time : 0.0007429122924804688,forward_time :0.031229496002197266, backward_time: 0.06603145599365234, optim time :0.007174015045166016
Local>>>>>> step_time: 0.10520005226135254, dataloading_time : 0.0009481906890869141,forward_time :0.03092193603515625, backward_time: 0.06614565849304199, optim time :0.0071828365325927734
[Rank 0] time (ms) | optimizer_step: 2.60
[Rank 0] time (ms) | fwd_microstep: 35.83 | bwd_microstep: 59.84 | bwd_inner_microstep: 58.83 | bwd_allreduce_microstep: 0.96 | step_microstep: 6.84
[Rank 0] time (ms) | fwd: 35.82 | bwd: 59.85 | bwd_inner: 58.84 | bwd_allreduce: 0.96 | step: 6.85
Local>>>>>> step_time: 0.10509610176086426, dataloading_time : 0.0008981227874755859,forward_time :0.03131461143493652, backward_time: 0.06571054458618164, optim time :0.007171154022216797
Local>>>>>> step_time: 0.10511231422424316, dataloading_time : 0.0009860992431640625,forward_time :0.03105473518371582, backward_time: 0.06588196754455566, optim time :0.007188081741333008
[Rank 0] time (ms) | optimizer_step: 2.58
[Rank 0] time (ms) | fwd_microstep: 35.75 | bwd_microstep: 60.15 | bwd_inner_microstep: 59.13 | bwd_allreduce_microstep: 0.96 | step_microstep: 6.81
[Rank 0] time (ms) | fwd: 35.74 | bwd: 60.15 | bwd_inner: 59.14 | bwd_allreduce: 0.96 | step: 6.81
Local>>>>>> step_time: 0.10515475273132324, dataloading_time : 0.000690460205078125,forward_time :0.031176328659057617, backward_time: 0.06615948677062988, optim time :0.007127046585083008
Local>>>>>> step_time: 0.10517668724060059, dataloading_time : 0.0008575916290283203,forward_time :0.03097057342529297, backward_time: 0.0661923885345459, optim time :0.007154941558837891
[Rank 0] time (ms) | optimizer_step: 2.55
Local>>>>>> step_time: 0.10561323165893555, dataloading_time : 0.000705718994140625,forward_time :0.03179311752319336, backward_time: 0.0659327507019043, optim time :0.007180213928222656
[Rank 0] time (ms) | fwd_microstep: 36.09 | bwd_microstep: 60.36 | bwd_inner_microstep: 58.74 | bwd_allreduce_microstep: 1.56 | step_microstep: 6.97
[Rank 0] time (ms) | fwd: 36.08 | bwd: 60.36 | bwd_inner: 58.76 | bwd_allreduce: 1.57 | step: 6.97
Local>>>>>> step_time: 0.10572600364685059, dataloading_time : 0.0006854534149169922,forward_time :0.03131413459777832, backward_time: 0.06639528274536133, optim time :0.007330179214477539
[Rank 1] Step 99: loss=1.2344, time=0.106s, alloc_mem=2.44 GB, peak_mem=4.16 GB
[Rank 0] Step 99: loss=0.8750, time=0.106s, alloc_mem=2.44 GB, peak_mem=4.16 GB

============================================================
[Rank 1] FINAL RESULTS
  Config: configs/bf16_full.json
  Model: hidden_dim=1024, num_layers=12
  Parameters: 254,655,569
  Batch size: 8, Seq length: 512
  Average step time: 0.215s
  Peak memory: 4.16 GB
  Final allocated memory: 2.44 GB
============================================================
SUMMARY: config=configs/bf16_full.json params=254655569 peak_mem_bytes=4471451648 alloc_mem_bytes=2617018368 avg_step_time=0.2147

============================================================
[Rank 0] FINAL RESULTS
  Config: configs/bf16_full.json
  Model: hidden_dim=1024, num_layers=12
  Parameters: 254,655,569
  Batch size: 8, Seq length: 512
  Average step time: 0.215s
  Peak memory: 4.16 GB
  Final allocated memory: 2.44 GB
============================================================
SUMMARY: config=configs/bf16_full.json params=254655569 peak_mem_bytes=4471451648 alloc_mem_bytes=2617018368 avg_step_time=0.2148
Loss history saved to: logs/bf16_full_loss.csv
[rank0]:[W206 12:16:42.645930369 ProcessGroupNCCL.cpp:1250] Warning: WARNING: process group has NOT been destroyed before we destruct ProcessGroupNCCL. On normal program exit, the application should call destroy_process_group to ensure that any pending NCCL operations have finished in this process. In rare cases this process can exit before this point and block the progress of another member of the process group. This constraint has always been present,  but this warning has only been added since PyTorch 2.4 (function operator())
[2026-02-06 12:16:45,205] [INFO] [launch.py:367:main] Process 968027 exits successfully.
[2026-02-06 12:16:45,205] [INFO] [launch.py:367:main] Process 968026 exits successfully.
