1: W0403 16:10:25.630000 537450 site-packages/torch/distributed/run.py:793] 
1: W0403 16:10:25.630000 537450 site-packages/torch/distributed/run.py:793] *****************************************
1: W0403 16:10:25.630000 537450 site-packages/torch/distributed/run.py:793] Setting OMP_NUM_THREADS environment variable for each process to be 1 in default, to avoid your system being overloaded, please further tune the variable for optimal performance in your application as needed. 
1: W0403 16:10:25.630000 537450 site-packages/torch/distributed/run.py:793] *****************************************
0: W0403 16:10:25.640000 866913 site-packages/torch/distributed/run.py:793] 
0: W0403 16:10:25.640000 866913 site-packages/torch/distributed/run.py:793] *****************************************
0: W0403 16:10:25.640000 866913 site-packages/torch/distributed/run.py:793] Setting OMP_NUM_THREADS environment variable for each process to be 1 in default, to avoid your system being overloaded, please further tune the variable for optimal performance in your application as needed. 
0: W0403 16:10:25.640000 866913 site-packages/torch/distributed/run.py:793] *****************************************
0: /home/bigyang/.local/share/mamba/envs/ds-hf/lib/python3.11/site-packages/torch/utils/cpp_extension.py:1964: UserWarning: TORCH_CUDA_ARCH_LIST is not set, all archs for visible cards are included for compilation. 
0: If this is not desired, please set os.environ['TORCH_CUDA_ARCH_LIST'].
0:   warnings.warn(
0: /home/bigyang/.local/share/mamba/envs/ds-hf/lib/python3.11/site-packages/torch/utils/cpp_extension.py:1964: UserWarning: TORCH_CUDA_ARCH_LIST is not set, all archs for visible cards are included for compilation. 
0: If this is not desired, please set os.environ['TORCH_CUDA_ARCH_LIST'].
0:   warnings.warn(
1: /home/bigyang/.local/share/mamba/envs/ds-hf/lib/python3.11/site-packages/torch/utils/cpp_extension.py:1964: UserWarning: TORCH_CUDA_ARCH_LIST is not set, all archs for visible cards are included for compilation. 
1: If this is not desired, please set os.environ['TORCH_CUDA_ARCH_LIST'].
1:   warnings.warn(
1: Using the latest cached version of the dataset since wikitext couldn't be found on the Hugging Face Hub (offline mode is enabled).
1: Found the latest cached dataset configuration 'wikitext-103-raw-v1' at /home/bigyang/.cache/huggingface/datasets/wikitext/wikitext-103-raw-v1/0.0.0/b08601e04326c79dfdd32d625aee71d232d685c3 (last modified on Thu Apr  2 16:36:00 2026).
0: Using the latest cached version of the dataset since wikitext couldn't be found on the Hugging Face Hub (offline mode is enabled).
0: Found the latest cached dataset configuration 'wikitext-103-raw-v1' at /home/bigyang/.cache/huggingface/datasets/wikitext/wikitext-103-raw-v1/0.0.0/b08601e04326c79dfdd32d625aee71d232d685c3 (last modified on Thu Apr  2 16:36:00 2026).
1: Using the latest cached version of the dataset since wikitext couldn't be found on the Hugging Face Hub (offline mode is enabled).
0: Using the latest cached version of the dataset since wikitext couldn't be found on the Hugging Face Hub (offline mode is enabled).
1: Found the latest cached dataset configuration 'wikitext-103-raw-v1' at /home/bigyang/.cache/huggingface/datasets/wikitext/wikitext-103-raw-v1/0.0.0/b08601e04326c79dfdd32d625aee71d232d685c3 (last modified on Thu Apr  2 16:36:00 2026).
0: Found the latest cached dataset configuration 'wikitext-103-raw-v1' at /home/bigyang/.cache/huggingface/datasets/wikitext/wikitext-103-raw-v1/0.0.0/b08601e04326c79dfdd32d625aee71d232d685c3 (last modified on Thu Apr  2 16:36:00 2026).
1: Using the latest cached version of the dataset since wikitext couldn't be found on the Hugging Face Hub (offline mode is enabled).
0: Using the latest cached version of the dataset since wikitext couldn't be found on the Hugging Face Hub (offline mode is enabled).
0: Found the latest cached dataset configuration 'wikitext-103-raw-v1' at /home/bigyang/.cache/huggingface/datasets/wikitext/wikitext-103-raw-v1/0.0.0/b08601e04326c79dfdd32d625aee71d232d685c3 (last modified on Thu Apr  2 16:36:00 2026).
1: Found the latest cached dataset configuration 'wikitext-103-raw-v1' at /home/bigyang/.cache/huggingface/datasets/wikitext/wikitext-103-raw-v1/0.0.0/b08601e04326c79dfdd32d625aee71d232d685c3 (last modified on Thu Apr  2 16:36:00 2026).
1: Using the latest cached version of the dataset since wikitext couldn't be found on the Hugging Face Hub (offline mode is enabled).
1: Found the latest cached dataset configuration 'wikitext-103-raw-v1' at /home/bigyang/.cache/huggingface/datasets/wikitext/wikitext-103-raw-v1/0.0.0/b08601e04326c79dfdd32d625aee71d232d685c3 (last modified on Thu Apr  2 16:36:00 2026).
0: Using the latest cached version of the dataset since wikitext couldn't be found on the Hugging Face Hub (offline mode is enabled).
0: Found the latest cached dataset configuration 'wikitext-103-raw-v1' at /home/bigyang/.cache/huggingface/datasets/wikitext/wikitext-103-raw-v1/0.0.0/b08601e04326c79dfdd32d625aee71d232d685c3 (last modified on Thu Apr  2 16:36:00 2026).
0: [rank0]:[W403 16:10:55.526455677 CPUAllocator.cpp:249] Memory block of unknown size was allocated before the profiling started, profiler results will not include the deallocation event
srun: Job step aborted: Waiting up to 32 seconds for job step to finish.
slurmstepd-hades: error: *** JOB 1363 ON hades CANCELLED AT 2026-04-03T16:11:03 ***
0: slurmstepd-hades: error: *** STEP 1363.0 ON hades CANCELLED AT 2026-04-03T16:11:03 ***
0: W0403 16:11:03.516000 866913 site-packages/torch/distributed/elastic/agent/server/api.py:704] Received 15 death signal, shutting down workers
1: W0403 16:11:03.516000 537450 site-packages/torch/distributed/elastic/agent/server/api.py:704] Received 15 death signal, shutting down workers
0: W0403 16:11:03.516000 866913 site-packages/torch/distributed/elastic/multiprocessing/api.py:897] Sending process 867051 closing signal SIGTERM
1: W0403 16:11:03.516000 537450 site-packages/torch/distributed/elastic/multiprocessing/api.py:897] Sending process 537587 closing signal SIGTERM
0: W0403 16:11:03.521000 866913 site-packages/torch/distributed/elastic/multiprocessing/api.py:897] Sending process 867052 closing signal SIGTERM
