0: Warning: The cache directory for DeepSpeed Triton autotune, /home/bigyang/.triton/autotune, appears to be on an NFS system. While this is generally acceptable, if you experience slowdowns or hanging when DeepSpeed exits, it is recommended to set the TRITON_CACHE_DIR environment variable to a non-NFS path.
1: Warning: The cache directory for DeepSpeed Triton autotune, /home/bigyang/.triton/autotune, appears to be on an NFS system. While this is generally acceptable, if you experience slowdowns or hanging when DeepSpeed exits, it is recommended to set the TRITON_CACHE_DIR environment variable to a non-NFS path.
0: Training with Sequence Length: 256
1: Training with Sequence Length: 256
0: gradient checkpointing enabled: True
1: gradient checkpointing enabled: True
0: Before initializing optimizer states
0: MA 3.45 GB         Max_MA 4.61 GB         CA 5.76 GB         Max_CA 6 GB 
0: CPU Virtual Memory:  used = 15.53 GB, percent = 1.5%
0: After initializing optimizer states
0: MA 3.45 GB         Max_MA 4.6 GB         CA 6.91 GB         Max_CA 7 GB 
0: CPU Virtual Memory:  used = 15.53 GB, percent = 1.5%
0: After initializing ZeRO optimizer
0: MA 3.45 GB         Max_MA 3.45 GB         CA 6.91 GB         Max_CA 7 GB 
0: CPU Virtual Memory:  used = 15.53 GB, percent = 1.5%
1: [Rank 1] Loading wikitext dataset...
0: [Rank 0] Loading wikitext dataset...
1: data dir is None 
1: cache dir is None 
1: in path is elifwikitext https://huggingface.co
1: execption as e1
1: execption as e1 in CachedDatasetModuleFactory None wikitext
1: config cache dir finally /scratch/user/u.bg348806/.cache/huggingface1233
1: self cache dir finally None
1: cache dir finally /scratch/user/u.bg348806/.cache/huggingface1233
1: cache relative path wikitext
1: cached_directory_paths []
0: data dir is None 
0: cache dir is None 
0: in path is elifwikitext https://huggingface.co
0: execption as e1
0: execption as e1 in CachedDatasetModuleFactory None wikitext
0: config cache dir finally /scratch/user/u.bg348806/.cache/huggingface1233
0: self cache dir finally None
0: cache dir finally /scratch/user/u.bg348806/.cache/huggingface1233
0: cache relative path wikitext
0: cached_directory_paths []
