0: Warning: The cache directory for DeepSpeed Triton autotune, /home/bigyang/.triton/autotune, appears to be on an NFS system. While this is generally acceptable, if you experience slowdowns or hanging when DeepSpeed exits, it is recommended to set the TRITON_CACHE_DIR environment variable to a non-NFS path.
1: Warning: The cache directory for DeepSpeed Triton autotune, /home/bigyang/.triton/autotune, appears to be on an NFS system. While this is generally acceptable, if you experience slowdowns or hanging when DeepSpeed exits, it is recommended to set the TRITON_CACHE_DIR environment variable to a non-NFS path.
0: Training with Sequence Length: 256
1: Training with Sequence Length: 256
0: gradient checkpointing enabled: True
1: gradient checkpointing enabled: True
0: Before initializing optimizer states
0: MA 3.45 GB         Max_MA 4.61 GB         CA 5.76 GB         Max_CA 6 GB 
0: CPU Virtual Memory:  used = 15.53 GB, percent = 1.5%
0: After initializing optimizer states
0: MA 3.45 GB         Max_MA 4.6 GB         CA 6.91 GB         Max_CA 7 GB 
0: CPU Virtual Memory:  used = 15.53 GB, percent = 1.5%
0: After initializing ZeRO optimizer
0: MA 3.45 GB         Max_MA 3.45 GB         CA 6.91 GB         Max_CA 7 GB 
0: CPU Virtual Memory:  used = 15.53 GB, percent = 1.5%
1: [Rank 1] Loading wikitext dataset...
0: [Rank 0] Loading wikitext dataset...
1: data dir is None 
1: cache dir is None 
0: data dir is None 
0: cache dir is None 
1: [Rank 1] Packed dataset: 22744 chunks of 256 tokens
0: [Rank 0] Packed dataset: 22744 chunks of 256 tokens
0: Iteration 0: loss=2.9567
0: Iteration 1: loss=13.1678
0: Iteration 2: loss=22.1047
0: Iteration 3: loss=12.0993
0: Iteration 4: loss=8.6674
0: Iteration 5: loss=8.1981
0: Iteration 6: loss=8.6379
0: Iteration 7: loss=8.8444
0: Iteration 8: loss=8.4387
