Warning: The cache directory for DeepSpeed Triton autotune, /home/bigyang/.triton/autotune, appears to be on an NFS system. While this is generally acceptable, if you experience slowdowns or hanging when DeepSpeed exits, it is recommended to set the TRITON_CACHE_DIR environment variable to a non-NFS path.
[2026-01-23 15:40:22,772] [WARNING] [runner.py:232:fetch_hostfile] Unable to find hostfile, will proceed with training with local resources only.
Detected VISIBLE_DEVICES=0,1 but ignoring it because one or several of --include/--exclude/--num_gpus/--num_nodes cl args were used. If you want to use CUDA_VISIBLE_DEVICES don't pass any of these arguments to deepspeed.
[2026-01-23 15:40:22,773] [INFO] [runner.py:630:main] cmd = /home/bigyang/micromamba/envs/ds-hf/bin/python -u -m deepspeed.launcher.launch --world_info=eyJsb2NhbGhvc3QiOiBbMCwgMV19 --master_addr=127.0.0.1 --master_port=29600 --enable_each_rank_log=None --log_level=info train_gpt.py --deepspeed_config configs/bf16_full.json --num_layers 12 --hidden_dim 1024 --batch_size 8 --seq_length 512 --num_steps 100 --warmup_steps 5 --activation_checkpointing --use_real_data --seed 42
Warning: The cache directory for DeepSpeed Triton autotune, /home/bigyang/.triton/autotune, appears to be on an NFS system. While this is generally acceptable, if you experience slowdowns or hanging when DeepSpeed exits, it is recommended to set the TRITON_CACHE_DIR environment variable to a non-NFS path.
[2026-01-23 15:40:30,516] [INFO] [launch.py:162:main] WORLD INFO DICT: {'localhost': [0, 1]}
[2026-01-23 15:40:30,516] [INFO] [launch.py:168:main] nnodes=1, num_local_procs=2, node_rank=0
[2026-01-23 15:40:30,516] [INFO] [launch.py:179:main] global_rank_mapping=defaultdict(<class 'list'>, {'localhost': [0, 1]})
[2026-01-23 15:40:30,516] [INFO] [launch.py:180:main] dist_world_size=2
[2026-01-23 15:40:30,516] [INFO] [launch.py:184:main] Setting CUDA_VISIBLE_DEVICES=0,1
[2026-01-23 15:40:30,517] [INFO] [launch.py:272:main] process 3175139 spawned with command: ['/home/bigyang/micromamba/envs/ds-hf/bin/python', '-u', 'train_gpt.py', '--local_rank=0', '--deepspeed_config', 'configs/bf16_full.json', '--num_layers', '12', '--hidden_dim', '1024', '--batch_size', '8', '--seq_length', '512', '--num_steps', '100', '--warmup_steps', '5', '--activation_checkpointing', '--use_real_data', '--seed', '42']
[2026-01-23 15:40:30,517] [INFO] [launch.py:272:main] process 3175140 spawned with command: ['/home/bigyang/micromamba/envs/ds-hf/bin/python', '-u', 'train_gpt.py', '--local_rank=1', '--deepspeed_config', 'configs/bf16_full.json', '--num_layers', '12', '--hidden_dim', '1024', '--batch_size', '8', '--seq_length', '512', '--num_steps', '100', '--warmup_steps', '5', '--activation_checkpointing', '--use_real_data', '--seed', '42']
Warning: The cache directory for DeepSpeed Triton autotune, /home/bigyang/.triton/autotune, appears to be on an NFS system. While this is generally acceptable, if you experience slowdowns or hanging when DeepSpeed exits, it is recommended to set the TRITON_CACHE_DIR environment variable to a non-NFS path.
Warning: The cache directory for DeepSpeed Triton autotune, /home/bigyang/.triton/autotune, appears to be on an NFS system. While this is generally acceptable, if you experience slowdowns or hanging when DeepSpeed exits, it is recommended to set the TRITON_CACHE_DIR environment variable to a non-NFS path.
[Rank 1] Loading wikitext dataset...
[Rank 0] Loading wikitext dataset...
[Rank 1] Dataset loaded: 39531 examples, vocab_size=50257
[Rank 0] Dataset loaded: 39531 examples, vocab_size=50257
[Rank 1] Creating model with hidden_dim=1024, num_layers=12, num_heads=16, vocab_size=50257
[Rank 0] Creating model with hidden_dim=1024, num_layers=12, num_heads=16, vocab_size=50257
[Rank 0] Model parameters: 124,439,808 total, 124,439,808 trainable
[Rank 0] Activation checkpointing enabled
[Rank 1] Model parameters: 124,439,808 total, 124,439,808 trainable
[Rank 1] Activation checkpointing enabled
/home/bigyang/micromamba/envs/ds-hf/lib/python3.11/site-packages/torch/utils/cpp_extension.py:1964: UserWarning: TORCH_CUDA_ARCH_LIST is not set, all archs for visible cards are included for compilation. 
If this is not desired, please set os.environ['TORCH_CUDA_ARCH_LIST'].
  warnings.warn(
Stage 3 initialize beginning
MA 0.25 GB         Max_MA 0.25 GB         CA 0.26 GB         Max_CA 0 GB 
CPU Virtual Memory:  used = 9.07 GB, percent = 3.6%
DeepSpeedZeRoOffload initialize [begin]
MA 0.25 GB         Max_MA 0.39 GB         CA 0.41 GB         Max_CA 0 GB 
CPU Virtual Memory:  used = 9.07 GB, percent = 3.6%
Parameter Offload - Persistent parameters statistics: param_count = 0, numel = 0
DeepSpeedZeRoOffload initialize [end]
MA 0.13 GB         Max_MA 0.29 GB         CA 0.41 GB         Max_CA 0 GB 
CPU Virtual Memory:  used = 9.07 GB, percent = 3.6%
Before creating fp16 partitions
MA 0.13 GB         Max_MA 0.13 GB         CA 0.41 GB         Max_CA 0 GB 
CPU Virtual Memory:  used = 9.07 GB, percent = 3.6%
After creating fp16 partitions: 1
MA 0.13 GB         Max_MA 0.13 GB         CA 0.13 GB         Max_CA 0 GB 
CPU Virtual Memory:  used = 9.07 GB, percent = 3.6%
Before creating fp32 partitions
MA 0.13 GB         Max_MA 0.13 GB         CA 0.13 GB         Max_CA 0 GB 
CPU Virtual Memory:  used = 9.07 GB, percent = 3.6%
After creating fp32 partitions
MA 0.24 GB         Max_MA 0.24 GB         CA 0.25 GB         Max_CA 0 GB 
CPU Virtual Memory:  used = 9.07 GB, percent = 3.6%
Before initializing optimizer states
MA 0.24 GB         Max_MA 0.24 GB         CA 0.25 GB         Max_CA 0 GB 
CPU Virtual Memory:  used = 9.07 GB, percent = 3.6%
[Rank 0] time (ms) | init_optimizer_state: 0.07
After initializing optimizer states
MA 0.24 GB         Max_MA 0.36 GB         CA 0.37 GB         Max_CA 0 GB 
CPU Virtual Memory:  used = 9.07 GB, percent = 3.6%
[Rank 1] DeepSpeed initialized with config: configs/bf16_full.json
[Rank 1] Memory after init: allocated=0.45 GB, reserved=0.63 GB
After initializing ZeRO optimizer
MA 0.45 GB         Max_MA 0.6 GB         CA 0.63 GB         Max_CA 1 GB 
CPU Virtual Memory:  used = 9.11 GB, percent = 3.6%
[Rank 0] DeepSpeed initialized with config: configs/bf16_full.json
[Rank 0] Memory after init: allocated=0.45 GB, reserved=0.63 GB
`use_cache=True` is incompatible with gradient checkpointing. Setting `use_cache=False`...
`use_cache=True` is incompatible with gradient checkpointing. Setting `use_cache=False`...
`loss_type=None` was set in the config but it is unrecognized. Using the default loss: `ForCausalLMLoss`.
`loss_type=None` was set in the config but it is unrecognized. Using the default loss: `ForCausalLMLoss`.
[Rank 1] Step 0: loss=11.3513, time=1.017s, alloc_mem=1.08 GB, peak_mem=3.31 GB
[Rank 0] time (ms) | optimizer_step: 3.01
[Rank 0] time (ms) | fwd_microstep: 231.01 | bwd_microstep: 211.88 | bwd_inner_microstep: 203.77 | bwd_allreduce_microstep: 7.97 | step_microstep: 38.33
[Rank 0] time (ms) | fwd: 231.02 | bwd: 211.87 | bwd_inner: 203.77 | bwd_allreduce: 7.97 | step: 38.33
[Rank 0] Step 0: loss=11.4002, time=0.762s, alloc_mem=1.08 GB, peak_mem=3.31 GB
[Rank 0] time (ms) | optimizer_step: 2.51
[Rank 0] time (ms) | fwd_microstep: 330.76 | bwd_microstep: 314.94 | bwd_inner_microstep: 309.44 | bwd_allreduce_microstep: 5.45 | step_microstep: 8.53
[Rank 0] time (ms) | fwd: 330.76 | bwd: 314.94 | bwd_inner: 309.44 | bwd_allreduce: 5.43 | step: 8.54
[Rank 0] time (ms) | optimizer_step: 2.51
[Rank 0] time (ms) | fwd_microstep: 55.56 | bwd_microstep: 100.68 | bwd_inner_microstep: 94.76 | bwd_allreduce_microstep: 5.84 | step_microstep: 8.39
[Rank 0] time (ms) | fwd: 55.55 | bwd: 100.68 | bwd_inner: 94.78 | bwd_allreduce: 5.84 | step: 8.40
[Rank 0] time (ms) | optimizer_step: 2.51
[Rank 0] time (ms) | fwd_microstep: 54.83 | bwd_microstep: 100.78 | bwd_inner_microstep: 94.33 | bwd_allreduce_microstep: 6.39 | step_microstep: 8.35
[Rank 0] time (ms) | fwd: 54.82 | bwd: 100.78 | bwd_inner: 94.35 | bwd_allreduce: 6.39 | step: 8.36
[Rank 0] time (ms) | optimizer_step: 2.56
[Rank 0] time (ms) | fwd_microstep: 54.97 | bwd_microstep: 101.12 | bwd_inner_microstep: 94.36 | bwd_allreduce_microstep: 6.70 | step_microstep: 8.83
[Rank 0] time (ms) | fwd: 54.96 | bwd: 101.13 | bwd_inner: 94.37 | bwd_allreduce: 6.71 | step: 8.84
[Rank 0] time (ms) | optimizer_step: 2.50
[Rank 0] time (ms) | fwd_microstep: 55.82 | bwd_microstep: 100.39 | bwd_inner_microstep: 94.81 | bwd_allreduce_microstep: 5.51 | step_microstep: 8.32
[Rank 0] time (ms) | fwd: 55.81 | bwd: 100.40 | bwd_inner: 94.82 | bwd_allreduce: 5.49 | step: 8.32
[Rank 1] Step 5: loss=2.5565, time=0.166s, alloc_mem=1.08 GB, peak_mem=3.71 GB
[Rank 0] Step 5: loss=3.1785, time=0.166s, alloc_mem=1.08 GB, peak_mem=3.71 GB
[Rank 0] time (ms) | optimizer_step: 2.50
[Rank 0] time (ms) | fwd_microstep: 55.00 | bwd_microstep: 102.93 | bwd_inner_microstep: 94.78 | bwd_allreduce_microstep: 8.09 | step_microstep: 8.32
[Rank 0] time (ms) | fwd: 54.99 | bwd: 102.94 | bwd_inner: 94.80 | bwd_allreduce: 8.09 | step: 8.33
[Rank 0] time (ms) | optimizer_step: 2.50
[Rank 0] time (ms) | fwd_microstep: 55.23 | bwd_microstep: 101.22 | bwd_inner_microstep: 95.67 | bwd_allreduce_microstep: 5.49 | step_microstep: 8.35
[Rank 0] time (ms) | fwd: 55.22 | bwd: 101.22 | bwd_inner: 95.70 | bwd_allreduce: 5.49 | step: 8.36
[Rank 0] time (ms) | optimizer_step: 2.50
[Rank 0] time (ms) | fwd_microstep: 54.65 | bwd_microstep: 101.00 | bwd_inner_microstep: 94.75 | bwd_allreduce_microstep: 6.19 | step_microstep: 8.28
[Rank 0] time (ms) | fwd: 54.64 | bwd: 101.00 | bwd_inner: 94.76 | bwd_allreduce: 6.19 | step: 8.29
[Rank 0] time (ms) | optimizer_step: 2.50
[Rank 0] time (ms) | fwd_microstep: 54.85 | bwd_microstep: 100.54 | bwd_inner_microstep: 95.02 | bwd_allreduce_microstep: 5.47 | step_microstep: 8.23
[Rank 0] time (ms) | fwd: 54.84 | bwd: 100.55 | bwd_inner: 95.03 | bwd_allreduce: 5.46 | step: 8.24
[Rank 0] time (ms) | optimizer_step: 2.49
[Rank 0] time (ms) | fwd_microstep: 54.64 | bwd_microstep: 100.33 | bwd_inner_microstep: 94.43 | bwd_allreduce_microstep: 5.85 | step_microstep: 8.25
[Rank 0] time (ms) | fwd: 54.63 | bwd: 100.34 | bwd_inner: 94.45 | bwd_allreduce: 5.85 | step: 8.25
[Rank 1] Step 10: loss=3.4119, time=0.164s, alloc_mem=1.08 GB, peak_mem=3.71 GB
[Rank 0] Step 10: loss=3.4630, time=0.164s, alloc_mem=1.08 GB, peak_mem=3.71 GB
[Rank 0] time (ms) | optimizer_step: 2.51
[Rank 0] time (ms) | fwd_microstep: 55.64 | bwd_microstep: 101.49 | bwd_inner_microstep: 94.51 | bwd_allreduce_microstep: 6.92 | step_microstep: 8.28
[Rank 0] time (ms) | fwd: 55.63 | bwd: 101.50 | bwd_inner: 94.52 | bwd_allreduce: 6.92 | step: 8.29
[Rank 0] time (ms) | optimizer_step: 2.50
[Rank 0] time (ms) | fwd_microstep: 54.77 | bwd_microstep: 100.77 | bwd_inner_microstep: 94.35 | bwd_allreduce_microstep: 6.35 | step_microstep: 8.30
[Rank 0] time (ms) | fwd: 54.77 | bwd: 100.77 | bwd_inner: 94.36 | bwd_allreduce: 6.35 | step: 8.31
[Rank 0] time (ms) | optimizer_step: 2.50
[Rank 0] time (ms) | fwd_microstep: 54.74 | bwd_microstep: 100.41 | bwd_inner_microstep: 94.29 | bwd_allreduce_microstep: 6.07 | step_microstep: 8.29
[Rank 0] time (ms) | fwd: 54.74 | bwd: 100.42 | bwd_inner: 94.31 | bwd_allreduce: 6.07 | step: 8.29
[Rank 0] time (ms) | optimizer_step: 2.50
[Rank 0] time (ms) | fwd_microstep: 54.77 | bwd_microstep: 100.49 | bwd_inner_microstep: 94.35 | bwd_allreduce_microstep: 6.09 | step_microstep: 8.29
[Rank 0] time (ms) | fwd: 54.76 | bwd: 100.49 | bwd_inner: 94.36 | bwd_allreduce: 6.09 | step: 8.30
[Rank 0] time (ms) | optimizer_step: 2.48
[Rank 0] time (ms) | fwd_microstep: 56.51 | bwd_microstep: 101.06 | bwd_inner_microstep: 95.44 | bwd_allreduce_microstep: 5.56 | step_microstep: 8.29
[Rank 0] time (ms) | fwd: 56.50 | bwd: 101.07 | bwd_inner: 95.46 | bwd_allreduce: 5.56 | step: 8.29
[Rank 1] Step 15: loss=2.6219, time=0.167s, alloc_mem=1.08 GB, peak_mem=3.71 GB
[Rank 0] Step 15: loss=3.0646, time=0.167s, alloc_mem=1.08 GB, peak_mem=3.71 GB
[Rank 0] time (ms) | optimizer_step: 2.51
[Rank 0] time (ms) | fwd_microstep: 54.73 | bwd_microstep: 100.39 | bwd_inner_microstep: 94.78 | bwd_allreduce_microstep: 5.56 | step_microstep: 8.30
[Rank 0] time (ms) | fwd: 54.72 | bwd: 100.40 | bwd_inner: 94.79 | bwd_allreduce: 5.56 | step: 8.30
[Rank 0] time (ms) | optimizer_step: 2.50
[Rank 0] time (ms) | fwd_microstep: 54.61 | bwd_microstep: 100.94 | bwd_inner_microstep: 94.98 | bwd_allreduce_microstep: 5.87 | step_microstep: 8.27
[Rank 0] time (ms) | fwd: 54.60 | bwd: 100.95 | bwd_inner: 95.01 | bwd_allreduce: 5.86 | step: 8.27
[Rank 0] time (ms) | optimizer_step: 2.51
[Rank 0] time (ms) | fwd_microstep: 54.64 | bwd_microstep: 100.49 | bwd_inner_microstep: 94.89 | bwd_allreduce_microstep: 5.54 | step_microstep: 8.32
[Rank 0] time (ms) | fwd: 54.63 | bwd: 100.50 | bwd_inner: 94.91 | bwd_allreduce: 5.54 | step: 8.33
[Rank 0] time (ms) | optimizer_step: 2.49
[Rank 0] time (ms) | fwd_microstep: 54.40 | bwd_microstep: 100.52 | bwd_inner_microstep: 94.27 | bwd_allreduce_microstep: 6.20 | step_microstep: 8.31
[Rank 0] time (ms) | fwd: 54.39 | bwd: 100.53 | bwd_inner: 94.28 | bwd_allreduce: 6.20 | step: 8.31
[Rank 0] time (ms) | optimizer_step: 2.50
[Rank 0] time (ms) | fwd_microstep: 54.75 | bwd_microstep: 100.71 | bwd_inner_microstep: 94.39 | bwd_allreduce_microstep: 6.24 | step_microstep: 8.29
[Rank 0] time (ms) | fwd: 54.74 | bwd: 100.71 | bwd_inner: 94.41 | bwd_allreduce: 6.23 | step: 8.30
[Rank 1] Step 20: loss=3.3440, time=0.165s, alloc_mem=1.08 GB, peak_mem=3.71 GB
[Rank 0] Step 20: loss=2.4090, time=0.165s, alloc_mem=1.08 GB, peak_mem=3.71 GB
[Rank 0] time (ms) | optimizer_step: 2.50
[Rank 0] time (ms) | fwd_microstep: 54.92 | bwd_microstep: 100.10 | bwd_inner_microstep: 94.12 | bwd_allreduce_microstep: 5.91 | step_microstep: 8.26
[Rank 0] time (ms) | fwd: 54.91 | bwd: 100.11 | bwd_inner: 94.13 | bwd_allreduce: 5.90 | step: 8.27
[Rank 0] time (ms) | optimizer_step: 2.51
[Rank 0] time (ms) | fwd_microstep: 54.72 | bwd_microstep: 100.51 | bwd_inner_microstep: 93.94 | bwd_allreduce_microstep: 6.51 | step_microstep: 8.32
[Rank 0] time (ms) | fwd: 54.71 | bwd: 100.51 | bwd_inner: 93.95 | bwd_allreduce: 6.51 | step: 8.32
[Rank 0] time (ms) | optimizer_step: 2.48
[Rank 0] time (ms) | fwd_microstep: 54.86 | bwd_microstep: 100.31 | bwd_inner_microstep: 94.37 | bwd_allreduce_microstep: 5.88 | step_microstep: 8.27
[Rank 0] time (ms) | fwd: 54.86 | bwd: 100.32 | bwd_inner: 94.39 | bwd_allreduce: 5.88 | step: 8.27
[Rank 0] time (ms) | optimizer_step: 2.51
[Rank 0] time (ms) | fwd_microstep: 54.77 | bwd_microstep: 100.65 | bwd_inner_microstep: 94.31 | bwd_allreduce_microstep: 6.26 | step_microstep: 8.28
[Rank 0] time (ms) | fwd: 54.76 | bwd: 100.65 | bwd_inner: 94.33 | bwd_allreduce: 6.27 | step: 8.28
[Rank 0] time (ms) | optimizer_step: 2.49
[Rank 0] time (ms) | fwd_microstep: 54.68 | bwd_microstep: 100.48 | bwd_inner_microstep: 94.36 | bwd_allreduce_microstep: 6.07 | step_microstep: 8.26
[Rank 0] time (ms) | fwd: 54.67 | bwd: 100.49 | bwd_inner: 94.37 | bwd_allreduce: 6.07 | step: 8.26
[Rank 1] Step 25: loss=2.1358, time=0.165s, alloc_mem=1.08 GB, peak_mem=3.71 GB
[Rank 0] Step 25: loss=1.5471, time=0.165s, alloc_mem=1.08 GB, peak_mem=3.71 GB
[Rank 0] time (ms) | optimizer_step: 2.49
[Rank 0] time (ms) | fwd_microstep: 54.80 | bwd_microstep: 100.64 | bwd_inner_microstep: 94.29 | bwd_allreduce_microstep: 6.28 | step_microstep: 8.30
[Rank 0] time (ms) | fwd: 54.79 | bwd: 100.64 | bwd_inner: 94.31 | bwd_allreduce: 6.27 | step: 8.31
[Rank 0] time (ms) | optimizer_step: 2.50
[Rank 0] time (ms) | fwd_microstep: 54.97 | bwd_microstep: 100.31 | bwd_inner_microstep: 94.26 | bwd_allreduce_microstep: 6.00 | step_microstep: 8.27
[Rank 0] time (ms) | fwd: 54.96 | bwd: 100.32 | bwd_inner: 94.27 | bwd_allreduce: 6.00 | step: 8.28
[Rank 0] time (ms) | optimizer_step: 2.47
[Rank 0] time (ms) | fwd_microstep: 54.81 | bwd_microstep: 100.33 | bwd_inner_microstep: 94.39 | bwd_allreduce_microstep: 5.88 | step_microstep: 8.22
[Rank 0] time (ms) | fwd: 54.80 | bwd: 100.34 | bwd_inner: 94.40 | bwd_allreduce: 5.87 | step: 8.22
[Rank 0] time (ms) | optimizer_step: 2.50
[Rank 0] time (ms) | fwd_microstep: 54.85 | bwd_microstep: 102.03 | bwd_inner_microstep: 96.47 | bwd_allreduce_microstep: 5.50 | step_microstep: 8.40
[Rank 0] time (ms) | fwd: 54.84 | bwd: 102.03 | bwd_inner: 96.48 | bwd_allreduce: 5.49 | step: 8.40
[Rank 0] time (ms) | optimizer_step: 2.48
[Rank 0] time (ms) | fwd_microstep: 54.72 | bwd_microstep: 100.30 | bwd_inner_microstep: 94.09 | bwd_allreduce_microstep: 6.15 | step_microstep: 8.27
[Rank 0] time (ms) | fwd: 54.72 | bwd: 100.31 | bwd_inner: 94.11 | bwd_allreduce: 6.15 | step: 8.27
[Rank 1] Step 30: loss=2.0476, time=0.165s, alloc_mem=1.08 GB, peak_mem=3.71 GB
[Rank 0] Step 30: loss=2.0468, time=0.165s, alloc_mem=1.08 GB, peak_mem=3.71 GB
[Rank 0] time (ms) | optimizer_step: 2.49
[Rank 0] time (ms) | fwd_microstep: 54.77 | bwd_microstep: 100.28 | bwd_inner_microstep: 94.65 | bwd_allreduce_microstep: 5.57 | step_microstep: 8.25
[Rank 0] time (ms) | fwd: 54.76 | bwd: 100.28 | bwd_inner: 94.66 | bwd_allreduce: 5.58 | step: 8.25
[Rank 0] time (ms) | optimizer_step: 2.51
[Rank 0] time (ms) | fwd_microstep: 54.55 | bwd_microstep: 100.56 | bwd_inner_microstep: 94.35 | bwd_allreduce_microstep: 6.15 | step_microstep: 8.29
[Rank 0] time (ms) | fwd: 54.55 | bwd: 100.56 | bwd_inner: 94.36 | bwd_allreduce: 6.15 | step: 8.29
[Rank 0] time (ms) | optimizer_step: 2.50
[Rank 0] time (ms) | fwd_microstep: 54.73 | bwd_microstep: 101.28 | bwd_inner_microstep: 94.22 | bwd_allreduce_microstep: 6.99 | step_microstep: 8.30
[Rank 0] time (ms) | fwd: 54.72 | bwd: 101.29 | bwd_inner: 94.24 | bwd_allreduce: 6.99 | step: 8.30
[Rank 0] time (ms) | optimizer_step: 2.49
[Rank 0] time (ms) | fwd_microstep: 54.62 | bwd_microstep: 100.47 | bwd_inner_microstep: 93.82 | bwd_allreduce_microstep: 6.59 | step_microstep: 8.25
[Rank 0] time (ms) | fwd: 54.61 | bwd: 100.47 | bwd_inner: 93.84 | bwd_allreduce: 6.60 | step: 8.26
[Rank 0] time (ms) | optimizer_step: 2.51
[Rank 0] time (ms) | fwd_microstep: 54.73 | bwd_microstep: 100.32 | bwd_inner_microstep: 93.88 | bwd_allreduce_microstep: 6.38 | step_microstep: 8.28
[Rank 0] time (ms) | fwd: 54.72 | bwd: 100.32 | bwd_inner: 93.90 | bwd_allreduce: 6.38 | step: 8.28
[Rank 1] Step 35: loss=2.1572, time=0.165s, alloc_mem=1.08 GB, peak_mem=3.71 GB
[Rank 0] Step 35: loss=1.6291, time=0.165s, alloc_mem=1.08 GB, peak_mem=3.71 GB
[Rank 0] time (ms) | optimizer_step: 2.49
[Rank 0] time (ms) | fwd_microstep: 54.64 | bwd_microstep: 102.92 | bwd_inner_microstep: 94.21 | bwd_allreduce_microstep: 8.65 | step_microstep: 8.26
[Rank 0] time (ms) | fwd: 54.63 | bwd: 102.93 | bwd_inner: 94.23 | bwd_allreduce: 8.65 | step: 8.26
[Rank 0] time (ms) | optimizer_step: 2.50
[Rank 0] time (ms) | fwd_microstep: 54.92 | bwd_microstep: 100.79 | bwd_inner_microstep: 94.06 | bwd_allreduce_microstep: 6.64 | step_microstep: 8.27
[Rank 0] time (ms) | fwd: 54.91 | bwd: 100.79 | bwd_inner: 94.08 | bwd_allreduce: 6.63 | step: 8.27
[Rank 0] time (ms) | optimizer_step: 2.50
[Rank 0] time (ms) | fwd_microstep: 54.78 | bwd_microstep: 100.71 | bwd_inner_microstep: 94.64 | bwd_allreduce_microstep: 6.00 | step_microstep: 8.28
[Rank 0] time (ms) | fwd: 54.77 | bwd: 100.71 | bwd_inner: 94.65 | bwd_allreduce: 6.00 | step: 8.28
[Rank 0] time (ms) | optimizer_step: 2.51
[Rank 0] time (ms) | fwd_microstep: 54.64 | bwd_microstep: 100.24 | bwd_inner_microstep: 94.20 | bwd_allreduce_microstep: 5.98 | step_microstep: 8.30
[Rank 0] time (ms) | fwd: 54.63 | bwd: 100.25 | bwd_inner: 94.22 | bwd_allreduce: 5.98 | step: 8.30
[Rank 0] time (ms) | optimizer_step: 2.50
[Rank 0] time (ms) | fwd_microstep: 54.75 | bwd_microstep: 100.56 | bwd_inner_microstep: 94.70 | bwd_allreduce_microstep: 5.80 | step_microstep: 8.32
[Rank 0] time (ms) | fwd: 54.74 | bwd: 100.57 | bwd_inner: 94.72 | bwd_allreduce: 5.81 | step: 8.32
[Rank 1] Step 40: loss=1.5883, time=0.165s, alloc_mem=1.08 GB, peak_mem=3.71 GB
[Rank 0] Step 40: loss=1.9438, time=0.165s, alloc_mem=1.08 GB, peak_mem=3.71 GB
[Rank 0] time (ms) | optimizer_step: 2.49
[Rank 0] time (ms) | fwd_microstep: 54.76 | bwd_microstep: 100.18 | bwd_inner_microstep: 94.13 | bwd_allreduce_microstep: 5.99 | step_microstep: 8.26
[Rank 0] time (ms) | fwd: 54.75 | bwd: 100.19 | bwd_inner: 94.14 | bwd_allreduce: 5.98 | step: 8.26
[Rank 0] time (ms) | optimizer_step: 2.51
[Rank 0] time (ms) | fwd_microstep: 54.83 | bwd_microstep: 100.07 | bwd_inner_microstep: 94.15 | bwd_allreduce_microstep: 5.85 | step_microstep: 8.29
[Rank 0] time (ms) | fwd: 54.82 | bwd: 100.08 | bwd_inner: 94.18 | bwd_allreduce: 5.85 | step: 8.29
[Rank 0] time (ms) | optimizer_step: 2.51
[Rank 0] time (ms) | fwd_microstep: 54.65 | bwd_microstep: 100.41 | bwd_inner_microstep: 93.71 | bwd_allreduce_microstep: 6.63 | step_microstep: 8.28
[Rank 0] time (ms) | fwd: 54.64 | bwd: 100.42 | bwd_inner: 93.72 | bwd_allreduce: 6.62 | step: 8.28
[Rank 0] time (ms) | optimizer_step: 2.50
[Rank 0] time (ms) | fwd_microstep: 54.94 | bwd_microstep: 102.09 | bwd_inner_microstep: 94.12 | bwd_allreduce_microstep: 7.91 | step_microstep: 8.28
[Rank 0] time (ms) | fwd: 54.93 | bwd: 102.10 | bwd_inner: 94.13 | bwd_allreduce: 7.91 | step: 8.28
[Rank 0] time (ms) | optimizer_step: 2.51
[Rank 0] time (ms) | fwd_microstep: 55.05 | bwd_microstep: 100.63 | bwd_inner_microstep: 94.38 | bwd_allreduce_microstep: 6.19 | step_microstep: 8.30
[Rank 0] time (ms) | fwd: 55.04 | bwd: 100.63 | bwd_inner: 94.39 | bwd_allreduce: 6.19 | step: 8.30
[Rank 1] Step 45: loss=1.7187, time=0.165s, alloc_mem=1.08 GB, peak_mem=3.71 GB
[Rank 0] Step 45: loss=2.6430, time=0.165s, alloc_mem=1.08 GB, peak_mem=3.71 GB
[Rank 0] time (ms) | optimizer_step: 2.50
[Rank 0] time (ms) | fwd_microstep: 54.83 | bwd_microstep: 100.19 | bwd_inner_microstep: 94.15 | bwd_allreduce_microstep: 5.94 | step_microstep: 8.29
[Rank 0] time (ms) | fwd: 54.82 | bwd: 100.19 | bwd_inner: 94.18 | bwd_allreduce: 5.91 | step: 8.29
[Rank 0] time (ms) | optimizer_step: 2.51
[Rank 0] time (ms) | fwd_microstep: 54.73 | bwd_microstep: 100.29 | bwd_inner_microstep: 93.88 | bwd_allreduce_microstep: 6.31 | step_microstep: 8.27
[Rank 0] time (ms) | fwd: 54.72 | bwd: 100.29 | bwd_inner: 93.92 | bwd_allreduce: 6.29 | step: 8.28
[Rank 0] time (ms) | optimizer_step: 2.49
[Rank 0] time (ms) | fwd_microstep: 54.62 | bwd_microstep: 100.06 | bwd_inner_microstep: 94.34 | bwd_allreduce_microstep: 5.66 | step_microstep: 8.29
[Rank 0] time (ms) | fwd: 54.61 | bwd: 100.07 | bwd_inner: 94.36 | bwd_allreduce: 5.66 | step: 8.29
[Rank 0] time (ms) | optimizer_step: 2.48
[Rank 0] time (ms) | fwd_microstep: 54.84 | bwd_microstep: 100.02 | bwd_inner_microstep: 94.47 | bwd_allreduce_microstep: 5.48 | step_microstep: 8.28
[Rank 0] time (ms) | fwd: 54.83 | bwd: 100.03 | bwd_inner: 94.48 | bwd_allreduce: 5.48 | step: 8.28
[Rank 0] time (ms) | optimizer_step: 2.50
[Rank 0] time (ms) | fwd_microstep: 54.67 | bwd_microstep: 100.26 | bwd_inner_microstep: 94.12 | bwd_allreduce_microstep: 6.09 | step_microstep: 8.29
[Rank 0] time (ms) | fwd: 54.66 | bwd: 100.27 | bwd_inner: 94.13 | bwd_allreduce: 6.09 | step: 8.29
[Rank 1] Step 50: loss=3.2657, time=0.164s, alloc_mem=1.08 GB, peak_mem=3.71 GB
[Rank 0] Step 50: loss=1.7305, time=0.164s, alloc_mem=1.08 GB, peak_mem=3.71 GB
[Rank 0] time (ms) | optimizer_step: 2.50
[Rank 0] time (ms) | fwd_microstep: 54.71 | bwd_microstep: 100.59 | bwd_inner_microstep: 94.03 | bwd_allreduce_microstep: 6.50 | step_microstep: 8.30
[Rank 0] time (ms) | fwd: 54.70 | bwd: 100.59 | bwd_inner: 94.04 | bwd_allreduce: 6.50 | step: 8.30
[Rank 0] time (ms) | optimizer_step: 2.50
[Rank 0] time (ms) | fwd_microstep: 54.52 | bwd_microstep: 100.44 | bwd_inner_microstep: 94.81 | bwd_allreduce_microstep: 5.57 | step_microstep: 8.26
[Rank 0] time (ms) | fwd: 54.51 | bwd: 100.45 | bwd_inner: 94.82 | bwd_allreduce: 5.57 | step: 8.26
[Rank 0] time (ms) | optimizer_step: 2.49
[Rank 0] time (ms) | fwd_microstep: 54.72 | bwd_microstep: 100.31 | bwd_inner_microstep: 94.12 | bwd_allreduce_microstep: 6.12 | step_microstep: 8.26
[Rank 0] time (ms) | fwd: 54.71 | bwd: 100.32 | bwd_inner: 94.14 | bwd_allreduce: 6.13 | step: 8.26
[Rank 0] time (ms) | optimizer_step: 2.49
[Rank 0] time (ms) | fwd_microstep: 54.66 | bwd_microstep: 100.13 | bwd_inner_microstep: 94.27 | bwd_allreduce_microstep: 5.82 | step_microstep: 8.27
[Rank 0] time (ms) | fwd: 54.65 | bwd: 100.14 | bwd_inner: 94.28 | bwd_allreduce: 5.82 | step: 8.27
[Rank 0] time (ms) | optimizer_step: 2.50
[Rank 0] time (ms) | fwd_microstep: 54.62 | bwd_microstep: 100.29 | bwd_inner_microstep: 93.69 | bwd_allreduce_microstep: 6.54 | step_microstep: 8.25
[Rank 0] time (ms) | fwd: 54.62 | bwd: 100.29 | bwd_inner: 93.71 | bwd_allreduce: 6.54 | step: 8.25
[Rank 1] Step 55: loss=2.5039, time=0.164s, alloc_mem=1.08 GB, peak_mem=3.71 GB
[Rank 0] Step 55: loss=1.5021, time=0.164s, alloc_mem=1.08 GB, peak_mem=3.71 GB
[Rank 0] time (ms) | optimizer_step: 2.50
[Rank 0] time (ms) | fwd_microstep: 55.01 | bwd_microstep: 99.61 | bwd_inner_microstep: 93.69 | bwd_allreduce_microstep: 5.86 | step_microstep: 8.28
[Rank 0] time (ms) | fwd: 55.00 | bwd: 99.62 | bwd_inner: 93.71 | bwd_allreduce: 5.87 | step: 8.29
[Rank 0] time (ms) | optimizer_step: 2.49
[Rank 0] time (ms) | fwd_microstep: 55.99 | bwd_microstep: 100.60 | bwd_inner_microstep: 94.95 | bwd_allreduce_microstep: 5.60 | step_microstep: 8.32
[Rank 0] time (ms) | fwd: 55.98 | bwd: 100.61 | bwd_inner: 94.96 | bwd_allreduce: 5.59 | step: 8.32
[Rank 0] time (ms) | optimizer_step: 2.49
[Rank 0] time (ms) | fwd_microstep: 54.74 | bwd_microstep: 100.00 | bwd_inner_microstep: 94.21 | bwd_allreduce_microstep: 5.73 | step_microstep: 8.26
[Rank 0] time (ms) | fwd: 54.73 | bwd: 100.01 | bwd_inner: 94.23 | bwd_allreduce: 5.73 | step: 8.26
[Rank 0] time (ms) | optimizer_step: 2.51
[Rank 0] time (ms) | fwd_microstep: 54.66 | bwd_microstep: 100.34 | bwd_inner_microstep: 94.59 | bwd_allreduce_microstep: 5.69 | step_microstep: 8.29
[Rank 0] time (ms) | fwd: 54.65 | bwd: 100.34 | bwd_inner: 94.60 | bwd_allreduce: 5.69 | step: 8.29
[Rank 0] time (ms) | optimizer_step: 2.49
[Rank 0] time (ms) | fwd_microstep: 54.62 | bwd_microstep: 100.44 | bwd_inner_microstep: 93.99 | bwd_allreduce_microstep: 6.38 | step_microstep: 8.26
[Rank 0] time (ms) | fwd: 54.62 | bwd: 100.45 | bwd_inner: 94.01 | bwd_allreduce: 6.38 | step: 8.27
[Rank 1] Step 60: loss=1.9190, time=0.165s, alloc_mem=1.08 GB, peak_mem=3.71 GB
[Rank 0] Step 60: loss=2.0672, time=0.165s, alloc_mem=1.08 GB, peak_mem=3.71 GB
[Rank 0] time (ms) | optimizer_step: 2.48
[Rank 0] time (ms) | fwd_microstep: 54.84 | bwd_microstep: 99.95 | bwd_inner_microstep: 94.17 | bwd_allreduce_microstep: 5.73 | step_microstep: 8.24
[Rank 0] time (ms) | fwd: 54.83 | bwd: 99.96 | bwd_inner: 94.18 | bwd_allreduce: 5.73 | step: 8.24
[Rank 0] time (ms) | optimizer_step: 2.48
[Rank 0] time (ms) | fwd_microstep: 54.85 | bwd_microstep: 100.56 | bwd_inner_microstep: 94.96 | bwd_allreduce_microstep: 5.53 | step_microstep: 8.27
[Rank 0] time (ms) | fwd: 54.84 | bwd: 100.57 | bwd_inner: 94.97 | bwd_allreduce: 5.53 | step: 8.28
[Rank 0] time (ms) | optimizer_step: 2.51
[Rank 0] time (ms) | fwd_microstep: 54.70 | bwd_microstep: 100.32 | bwd_inner_microstep: 94.14 | bwd_allreduce_microstep: 6.12 | step_microstep: 8.26
[Rank 0] time (ms) | fwd: 54.69 | bwd: 100.33 | bwd_inner: 94.16 | bwd_allreduce: 6.13 | step: 8.27
[Rank 0] time (ms) | optimizer_step: 2.52
[Rank 0] time (ms) | fwd_microstep: 55.06 | bwd_microstep: 100.35 | bwd_inner_microstep: 94.46 | bwd_allreduce_microstep: 5.83 | step_microstep: 8.31
[Rank 0] time (ms) | fwd: 55.05 | bwd: 100.36 | bwd_inner: 94.48 | bwd_allreduce: 5.83 | step: 8.31
[Rank 0] time (ms) | optimizer_step: 2.51
[Rank 0] time (ms) | fwd_microstep: 55.03 | bwd_microstep: 100.14 | bwd_inner_microstep: 94.57 | bwd_allreduce_microstep: 5.51 | step_microstep: 8.26
[Rank 0] time (ms) | fwd: 55.02 | bwd: 100.15 | bwd_inner: 94.59 | bwd_allreduce: 5.49 | step: 8.26
[Rank 1] Step 65: loss=2.5247, time=0.165s, alloc_mem=1.08 GB, peak_mem=3.71 GB
[Rank 0] Step 65: loss=1.8625, time=0.165s, alloc_mem=1.08 GB, peak_mem=3.71 GB
[Rank 0] time (ms) | optimizer_step: 2.51
[Rank 0] time (ms) | fwd_microstep: 54.60 | bwd_microstep: 100.46 | bwd_inner_microstep: 94.33 | bwd_allreduce_microstep: 6.07 | step_microstep: 8.36
[Rank 0] time (ms) | fwd: 54.59 | bwd: 100.47 | bwd_inner: 94.35 | bwd_allreduce: 6.07 | step: 8.37
[Rank 0] time (ms) | optimizer_step: 2.49
[Rank 0] time (ms) | fwd_microstep: 55.12 | bwd_microstep: 100.85 | bwd_inner_microstep: 94.58 | bwd_allreduce_microstep: 6.22 | step_microstep: 8.25
[Rank 0] time (ms) | fwd: 55.11 | bwd: 100.86 | bwd_inner: 94.60 | bwd_allreduce: 6.23 | step: 8.25
[Rank 0] time (ms) | optimizer_step: 2.50
[Rank 0] time (ms) | fwd_microstep: 54.60 | bwd_microstep: 100.85 | bwd_inner_microstep: 94.63 | bwd_allreduce_microstep: 6.17 | step_microstep: 8.26
[Rank 0] time (ms) | fwd: 54.60 | bwd: 100.86 | bwd_inner: 94.64 | bwd_allreduce: 6.17 | step: 8.26
[Rank 0] time (ms) | optimizer_step: 2.50
[Rank 0] time (ms) | fwd_microstep: 54.47 | bwd_microstep: 100.74 | bwd_inner_microstep: 95.09 | bwd_allreduce_microstep: 5.59 | step_microstep: 8.30
[Rank 0] time (ms) | fwd: 54.46 | bwd: 100.75 | bwd_inner: 95.11 | bwd_allreduce: 5.59 | step: 8.30
[Rank 0] time (ms) | optimizer_step: 2.50
[Rank 0] time (ms) | fwd_microstep: 54.75 | bwd_microstep: 100.42 | bwd_inner_microstep: 94.48 | bwd_allreduce_microstep: 5.91 | step_microstep: 8.27
[Rank 0] time (ms) | fwd: 54.74 | bwd: 100.43 | bwd_inner: 94.48 | bwd_allreduce: 5.91 | step: 8.28
[Rank 1] Step 70: loss=1.7588, time=0.165s, alloc_mem=1.08 GB, peak_mem=3.71 GB
[Rank 0] Step 70: loss=2.5886, time=0.165s, alloc_mem=1.08 GB, peak_mem=3.71 GB
[Rank 0] time (ms) | optimizer_step: 2.49
[Rank 0] time (ms) | fwd_microstep: 54.81 | bwd_microstep: 100.49 | bwd_inner_microstep: 95.00 | bwd_allreduce_microstep: 5.43 | step_microstep: 8.24
[Rank 0] time (ms) | fwd: 54.80 | bwd: 100.50 | bwd_inner: 95.01 | bwd_allreduce: 5.42 | step: 8.24
[Rank 0] time (ms) | optimizer_step: 2.49
[Rank 0] time (ms) | fwd_microstep: 54.74 | bwd_microstep: 100.25 | bwd_inner_microstep: 94.31 | bwd_allreduce_microstep: 5.87 | step_microstep: 8.27
[Rank 0] time (ms) | fwd: 54.73 | bwd: 100.26 | bwd_inner: 94.33 | bwd_allreduce: 5.86 | step: 8.27
[Rank 0] time (ms) | optimizer_step: 2.50
[Rank 0] time (ms) | fwd_microstep: 54.80 | bwd_microstep: 100.46 | bwd_inner_microstep: 94.42 | bwd_allreduce_microstep: 5.98 | step_microstep: 8.27
[Rank 0] time (ms) | fwd: 54.79 | bwd: 100.46 | bwd_inner: 94.43 | bwd_allreduce: 5.96 | step: 8.27
[Rank 0] time (ms) | optimizer_step: 2.50
[Rank 0] time (ms) | fwd_microstep: 54.78 | bwd_microstep: 100.63 | bwd_inner_microstep: 94.54 | bwd_allreduce_microstep: 6.03 | step_microstep: 8.27
[Rank 0] time (ms) | fwd: 54.77 | bwd: 100.64 | bwd_inner: 94.56 | bwd_allreduce: 6.04 | step: 8.27
[Rank 0] time (ms) | optimizer_step: 2.52
[Rank 0] time (ms) | fwd_microstep: 54.81 | bwd_microstep: 100.67 | bwd_inner_microstep: 94.69 | bwd_allreduce_microstep: 5.90 | step_microstep: 8.30
[Rank 0] time (ms) | fwd: 54.80 | bwd: 100.67 | bwd_inner: 94.72 | bwd_allreduce: 5.88 | step: 8.30
[Rank 1] Step 75: loss=2.7984, time=0.165s, alloc_mem=1.08 GB, peak_mem=3.71 GB
[Rank 0] Step 75: loss=3.2669, time=0.165s, alloc_mem=1.08 GB, peak_mem=3.71 GB
[Rank 0] time (ms) | optimizer_step: 2.50
[Rank 0] time (ms) | fwd_microstep: 54.89 | bwd_microstep: 100.98 | bwd_inner_microstep: 94.95 | bwd_allreduce_microstep: 5.96 | step_microstep: 8.31
[Rank 0] time (ms) | fwd: 54.88 | bwd: 100.99 | bwd_inner: 94.96 | bwd_allreduce: 5.96 | step: 8.31
[Rank 0] time (ms) | optimizer_step: 2.50
[Rank 0] time (ms) | fwd_microstep: 54.86 | bwd_microstep: 100.29 | bwd_inner_microstep: 94.58 | bwd_allreduce_microstep: 5.65 | step_microstep: 8.29
[Rank 0] time (ms) | fwd: 54.85 | bwd: 100.29 | bwd_inner: 94.60 | bwd_allreduce: 5.65 | step: 8.29
[Rank 0] time (ms) | optimizer_step: 2.50
[Rank 0] time (ms) | fwd_microstep: 54.59 | bwd_microstep: 100.65 | bwd_inner_microstep: 94.24 | bwd_allreduce_microstep: 6.35 | step_microstep: 8.53
[Rank 0] time (ms) | fwd: 54.58 | bwd: 100.66 | bwd_inner: 94.25 | bwd_allreduce: 6.36 | step: 8.54
[Rank 0] time (ms) | optimizer_step: 2.50
[Rank 0] time (ms) | fwd_microstep: 55.60 | bwd_microstep: 100.50 | bwd_inner_microstep: 94.93 | bwd_allreduce_microstep: 5.49 | step_microstep: 8.30
[Rank 0] time (ms) | fwd: 55.59 | bwd: 100.51 | bwd_inner: 94.95 | bwd_allreduce: 5.49 | step: 8.30
[Rank 0] time (ms) | optimizer_step: 2.49
[Rank 0] time (ms) | fwd_microstep: 54.75 | bwd_microstep: 100.29 | bwd_inner_microstep: 94.34 | bwd_allreduce_microstep: 5.90 | step_microstep: 8.28
[Rank 0] time (ms) | fwd: 54.74 | bwd: 100.30 | bwd_inner: 94.35 | bwd_allreduce: 5.89 | step: 8.28
[Rank 1] Step 80: loss=2.0396, time=0.165s, alloc_mem=1.08 GB, peak_mem=3.71 GB
[Rank 0] Step 80: loss=2.0549, time=0.165s, alloc_mem=1.08 GB, peak_mem=3.71 GB
[Rank 0] time (ms) | optimizer_step: 2.50
[Rank 0] time (ms) | fwd_microstep: 54.41 | bwd_microstep: 100.48 | bwd_inner_microstep: 94.02 | bwd_allreduce_microstep: 6.41 | step_microstep: 8.29
[Rank 0] time (ms) | fwd: 54.40 | bwd: 100.49 | bwd_inner: 94.03 | bwd_allreduce: 6.41 | step: 8.29
[Rank 0] time (ms) | optimizer_step: 2.51
[Rank 0] time (ms) | fwd_microstep: 54.67 | bwd_microstep: 100.62 | bwd_inner_microstep: 94.49 | bwd_allreduce_microstep: 6.07 | step_microstep: 8.29
[Rank 0] time (ms) | fwd: 54.66 | bwd: 100.63 | bwd_inner: 94.51 | bwd_allreduce: 6.07 | step: 8.29
[Rank 0] time (ms) | optimizer_step: 2.49
[Rank 0] time (ms) | fwd_microstep: 54.58 | bwd_microstep: 100.61 | bwd_inner_microstep: 94.06 | bwd_allreduce_microstep: 6.49 | step_microstep: 8.28
[Rank 0] time (ms) | fwd: 54.57 | bwd: 100.62 | bwd_inner: 94.08 | bwd_allreduce: 6.49 | step: 8.28
[Rank 0] time (ms) | optimizer_step: 2.50
[Rank 0] time (ms) | fwd_microstep: 54.86 | bwd_microstep: 102.08 | bwd_inner_microstep: 96.60 | bwd_allreduce_microstep: 5.41 | step_microstep: 8.40
[Rank 0] time (ms) | fwd: 54.85 | bwd: 102.08 | bwd_inner: 96.61 | bwd_allreduce: 5.40 | step: 8.40
[Rank 0] time (ms) | optimizer_step: 2.49
[Rank 0] time (ms) | fwd_microstep: 56.51 | bwd_microstep: 100.99 | bwd_inner_microstep: 95.44 | bwd_allreduce_microstep: 5.47 | step_microstep: 8.27
[Rank 0] time (ms) | fwd: 56.50 | bwd: 101.00 | bwd_inner: 95.46 | bwd_allreduce: 5.46 | step: 8.27
[Rank 1] Step 85: loss=2.3764, time=0.167s, alloc_mem=1.08 GB, peak_mem=3.71 GB
[Rank 0] Step 85: loss=2.4075, time=0.167s, alloc_mem=1.08 GB, peak_mem=3.71 GB
[Rank 0] time (ms) | optimizer_step: 2.50
[Rank 0] time (ms) | fwd_microstep: 54.66 | bwd_microstep: 100.50 | bwd_inner_microstep: 94.96 | bwd_allreduce_microstep: 5.48 | step_microstep: 8.31
[Rank 0] time (ms) | fwd: 54.65 | bwd: 100.51 | bwd_inner: 94.97 | bwd_allreduce: 5.48 | step: 8.31
[Rank 0] time (ms) | optimizer_step: 2.50
[Rank 0] time (ms) | fwd_microstep: 54.80 | bwd_microstep: 100.02 | bwd_inner_microstep: 94.46 | bwd_allreduce_microstep: 5.49 | step_microstep: 8.29
[Rank 0] time (ms) | fwd: 54.79 | bwd: 100.03 | bwd_inner: 94.47 | bwd_allreduce: 5.49 | step: 8.29
[Rank 0] time (ms) | optimizer_step: 2.49
[Rank 0] time (ms) | fwd_microstep: 54.69 | bwd_microstep: 100.29 | bwd_inner_microstep: 94.49 | bwd_allreduce_microstep: 5.74 | step_microstep: 8.29
[Rank 0] time (ms) | fwd: 54.68 | bwd: 100.30 | bwd_inner: 94.51 | bwd_allreduce: 5.74 | step: 8.29
[Rank 0] time (ms) | optimizer_step: 2.51
[Rank 0] time (ms) | fwd_microstep: 55.03 | bwd_microstep: 101.71 | bwd_inner_microstep: 94.14 | bwd_allreduce_microstep: 7.52 | step_microstep: 8.30
[Rank 0] time (ms) | fwd: 55.02 | bwd: 101.72 | bwd_inner: 94.15 | bwd_allreduce: 7.52 | step: 8.30
[Rank 0] time (ms) | optimizer_step: 2.50
[Rank 0] time (ms) | fwd_microstep: 54.82 | bwd_microstep: 100.15 | bwd_inner_microstep: 94.21 | bwd_allreduce_microstep: 5.85 | step_microstep: 8.29
[Rank 0] time (ms) | fwd: 54.81 | bwd: 100.15 | bwd_inner: 94.24 | bwd_allreduce: 5.85 | step: 8.30
[Rank 1] Step 90: loss=2.6160, time=0.164s, alloc_mem=1.08 GB, peak_mem=3.71 GB
[Rank 0] Step 90: loss=1.8660, time=0.165s, alloc_mem=1.08 GB, peak_mem=3.71 GB
[Rank 0] time (ms) | optimizer_step: 2.50
[Rank 0] time (ms) | fwd_microstep: 54.51 | bwd_microstep: 100.36 | bwd_inner_microstep: 94.36 | bwd_allreduce_microstep: 5.94 | step_microstep: 8.28
[Rank 0] time (ms) | fwd: 54.50 | bwd: 100.37 | bwd_inner: 94.38 | bwd_allreduce: 5.92 | step: 8.29
[Rank 0] time (ms) | optimizer_step: 2.48
[Rank 0] time (ms) | fwd_microstep: 54.81 | bwd_microstep: 100.44 | bwd_inner_microstep: 94.16 | bwd_allreduce_microstep: 6.22 | step_microstep: 8.24
[Rank 0] time (ms) | fwd: 54.80 | bwd: 100.45 | bwd_inner: 94.17 | bwd_allreduce: 6.23 | step: 8.24
[Rank 0] time (ms) | optimizer_step: 2.50
[Rank 0] time (ms) | fwd_microstep: 54.76 | bwd_microstep: 100.03 | bwd_inner_microstep: 94.17 | bwd_allreduce_microstep: 5.81 | step_microstep: 8.27
[Rank 0] time (ms) | fwd: 54.75 | bwd: 100.03 | bwd_inner: 94.17 | bwd_allreduce: 5.81 | step: 8.27
[Rank 0] time (ms) | optimizer_step: 2.50
[Rank 0] time (ms) | fwd_microstep: 54.60 | bwd_microstep: 100.19 | bwd_inner_microstep: 94.05 | bwd_allreduce_microstep: 6.09 | step_microstep: 8.26
[Rank 0] time (ms) | fwd: 54.59 | bwd: 100.20 | bwd_inner: 94.06 | bwd_allreduce: 6.09 | step: 8.26
[Rank 0] time (ms) | optimizer_step: 2.51
[Rank 0] time (ms) | fwd_microstep: 54.94 | bwd_microstep: 101.33 | bwd_inner_microstep: 94.04 | bwd_allreduce_microstep: 7.24 | step_microstep: 8.30
[Rank 0] time (ms) | fwd: 54.93 | bwd: 101.34 | bwd_inner: 94.05 | bwd_allreduce: 7.24 | step: 8.30
[Rank 1] Step 95: loss=2.5196, time=0.166s, alloc_mem=1.08 GB, peak_mem=3.71 GB
[Rank 0] Step 95: loss=2.3078, time=0.166s, alloc_mem=1.08 GB, peak_mem=3.71 GB
[Rank 0] time (ms) | optimizer_step: 2.49
[Rank 0] time (ms) | fwd_microstep: 54.96 | bwd_microstep: 100.43 | bwd_inner_microstep: 94.44 | bwd_allreduce_microstep: 5.91 | step_microstep: 8.24
[Rank 0] time (ms) | fwd: 54.95 | bwd: 100.44 | bwd_inner: 94.46 | bwd_allreduce: 5.91 | step: 8.24
[Rank 0] time (ms) | optimizer_step: 2.50
[Rank 0] time (ms) | fwd_microstep: 54.63 | bwd_microstep: 99.96 | bwd_inner_microstep: 94.12 | bwd_allreduce_microstep: 5.79 | step_microstep: 8.25
[Rank 0] time (ms) | fwd: 54.63 | bwd: 99.97 | bwd_inner: 94.14 | bwd_allreduce: 5.79 | step: 8.25
[Rank 0] time (ms) | optimizer_step: 2.51
[Rank 0] time (ms) | fwd_microstep: 54.51 | bwd_microstep: 100.36 | bwd_inner_microstep: 93.84 | bwd_allreduce_microstep: 6.47 | step_microstep: 8.27
[Rank 0] time (ms) | fwd: 54.50 | bwd: 100.37 | bwd_inner: 93.85 | bwd_allreduce: 6.47 | step: 8.27
[Rank 0] time (ms) | optimizer_step: 2.50
[Rank 1] Step 99: loss=2.2163, time=0.165s, alloc_mem=1.08 GB, peak_mem=3.71 GB
[Rank 0] time (ms) | fwd_microstep: 54.65 | bwd_microstep: 100.48 | bwd_inner_microstep: 94.29 | bwd_allreduce_microstep: 6.14 | step_microstep: 9.02
[Rank 0] time (ms) | fwd: 54.65 | bwd: 100.49 | bwd_inner: 94.30 | bwd_allreduce: 6.14 | step: 9.02

============================================================
[Rank 1] FINAL RESULTS
  Config: configs/bf16_full.json
  Model: hidden_dim=1024, num_layers=12
  Parameters: 124,439,808
  Batch size: 8, Seq length: 512
  Average step time: 0.165s
  Peak memory: 3.71 GB
  Final allocated memory: 1.08 GB
============================================================
SUMMARY: config=configs/bf16_full.json batch_size=8 params=124439808 peak_mem_bytes=3985151488 alloc_mem_bytes=1163596288 avg_step_time=0.1649
[Rank 0] Step 99: loss=1.6055, time=0.165s, alloc_mem=1.08 GB, peak_mem=3.71 GB

============================================================
[Rank 0] FINAL RESULTS
  Config: configs/bf16_full.json
  Model: hidden_dim=1024, num_layers=12
  Parameters: 124,439,808
  Batch size: 8, Seq length: 512
  Average step time: 0.165s
  Peak memory: 3.71 GB
  Final allocated memory: 1.08 GB
============================================================
SUMMARY: config=configs/bf16_full.json batch_size=8 params=124439808 peak_mem_bytes=3985151488 alloc_mem_bytes=1163596288 avg_step_time=0.1649
[rank0]:[W123 15:41:03.875926166 ProcessGroupNCCL.cpp:1250] Warning: WARNING: process group has NOT been destroyed before we destruct ProcessGroupNCCL. On normal program exit, the application should call destroy_process_group to ensure that any pending NCCL operations have finished in this process. In rare cases this process can exit before this point and block the progress of another member of the process group. This constraint has always been present,  but this warning has only been added since PyTorch 2.4 (function operator())
[2026-01-23 15:41:05,521] [INFO] [launch.py:367:main] Process 3175139 exits successfully.
[2026-01-23 15:41:05,521] [INFO] [launch.py:367:main] Process 3175140 exits successfully.
