Warning: The cache directory for DeepSpeed Triton autotune, /home/bigyang/.triton/autotune, appears to be on an NFS system. While this is generally acceptable, if you experience slowdowns or hanging when DeepSpeed exits, it is recommended to set the TRITON_CACHE_DIR environment variable to a non-NFS path.
[2026-01-15 16:48:09,949] [WARNING] [runner.py:232:fetch_hostfile] Unable to find hostfile, will proceed with training with local resources only.
Detected VISIBLE_DEVICES=0,1,2,3 but ignoring it because one or several of --include/--exclude/--num_gpus/--num_nodes cl args were used. If you want to use CUDA_VISIBLE_DEVICES don't pass any of these arguments to deepspeed.
[2026-01-15 16:48:09,950] [INFO] [runner.py:630:main] cmd = /home/bigyang/micromamba/envs/ds-hf/bin/python -u -m deepspeed.launcher.launch --world_info=eyJsb2NhbGhvc3QiOiBbMCwgMSwgMiwgM119 --master_addr=127.0.0.1 --master_port=29500 --enable_each_rank_log=None --log_level=info train.py --deepspeed_config configs/bf16_full.json --num_layers 32 --hidden_dim 4096 --num_heads 32 --batch_size 1 --num_steps 1000 --activation_checkpointing --loss_log_file logs/bf16_full_loss.csv --use_real_data --seed 42
Warning: The cache directory for DeepSpeed Triton autotune, /home/bigyang/.triton/autotune, appears to be on an NFS system. While this is generally acceptable, if you experience slowdowns or hanging when DeepSpeed exits, it is recommended to set the TRITON_CACHE_DIR environment variable to a non-NFS path.
[2026-01-15 16:48:14,613] [INFO] [launch.py:162:main] WORLD INFO DICT: {'localhost': [0, 1, 2, 3]}
[2026-01-15 16:48:14,614] [INFO] [launch.py:168:main] nnodes=1, num_local_procs=4, node_rank=0
[2026-01-15 16:48:14,614] [INFO] [launch.py:179:main] global_rank_mapping=defaultdict(<class 'list'>, {'localhost': [0, 1, 2, 3]})
[2026-01-15 16:48:14,614] [INFO] [launch.py:180:main] dist_world_size=4
[2026-01-15 16:48:14,614] [INFO] [launch.py:184:main] Setting CUDA_VISIBLE_DEVICES=0,1,2,3
[2026-01-15 16:48:14,614] [INFO] [launch.py:272:main] process 3483705 spawned with command: ['/home/bigyang/micromamba/envs/ds-hf/bin/python', '-u', 'train.py', '--local_rank=0', '--deepspeed_config', 'configs/bf16_full.json', '--num_layers', '32', '--hidden_dim', '4096', '--num_heads', '32', '--batch_size', '1', '--num_steps', '1000', '--activation_checkpointing', '--loss_log_file', 'logs/bf16_full_loss.csv', '--use_real_data', '--seed', '42']
[2026-01-15 16:48:14,615] [INFO] [launch.py:272:main] process 3483706 spawned with command: ['/home/bigyang/micromamba/envs/ds-hf/bin/python', '-u', 'train.py', '--local_rank=1', '--deepspeed_config', 'configs/bf16_full.json', '--num_layers', '32', '--hidden_dim', '4096', '--num_heads', '32', '--batch_size', '1', '--num_steps', '1000', '--activation_checkpointing', '--loss_log_file', 'logs/bf16_full_loss.csv', '--use_real_data', '--seed', '42']
[2026-01-15 16:48:14,617] [INFO] [launch.py:272:main] process 3483707 spawned with command: ['/home/bigyang/micromamba/envs/ds-hf/bin/python', '-u', 'train.py', '--local_rank=2', '--deepspeed_config', 'configs/bf16_full.json', '--num_layers', '32', '--hidden_dim', '4096', '--num_heads', '32', '--batch_size', '1', '--num_steps', '1000', '--activation_checkpointing', '--loss_log_file', 'logs/bf16_full_loss.csv', '--use_real_data', '--seed', '42']
[2026-01-15 16:48:14,618] [INFO] [launch.py:272:main] process 3483708 spawned with command: ['/home/bigyang/micromamba/envs/ds-hf/bin/python', '-u', 'train.py', '--local_rank=3', '--deepspeed_config', 'configs/bf16_full.json', '--num_layers', '32', '--hidden_dim', '4096', '--num_heads', '32', '--batch_size', '1', '--num_steps', '1000', '--activation_checkpointing', '--loss_log_file', 'logs/bf16_full_loss.csv', '--use_real_data', '--seed', '42']
Warning: The cache directory for DeepSpeed Triton autotune, /home/bigyang/.triton/autotune, appears to be on an NFS system. While this is generally acceptable, if you experience slowdowns or hanging when DeepSpeed exits, it is recommended to set the TRITON_CACHE_DIR environment variable to a non-NFS path.
Warning: The cache directory for DeepSpeed Triton autotune, /home/bigyang/.triton/autotune, appears to be on an NFS system. While this is generally acceptable, if you experience slowdowns or hanging when DeepSpeed exits, it is recommended to set the TRITON_CACHE_DIR environment variable to a non-NFS path.
Warning: The cache directory for DeepSpeed Triton autotune, /home/bigyang/.triton/autotune, appears to be on an NFS system. While this is generally acceptable, if you experience slowdowns or hanging when DeepSpeed exits, it is recommended to set the TRITON_CACHE_DIR environment variable to a non-NFS path.
Warning: The cache directory for DeepSpeed Triton autotune, /home/bigyang/.triton/autotune, appears to be on an NFS system. While this is generally acceptable, if you experience slowdowns or hanging when DeepSpeed exits, it is recommended to set the TRITON_CACHE_DIR environment variable to a non-NFS path.
[Rank 3] Loading wikitext dataset...
[Rank 1] Loading wikitext dataset...
[Rank 0] Loading wikitext dataset...
[Rank 2] Loading wikitext dataset...
[Rank 1] Dataset loaded: 39531 examples, vocab_size=50257
[Rank 2] Dataset loaded: 39531 examples, vocab_size=50257
[Rank 0] Dataset loaded: 39531 examples, vocab_size=50257
[Rank 3] Dataset loaded: 39531 examples, vocab_size=50257
[Rank 1] Creating model with hidden_dim=4096, num_layers=32, num_heads=32, vocab_size=50257
[Rank 3] Creating model with hidden_dim=4096, num_layers=32, num_heads=32, vocab_size=50257
[Rank 2] Creating model with hidden_dim=4096, num_layers=32, num_heads=32, vocab_size=50257
[Rank 0] Creating model with hidden_dim=4096, num_layers=32, num_heads=32, vocab_size=50257
[Rank 3] Model parameters: 6,858,007,633 total, 6,858,007,633 trainable
[Rank 3] Activation checkpointing enabled
[Rank 0] Model parameters: 6,858,007,633 total, 6,858,007,633 trainable
[Rank 0] Activation checkpointing enabled
[Rank 2] Model parameters: 6,858,007,633 total, 6,858,007,633 trainable
[Rank 2] Activation checkpointing enabled
[Rank 1] Model parameters: 6,858,007,633 total, 6,858,007,633 trainable
[Rank 1] Activation checkpointing enabled
[2026-01-15 16:48:59,627] [INFO] [launch.py:335:sigkill_handler] Killing subprocess 3483705
[2026-01-15 16:48:59,844] [INFO] [launch.py:335:sigkill_handler] Killing subprocess 3483706
[2026-01-15 16:49:00,057] [INFO] [launch.py:335:sigkill_handler] Killing subprocess 3483707
[2026-01-15 16:49:00,171] [INFO] [launch.py:335:sigkill_handler] Killing subprocess 3483708
[2026-01-15 16:49:00,171] [ERROR] [launch.py:341:sigkill_handler] ['/home/bigyang/micromamba/envs/ds-hf/bin/python', '-u', 'train.py', '--local_rank=3', '--deepspeed_config', 'configs/bf16_full.json', '--num_layers', '32', '--hidden_dim', '4096', '--num_heads', '32', '--batch_size', '1', '--num_steps', '1000', '--activation_checkpointing', '--loss_log_file', 'logs/bf16_full_loss.csv', '--use_real_data', '--seed', '42'] exits with return code = 1
