Warning: The cache directory for DeepSpeed Triton autotune, /home/bigyang/.triton/autotune, appears to be on an NFS system. While this is generally acceptable, if you experience slowdowns or hanging when DeepSpeed exits, it is recommended to set the TRITON_CACHE_DIR environment variable to a non-NFS path.
[2026-01-21 13:07:11,294] [WARNING] [runner.py:232:fetch_hostfile] Unable to find hostfile, will proceed with training with local resources only.
Detected VISIBLE_DEVICES=0,1 but ignoring it because one or several of --include/--exclude/--num_gpus/--num_nodes cl args were used. If you want to use CUDA_VISIBLE_DEVICES don't pass any of these arguments to deepspeed.
[2026-01-21 13:07:11,294] [INFO] [runner.py:630:main] cmd = /home/bigyang/micromamba/envs/ds-hf/bin/python -u -m deepspeed.launcher.launch --world_info=eyJsb2NhbGhvc3QiOiBbMCwgMV19 --master_addr=127.0.0.1 --master_port=29600 --enable_each_rank_log=None --log_level=info train.py --deepspeed_config configs/baseline.json --num_layers 32 --hidden_dim 4096 --batch_size 16 --seq_length 512 --num_steps 7 --warmup_steps 5 --activation_checkpointing --use_real_data --seed 42
Warning: The cache directory for DeepSpeed Triton autotune, /home/bigyang/.triton/autotune, appears to be on an NFS system. While this is generally acceptable, if you experience slowdowns or hanging when DeepSpeed exits, it is recommended to set the TRITON_CACHE_DIR environment variable to a non-NFS path.
[2026-01-21 13:07:16,868] [INFO] [launch.py:162:main] WORLD INFO DICT: {'localhost': [0, 1]}
[2026-01-21 13:07:16,868] [INFO] [launch.py:168:main] nnodes=1, num_local_procs=2, node_rank=0
[2026-01-21 13:07:16,868] [INFO] [launch.py:179:main] global_rank_mapping=defaultdict(<class 'list'>, {'localhost': [0, 1]})
[2026-01-21 13:07:16,868] [INFO] [launch.py:180:main] dist_world_size=2
[2026-01-21 13:07:16,868] [INFO] [launch.py:184:main] Setting CUDA_VISIBLE_DEVICES=0,1
[2026-01-21 13:07:16,869] [INFO] [launch.py:272:main] process 3255474 spawned with command: ['/home/bigyang/micromamba/envs/ds-hf/bin/python', '-u', 'train.py', '--local_rank=0', '--deepspeed_config', 'configs/baseline.json', '--num_layers', '32', '--hidden_dim', '4096', '--batch_size', '16', '--seq_length', '512', '--num_steps', '7', '--warmup_steps', '5', '--activation_checkpointing', '--use_real_data', '--seed', '42']
[2026-01-21 13:07:16,869] [INFO] [launch.py:272:main] process 3255475 spawned with command: ['/home/bigyang/micromamba/envs/ds-hf/bin/python', '-u', 'train.py', '--local_rank=1', '--deepspeed_config', 'configs/baseline.json', '--num_layers', '32', '--hidden_dim', '4096', '--batch_size', '16', '--seq_length', '512', '--num_steps', '7', '--warmup_steps', '5', '--activation_checkpointing', '--use_real_data', '--seed', '42']
Warning: The cache directory for DeepSpeed Triton autotune, /home/bigyang/.triton/autotune, appears to be on an NFS system. While this is generally acceptable, if you experience slowdowns or hanging when DeepSpeed exits, it is recommended to set the TRITON_CACHE_DIR environment variable to a non-NFS path.
Warning: The cache directory for DeepSpeed Triton autotune, /home/bigyang/.triton/autotune, appears to be on an NFS system. While this is generally acceptable, if you experience slowdowns or hanging when DeepSpeed exits, it is recommended to set the TRITON_CACHE_DIR environment variable to a non-NFS path.
[Rank 1] Loading wikitext dataset...
[Rank 0] Loading wikitext dataset...
[Rank 0] Dataset loaded: 39531 examples, vocab_size=50257
[Rank 0] Creating model with hidden_dim=4096, num_layers=32, num_heads=16, vocab_size=50257
[Rank 1] Dataset loaded: 39531 examples, vocab_size=50257
[Rank 1] Creating model with hidden_dim=4096, num_layers=32, num_heads=16, vocab_size=50257
[Rank 1] Model parameters: 6,858,007,633 total, 6,858,007,633 trainable
[Rank 1] Activation checkpointing enabled
[Rank 0] Model parameters: 6,858,007,633 total, 6,858,007,633 trainable
[Rank 0] Activation checkpointing enabled
/home/bigyang/micromamba/envs/ds-hf/lib/python3.11/site-packages/torch/utils/cpp_extension.py:1964: UserWarning: TORCH_CUDA_ARCH_LIST is not set, all archs for visible cards are included for compilation. 
If this is not desired, please set os.environ['TORCH_CUDA_ARCH_LIST'].
  warnings.warn(
Stage 3 initialize beginning
MA 12.77 GB         Max_MA 12.77 GB         CA 12.79 GB         Max_CA 13 GB 
CPU Virtual Memory:  used = 10.96 GB, percent = 4.4%
DeepSpeedZeRoOffload initialize [begin]
MA 12.77 GB         Max_MA 13.54 GB         CA 13.56 GB         Max_CA 14 GB 
CPU Virtual Memory:  used = 11.03 GB, percent = 4.4%
Parameter Offload - Persistent parameters statistics: param_count = 0, numel = 0
DeepSpeedZeRoOffload initialize [end]
MA 6.39 GB         Max_MA 12.97 GB         CA 13.56 GB         Max_CA 14 GB 
CPU Virtual Memory:  used = 11.03 GB, percent = 4.4%
Before creating fp16 partitions
MA 6.39 GB         Max_MA 6.39 GB         CA 13.56 GB         Max_CA 14 GB 
CPU Virtual Memory:  used = 11.03 GB, percent = 4.4%
After creating fp16 partitions: 4
MA 6.39 GB         Max_MA 6.39 GB         CA 6.39 GB         Max_CA 14 GB 
CPU Virtual Memory:  used = 11.02 GB, percent = 4.4%
Before creating fp32 partitions
MA 6.39 GB         Max_MA 6.39 GB         CA 6.39 GB         Max_CA 6 GB 
CPU Virtual Memory:  used = 11.02 GB, percent = 4.4%
After creating fp32 partitions
MA 19.16 GB         Max_MA 22.92 GB         CA 22.93 GB         Max_CA 23 GB 
CPU Virtual Memory:  used = 11.02 GB, percent = 4.4%
Before initializing optimizer states
MA 19.16 GB         Max_MA 19.16 GB         CA 22.93 GB         Max_CA 23 GB 
CPU Virtual Memory:  used = 11.02 GB, percent = 4.4%
[Rank 0] time (ms) | init_optimizer_state: 0.00
After initializing optimizer states
MA 19.16 GB         Max_MA 22.93 GB         CA 26.7 GB         Max_CA 27 GB 
CPU Virtual Memory:  used = 11.02 GB, percent = 4.4%
[Rank 1] DeepSpeed initialized with config: configs/baseline.json
[Rank 1] Memory after init: allocated=25.64 GB, reserved=33.08 GB
After initializing ZeRO optimizer
MA 25.64 GB         Max_MA 26.41 GB         CA 33.08 GB         Max_CA 33 GB 
CPU Virtual Memory:  used = 11.04 GB, percent = 4.4%
[Rank 0] DeepSpeed initialized with config: configs/baseline.json
[Rank 0] Memory after init: allocated=25.64 GB, reserved=33.08 GB
The loss is : The loss is : tensor(11.0625, device='cuda:1', dtype=torch.bfloat16,
       grad_fn=<NllLossBackward0>)
The loss is in backward : tensor(11.1250, device='cuda:0', dtype=torch.bfloat16,
       grad_fn=<NllLossBackward0>)
The loss is in backward : tensor(11.0625, device='cuda:1', dtype=torch.bfloat16,
       grad_fn=<NllLossBackward0>)
tensor(11.1250, device='cuda:0', dtype=torch.bfloat16,
       grad_fn=<NllLossBackward0>)
DS backward time below 2.5800483226776123
DS backward time below 2.580624580383301
DS backward time 2.6016643047332764
DS backward time 2.6012954711914062
[Rank 0] time (ms) | optimizer_step: 146.95
[Rank 0] time (ms) | fwd_microstep: 1116.51 | bwd_microstep: 2596.25 | bwd_inner_microstep: 2575.80 | bwd_allreduce_microstep: 20.37 | step_microstep: 229.36
[Rank 0] time (ms) | fwd: 1116.49 | bwd: 2596.26 | bwd_inner: 2575.81 | bwd_allreduce: 20.38 | step: 229.35
Step custom time 0.2296924591064453
Step custom time 0.22994351387023926
[Rank 0] Step 0: loss=11.1250, time=4.023s, alloc_mem=51.98 GB, peak_mem=53.49 GB
[Rank 1] Step 0: loss=11.0625, time=4.526s, alloc_mem=51.98 GB, peak_mem=53.49 GB
The loss is : The loss is : tensor(5.8438, device='cuda:1', dtype=torch.bfloat16,
       grad_fn=<NllLossBackward0>)
The loss is in backward : tensor(7.1250, device='cuda:0', dtype=torch.bfloat16,
       grad_fn=<NllLossBackward0>)
The loss is in backward : tensor(5.8438, device='cuda:1', dtype=torch.bfloat16,
       grad_fn=<NllLossBackward0>)
tensor(7.1250, device='cuda:0', dtype=torch.bfloat16,
       grad_fn=<NllLossBackward0>)
DS backward time below 1.79823899269104
DS backward time below 1.8017537593841553
DS backward time 1.8279824256896973DS backward time 1.8276112079620361

[Rank 0] time (ms) | optimizer_step: 131.71
[Rank 0] time (ms) | fwd_microstep: 830.24 | bwd_microstep: 1822.96 | bwd_inner_microstep: 1794.45 | bwd_allreduce_microstep: 28.40 | step_microstep: 186.43
[Rank 0] time (ms) | fwd: 830.24 | bwd: 1822.95 | bwd_inner: 1794.47 | bwd_allreduce: 28.41 | step: 186.44
Step custom time 0.18676519393920898
Step custom time 0.18711161613464355
The loss is : The loss is : tensor(15.6875, device='cuda:1', dtype=torch.bfloat16,
       grad_fn=<NllLossBackward0>)
The loss is in backward : tensor(15.2500, device='cuda:0', dtype=torch.bfloat16,
       grad_fn=<NllLossBackward0>)
The loss is in backward : tensor(15.6875, device='cuda:1', dtype=torch.bfloat16,
       grad_fn=<NllLossBackward0>)
tensor(15.2500, device='cuda:0', dtype=torch.bfloat16,
       grad_fn=<NllLossBackward0>)
DS backward time below 1.804136037826538
DS backward time below 1.8081707954406738
DS backward time 1.8346271514892578
DS backward time 1.8340721130371094
[Rank 0] time (ms) | optimizer_step: 131.70
[Rank 0] time (ms) | fwd_microstep: 820.90 | bwd_microstep: 1829.28 | bwd_inner_microstep: 1800.22 | bwd_allreduce_microstep: 28.96 | step_microstep: 186.40
[Rank 0] time (ms) | fwd: 820.90 | bwd: 1829.27 | bwd_inner: 1800.22 | bwd_allreduce: 28.96 | step: 186.41
Step custom time 0.1866741180419922
Step custom time 0.18706679344177246
The loss is : The loss is : tensor(20.5000, device='cuda:1', dtype=torch.bfloat16,
       grad_fn=<NllLossBackward0>)
The loss is in backward : tensor(18.3750, device='cuda:0', dtype=torch.bfloat16,
       grad_fn=<NllLossBackward0>)
The loss is in backward : tensor(20.5000, device='cuda:1', dtype=torch.bfloat16,
       grad_fn=<NllLossBackward0>)
tensor(18.3750, device='cuda:0', dtype=torch.bfloat16,
       grad_fn=<NllLossBackward0>)
DS backward time below 1.8066473007202148
DS backward time below 1.809363603591919
DS backward time 1.8362689018249512
DS backward time 1.8362386226654053
[Rank 0] time (ms) | optimizer_step: 131.78
[Rank 0] time (ms) | fwd_microstep: 818.57 | bwd_microstep: 1831.74 | bwd_inner_microstep: 1802.97 | bwd_allreduce_microstep: 28.66 | step_microstep: 186.24
Step custom time 0.18657684326171875
[Rank 0] time (ms) | fwd: 818.57 | bwd: 1831.72 | bwd_inner: 1802.96 | bwd_allreduce: 28.66 | step: 186.24
Step custom time 0.18651032447814941
The loss is : The loss is : tensor(4.2500, device='cuda:0', dtype=torch.bfloat16,
       grad_fn=<NllLossBackward0>)
The loss is in backward : tensor(4.2500, device='cuda:0', dtype=torch.bfloat16,
       grad_fn=<NllLossBackward0>)
tensor(4.2188, device='cuda:1', dtype=torch.bfloat16,
       grad_fn=<NllLossBackward0>)
The loss is in backward : tensor(4.2188, device='cuda:1', dtype=torch.bfloat16,
       grad_fn=<NllLossBackward0>)
DS backward time below 1.798708200454712
DS backward time below 1.7976038455963135
DS backward time 1.8254823684692383
DS backward time 1.8240735530853271
[Rank 0] time (ms) | optimizer_step: 131.68
[Rank 0] time (ms) | fwd_microstep: 814.59 | bwd_microstep: 1820.91 | bwd_inner_microstep: 1795.01 | bwd_allreduce_microstep: 25.84 | step_microstep: 186.40
[Rank 0] time (ms) | fwd: 814.58 | bwd: 1820.91 | bwd_inner: 1795.00 | bwd_allreduce: 25.83 | step: 186.40
Step custom time 0.18667101860046387
Step custom time 0.18691325187683105
The loss is : The loss is : tensor(23., device='cuda:1', dtype=torch.bfloat16, grad_fn=<NllLossBackward0>)
The loss is in backward : tensor(22.7500, device='cuda:0', dtype=torch.bfloat16,
       grad_fn=<NllLossBackward0>)
The loss is in backward : tensor(23., device='cuda:1', dtype=torch.bfloat16, grad_fn=<NllLossBackward0>)
tensor(22.7500, device='cuda:0', dtype=torch.bfloat16,
       grad_fn=<NllLossBackward0>)
DS backward time below 1.791067361831665
DS backward time below 1.791839361190796
DS backward time 1.8189976215362549
DS backward time 1.8189003467559814
[Rank 0] time (ms) | optimizer_step: 131.71
[Rank 0] time (ms) | fwd_microstep: 814.35 | bwd_microstep: 1814.33 | bwd_inner_microstep: 1788.18 | bwd_allreduce_microstep: 26.09 | step_microstep: 186.08
[Rank 0] time (ms) | fwd: 814.35 | bwd: 1814.33 | bwd_inner: 1788.18 | bwd_allreduce: 26.09 | step: 186.08
Step custom time 0.18634366989135742
Local>>>>>> step_time: 2.8234941959381104, dataloading_time : 0.001131296157836914,forward_time :0.7627496719360352, backward_time: 1.8732609748840332, optim time :0.18635034561157227
Step custom time 0.18654394149780273
Local>>>>>> step_time: 2.823397636413574, dataloading_time : 0.0008473396301269531,forward_time :0.7625718116760254, backward_time: 1.8734207153320312, optim time :0.1865558624267578
[Rank 0] Step 5: loss=22.7500, time=2.823s, alloc_mem=51.98 GB, peak_mem=58.32 GB
[Rank 1] Step 5: loss=23.0000, time=2.823s, alloc_mem=51.98 GB, peak_mem=58.32 GB
The loss is : The loss is : tensor(18., device='cuda:0', dtype=torch.bfloat16, grad_fn=<NllLossBackward0>)
The loss is in backward : tensor(17.8750, device='cuda:1', dtype=torch.bfloat16,
       grad_fn=<NllLossBackward0>)
The loss is in backward : tensor(18., device='cuda:0', dtype=torch.bfloat16, grad_fn=<NllLossBackward0>)
tensor(17.8750, device='cuda:1', dtype=torch.bfloat16,
       grad_fn=<NllLossBackward0>)
DS backward time below 1.7886507511138916
DS backward time below 1.788700819015503
DS backward time 1.8166053295135498
DS backward time 1.8168258666992188
[Rank 0] time (ms) | optimizer_step: 131.54
[Rank 0] time (ms) | fwd_microstep: 813.68 | bwd_microstep: 1812.35 | bwd_inner_microstep: 1784.96 | bwd_allreduce_microstep: 27.26 | step_microstep: 186.07
[Rank 0] time (ms) | fwd: 813.68 | bwd: 1812.34 | bwd_inner: 1784.97 | bwd_allreduce: 27.25 | step: 186.07
Step custom time 0.18633341789245605
Local>>>>>> step_time: 2.8204050064086914, dataloading_time : 0.0009326934814453125,forward_time :0.7623472213745117, backward_time: 1.8707818984985352, optim time :0.1863408088684082
[Rank 0] Step 6: loss=18.0000, time=2.820s, alloc_mem=51.98 GB, peak_mem=58.32 GB
Step custom time 0.18683409690856934
Local>>>>>> step_time: 2.8207178115844727, dataloading_time : 0.0010139942169189453,forward_time :0.7618255615234375, backward_time: 1.8710296154022217, optim time :0.18684649467468262

============================================================
[Rank 0] FINAL RESULTS
  Config: configs/baseline.json
  Model: hidden_dim=4096, num_layers=32
  Parameters: 6,858,007,633
  Batch size: 16, Seq length: 512
  Average step time: 2.822s
  Peak memory: 58.32 GB
  Final allocated memory: 51.98 GB
============================================================
SUMMARY: config=configs/baseline.json params=6858007633 peak_mem_bytes=62620554752 alloc_mem_bytes=55811230720 avg_step_time=2.8219
[Rank 1] Step 6: loss=17.8750, time=2.821s, alloc_mem=51.98 GB, peak_mem=58.32 GB

============================================================
[Rank 1] FINAL RESULTS
  Config: configs/baseline.json
  Model: hidden_dim=4096, num_layers=32
  Parameters: 6,858,007,633
  Batch size: 16, Seq length: 512
  Average step time: 2.822s
  Peak memory: 58.32 GB
  Final allocated memory: 51.98 GB
============================================================
SUMMARY: config=configs/baseline.json params=6858007633 peak_mem_bytes=62620521984 alloc_mem_bytes=55811230720 avg_step_time=2.8221
[rank0]:[W121 13:08:36.123773148 ProcessGroupNCCL.cpp:1250] Warning: WARNING: process group has NOT been destroyed before we destruct ProcessGroupNCCL. On normal program exit, the application should call destroy_process_group to ensure that any pending NCCL operations have finished in this process. In rare cases this process can exit before this point and block the progress of another member of the process group. This constraint has always been present,  but this warning has only been added since PyTorch 2.4 (function operator())
[2026-01-21 13:08:37,880] [INFO] [launch.py:367:main] Process 3255474 exits successfully.
[2026-01-21 13:08:37,880] [INFO] [launch.py:367:main] Process 3255475 exits successfully.
