Warning: The cache directory for DeepSpeed Triton autotune, /home/bigyang/.triton/autotune, appears to be on an NFS system. While this is generally acceptable, if you experience slowdowns or hanging when DeepSpeed exits, it is recommended to set the TRITON_CACHE_DIR environment variable to a non-NFS path.
[2026-01-21 13:08:48,996] [WARNING] [runner.py:232:fetch_hostfile] Unable to find hostfile, will proceed with training with local resources only.
Detected VISIBLE_DEVICES=0,1 but ignoring it because one or several of --include/--exclude/--num_gpus/--num_nodes cl args were used. If you want to use CUDA_VISIBLE_DEVICES don't pass any of these arguments to deepspeed.
[2026-01-21 13:08:48,997] [INFO] [runner.py:630:main] cmd = /home/bigyang/micromamba/envs/ds-hf/bin/python -u -m deepspeed.launcher.launch --world_info=eyJsb2NhbGhvc3QiOiBbMCwgMV19 --master_addr=127.0.0.1 --master_port=29600 --enable_each_rank_log=None --log_level=info train.py --deepspeed_config configs/bf16_full.json --num_layers 32 --hidden_dim 4096 --batch_size 16 --seq_length 512 --num_steps 7 --warmup_steps 5 --activation_checkpointing --use_real_data --seed 42
Warning: The cache directory for DeepSpeed Triton autotune, /home/bigyang/.triton/autotune, appears to be on an NFS system. While this is generally acceptable, if you experience slowdowns or hanging when DeepSpeed exits, it is recommended to set the TRITON_CACHE_DIR environment variable to a non-NFS path.
[2026-01-21 13:08:55,040] [INFO] [launch.py:162:main] WORLD INFO DICT: {'localhost': [0, 1]}
[2026-01-21 13:08:55,040] [INFO] [launch.py:168:main] nnodes=1, num_local_procs=2, node_rank=0
[2026-01-21 13:08:55,040] [INFO] [launch.py:179:main] global_rank_mapping=defaultdict(<class 'list'>, {'localhost': [0, 1]})
[2026-01-21 13:08:55,040] [INFO] [launch.py:180:main] dist_world_size=2
[2026-01-21 13:08:55,040] [INFO] [launch.py:184:main] Setting CUDA_VISIBLE_DEVICES=0,1
[2026-01-21 13:08:55,041] [INFO] [launch.py:272:main] process 3256038 spawned with command: ['/home/bigyang/micromamba/envs/ds-hf/bin/python', '-u', 'train.py', '--local_rank=0', '--deepspeed_config', 'configs/bf16_full.json', '--num_layers', '32', '--hidden_dim', '4096', '--batch_size', '16', '--seq_length', '512', '--num_steps', '7', '--warmup_steps', '5', '--activation_checkpointing', '--use_real_data', '--seed', '42']
[2026-01-21 13:08:55,041] [INFO] [launch.py:272:main] process 3256039 spawned with command: ['/home/bigyang/micromamba/envs/ds-hf/bin/python', '-u', 'train.py', '--local_rank=1', '--deepspeed_config', 'configs/bf16_full.json', '--num_layers', '32', '--hidden_dim', '4096', '--batch_size', '16', '--seq_length', '512', '--num_steps', '7', '--warmup_steps', '5', '--activation_checkpointing', '--use_real_data', '--seed', '42']
Warning: The cache directory for DeepSpeed Triton autotune, /home/bigyang/.triton/autotune, appears to be on an NFS system. While this is generally acceptable, if you experience slowdowns or hanging when DeepSpeed exits, it is recommended to set the TRITON_CACHE_DIR environment variable to a non-NFS path.
Warning: The cache directory for DeepSpeed Triton autotune, /home/bigyang/.triton/autotune, appears to be on an NFS system. While this is generally acceptable, if you experience slowdowns or hanging when DeepSpeed exits, it is recommended to set the TRITON_CACHE_DIR environment variable to a non-NFS path.
[Rank 1] Loading wikitext dataset...
[Rank 0] Loading wikitext dataset...
[Rank 1] Dataset loaded: 39531 examples, vocab_size=50257
[Rank 1] Creating model with hidden_dim=4096, num_layers=32, num_heads=16, vocab_size=50257
[Rank 0] Dataset loaded: 39531 examples, vocab_size=50257
[Rank 0] Creating model with hidden_dim=4096, num_layers=32, num_heads=16, vocab_size=50257
[Rank 1] Model parameters: 6,858,007,633 total, 6,858,007,633 trainable
[Rank 1] Activation checkpointing enabled
[Rank 0] Model parameters: 6,858,007,633 total, 6,858,007,633 trainable
[Rank 0] Activation checkpointing enabled
/home/bigyang/micromamba/envs/ds-hf/lib/python3.11/site-packages/torch/utils/cpp_extension.py:1964: UserWarning: TORCH_CUDA_ARCH_LIST is not set, all archs for visible cards are included for compilation. 
If this is not desired, please set os.environ['TORCH_CUDA_ARCH_LIST'].
  warnings.warn(
Stage 3 initialize beginning
MA 12.77 GB         Max_MA 12.77 GB         CA 12.79 GB         Max_CA 13 GB 
CPU Virtual Memory:  used = 10.95 GB, percent = 4.4%
DeepSpeedZeRoOffload initialize [begin]
MA 12.77 GB         Max_MA 13.54 GB         CA 13.56 GB         Max_CA 14 GB 
CPU Virtual Memory:  used = 11.02 GB, percent = 4.4%
Parameter Offload - Persistent parameters statistics: param_count = 0, numel = 0
DeepSpeedZeRoOffload initialize [end]
MA 6.39 GB         Max_MA 12.97 GB         CA 13.56 GB         Max_CA 14 GB 
CPU Virtual Memory:  used = 11.02 GB, percent = 4.4%
Before creating fp16 partitions
MA 6.39 GB         Max_MA 6.39 GB         CA 13.56 GB         Max_CA 14 GB 
CPU Virtual Memory:  used = 11.03 GB, percent = 4.4%
After creating fp16 partitions: 4
MA 6.39 GB         Max_MA 6.39 GB         CA 6.39 GB         Max_CA 14 GB 
CPU Virtual Memory:  used = 17.42 GB, percent = 6.9%
Before creating fp32 partitions
MA 6.39 GB         Max_MA 6.39 GB         CA 6.39 GB         Max_CA 6 GB 
CPU Virtual Memory:  used = 11.02 GB, percent = 4.4%
After creating fp32 partitions
MA 12.77 GB         Max_MA 12.77 GB         CA 12.78 GB         Max_CA 13 GB 
CPU Virtual Memory:  used = 11.02 GB, percent = 4.4%
Before initializing optimizer states
MA 12.77 GB         Max_MA 12.77 GB         CA 12.78 GB         Max_CA 13 GB 
CPU Virtual Memory:  used = 11.02 GB, percent = 4.4%
[Rank 0] time (ms) | init_optimizer_state: 0.00
After initializing optimizer states
MA 12.77 GB         Max_MA 14.66 GB         CA 14.67 GB         Max_CA 15 GB 
CPU Virtual Memory:  used = 11.02 GB, percent = 4.4%
[Rank 1] DeepSpeed initialized with config: configs/bf16_full.json
[Rank 1] Memory after init: allocated=19.25 GB, reserved=21.05 GB
After initializing ZeRO optimizer
MA 19.25 GB         Max_MA 20.02 GB         CA 21.05 GB         Max_CA 21 GB 
CPU Virtual Memory:  used = 11.05 GB, percent = 4.4%
[Rank 0] DeepSpeed initialized with config: configs/bf16_full.json
[Rank 0] Memory after init: allocated=19.25 GB, reserved=21.05 GB
The loss is : The loss is : tensor(11.1197, device='cuda:0', grad_fn=<NllLossBackward0>)
The loss is in backward : tensor(11.0807, device='cuda:1', grad_fn=<NllLossBackward0>)
The loss is in backward : tensor(11.1197, device='cuda:0', grad_fn=<NllLossBackward0>)
tensor(11.0807, device='cuda:1', grad_fn=<NllLossBackward0>)
DS backward time below 2.530750274658203
DS backward time below 2.5308449268341064
DS backward time 2.552065372467041
DS backward time 2.551924705505371
[Rank 0] time (ms) | optimizer_step: 98.33
[Rank 0] time (ms) | fwd_microstep: 1122.86 | bwd_microstep: 2544.63 | bwd_inner_microstep: 2524.23 | bwd_allreduce_microstep: 20.29 | step_microstep: 179.88
[Rank 0] time (ms) | fwd: 1122.84 | bwd: 2544.64 | bwd_inner: 2524.25 | bwd_allreduce: 20.29 | step: 179.88
Step custom time 0.18022775650024414
Step custom time 0.1803750991821289
[Rank 0] Step 0: loss=11.1197, time=3.882s, alloc_mem=32.81 GB, peak_mem=33.57 GB
[Rank 1] Step 0: loss=11.0807, time=4.141s, alloc_mem=32.81 GB, peak_mem=33.57 GB
The loss is : The loss is : tensor(7.1194, device='cuda:0', grad_fn=<NllLossBackward0>)
The loss is in backward : tensor(7.1194, device='cuda:0', grad_fn=<NllLossBackward0>)
tensor(5.8515, device='cuda:1', grad_fn=<NllLossBackward0>)
The loss is in backward : tensor(5.8515, device='cuda:1', grad_fn=<NllLossBackward0>)
DS backward time below 1.9496502876281738
DS backward time below 1.9533274173736572
DS backward time 1.9797592163085938
DS backward time 1.9810841083526611
[Rank 0] time (ms) | optimizer_step: 88.07
[Rank 0] time (ms) | fwd_microstep: 884.81 | bwd_microstep: 1973.97 | bwd_inner_microstep: 1943.35 | bwd_allreduce_microstep: 30.53 | step_microstep: 142.76
[Rank 0] time (ms) | fwd: 884.80 | bwd: 1973.97 | bwd_inner: 1943.36 | bwd_allreduce: 30.52 | step: 142.77
Step custom time 0.14308667182922363Step custom time
 0.14323973655700684
The loss is : The loss is : tensor(13.4810, device='cuda:0', grad_fn=<NllLossBackward0>)
The loss is in backward : tensor(13.7699, device='cuda:1', grad_fn=<NllLossBackward0>)
The loss is in backward : tensor(13.4810, device='cuda:0', grad_fn=<NllLossBackward0>)
tensor(13.7699, device='cuda:1', grad_fn=<NllLossBackward0>)
DS backward time below 1.9432470798492432
DS backward time below 1.9467570781707764
DS backward time 1.9733150005340576
DS backward time 1.972813367843628
[Rank 0] time (ms) | optimizer_step: 87.99
[Rank 0] time (ms) | fwd_microstep: 872.12 | bwd_microstep: 1965.80 | bwd_inner_microstep: 1936.63 | bwd_allreduce_microstep: 29.11 | step_microstep: 143.14
[Rank 0] time (ms) | fwd: 872.11 | bwd: 1965.80 | bwd_inner: 1936.64 | bwd_allreduce: 29.12 | step: 143.14
Step custom time 0.14340877532958984
Step custom time 0.1435551643371582
The loss is : The loss is : tensor(15.6932, device='cuda:0', grad_fn=<NllLossBackward0>)
The loss is in backward : tensor(17.4923, device='cuda:1', grad_fn=<NllLossBackward0>)
The loss is in backward : tensor(15.6932, device='cuda:0', grad_fn=<NllLossBackward0>)
tensor(17.4923, device='cuda:1', grad_fn=<NllLossBackward0>)
DS backward time below 1.9409046173095703
DS backward time below 1.9417216777801514
DS backward time 1.9688873291015625
DS backward time 1.9690980911254883
[Rank 0] time (ms) | optimizer_step: 87.98
[Rank 0] time (ms) | fwd_microstep: 875.25 | bwd_microstep: 1961.91 | bwd_inner_microstep: 1934.53 | bwd_allreduce_microstep: 27.33 | step_microstep: 142.48
[Rank 0] time (ms) | fwd: 875.25 | bwd: 1961.92 | bwd_inner: 1934.54 | bwd_allreduce: 27.33 | step: 142.49
Step custom time 0.14275527000427246
Step custom time 0.14283156394958496
The loss is : The loss is : tensor(7.9338, device='cuda:1', grad_fn=<NllLossBackward0>)
The loss is in backward : tensor(7.9354, device='cuda:0', grad_fn=<NllLossBackward0>)
The loss is in backward : tensor(7.9338, device='cuda:1', grad_fn=<NllLossBackward0>)
tensor(7.9354, device='cuda:0', grad_fn=<NllLossBackward0>)
DS backward time below 1.9305365085601807
DS backward time below 1.933356761932373
DS backward time 1.9589133262634277
DS backward time 1.9595017433166504
[Rank 0] time (ms) | optimizer_step: 87.98
[Rank 0] time (ms) | fwd_microstep: 870.45 | bwd_microstep: 1951.67 | bwd_inner_microstep: 1926.89 | bwd_allreduce_microstep: 24.72 | step_microstep: 142.54
Step custom time 0.14275836944580078
[Rank 0] time (ms) | fwd: 870.45 | bwd: 1951.67 | bwd_inner: 1926.91 | bwd_allreduce: 24.72 | step: 142.54
Step custom time 0.14280366897583008
The loss is : The loss is : tensor(9.4208, device='cuda:0', grad_fn=<NllLossBackward0>)
The loss is in backward : tensor(8.8619, device='cuda:1', grad_fn=<NllLossBackward0>)
The loss is in backward : tensor(9.4208, device='cuda:0', grad_fn=<NllLossBackward0>)
tensor(8.8619, device='cuda:1', grad_fn=<NllLossBackward0>)
DS backward time below 1.9350168704986572
DS backward time below 1.9360058307647705
DS backward time 1.9632019996643066
DS backward time 1.96333646774292
[Rank 0] time (ms) | optimizer_step: 87.91
[Rank 0] time (ms) | fwd_microstep: 867.79 | bwd_microstep: 1956.14 | bwd_inner_microstep: 1928.69 | bwd_allreduce_microstep: 27.40 | step_microstep: 144.56
[Rank 0] time (ms) | fwd: 867.78 | bwd: 1956.15 | bwd_inner: 1928.70 | bwd_allreduce: 27.41 | step: 144.57
Step custom time 0.14482831954956055
Local>>>>>> step_time: 2.981862783432007, dataloading_time : 0.0010275840759277344,forward_time :0.8158800601959229, backward_time: 2.02011775970459, optim time :0.1448354721069336
Step custom time 0.1450672149658203
Local>>>>>> step_time: 2.982107162475586, dataloading_time : 0.0008952617645263672,forward_time :0.8158483505249023, backward_time: 2.02028226852417, optim time :0.1450793743133545
[Rank 0] Step 5: loss=9.4208, time=2.982s, alloc_mem=32.81 GB, peak_mem=42.62 GB
[Rank 1] Step 5: loss=8.8619, time=2.982s, alloc_mem=32.81 GB, peak_mem=42.62 GB
The loss is : The loss is : tensor(6.6132, device='cuda:1', grad_fn=<NllLossBackward0>)
The loss is in backward : tensor(6.5183, device='cuda:0', grad_fn=<NllLossBackward0>)
The loss is in backward : tensor(6.6132, device='cuda:1', grad_fn=<NllLossBackward0>)
tensor(6.5183, device='cuda:0', grad_fn=<NllLossBackward0>)
DS backward time below 1.9320178031921387
DS backward time below 1.932239294052124
DS backward time 1.9594957828521729
DS backward time 1.9597711563110352
[Rank 0] time (ms) | optimizer_step: 87.90
[Rank 0] time (ms) | fwd_microstep: 865.20 | bwd_microstep: 1952.27 | bwd_inner_microstep: 1925.90 | bwd_allreduce_microstep: 26.31 | step_microstep: 142.76
[Rank 0] time (ms) | fwd: 865.20 | bwd: 1952.28 | bwd_inner: 1925.91 | bwd_allreduce: 26.31 | step: 142.76
Step custom time 0.14303302764892578
Local>>>>>> step_time: 2.973574161529541, dataloading_time : 0.0008919239044189453,forward_time :0.8134002685546875, backward_time: 2.016240119934082, optim time :0.14304018020629883
Step custom time 0.14308977127075195
Local>>>>>> step_time: 2.9735682010650635, dataloading_time : 0.0010440349578857422,forward_time :0.8126528263092041, backward_time: 2.0167641639709473, optim time :0.14310526847839355
[Rank 0] Step 6: loss=6.5183, time=2.974s, alloc_mem=32.81 GB, peak_mem=42.62 GB

============================================================
[Rank 0] FINAL RESULTS
  Config: configs/bf16_full.json
  Model: hidden_dim=4096, num_layers=32
  Parameters: 6,858,007,633
  Batch size: 16, Seq length: 512
  Average step time: 2.978s
[Rank 1] Step 6: loss=6.6132, time=2.974s, alloc_mem=32.81 GB, peak_mem=42.62 GB
  Peak memory: 42.62 GB
  Final allocated memory: 32.81 GB
============================================================
SUMMARY: config=configs/bf16_full.json params=6858007633 peak_mem_bytes=45767112704 alloc_mem_bytes=35231394304 avg_step_time=2.9777

============================================================
[Rank 1] FINAL RESULTS
  Config: configs/bf16_full.json
  Model: hidden_dim=4096, num_layers=32
  Parameters: 6,858,007,633
  Batch size: 16, Seq length: 512
  Average step time: 2.978s
  Peak memory: 42.62 GB
  Final allocated memory: 32.81 GB
============================================================
SUMMARY: config=configs/bf16_full.json params=6858007633 peak_mem_bytes=45767112704 alloc_mem_bytes=35231394304 avg_step_time=2.9778
[rank0]:[W121 13:10:16.733791188 ProcessGroupNCCL.cpp:1250] Warning: WARNING: process group has NOT been destroyed before we destruct ProcessGroupNCCL. On normal program exit, the application should call destroy_process_group to ensure that any pending NCCL operations have finished in this process. In rare cases this process can exit before this point and block the progress of another member of the process group. This constraint has always been present,  but this warning has only been added since PyTorch 2.4 (function operator())
[2026-01-21 13:10:19,050] [INFO] [launch.py:367:main] Process 3256039 exits successfully.
[2026-01-21 13:10:19,050] [INFO] [launch.py:367:main] Process 3256038 exits successfully.
