Warning: The cache directory for DeepSpeed Triton autotune, /home/bigyang/.triton/autotune, appears to be on an NFS system. While this is generally acceptable, if you experience slowdowns or hanging when DeepSpeed exits, it is recommended to set the TRITON_CACHE_DIR environment variable to a non-NFS path.
[2026-01-21 13:25:31,803] [WARNING] [runner.py:232:fetch_hostfile] Unable to find hostfile, will proceed with training with local resources only.
Detected VISIBLE_DEVICES=0,1 but ignoring it because one or several of --include/--exclude/--num_gpus/--num_nodes cl args were used. If you want to use CUDA_VISIBLE_DEVICES don't pass any of these arguments to deepspeed.
[2026-01-21 13:25:31,804] [INFO] [runner.py:630:main] cmd = /home/bigyang/micromamba/envs/ds-hf/bin/python -u -m deepspeed.launcher.launch --world_info=eyJsb2NhbGhvc3QiOiBbMCwgMV19 --master_addr=127.0.0.1 --master_port=29600 --enable_each_rank_log=None --log_level=info train.py --deepspeed_config configs/bf16_full.json --num_layers 32 --hidden_dim 4096 --batch_size 16 --seq_length 512 --num_steps 7 --warmup_steps 5 --activation_checkpointing --use_real_data --seed 42
Warning: The cache directory for DeepSpeed Triton autotune, /home/bigyang/.triton/autotune, appears to be on an NFS system. While this is generally acceptable, if you experience slowdowns or hanging when DeepSpeed exits, it is recommended to set the TRITON_CACHE_DIR environment variable to a non-NFS path.
[2026-01-21 13:25:37,113] [INFO] [launch.py:162:main] WORLD INFO DICT: {'localhost': [0, 1]}
[2026-01-21 13:25:37,113] [INFO] [launch.py:168:main] nnodes=1, num_local_procs=2, node_rank=0
[2026-01-21 13:25:37,113] [INFO] [launch.py:179:main] global_rank_mapping=defaultdict(<class 'list'>, {'localhost': [0, 1]})
[2026-01-21 13:25:37,113] [INFO] [launch.py:180:main] dist_world_size=2
[2026-01-21 13:25:37,113] [INFO] [launch.py:184:main] Setting CUDA_VISIBLE_DEVICES=0,1
[2026-01-21 13:25:37,114] [INFO] [launch.py:272:main] process 3258935 spawned with command: ['/home/bigyang/micromamba/envs/ds-hf/bin/python', '-u', 'train.py', '--local_rank=0', '--deepspeed_config', 'configs/bf16_full.json', '--num_layers', '32', '--hidden_dim', '4096', '--batch_size', '16', '--seq_length', '512', '--num_steps', '7', '--warmup_steps', '5', '--activation_checkpointing', '--use_real_data', '--seed', '42']
[2026-01-21 13:25:37,114] [INFO] [launch.py:272:main] process 3258936 spawned with command: ['/home/bigyang/micromamba/envs/ds-hf/bin/python', '-u', 'train.py', '--local_rank=1', '--deepspeed_config', 'configs/bf16_full.json', '--num_layers', '32', '--hidden_dim', '4096', '--batch_size', '16', '--seq_length', '512', '--num_steps', '7', '--warmup_steps', '5', '--activation_checkpointing', '--use_real_data', '--seed', '42']
Warning: The cache directory for DeepSpeed Triton autotune, /home/bigyang/.triton/autotune, appears to be on an NFS system. While this is generally acceptable, if you experience slowdowns or hanging when DeepSpeed exits, it is recommended to set the TRITON_CACHE_DIR environment variable to a non-NFS path.
Warning: The cache directory for DeepSpeed Triton autotune, /home/bigyang/.triton/autotune, appears to be on an NFS system. While this is generally acceptable, if you experience slowdowns or hanging when DeepSpeed exits, it is recommended to set the TRITON_CACHE_DIR environment variable to a non-NFS path.
[Rank 1] Loading wikitext dataset...
[Rank 0] Loading wikitext dataset...
Warning: You are sending unauthenticated requests to the HF Hub. Please set a HF_TOKEN to enable higher rate limits and faster downloads.
[Rank 0] Dataset loaded: 39531 examples, vocab_size=50257
[Rank 0] Creating model with hidden_dim=4096, num_layers=32, num_heads=16, vocab_size=50257
[Rank 1] Dataset loaded: 39531 examples, vocab_size=50257
[Rank 1] Creating model with hidden_dim=4096, num_layers=32, num_heads=16, vocab_size=50257
[Rank 0] Model parameters: 6,858,007,633 total, 6,858,007,633 trainable
[Rank 0] Activation checkpointing enabled
[Rank 1] Model parameters: 6,858,007,633 total, 6,858,007,633 trainable
[Rank 1] Activation checkpointing enabled
/home/bigyang/micromamba/envs/ds-hf/lib/python3.11/site-packages/torch/utils/cpp_extension.py:1964: UserWarning: TORCH_CUDA_ARCH_LIST is not set, all archs for visible cards are included for compilation. 
If this is not desired, please set os.environ['TORCH_CUDA_ARCH_LIST'].
  warnings.warn(
Stage 3 initialize beginning
MA 12.77 GB         Max_MA 12.77 GB         CA 12.79 GB         Max_CA 13 GB 
CPU Virtual Memory:  used = 13.02 GB, percent = 5.2%
DeepSpeedZeRoOffload initialize [begin]
MA 12.77 GB         Max_MA 13.54 GB         CA 13.56 GB         Max_CA 14 GB 
CPU Virtual Memory:  used = 13.09 GB, percent = 5.2%
Parameter Offload - Persistent parameters statistics: param_count = 0, numel = 0
DeepSpeedZeRoOffload initialize [end]
MA 6.39 GB         Max_MA 12.97 GB         CA 13.56 GB         Max_CA 14 GB 
CPU Virtual Memory:  used = 13.09 GB, percent = 5.2%
Before creating fp16 partitions
MA 6.39 GB         Max_MA 6.39 GB         CA 13.56 GB         Max_CA 14 GB 
CPU Virtual Memory:  used = 13.09 GB, percent = 5.2%
After creating fp16 partitions: 4
MA 6.39 GB         Max_MA 6.39 GB         CA 6.39 GB         Max_CA 14 GB 
CPU Virtual Memory:  used = 13.09 GB, percent = 5.2%
Before creating fp32 partitions
MA 6.39 GB         Max_MA 6.39 GB         CA 6.39 GB         Max_CA 6 GB 
CPU Virtual Memory:  used = 13.09 GB, percent = 5.2%
After creating fp32 partitions
MA 12.77 GB         Max_MA 12.77 GB         CA 12.78 GB         Max_CA 13 GB 
CPU Virtual Memory:  used = 13.08 GB, percent = 5.2%
Before initializing optimizer states
MA 12.77 GB         Max_MA 12.77 GB         CA 12.78 GB         Max_CA 13 GB 
CPU Virtual Memory:  used = 13.08 GB, percent = 5.2%
[Rank 0] time (ms) | init_optimizer_state: 0.00
After initializing optimizer states
MA 12.77 GB         Max_MA 14.66 GB         CA 14.67 GB         Max_CA 15 GB 
CPU Virtual Memory:  used = 13.08 GB, percent = 5.2%
[Rank 1] DeepSpeed initialized with config: configs/bf16_full.json
[Rank 1] Memory after init: allocated=19.25 GB, reserved=21.05 GB
After initializing ZeRO optimizer
MA 19.25 GB         Max_MA 20.02 GB         CA 21.05 GB         Max_CA 21 GB 
CPU Virtual Memory:  used = 13.1 GB, percent = 5.2%
[Rank 0] DeepSpeed initialized with config: configs/bf16_full.json
[Rank 0] Memory after init: allocated=19.25 GB, reserved=21.05 GB
The loss is in backward : The loss is in backward : tensor(11.1197, device='cuda:0', grad_fn=<NllLossBackward0>)
tensor(11.0807, device='cuda:1', grad_fn=<NllLossBackward0>)
[Rank 0] time (ms) | optimizer_step: 103.44
[Rank 0] time (ms) | fwd_microstep: 1022.48 | bwd_microstep: 2555.55 | bwd_inner_microstep: 2535.18 | bwd_allreduce_microstep: 20.27 | step_microstep: 186.54
[Rank 0] time (ms) | fwd: 1022.47 | bwd: 2555.56 | bwd_inner: 2535.20 | bwd_allreduce: 20.26 | step: 186.54
[Rank 0] Step 0: loss=11.1197, time=4.116s, alloc_mem=32.81 GB, peak_mem=33.57 GB
[Rank 1] Step 0: loss=11.0807, time=4.289s, alloc_mem=32.81 GB, peak_mem=33.57 GB
The loss is in backward : The loss is in backward : tensor(5.8515, device='cuda:1', grad_fn=<NllLossBackward0>)
tensor(7.1194, device='cuda:0', grad_fn=<NllLossBackward0>)
[Rank 0] time (ms) | optimizer_step: 88.07
[Rank 0] time (ms) | fwd_microstep: 876.52 | bwd_microstep: 1961.49 | bwd_inner_microstep: 1936.71 | bwd_allreduce_microstep: 24.71 | step_microstep: 143.02
[Rank 0] time (ms) | fwd: 876.52 | bwd: 1961.49 | bwd_inner: 1936.72 | bwd_allreduce: 24.71 | step: 143.02
The loss is in backward : The loss is in backward : tensor(13.4810, device='cuda:0', grad_fn=<NllLossBackward0>)
tensor(13.7699, device='cuda:1', grad_fn=<NllLossBackward0>)
[Rank 0] time (ms) | optimizer_step: 88.01
[Rank 0] time (ms) | fwd_microstep: 869.15 | bwd_microstep: 1952.39 | bwd_inner_microstep: 1927.21 | bwd_allreduce_microstep: 25.14 | step_microstep: 142.71
[Rank 0] time (ms) | fwd: 869.15 | bwd: 1952.39 | bwd_inner: 1927.20 | bwd_allreduce: 25.14 | step: 142.71
The loss is in backward : The loss is in backward : tensor(17.4923, device='cuda:1', grad_fn=<NllLossBackward0>)
tensor(15.6932, device='cuda:0', grad_fn=<NllLossBackward0>)
[Rank 0] time (ms) | optimizer_step: 87.89
[Rank 0] time (ms) | fwd_microstep: 873.60 | bwd_microstep: 1950.90 | bwd_inner_microstep: 1921.89 | bwd_allreduce_microstep: 28.95 | step_microstep: 142.40
[Rank 0] time (ms) | fwd: 873.59 | bwd: 1950.91 | bwd_inner: 1921.90 | bwd_allreduce: 28.95 | step: 142.40
The loss is in backward : The loss is in backward : tensor(7.9338, device='cuda:1', grad_fn=<NllLossBackward0>)
tensor(7.9354, device='cuda:0', grad_fn=<NllLossBackward0>)
[Rank 0] time (ms) | optimizer_step: 87.92
[Rank 0] time (ms) | fwd_microstep: 867.15 | bwd_microstep: 1956.37 | bwd_inner_microstep: 1930.26 | bwd_allreduce_microstep: 26.00 | step_microstep: 142.66
[Rank 0] time (ms) | fwd: 867.15 | bwd: 1956.37 | bwd_inner: 1930.27 | bwd_allreduce: 26.00 | step: 142.66
The loss is in backward : The loss is in backward : tensor(9.4208, device='cuda:0', grad_fn=<NllLossBackward0>)
tensor(8.8619, device='cuda:1', grad_fn=<NllLossBackward0>)
[Rank 0] time (ms) | optimizer_step: 87.93
[Rank 0] time (ms) | fwd_microstep: 866.92 | bwd_microstep: 1952.65 | bwd_inner_microstep: 1925.29 | bwd_allreduce_microstep: 27.25 | step_microstep: 142.61
[Rank 0] time (ms) | fwd: 866.91 | bwd: 1952.64 | bwd_inner: 1925.32 | bwd_allreduce: 27.25 | step: 142.61
Local>>>>>> step_time: 2.9748103618621826, dataloading_time : 0.0011281967163085938,forward_time :0.8157632350921631, backward_time: 2.015017032623291, optim time :0.1428987979888916
Local>>>>>> step_time: 2.9749600887298584, dataloading_time : 0.0013575553894042969,forward_time :0.8147923946380615, backward_time: 2.0156960487365723, optim time :0.1431102752685547
[Rank 0] Step 5: loss=9.4208, time=2.975s, alloc_mem=32.81 GB, peak_mem=42.62 GB
[Rank 1] Step 5: loss=8.8619, time=2.975s, alloc_mem=32.81 GB, peak_mem=42.62 GB
The loss is in backward : The loss is in backward : tensor(6.5183, device='cuda:0', grad_fn=<NllLossBackward0>)
tensor(6.6132, device='cuda:1', grad_fn=<NllLossBackward0>)
[Rank 0] time (ms) | optimizer_step: 87.96
[Rank 0] time (ms) | fwd_microstep: 866.36 | bwd_microstep: 1951.84 | bwd_inner_microstep: 1925.88 | bwd_allreduce_microstep: 25.86 | step_microstep: 142.54
[Rank 0] time (ms) | fwd: 866.35 | bwd: 1951.84 | bwd_inner: 1925.91 | bwd_allreduce: 25.87 | step: 142.54
Local>>>>>> step_time: 2.9731459617614746, dataloading_time : 0.0010170936584472656,forward_time :0.8150186538696289, backward_time: 2.014296054840088, optim time :0.14281249046325684
[Rank 0] Step 6: loss=6.5183, time=2.973s, alloc_mem=32.81 GB, peak_mem=42.62 GB
Local>>>>>> step_time: 2.97318696975708, dataloading_time : 0.0009746551513671875,forward_time :0.8146519660949707, backward_time: 2.0143942832946777, optim time :0.14316415786743164

============================================================
[Rank 0] FINAL RESULTS
  Config: configs/bf16_full.json
  Model: hidden_dim=4096, num_layers=32
  Parameters: 6,858,007,633
  Batch size: 16, Seq length: 512
  Average step time: 2.974s
  Peak memory: 42.62 GB
  Final allocated memory: 32.81 GB
============================================================
SUMMARY: config=configs/bf16_full.json params=6858007633 peak_mem_bytes=45767202816 alloc_mem_bytes=35231394304 avg_step_time=2.9740
[Rank 1] Step 6: loss=6.6132, time=2.973s, alloc_mem=32.81 GB, peak_mem=42.62 GB

============================================================
[Rank 1] FINAL RESULTS
  Config: configs/bf16_full.json
  Model: hidden_dim=4096, num_layers=32
  Parameters: 6,858,007,633
  Batch size: 16, Seq length: 512
  Average step time: 2.974s
  Peak memory: 42.62 GB
  Final allocated memory: 32.81 GB
============================================================
SUMMARY: config=configs/bf16_full.json params=6858007633 peak_mem_bytes=45767096320 alloc_mem_bytes=35231394304 avg_step_time=2.9741
[rank0]:[W121 13:27:01.113683007 ProcessGroupNCCL.cpp:1250] Warning: WARNING: process group has NOT been destroyed before we destruct ProcessGroupNCCL. On normal program exit, the application should call destroy_process_group to ensure that any pending NCCL operations have finished in this process. In rare cases this process can exit before this point and block the progress of another member of the process group. This constraint has always been present,  but this warning has only been added since PyTorch 2.4 (function operator())
[2026-01-21 13:27:03,125] [INFO] [launch.py:367:main] Process 3258936 exits successfully.
[2026-01-21 13:27:03,125] [INFO] [launch.py:367:main] Process 3258935 exits successfully.
