Warning: The cache directory for DeepSpeed Triton autotune, /home/bigyang/.triton/autotune, appears to be on an NFS system. While this is generally acceptable, if you experience slowdowns or hanging when DeepSpeed exits, it is recommended to set the TRITON_CACHE_DIR environment variable to a non-NFS path.
[2026-02-06 12:08:21,543] [WARNING] [runner.py:232:fetch_hostfile] Unable to find hostfile, will proceed with training with local resources only.
Detected VISIBLE_DEVICES=0,1 but ignoring it because one or several of --include/--exclude/--num_gpus/--num_nodes cl args were used. If you want to use CUDA_VISIBLE_DEVICES don't pass any of these arguments to deepspeed.
[2026-02-06 12:08:21,544] [INFO] [runner.py:630:main] cmd = /home/bigyang/micromamba/envs/ds-hf/bin/python -u -m deepspeed.launcher.launch --world_info=eyJsb2NhbGhvc3QiOiBbMCwgMV19 --master_addr=127.0.0.1 --master_port=29600 --enable_each_rank_log=None --log_level=info train2.py --deepspeed_config configs/baseline.json --loss_log_file logs/baseline_loss.csv --num_layers 12 --hidden_dim 1024 --batch_size 8 --seq_length 512 --num_steps 100 --warmup_steps 5 --activation_checkpointing --use_real_data --seed 42
Warning: The cache directory for DeepSpeed Triton autotune, /home/bigyang/.triton/autotune, appears to be on an NFS system. While this is generally acceptable, if you experience slowdowns or hanging when DeepSpeed exits, it is recommended to set the TRITON_CACHE_DIR environment variable to a non-NFS path.
[2026-02-06 12:08:26,582] [INFO] [launch.py:162:main] WORLD INFO DICT: {'localhost': [0, 1]}
[2026-02-06 12:08:26,582] [INFO] [launch.py:168:main] nnodes=1, num_local_procs=2, node_rank=0
[2026-02-06 12:08:26,582] [INFO] [launch.py:179:main] global_rank_mapping=defaultdict(<class 'list'>, {'localhost': [0, 1]})
[2026-02-06 12:08:26,582] [INFO] [launch.py:180:main] dist_world_size=2
[2026-02-06 12:08:26,582] [INFO] [launch.py:184:main] Setting CUDA_VISIBLE_DEVICES=0,1
[2026-02-06 12:08:26,583] [INFO] [launch.py:272:main] process 1960233 spawned with command: ['/home/bigyang/micromamba/envs/ds-hf/bin/python', '-u', 'train2.py', '--local_rank=0', '--deepspeed_config', 'configs/baseline.json', '--loss_log_file', 'logs/baseline_loss.csv', '--num_layers', '12', '--hidden_dim', '1024', '--batch_size', '8', '--seq_length', '512', '--num_steps', '100', '--warmup_steps', '5', '--activation_checkpointing', '--use_real_data', '--seed', '42']
[2026-02-06 12:08:26,583] [INFO] [launch.py:272:main] process 1960234 spawned with command: ['/home/bigyang/micromamba/envs/ds-hf/bin/python', '-u', 'train2.py', '--local_rank=1', '--deepspeed_config', 'configs/baseline.json', '--loss_log_file', 'logs/baseline_loss.csv', '--num_layers', '12', '--hidden_dim', '1024', '--batch_size', '8', '--seq_length', '512', '--num_steps', '100', '--warmup_steps', '5', '--activation_checkpointing', '--use_real_data', '--seed', '42']
Warning: The cache directory for DeepSpeed Triton autotune, /home/bigyang/.triton/autotune, appears to be on an NFS system. While this is generally acceptable, if you experience slowdowns or hanging when DeepSpeed exits, it is recommended to set the TRITON_CACHE_DIR environment variable to a non-NFS path.
Warning: The cache directory for DeepSpeed Triton autotune, /home/bigyang/.triton/autotune, appears to be on an NFS system. While this is generally acceptable, if you experience slowdowns or hanging when DeepSpeed exits, it is recommended to set the TRITON_CACHE_DIR environment variable to a non-NFS path.
[Rank 0] Loading wikitext dataset...[Rank 1] Loading wikitext dataset...

Warning: You are sending unauthenticated requests to the HF Hub. Please set a HF_TOKEN to enable higher rate limits and faster downloads.
Warning: You are sending unauthenticated requests to the HF Hub. Please set a HF_TOKEN to enable higher rate limits and faster downloads.
[Rank 0] Dataset loaded: 39531 examples, vocab_size=50257
[Rank 1] Dataset loaded: 39531 examples, vocab_size=50257
[Rank 0] Creating model with hidden_dim=1024, num_layers=12, num_heads=16, vocab_size=50257
[Rank 1] Creating model with hidden_dim=1024, num_layers=12, num_heads=16, vocab_size=50257
[Rank 0] Model parameters: 254,655,569 total, 254,655,569 trainable
[Rank 0] Activation checkpointing enabled
[Rank 1] Model parameters: 254,655,569 total, 254,655,569 trainable
[Rank 1] Activation checkpointing enabled
/home/bigyang/micromamba/envs/ds-hf/lib/python3.11/site-packages/torch/utils/cpp_extension.py:1964: UserWarning: TORCH_CUDA_ARCH_LIST is not set, all archs for visible cards are included for compilation. 
If this is not desired, please set os.environ['TORCH_CUDA_ARCH_LIST'].
  warnings.warn(
Stage 3 initialize beginning
MA 0.95 GB         Max_MA 0.95 GB         CA 0.96 GB         Max_CA 1 GB 
CPU Virtual Memory:  used = 10.4 GB, percent = 4.1%
DeepSpeedZeRoOffload initialize [begin]
MA 0.95 GB         Max_MA 0.95 GB         CA 0.96 GB         Max_CA 1 GB 
CPU Virtual Memory:  used = 10.48 GB, percent = 4.2%
Parameter Offload - Persistent parameters statistics: param_count = 0, numel = 0
DeepSpeedZeRoOffload initialize [end]
MA 0.47 GB         Max_MA 1.04 GB         CA 1.06 GB         Max_CA 1 GB 
CPU Virtual Memory:  used = 10.48 GB, percent = 4.2%
Before creating fp16 partitions
MA 0.47 GB         Max_MA 0.47 GB         CA 1.06 GB         Max_CA 1 GB 
CPU Virtual Memory:  used = 10.49 GB, percent = 4.2%
After creating fp16 partitions: 1
MA 0.47 GB         Max_MA 0.47 GB         CA 0.48 GB         Max_CA 1 GB 
CPU Virtual Memory:  used = 10.96 GB, percent = 4.4%
Before creating fp32 partitions
MA 0.47 GB         Max_MA 0.47 GB         CA 0.48 GB         Max_CA 0 GB 
CPU Virtual Memory:  used = 10.49 GB, percent = 4.2%
After creating fp32 partitions
MA 0.95 GB         Max_MA 0.95 GB         CA 0.95 GB         Max_CA 1 GB 
CPU Virtual Memory:  used = 10.49 GB, percent = 4.2%
Before initializing optimizer states
MA 0.95 GB         Max_MA 0.95 GB         CA 0.95 GB         Max_CA 1 GB 
CPU Virtual Memory:  used = 10.49 GB, percent = 4.2%
[Rank 0] time (ms) | init_optimizer_state: 0.00
After initializing optimizer states
MA 0.95 GB         Max_MA 1.42 GB         CA 1.43 GB         Max_CA 1 GB 
CPU Virtual Memory:  used = 10.49 GB, percent = 4.2%
[Rank 1] DeepSpeed initialized with config: configs/baseline.json
[Rank 1] Memory after init: allocated=1.61 GB, reserved=2.09 GB
After initializing ZeRO optimizer
MA 1.61 GB         Max_MA 1.99 GB         CA 2.09 GB         Max_CA 2 GB 
CPU Virtual Memory:  used = 10.52 GB, percent = 4.2%
[Rank 0] DeepSpeed initialized with config: configs/baseline.json
[Rank 0] Memory after init: allocated=1.61 GB, reserved=2.09 GB
[Rank 0] time (ms) | optimizer_step: 8.51
[Rank 0] time (ms) | fwd_microstep: 412.14 | bwd_microstep: 447.37 | bwd_inner_microstep: 436.34 | bwd_allreduce_microstep: 10.93 | step_microstep: 150.13
[Rank 0] time (ms) | fwd: 412.13 | bwd: 447.38 | bwd_inner: 436.37 | bwd_allreduce: 10.93 | step: 150.13
[Rank 0] Step 0: loss=11.5666, time=1.361s, alloc_mem=3.34 GB, peak_mem=5.08 GB
[Rank 1] Step 0: loss=11.4826, time=1.569s, alloc_mem=3.34 GB, peak_mem=5.08 GB
[Rank 0] time (ms) | optimizer_step: 5.01
[Rank 0] time (ms) | fwd_microstep: 201.19 | bwd_microstep: 340.09 | bwd_inner_microstep: 325.09 | bwd_allreduce_microstep: 14.92 | step_microstep: 10.65
[Rank 0] time (ms) | fwd: 201.18 | bwd: 340.09 | bwd_inner: 325.11 | bwd_allreduce: 14.92 | step: 10.65
[Rank 0] time (ms) | optimizer_step: 5.01
[Rank 0] time (ms) | fwd_microstep: 134.15 | bwd_microstep: 337.55 | bwd_inner_microstep: 326.09 | bwd_allreduce_microstep: 11.38 | step_microstep: 11.00
[Rank 0] time (ms) | fwd: 134.14 | bwd: 337.55 | bwd_inner: 326.12 | bwd_allreduce: 11.38 | step: 11.00
[Rank 0] time (ms) | optimizer_step: 5.02
[Rank 0] time (ms) | fwd_microstep: 135.78 | bwd_microstep: 337.24 | bwd_inner_microstep: 326.28 | bwd_allreduce_microstep: 10.88 | step_microstep: 11.04
[Rank 0] time (ms) | fwd: 135.77 | bwd: 337.25 | bwd_inner: 326.30 | bwd_allreduce: 10.89 | step: 11.04
[Rank 0] time (ms) | optimizer_step: 4.97
[Rank 0] time (ms) | fwd_microstep: 135.10 | bwd_microstep: 337.38 | bwd_inner_microstep: 325.90 | bwd_allreduce_microstep: 11.42 | step_microstep: 10.76
[Rank 0] time (ms) | fwd: 135.09 | bwd: 337.38 | bwd_inner: 325.92 | bwd_allreduce: 11.42 | step: 10.76
[Rank 0] time (ms) | optimizer_step: 5.28
[Rank 0] time (ms) | fwd_microstep: 135.32 | bwd_microstep: 338.00 | bwd_inner_microstep: 326.89 | bwd_allreduce_microstep: 11.05 | step_microstep: 13.26
[Rank 0] time (ms) | fwd: 135.31 | bwd: 338.02 | bwd_inner: 326.91 | bwd_allreduce: 11.05 | step: 13.26
Local>>>>>> step_time: 0.5300226211547852, dataloading_time : 0.0017101764678955078,forward_time :0.1028292179107666, backward_time: 0.4118814468383789, optim time :0.013598203659057617
Local>>>>>> step_time: 0.49342966079711914, dataloading_time : 0.0012226104736328125,forward_time :0.0666348934173584, backward_time: 0.4118514060974121, optim time :0.013718605041503906
[Rank 1] Step 5: loss=3.0587, time=0.530s, alloc_mem=3.34 GB, peak_mem=6.80 GB
[Rank 0] Step 5: loss=3.7744, time=0.493s, alloc_mem=3.34 GB, peak_mem=6.80 GB
[Rank 0] time (ms) | optimizer_step: 5.25
[Rank 0] time (ms) | fwd_microstep: 134.76 | bwd_microstep: 337.12 | bwd_inner_microstep: 325.81 | bwd_allreduce_microstep: 11.24 | step_microstep: 14.48
Local>>>>>> step_time: 0.4927399158477783, dataloading_time : 0.0013170242309570312,forward_time :0.06597232818603516, backward_time: 0.41074419021606445, optim time :0.014703989028930664
[Rank 0] time (ms) | fwd: 134.75 | bwd: 337.13 | bwd_inner: 325.82 | bwd_allreduce: 11.24 | step: 14.48
Local>>>>>> step_time: 0.49277520179748535, dataloading_time : 0.0009355545043945312,forward_time :0.06643176078796387, backward_time: 0.410477876663208, optim time :0.014927864074707031
[Rank 0] time (ms) | optimizer_step: 5.24
[Rank 0] time (ms) | fwd_microstep: 135.06 | bwd_microstep: 337.07 | bwd_inner_microstep: 325.57 | bwd_allreduce_microstep: 11.43 | step_microstep: 13.06
[Rank 0] time (ms) | fwd: 135.05 | bwd: 337.08 | bwd_inner: 325.59 | bwd_allreduce: 11.43 | step: 13.06
Local>>>>>> step_time: 0.49172425270080566, dataloading_time : 0.0008656978607177734,forward_time :0.06623458862304688, backward_time: 0.4111621379852295, optim time :0.013460159301757812
Local>>>>>> step_time: 0.4916112422943115, dataloading_time : 0.0009131431579589844,forward_time :0.06592130661010742, backward_time: 0.41126203536987305, optim time :0.01351308822631836
[Rank 0] time (ms) | optimizer_step: 5.25
[Rank 0] time (ms) | fwd_microstep: 134.96 | bwd_microstep: 337.59 | bwd_inner_microstep: 324.08 | bwd_allreduce_microstep: 13.44 | step_microstep: 14.31
[Rank 0] time (ms) | fwd: 134.95 | bwd: 337.60 | bwd_inner: 324.10 | bwd_allreduce: 13.44 | step: 14.32
Local>>>>>> step_time: 0.49310851097106934, dataloading_time : 0.0008351802825927734,forward_time :0.06498861312866211, backward_time: 0.41264796257019043, optim time :0.014634370803833008
Local>>>>>> step_time: 0.49312925338745117, dataloading_time : 0.0008029937744140625,forward_time :0.06517720222473145, backward_time: 0.4124002456665039, optim time :0.014747381210327148
[Rank 0] time (ms) | optimizer_step: 5.24
[Rank 0] time (ms) | fwd_microstep: 134.83 | bwd_microstep: 337.43 | bwd_inner_microstep: 325.69 | bwd_allreduce_microstep: 11.67 | step_microstep: 13.40
[Rank 0] time (ms) | fwd: 134.82 | bwd: 337.44 | bwd_inner: 325.71 | bwd_allreduce: 11.67 | step: 13.40
Local>>>>>> step_time: 0.49646806716918945, dataloading_time : 0.0008156299591064453,forward_time :0.06676363945007324, backward_time: 0.41084909439086914, optim time :0.018037796020507812
Local>>>>>> step_time: 0.49646854400634766, dataloading_time : 0.0008485317230224609,forward_time :0.0663442611694336, backward_time: 0.4109671115875244, optim time :0.01830601692199707
[Rank 0] time (ms) | optimizer_step: 7.16
Local>>>>>> step_time: 0.5115966796875, dataloading_time : 0.006335258483886719,forward_time :0.10077667236328125, backward_time: 0.38221049308776855, optim time :0.022237300872802734
[Rank 0] time (ms) | fwd_microstep: 139.45 | bwd_microstep: 338.25 | bwd_inner_microstep: 327.72 | bwd_allreduce_microstep: 10.38 | step_microstep: 21.53
[Rank 0] time (ms) | fwd: 139.43 | bwd: 338.27 | bwd_inner: 327.77 | bwd_allreduce: 10.40 | step: 21.53
Local>>>>>> step_time: 0.5121526718139648, dataloading_time : 0.006305694580078125,forward_time :0.10059785842895508, backward_time: 0.3826460838317871, optim time :0.02256011962890625
[Rank 1] Step 10: loss=3.2814, time=0.512s, alloc_mem=3.34 GB, peak_mem=6.80 GB
[Rank 0] Step 10: loss=3.3329, time=0.512s, alloc_mem=3.34 GB, peak_mem=6.80 GB
[Rank 0] time (ms) | optimizer_step: 7.11
Local>>>>>> step_time: 0.5029647350311279, dataloading_time : 0.0012640953063964844,forward_time :0.09610509872436523, backward_time: 0.38419127464294434, optim time :0.021401166915893555
[Rank 0] time (ms) | fwd_microstep: 135.77 | bwd_microstep: 338.24 | bwd_inner_microstep: 326.92 | bwd_allreduce_microstep: 11.18 | step_microstep: 21.36
[Rank 0] time (ms) | fwd: 135.75 | bwd: 338.26 | bwd_inner: 326.95 | bwd_allreduce: 11.18 | step: 21.37
Local>>>>>> step_time: 0.5031278133392334, dataloading_time : 0.0017802715301513672,forward_time :0.09317517280578613, backward_time: 0.3860018253326416, optim time :0.02216792106628418
[Rank 0] time (ms) | optimizer_step: 7.09
[Rank 0] time (ms) | fwd_microstep: 134.67 | bwd_microstep: 339.86 | bwd_inner_microstep: 326.31 | bwd_allreduce_microstep: 13.42 | step_microstep: 20.78
[Rank 0] time (ms) | fwd: 134.65 | bwd: 339.89 | bwd_inner: 326.34 | bwd_allreduce: 13.42 | step: 20.79
Local>>>>>> step_time: 0.5032057762145996, dataloading_time : 0.001405954360961914,forward_time :0.09324955940246582, backward_time: 0.38704395294189453, optim time :0.021503210067749023
Local>>>>>> step_time: 0.5024888515472412, dataloading_time : 0.0012285709381103516,forward_time :0.09362268447875977, backward_time: 0.38607192039489746, optim time :0.02156209945678711
[Rank 0] time (ms) | optimizer_step: 7.03
[Rank 0] time (ms) | fwd_microstep: 136.28 | bwd_microstep: 338.62 | bwd_inner_microstep: 326.40 | bwd_allreduce_microstep: 12.08 | step_microstep: 20.80
[Rank 0] time (ms) | fwd: 136.25 | bwd: 338.64 | bwd_inner: 326.44 | bwd_allreduce: 12.09 | step: 20.80
Local>>>>>> step_time: 0.5028674602508545, dataloading_time : 0.0012366771697998047,forward_time :0.09447240829467773, backward_time: 0.385561466217041, optim time :0.02159261703491211
Local>>>>>> step_time: 0.5040533542633057, dataloading_time : 0.0011703968048095703,forward_time :0.09380006790161133, backward_time: 0.3863034248352051, optim time :0.02277684211730957
[Rank 0] time (ms) | optimizer_step: 7.10
Local>>>>>> step_time: 0.5024809837341309, dataloading_time : 0.0011599063873291016,forward_time :0.09333920478820801, backward_time: 0.3863258361816406, optim time :0.0216524600982666
[Rank 0] time (ms) | fwd_microstep: 137.81 | bwd_microstep: 337.71 | bwd_inner_microstep: 327.16 | bwd_allreduce_microstep: 10.35 | step_microstep: 21.06
[Rank 0] time (ms) | fwd: 137.78 | bwd: 337.73 | bwd_inner: 327.20 | bwd_allreduce: 10.31 | step: 21.07
Local>>>>>> step_time: 0.5042133331298828, dataloading_time : 0.0013821125030517578,forward_time :0.0949411392211914, backward_time: 0.3858819007873535, optim time :0.022005081176757812
[Rank 0] time (ms) | optimizer_step: 7.09
[Rank 0] time (ms) | fwd_microstep: 135.15 | bwd_microstep: 337.40 | bwd_inner_microstep: 326.31 | bwd_allreduce_microstep: 10.95 | step_microstep: 20.93
[Rank 0] time (ms) | fwd: 135.12 | bwd: 337.42 | bwd_inner: 326.34 | bwd_allreduce: 10.96 | step: 20.94
Local>>>>>> step_time: 12.984932661056519, dataloading_time : 0.0014390945434570312,forward_time :0.0947122573852539, backward_time: 0.3830568790435791, optim time :12.50571894645691
[Rank 0] Step 15: loss=2.8544, time=12.985s, alloc_mem=3.34 GB, peak_mem=6.80 GB
Local>>>>>> step_time: 13.066917181015015, dataloading_time : 0.001222372055053711,forward_time :0.09316039085388184, backward_time: 0.38538193702697754, optim time :12.587148904800415
[Rank 1] Step 15: loss=2.4455, time=13.067s, alloc_mem=3.34 GB, peak_mem=6.80 GB
[Rank 0] time (ms) | optimizer_step: 5.19
Local>>>>>> step_time: 0.49045801162719727, dataloading_time : 0.0017251968383789062,forward_time :0.0668492317199707, backward_time: 0.40914416313171387, optim time :0.012737751007080078
[Rank 0] time (ms) | fwd_microstep: 215.38 | bwd_microstep: 336.50 | bwd_inner_microstep: 325.29 | bwd_allreduce_microstep: 11.14 | step_microstep: 12.61
[Rank 0] time (ms) | fwd: 215.36 | bwd: 336.51 | bwd_inner: 325.32 | bwd_allreduce: 11.14 | step: 12.61
Local>>>>>> step_time: 0.5720767974853516, dataloading_time : 0.0018236637115478516,forward_time :0.1480236053466797, backward_time: 0.40918588638305664, optim time :0.013041973114013672
[Rank 0] time (ms) | optimizer_step: 5.13
[Rank 0] time (ms) | fwd_microstep: 133.92 | bwd_microstep: 335.37 | bwd_inner_microstep: 323.52 | bwd_allreduce_microstep: 11.79 | step_microstep: 12.20
[Rank 0] time (ms) | fwd: 133.91 | bwd: 335.38 | bwd_inner: 323.53 | bwd_allreduce: 11.80 | step: 12.20
Local>>>>>> step_time: 0.4881594181060791, dataloading_time : 0.0009086132049560547,forward_time :0.06237220764160156, backward_time: 0.41231727600097656, optim time :0.01255941390991211
Local>>>>>> step_time: 0.48792409896850586, dataloading_time : 0.001001119613647461,forward_time :0.06211209297180176, backward_time: 0.41219639778137207, optim time :0.012612342834472656
[Rank 0] time (ms) | optimizer_step: 5.12
[Rank 0] time (ms) | fwd_microstep: 134.03 | bwd_microstep: 335.84 | bwd_inner_microstep: 322.16 | bwd_allreduce_microstep: 13.63 | step_microstep: 12.14
[Rank 0] time (ms) | fwd: 134.02 | bwd: 335.85 | bwd_inner: 322.17 | bwd_allreduce: 13.63 | step: 12.14
Local>>>>>> step_time: 0.48830151557922363, dataloading_time : 0.0008852481842041016,forward_time :0.0622251033782959, backward_time: 0.4127233028411865, optim time :0.0124664306640625
Local>>>>>> step_time: 0.48831605911254883, dataloading_time : 0.0008540153503417969,forward_time :0.062334299087524414, backward_time: 0.41256260871887207, optim time :0.012563467025756836
[Rank 0] time (ms) | optimizer_step: 5.17
[Rank 0] time (ms) | fwd_microstep: 134.36 | bwd_microstep: 335.23 | bwd_inner_microstep: 323.88 | bwd_allreduce_microstep: 11.26 | step_microstep: 12.16
Local>>>>>> step_time: 0.4880502223968506, dataloading_time : 0.0008308887481689453,forward_time :0.06378579139709473, backward_time: 0.4109647274017334, optim time :0.012467145919799805
[Rank 0] time (ms) | fwd: 134.35 | bwd: 335.24 | bwd_inner: 323.90 | bwd_allreduce: 11.25 | step: 12.16
Local>>>>>> step_time: 0.48807835578918457, dataloading_time : 0.0008864402770996094,forward_time :0.0625925064086914, backward_time: 0.4120328426361084, optim time :0.012564897537231445
[Rank 0] time (ms) | optimizer_step: 5.12
[Rank 0] time (ms) | fwd_microstep: 133.82 | bwd_microstep: 336.45 | bwd_inner_microstep: 323.60 | bwd_allreduce_microstep: 12.78 | step_microstep: 12.11
[Rank 0] time (ms) | fwd: 133.80 | bwd: 336.46 | bwd_inner: 323.62 | bwd_allreduce: 12.79 | step: 12.11
Local>>>>>> step_time: 0.48880887031555176, dataloading_time : 0.0008237361907958984,forward_time :0.06101870536804199, backward_time: 0.4144906997680664, optim time :0.012474775314331055
Local>>>>>> step_time: 0.48873233795166016, dataloading_time : 0.0009191036224365234,forward_time :0.06215023994445801, backward_time: 0.41315293312072754, optim time :0.012508392333984375
[Rank 1] Step 20: loss=3.0256, time=0.489s, alloc_mem=3.34 GB, peak_mem=6.80 GB
[Rank 0] Step 20: loss=2.1943, time=0.489s, alloc_mem=3.34 GB, peak_mem=6.80 GB
[Rank 0] time (ms) | optimizer_step: 5.13
[Rank 0] time (ms) | fwd_microstep: 134.44 | bwd_microstep: 335.80 | bwd_inner_microstep: 324.48 | bwd_allreduce_microstep: 11.25 | step_microstep: 12.14
[Rank 0] time (ms) | fwd: 134.43 | bwd: 335.81 | bwd_inner: 324.49 | bwd_allreduce: 11.24 | step: 12.14
Local>>>>>> step_time: 0.4886491298675537, dataloading_time : 0.0008561611175537109,forward_time :0.06213784217834473, backward_time: 0.4131300449371338, optim time :0.012523651123046875
Local>>>>>> step_time: 0.48868894577026367, dataloading_time : 0.0008747577667236328,forward_time :0.06234288215637207, backward_time: 0.4129037857055664, optim time :0.012565851211547852
[Rank 0] time (ms) | optimizer_step: 5.14
[Rank 0] time (ms) | fwd_microstep: 134.37 | bwd_microstep: 336.42 | bwd_inner_microstep: 323.89 | bwd_allreduce_microstep: 12.46 | step_microstep: 12.13
[Rank 0] time (ms) | fwd: 134.36 | bwd: 336.43 | bwd_inner: 323.90 | bwd_allreduce: 12.47 | step: 12.13
Local>>>>>> step_time: 0.48923158645629883, dataloading_time : 0.0008728504180908203,forward_time :0.062418460845947266, backward_time: 0.4134683609008789, optim time :0.012470722198486328
Local>>>>>> step_time: 0.48923778533935547, dataloading_time : 0.0008935928344726562,forward_time :0.06256580352783203, backward_time: 0.41324543952941895, optim time :0.012531280517578125
[Rank 0] time (ms) | optimizer_step: 5.12
[Rank 0] time (ms) | fwd_microstep: 134.50 | bwd_microstep: 336.89 | bwd_inner_microstep: 324.34 | bwd_allreduce_microstep: 12.47 | step_microstep: 12.11
[Rank 0] time (ms) | fwd: 134.49 | bwd: 336.90 | bwd_inner: 324.36 | bwd_allreduce: 12.47 | step: 12.11
Local>>>>>> step_time: 0.4897940158843994, dataloading_time : 0.0008599758148193359,forward_time :0.06191086769104004, backward_time: 0.41454291343688965, optim time :0.01247859001159668
Local>>>>>> step_time: 0.48977136611938477, dataloading_time : 0.0008280277252197266,forward_time :0.06217670440673828, backward_time: 0.4142584800720215, optim time :0.012506961822509766
[Rank 0] time (ms) | optimizer_step: 5.13
[Rank 0] time (ms) | fwd_microstep: 134.07 | bwd_microstep: 337.00 | bwd_inner_microstep: 323.69 | bwd_allreduce_microstep: 13.25 | step_microstep: 12.15
[Rank 0] time (ms) | fwd: 134.06 | bwd: 337.01 | bwd_inner: 323.72 | bwd_allreduce: 13.26 | step: 12.15
Local>>>>>> step_time: 0.4894869327545166, dataloading_time : 0.0008449554443359375,forward_time :0.06139421463012695, backward_time: 0.4147622585296631, optim time :0.012483835220336914
Local>>>>>> step_time: 0.48952555656433105, dataloading_time : 0.0008752346038818359,forward_time :0.06233358383178711, backward_time: 0.41376495361328125, optim time :0.012550115585327148
[Rank 0] time (ms) | optimizer_step: 5.11
[Rank 0] time (ms) | fwd_microstep: 133.61 | bwd_microstep: 337.61 | bwd_inner_microstep: 322.69 | bwd_allreduce_microstep: 14.83 | step_microstep: 12.12
[Rank 0] time (ms) | fwd: 133.60 | bwd: 337.62 | bwd_inner: 322.71 | bwd_allreduce: 14.84 | step: 12.12
Local>>>>>> step_time: 0.48964619636535645, dataloading_time : 0.0008549690246582031,forward_time :0.06231093406677246, backward_time: 0.41398191452026367, optim time :0.0124969482421875
Local>>>>>> step_time: 0.48965001106262207, dataloading_time : 0.0008764266967773438,forward_time :0.062470197677612305, backward_time: 0.41376757621765137, optim time :0.012534379959106445
[Rank 1] Step 25: loss=1.8400, time=0.490s, alloc_mem=3.34 GB, peak_mem=6.80 GB
[Rank 0] Step 25: loss=1.3219, time=0.490s, alloc_mem=3.34 GB, peak_mem=6.80 GB
[Rank 0] time (ms) | optimizer_step: 5.13
[Rank 0] time (ms) | fwd_microstep: 134.38 | bwd_microstep: 335.86 | bwd_inner_microstep: 323.02 | bwd_allreduce_microstep: 12.77 | step_microstep: 12.14
[Rank 0] time (ms) | fwd: 134.37 | bwd: 335.87 | bwd_inner: 323.04 | bwd_allreduce: 12.78 | step: 12.14
Local>>>>>> step_time: 0.4886667728424072, dataloading_time : 0.0008363723754882812,forward_time :0.06130337715148926, backward_time: 0.4140198230743408, optim time :0.012505531311035156
Local>>>>>> step_time: 0.4886653423309326, dataloading_time : 0.0008547306060791016,forward_time :0.0625147819519043, backward_time: 0.4127640724182129, optim time :0.012529850006103516
[Rank 0] time (ms) | optimizer_step: 5.15
[Rank 0] time (ms) | fwd_microstep: 134.45 | bwd_microstep: 336.47 | bwd_inner_microstep: 323.92 | bwd_allreduce_microstep: 12.49 | step_microstep: 12.15
[Rank 0] time (ms) | fwd: 134.44 | bwd: 336.48 | bwd_inner: 323.94 | bwd_allreduce: 12.49 | step: 12.15
Local>>>>>> step_time: 0.48934412002563477, dataloading_time : 0.0008604526519775391,forward_time :0.06185412406921387, backward_time: 0.41412925720214844, optim time :0.012498855590820312
Local>>>>>> step_time: 0.48937416076660156, dataloading_time : 0.0008676052093505859,forward_time :0.06208229064941406, backward_time: 0.41386914253234863, optim time :0.012553691864013672
[Rank 0] time (ms) | optimizer_step: 5.13
[Rank 0] time (ms) | fwd_microstep: 134.77 | bwd_microstep: 336.31 | bwd_inner_microstep: 325.09 | bwd_allreduce_microstep: 11.12 | step_microstep: 12.11
[Rank 0] time (ms) | fwd: 134.75 | bwd: 336.31 | bwd_inner: 325.12 | bwd_allreduce: 11.12 | step: 12.11
Local>>>>>> step_time: 0.48949408531188965, dataloading_time : 0.0008172988891601562,forward_time :0.06218075752258301, backward_time: 0.4140005111694336, optim time :0.012494087219238281
Local>>>>>> step_time: 0.4894587993621826, dataloading_time : 0.0008461475372314453,forward_time :0.06280875205993652, backward_time: 0.4132966995239258, optim time :0.01250600814819336
[Rank 0] time (ms) | optimizer_step: 5.12
[Rank 0] time (ms) | fwd_microstep: 133.58 | bwd_microstep: 336.09 | bwd_inner_microstep: 324.65 | bwd_allreduce_microstep: 11.38 | step_microstep: 12.16
[Rank 0] time (ms) | fwd: 133.57 | bwd: 336.10 | bwd_inner: 324.67 | bwd_allreduce: 11.38 | step: 12.16
Local>>>>>> step_time: 0.4880802631378174, dataloading_time : 0.0008363723754882812,forward_time :0.06222248077392578, backward_time: 0.412522554397583, optim time :0.012497425079345703
Local>>>>>> step_time: 0.4881322383880615, dataloading_time : 0.000865936279296875,forward_time :0.062097787857055664, backward_time: 0.4125950336456299, optim time :0.012572050094604492
[Rank 0] time (ms) | optimizer_step: 5.14
[Rank 0] time (ms) | fwd_microstep: 134.93 | bwd_microstep: 337.03 | bwd_inner_microstep: 323.36 | bwd_allreduce_microstep: 13.62 | step_microstep: 12.15
[Rank 0] time (ms) | fwd: 134.92 | bwd: 337.04 | bwd_inner: 323.37 | bwd_allreduce: 13.62 | step: 12.15
Local>>>>>> step_time: 0.49040842056274414, dataloading_time : 0.0008225440979003906,forward_time :0.06220746040344238, backward_time: 0.41486501693725586, optim time :0.012511730194091797
Local>>>>>> step_time: 0.4903857707977295, dataloading_time : 0.0008552074432373047,forward_time :0.06172442436218262, backward_time: 0.4152543544769287, optim time :0.012550830841064453
[Rank 1] Step 30: loss=1.7331, time=0.490s, alloc_mem=3.34 GB, peak_mem=6.80 GB
[Rank 0] Step 30: loss=1.7027, time=0.490s, alloc_mem=3.34 GB, peak_mem=6.80 GB
[Rank 0] time (ms) | optimizer_step: 5.14
[Rank 0] time (ms) | fwd_microstep: 134.27 | bwd_microstep: 336.97 | bwd_inner_microstep: 323.66 | bwd_allreduce_microstep: 13.24 | step_microstep: 12.13
[Rank 0] time (ms) | fwd: 134.26 | bwd: 336.98 | bwd_inner: 323.67 | bwd_allreduce: 13.24 | step: 12.13
Local>>>>>> step_time: 0.4896690845489502, dataloading_time : 0.0008480548858642578,forward_time :0.06248021125793457, backward_time: 0.41387939453125, optim time :0.012459754943847656
Local>>>>>> step_time: 0.4897000789642334, dataloading_time : 0.0008871555328369141,forward_time :0.062361717224121094, backward_time: 0.4139130115509033, optim time :0.01253652572631836
[Rank 0] time (ms) | optimizer_step: 5.16
[Rank 0] time (ms) | fwd_microstep: 135.01 | bwd_microstep: 336.37 | bwd_inner_microstep: 324.92 | bwd_allreduce_microstep: 11.38 | step_microstep: 12.18
[Rank 0] time (ms) | fwd: 135.00 | bwd: 336.38 | bwd_inner: 324.94 | bwd_allreduce: 11.38 | step: 12.18
Local>>>>>> step_time: 0.4898364543914795, dataloading_time : 0.0008590221405029297,forward_time :0.06204795837402344, backward_time: 0.41443657875061035, optim time :0.012490987777709961
Local>>>>>> step_time: 0.4898512363433838, dataloading_time : 0.0008697509765625,forward_time :0.060730934143066406, backward_time: 0.4156670570373535, optim time :0.012581348419189453
[Rank 0] time (ms) | optimizer_step: 5.13
[Rank 0] time (ms) | fwd_microstep: 134.41 | bwd_microstep: 337.77 | bwd_inner_microstep: 325.32 | bwd_allreduce_microstep: 12.39 | step_microstep: 12.19
[Rank 0] time (ms) | fwd: 134.40 | bwd: 337.78 | bwd_inner: 325.34 | bwd_allreduce: 12.39 | step: 12.19
Local>>>>>> step_time: 0.490710973739624, dataloading_time : 0.0008337497711181641,forward_time :0.0623781681060791, backward_time: 0.41494202613830566, optim time :0.012555360794067383
Local>>>>>> step_time: 0.4906735420227051, dataloading_time : 0.0008535385131835938,forward_time :0.06049966812133789, backward_time: 0.4167337417602539, optim time :0.012585163116455078
[Rank 0] time (ms) | optimizer_step: 5.13
[Rank 0] time (ms) | fwd_microstep: 134.29 | bwd_microstep: 337.53 | bwd_inner_microstep: 323.94 | bwd_allreduce_microstep: 13.53 | step_microstep: 12.15
[Rank 0] time (ms) | fwd: 134.28 | bwd: 337.54 | bwd_inner: 323.95 | bwd_allreduce: 13.53 | step: 12.16
Local>>>>>> step_time: 0.49025774002075195, dataloading_time : 0.0008749961853027344,forward_time :0.062329769134521484, backward_time: 0.41452836990356445, optim time :0.01252293586730957
Local>>>>>> step_time: 0.4902763366699219, dataloading_time : 0.0008738040924072266,forward_time :0.06254816055297852, backward_time: 0.414292573928833, optim time :0.012560129165649414
[Rank 0] time (ms) | optimizer_step: 5.12
[Rank 0] time (ms) | fwd_microstep: 134.58 | bwd_microstep: 337.55 | bwd_inner_microstep: 324.72 | bwd_allreduce_microstep: 12.78 | step_microstep: 12.09
[Rank 0] time (ms) | fwd: 134.56 | bwd: 337.56 | bwd_inner: 324.73 | bwd_allreduce: 12.78 | step: 12.10
Local>>>>>> step_time: 0.4905362129211426, dataloading_time : 0.0009431838989257812,forward_time :0.06207728385925293, backward_time: 0.4150545597076416, optim time :0.012459278106689453
Local>>>>>> step_time: 0.49051475524902344, dataloading_time : 0.0008654594421386719,forward_time :0.0623774528503418, backward_time: 0.41477441787719727, optim time :0.012495994567871094
[Rank 1] Step 35: loss=1.7370, time=0.491s, alloc_mem=3.34 GB, peak_mem=6.80 GB
[Rank 0] Step 35: loss=1.3368, time=0.491s, alloc_mem=3.34 GB, peak_mem=6.80 GB
[Rank 0] time (ms) | optimizer_step: 5.15
[Rank 0] time (ms) | fwd_microstep: 134.66 | bwd_microstep: 338.48 | bwd_inner_microstep: 324.04 | bwd_allreduce_microstep: 14.36 | step_microstep: 12.20
[Rank 0] time (ms) | fwd: 134.64 | bwd: 338.48 | bwd_inner: 324.07 | bwd_allreduce: 14.37 | step: 12.20
Local>>>>>> step_time: 0.4915626049041748, dataloading_time : 0.0008337497711181641,forward_time :0.06155037879943848, backward_time: 0.416670560836792, optim time :0.012506246566772461
Local>>>>>> step_time: 0.49161839485168457, dataloading_time : 0.0008413791656494141,forward_time :0.06273508071899414, backward_time: 0.415435791015625, optim time :0.012604475021362305
[Rank 0] time (ms) | optimizer_step: 5.13
[Rank 0] time (ms) | fwd_microstep: 134.18 | bwd_microstep: 337.94 | bwd_inner_microstep: 324.80 | bwd_allreduce_microstep: 13.07 | step_microstep: 12.13
[Rank 0] time (ms) | fwd: 134.16 | bwd: 337.95 | bwd_inner: 324.82 | bwd_allreduce: 13.07 | step: 12.13
Local>>>>>> step_time: 0.49054813385009766, dataloading_time : 0.0008172988891601562,forward_time :0.06241631507873535, backward_time: 0.4148097038269043, optim time :0.012503385543823242
Local>>>>>> step_time: 0.49053144454956055, dataloading_time : 0.0008530616760253906,forward_time :0.062337398529052734, backward_time: 0.4147958755493164, optim time :0.012543916702270508
[Rank 0] time (ms) | optimizer_step: 5.13
[Rank 0] time (ms) | fwd_microstep: 136.65 | bwd_microstep: 336.38 | bwd_inner_microstep: 324.81 | bwd_allreduce_microstep: 11.49 | step_microstep: 12.12
[Rank 0] time (ms) | fwd: 136.63 | bwd: 336.39 | bwd_inner: 324.84 | bwd_allreduce: 11.49 | step: 12.13
Local>>>>>> step_time: 0.49141955375671387, dataloading_time : 0.0008580684661865234,forward_time :0.06429433822631836, backward_time: 0.4137425422668457, optim time :0.01252293586730957
Local>>>>>> step_time: 0.4914689064025879, dataloading_time : 0.000858306884765625,forward_time :0.0610966682434082, backward_time: 0.41699719429016113, optim time :0.012515068054199219
[Rank 0] time (ms) | optimizer_step: 5.14
[Rank 0] time (ms) | fwd_microstep: 134.48 | bwd_microstep: 336.37 | bwd_inner_microstep: 324.75 | bwd_allreduce_microstep: 11.54 | step_microstep: 12.16
[Rank 0] time (ms) | fwd: 134.47 | bwd: 336.38 | bwd_inner: 324.77 | bwd_allreduce: 11.54 | step: 12.16
Local>>>>>> step_time: 0.48922061920166016, dataloading_time : 0.0008413791656494141,forward_time :0.06196260452270508, backward_time: 0.4139430522918701, optim time :0.012471914291381836
Local>>>>>> step_time: 0.4893033504486084, dataloading_time : 0.0008606910705566406,forward_time :0.06235980987548828, backward_time: 0.41351866722106934, optim time :0.012562751770019531
[Rank 0] time (ms) | optimizer_step: 5.14
[Rank 0] time (ms) | fwd_microstep: 134.88 | bwd_microstep: 336.80 | bwd_inner_microstep: 323.74 | bwd_allreduce_microstep: 12.98 | step_microstep: 12.15
[Rank 0] time (ms) | fwd: 134.87 | bwd: 336.81 | bwd_inner: 323.76 | bwd_allreduce: 12.98 | step: 12.16
Local>>>>>> step_time: 0.49012279510498047, dataloading_time : 0.0008418560028076172,forward_time :0.06194305419921875, backward_time: 0.4148373603820801, optim time :0.012499094009399414
Local>>>>>> step_time: 0.4901127815246582, dataloading_time : 0.000850677490234375,forward_time :0.0627903938293457, backward_time: 0.4139087200164795, optim time :0.012561321258544922
[Rank 1] Step 40: loss=1.2596, time=0.490s, alloc_mem=3.34 GB, peak_mem=6.80 GB
[Rank 0] Step 40: loss=1.4982, time=0.490s, alloc_mem=3.34 GB, peak_mem=6.80 GB
[Rank 0] time (ms) | optimizer_step: 5.14
[Rank 0] time (ms) | fwd_microstep: 134.28 | bwd_microstep: 337.76 | bwd_inner_microstep: 326.00 | bwd_allreduce_microstep: 11.69 | step_microstep: 12.15
[Rank 0] time (ms) | fwd: 134.27 | bwd: 337.77 | bwd_inner: 326.01 | bwd_allreduce: 11.70 | step: 12.14
Local>>>>>> step_time: 0.490490198135376, dataloading_time : 0.0008268356323242188,forward_time :0.06140255928039551, backward_time: 0.4157536029815674, optim time :0.012505054473876953
Local>>>>>> step_time: 0.49045705795288086, dataloading_time : 0.0008578300476074219,forward_time :0.062013864517211914, backward_time: 0.4150390625, optim time :0.012544393539428711
[Rank 0] time (ms) | optimizer_step: 5.13
[Rank 0] time (ms) | fwd_microstep: 134.65 | bwd_microstep: 336.23 | bwd_inner_microstep: 324.86 | bwd_allreduce_microstep: 11.31 | step_microstep: 12.15
[Rank 0] time (ms) | fwd: 134.64 | bwd: 336.24 | bwd_inner: 324.88 | bwd_allreduce: 11.31 | step: 12.15
Local>>>>>> step_time: 0.4893016815185547, dataloading_time : 0.0009019374847412109,forward_time :0.06122779846191406, backward_time: 0.41466760635375977, optim time :0.012502908706665039
Local>>>>>> step_time: 0.4893321990966797, dataloading_time : 0.0008845329284667969,forward_time :0.06241202354431152, backward_time: 0.4134845733642578, optim time :0.01254892349243164
[Rank 0] time (ms) | optimizer_step: 5.15
[Rank 0] time (ms) | fwd_microstep: 135.02 | bwd_microstep: 337.03 | bwd_inner_microstep: 325.33 | bwd_allreduce_microstep: 11.61 | step_microstep: 12.18
[Rank 0] time (ms) | fwd: 135.00 | bwd: 337.04 | bwd_inner: 325.37 | bwd_allreduce: 11.61 | step: 12.18
Local>>>>>> step_time: 0.4905107021331787, dataloading_time : 0.0008432865142822266,forward_time :0.061955928802490234, backward_time: 0.4152066707611084, optim time :0.01250314712524414
Local>>>>>> step_time: 0.49053287506103516, dataloading_time : 0.0008602142333984375,forward_time :0.062193870544433594, backward_time: 0.4148879051208496, optim time :0.012589693069458008
[Rank 0] time (ms) | optimizer_step: 5.14
[Rank 0] time (ms) | fwd_microstep: 135.20 | bwd_microstep: 337.33 | bwd_inner_microstep: 325.55 | bwd_allreduce_microstep: 11.72 | step_microstep: 12.19
[Rank 0] time (ms) | fwd: 135.18 | bwd: 337.34 | bwd_inner: 325.57 | bwd_allreduce: 11.72 | step: 12.19
Local>>>>>> step_time: 0.49097490310668945, dataloading_time : 0.0008409023284912109,forward_time :0.062067270278930664, backward_time: 0.4155232906341553, optim time :0.012541770935058594
Local>>>>>> step_time: 0.49097323417663574, dataloading_time : 0.0008459091186523438,forward_time :0.06253337860107422, backward_time: 0.4150047302246094, optim time :0.012587308883666992
[Rank 0] time (ms) | optimizer_step: 5.16
[Rank 0] time (ms) | fwd_microstep: 134.74 | bwd_microstep: 338.61 | bwd_inner_microstep: 327.55 | bwd_allreduce_microstep: 10.98 | step_microstep: 12.16
[Rank 0] time (ms) | fwd: 134.73 | bwd: 338.61 | bwd_inner: 327.58 | bwd_allreduce: 10.98 | step: 12.16
Local>>>>>> step_time: 0.4918067455291748, dataloading_time : 0.0008304119110107422,forward_time :0.06149578094482422, backward_time: 0.4169948101043701, optim time :0.012484312057495117
Local>>>>>> step_time: 0.4918224811553955, dataloading_time : 0.0008730888366699219,forward_time :0.062273263931274414, backward_time: 0.41610193252563477, optim time :0.012572765350341797
[Rank 1] Step 45: loss=1.3135, time=0.492s, alloc_mem=3.34 GB, peak_mem=6.80 GB
[Rank 0] Step 45: loss=1.9970, time=0.492s, alloc_mem=3.34 GB, peak_mem=6.80 GB
[Rank 0] time (ms) | optimizer_step: 5.13
[Rank 0] time (ms) | fwd_microstep: 134.70 | bwd_microstep: 338.99 | bwd_inner_microstep: 327.23 | bwd_allreduce_microstep: 11.70 | step_microstep: 12.15
[Rank 0] time (ms) | fwd: 134.69 | bwd: 338.99 | bwd_inner: 327.24 | bwd_allreduce: 11.70 | step: 12.15
Local>>>>>> step_time: 0.4921698570251465, dataloading_time : 0.0008206367492675781,forward_time :0.06239151954650879, backward_time: 0.41643762588500977, optim time :0.01251840591430664
Local>>>>>> step_time: 0.49214911460876465, dataloading_time : 0.0008704662322998047,forward_time :0.06242680549621582, backward_time: 0.41628026962280273, optim time :0.012569904327392578
[Rank 0] time (ms) | optimizer_step: 5.13
[Rank 0] time (ms) | fwd_microstep: 134.37 | bwd_microstep: 338.89 | bwd_inner_microstep: 325.20 | bwd_allreduce_microstep: 13.62 | step_microstep: 12.14
[Rank 0] time (ms) | fwd: 134.36 | bwd: 338.90 | bwd_inner: 325.22 | bwd_allreduce: 13.62 | step: 12.14
Local>>>>>> step_time: 0.49172472953796387, dataloading_time : 0.0008292198181152344,forward_time :0.06209111213684082, backward_time: 0.41629600524902344, optim time :0.012506723403930664
Local>>>>>> step_time: 0.49170947074890137, dataloading_time : 0.0008821487426757812,forward_time :0.06220555305480957, backward_time: 0.41608357429504395, optim time :0.012536287307739258
[Rank 0] time (ms) | optimizer_step: 5.15
[Rank 0] time (ms) | fwd_microstep: 134.97 | bwd_microstep: 337.44 | bwd_inner_microstep: 326.34 | bwd_allreduce_microstep: 11.03 | step_microstep: 12.49
Local>>>>>> step_time: 0.49111294746398926, dataloading_time : 0.0008685588836669922,forward_time :0.06261968612670898, backward_time: 0.41478538513183594, optim time :0.012837648391723633
[Rank 0] time (ms) | fwd: 134.95 | bwd: 337.45 | bwd_inner: 326.36 | bwd_allreduce: 11.03 | step: 12.49
Local>>>>>> step_time: 0.4912376403808594, dataloading_time : 0.0008740425109863281,forward_time :0.06238603591918945, backward_time: 0.41506528854370117, optim time :0.012910127639770508
[Rank 0] time (ms) | optimizer_step: 5.14
[Rank 0] time (ms) | fwd_microstep: 135.17 | bwd_microstep: 338.13 | bwd_inner_microstep: 326.96 | bwd_allreduce_microstep: 11.10 | step_microstep: 12.17
Local>>>>>> step_time: 0.4918961524963379, dataloading_time : 0.0008292198181152344,forward_time :0.06231427192687988, backward_time: 0.41628289222717285, optim time :0.012468099594116211
[Rank 0] time (ms) | fwd: 135.16 | bwd: 338.14 | bwd_inner: 326.97 | bwd_allreduce: 11.11 | step: 12.17
Local>>>>>> step_time: 0.49185800552368164, dataloading_time : 0.0009195804595947266,forward_time :0.06459236145019531, backward_time: 0.41376447677612305, optim time :0.012579917907714844
[Rank 0] time (ms) | optimizer_step: 5.12
[Rank 0] time (ms) | fwd_microstep: 134.21 | bwd_microstep: 337.48 | bwd_inner_microstep: 324.94 | bwd_allreduce_microstep: 12.46 | step_microstep: 12.12
[Rank 0] time (ms) | fwd: 134.20 | bwd: 337.49 | bwd_inner: 324.97 | bwd_allreduce: 12.46 | step: 12.12
Local>>>>>> step_time: 0.49015212059020996, dataloading_time : 0.0008702278137207031,forward_time :0.062099456787109375, backward_time: 0.414691686630249, optim time :0.012489080429077148
Local>>>>>> step_time: 0.49010634422302246, dataloading_time : 0.000865936279296875,forward_time :0.0623934268951416, backward_time: 0.4143214225769043, optim time :0.01252436637878418
[Rank 1] Step 50: loss=2.3487, time=0.490s, alloc_mem=3.34 GB, peak_mem=6.80 GB
[Rank 0] Step 50: loss=1.2243, time=0.490s, alloc_mem=3.34 GB, peak_mem=6.80 GB
[Rank 0] time (ms) | optimizer_step: 5.12
[Rank 0] time (ms) | fwd_microstep: 134.68 | bwd_microstep: 339.58 | bwd_inner_microstep: 328.21 | bwd_allreduce_microstep: 11.31 | step_microstep: 12.11
[Rank 0] time (ms) | fwd: 134.67 | bwd: 339.59 | bwd_inner: 328.22 | bwd_allreduce: 11.31 | step: 12.11
Local>>>>>> step_time: 0.49268126487731934, dataloading_time : 0.0008425712585449219,forward_time :0.06228947639465332, backward_time: 0.4170849323272705, optim time :0.012462854385375977
Local>>>>>> step_time: 0.492661714553833, dataloading_time : 0.0008578300476074219,forward_time :0.06265568733215332, backward_time: 0.41663360595703125, optim time :0.012512922286987305
[Rank 0] time (ms) | optimizer_step: 5.13
[Rank 0] time (ms) | fwd_microstep: 135.06 | bwd_microstep: 338.06 | bwd_inner_microstep: 326.84 | bwd_allreduce_microstep: 11.14 | step_microstep: 12.30
Local>>>>>> step_time: 0.4916260242462158, dataloading_time : 0.0008494853973388672,forward_time :0.062226057052612305, backward_time: 0.41590285301208496, optim time :0.012646198272705078
[Rank 0] time (ms) | fwd: 135.05 | bwd: 338.06 | bwd_inner: 326.87 | bwd_allreduce: 11.15 | step: 12.30
Local>>>>>> step_time: 0.49176549911499023, dataloading_time : 0.0008449554443359375,forward_time :0.062340497970581055, backward_time: 0.415834903717041, optim time :0.012743949890136719
[Rank 0] time (ms) | optimizer_step: 5.14
[Rank 0] time (ms) | fwd_microstep: 135.21 | bwd_microstep: 337.74 | bwd_inner_microstep: 324.88 | bwd_allreduce_microstep: 12.79 | step_microstep: 12.12
[Rank 0] time (ms) | fwd: 135.19 | bwd: 337.75 | bwd_inner: 324.91 | bwd_allreduce: 12.80 | step: 12.12
Local>>>>>> step_time: 0.49175357818603516, dataloading_time : 0.0008931159973144531,forward_time :0.06318020820617676, backward_time: 0.4151749610900879, optim time :0.012503862380981445
Local>>>>>> step_time: 0.4916231632232666, dataloading_time : 0.0011212825775146484,forward_time :0.061455726623535156, backward_time: 0.4165310859680176, optim time :0.012514114379882812
[Rank 0] time (ms) | optimizer_step: 5.11
[Rank 0] time (ms) | fwd_microstep: 134.92 | bwd_microstep: 338.99 | bwd_inner_microstep: 326.32 | bwd_allreduce_microstep: 12.59 | step_microstep: 12.09
[Rank 0] time (ms) | fwd: 134.91 | bwd: 339.00 | bwd_inner: 326.34 | bwd_allreduce: 12.58 | step: 12.09
Local>>>>>> step_time: 0.49226856231689453, dataloading_time : 0.0008502006530761719,forward_time :0.05942726135253906, backward_time: 0.41949915885925293, optim time :0.012490510940551758
Local>>>>>> step_time: 0.49228668212890625, dataloading_time : 0.0008203983306884766,forward_time :0.06235933303833008, backward_time: 0.416642427444458, optim time :0.012462377548217773
[Rank 0] time (ms) | optimizer_step: 5.13
[Rank 0] time (ms) | fwd_microstep: 135.64 | bwd_microstep: 337.47 | bwd_inner_microstep: 325.28 | bwd_allreduce_microstep: 12.12 | step_microstep: 12.12
[Rank 0] time (ms) | fwd: 135.62 | bwd: 337.48 | bwd_inner: 325.30 | bwd_allreduce: 12.13 | step: 12.11
Local>>>>>> step_time: 0.4913785457611084, dataloading_time : 0.00072479248046875,forward_time :0.06238532066345215, backward_time: 0.4158165454864502, optim time :0.012450218200683594
Local>>>>>> step_time: 0.4914364814758301, dataloading_time : 0.0007898807525634766,forward_time :0.06147956848144531, backward_time: 0.41664743423461914, optim time :0.012517929077148438
[Rank 1] Step 55: loss=1.8108, time=0.491s, alloc_mem=3.34 GB, peak_mem=6.80 GB
[Rank 0] Step 55: loss=1.0272, time=0.491s, alloc_mem=3.34 GB, peak_mem=6.80 GB
[Rank 0] time (ms) | optimizer_step: 5.13
[Rank 0] time (ms) | fwd_microstep: 134.86 | bwd_microstep: 338.02 | bwd_inner_microstep: 326.70 | bwd_allreduce_microstep: 11.20 | step_microstep: 12.10
[Rank 0] time (ms) | fwd: 134.85 | bwd: 338.02 | bwd_inner: 326.74 | bwd_allreduce: 11.19 | step: 12.10
Local>>>>>> step_time: 0.4912137985229492, dataloading_time : 0.0008518695831298828,forward_time :0.06218218803405762, backward_time: 0.4156980514526367, optim time :0.01248025894165039
Local>>>>>> step_time: 0.49118566513061523, dataloading_time : 0.0007965564727783203,forward_time :0.06099128723144531, backward_time: 0.4169008731842041, optim time :0.01249551773071289
[Rank 0] time (ms) | optimizer_step: 5.14
[Rank 0] time (ms) | fwd_microstep: 135.75 | bwd_microstep: 338.81 | bwd_inner_microstep: 327.15 | bwd_allreduce_microstep: 11.57 | step_microstep: 12.16
[Rank 0] time (ms) | fwd: 135.74 | bwd: 338.82 | bwd_inner: 327.18 | bwd_allreduce: 11.58 | step: 12.16
Local>>>>>> step_time: 0.4928879737854004, dataloading_time : 0.0008044242858886719,forward_time :0.06258058547973633, backward_time: 0.41701650619506836, optim time :0.012485027313232422
Local>>>>>> step_time: 0.4929053783416748, dataloading_time : 0.0007655620574951172,forward_time :0.05937457084655762, backward_time: 0.4202134609222412, optim time :0.01255035400390625
[Rank 0] time (ms) | optimizer_step: 5.13
[Rank 0] time (ms) | fwd_microstep: 135.49 | bwd_microstep: 338.25 | bwd_inner_microstep: 326.21 | bwd_allreduce_microstep: 11.96 | step_microstep: 12.20
[Rank 0] time (ms) | fwd: 135.48 | bwd: 338.26 | bwd_inner: 326.24 | bwd_allreduce: 11.96 | step: 12.20
Local>>>>>> step_time: 0.49216556549072266, dataloading_time : 0.0008137226104736328,forward_time :0.06211113929748535, backward_time: 0.41664600372314453, optim time :0.01259303092956543
Local>>>>>> step_time: 0.492220401763916, dataloading_time : 0.0008218288421630859,forward_time :0.062407732009887695, backward_time: 0.4163658618927002, optim time :0.012623786926269531
[Rank 0] time (ms) | optimizer_step: 5.15
[Rank 0] time (ms) | fwd_microstep: 134.94 | bwd_microstep: 339.34 | bwd_inner_microstep: 327.70 | bwd_allreduce_microstep: 11.55 | step_microstep: 12.12
[Rank 0] time (ms) | fwd: 134.93 | bwd: 339.34 | bwd_inner: 327.73 | bwd_allreduce: 11.54 | step: 12.12
Local>>>>>> step_time: 0.4927065372467041, dataloading_time : 0.0008161067962646484,forward_time :0.06217217445373535, backward_time: 0.41728687286376953, optim time :0.012429475784301758
Local>>>>>> step_time: 0.49269580841064453, dataloading_time : 0.0008647441864013672,forward_time :0.06228327751159668, backward_time: 0.4170217514038086, optim time :0.012524604797363281
[Rank 0] time (ms) | optimizer_step: 5.15
[Rank 0] time (ms) | fwd_microstep: 135.33 | bwd_microstep: 338.28 | bwd_inner_microstep: 327.17 | bwd_allreduce_microstep: 11.05 | step_microstep: 12.12
[Rank 0] time (ms) | fwd: 135.32 | bwd: 338.29 | bwd_inner: 327.18 | bwd_allreduce: 11.05 | step: 12.12
Local>>>>>> step_time: 0.4919593334197998, dataloading_time : 0.0008463859558105469,forward_time :0.062058210372924805, backward_time: 0.4166107177734375, optim time :0.012442350387573242
Local>>>>>> step_time: 0.4919548034667969, dataloading_time : 0.0008103847503662109,forward_time :0.06230664253234863, backward_time: 0.416323184967041, optim time :0.012513160705566406
[Rank 1] Step 60: loss=1.3407, time=0.492s, alloc_mem=3.34 GB, peak_mem=6.80 GB
[Rank 0] Step 60: loss=1.4895, time=0.492s, alloc_mem=3.34 GB, peak_mem=6.80 GB
[Rank 0] time (ms) | optimizer_step: 5.14
[Rank 0] time (ms) | fwd_microstep: 134.89 | bwd_microstep: 337.84 | bwd_inner_microstep: 326.48 | bwd_allreduce_microstep: 11.29 | step_microstep: 12.12
[Rank 0] time (ms) | fwd: 134.88 | bwd: 337.85 | bwd_inner: 326.50 | bwd_allreduce: 11.29 | step: 12.12
Local>>>>>> step_time: 0.4911003112792969, dataloading_time : 0.0008831024169921875,forward_time :0.062161922454833984, backward_time: 0.4155452251434326, optim time :0.012508153915405273Local>>>>>> step_time: 0.49107789993286133, dataloading_time : 0.0008080005645751953,forward_time :0.061335086822509766, backward_time: 0.4164121150970459, optim time :0.01252126693725586

[Rank 0] time (ms) | optimizer_step: 5.12
[Rank 0] time (ms) | fwd_microstep: 134.57 | bwd_microstep: 338.16 | bwd_inner_microstep: 325.44 | bwd_allreduce_microstep: 12.64 | step_microstep: 12.11
[Rank 0] time (ms) | fwd: 134.56 | bwd: 338.17 | bwd_inner: 325.47 | bwd_allreduce: 12.65 | step: 12.11
Local>>>>>> step_time: 0.4910616874694824, dataloading_time : 0.0007791519165039062,forward_time :0.06183052062988281, backward_time: 0.4159736633300781, optim time :0.012476682662963867Local>>>>>> step_time: 0.491070032119751, dataloading_time : 0.0008075237274169922,forward_time :0.06171059608459473, backward_time: 0.41604018211364746, optim time :0.012510538101196289

[Rank 0] time (ms) | optimizer_step: 5.10
[Rank 0] time (ms) | fwd_microstep: 135.70 | bwd_microstep: 338.22 | bwd_inner_microstep: 326.16 | bwd_allreduce_microstep: 11.99 | step_microstep: 12.08
[Rank 0] time (ms) | fwd: 135.69 | bwd: 338.23 | bwd_inner: 326.18 | bwd_allreduce: 11.99 | step: 12.08
Local>>>>>> step_time: 0.49218130111694336, dataloading_time : 0.0007700920104980469,forward_time :0.0615544319152832, backward_time: 0.4173898696899414, optim time :0.012465238571166992
Local>>>>>> step_time: 0.49219679832458496, dataloading_time : 0.0007994174957275391,forward_time :0.0619657039642334, backward_time: 0.4169802665710449, optim time :0.012449979782104492
[Rank 0] time (ms) | optimizer_step: 5.13
[Rank 0] time (ms) | fwd_microstep: 135.36 | bwd_microstep: 338.64 | bwd_inner_microstep: 325.82 | bwd_allreduce_microstep: 12.77 | step_microstep: 12.12
[Rank 0] time (ms) | fwd: 135.35 | bwd: 338.65 | bwd_inner: 325.82 | bwd_allreduce: 12.78 | step: 12.12
Local>>>>>> step_time: 0.4924626350402832, dataloading_time : 0.0010390281677246094,forward_time :0.0613400936126709, backward_time: 0.41760802268981934, optim time :0.012473821640014648
Local>>>>>> step_time: 0.4925086498260498, dataloading_time : 0.0009703636169433594,forward_time :0.06076669692993164, backward_time: 0.41825151443481445, optim time :0.01251840591430664
[Rank 0] time (ms) | optimizer_step: 5.10
[Rank 0] time (ms) | fwd_microstep: 135.35 | bwd_microstep: 339.51 | bwd_inner_microstep: 326.67 | bwd_allreduce_microstep: 12.77 | step_microstep: 12.12
[Rank 0] time (ms) | fwd: 135.34 | bwd: 339.52 | bwd_inner: 326.69 | bwd_allreduce: 12.78 | step: 12.13
Local>>>>>> step_time: 0.4931526184082031, dataloading_time : 0.0008566379547119141,forward_time :0.06256747245788574, backward_time: 0.4172790050506592, optim time :0.01244807243347168
Local>>>>>> step_time: 0.4931645393371582, dataloading_time : 0.0007662773132324219,forward_time :0.062244415283203125, backward_time: 0.4176318645477295, optim time :0.012520313262939453
[Rank 1] Step 65: loss=1.8118, time=0.493s, alloc_mem=3.34 GB, peak_mem=6.80 GB
[Rank 0] Step 65: loss=1.2262, time=0.493s, alloc_mem=3.34 GB, peak_mem=6.80 GB
[Rank 0] time (ms) | optimizer_step: 5.11
[Rank 0] time (ms) | fwd_microstep: 135.63 | bwd_microstep: 338.21 | bwd_inner_microstep: 326.04 | bwd_allreduce_microstep: 12.11 | step_microstep: 12.12
[Rank 0] time (ms) | fwd: 135.62 | bwd: 338.22 | bwd_inner: 326.06 | bwd_allreduce: 12.11 | step: 12.12
Local>>>>>> step_time: 0.4921548366546631, dataloading_time : 0.0008304119110107422,forward_time :0.0623316764831543, backward_time: 0.41651368141174316, optim time :0.012477397918701172
Local>>>>>> step_time: 0.492154598236084, dataloading_time : 0.0007715225219726562,forward_time :0.06142139434814453, backward_time: 0.41744542121887207, optim time :0.012514591217041016
[Rank 0] time (ms) | optimizer_step: 5.13
[Rank 0] time (ms) | fwd_microstep: 135.06 | bwd_microstep: 339.54 | bwd_inner_microstep: 327.07 | bwd_allreduce_microstep: 12.40 | step_microstep: 12.08
[Rank 0] time (ms) | fwd: 135.05 | bwd: 339.55 | bwd_inner: 327.09 | bwd_allreduce: 12.40 | step: 12.08
Local>>>>>> step_time: 0.49290966987609863, dataloading_time : 0.0008273124694824219,forward_time :0.061298370361328125, backward_time: 0.4183082580566406, optim time :0.01247406005859375
Local>>>>>> step_time: 0.49292492866516113, dataloading_time : 0.0008587837219238281,forward_time :0.06222391128540039, backward_time: 0.4173741340637207, optim time :0.012466669082641602
[Rank 0] time (ms) | optimizer_step: 5.12
[Rank 0] time (ms) | fwd_microstep: 135.29 | bwd_microstep: 338.28 | bwd_inner_microstep: 326.37 | bwd_allreduce_microstep: 11.83 | step_microstep: 12.08
[Rank 0] time (ms) | fwd: 135.28 | bwd: 338.29 | bwd_inner: 326.40 | bwd_allreduce: 11.84 | step: 12.08
Local>>>>>> step_time: 0.49181628227233887, dataloading_time : 0.0007698535919189453,forward_time :0.061292171478271484, backward_time: 0.4172837734222412, optim time :0.012468814849853516
Local>>>>>> step_time: 0.4919764995574951, dataloading_time : 0.0008146762847900391,forward_time :0.06207108497619629, backward_time: 0.416532039642334, optim time :0.01255655288696289
[Rank 0] time (ms) | optimizer_step: 5.12
[Rank 0] time (ms) | fwd_microstep: 135.55 | bwd_microstep: 338.97 | bwd_inner_microstep: 327.63 | bwd_allreduce_microstep: 11.27 | step_microstep: 12.13
[Rank 0] time (ms) | fwd: 135.54 | bwd: 338.97 | bwd_inner: 327.64 | bwd_allreduce: 11.26 | step: 12.13
Local>>>>>> step_time: 0.49264049530029297, dataloading_time : 0.0008931159973144531,forward_time :0.06250429153442383, backward_time: 0.4167616367340088, optim time :0.012479782104492188
Local>>>>>> step_time: 0.492842435836792, dataloading_time : 0.0007624626159667969,forward_time :0.06273126602172852, backward_time: 0.4168233871459961, optim time :0.012523412704467773
[Rank 0] time (ms) | optimizer_step: 5.12
[Rank 0] time (ms) | fwd_microstep: 135.33 | bwd_microstep: 339.12 | bwd_inner_microstep: 327.92 | bwd_allreduce_microstep: 11.12 | step_microstep: 12.09
[Rank 0] time (ms) | fwd: 135.32 | bwd: 339.13 | bwd_inner: 327.94 | bwd_allreduce: 11.13 | step: 12.09
Local>>>>>> step_time: 0.4927213191986084, dataloading_time : 0.000759124755859375,forward_time :0.061228036880493164, backward_time: 0.41823291778564453, optim time :0.012499809265136719
Local>>>>>> step_time: 0.49274659156799316, dataloading_time : 0.0008356571197509766,forward_time :0.06223797798156738, backward_time: 0.41718411445617676, optim time :0.012487173080444336
[Rank 0] Step 70: loss=1.8245, time=0.493s, alloc_mem=3.34 GB, peak_mem=6.80 GB
[Rank 1] Step 70: loss=1.1823, time=0.493s, alloc_mem=3.34 GB, peak_mem=6.80 GB
[Rank 0] time (ms) | optimizer_step: 5.14
[Rank 0] time (ms) | fwd_microstep: 135.86 | bwd_microstep: 339.24 | bwd_inner_microstep: 328.29 | bwd_allreduce_microstep: 10.86 | step_microstep: 12.22
[Rank 0] time (ms) | fwd: 135.85 | bwd: 339.25 | bwd_inner: 328.32 | bwd_allreduce: 10.85 | step: 12.22
Local>>>>>> step_time: 0.4932684898376465, dataloading_time : 0.0008449554443359375,forward_time :0.06208610534667969, backward_time: 0.4176900386810303, optim time :0.012645244598388672
Local>>>>>> step_time: 0.49334716796875, dataloading_time : 0.0006110668182373047,forward_time :0.05965614318847656, backward_time: 0.42046189308166504, optim time :0.012616872787475586
[Rank 0] time (ms) | optimizer_step: 5.14
[Rank 0] time (ms) | fwd_microstep: 135.95 | bwd_microstep: 339.41 | bwd_inner_microstep: 327.99 | bwd_allreduce_microstep: 11.36 | step_microstep: 12.08
[Rank 0] time (ms) | fwd: 135.94 | bwd: 339.42 | bwd_inner: 328.01 | bwd_allreduce: 11.36 | step: 12.08
Local>>>>>> step_time: 0.4936363697052002, dataloading_time : 0.0008485317230224609,forward_time :0.062473297119140625, backward_time: 0.41789770126342773, optim time :0.012415647506713867
Local>>>>>> step_time: 0.4936201572418213, dataloading_time : 0.0007679462432861328,forward_time :0.060935020446777344, backward_time: 0.4194464683532715, optim time :0.012469291687011719
[Rank 0] time (ms) | optimizer_step: 5.14
[Rank 0] time (ms) | fwd_microstep: 134.38 | bwd_microstep: 339.84 | bwd_inner_microstep: 326.39 | bwd_allreduce_microstep: 13.39 | step_microstep: 12.12
[Rank 0] time (ms) | fwd: 134.37 | bwd: 339.85 | bwd_inner: 326.41 | bwd_allreduce: 13.39 | step: 12.12
Local>>>>>> step_time: 0.49251651763916016, dataloading_time : 0.0008840560913085938,forward_time :0.061408281326293945, backward_time: 0.4177558422088623, optim time :0.012466669082641602
Local>>>>>> step_time: 0.4925425052642822, dataloading_time : 0.0007882118225097656,forward_time :0.06018805503845215, backward_time: 0.4190409183502197, optim time :0.012523889541625977
[Rank 0] time (ms) | optimizer_step: 5.15
[Rank 0] time (ms) | fwd_microstep: 135.73 | bwd_microstep: 338.47 | bwd_inner_microstep: 326.92 | bwd_allreduce_microstep: 11.50 | step_microstep: 12.17
[Rank 0] time (ms) | fwd: 135.72 | bwd: 338.48 | bwd_inner: 326.93 | bwd_allreduce: 11.50 | step: 12.17
Local>>>>>> step_time: 0.49275922775268555, dataloading_time : 0.0006499290466308594,forward_time :0.0624537467956543, backward_time: 0.4171478748321533, optim time :0.012506246566772461
Local>>>>>> step_time: 0.49278712272644043, dataloading_time : 0.0010051727294921875,forward_time :0.06251859664916992, backward_time: 0.41669297218322754, optim time :0.012569189071655273
[Rank 0] time (ms) | optimizer_step: 5.11
[Rank 0] time (ms) | fwd_microstep: 135.29 | bwd_microstep: 340.87 | bwd_inner_microstep: 327.47 | bwd_allreduce_microstep: 13.32 | step_microstep: 12.10
[Rank 0] time (ms) | fwd: 135.28 | bwd: 340.88 | bwd_inner: 327.48 | bwd_allreduce: 13.32 | step: 12.10
Local>>>>>> step_time: 0.49442362785339355, dataloading_time : 0.0007541179656982422,forward_time :0.06084012985229492, backward_time: 0.420335054397583, optim time :0.012493371963500977
Local>>>>>> step_time: 0.4944949150085449, dataloading_time : 0.0008559226989746094,forward_time :0.06236886978149414, backward_time: 0.4188218116760254, optim time :0.01244664192199707
[Rank 0] Step 75: loss=2.1926, time=0.494s, alloc_mem=3.34 GB, peak_mem=6.80 GB
[Rank 1] Step 75: loss=1.9030, time=0.494s, alloc_mem=3.34 GB, peak_mem=6.80 GB
[Rank 0] time (ms) | optimizer_step: 5.13
[Rank 0] time (ms) | fwd_microstep: 135.80 | bwd_microstep: 338.98 | bwd_inner_microstep: 327.42 | bwd_allreduce_microstep: 11.49 | step_microstep: 12.14
[Rank 0] time (ms) | fwd: 135.78 | bwd: 338.98 | bwd_inner: 327.43 | bwd_allreduce: 11.49 | step: 12.14
Local>>>>>> step_time: 0.4930236339569092, dataloading_time : 0.0010166168212890625,forward_time :0.06208086013793945, backward_time: 0.4174227714538574, optim time :0.012501716613769531
Local>>>>>> step_time: 0.4931294918060303, dataloading_time : 0.0007839202880859375,forward_time :0.06272292137145996, backward_time: 0.4170815944671631, optim time :0.012539863586425781
[Rank 0] time (ms) | optimizer_step: 5.16
[Rank 0] time (ms) | fwd_microstep: 135.83 | bwd_microstep: 339.51 | bwd_inner_microstep: 326.98 | bwd_allreduce_microstep: 12.46 | step_microstep: 12.16
[Rank 0] time (ms) | fwd: 135.82 | bwd: 339.52 | bwd_inner: 327.00 | bwd_allreduce: 12.46 | step: 12.16
Local>>>>>> step_time: 0.4936974048614502, dataloading_time : 0.0009114742279052734,forward_time :0.0624692440032959, backward_time: 0.41783761978149414, optim time :0.012477397918701172
Local>>>>>> step_time: 0.4937119483947754, dataloading_time : 0.0007879734039306641,forward_time :0.06184101104736328, backward_time: 0.41851329803466797, optim time :0.012568235397338867
[Rank 0] time (ms) | optimizer_step: 5.13
[Rank 0] time (ms) | fwd_microstep: 135.52 | bwd_microstep: 338.01 | bwd_inner_microstep: 326.21 | bwd_allreduce_microstep: 11.73 | step_microstep: 12.15
[Rank 0] time (ms) | fwd: 135.51 | bwd: 338.02 | bwd_inner: 326.22 | bwd_allreduce: 11.74 | step: 12.15
Local>>>>>> step_time: 0.4918797016143799, dataloading_time : 0.0008640289306640625,forward_time :0.06232309341430664, backward_time: 0.41619133949279785, optim time :0.012499094009399414
Local>>>>>> step_time: 0.49188971519470215, dataloading_time : 0.0007829666137695312,forward_time :0.06285905838012695, backward_time: 0.4156928062438965, optim time :0.012553215026855469
[Rank 0] time (ms) | optimizer_step: 5.24
[Rank 0] time (ms) | fwd_microstep: 135.05 | bwd_microstep: 339.13 | bwd_inner_microstep: 327.28 | bwd_allreduce_microstep: 11.80 | step_microstep: 12.34
Local>>>>>> step_time: 0.49266815185546875, dataloading_time : 0.0008625984191894531,forward_time :0.06228184700012207, backward_time: 0.41693878173828125, optim time :0.012583255767822266
[Rank 0] time (ms) | fwd: 135.04 | bwd: 339.14 | bwd_inner: 327.29 | bwd_allreduce: 11.80 | step: 12.34
Local>>>>>> step_time: 0.49274516105651855, dataloading_time : 0.0007903575897216797,forward_time :0.06262612342834473, backward_time: 0.41658711433410645, optim time :0.012740373611450195
[Rank 0] time (ms) | optimizer_step: 5.12
[Rank 0] time (ms) | fwd_microstep: 135.43 | bwd_microstep: 339.30 | bwd_inner_microstep: 325.86 | bwd_allreduce_microstep: 13.36 | step_microstep: 12.15
[Rank 0] time (ms) | fwd: 135.42 | bwd: 339.31 | bwd_inner: 325.89 | bwd_allreduce: 13.36 | step: 12.15
Local>>>>>> step_time: 0.49315977096557617, dataloading_time : 0.0008337497711181641,forward_time :0.060889244079589844, backward_time: 0.4189426898956299, optim time :0.012492895126342773
Local>>>>>> step_time: 0.49307870864868164, dataloading_time : 0.0007774829864501953,forward_time :0.06262516975402832, backward_time: 0.41712284088134766, optim time :0.012551069259643555
[Rank 1] Step 80: loss=1.3397, time=0.493s, alloc_mem=3.34 GB, peak_mem=6.80 GB
[Rank 0] Step 80: loss=1.3439, time=0.493s, alloc_mem=3.34 GB, peak_mem=6.80 GB
[Rank 0] time (ms) | optimizer_step: 5.15
[Rank 0] time (ms) | fwd_microstep: 136.01 | bwd_microstep: 339.20 | bwd_inner_microstep: 327.45 | bwd_allreduce_microstep: 11.65 | step_microstep: 12.16
[Rank 0] time (ms) | fwd: 135.99 | bwd: 339.21 | bwd_inner: 327.49 | bwd_allreduce: 11.63 | step: 12.16
Local>>>>>> step_time: 0.4935581684112549, dataloading_time : 0.0008511543273925781,forward_time :0.062372684478759766, backward_time: 0.41785168647766113, optim time :0.012481212615966797
Local>>>>>> step_time: 0.4935753345489502, dataloading_time : 0.00079345703125,forward_time :0.06288886070251465, backward_time: 0.41733336448669434, optim time :0.0125579833984375
[Rank 0] time (ms) | optimizer_step: 5.14
[Rank 0] time (ms) | fwd_microstep: 135.08 | bwd_microstep: 339.62 | bwd_inner_microstep: 326.03 | bwd_allreduce_microstep: 13.53 | step_microstep: 12.12
[Rank 0] time (ms) | fwd: 135.07 | bwd: 339.64 | bwd_inner: 326.05 | bwd_allreduce: 13.53 | step: 12.12
Local>>>>>> step_time: 0.49304676055908203, dataloading_time : 0.0008599758148193359,forward_time :0.0622553825378418, backward_time: 0.4174833297729492, optim time :0.012446880340576172
Local>>>>>> step_time: 0.4930579662322998, dataloading_time : 0.0008008480072021484,forward_time :0.06257247924804688, backward_time: 0.41715168952941895, optim time :0.012531042098999023
[Rank 0] time (ms) | optimizer_step: 5.12
[Rank 0] time (ms) | fwd_microstep: 135.08 | bwd_microstep: 340.57 | bwd_inner_microstep: 326.75 | bwd_allreduce_microstep: 13.73 | step_microstep: 12.14
[Rank 0] time (ms) | fwd: 135.07 | bwd: 340.58 | bwd_inner: 326.78 | bwd_allreduce: 13.72 | step: 12.14
Local>>>>>> step_time: 0.4940354824066162, dataloading_time : 0.0008327960968017578,forward_time :0.06342029571533203, backward_time: 0.4172699451446533, optim time :0.012511014938354492Local>>>>>> step_time: 0.4939873218536377, dataloading_time : 0.0007808208465576172,forward_time :0.06230497360229492, backward_time: 0.41835832595825195, optim time :0.012542247772216797

[Rank 0] time (ms) | optimizer_step: 5.14
[Rank 0] time (ms) | fwd_microstep: 135.22 | bwd_microstep: 338.39 | bwd_inner_microstep: 327.07 | bwd_allreduce_microstep: 11.22 | step_microstep: 12.16
[Rank 0] time (ms) | fwd: 135.21 | bwd: 338.39 | bwd_inner: 327.10 | bwd_allreduce: 11.21 | step: 12.16
Local>>>>>> step_time: 0.492048978805542, dataloading_time : 0.0008997917175292969,forward_time :0.062013864517211914, backward_time: 0.41663670539855957, optim time :0.0124969482421875
Local>>>>>> step_time: 0.49209141731262207, dataloading_time : 0.0008909702301025391,forward_time :0.06210780143737793, backward_time: 0.4165332317352295, optim time :0.0125579833984375
[Rank 0] time (ms) | optimizer_step: 5.15
[Rank 0] time (ms) | fwd_microstep: 135.69 | bwd_microstep: 338.90 | bwd_inner_microstep: 327.54 | bwd_allreduce_microstep: 11.27 | step_microstep: 12.17
[Rank 0] time (ms) | fwd: 135.68 | bwd: 338.91 | bwd_inner: 327.57 | bwd_allreduce: 11.25 | step: 12.18
Local>>>>>> step_time: 0.49292683601379395, dataloading_time : 0.000858306884765625,forward_time :0.062238216400146484, backward_time: 0.4173128604888916, optim time :0.012515544891357422
Local>>>>>> step_time: 0.49295949935913086, dataloading_time : 0.0007724761962890625,forward_time :0.06305360794067383, backward_time: 0.41655731201171875, optim time :0.01257467269897461
[Rank 1] Step 85: loss=1.4792, time=0.493s, alloc_mem=3.34 GB, peak_mem=6.80 GB
[Rank 0] Step 85: loss=1.5420, time=0.493s, alloc_mem=3.34 GB, peak_mem=6.80 GB
[Rank 0] time (ms) | optimizer_step: 5.15
[Rank 0] time (ms) | fwd_microstep: 134.97 | bwd_microstep: 340.35 | bwd_inner_microstep: 327.34 | bwd_allreduce_microstep: 12.94 | step_microstep: 12.16
[Rank 0] time (ms) | fwd: 134.96 | bwd: 340.36 | bwd_inner: 327.36 | bwd_allreduce: 12.94 | step: 12.16
Local>>>>>> step_time: 0.49372148513793945, dataloading_time : 0.0007460117340087891,forward_time :0.06228780746459961, backward_time: 0.4181787967681885, optim time :0.01250767707824707
Local>>>>>> step_time: 0.49370884895324707, dataloading_time : 0.0007944107055664062,forward_time :0.06224822998046875, backward_time: 0.4181065559387207, optim time :0.012558698654174805
[Rank 0] time (ms) | optimizer_step: 5.14
[Rank 0] time (ms) | fwd_microstep: 135.44 | bwd_microstep: 339.77 | bwd_inner_microstep: 326.09 | bwd_allreduce_microstep: 13.62 | step_microstep: 12.09
[Rank 0] time (ms) | fwd: 135.43 | bwd: 339.78 | bwd_inner: 326.11 | bwd_allreduce: 13.62 | step: 12.09
Local>>>>>> step_time: 0.49350833892822266, dataloading_time : 0.0008285045623779297,forward_time :0.06331157684326172, backward_time: 0.4169495105743408, optim time :0.012417316436767578
Local>>>>>> step_time: 0.4935154914855957, dataloading_time : 0.0007898807525634766,forward_time :0.06246328353881836, backward_time: 0.4177708625793457, optim time :0.012489557266235352
[Rank 0] time (ms) | optimizer_step: 5.15
[Rank 0] time (ms) | fwd_microstep: 135.33 | bwd_microstep: 340.13 | bwd_inner_microstep: 328.40 | bwd_allreduce_microstep: 11.64 | step_microstep: 12.16
[Rank 0] time (ms) | fwd: 135.32 | bwd: 340.14 | bwd_inner: 328.43 | bwd_allreduce: 11.63 | step: 12.16
Local>>>>>> step_time: 0.4938011169433594, dataloading_time : 0.0008032321929931641,forward_time :0.06262636184692383, backward_time: 0.4178769588470459, optim time :0.012492656707763672
Local>>>>>> step_time: 0.493804931640625, dataloading_time : 0.0007684230804443359,forward_time :0.06244778633117676, backward_time: 0.4180331230163574, optim time :0.012554407119750977
[Rank 0] time (ms) | optimizer_step: 5.14
[Rank 0] time (ms) | fwd_microstep: 135.37 | bwd_microstep: 339.85 | bwd_inner_microstep: 328.66 | bwd_allreduce_microstep: 11.11 | step_microstep: 12.16
[Rank 0] time (ms) | fwd: 135.36 | bwd: 339.86 | bwd_inner: 328.69 | bwd_allreduce: 11.10 | step: 12.16
Local>>>>>> step_time: 0.49356985092163086, dataloading_time : 0.0008282661437988281,forward_time :0.06140422821044922, backward_time: 0.41884350776672363, optim time :0.01249241828918457
Local>>>>>> step_time: 0.49358677864074707, dataloading_time : 0.0007865428924560547,forward_time :0.06050467491149902, backward_time: 0.41972994804382324, optim time :0.012563705444335938
[Rank 0] time (ms) | optimizer_step: 5.13
[Rank 0] time (ms) | fwd_microstep: 134.97 | bwd_microstep: 340.63 | bwd_inner_microstep: 327.25 | bwd_allreduce_microstep: 13.30 | step_microstep: 12.07
[Rank 0] time (ms) | fwd: 134.96 | bwd: 340.64 | bwd_inner: 327.27 | bwd_allreduce: 13.29 | step: 12.07
Local>>>>>> step_time: 0.4938809871673584, dataloading_time : 0.0008084774017333984,forward_time :0.06151890754699707, backward_time: 0.4191136360168457, optim time :0.012438774108886719
Local>>>>>> step_time: 0.4938547611236572, dataloading_time : 0.0007784366607666016,forward_time :0.06204581260681152, backward_time: 0.41855359077453613, optim time :0.01247549057006836
[Rank 0] Step 90: loss=1.1801, time=0.494s, alloc_mem=3.34 GB, peak_mem=6.80 GB[Rank 1] Step 90: loss=1.5623, time=0.494s, alloc_mem=3.34 GB, peak_mem=6.80 GB

[Rank 0] time (ms) | optimizer_step: 5.17
[Rank 0] time (ms) | fwd_microstep: 135.66 | bwd_microstep: 339.96 | bwd_inner_microstep: 328.42 | bwd_allreduce_microstep: 11.49 | step_microstep: 12.17
[Rank 0] time (ms) | fwd: 135.65 | bwd: 339.97 | bwd_inner: 328.42 | bwd_allreduce: 11.49 | step: 12.17
Local>>>>>> step_time: 0.4939279556274414, dataloading_time : 0.0008628368377685547,forward_time :0.06248593330383301, backward_time: 0.4180762767791748, optim time :0.012501001358032227
Local>>>>>> step_time: 0.49399375915527344, dataloading_time : 0.0007729530334472656,forward_time :0.06271815299987793, backward_time: 0.41793084144592285, optim time :0.012570381164550781
[Rank 0] time (ms) | optimizer_step: 5.14
[Rank 0] time (ms) | fwd_microstep: 135.14 | bwd_microstep: 339.63 | bwd_inner_microstep: 326.39 | bwd_allreduce_microstep: 13.18 | step_microstep: 12.14
[Rank 0] time (ms) | fwd: 135.13 | bwd: 339.64 | bwd_inner: 326.41 | bwd_allreduce: 13.18 | step: 12.14
Local>>>>>> step_time: 0.4931223392486572, dataloading_time : 0.0007736682891845703,forward_time :0.06235194206237793, backward_time: 0.41748809814453125, optim time :0.012507200241088867
Local>>>>>> step_time: 0.49309515953063965, dataloading_time : 0.0007627010345458984,forward_time :0.062064170837402344, backward_time: 0.4177238941192627, optim time :0.012542963027954102
[Rank 0] time (ms) | optimizer_step: 5.13
[Rank 0] time (ms) | fwd_microstep: 135.15 | bwd_microstep: 340.15 | bwd_inner_microstep: 327.47 | bwd_allreduce_microstep: 12.60 | step_microstep: 12.16
[Rank 0] time (ms) | fwd: 135.14 | bwd: 340.16 | bwd_inner: 327.49 | bwd_allreduce: 12.59 | step: 12.16
Local>>>>>> step_time: 0.4936370849609375, dataloading_time : 0.0007598400115966797,forward_time :0.062428951263427734, backward_time: 0.4178891181945801, optim time :0.012557506561279297
Local>>>>>> step_time: 0.4936676025390625, dataloading_time : 0.000865936279296875,forward_time :0.062253475189208984, backward_time: 0.41800737380981445, optim time :0.01253962516784668
[Rank 0] time (ms) | optimizer_step: 5.12
[Rank 0] time (ms) | fwd_microstep: 135.60 | bwd_microstep: 340.16 | bwd_inner_microstep: 326.67 | bwd_allreduce_microstep: 13.41 | step_microstep: 12.11
[Rank 0] time (ms) | fwd: 135.59 | bwd: 340.17 | bwd_inner: 326.69 | bwd_allreduce: 13.41 | step: 12.11
Local>>>>>> step_time: 0.49402856826782227, dataloading_time : 0.0008268356323242188,forward_time :0.06279373168945312, backward_time: 0.41794896125793457, optim time :0.01245737075805664
Local>>>>>> step_time: 0.4940671920776367, dataloading_time : 0.0007867813110351562,forward_time :0.0626838207244873, backward_time: 0.41808557510375977, optim time :0.012509584426879883
[Rank 0] time (ms) | optimizer_step: 5.13
[Rank 0] time (ms) | fwd_microstep: 135.00 | bwd_microstep: 339.87 | bwd_inner_microstep: 328.07 | bwd_allreduce_microstep: 11.74 | step_microstep: 12.16
[Rank 0] time (ms) | fwd: 134.99 | bwd: 339.88 | bwd_inner: 328.09 | bwd_allreduce: 11.74 | step: 12.16
Local>>>>>> step_time: 0.4932131767272949, dataloading_time : 0.0008072853088378906,forward_time :0.062062740325927734, backward_time: 0.417849063873291, optim time :0.012492179870605469
Local>>>>>> step_time: 0.4932403564453125, dataloading_time : 0.0007748603820800781,forward_time :0.06206774711608887, backward_time: 0.41784191131591797, optim time :0.012553930282592773
[Rank 1] Step 95: loss=1.5718, time=0.493s, alloc_mem=3.34 GB, peak_mem=6.80 GB
[Rank 0] Step 95: loss=1.4175, time=0.493s, alloc_mem=3.34 GB, peak_mem=6.80 GB
[Rank 0] time (ms) | optimizer_step: 5.13
[Rank 0] time (ms) | fwd_microstep: 136.48 | bwd_microstep: 338.81 | bwd_inner_microstep: 326.52 | bwd_allreduce_microstep: 12.22 | step_microstep: 12.37
[Rank 0] time (ms) | fwd: 136.46 | bwd: 338.82 | bwd_inner: 326.54 | bwd_allreduce: 12.22 | step: 12.37
Local>>>>>> step_time: 0.4938797950744629, dataloading_time : 0.0008020401000976562,forward_time :0.06194353103637695, backward_time: 0.41890501976013184, optim time :0.012227535247802734
Local>>>>>> step_time: 0.4938666820526123, dataloading_time : 0.0007643699645996094,forward_time :0.06070661544799805, backward_time: 0.4196150302886963, optim time :0.012779474258422852
[Rank 0] time (ms) | optimizer_step: 5.13
[Rank 0] time (ms) | fwd_microstep: 135.09 | bwd_microstep: 338.55 | bwd_inner_microstep: 327.47 | bwd_allreduce_microstep: 11.01 | step_microstep: 12.10
[Rank 0] time (ms) | fwd: 135.07 | bwd: 338.56 | bwd_inner: 327.49 | bwd_allreduce: 11.02 | step: 12.10
Local>>>>>> step_time: 0.49195027351379395, dataloading_time : 0.0007798671722412109,forward_time :0.06224489212036133, backward_time: 0.4164097309112549, optim time :0.012514352798461914
Local>>>>>> step_time: 0.49196720123291016, dataloading_time : 0.00077056884765625,forward_time :0.062164306640625, backward_time: 0.41652750968933105, optim time :0.012503385543823242
[Rank 0] time (ms) | optimizer_step: 5.14
[Rank 0] time (ms) | fwd_microstep: 135.37 | bwd_microstep: 340.06 | bwd_inner_microstep: 328.41 | bwd_allreduce_microstep: 11.55 | step_microstep: 12.13
[Rank 0] time (ms) | fwd: 135.36 | bwd: 340.07 | bwd_inner: 328.44 | bwd_allreduce: 11.54 | step: 12.13
Local>>>>>> step_time: 0.4936676025390625, dataloading_time : 0.0008327960968017578,forward_time :0.06216073036193848, backward_time: 0.41822147369384766, optim time :0.012451171875
Local>>>>>> step_time: 0.4937283992767334, dataloading_time : 0.0007479190826416016,forward_time :0.062151193618774414, backward_time: 0.4182922840118408, optim time :0.01253509521484375
[Rank 0] time (ms) | optimizer_step: 5.13
Local>>>>>> step_time: 0.49320197105407715, dataloading_time : 0.0008370876312255859,forward_time :0.06114077568054199, backward_time: 0.4187431335449219, optim time :0.012479066848754883
[Rank 0] time (ms) | fwd_microstep: 135.20 | bwd_microstep: 339.61 | bwd_inner_microstep: 325.87 | bwd_allreduce_microstep: 13.66 | step_microstep: 12.37
[Rank 0] time (ms) | fwd: 135.19 | bwd: 339.62 | bwd_inner: 325.89 | bwd_allreduce: 13.66 | step: 12.37
Local>>>>>> step_time: 0.49342894554138184, dataloading_time : 0.0008108615875244141,forward_time :0.06208992004394531, backward_time: 0.4177412986755371, optim time :0.01278543472290039
[Rank 1] Step 99: loss=1.3111, time=0.493s, alloc_mem=3.34 GB, peak_mem=6.80 GB
[Rank 0] Step 99: loss=0.9398, time=0.493s, alloc_mem=3.34 GB, peak_mem=6.80 GB

============================================================
[Rank 1] FINAL RESULTS
  Config: configs/baseline.json
  Model: hidden_dim=1024, num_layers=12
  Parameters: 254,655,569
  Batch size: 8, Seq length: 512
  Average step time: 0.625s
  Peak memory: 6.80 GB
  Final allocated memory: 3.34 GB
============================================================
SUMMARY: config=configs/baseline.json params=254655569 peak_mem_bytes=7298009088 alloc_mem_bytes=3588734976 avg_step_time=0.6252

============================================================
[Rank 0] FINAL RESULTS
  Config: configs/baseline.json
  Model: hidden_dim=1024, num_layers=12
  Parameters: 254,655,569
  Batch size: 8, Seq length: 512
  Average step time: 0.625s
  Peak memory: 6.80 GB
  Final allocated memory: 3.34 GB
============================================================
SUMMARY: config=configs/baseline.json params=254655569 peak_mem_bytes=7298009088 alloc_mem_bytes=3588734976 avg_step_time=0.6248
Loss history saved to: logs/baseline_loss.csv
[rank0]:[W206 12:09:47.659664015 ProcessGroupNCCL.cpp:1250] Warning: WARNING: process group has NOT been destroyed before we destruct ProcessGroupNCCL. On normal program exit, the application should call destroy_process_group to ensure that any pending NCCL operations have finished in this process. In rare cases this process can exit before this point and block the progress of another member of the process group. This constraint has always been present,  but this warning has only been added since PyTorch 2.4 (function operator())
[2026-02-06 12:09:50,590] [INFO] [launch.py:367:main] Process 1960233 exits successfully.
[2026-02-06 12:09:50,590] [INFO] [launch.py:367:main] Process 1960234 exits successfully.
