Warning: The cache directory for DeepSpeed Triton autotune, /home/bigyang/.triton/autotune, appears to be on an NFS system. While this is generally acceptable, if you experience slowdowns or hanging when DeepSpeed exits, it is recommended to set the TRITON_CACHE_DIR environment variable to a non-NFS path.
[2026-01-23 15:55:54,981] [WARNING] [runner.py:232:fetch_hostfile] Unable to find hostfile, will proceed with training with local resources only.
Detected VISIBLE_DEVICES=0,1 but ignoring it because one or several of --include/--exclude/--num_gpus/--num_nodes cl args were used. If you want to use CUDA_VISIBLE_DEVICES don't pass any of these arguments to deepspeed.
[2026-01-23 15:55:54,981] [INFO] [runner.py:630:main] cmd = /home/bigyang/micromamba/envs/ds-hf/bin/python -u -m deepspeed.launcher.launch --world_info=eyJsb2NhbGhvc3QiOiBbMCwgMV19 --master_addr=127.0.0.1 --master_port=29600 --enable_each_rank_log=None --log_level=info train2.py --deepspeed_config configs/bf16_full.json --loss_log_file logs/bf16_full_loss.csv --num_layers 12 --hidden_dim 1024 --batch_size 8 --seq_length 512 --num_steps 100 --warmup_steps 5 --activation_checkpointing --use_real_data --seed 42
Warning: The cache directory for DeepSpeed Triton autotune, /home/bigyang/.triton/autotune, appears to be on an NFS system. While this is generally acceptable, if you experience slowdowns or hanging when DeepSpeed exits, it is recommended to set the TRITON_CACHE_DIR environment variable to a non-NFS path.
[2026-01-23 15:56:00,005] [INFO] [launch.py:162:main] WORLD INFO DICT: {'localhost': [0, 1]}
[2026-01-23 15:56:00,005] [INFO] [launch.py:168:main] nnodes=1, num_local_procs=2, node_rank=0
[2026-01-23 15:56:00,005] [INFO] [launch.py:179:main] global_rank_mapping=defaultdict(<class 'list'>, {'localhost': [0, 1]})
[2026-01-23 15:56:00,005] [INFO] [launch.py:180:main] dist_world_size=2
[2026-01-23 15:56:00,005] [INFO] [launch.py:184:main] Setting CUDA_VISIBLE_DEVICES=0,1
[2026-01-23 15:56:00,006] [INFO] [launch.py:272:main] process 2262077 spawned with command: ['/home/bigyang/micromamba/envs/ds-hf/bin/python', '-u', 'train2.py', '--local_rank=0', '--deepspeed_config', 'configs/bf16_full.json', '--loss_log_file', 'logs/bf16_full_loss.csv', '--num_layers', '12', '--hidden_dim', '1024', '--batch_size', '8', '--seq_length', '512', '--num_steps', '100', '--warmup_steps', '5', '--activation_checkpointing', '--use_real_data', '--seed', '42']
[2026-01-23 15:56:00,006] [INFO] [launch.py:272:main] process 2262078 spawned with command: ['/home/bigyang/micromamba/envs/ds-hf/bin/python', '-u', 'train2.py', '--local_rank=1', '--deepspeed_config', 'configs/bf16_full.json', '--loss_log_file', 'logs/bf16_full_loss.csv', '--num_layers', '12', '--hidden_dim', '1024', '--batch_size', '8', '--seq_length', '512', '--num_steps', '100', '--warmup_steps', '5', '--activation_checkpointing', '--use_real_data', '--seed', '42']
Warning: The cache directory for DeepSpeed Triton autotune, /home/bigyang/.triton/autotune, appears to be on an NFS system. While this is generally acceptable, if you experience slowdowns or hanging when DeepSpeed exits, it is recommended to set the TRITON_CACHE_DIR environment variable to a non-NFS path.
Warning: The cache directory for DeepSpeed Triton autotune, /home/bigyang/.triton/autotune, appears to be on an NFS system. While this is generally acceptable, if you experience slowdowns or hanging when DeepSpeed exits, it is recommended to set the TRITON_CACHE_DIR environment variable to a non-NFS path.
[Rank 0] Loading wikitext dataset...
[Rank 1] Loading wikitext dataset...
Warning: You are sending unauthenticated requests to the HF Hub. Please set a HF_TOKEN to enable higher rate limits and faster downloads.
Warning: You are sending unauthenticated requests to the HF Hub. Please set a HF_TOKEN to enable higher rate limits and faster downloads.
[Rank 0] Dataset loaded: 39531 examples, vocab_size=50257
[Rank 0] Creating model with hidden_dim=1024, num_layers=12, num_heads=16, vocab_size=50257
[Rank 1] Dataset loaded: 39531 examples, vocab_size=50257
[Rank 1] Creating model with hidden_dim=1024, num_layers=12, num_heads=16, vocab_size=50257
[Rank 0] Model parameters: 254,655,569 total, 254,655,569 trainable
[Rank 0] Activation checkpointing enabled
[Rank 1] Model parameters: 254,655,569 total, 254,655,569 trainable
[Rank 1] Activation checkpointing enabled
/home/bigyang/micromamba/envs/ds-hf/lib/python3.11/site-packages/torch/utils/cpp_extension.py:1964: UserWarning: TORCH_CUDA_ARCH_LIST is not set, all archs for visible cards are included for compilation. 
If this is not desired, please set os.environ['TORCH_CUDA_ARCH_LIST'].
  warnings.warn(
Stage 3 initialize beginning
MA 0.47 GB         Max_MA 0.47 GB         CA 0.51 GB         Max_CA 1 GB 
CPU Virtual Memory:  used = 370.8 GB, percent = 18.4%
DeepSpeedZeRoOffload initialize [begin]
MA 0.47 GB         Max_MA 0.67 GB         CA 0.7 GB         Max_CA 1 GB 
CPU Virtual Memory:  used = 370.8 GB, percent = 18.4%
Parameter Offload - Persistent parameters statistics: param_count = 0, numel = 0
DeepSpeedZeRoOffload initialize [end]
MA 0.24 GB         Max_MA 0.52 GB         CA 0.71 GB         Max_CA 1 GB 
CPU Virtual Memory:  used = 370.8 GB, percent = 18.4%
Before creating fp16 partitions
MA 0.24 GB         Max_MA 0.24 GB         CA 0.71 GB         Max_CA 1 GB 
CPU Virtual Memory:  used = 370.92 GB, percent = 18.4%
After creating fp16 partitions: 1
MA 0.24 GB         Max_MA 0.24 GB         CA 0.24 GB         Max_CA 1 GB 
CPU Virtual Memory:  used = 371.2 GB, percent = 18.4%
Before creating fp32 partitions
MA 0.24 GB         Max_MA 0.24 GB         CA 0.24 GB         Max_CA 0 GB 
CPU Virtual Memory:  used = 371.2 GB, percent = 18.4%
After creating fp32 partitions
MA 0.47 GB         Max_MA 0.47 GB         CA 0.48 GB         Max_CA 0 GB 
CPU Virtual Memory:  used = 371.28 GB, percent = 18.4%
Before initializing optimizer states
MA 0.47 GB         Max_MA 0.47 GB         CA 0.48 GB         Max_CA 0 GB 
CPU Virtual Memory:  used = 371.36 GB, percent = 18.4%
[Rank 0] time (ms) | init_optimizer_state: 0.00
After initializing optimizer states
MA 0.47 GB         Max_MA 0.71 GB         CA 0.72 GB         Max_CA 1 GB 
CPU Virtual Memory:  used = 371.45 GB, percent = 18.4%
[Rank 1] DeepSpeed initialized with config: configs/bf16_full.json
[Rank 1] Memory after init: allocated=0.80 GB, reserved=1.05 GB
After initializing ZeRO optimizer
MA 0.8 GB         Max_MA 1.0 GB         CA 1.05 GB         Max_CA 1 GB 
CPU Virtual Memory:  used = 371.83 GB, percent = 18.5%
[Rank 0] DeepSpeed initialized with config: configs/bf16_full.json
[Rank 0] Memory after init: allocated=0.80 GB, reserved=1.05 GB
[Rank 0] time (ms) | optimizer_step: 2.81
[Rank 0] time (ms) | fwd_microstep: 152.70 | bwd_microstep: 124.97 | bwd_inner_microstep: 124.24 | bwd_allreduce_microstep: 0.66 | step_microstep: 43.35
[Rank 0] time (ms) | fwd: 152.69 | bwd: 124.98 | bwd_inner: 124.25 | bwd_allreduce: 0.67 | step: 43.35
[Rank 1] Step 0: loss=11.4844, time=0.688s, alloc_mem=1.72 GB, peak_mem=3.42 GB
[Rank 0] Step 0: loss=11.5690, time=0.544s, alloc_mem=1.72 GB, peak_mem=3.42 GB
[Rank 0] time (ms) | optimizer_step: 2.39
[Rank 0] time (ms) | fwd_microstep: 131.45 | bwd_microstep: 122.14 | bwd_inner_microstep: 121.54 | bwd_allreduce_microstep: 0.55 | step_microstep: 6.02
[Rank 0] time (ms) | fwd: 131.45 | bwd: 122.14 | bwd_inner: 121.55 | bwd_allreduce: 0.55 | step: 6.02
[Rank 0] time (ms) | optimizer_step: 2.42
[Rank 0] time (ms) | fwd_microstep: 34.22 | bwd_microstep: 54.20 | bwd_inner_microstep: 53.59 | bwd_allreduce_microstep: 0.55 | step_microstep: 6.04
[Rank 0] time (ms) | fwd: 34.22 | bwd: 54.20 | bwd_inner: 53.61 | bwd_allreduce: 0.55 | step: 6.04
[Rank 0] time (ms) | optimizer_step: 2.40
[Rank 0] time (ms) | fwd_microstep: 33.90 | bwd_microstep: 55.30 | bwd_inner_microstep: 53.22 | bwd_allreduce_microstep: 2.04 | step_microstep: 6.08
[Rank 0] time (ms) | fwd: 33.89 | bwd: 55.31 | bwd_inner: 53.23 | bwd_allreduce: 2.04 | step: 6.08
[Rank 0] time (ms) | optimizer_step: 2.39
[Rank 0] time (ms) | fwd_microstep: 34.26 | bwd_microstep: 55.37 | bwd_inner_microstep: 53.26 | bwd_allreduce_microstep: 2.04 | step_microstep: 6.12
[Rank 0] time (ms) | fwd: 34.25 | bwd: 55.37 | bwd_inner: 53.28 | bwd_allreduce: 2.04 | step: 6.12
[Rank 0] time (ms) | optimizer_step: 2.57
[Rank 0] time (ms) | fwd_microstep: 39.38 | bwd_microstep: 66.52 | bwd_inner_microstep: 65.87 | bwd_allreduce_microstep: 0.59 | step_microstep: 7.30
[Rank 0] time (ms) | fwd: 39.38 | bwd: 66.53 | bwd_inner: 65.89 | bwd_allreduce: 0.58 | step: 7.30
Local>>>>>> step_time: 0.1177070140838623, dataloading_time : 0.0009205341339111328,forward_time :0.03494453430175781, backward_time: 0.07422232627868652, optim time :0.0076181888580322266
Local>>>>>> step_time: 0.11696100234985352, dataloading_time : 0.0008993148803710938,forward_time :0.03466391563415527, backward_time: 0.07374429702758789, optim time :0.0076520442962646484
[Rank 1] Step 5: loss=2.9777, time=0.118s, alloc_mem=1.72 GB, peak_mem=4.31 GB
[Rank 0] Step 5: loss=3.6749, time=0.117s, alloc_mem=1.72 GB, peak_mem=4.31 GB
[Rank 0] time (ms) | optimizer_step: 2.58
[Rank 0] time (ms) | fwd_microstep: 39.34 | bwd_microstep: 67.42 | bwd_inner_microstep: 66.76 | bwd_allreduce_microstep: 0.60 | step_microstep: 7.33
[Rank 0] time (ms) | fwd: 39.33 | bwd: 67.43 | bwd_inner: 66.78 | bwd_allreduce: 0.60 | step: 7.34
Local>>>>>> step_time: 0.11778593063354492, dataloading_time : 0.0008685588836669922,forward_time :0.034174203872680664, backward_time: 0.07506012916564941, optim time :0.007682085037231445
Local>>>>>> step_time: 0.11778783798217773, dataloading_time : 0.0008587837219238281,forward_time :0.03457045555114746, backward_time: 0.0746605396270752, optim time :0.007696390151977539
[Rank 0] time (ms) | optimizer_step: 2.58
[Rank 0] time (ms) | fwd_microstep: 39.22 | bwd_microstep: 66.21 | bwd_inner_microstep: 65.24 | bwd_allreduce_microstep: 0.92 | step_microstep: 7.35
Local>>>>>> step_time: 0.11655569076538086, dataloading_time : 0.0011584758758544922,forward_time :0.034336090087890625, backward_time: 0.07343697547912598, optim time :0.007622480392456055
[Rank 0] time (ms) | fwd: 39.22 | bwd: 66.22 | bwd_inner: 65.25 | bwd_allreduce: 0.92 | step: 7.36
Local>>>>>> step_time: 0.1166374683380127, dataloading_time : 0.0010018348693847656,forward_time :0.03447127342224121, backward_time: 0.07344174385070801, optim time :0.007720470428466797
[Rank 0] time (ms) | optimizer_step: 2.58
[Rank 0] time (ms) | fwd_microstep: 39.03 | bwd_microstep: 68.00 | bwd_inner_microstep: 66.75 | bwd_allreduce_microstep: 1.19 | step_microstep: 8.46
Local>>>>>> step_time: 0.11894869804382324, dataloading_time : 0.0010936260223388672,forward_time :0.03406023979187012, backward_time: 0.07508683204650879, optim time :0.008706808090209961
[Rank 0] time (ms) | fwd: 39.03 | bwd: 68.01 | bwd_inner: 66.77 | bwd_allreduce: 1.19 | step: 8.46
Local>>>>>> step_time: 0.11898088455200195, dataloading_time : 0.0006551742553710938,forward_time :0.03424239158630371, backward_time: 0.07526469230651855, optim time :0.008816957473754883
[Rank 0] time (ms) | optimizer_step: 2.56
[Rank 0] time (ms) | fwd_microstep: 39.64 | bwd_microstep: 66.29 | bwd_inner_microstep: 65.61 | bwd_allreduce_microstep: 0.63 | step_microstep: 7.32
[Rank 0] time (ms) | fwd: 39.63 | bwd: 66.30 | bwd_inner: 65.62 | bwd_allreduce: 0.63 | step: 7.32
Local>>>>>> step_time: 0.11763215065002441, dataloading_time : 0.0010840892791748047,forward_time :0.03403663635253906, backward_time: 0.07455277442932129, optim time :0.007956981658935547
Local>>>>>> step_time: 0.11753082275390625, dataloading_time : 0.0011386871337890625,forward_time :0.03490591049194336, backward_time: 0.07350325584411621, optim time :0.00798177719116211
[Rank 0] time (ms) | optimizer_step: 2.87
[Rank 0] time (ms) | fwd_microstep: 47.86 | bwd_microstep: 84.86 | bwd_inner_microstep: 83.83 | bwd_allreduce_microstep: 0.97 | step_microstep: 8.99
Local>>>>>> step_time: 0.14526677131652832, dataloading_time : 0.0010755062103271484,forward_time :0.04266476631164551, backward_time: 0.09224414825439453, optim time :0.009281158447265625[Rank 0] time (ms) | fwd: 47.85 | bwd: 84.87 | bwd_inner: 83.85 | bwd_allreduce: 0.97 | step: 8.99

Local>>>>>> step_time: 0.14530587196350098, dataloading_time : 0.0007805824279785156,forward_time :0.04315948486328125, backward_time: 0.09201788902282715, optim time :0.009346723556518555
[Rank 1] Step 10: loss=3.3402, time=0.145s, alloc_mem=1.72 GB, peak_mem=4.31 GB
[Rank 0] Step 10: loss=3.4196, time=0.145s, alloc_mem=1.72 GB, peak_mem=4.31 GB
[Rank 0] time (ms) | optimizer_step: 2.86
[Rank 0] time (ms) | fwd_microstep: 46.33 | bwd_microstep: 85.73 | bwd_inner_microstep: 85.00 | bwd_allreduce_microstep: 0.68 | step_microstep: 9.06
Local>>>>>> step_time: 0.14492034912109375, dataloading_time : 0.0012750625610351562,forward_time :0.04248404502868652, backward_time: 0.09188246726989746, optim time :0.009277582168579102
[Rank 0] time (ms) | fwd: 46.32 | bwd: 85.74 | bwd_inner: 85.01 | bwd_allreduce: 0.68 | step: 9.06
Local>>>>>> step_time: 0.14499378204345703, dataloading_time : 0.00104522705078125,forward_time :0.042693138122558594, backward_time: 0.09183716773986816, optim time :0.009416580200195312
[Rank 0] time (ms) | optimizer_step: 2.89
Local>>>>>> step_time: 0.14491796493530273, dataloading_time : 0.001049041748046875,forward_time :0.04114961624145508, backward_time: 0.09342503547668457, optim time :0.009292840957641602
[Rank 0] time (ms) | fwd_microstep: 46.04 | bwd_microstep: 85.92 | bwd_inner_microstep: 84.21 | bwd_allreduce_microstep: 1.64 | step_microstep: 8.98
[Rank 0] time (ms) | fwd: 46.03 | bwd: 85.93 | bwd_inner: 84.24 | bwd_allreduce: 1.65 | step: 8.98
Local>>>>>> step_time: 0.14496231079101562, dataloading_time : 0.0011861324310302734,forward_time :0.04134964942932129, backward_time: 0.09308218955993652, optim time :0.009343385696411133
[Rank 0] time (ms) | optimizer_step: 2.86
[Rank 0] time (ms) | fwd_microstep: 46.46 | bwd_microstep: 85.85 | bwd_inner_microstep: 85.11 | bwd_allreduce_microstep: 0.63 | step_microstep: 9.02
Local>>>>>> step_time: 0.14524197578430176, dataloading_time : 0.0009446144104003906,forward_time :0.04140830039978027, backward_time: 0.09360361099243164, optim time :0.009284019470214844
[Rank 0] time (ms) | fwd: 46.45 | bwd: 85.86 | bwd_inner: 85.17 | bwd_allreduce: 0.61 | step: 9.02
Local>>>>>> step_time: 0.14518308639526367, dataloading_time : 0.0010030269622802734,forward_time :0.04178571701049805, backward_time: 0.09299612045288086, optim time :0.009396553039550781
[Rank 0] time (ms) | optimizer_step: 2.85
[Rank 0] time (ms) | fwd_microstep: 46.44 | bwd_microstep: 85.54 | bwd_inner_microstep: 84.80 | bwd_allreduce_microstep: 0.66 | step_microstep: 9.01
Local>>>>>> step_time: 0.14478659629821777, dataloading_time : 0.001039266586303711,forward_time :0.041304826736450195, backward_time: 0.0931997299194336, optim time :0.009241104125976562
[Rank 0] time (ms) | fwd: 46.43 | bwd: 85.55 | bwd_inner: 84.84 | bwd_allreduce: 0.66 | step: 9.01
Local>>>>>> step_time: 0.14480948448181152, dataloading_time : 0.0009760856628417969,forward_time :0.04178428649902344, backward_time: 0.0926668643951416, optim time :0.00938105583190918
[Rank 0] time (ms) | optimizer_step: 2.89
[Rank 0] time (ms) | fwd_microstep: 46.27 | bwd_microstep: 85.49 | bwd_inner_microstep: 84.66 | bwd_allreduce_microstep: 0.77 | step_microstep: 9.04
[Rank 0] time (ms) | fwd: 46.26 | bwd: 85.50 | bwd_inner: 84.68 | bwd_allreduce: 0.78 | step: 9.05
Local>>>>>> step_time: 1.9933326244354248, dataloading_time : 0.0010104179382324219,forward_time :0.0415797233581543, backward_time: 0.0926511287689209, optim time :1.8580894470214844
[Rank 0] Step 15: loss=2.8513, time=1.993s, alloc_mem=1.72 GB, peak_mem=4.31 GB
Local>>>>>> step_time: 2.041396141052246, dataloading_time : 0.0008833408355712891,forward_time :0.04121279716491699, backward_time: 0.0932767391204834, optim time :1.9060213565826416
[Rank 1] Step 15: loss=2.4514, time=2.041s, alloc_mem=1.72 GB, peak_mem=4.31 GB
[Rank 0] time (ms) | optimizer_step: 2.55
[Rank 0] time (ms) | fwd_microstep: 85.06 | bwd_microstep: 65.72 | bwd_inner_microstep: 63.13 | bwd_allreduce_microstep: 2.54 | step_microstep: 6.95
[Rank 0] time (ms) | fwd: 85.06 | bwd: 65.73 | bwd_inner: 63.14 | bwd_allreduce: 2.53 | step: 6.95
Local>>>>>> step_time: 0.1137700080871582, dataloading_time : 0.001032114028930664,forward_time :0.03489375114440918, backward_time: 0.0705709457397461, optim time :0.007271766662597656
Local>>>>>> step_time: 0.16165685653686523, dataloading_time : 0.0010962486267089844,forward_time :0.08069491386413574, backward_time: 0.07258367538452148, optim time :0.007280826568603516
[Rank 0] time (ms) | optimizer_step: 2.54
[Rank 0] time (ms) | fwd_microstep: 37.54 | bwd_microstep: 62.14 | bwd_inner_microstep: 61.53 | bwd_allreduce_microstep: 0.55 | step_microstep: 6.84
Local>>>>>> step_time: 0.11024737358093262, dataloading_time : 0.0007565021514892578,forward_time :0.03254556655883789, backward_time: 0.06986403465270996, optim time :0.007080078125
[Rank 0] time (ms) | fwd: 37.54 | bwd: 62.14 | bwd_inner: 61.55 | bwd_allreduce: 0.55 | step: 6.84
Local>>>>>> step_time: 0.11031842231750488, dataloading_time : 0.0010509490966796875,forward_time :0.03278470039367676, backward_time: 0.06931829452514648, optim time :0.007163524627685547
[Rank 0] time (ms) | optimizer_step: 2.53
[Rank 0] time (ms) | fwd_microstep: 37.29 | bwd_microstep: 61.83 | bwd_inner_microstep: 61.17 | bwd_allreduce_microstep: 0.60 | step_microstep: 6.82
Local>>>>>> step_time: 0.10963225364685059, dataloading_time : 0.001056671142578125,forward_time :0.03227972984313965, backward_time: 0.06924128532409668, optim time :0.0070531368255615234
[Rank 0] time (ms) | fwd: 37.27 | bwd: 61.83 | bwd_inner: 61.18 | bwd_allreduce: 0.60 | step: 6.83
Local>>>>>> step_time: 0.10964059829711914, dataloading_time : 0.0009284019470214844,forward_time :0.03254413604736328, backward_time: 0.06900501251220703, optim time :0.007161617279052734
[Rank 0] time (ms) | optimizer_step: 2.53
[Rank 0] time (ms) | fwd_microstep: 37.59 | bwd_microstep: 62.04 | bwd_inner_microstep: 61.43 | bwd_allreduce_microstep: 0.55 | step_microstep: 6.86
Local>>>>>> step_time: 0.11008524894714355, dataloading_time : 0.0005486011505126953,forward_time :0.03245139122009277, backward_time: 0.06998491287231445, optim time :0.0070993900299072266
[Rank 0] time (ms) | fwd: 37.58 | bwd: 62.05 | bwd_inner: 61.44 | bwd_allreduce: 0.56 | step: 6.86
Local>>>>>> step_time: 0.11010074615478516, dataloading_time : 0.0008618831634521484,forward_time :0.03283238410949707, backward_time: 0.06922078132629395, optim time :0.007184267044067383
[Rank 0] time (ms) | optimizer_step: 2.56
[Rank 0] time (ms) | fwd_microstep: 37.19 | bwd_microstep: 61.87 | bwd_inner_microstep: 61.25 | bwd_allreduce_microstep: 0.57 | step_microstep: 6.81
[Rank 0] time (ms) | fwd: 37.17 | bwd: 61.88 | bwd_inner: 61.26 | bwd_allreduce: 0.57 | step: 6.81
Local>>>>>> step_time: 0.10927009582519531, dataloading_time : 0.0006444454193115234,forward_time :0.032251596450805664, backward_time: 0.06926918029785156, optim time :0.007103681564331055
Local>>>>>> step_time: 0.10921931266784668, dataloading_time : 0.0005702972412109375,forward_time :0.03247570991516113, backward_time: 0.06903195381164551, optim time :0.007140636444091797
[Rank 1] Step 20: loss=3.0589, time=0.109s, alloc_mem=1.72 GB, peak_mem=4.31 GB
[Rank 0] Step 20: loss=2.2141, time=0.109s, alloc_mem=1.72 GB, peak_mem=4.31 GB
[Rank 0] time (ms) | optimizer_step: 2.53
[Rank 0] time (ms) | fwd_microstep: 37.34 | bwd_microstep: 62.89 | bwd_inner_microstep: 60.61 | bwd_allreduce_microstep: 2.23 | step_microstep: 6.81
[Rank 0] time (ms) | fwd: 37.33 | bwd: 62.90 | bwd_inner: 60.62 | bwd_allreduce: 2.23 | step: 6.81
Local>>>>>> step_time: 0.11064696311950684, dataloading_time : 0.0009548664093017578,forward_time :0.03351092338562012, backward_time: 0.06909608840942383, optim time :0.007083415985107422
Local>>>>>> step_time: 0.11066746711730957, dataloading_time : 0.0008840560913085938,forward_time :0.03257107734680176, backward_time: 0.07007980346679688, optim time :0.007131338119506836
[Rank 0] time (ms) | optimizer_step: 2.52
[Rank 0] time (ms) | fwd_microstep: 37.42 | bwd_microstep: 61.88 | bwd_inner_microstep: 61.18 | bwd_allreduce_microstep: 0.61 | step_microstep: 6.80
Local>>>>>> step_time: 0.10959434509277344, dataloading_time : 0.0006701946258544922,forward_time :0.03249096870422363, backward_time: 0.069366455078125, optim time :0.007065773010253906
[Rank 0] time (ms) | fwd: 37.40 | bwd: 61.89 | bwd_inner: 61.23 | bwd_allreduce: 0.61 | step: 6.80
Local>>>>>> step_time: 0.10968494415283203, dataloading_time : 0.0007531642913818359,forward_time :0.03271126747131348, backward_time: 0.06905150413513184, optim time :0.007167816162109375
[Rank 0] time (ms) | optimizer_step: 2.54
[Rank 0] time (ms) | fwd_microstep: 37.16 | bwd_microstep: 61.79 | bwd_inner_microstep: 61.09 | bwd_allreduce_microstep: 0.64 | step_microstep: 6.77
[Rank 0] time (ms) | fwd: 37.16 | bwd: 61.80 | bwd_inner: 61.11 | bwd_allreduce: 0.63 | step: 6.77
Local>>>>>> step_time: 0.10916519165039062, dataloading_time : 0.0008752346038818359,forward_time :0.032248735427856445, backward_time: 0.06898617744445801, optim time :0.007053375244140625
Local>>>>>> step_time: 0.1090536117553711, dataloading_time : 0.0005970001220703125,forward_time :0.032380104064941406, backward_time: 0.0689845085144043, optim time :0.007090568542480469
[Rank 0] time (ms) | optimizer_step: 2.54
[Rank 0] time (ms) | fwd_microstep: 37.07 | bwd_microstep: 61.80 | bwd_inner_microstep: 61.12 | bwd_allreduce_microstep: 0.58 | step_microstep: 6.80
[Rank 0] time (ms) | fwd: 37.07 | bwd: 61.80 | bwd_inner: 61.17 | bwd_allreduce: 0.57 | step: 6.80
Local>>>>>> step_time: 0.10927867889404297, dataloading_time : 0.0005867481231689453,forward_time :0.03236055374145508, backward_time: 0.06926512718200684, optim time :0.007065534591674805
Local>>>>>> step_time: 0.10929393768310547, dataloading_time : 0.0008597373962402344,forward_time :0.032317161560058594, backward_time: 0.06899094581604004, optim time :0.007124662399291992
[Rank 0] time (ms) | optimizer_step: 2.52
[Rank 0] time (ms) | fwd_microstep: 37.35 | bwd_microstep: 62.32 | bwd_inner_microstep: 60.98 | bwd_allreduce_microstep: 1.27 | step_microstep: 6.78
[Rank 0] time (ms) | fwd: 37.35 | bwd: 62.33 | bwd_inner: 61.00 | bwd_allreduce: 1.26 | step: 6.79
Local>>>>>> step_time: 0.10975933074951172, dataloading_time : 0.0005524158477783203,forward_time :0.032596588134765625, backward_time: 0.06949853897094727, optim time :0.0071103572845458984
Local>>>>>> step_time: 0.10981345176696777, dataloading_time : 0.0008797645568847656,forward_time :0.03253746032714844, backward_time: 0.06926751136779785, optim time :0.007127285003662109
[Rank 0] Step 25: loss=1.3749, time=0.110s, alloc_mem=1.72 GB, peak_mem=4.31 GB
[Rank 1] Step 25: loss=1.9018, time=0.110s, alloc_mem=1.72 GB, peak_mem=4.31 GB
[Rank 0] time (ms) | optimizer_step: 2.52
[Rank 0] time (ms) | fwd_microstep: 40.67 | bwd_microstep: 61.84 | bwd_inner_microstep: 61.20 | bwd_allreduce_microstep: 0.56 | step_microstep: 6.81
Local>>>>>> step_time: 0.11291265487670898, dataloading_time : 0.0009670257568359375,forward_time :0.0324857234954834, backward_time: 0.07239174842834473, optim time :0.007066965103149414
[Rank 0] time (ms) | fwd: 40.66 | bwd: 61.84 | bwd_inner: 61.24 | bwd_allreduce: 0.56 | step: 6.81
Local>>>>>> step_time: 0.11305546760559082, dataloading_time : 0.0009317398071289062,forward_time :0.036029815673828125, backward_time: 0.06891822814941406, optim time :0.007174253463745117
[Rank 0] time (ms) | optimizer_step: 2.52
[Rank 0] time (ms) | fwd_microstep: 37.24 | bwd_microstep: 61.78 | bwd_inner_microstep: 61.03 | bwd_allreduce_microstep: 0.70 | step_microstep: 6.77
[Rank 0] time (ms) | fwd: 37.23 | bwd: 61.79 | bwd_inner: 61.04 | bwd_allreduce: 0.70 | step: 6.76
Local>>>>>> step_time: 0.10947990417480469, dataloading_time : 0.0009462833404541016,forward_time :0.032447099685668945, backward_time: 0.06900644302368164, optim time :0.007079124450683594
Local>>>>>> step_time: 0.10941791534423828, dataloading_time : 0.0008563995361328125,forward_time :0.03246927261352539, backward_time: 0.06897902488708496, optim time :0.007111787796020508
[Rank 0] time (ms) | optimizer_step: 2.53
[Rank 0] time (ms) | fwd_microstep: 37.34 | bwd_microstep: 61.97 | bwd_inner_microstep: 61.37 | bwd_allreduce_microstep: 0.55 | step_microstep: 6.80
[Rank 0] time (ms) | fwd: 37.33 | bwd: 61.98 | bwd_inner: 61.38 | bwd_allreduce: 0.56 | step: 6.81
Local>>>>>> step_time: 0.10946130752563477, dataloading_time : 0.0008149147033691406,forward_time :0.032446861267089844, backward_time: 0.06909608840942383, optim time :0.007102012634277344
Local>>>>>> step_time: 0.10944795608520508, dataloading_time : 0.0005490779876708984,forward_time :0.03263115882873535, backward_time: 0.06914043426513672, optim time :0.0071258544921875
[Rank 0] time (ms) | optimizer_step: 2.52
[Rank 0] time (ms) | fwd_microstep: 37.23 | bwd_microstep: 61.96 | bwd_inner_microstep: 61.01 | bwd_allreduce_microstep: 0.91 | step_microstep: 6.78
[Rank 0] time (ms) | fwd: 37.22 | bwd: 61.97 | bwd_inner: 61.02 | bwd_allreduce: 0.91 | step: 6.78
Local>>>>>> step_time: 0.10936665534973145, dataloading_time : 0.0009741783142089844,forward_time :0.03228306770324707, backward_time: 0.06904268264770508, optim time :0.0070648193359375
Local>>>>>> step_time: 0.10936880111694336, dataloading_time : 0.00066375732421875,forward_time :0.03245735168457031, backward_time: 0.06914901733398438, optim time :0.007098197937011719
[Rank 0] time (ms) | optimizer_step: 2.52
[Rank 0] time (ms) | fwd_microstep: 37.13 | bwd_microstep: 62.12 | bwd_inner_microstep: 61.47 | bwd_allreduce_microstep: 0.59 | step_microstep: 6.89
Local>>>>>> step_time: 0.10974478721618652, dataloading_time : 0.0007097721099853516,forward_time :0.03227996826171875, backward_time: 0.06962227821350098, optim time :0.007131338119506836
[Rank 0] time (ms) | fwd: 37.12 | bwd: 62.13 | bwd_inner: 61.49 | bwd_allreduce: 0.59 | step: 6.90
Local>>>>>> step_time: 0.10983920097351074, dataloading_time : 0.0009505748748779297,forward_time :0.032382965087890625, backward_time: 0.06928324699401855, optim time :0.007220745086669922
[Rank 1] Step 30: loss=1.7758, time=0.110s, alloc_mem=1.72 GB, peak_mem=4.31 GB
[Rank 0] Step 30: loss=1.7467, time=0.110s, alloc_mem=1.72 GB, peak_mem=4.31 GB
[Rank 0] time (ms) | optimizer_step: 2.53
[Rank 0] time (ms) | fwd_microstep: 37.46 | bwd_microstep: 61.73 | bwd_inner_microstep: 61.11 | bwd_allreduce_microstep: 0.55 | step_microstep: 6.80
[Rank 0] time (ms) | fwd: 37.46 | bwd: 61.74 | bwd_inner: 61.14 | bwd_allreduce: 0.55 | step: 6.79
Local>>>>>> step_time: 0.10958981513977051, dataloading_time : 0.0008461475372314453,forward_time :0.032700538635253906, backward_time: 0.06891584396362305, optim time :0.007125377655029297Local>>>>>> step_time: 0.10968971252441406, dataloading_time : 0.0007078647613525391,forward_time :0.03253364562988281, backward_time: 0.06932234764099121, optim time :0.007125139236450195

[Rank 0] time (ms) | optimizer_step: 2.54
[Rank 0] time (ms) | fwd_microstep: 36.94 | bwd_microstep: 62.00 | bwd_inner_microstep: 61.01 | bwd_allreduce_microstep: 0.93 | step_microstep: 6.80
[Rank 0] time (ms) | fwd: 36.94 | bwd: 62.00 | bwd_inner: 61.03 | bwd_allreduce: 0.93 | step: 6.80
Local>>>>>> step_time: 0.10933136940002441, dataloading_time : 0.0008513927459716797,forward_time :0.0321958065032959, backward_time: 0.06916499137878418, optim time :0.00711822509765625
Local>>>>>> step_time: 0.10936808586120605, dataloading_time : 0.0008308887481689453,forward_time :0.03224897384643555, backward_time: 0.06911873817443848, optim time :0.007168292999267578
[Rank 0] time (ms) | optimizer_step: 2.56
[Rank 0] time (ms) | fwd_microstep: 37.08 | bwd_microstep: 61.85 | bwd_inner_microstep: 61.21 | bwd_allreduce_microstep: 0.59 | step_microstep: 6.81
Local>>>>>> step_time: 0.10927200317382812, dataloading_time : 0.0009403228759765625,forward_time :0.03228330612182617, backward_time: 0.06897687911987305, optim time :0.007070064544677734
[Rank 0] time (ms) | fwd: 37.07 | bwd: 61.85 | bwd_inner: 61.22 | bwd_allreduce: 0.59 | step: 6.81
Local>>>>>> step_time: 0.10941076278686523, dataloading_time : 0.0009272098541259766,forward_time :0.032303571701049805, backward_time: 0.06905102729797363, optim time :0.0071277618408203125
[Rank 0] time (ms) | optimizer_step: 2.53
[Rank 0] time (ms) | fwd_microstep: 37.36 | bwd_microstep: 62.12 | bwd_inner_microstep: 61.46 | bwd_allreduce_microstep: 0.60 | step_microstep: 6.81
Local>>>>>> step_time: 0.10993266105651855, dataloading_time : 0.0006756782531738281,forward_time :0.03232860565185547, backward_time: 0.06985831260681152, optim time :0.00706934928894043[Rank 0] time (ms) | fwd: 37.36 | bwd: 62.13 | bwd_inner: 61.48 | bwd_allreduce: 0.60 | step: 6.81

Local>>>>>> step_time: 0.10989904403686523, dataloading_time : 0.0008432865142822266,forward_time :0.032631874084472656, backward_time: 0.06928563117980957, optim time :0.0071370601654052734
[Rank 0] time (ms) | optimizer_step: 2.52
[Rank 0] time (ms) | fwd_microstep: 37.04 | bwd_microstep: 62.23 | bwd_inner_microstep: 61.07 | bwd_allreduce_microstep: 1.11 | step_microstep: 6.83
[Rank 0] time (ms) | fwd: 37.03 | bwd: 62.24 | bwd_inner: 61.08 | bwd_allreduce: 1.11 | step: 6.83
Local>>>>>> step_time: 0.1094503402709961, dataloading_time : 0.0006992816925048828,forward_time :0.032320499420166016, backward_time: 0.0693051815032959, optim time :0.007124423980712891
Local>>>>>> step_time: 0.10942387580871582, dataloading_time : 0.0005817413330078125,forward_time :0.0322568416595459, backward_time: 0.06943345069885254, optim time :0.007150888442993164
[Rank 1] Step 35: loss=1.7469, time=0.109s, alloc_mem=1.72 GB, peak_mem=4.31 GB
[Rank 0] Step 35: loss=1.3422, time=0.109s, alloc_mem=1.72 GB, peak_mem=4.31 GB
[Rank 0] time (ms) | optimizer_step: 2.54
[Rank 0] time (ms) | fwd_microstep: 37.06 | bwd_microstep: 61.94 | bwd_inner_microstep: 61.14 | bwd_allreduce_microstep: 0.74 | step_microstep: 6.77
[Rank 0] time (ms) | fwd: 37.03 | bwd: 61.94 | bwd_inner: 61.16 | bwd_allreduce: 0.74 | step: 6.77
Local>>>>>> step_time: 0.10937118530273438, dataloading_time : 0.0009517669677734375,forward_time :0.03234744071960449, backward_time: 0.06900429725646973, optim time :0.007066488265991211
Local>>>>>> step_time: 0.1093900203704834, dataloading_time : 0.00084686279296875,forward_time :0.03234982490539551, backward_time: 0.06910252571105957, optim time :0.0070896148681640625
[Rank 0] time (ms) | optimizer_step: 2.52
[Rank 0] time (ms) | fwd_microstep: 37.39 | bwd_microstep: 61.73 | bwd_inner_microstep: 61.12 | bwd_allreduce_microstep: 0.56 | step_microstep: 6.77
[Rank 0] time (ms) | fwd: 37.38 | bwd: 61.74 | bwd_inner: 61.13 | bwd_allreduce: 0.56 | step: 6.78
Local>>>>>> step_time: 0.10950660705566406, dataloading_time : 0.0008535385131835938,forward_time :0.0326230525970459, backward_time: 0.06892061233520508, optim time :0.007108449935913086
Local>>>>>> step_time: 0.10954070091247559, dataloading_time : 0.0008153915405273438,forward_time :0.032514095306396484, backward_time: 0.06910943984985352, optim time :0.007100582122802734
[Rank 0] time (ms) | optimizer_step: 2.54
[Rank 0] time (ms) | fwd_microstep: 37.02 | bwd_microstep: 62.08 | bwd_inner_microstep: 61.05 | bwd_allreduce_microstep: 0.94 | step_microstep: 6.80
[Rank 0] time (ms) | fwd: 37.02 | bwd: 62.08 | bwd_inner: 61.10 | bwd_allreduce: 0.94 | step: 6.80
Local>>>>>> step_time: 0.10924458503723145, dataloading_time : 0.0009415149688720703,forward_time :0.03230547904968262, backward_time: 0.06890535354614258, optim time :0.007090568542480469
Local>>>>>> step_time: 0.10929632186889648, dataloading_time : 0.0006384849548339844,forward_time :0.03227591514587402, backward_time: 0.06925415992736816, optim time :0.007126569747924805
[Rank 0] time (ms) | optimizer_step: 2.53
[Rank 0] time (ms) | fwd_microstep: 37.28 | bwd_microstep: 61.83 | bwd_inner_microstep: 61.20 | bwd_allreduce_microstep: 0.57 | step_microstep: 6.76
[Rank 0] time (ms) | fwd: 37.28 | bwd: 61.83 | bwd_inner: 61.22 | bwd_allreduce: 0.57 | step: 6.77
Local>>>>>> step_time: 0.10921049118041992, dataloading_time : 0.0008056163787841797,forward_time :0.03241419792175293, backward_time: 0.06890034675598145, optim time :0.007088899612426758
Local>>>>>> step_time: 0.10919308662414551, dataloading_time : 0.0005795955657958984,forward_time :0.032523393630981445, backward_time: 0.0690007209777832, optim time :0.00708770751953125
[Rank 0] time (ms) | optimizer_step: 2.56
[Rank 0] time (ms) | fwd_microstep: 37.39 | bwd_microstep: 64.73 | bwd_inner_microstep: 64.11 | bwd_allreduce_microstep: 0.57 | step_microstep: 6.81
[Rank 0] time (ms) | fwd: 37.38 | bwd: 64.73 | bwd_inner: 64.12 | bwd_allreduce: 0.57 | step: 6.81
Local>>>>>> step_time: 0.11227178573608398, dataloading_time : 0.0005557537078857422,forward_time :0.03244447708129883, backward_time: 0.07216715812683105, optim time :0.007103443145751953
Local>>>>>> step_time: 0.11228513717651367, dataloading_time : 0.0005702972412109375,forward_time :0.032662391662597656, backward_time: 0.07191801071166992, optim time :0.007133007049560547
[Rank 1] Step 40: loss=1.2804, time=0.112s, alloc_mem=1.72 GB, peak_mem=4.31 GB
[Rank 0] Step 40: loss=1.5310, time=0.112s, alloc_mem=1.72 GB, peak_mem=4.31 GB
[Rank 0] time (ms) | optimizer_step: 2.56
[Rank 0] time (ms) | fwd_microstep: 37.23 | bwd_microstep: 61.80 | bwd_inner_microstep: 61.02 | bwd_allreduce_microstep: 0.72 | step_microstep: 6.82
Local>>>>>> step_time: 0.10945892333984375, dataloading_time : 0.0009005069732666016,forward_time :0.03245401382446289, backward_time: 0.0690464973449707, optim time :0.00705718994140625
[Rank 0] time (ms) | fwd: 37.22 | bwd: 61.81 | bwd_inner: 61.04 | bwd_allreduce: 0.73 | step: 6.82
Local>>>>>> step_time: 0.10954856872558594, dataloading_time : 0.0009481906890869141,forward_time :0.032469987869262695, backward_time: 0.06898164749145508, optim time :0.007147312164306641
[Rank 0] time (ms) | optimizer_step: 2.52
[Rank 0] time (ms) | fwd_microstep: 36.99 | bwd_microstep: 61.79 | bwd_inner_microstep: 61.05 | bwd_allreduce_microstep: 0.69 | step_microstep: 6.81
Local>>>>>> step_time: 0.10933279991149902, dataloading_time : 0.0007250308990478516,forward_time :0.0323336124420166, backward_time: 0.06916975975036621, optim time :0.00710296630859375
[Rank 0] time (ms) | fwd: 36.98 | bwd: 61.80 | bwd_inner: 61.06 | bwd_allreduce: 0.69 | step: 6.82
Local>>>>>> step_time: 0.10930728912353516, dataloading_time : 0.0009434223175048828,forward_time :0.03223085403442383, backward_time: 0.06896758079528809, optim time :0.007162332534790039
[Rank 0] time (ms) | optimizer_step: 2.57
[Rank 0] time (ms) | fwd_microstep: 37.26 | bwd_microstep: 61.67 | bwd_inner_microstep: 61.05 | bwd_allreduce_microstep: 0.55 | step_microstep: 6.79
Local>>>>>> step_time: 0.10936141014099121, dataloading_time : 0.0005843639373779297,forward_time :0.03232550621032715, backward_time: 0.06939005851745605, optim time :0.00706028938293457
[Rank 0] time (ms) | fwd: 37.26 | bwd: 61.68 | bwd_inner: 61.07 | bwd_allreduce: 0.56 | step: 6.80
Local>>>>>> step_time: 0.1093597412109375, dataloading_time : 0.0008900165557861328,forward_time :0.032488346099853516, backward_time: 0.06885933876037598, optim time :0.007120847702026367
[Rank 0] time (ms) | optimizer_step: 2.52
[Rank 0] time (ms) | fwd_microstep: 37.07 | bwd_microstep: 61.78 | bwd_inner_microstep: 60.89 | bwd_allreduce_microstep: 0.84 | step_microstep: 6.77
[Rank 0] time (ms) | fwd: 37.06 | bwd: 61.79 | bwd_inner: 60.91 | bwd_allreduce: 0.84 | step: 6.77
Local>>>>>> step_time: 0.10929489135742188, dataloading_time : 0.0010786056518554688,forward_time :0.0323023796081543, backward_time: 0.06884169578552246, optim time :0.007070779800415039
Local>>>>>> step_time: 0.10926389694213867, dataloading_time : 0.0008974075317382812,forward_time :0.03231668472290039, backward_time: 0.06895923614501953, optim time :0.007089138031005859
[Rank 0] time (ms) | optimizer_step: 2.54
[Rank 0] time (ms) | fwd_microstep: 37.12 | bwd_microstep: 61.77 | bwd_inner_microstep: 61.16 | bwd_allreduce_microstep: 0.56 | step_microstep: 6.77
[Rank 0] time (ms) | fwd: 37.11 | bwd: 61.78 | bwd_inner: 61.18 | bwd_allreduce: 0.56 | step: 6.77
Local>>>>>> step_time: 0.10926032066345215, dataloading_time : 0.0006754398345947266,forward_time :0.03234505653381348, backward_time: 0.06918096542358398, optim time :0.0070574283599853516
Local>>>>>> step_time: 0.10926079750061035, dataloading_time : 0.0008463859558105469,forward_time :0.032363176345825195, backward_time: 0.06895613670349121, optim time :0.007093667984008789
[Rank 1] Step 45: loss=1.3511, time=0.109s, alloc_mem=1.72 GB, peak_mem=4.31 GB
[Rank 0] Step 45: loss=2.0766, time=0.109s, alloc_mem=1.72 GB, peak_mem=4.31 GB
[Rank 0] time (ms) | optimizer_step: 2.55
[Rank 0] time (ms) | fwd_microstep: 37.39 | bwd_microstep: 61.73 | bwd_inner_microstep: 60.87 | bwd_allreduce_microstep: 0.80 | step_microstep: 6.77
Local>>>>>> step_time: 0.10951447486877441, dataloading_time : 0.0009903907775878906,forward_time :0.032468318939208984, backward_time: 0.06899666786193848, optim time :0.007057905197143555
[Rank 0] time (ms) | fwd: 37.39 | bwd: 61.74 | bwd_inner: 60.89 | bwd_allreduce: 0.80 | step: 6.77
Local>>>>>> step_time: 0.10956048965454102, dataloading_time : 0.0009055137634277344,forward_time :0.03264284133911133, backward_time: 0.06891202926635742, optim time :0.007098674774169922
[Rank 0] time (ms) | optimizer_step: 2.54
[Rank 0] time (ms) | fwd_microstep: 37.25 | bwd_microstep: 61.85 | bwd_inner_microstep: 61.23 | bwd_allreduce_microstep: 0.57 | step_microstep: 6.80
Local>>>>>> step_time: 0.10953044891357422, dataloading_time : 0.0006806850433349609,forward_time :0.03226923942565918, backward_time: 0.06953883171081543, optim time :0.007040739059448242
[Rank 0] time (ms) | fwd: 37.24 | bwd: 61.86 | bwd_inner: 61.24 | bwd_allreduce: 0.56 | step: 6.80
Local>>>>>> step_time: 0.10955309867858887, dataloading_time : 0.00091552734375,forward_time :0.03249096870422363, backward_time: 0.06902718544006348, optim time :0.0071184635162353516
[Rank 0] time (ms) | optimizer_step: 2.54
[Rank 0] time (ms) | fwd_microstep: 37.24 | bwd_microstep: 61.89 | bwd_inner_microstep: 60.99 | bwd_allreduce_microstep: 0.83 | step_microstep: 6.82
[Rank 0] time (ms) | fwd: 37.23 | bwd: 61.90 | bwd_inner: 61.01 | bwd_allreduce: 0.83 | step: 6.83
Local>>>>>> step_time: 0.10937190055847168, dataloading_time : 0.0009050369262695312,forward_time :0.032362937927246094, backward_time: 0.06895184516906738, optim time :0.0071506500244140625
Local>>>>>> step_time: 0.10931110382080078, dataloading_time : 0.0005545616149902344,forward_time :0.03255462646484375, backward_time: 0.06903719902038574, optim time :0.007163524627685547
[Rank 0] time (ms) | optimizer_step: 2.55
[Rank 0] time (ms) | fwd_microstep: 37.34 | bwd_microstep: 61.76 | bwd_inner_microstep: 61.10 | bwd_allreduce_microstep: 0.60 | step_microstep: 6.81
Local>>>>>> step_time: 0.10951566696166992, dataloading_time : 0.0007181167602539062,forward_time :0.03244447708129883, backward_time: 0.06931734085083008, optim time :0.0070345401763916016
[Rank 0] time (ms) | fwd: 37.34 | bwd: 61.76 | bwd_inner: 61.12 | bwd_allreduce: 0.60 | step: 6.81
Local>>>>>> step_time: 0.10959959030151367, dataloading_time : 0.0009410381317138672,forward_time :0.03256416320800781, backward_time: 0.06895589828491211, optim time :0.007136821746826172
[Rank 0] time (ms) | optimizer_step: 2.55
[Rank 0] time (ms) | fwd_microstep: 37.12 | bwd_microstep: 62.01 | bwd_inner_microstep: 61.35 | bwd_allreduce_microstep: 0.60 | step_microstep: 6.79
[Rank 0] time (ms) | fwd: 37.12 | bwd: 62.01 | bwd_inner: 61.37 | bwd_allreduce: 0.60 | step: 6.79
Local>>>>>> step_time: 0.10935759544372559, dataloading_time : 0.0009698867797851562,forward_time :0.03224349021911621, backward_time: 0.06905341148376465, optim time :0.007089138031005859
Local>>>>>> step_time: 0.10931158065795898, dataloading_time : 0.0006513595581054688,forward_time :0.03235507011413574, backward_time: 0.06919264793395996, optim time :0.007110595703125
[Rank 1] Step 50: loss=2.4395, time=0.109s, alloc_mem=1.72 GB, peak_mem=4.31 GB
[Rank 0] Step 50: loss=1.2634, time=0.109s, alloc_mem=1.72 GB, peak_mem=4.31 GB
[Rank 0] time (ms) | optimizer_step: 2.52
[Rank 0] time (ms) | fwd_microstep: 37.14 | bwd_microstep: 61.74 | bwd_inner_microstep: 61.05 | bwd_allreduce_microstep: 0.64 | step_microstep: 6.80
[Rank 0] time (ms) | fwd: 37.13 | bwd: 61.75 | bwd_inner: 61.07 | bwd_allreduce: 0.64 | step: 6.80
Local>>>>>> step_time: 0.10904288291931152, dataloading_time : 0.0005762577056884766,forward_time :0.03244614601135254, backward_time: 0.0688939094543457, optim time :0.007125377655029297
Local>>>>>> step_time: 0.10902142524719238, dataloading_time : 0.0005991458892822266,forward_time :0.03235745429992676, backward_time: 0.0689384937286377, optim time :0.007125377655029297
[Rank 0] time (ms) | optimizer_step: 2.55
[Rank 0] time (ms) | fwd_microstep: 37.49 | bwd_microstep: 61.63 | bwd_inner_microstep: 60.98 | bwd_allreduce_microstep: 0.60 | step_microstep: 6.77
[Rank 0] time (ms) | fwd: 37.46 | bwd: 61.64 | bwd_inner: 60.99 | bwd_allreduce: 0.60 | step: 6.77
Local>>>>>> step_time: 0.1094815731048584, dataloading_time : 0.0006628036499023438,forward_time :0.03246021270751953, backward_time: 0.06928133964538574, optim time :0.0070765018463134766
Local>>>>>> step_time: 0.10950827598571777, dataloading_time : 0.0008440017700195312,forward_time :0.03278493881225586, backward_time: 0.06878900527954102, optim time :0.007089138031005859
[Rank 0] time (ms) | optimizer_step: 2.53
Local>>>>>> step_time: 0.10953569412231445, dataloading_time : 0.0008852481842041016,forward_time :0.03232240676879883, backward_time: 0.06924295425415039, optim time :0.00708317756652832
[Rank 0] time (ms) | fwd_microstep: 37.22 | bwd_microstep: 61.83 | bwd_inner_microstep: 61.20 | bwd_allreduce_microstep: 0.57 | step_microstep: 6.88
[Rank 0] time (ms) | fwd: 37.21 | bwd: 61.83 | bwd_inner: 61.22 | bwd_allreduce: 0.57 | step: 6.88
Local>>>>>> step_time: 0.10964488983154297, dataloading_time : 0.0009641647338867188,forward_time :0.03248715400695801, backward_time: 0.06897854804992676, optim time :0.007213592529296875
[Rank 0] time (ms) | optimizer_step: 2.55
[Rank 0] time (ms) | fwd_microstep: 37.17 | bwd_microstep: 61.84 | bwd_inner_microstep: 61.20 | bwd_allreduce_microstep: 0.59 | step_microstep: 6.75
[Rank 0] time (ms) | fwd: 37.17 | bwd: 61.85 | bwd_inner: 61.21 | bwd_allreduce: 0.59 | step: 6.75
Local>>>>>> step_time: 0.10940885543823242, dataloading_time : 0.0008997917175292969,forward_time :0.03241229057312012, backward_time: 0.06902384757995605, optim time :0.007071256637573242
Local>>>>>> step_time: 0.10955429077148438, dataloading_time : 0.000985860824584961,forward_time :0.032309532165527344, backward_time: 0.06917977333068848, optim time :0.0070781707763671875
[Rank 0] time (ms) | optimizer_step: 2.57
[Rank 0] time (ms) | fwd_microstep: 37.39 | bwd_microstep: 65.47 | bwd_inner_microstep: 61.26 | bwd_allreduce_microstep: 4.16 | step_microstep: 6.87
Local>>>>>> step_time: 0.11291766166687012, dataloading_time : 0.0008814334869384766,forward_time :0.03252530097961426, backward_time: 0.07239556312561035, optim time :0.0071141719818115234
[Rank 0] time (ms) | fwd: 37.38 | bwd: 65.48 | bwd_inner: 61.27 | bwd_allreduce: 4.16 | step: 6.87
Local>>>>>> step_time: 0.1130516529083252, dataloading_time : 0.0005810260772705078,forward_time :0.03260922431945801, backward_time: 0.0726616382598877, optim time :0.007198810577392578
[Rank 1] Step 55: loss=1.8710, time=0.113s, alloc_mem=1.72 GB, peak_mem=4.31 GB
[Rank 0] Step 55: loss=1.0642, time=0.113s, alloc_mem=1.72 GB, peak_mem=4.31 GB
[Rank 0] time (ms) | optimizer_step: 2.55
[Rank 0] time (ms) | fwd_microstep: 37.22 | bwd_microstep: 63.41 | bwd_inner_microstep: 62.78 | bwd_allreduce_microstep: 0.58 | step_microstep: 6.80
Local>>>>>> step_time: 0.11143732070922852, dataloading_time : 0.0012998580932617188,forward_time :0.03249621391296387, backward_time: 0.0705723762512207, optim time :0.00706791877746582[Rank 0] time (ms) | fwd: 37.21 | bwd: 63.41 | bwd_inner: 62.79 | bwd_allreduce: 0.58 | step: 6.80

Local>>>>>> step_time: 0.1113898754119873, dataloading_time : 0.001157999038696289,forward_time :0.03251504898071289, backward_time: 0.070587158203125, optim time :0.007128238677978516
[Rank 0] time (ms) | optimizer_step: 2.55
[Rank 0] time (ms) | fwd_microstep: 37.24 | bwd_microstep: 61.76 | bwd_inner_microstep: 61.13 | bwd_allreduce_microstep: 0.58 | step_microstep: 6.79
[Rank 0] time (ms) | fwd: 37.23 | bwd: 61.77 | bwd_inner: 61.14 | bwd_allreduce: 0.58 | step: 6.79
Local>>>>>> step_time: 0.10947918891906738, dataloading_time : 0.0008935928344726562,forward_time :0.03220796585083008, backward_time: 0.06930232048034668, optim time :0.007073879241943359
Local>>>>>> step_time: 0.1094815731048584, dataloading_time : 0.00093841552734375,forward_time :0.032499074935913086, backward_time: 0.06892895698547363, optim time :0.00711369514465332
[Rank 0] time (ms) | optimizer_step: 2.53
[Rank 0] time (ms) | fwd_microstep: 37.43 | bwd_microstep: 61.89 | bwd_inner_microstep: 61.20 | bwd_allreduce_microstep: 0.60 | step_microstep: 6.82
[Rank 0] time (ms) | fwd: 37.42 | bwd: 61.89 | bwd_inner: 61.24 | bwd_allreduce: 0.60 | step: 6.82
Local>>>>>> step_time: 0.10988998413085938, dataloading_time : 0.001069784164428711,forward_time :0.03249526023864746, backward_time: 0.06922173500061035, optim time :0.007101774215698242
Local>>>>>> step_time: 0.10989594459533691, dataloading_time : 0.00090789794921875,forward_time :0.03271603584289551, backward_time: 0.06908154487609863, optim time :0.007189273834228516
[Rank 0] time (ms) | optimizer_step: 2.57
Local>>>>>> step_time: 0.10931563377380371, dataloading_time : 0.0006594657897949219,forward_time :0.03234982490539551, backward_time: 0.06926965713500977, optim time :0.007035255432128906
[Rank 0] time (ms) | fwd_microstep: 37.27 | bwd_microstep: 61.69 | bwd_inner_microstep: 61.08 | bwd_allreduce_microstep: 0.56 | step_microstep: 6.83
[Rank 0] time (ms) | fwd: 37.26 | bwd: 61.70 | bwd_inner: 61.09 | bwd_allreduce: 0.56 | step: 6.83
Local>>>>>> step_time: 0.10939884185791016, dataloading_time : 0.0008504390716552734,forward_time :0.03253054618835449, backward_time: 0.06885933876037598, optim time :0.007157325744628906
[Rank 0] time (ms) | optimizer_step: 2.53
[Rank 0] time (ms) | fwd_microstep: 37.24 | bwd_microstep: 61.82 | bwd_inner_microstep: 61.17 | bwd_allreduce_microstep: 0.60 | step_microstep: 6.77
[Rank 0] time (ms) | fwd: 37.23 | bwd: 61.83 | bwd_inner: 61.18 | bwd_allreduce: 0.60 | step: 6.77
Local>>>>>> step_time: 0.10951876640319824, dataloading_time : 0.0009400844573974609,forward_time :0.032483816146850586, backward_time: 0.06899189949035645, optim time :0.007101774215698242
Local>>>>>> step_time: 0.10968875885009766, dataloading_time : 0.0011570453643798828,forward_time :0.0322725772857666, backward_time: 0.0691976547241211, optim time :0.007060050964355469
[Rank 0] Step 60: loss=1.5449, time=0.110s, alloc_mem=1.72 GB, peak_mem=4.31 GB
[Rank 1] Step 60: loss=1.3907, time=0.110s, alloc_mem=1.72 GB, peak_mem=4.31 GB
[Rank 0] time (ms) | optimizer_step: 2.55
[Rank 0] time (ms) | fwd_microstep: 37.34 | bwd_microstep: 64.86 | bwd_inner_microstep: 64.25 | bwd_allreduce_microstep: 0.56 | step_microstep: 6.83
[Rank 0] time (ms) | fwd: 37.33 | bwd: 64.87 | bwd_inner: 64.26 | bwd_allreduce: 0.56 | step: 6.84
Local>>>>>> step_time: 0.11234903335571289, dataloading_time : 0.0005748271942138672,forward_time :0.032567501068115234, backward_time: 0.07204794883728027, optim time :0.007157564163208008
Local>>>>>> step_time: 0.11231493949890137, dataloading_time : 0.0008080005645751953,forward_time :0.032561540603637695, backward_time: 0.07186150550842285, optim time :0.007082939147949219
[Rank 0] time (ms) | optimizer_step: 2.54
[Rank 0] time (ms) | fwd_microstep: 37.15 | bwd_microstep: 61.88 | bwd_inner_microstep: 61.21 | bwd_allreduce_microstep: 0.58 | step_microstep: 6.80
[Rank 0] time (ms) | fwd: 37.15 | bwd: 61.88 | bwd_inner: 61.26 | bwd_allreduce: 0.57 | step: 6.80
Local>>>>>> step_time: 0.109161376953125, dataloading_time : 0.0005395412445068359,forward_time :0.032441139221191406, backward_time: 0.06905865669250488, optim time :0.007121086120605469
Local>>>>>> step_time: 0.10914921760559082, dataloading_time : 0.0008792877197265625,forward_time :0.032357215881347656, backward_time: 0.06885457038879395, optim time :0.0070569515228271484
[Rank 0] time (ms) | optimizer_step: 2.55
[Rank 0] time (ms) | fwd_microstep: 37.16 | bwd_microstep: 61.94 | bwd_inner_microstep: 61.31 | bwd_allreduce_microstep: 0.57 | step_microstep: 6.80
[Rank 0] time (ms) | fwd: 37.15 | bwd: 61.94 | bwd_inner: 61.33 | bwd_allreduce: 0.57 | step: 6.80
Local>>>>>> step_time: 0.10965132713317871, dataloading_time : 0.0010123252868652344,forward_time :0.03242325782775879, backward_time: 0.0690908432006836, optim time :0.007123470306396484
Local>>>>>> step_time: 0.10964679718017578, dataloading_time : 0.000545501708984375,forward_time :0.03232264518737793, backward_time: 0.06963467597961426, optim time :0.007142305374145508
[Rank 0] time (ms) | optimizer_step: 2.53
[Rank 0] time (ms) | fwd_microstep: 37.49 | bwd_microstep: 62.00 | bwd_inner_microstep: 61.30 | bwd_allreduce_microstep: 0.64 | step_microstep: 6.81
[Rank 0] time (ms) | fwd: 37.47 | bwd: 62.01 | bwd_inner: 61.32 | bwd_allreduce: 0.64 | step: 6.81
Local>>>>>> step_time: 0.10971570014953613, dataloading_time : 0.0010013580322265625,forward_time :0.03243613243103027, backward_time: 0.06921982765197754, optim time :0.0070569515228271484
Local>>>>>> step_time: 0.10977745056152344, dataloading_time : 0.0006670951843261719,forward_time :0.03275251388549805, backward_time: 0.06918525695800781, optim time :0.0071713924407958984
[Rank 0] time (ms) | optimizer_step: 2.54
[Rank 0] time (ms) | fwd_microstep: 37.18 | bwd_microstep: 61.89 | bwd_inner_microstep: 61.15 | bwd_allreduce_microstep: 0.68 | step_microstep: 6.80
[Rank 0] time (ms) | fwd: 37.17 | bwd: 61.90 | bwd_inner: 61.17 | bwd_allreduce: 0.69 | step: 6.80
Local>>>>>> step_time: 0.10944843292236328, dataloading_time : 0.0006814002990722656,forward_time :0.03234982490539551, backward_time: 0.06934785842895508, optim time :0.007068157196044922
Local>>>>>> step_time: 0.1094517707824707, dataloading_time : 0.0008454322814941406,forward_time :0.032419443130493164, backward_time: 0.06907033920288086, optim time :0.007114887237548828
[Rank 1] Step 65: loss=1.8761, time=0.109s, alloc_mem=1.72 GB, peak_mem=4.31 GB
[Rank 0] Step 65: loss=1.2858, time=0.109s, alloc_mem=1.72 GB, peak_mem=4.31 GB
[Rank 0] time (ms) | optimizer_step: 2.52
[Rank 0] time (ms) | fwd_microstep: 37.32 | bwd_microstep: 61.55 | bwd_inner_microstep: 60.92 | bwd_allreduce_microstep: 0.58 | step_microstep: 6.75
[Rank 0] time (ms) | fwd: 37.31 | bwd: 61.56 | bwd_inner: 60.93 | bwd_allreduce: 0.58 | step: 6.75
Local>>>>>> step_time: 0.10933756828308105, dataloading_time : 0.0009610652923583984,forward_time :0.03257131576538086, backward_time: 0.06872940063476562, optim time :0.007074117660522461
Local>>>>>> step_time: 0.10937690734863281, dataloading_time : 0.0008764266967773438,forward_time :0.03239583969116211, backward_time: 0.06901216506958008, optim time :0.007091522216796875
[Rank 0] time (ms) | optimizer_step: 2.53
[Rank 0] time (ms) | fwd_microstep: 37.55 | bwd_microstep: 61.57 | bwd_inner_microstep: 60.92 | bwd_allreduce_microstep: 0.59 | step_microstep: 6.77
[Rank 0] time (ms) | fwd: 37.54 | bwd: 61.57 | bwd_inner: 60.94 | bwd_allreduce: 0.59 | step: 6.77
Local>>>>>> step_time: 0.10951805114746094, dataloading_time : 0.0009343624114990234,forward_time :0.03255438804626465, backward_time: 0.0689229965209961, optim time :0.007105112075805664Local>>>>>> step_time: 0.10953783988952637, dataloading_time : 0.0008993148803710938,forward_time :0.03280901908874512, backward_time: 0.06871938705444336, optim time :0.007108449935913086

[Rank 0] time (ms) | optimizer_step: 2.52
[Rank 0] time (ms) | fwd_microstep: 37.17 | bwd_microstep: 62.15 | bwd_inner_microstep: 61.15 | bwd_allreduce_microstep: 0.94 | step_microstep: 6.81
[Rank 0] time (ms) | fwd: 37.17 | bwd: 62.16 | bwd_inner: 61.17 | bwd_allreduce: 0.94 | step: 6.81
Local>>>>>> step_time: 0.10946321487426758, dataloading_time : 0.0008955001831054688,forward_time :0.03236031532287598, backward_time: 0.06912565231323242, optim time :0.0070803165435791016
Local>>>>>> step_time: 0.1094961166381836, dataloading_time : 0.0005812644958496094,forward_time :0.032473087310791016, backward_time: 0.0693213939666748, optim time :0.007119655609130859
[Rank 0] time (ms) | optimizer_step: 2.52
[Rank 0] time (ms) | fwd_microstep: 37.19 | bwd_microstep: 61.85 | bwd_inner_microstep: 61.22 | bwd_allreduce_microstep: 0.57 | step_microstep: 6.85
Local>>>>>> step_time: 0.10943365097045898, dataloading_time : 0.0010454654693603516,forward_time :0.032355546951293945, backward_time: 0.06892013549804688, optim time :0.0071108341217041016
[Rank 0] time (ms) | fwd: 37.18 | bwd: 61.85 | bwd_inner: 61.24 | bwd_allreduce: 0.57 | step: 6.85
Local>>>>>> step_time: 0.10948562622070312, dataloading_time : 0.0008523464202880859,forward_time :0.03242659568786621, backward_time: 0.0690314769744873, optim time :0.007174015045166016
[Rank 0] time (ms) | optimizer_step: 2.52
[Rank 0] time (ms) | fwd_microstep: 37.33 | bwd_microstep: 61.89 | bwd_inner_microstep: 61.24 | bwd_allreduce_microstep: 0.60 | step_microstep: 6.78
[Rank 0] time (ms) | fwd: 37.32 | bwd: 61.89 | bwd_inner: 61.25 | bwd_allreduce: 0.60 | step: 6.79
Local>>>>>> step_time: 0.10961294174194336, dataloading_time : 0.0008716583251953125,forward_time :0.03259158134460449, backward_time: 0.06904315948486328, optim time :0.007105350494384766Local>>>>>> step_time: 0.1096804141998291, dataloading_time : 0.0010788440704345703,forward_time :0.03245949745178223, backward_time: 0.06903839111328125, optim time :0.007101774215698242

[Rank 0] Step 70: loss=1.8928, time=0.110s, alloc_mem=1.72 GB, peak_mem=4.31 GB
[Rank 1] Step 70: loss=1.2390, time=0.110s, alloc_mem=1.72 GB, peak_mem=4.31 GB
[Rank 0] time (ms) | optimizer_step: 2.53
[Rank 0] time (ms) | fwd_microstep: 37.28 | bwd_microstep: 64.92 | bwd_inner_microstep: 61.27 | bwd_allreduce_microstep: 3.60 | step_microstep: 6.83
Local>>>>>> step_time: 0.1122596263885498, dataloading_time : 0.0008974075317382812,forward_time :0.03235363960266113, backward_time: 0.07191920280456543, optim time :0.007088184356689453
[Rank 0] time (ms) | fwd: 37.27 | bwd: 64.93 | bwd_inner: 61.28 | bwd_allreduce: 3.60 | step: 6.83
Local>>>>>> step_time: 0.11234426498413086, dataloading_time : 0.0005695819854736328,forward_time :0.032514095306396484, backward_time: 0.07210111618041992, optim time :0.007157087326049805
[Rank 0] time (ms) | optimizer_step: 2.55
[Rank 0] time (ms) | fwd_microstep: 37.10 | bwd_microstep: 63.87 | bwd_inner_microstep: 63.24 | bwd_allreduce_microstep: 0.57 | step_microstep: 6.80
Local>>>>>> step_time: 0.11138367652893066, dataloading_time : 0.0011069774627685547,forward_time :0.03243899345397949, backward_time: 0.07079720497131348, optim time :0.007039546966552734
[Rank 0] time (ms) | fwd: 37.09 | bwd: 63.87 | bwd_inner: 63.25 | bwd_allreduce: 0.56 | step: 6.80
Local>>>>>> step_time: 0.11141133308410645, dataloading_time : 0.0008704662322998047,forward_time :0.0323941707611084, backward_time: 0.0710134506225586, optim time :0.007132053375244141
[Rank 0] time (ms) | optimizer_step: 2.53
[Rank 0] time (ms) | fwd_microstep: 37.38 | bwd_microstep: 62.16 | bwd_inner_microstep: 61.25 | bwd_allreduce_microstep: 0.86 | step_microstep: 6.80
[Rank 0] time (ms) | fwd: 37.38 | bwd: 62.17 | bwd_inner: 61.27 | bwd_allreduce: 0.85 | step: 6.80
Local>>>>>> step_time: 0.10974502563476562, dataloading_time : 0.0008442401885986328,forward_time :0.032538652420043945, backward_time: 0.06926465034484863, optim time :0.007096052169799805
Local>>>>>> step_time: 0.10966920852661133, dataloading_time : 0.0005795955657958984,forward_time :0.03260922431945801, backward_time: 0.06935453414916992, optim time :0.007124662399291992
[Rank 0] time (ms) | optimizer_step: 2.52
[Rank 0] time (ms) | fwd_microstep: 37.15 | bwd_microstep: 61.98 | bwd_inner_microstep: 61.34 | bwd_allreduce_microstep: 0.58 | step_microstep: 6.76
[Rank 0] time (ms) | fwd: 37.13 | bwd: 61.98 | bwd_inner: 61.36 | bwd_allreduce: 0.58 | step: 6.76
Local>>>>>> step_time: 0.10921955108642578, dataloading_time : 0.0006649494171142578,forward_time :0.03217887878417969, backward_time: 0.06931209564208984, optim time :0.007062673568725586
Local>>>>>> step_time: 0.10922622680664062, dataloading_time : 0.0005397796630859375,forward_time :0.03244304656982422, backward_time: 0.0691525936126709, optim time :0.007089376449584961
[Rank 0] time (ms) | optimizer_step: 2.55
[Rank 0] time (ms) | fwd_microstep: 37.13 | bwd_microstep: 62.00 | bwd_inner_microstep: 61.02 | bwd_allreduce_microstep: 0.92 | step_microstep: 6.80
[Rank 0] time (ms) | fwd: 37.12 | bwd: 62.00 | bwd_inner: 61.04 | bwd_allreduce: 0.92 | step: 6.80
Local>>>>>> step_time: 0.10924053192138672, dataloading_time : 0.0009167194366455078,forward_time :0.032228708267211914, backward_time: 0.06902408599853516, optim time :0.007070302963256836
Local>>>>>> step_time: 0.10925149917602539, dataloading_time : 0.0005843639373779297,forward_time :0.03236722946166992, backward_time: 0.06917214393615723, optim time :0.007127046585083008
[Rank 1] Step 75: loss=2.0055, time=0.109s, alloc_mem=1.72 GB, peak_mem=4.31 GB
[Rank 0] Step 75: loss=2.3037, time=0.109s, alloc_mem=1.72 GB, peak_mem=4.31 GB
[Rank 0] time (ms) | optimizer_step: 2.53
[Rank 0] time (ms) | fwd_microstep: 37.45 | bwd_microstep: 61.93 | bwd_inner_microstep: 61.09 | bwd_allreduce_microstep: 0.79 | step_microstep: 6.82
Local>>>>>> step_time: 0.10982465744018555, dataloading_time : 0.0010216236114501953,forward_time :0.03256702423095703, backward_time: 0.0691525936126709, optim time :0.0070819854736328125
[Rank 0] time (ms) | fwd: 37.44 | bwd: 61.94 | bwd_inner: 61.10 | bwd_allreduce: 0.79 | step: 6.82
Local>>>>>> step_time: 0.10988807678222656, dataloading_time : 0.0009167194366455078,forward_time :0.032701730728149414, backward_time: 0.06911063194274902, optim time :0.007157802581787109
[Rank 0] time (ms) | optimizer_step: 2.52
[Rank 0] time (ms) | fwd_microstep: 37.10 | bwd_microstep: 62.08 | bwd_inner_microstep: 61.36 | bwd_allreduce_microstep: 0.67 | step_microstep: 6.78
[Rank 0] time (ms) | fwd: 37.09 | bwd: 62.09 | bwd_inner: 61.38 | bwd_allreduce: 0.67 | step: 6.78
Local>>>>>> step_time: 0.10951113700866699, dataloading_time : 0.0009453296661376953,forward_time :0.03232097625732422, backward_time: 0.0691676139831543, optim time :0.0070760250091552734
Local>>>>>> step_time: 0.1094508171081543, dataloading_time : 0.0007479190826416016,forward_time :0.03237152099609375, backward_time: 0.06922125816345215, optim time :0.0071086883544921875
[Rank 0] time (ms) | optimizer_step: 2.56
[Rank 0] time (ms) | fwd_microstep: 37.19 | bwd_microstep: 61.66 | bwd_inner_microstep: 60.98 | bwd_allreduce_microstep: 0.60 | step_microstep: 6.80
[Rank 0] time (ms) | fwd: 37.18 | bwd: 61.66 | bwd_inner: 61.02 | bwd_allreduce: 0.60 | step: 6.80
Local>>>>>> step_time: 0.10924005508422852, dataloading_time : 0.0006802082061767578,forward_time :0.032204389572143555, backward_time: 0.06926202774047852, optim time :0.00709223747253418
Local>>>>>> step_time: 0.10927081108093262, dataloading_time : 0.0008647441864013672,forward_time :0.032448530197143555, backward_time: 0.0688319206237793, optim time :0.007124423980712891
[Rank 0] time (ms) | optimizer_step: 2.52
[Rank 0] time (ms) | fwd_microstep: 37.39 | bwd_microstep: 61.75 | bwd_inner_microstep: 61.05 | bwd_allreduce_microstep: 0.64 | step_microstep: 6.77
[Rank 0] time (ms) | fwd: 37.39 | bwd: 61.75 | bwd_inner: 61.07 | bwd_allreduce: 0.64 | step: 6.77
Local>>>>>> step_time: 0.10938429832458496, dataloading_time : 0.0007231235504150391,forward_time :0.032633304595947266, backward_time: 0.06892037391662598, optim time :0.007106781005859375
Local>>>>>> step_time: 0.10942864418029785, dataloading_time : 0.0007154941558837891,forward_time :0.0324549674987793, backward_time: 0.06917047500610352, optim time :0.007086753845214844
[Rank 0] time (ms) | optimizer_step: 2.55
[Rank 0] time (ms) | fwd_microstep: 37.23 | bwd_microstep: 61.88 | bwd_inner_microstep: 61.24 | bwd_allreduce_microstep: 0.58 | step_microstep: 6.86
Local>>>>>> step_time: 0.10958266258239746, dataloading_time : 0.0006999969482421875,forward_time :0.03238248825073242, backward_time: 0.06937193870544434, optim time :0.007127046585083008
[Rank 0] time (ms) | fwd: 37.21 | bwd: 61.89 | bwd_inner: 61.26 | bwd_allreduce: 0.58 | step: 6.86
Local>>>>>> step_time: 0.10967707633972168, dataloading_time : 0.0009219646453857422,forward_time :0.032525062561035156, backward_time: 0.06904125213623047, optim time :0.0071871280670166016
[Rank 1] Step 80: loss=1.4286, time=0.110s, alloc_mem=1.72 GB, peak_mem=4.31 GB
[Rank 0] Step 80: loss=1.4255, time=0.110s, alloc_mem=1.72 GB, peak_mem=4.31 GB
[Rank 0] time (ms) | optimizer_step: 2.53
Local>>>>>> step_time: 0.1090230941772461, dataloading_time : 0.0005884170532226562,forward_time :0.03236198425292969, backward_time: 0.0690150260925293, optim time :0.007056474685668945[Rank 0] time (ms) | fwd_microstep: 37.11 | bwd_microstep: 61.38 | bwd_inner_microstep: 60.75 | bwd_allreduce_microstep: 0.57 | step_microstep: 6.83

[Rank 0] time (ms) | fwd: 37.10 | bwd: 61.38 | bwd_inner: 60.76 | bwd_allreduce: 0.57 | step: 6.84
Local>>>>>> step_time: 0.10907888412475586, dataloading_time : 0.0009753704071044922,forward_time :0.03236865997314453, backward_time: 0.06854534149169922, optim time :0.007188081741333008
[Rank 0] time (ms) | optimizer_step: 2.53
[Rank 0] time (ms) | fwd_microstep: 37.43 | bwd_microstep: 61.63 | bwd_inner_microstep: 60.99 | bwd_allreduce_microstep: 0.59 | step_microstep: 6.80
Local>>>>>> step_time: 0.10943865776062012, dataloading_time : 0.0005319118499755859,forward_time :0.03257250785827637, backward_time: 0.06925773620605469, optim time :0.007075309753417969
[Rank 0] time (ms) | fwd: 37.41 | bwd: 61.64 | bwd_inner: 61.00 | bwd_allreduce: 0.59 | step: 6.80
Local>>>>>> step_time: 0.10939598083496094, dataloading_time : 0.0007066726684570312,forward_time :0.032706499099731445, backward_time: 0.06881308555603027, optim time :0.007168769836425781
[Rank 0] time (ms) | optimizer_step: 2.58
[Rank 0] time (ms) | fwd_microstep: 37.00 | bwd_microstep: 61.95 | bwd_inner_microstep: 61.09 | bwd_allreduce_microstep: 0.81 | step_microstep: 6.83
[Rank 0] time (ms) | fwd: 36.99 | bwd: 61.96 | bwd_inner: 61.10 | bwd_allreduce: 0.81 | step: 6.83
Local>>>>>> step_time: 0.10905671119689941, dataloading_time : 0.0005412101745605469,forward_time :0.0322415828704834, backward_time: 0.06912016868591309, optim time :0.007152080535888672
Local>>>>>> step_time: 0.10915899276733398, dataloading_time : 0.0005431175231933594,forward_time :0.032364606857299805, backward_time: 0.06909012794494629, optim time :0.007160186767578125
[Rank 0] time (ms) | optimizer_step: 2.53
[Rank 0] time (ms) | fwd_microstep: 37.22 | bwd_microstep: 63.67 | bwd_inner_microstep: 60.74 | bwd_allreduce_microstep: 2.87 | step_microstep: 6.81
[Rank 0] time (ms) | fwd: 37.22 | bwd: 63.67 | bwd_inner: 60.75 | bwd_allreduce: 2.88 | step: 6.81
Local>>>>>> step_time: 0.11124467849731445, dataloading_time : 0.0007801055908203125,forward_time :0.03248763084411621, backward_time: 0.07083702087402344, optim time :0.007138252258300781
Local>>>>>> step_time: 0.11125564575195312, dataloading_time : 0.0005009174346923828,forward_time :0.0335848331451416, backward_time: 0.06997513771057129, optim time :0.007193803787231445
[Rank 0] time (ms) | optimizer_step: 2.53
[Rank 0] time (ms) | fwd_microstep: 37.35 | bwd_microstep: 62.84 | bwd_inner_microstep: 61.25 | bwd_allreduce_microstep: 1.53 | step_microstep: 6.85
Local>>>>>> step_time: 0.11028313636779785, dataloading_time : 0.0006868839263916016,forward_time :0.03270387649536133, backward_time: 0.06978631019592285, optim time :0.007104635238647461
[Rank 0] time (ms) | fwd: 37.35 | bwd: 62.85 | bwd_inner: 61.27 | bwd_allreduce: 1.54 | step: 6.85
Local>>>>>> step_time: 0.11040210723876953, dataloading_time : 0.0006124973297119141,forward_time :0.03260636329650879, backward_time: 0.07000041007995605, optim time :0.007181406021118164
[Rank 1] Step 85: loss=1.5816, time=0.110s, alloc_mem=1.72 GB, peak_mem=4.31 GB
[Rank 0] Step 85: loss=1.6476, time=0.110s, alloc_mem=1.72 GB, peak_mem=4.31 GB
[Rank 0] time (ms) | optimizer_step: 2.52
[Rank 0] time (ms) | fwd_microstep: 37.12 | bwd_microstep: 62.28 | bwd_inner_microstep: 61.30 | bwd_allreduce_microstep: 0.93 | step_microstep: 6.78
[Rank 0] time (ms) | fwd: 37.11 | bwd: 62.29 | bwd_inner: 61.31 | bwd_allreduce: 0.93 | step: 6.78
Local>>>>>> step_time: 0.10983157157897949, dataloading_time : 0.0006692409515380859,forward_time :0.032576560974121094, backward_time: 0.06952333450317383, optim time :0.00706171989440918
Local>>>>>> step_time: 0.1097865104675293, dataloading_time : 0.0008587837219238281,forward_time :0.032352447509765625, backward_time: 0.06946635246276855, optim time :0.00710749626159668
[Rank 0] time (ms) | optimizer_step: 2.54
[Rank 0] time (ms) | fwd_microstep: 37.17 | bwd_microstep: 62.49 | bwd_inner_microstep: 60.97 | bwd_allreduce_microstep: 1.47 | step_microstep: 6.82
Local>>>>>> step_time: 0.10974502563476562, dataloading_time : 0.0008912086486816406,forward_time :0.032486915588378906, backward_time: 0.06929397583007812, optim time :0.007071495056152344
[Rank 0] time (ms) | fwd: 37.16 | bwd: 62.50 | bwd_inner: 60.98 | bwd_allreduce: 1.47 | step: 6.82
Local>>>>>> step_time: 0.10976243019104004, dataloading_time : 0.0005474090576171875,forward_time :0.032411813735961914, backward_time: 0.06966066360473633, optim time :0.00714111328125
[Rank 0] time (ms) | optimizer_step: 2.54
[Rank 0] time (ms) | fwd_microstep: 37.24 | bwd_microstep: 62.66 | bwd_inner_microstep: 61.14 | bwd_allreduce_microstep: 1.46 | step_microstep: 6.84
[Rank 0] time (ms) | fwd: 37.23 | bwd: 62.66 | bwd_inner: 61.16 | bwd_allreduce: 1.46 | step: 6.84
Local>>>>>> step_time: 0.1107630729675293, dataloading_time : 0.0013294219970703125,forward_time :0.0325777530670166, backward_time: 0.06974077224731445, optim time :0.007113456726074219
Local>>>>>> step_time: 0.11074161529541016, dataloading_time : 0.0012660026550292969,forward_time :0.03249478340148926, backward_time: 0.06981539726257324, optim time :0.0071637630462646484
[Rank 0] time (ms) | optimizer_step: 2.53
[Rank 0] time (ms) | fwd_microstep: 37.31 | bwd_microstep: 62.03 | bwd_inner_microstep: 60.99 | bwd_allreduce_microstep: 0.99 | step_microstep: 6.77
[Rank 0] time (ms) | fwd: 37.30 | bwd: 62.03 | bwd_inner: 61.01 | bwd_allreduce: 0.99 | step: 6.77
Local>>>>>> step_time: 0.10980772972106934, dataloading_time : 0.0006749629974365234,forward_time :0.03243708610534668, backward_time: 0.06962323188781738, optim time :0.007071256637573242
Local>>>>>> step_time: 0.10980367660522461, dataloading_time : 0.0009431838989257812,forward_time :0.03256368637084961, backward_time: 0.06920051574707031, optim time :0.007094621658325195
[Rank 0] time (ms) | optimizer_step: 2.52
[Rank 0] time (ms) | fwd_microstep: 37.07 | bwd_microstep: 62.65 | bwd_inner_microstep: 61.23 | bwd_allreduce_microstep: 1.37 | step_microstep: 6.75
[Rank 0] time (ms) | fwd: 37.07 | bwd: 62.66 | bwd_inner: 61.24 | bwd_allreduce: 1.36 | step: 6.76
Local>>>>>> step_time: 0.1099853515625, dataloading_time : 0.0007710456848144531,forward_time :0.0323793888092041, backward_time: 0.06975936889648438, optim time :0.007074117660522461
Local>>>>>> step_time: 0.11000919342041016, dataloading_time : 0.0007572174072265625,forward_time :0.03231406211853027, backward_time: 0.0698232650756836, optim time :0.00711369514465332
[Rank 1] Step 90: loss=1.6930, time=0.110s, alloc_mem=1.72 GB, peak_mem=4.31 GB
[Rank 0] Step 90: loss=1.2720, time=0.110s, alloc_mem=1.72 GB, peak_mem=4.31 GB
[Rank 0] time (ms) | optimizer_step: 2.57
[Rank 0] time (ms) | fwd_microstep: 37.47 | bwd_microstep: 62.17 | bwd_inner_microstep: 61.25 | bwd_allreduce_microstep: 0.86 | step_microstep: 6.82
[Rank 0] time (ms) | fwd: 37.46 | bwd: 62.18 | bwd_inner: 61.27 | bwd_allreduce: 0.87 | step: 6.82
Local>>>>>> step_time: 0.11022663116455078, dataloading_time : 0.0008993148803710938,forward_time :0.03263401985168457, backward_time: 0.06957793235778809, optim time :0.007113933563232422
Local>>>>>> step_time: 0.1101992130279541, dataloading_time : 0.0009911060333251953,forward_time :0.03270387649536133, backward_time: 0.06935405731201172, optim time :0.007149219512939453
[Rank 0] time (ms) | optimizer_step: 2.53
[Rank 0] time (ms) | fwd_microstep: 37.20 | bwd_microstep: 62.00 | bwd_inner_microstep: 61.35 | bwd_allreduce_microstep: 0.60 | step_microstep: 6.80
[Rank 0] time (ms) | fwd: 37.19 | bwd: 62.01 | bwd_inner: 61.36 | bwd_allreduce: 0.60 | step: 6.80
Local>>>>>> step_time: 0.1095585823059082, dataloading_time : 0.0005223751068115234,forward_time :0.03256416320800781, backward_time: 0.0693814754486084, optim time :0.007089376449584961
Local>>>>>> step_time: 0.10959720611572266, dataloading_time : 0.0008544921875,forward_time :0.032462358474731445, backward_time: 0.0691530704498291, optim time :0.0071260929107666016
[Rank 0] time (ms) | optimizer_step: 2.52
[Rank 0] time (ms) | fwd_microstep: 37.09 | bwd_microstep: 62.51 | bwd_inner_microstep: 61.10 | bwd_allreduce_microstep: 1.35 | step_microstep: 6.76
[Rank 0] time (ms) | fwd: 37.08 | bwd: 62.51 | bwd_inner: 61.12 | bwd_allreduce: 1.35 | step: 6.76
Local>>>>>> step_time: 0.10969996452331543, dataloading_time : 0.0006000995635986328,forward_time :0.03231310844421387, backward_time: 0.0697031021118164, optim time :0.0070819854736328125
Local>>>>>> step_time: 0.10977411270141602, dataloading_time : 0.0006744861602783203,forward_time :0.032515525817871094, backward_time: 0.06947994232177734, optim time :0.007102489471435547
[Rank 0] time (ms) | optimizer_step: 2.54
[Rank 0] time (ms) | fwd_microstep: 37.32 | bwd_microstep: 62.28 | bwd_inner_microstep: 61.00 | bwd_allreduce_microstep: 1.23 | step_microstep: 6.80
Local>>>>>> step_time: 0.11019229888916016, dataloading_time : 0.0009553432464599609,forward_time :0.032567739486694336, backward_time: 0.06960773468017578, optim time :0.007059574127197266
[Rank 0] time (ms) | fwd: 37.31 | bwd: 62.29 | bwd_inner: 61.01 | bwd_allreduce: 1.24 | step: 6.80
Local>>>>>> step_time: 0.11031746864318848, dataloading_time : 0.0011658668518066406,forward_time :0.032578229904174805, backward_time: 0.06944561004638672, optim time :0.007126331329345703
[Rank 0] time (ms) | optimizer_step: 2.53
[Rank 0] time (ms) | fwd_microstep: 37.31 | bwd_microstep: 62.46 | bwd_inner_microstep: 60.98 | bwd_allreduce_microstep: 1.39 | step_microstep: 6.76
[Rank 0] time (ms) | fwd: 37.31 | bwd: 62.47 | bwd_inner: 61.03 | bwd_allreduce: 1.39 | step: 6.76
Local>>>>>> step_time: 0.11008691787719727, dataloading_time : 0.0011038780212402344,forward_time :0.03249549865722656, backward_time: 0.06942009925842285, optim time :0.007066488265991211
Local>>>>>> step_time: 0.1100306510925293, dataloading_time : 0.0007398128509521484,forward_time :0.0325474739074707, backward_time: 0.0696406364440918, optim time :0.007101774215698242
[Rank 1] Step 95: loss=1.6955, time=0.110s, alloc_mem=1.72 GB, peak_mem=4.31 GB
[Rank 0] Step 95: loss=1.5524, time=0.110s, alloc_mem=1.72 GB, peak_mem=4.31 GB
[Rank 0] time (ms) | optimizer_step: 2.55
[Rank 0] time (ms) | fwd_microstep: 37.22 | bwd_microstep: 61.81 | bwd_inner_microstep: 60.99 | bwd_allreduce_microstep: 0.74 | step_microstep: 6.80
[Rank 0] time (ms) | fwd: 37.21 | bwd: 61.82 | bwd_inner: 61.04 | bwd_allreduce: 0.74 | step: 6.80
Local>>>>>> step_time: 0.10950231552124023, dataloading_time : 0.0006406307220458984,forward_time :0.03246879577636719, backward_time: 0.06929492950439453, optim time :0.007097005844116211
Local>>>>>> step_time: 0.10949349403381348, dataloading_time : 0.0009212493896484375,forward_time :0.03245949745178223, backward_time: 0.06898975372314453, optim time :0.007121562957763672
[Rank 0] time (ms) | optimizer_step: 2.53
[Rank 0] time (ms) | fwd_microstep: 37.50 | bwd_microstep: 62.03 | bwd_inner_microstep: 61.18 | bwd_allreduce_microstep: 0.80 | step_microstep: 6.80
[Rank 0] time (ms) | fwd: 37.50 | bwd: 62.03 | bwd_inner: 61.19 | bwd_allreduce: 0.80 | step: 6.81
Local>>>>>> step_time: 0.10999321937561035, dataloading_time : 0.0006849765777587891,forward_time :0.03261923789978027, backward_time: 0.0696096420288086, optim time :0.0070781707763671875
Local>>>>>> step_time: 0.11000776290893555, dataloading_time : 0.0009310245513916016,forward_time :0.032746315002441406, backward_time: 0.06920599937438965, optim time :0.007123470306396484
[Rank 0] time (ms) | optimizer_step: 2.55
[Rank 0] time (ms) | fwd_microstep: 37.27 | bwd_microstep: 61.68 | bwd_inner_microstep: 61.06 | bwd_allreduce_microstep: 0.57 | step_microstep: 6.77
[Rank 0] time (ms) | fwd: 37.27 | bwd: 61.68 | bwd_inner: 61.07 | bwd_allreduce: 0.57 | step: 6.77
Local>>>>>> step_time: 0.10941791534423828, dataloading_time : 0.0005273818969726562,forward_time :0.032448530197143555, backward_time: 0.0693819522857666, optim time :0.007059335708618164
Local>>>>>> step_time: 0.10939908027648926, dataloading_time : 0.0009326934814453125,forward_time :0.03252553939819336, backward_time: 0.06884407997131348, optim time :0.0070955753326416016
[Rank 0] time (ms) | optimizer_step: 2.54
Local>>>>>> step_time: 0.10981559753417969, dataloading_time : 0.0008895397186279297,forward_time :0.0324549674987793, backward_time: 0.0694124698638916, optim time :0.0070569515228271484
[Rank 0] time (ms) | fwd_microstep: 37.10 | bwd_microstep: 62.26 | bwd_inner_microstep: 61.11 | bwd_allreduce_microstep: 1.10 | step_microstep: 7.01
[Rank 1] Step 99: loss=1.4314, time=0.110s, alloc_mem=1.72 GB, peak_mem=4.31 GB
[Rank 0] time (ms) | fwd: 37.09 | bwd: 62.27 | bwd_inner: 61.13 | bwd_allreduce: 1.10 | step: 7.01
Local>>>>>> step_time: 0.11008143424987793, dataloading_time : 0.0009417533874511719,forward_time :0.032346487045288086, backward_time: 0.06945371627807617, optim time :0.007338285446166992

============================================================
[Rank 1] FINAL RESULTS
  Config: configs/bf16_full.json
  Model: hidden_dim=1024, num_layers=12
  Parameters: 254,655,569
  Batch size: 8, Seq length: 512
  Average step time: 0.132s
  Peak memory: 4.31 GB
  Final allocated memory: 1.72 GB
============================================================
SUMMARY: config=configs/bf16_full.json params=254655569 peak_mem_bytes=4623822336 alloc_mem_bytes=1852162560 avg_step_time=0.1325
[Rank 0] Step 99: loss=1.0370, time=0.110s, alloc_mem=1.72 GB, peak_mem=4.31 GB

============================================================
[Rank 0] FINAL RESULTS
  Config: configs/bf16_full.json
  Model: hidden_dim=1024, num_layers=12
  Parameters: 254,655,569
  Batch size: 8, Seq length: 512
  Average step time: 0.132s
  Peak memory: 4.31 GB
  Final allocated memory: 1.72 GB
============================================================
SUMMARY: config=configs/bf16_full.json params=254655569 peak_mem_bytes=4623822336 alloc_mem_bytes=1852162560 avg_step_time=0.1325
Loss history saved to: logs/bf16_full_loss.csv
[rank0]:[W123 15:56:25.206349514 ProcessGroupNCCL.cpp:1250] Warning: WARNING: process group has NOT been destroyed before we destruct ProcessGroupNCCL. On normal program exit, the application should call destroy_process_group to ensure that any pending NCCL operations have finished in this process. In rare cases this process can exit before this point and block the progress of another member of the process group. This constraint has always been present,  but this warning has only been added since PyTorch 2.4 (function operator())
[2026-01-23 15:56:27,009] [INFO] [launch.py:367:main] Process 2262077 exits successfully.
[2026-01-23 15:56:27,010] [INFO] [launch.py:367:main] Process 2262078 exits successfully.
