Warning: The cache directory for DeepSpeed Triton autotune, /home/bigyang/.triton/autotune, appears to be on an NFS system. While this is generally acceptable, if you experience slowdowns or hanging when DeepSpeed exits, it is recommended to set the TRITON_CACHE_DIR environment variable to a non-NFS path.
[2026-01-19 13:21:52,362] [WARNING] [runner.py:232:fetch_hostfile] Unable to find hostfile, will proceed with training with local resources only.
Detected VISIBLE_DEVICES=0,1 but ignoring it because one or several of --include/--exclude/--num_gpus/--num_nodes cl args were used. If you want to use CUDA_VISIBLE_DEVICES don't pass any of these arguments to deepspeed.
[2026-01-19 13:21:52,362] [INFO] [runner.py:630:main] cmd = /home/bigyang/micromamba/envs/ds-hf/bin/python -u -m deepspeed.launcher.launch --world_info=eyJsb2NhbGhvc3QiOiBbMCwgMV19 --master_addr=127.0.0.1 --master_port=29600 --enable_each_rank_log=None --log_level=info train.py --deepspeed_config configs/bf16_full.json --num_layers 12 --hidden_dim 1024 --batch_size 4 --seq_length 512 --num_steps 20 --warmup_steps 5 --activation_checkpointing --use_real_data --seed 42
Warning: The cache directory for DeepSpeed Triton autotune, /home/bigyang/.triton/autotune, appears to be on an NFS system. While this is generally acceptable, if you experience slowdowns or hanging when DeepSpeed exits, it is recommended to set the TRITON_CACHE_DIR environment variable to a non-NFS path.
[2026-01-19 13:21:59,385] [INFO] [launch.py:162:main] WORLD INFO DICT: {'localhost': [0, 1]}
[2026-01-19 13:21:59,385] [INFO] [launch.py:168:main] nnodes=1, num_local_procs=2, node_rank=0
[2026-01-19 13:21:59,385] [INFO] [launch.py:179:main] global_rank_mapping=defaultdict(<class 'list'>, {'localhost': [0, 1]})
[2026-01-19 13:21:59,385] [INFO] [launch.py:180:main] dist_world_size=2
[2026-01-19 13:21:59,385] [INFO] [launch.py:184:main] Setting CUDA_VISIBLE_DEVICES=0,1
[2026-01-19 13:21:59,386] [INFO] [launch.py:272:main] process 792243 spawned with command: ['/home/bigyang/micromamba/envs/ds-hf/bin/python', '-u', 'train.py', '--local_rank=0', '--deepspeed_config', 'configs/bf16_full.json', '--num_layers', '12', '--hidden_dim', '1024', '--batch_size', '4', '--seq_length', '512', '--num_steps', '20', '--warmup_steps', '5', '--activation_checkpointing', '--use_real_data', '--seed', '42']
[2026-01-19 13:21:59,387] [INFO] [launch.py:272:main] process 792244 spawned with command: ['/home/bigyang/micromamba/envs/ds-hf/bin/python', '-u', 'train.py', '--local_rank=1', '--deepspeed_config', 'configs/bf16_full.json', '--num_layers', '12', '--hidden_dim', '1024', '--batch_size', '4', '--seq_length', '512', '--num_steps', '20', '--warmup_steps', '5', '--activation_checkpointing', '--use_real_data', '--seed', '42']
Warning: The cache directory for DeepSpeed Triton autotune, /home/bigyang/.triton/autotune, appears to be on an NFS system. While this is generally acceptable, if you experience slowdowns or hanging when DeepSpeed exits, it is recommended to set the TRITON_CACHE_DIR environment variable to a non-NFS path.
Warning: The cache directory for DeepSpeed Triton autotune, /home/bigyang/.triton/autotune, appears to be on an NFS system. While this is generally acceptable, if you experience slowdowns or hanging when DeepSpeed exits, it is recommended to set the TRITON_CACHE_DIR environment variable to a non-NFS path.
[Rank 0] Loading wikitext dataset...
[Rank 1] Loading wikitext dataset...
Warning: You are sending unauthenticated requests to the HF Hub. Please set a HF_TOKEN to enable higher rate limits and faster downloads.
[Rank 1] Dataset loaded: 39531 examples, vocab_size=50257
[Rank 1] Creating model with hidden_dim=1024, num_layers=12, num_heads=16, vocab_size=50257
[Rank 0] Dataset loaded: 39531 examples, vocab_size=50257
[Rank 0] Creating model with hidden_dim=1024, num_layers=12, num_heads=16, vocab_size=50257
[Rank 1] Model parameters: 254,655,569 total, 254,655,569 trainable
[Rank 1] Activation checkpointing enabled
[Rank 0] Model parameters: 254,655,569 total, 254,655,569 trainable
[Rank 0] Activation checkpointing enabled
/home/bigyang/micromamba/envs/ds-hf/lib/python3.11/site-packages/torch/utils/cpp_extension.py:1964: UserWarning: TORCH_CUDA_ARCH_LIST is not set, all archs for visible cards are included for compilation. 
If this is not desired, please set os.environ['TORCH_CUDA_ARCH_LIST'].
  warnings.warn(
Stage 3 initialize beginning
MA 0.47 GB         Max_MA 0.47 GB         CA 0.51 GB         Max_CA 1 GB 
CPU Virtual Memory:  used = 25.63 GB, percent = 2.5%
DeepSpeedZeRoOffload initialize [begin]
MA 0.47 GB         Max_MA 0.67 GB         CA 0.7 GB         Max_CA 1 GB 
CPU Virtual Memory:  used = 25.85 GB, percent = 2.6%
Parameter Offload - Persistent parameters statistics: param_count = 0, numel = 0
DeepSpeedZeRoOffload initialize [end]
MA 0.24 GB         Max_MA 0.52 GB         CA 0.71 GB         Max_CA 1 GB 
CPU Virtual Memory:  used = 26.01 GB, percent = 2.6%
Before creating fp16 partitions
MA 0.24 GB         Max_MA 0.24 GB         CA 0.71 GB         Max_CA 1 GB 
CPU Virtual Memory:  used = 26.09 GB, percent = 2.6%
After creating fp16 partitions: 1
MA 0.24 GB         Max_MA 0.24 GB         CA 0.24 GB         Max_CA 1 GB 
CPU Virtual Memory:  used = 26.44 GB, percent = 2.6%
Before creating fp32 partitions
MA 0.24 GB         Max_MA 0.24 GB         CA 0.24 GB         Max_CA 0 GB 
CPU Virtual Memory:  used = 26.58 GB, percent = 2.6%
After creating fp32 partitions
MA 0.47 GB         Max_MA 0.47 GB         CA 0.48 GB         Max_CA 0 GB 
CPU Virtual Memory:  used = 26.72 GB, percent = 2.7%
Before initializing optimizer states
MA 0.47 GB         Max_MA 0.47 GB         CA 0.48 GB         Max_CA 0 GB 
CPU Virtual Memory:  used = 27.65 GB, percent = 2.7%
[Rank 0] time (ms) | init_optimizer_state: 0.00
After initializing optimizer states
MA 0.47 GB         Max_MA 0.71 GB         CA 0.72 GB         Max_CA 1 GB 
CPU Virtual Memory:  used = 28.84 GB, percent = 2.9%
[Rank 1] DeepSpeed initialized with config: configs/bf16_full.json
[Rank 1] Memory after init: allocated=0.80 GB, reserved=1.05 GB
After initializing ZeRO optimizer
MA 0.8 GB         Max_MA 1.0 GB         CA 1.05 GB         Max_CA 1 GB 
CPU Virtual Memory:  used = 29.64 GB, percent = 2.9%
[Rank 0] DeepSpeed initialized with config: configs/bf16_full.json
[Rank 0] Memory after init: allocated=0.80 GB, reserved=1.05 GB
[Rank 0] time (ms) | optimizer_step: 3.29
[Rank 0] time (ms) | fwd_microstep: 147.21 | bwd_microstep: 130.72 | bwd_inner_microstep: 129.94 | bwd_allreduce_microstep: 0.71 | step_microstep: 42.60
[Rank 0] time (ms) | fwd: 147.20 | bwd: 130.73 | bwd_inner: 129.95 | bwd_allreduce: 0.71 | step: 42.60
[Rank 1] Step 0: loss=11.4400, time=0.717s, alloc_mem=1.53 GB, peak_mem=2.18 GB
[Rank 0] Step 0: loss=11.5294, time=0.555s, alloc_mem=1.53 GB, peak_mem=2.18 GB
[Rank 0] time (ms) | optimizer_step: 2.66
[Rank 0] time (ms) | fwd_microstep: 133.13 | bwd_microstep: 133.19 | bwd_inner_microstep: 130.44 | bwd_allreduce_microstep: 2.68 | step_microstep: 6.51
[Rank 0] time (ms) | fwd: 133.12 | bwd: 133.19 | bwd_inner: 130.46 | bwd_allreduce: 2.68 | step: 6.51
[Rank 0] time (ms) | optimizer_step: 2.64
[Rank 0] time (ms) | fwd_microstep: 33.74 | bwd_microstep: 61.95 | bwd_inner_microstep: 61.29 | bwd_allreduce_microstep: 0.60 | step_microstep: 6.48
[Rank 0] time (ms) | fwd: 33.74 | bwd: 61.95 | bwd_inner: 61.31 | bwd_allreduce: 0.59 | step: 6.48
[Rank 0] time (ms) | optimizer_step: 2.65
[Rank 0] time (ms) | fwd_microstep: 33.27 | bwd_microstep: 63.67 | bwd_inner_microstep: 60.92 | bwd_allreduce_microstep: 2.69 | step_microstep: 6.48
[Rank 0] time (ms) | fwd: 33.26 | bwd: 63.67 | bwd_inner: 60.94 | bwd_allreduce: 2.70 | step: 6.48
[Rank 0] time (ms) | optimizer_step: 2.64
[Rank 0] time (ms) | fwd_microstep: 33.50 | bwd_microstep: 61.22 | bwd_inner_microstep: 60.59 | bwd_allreduce_microstep: 0.59 | step_microstep: 6.50
[Rank 0] time (ms) | fwd: 33.49 | bwd: 61.22 | bwd_inner: 60.60 | bwd_allreduce: 0.58 | step: 6.50
[Rank 0] time (ms) | optimizer_step: 2.65
[Rank 0] time (ms) | fwd_microstep: 33.09 | bwd_microstep: 62.82 | bwd_inner_microstep: 60.73 | bwd_allreduce_microstep: 2.04 | step_microstep: 6.50
[Rank 0] time (ms) | fwd: 33.08 | bwd: 62.82 | bwd_inner: 60.75 | bwd_allreduce: 2.04 | step: 6.50
[Rank 0] Step 5: loss=3.9661, time=0.105s, alloc_mem=1.53 GB, peak_mem=3.06 GB
[Rank 1] Step 5: loss=3.1565, time=0.105s, alloc_mem=1.53 GB, peak_mem=3.06 GB
[Rank 0] time (ms) | optimizer_step: 2.64
[Rank 0] time (ms) | fwd_microstep: 33.43 | bwd_microstep: 62.80 | bwd_inner_microstep: 61.51 | bwd_allreduce_microstep: 1.24 | step_microstep: 6.49
[Rank 0] time (ms) | fwd: 33.43 | bwd: 62.81 | bwd_inner: 61.52 | bwd_allreduce: 1.24 | step: 6.49
[Rank 0] time (ms) | optimizer_step: 2.64
[Rank 0] time (ms) | fwd_microstep: 33.49 | bwd_microstep: 62.62 | bwd_inner_microstep: 60.88 | bwd_allreduce_microstep: 1.69 | step_microstep: 6.49
[Rank 0] time (ms) | fwd: 33.49 | bwd: 62.62 | bwd_inner: 60.90 | bwd_allreduce: 1.69 | step: 6.49
[Rank 0] time (ms) | optimizer_step: 2.63
[Rank 0] time (ms) | fwd_microstep: 33.16 | bwd_microstep: 62.30 | bwd_inner_microstep: 60.94 | bwd_allreduce_microstep: 1.31 | step_microstep: 6.48
[Rank 0] time (ms) | fwd: 33.15 | bwd: 62.31 | bwd_inner: 60.95 | bwd_allreduce: 1.31 | step: 6.48
[Rank 0] time (ms) | optimizer_step: 2.65
[Rank 0] time (ms) | fwd_microstep: 33.18 | bwd_microstep: 62.94 | bwd_inner_microstep: 61.34 | bwd_allreduce_microstep: 1.54 | step_microstep: 6.53
[Rank 0] time (ms) | fwd: 33.17 | bwd: 62.94 | bwd_inner: 61.36 | bwd_allreduce: 1.54 | step: 6.53
[Rank 0] time (ms) | optimizer_step: 2.65
[Rank 0] time (ms) | fwd_microstep: 33.75 | bwd_microstep: 62.88 | bwd_inner_microstep: 61.36 | bwd_allreduce_microstep: 1.47 | step_microstep: 6.47
[Rank 0] time (ms) | fwd: 33.74 | bwd: 62.88 | bwd_inner: 61.37 | bwd_allreduce: 1.47 | step: 6.47
[Rank 0] Step 10: loss=2.4264, time=0.106s, alloc_mem=1.53 GB, peak_mem=3.06 GB[Rank 1] Step 10: loss=2.9598, time=0.106s, alloc_mem=1.53 GB, peak_mem=3.06 GB

[Rank 0] time (ms) | optimizer_step: 2.65
[Rank 0] time (ms) | fwd_microstep: 33.72 | bwd_microstep: 63.53 | bwd_inner_microstep: 62.05 | bwd_allreduce_microstep: 1.42 | step_microstep: 6.53
[Rank 0] time (ms) | fwd: 33.72 | bwd: 63.53 | bwd_inner: 62.07 | bwd_allreduce: 1.42 | step: 6.53
[Rank 0] time (ms) | optimizer_step: 2.64
[Rank 0] time (ms) | fwd_microstep: 33.80 | bwd_microstep: 63.24 | bwd_inner_microstep: 61.77 | bwd_allreduce_microstep: 1.42 | step_microstep: 6.53
[Rank 0] time (ms) | fwd: 33.79 | bwd: 63.25 | bwd_inner: 61.79 | bwd_allreduce: 1.40 | step: 6.53
[Rank 0] time (ms) | optimizer_step: 2.67
[Rank 0] time (ms) | fwd_microstep: 34.01 | bwd_microstep: 65.26 | bwd_inner_microstep: 63.12 | bwd_allreduce_microstep: 2.09 | step_microstep: 6.60
[Rank 0] time (ms) | fwd: 34.00 | bwd: 65.27 | bwd_inner: 63.14 | bwd_allreduce: 2.09 | step: 6.60
[Rank 0] time (ms) | optimizer_step: 2.80
[Rank 0] time (ms) | fwd_microstep: 34.13 | bwd_microstep: 63.66 | bwd_inner_microstep: 62.04 | bwd_allreduce_microstep: 1.56 | step_microstep: 7.13
[Rank 0] time (ms) | fwd: 34.13 | bwd: 63.67 | bwd_inner: 62.06 | bwd_allreduce: 1.56 | step: 7.13
[Rank 0] time (ms) | optimizer_step: 2.64
[Rank 0] time (ms) | fwd_microstep: 39.79 | bwd_microstep: 65.45 | bwd_inner_microstep: 63.65 | bwd_allreduce_microstep: 1.75 | step_microstep: 6.52
[Rank 0] time (ms) | fwd: 39.78 | bwd: 65.45 | bwd_inner: 63.66 | bwd_allreduce: 1.75 | step: 6.52
[Rank 0] Step 15: loss=2.8605, time=0.115s, alloc_mem=1.53 GB, peak_mem=3.06 GB
[Rank 1] Step 15: loss=3.4731, time=0.115s, alloc_mem=1.53 GB, peak_mem=3.06 GB
[Rank 0] time (ms) | optimizer_step: 2.65
[Rank 0] time (ms) | fwd_microstep: 34.11 | bwd_microstep: 63.61 | bwd_inner_microstep: 62.15 | bwd_allreduce_microstep: 1.40 | step_microstep: 6.55
[Rank 0] time (ms) | fwd: 34.10 | bwd: 63.61 | bwd_inner: 62.17 | bwd_allreduce: 1.40 | step: 6.55
[Rank 0] time (ms) | optimizer_step: 2.67
[Rank 0] time (ms) | fwd_microstep: 33.66 | bwd_microstep: 63.92 | bwd_inner_microstep: 62.15 | bwd_allreduce_microstep: 1.73 | step_microstep: 6.55
[Rank 0] time (ms) | fwd: 33.65 | bwd: 63.93 | bwd_inner: 62.16 | bwd_allreduce: 1.73 | step: 6.55
[Rank 0] time (ms) | optimizer_step: 2.67
[Rank 0] time (ms) | fwd_microstep: 33.60 | bwd_microstep: 63.12 | bwd_inner_microstep: 61.53 | bwd_allreduce_microstep: 1.53 | step_microstep: 6.55
[Rank 0] time (ms) | fwd: 33.59 | bwd: 63.12 | bwd_inner: 61.55 | bwd_allreduce: 1.53 | step: 6.55
[Rank 0] time (ms) | optimizer_step: 2.66
[Rank 0] time (ms) | fwd_microstep: 34.30 | bwd_microstep: 63.84 | bwd_inner_microstep: 61.84 | bwd_allreduce_microstep: 1.95 | step_microstep: 6.57
[Rank 0] time (ms) | fwd: 34.29 | bwd: 63.85 | bwd_inner: 61.86 | bwd_allreduce: 1.95 | step: 6.58
[Rank 0] Step 19: loss=1.4650, time=0.108s, alloc_mem=1.53 GB, peak_mem=3.06 GB
[Rank 1] Step 19: loss=2.1749, time=0.108s, alloc_mem=1.53 GB, peak_mem=3.06 GB

============================================================
[Rank 0] FINAL RESULTS
  Config: configs/bf16_full.json
  Model: hidden_dim=1024, num_layers=12
  Parameters: 254,655,569
  Batch size: 4, Seq length: 512
  Average step time: 0.107s
  Peak memory: 3.06 GB
============================================================

  Final allocated memory: 1.53 GB[Rank 1] FINAL RESULTS
============================================================

  Config: configs/bf16_full.json
  Model: hidden_dim=1024, num_layers=12SUMMARY: config=configs/bf16_full.json params=254655569 peak_mem_bytes=3286470144 alloc_mem_bytes=1646277120 avg_step_time=0.1069

  Parameters: 254,655,569
  Batch size: 4, Seq length: 512
  Average step time: 0.107s
  Peak memory: 3.06 GB
  Final allocated memory: 1.53 GB
============================================================
SUMMARY: config=configs/bf16_full.json params=254655569 peak_mem_bytes=3286470144 alloc_mem_bytes=1646277120 avg_step_time=0.1069
[rank0]:[W119 13:22:17.956647313 ProcessGroupNCCL.cpp:1250] Warning: WARNING: process group has NOT been destroyed before we destruct ProcessGroupNCCL. On normal program exit, the application should call destroy_process_group to ensure that any pending NCCL operations have finished in this process. In rare cases this process can exit before this point and block the progress of another member of the process group. This constraint has always been present,  but this warning has only been added since PyTorch 2.4 (function operator())
[2026-01-19 13:22:19,389] [INFO] [launch.py:367:main] Process 792244 exits successfully.
[2026-01-19 13:22:20,389] [INFO] [launch.py:367:main] Process 792243 exits successfully.
