Warning: The cache directory for DeepSpeed Triton autotune, /home/bigyang/.triton/autotune, appears to be on an NFS system. While this is generally acceptable, if you experience slowdowns or hanging when DeepSpeed exits, it is recommended to set the TRITON_CACHE_DIR environment variable to a non-NFS path.
[2026-01-21 09:57:31,072] [WARNING] [runner.py:232:fetch_hostfile] Unable to find hostfile, will proceed with training with local resources only.
Detected VISIBLE_DEVICES=0,1 but ignoring it because one or several of --include/--exclude/--num_gpus/--num_nodes cl args were used. If you want to use CUDA_VISIBLE_DEVICES don't pass any of these arguments to deepspeed.
[2026-01-21 09:57:31,072] [INFO] [runner.py:630:main] cmd = /home/bigyang/micromamba/envs/ds-hf/bin/python -u -m deepspeed.launcher.launch --world_info=eyJsb2NhbGhvc3QiOiBbMCwgMV19 --master_addr=127.0.0.1 --master_port=29600 --enable_each_rank_log=None --log_level=info train.py --deepspeed_config configs/baseline.json --num_layers 32 --hidden_dim 4096 --batch_size 16 --seq_length 512 --num_steps 7 --warmup_steps 5 --activation_checkpointing --use_real_data --seed 42
Warning: The cache directory for DeepSpeed Triton autotune, /home/bigyang/.triton/autotune, appears to be on an NFS system. While this is generally acceptable, if you experience slowdowns or hanging when DeepSpeed exits, it is recommended to set the TRITON_CACHE_DIR environment variable to a non-NFS path.
[2026-01-21 09:57:40,974] [INFO] [launch.py:162:main] WORLD INFO DICT: {'localhost': [0, 1]}
[2026-01-21 09:57:40,974] [INFO] [launch.py:168:main] nnodes=1, num_local_procs=2, node_rank=0
[2026-01-21 09:57:40,974] [INFO] [launch.py:179:main] global_rank_mapping=defaultdict(<class 'list'>, {'localhost': [0, 1]})
[2026-01-21 09:57:40,974] [INFO] [launch.py:180:main] dist_world_size=2
[2026-01-21 09:57:40,974] [INFO] [launch.py:184:main] Setting CUDA_VISIBLE_DEVICES=0,1
[2026-01-21 09:57:40,975] [INFO] [launch.py:272:main] process 1244703 spawned with command: ['/home/bigyang/micromamba/envs/ds-hf/bin/python', '-u', 'train.py', '--local_rank=0', '--deepspeed_config', 'configs/baseline.json', '--num_layers', '32', '--hidden_dim', '4096', '--batch_size', '16', '--seq_length', '512', '--num_steps', '7', '--warmup_steps', '5', '--activation_checkpointing', '--use_real_data', '--seed', '42']
[2026-01-21 09:57:40,976] [INFO] [launch.py:272:main] process 1244704 spawned with command: ['/home/bigyang/micromamba/envs/ds-hf/bin/python', '-u', 'train.py', '--local_rank=1', '--deepspeed_config', 'configs/baseline.json', '--num_layers', '32', '--hidden_dim', '4096', '--batch_size', '16', '--seq_length', '512', '--num_steps', '7', '--warmup_steps', '5', '--activation_checkpointing', '--use_real_data', '--seed', '42']
Warning: The cache directory for DeepSpeed Triton autotune, /home/bigyang/.triton/autotune, appears to be on an NFS system. While this is generally acceptable, if you experience slowdowns or hanging when DeepSpeed exits, it is recommended to set the TRITON_CACHE_DIR environment variable to a non-NFS path.
Warning: The cache directory for DeepSpeed Triton autotune, /home/bigyang/.triton/autotune, appears to be on an NFS system. While this is generally acceptable, if you experience slowdowns or hanging when DeepSpeed exits, it is recommended to set the TRITON_CACHE_DIR environment variable to a non-NFS path.
[Rank 0] Loading wikitext dataset...
[Rank 1] Loading wikitext dataset...
[Rank 0] Dataset loaded: 39531 examples, vocab_size=50257[Rank 1] Dataset loaded: 39531 examples, vocab_size=50257

[Rank 0] Creating model with hidden_dim=4096, num_layers=32, num_heads=16, vocab_size=50257
[Rank 1] Creating model with hidden_dim=4096, num_layers=32, num_heads=16, vocab_size=50257
[Rank 0] Model parameters: 6,858,007,633 total, 6,858,007,633 trainable
[Rank 0] Activation checkpointing enabled
[Rank 1] Model parameters: 6,858,007,633 total, 6,858,007,633 trainable
[Rank 1] Activation checkpointing enabled
/home/bigyang/micromamba/envs/ds-hf/lib/python3.11/site-packages/torch/utils/cpp_extension.py:1964: UserWarning: TORCH_CUDA_ARCH_LIST is not set, all archs for visible cards are included for compilation. 
If this is not desired, please set os.environ['TORCH_CUDA_ARCH_LIST'].
  warnings.warn(
Stage 3 initialize beginning
MA 12.77 GB         Max_MA 12.77 GB         CA 12.79 GB         Max_CA 13 GB 
CPU Virtual Memory:  used = 25.0 GB, percent = 10.0%
DeepSpeedZeRoOffload initialize [begin]
MA 12.77 GB         Max_MA 13.54 GB         CA 13.56 GB         Max_CA 14 GB 
CPU Virtual Memory:  used = 25.13 GB, percent = 10.0%
Parameter Offload - Persistent parameters statistics: param_count = 0, numel = 0
DeepSpeedZeRoOffload initialize [end]
MA 6.39 GB         Max_MA 12.97 GB         CA 13.56 GB         Max_CA 14 GB 
CPU Virtual Memory:  used = 25.13 GB, percent = 10.0%
Before creating fp16 partitions
MA 6.39 GB         Max_MA 6.39 GB         CA 13.56 GB         Max_CA 14 GB 
CPU Virtual Memory:  used = 25.13 GB, percent = 10.0%
After creating fp16 partitions: 4
MA 6.39 GB         Max_MA 6.39 GB         CA 6.39 GB         Max_CA 14 GB 
CPU Virtual Memory:  used = 25.52 GB, percent = 10.2%
Before creating fp32 partitions
MA 6.39 GB         Max_MA 6.39 GB         CA 6.39 GB         Max_CA 6 GB 
CPU Virtual Memory:  used = 25.12 GB, percent = 10.0%
After creating fp32 partitions
MA 19.16 GB         Max_MA 22.92 GB         CA 22.93 GB         Max_CA 23 GB 
CPU Virtual Memory:  used = 25.12 GB, percent = 10.0%
Before initializing optimizer states
MA 19.16 GB         Max_MA 19.16 GB         CA 22.93 GB         Max_CA 23 GB 
CPU Virtual Memory:  used = 25.12 GB, percent = 10.0%
[Rank 0] time (ms) | init_optimizer_state: 0.00
After initializing optimizer states
MA 19.16 GB         Max_MA 22.93 GB         CA 26.7 GB         Max_CA 27 GB 
CPU Virtual Memory:  used = 25.12 GB, percent = 10.0%
[Rank 1] DeepSpeed initialized with config: configs/baseline.json
[Rank 1] Memory after init: allocated=25.64 GB, reserved=33.08 GB
After initializing ZeRO optimizer
MA 25.64 GB         Max_MA 26.41 GB         CA 33.08 GB         Max_CA 33 GB 
CPU Virtual Memory:  used = 25.16 GB, percent = 10.0%
[Rank 0] DeepSpeed initialized with config: configs/baseline.json
[Rank 0] Memory after init: allocated=25.64 GB, reserved=33.08 GB
The loss is : The loss is : tensor(11.0625, device='cuda:1', dtype=torch.bfloat16,
       grad_fn=<NllLossBackward0>)
The loss is in backward : tensor(11.1250, device='cuda:0', dtype=torch.bfloat16,
       grad_fn=<NllLossBackward0>)
The loss is in backward : tensor(11.0625, device='cuda:1', dtype=torch.bfloat16,
       grad_fn=<NllLossBackward0>)
tensor(11.1250, device='cuda:0', dtype=torch.bfloat16,
       grad_fn=<NllLossBackward0>)
DS backward time below 2.850327491760254
DS backward time below 2.8505589962005615
DS backward time 2.8710238933563232
DS backward time 2.8712830543518066
[Rank 0] time (ms) | optimizer_step: 152.11
[Rank 0] time (ms) | fwd_microstep: 1516.14 | bwd_microstep: 2850.97 | bwd_inner_microstep: 2831.01 | bwd_allreduce_microstep: 19.85 | step_microstep: 503.15
[Rank 0] time (ms) | fwd: 1516.12 | bwd: 2850.97 | bwd_inner: 2831.04 | bwd_allreduce: 19.85 | step: 503.16
Local>>>>>> step_time: 5.096688985824585, dataloading_time : 0.2028968334197998,forward_time :1.5183131694793701, backward_time: 2.8719851970672607, optim time :0.5034914016723633
Local>>>>>> step_time: 5.7135326862335205, dataloading_time : 0.6240594387054443,forward_time :1.7133638858795166, backward_time: 2.8723716735839844, optim time :0.503734827041626
[Rank 0] Step 0: loss=11.1250, time=5.097s, alloc_mem=51.98 GB, peak_mem=53.49 GB
[Rank 1] Step 0: loss=11.0625, time=5.714s, alloc_mem=51.98 GB, peak_mem=53.49 GB
The loss is : The loss is : tensor(7.1250, device='cuda:0', dtype=torch.bfloat16,
       grad_fn=<NllLossBackward0>)
The loss is in backward : tensor(5.8438, device='cuda:1', dtype=torch.bfloat16,
       grad_fn=<NllLossBackward0>)
The loss is in backward : tensor(7.1250, device='cuda:0', dtype=torch.bfloat16,
       grad_fn=<NllLossBackward0>)
tensor(5.8438, device='cuda:1', dtype=torch.bfloat16,
       grad_fn=<NllLossBackward0>)
DS backward time below 1.7997376918792725
DS backward time below 1.8045623302459717
DS backward time 1.830096960067749
DS backward time 1.8296527862548828
[Rank 0] time (ms) | optimizer_step: 131.67
[Rank 0] time (ms) | fwd_microstep: 827.53 | bwd_microstep: 1825.50 | bwd_inner_microstep: 1800.76 | bwd_allreduce_microstep: 24.66 | step_microstep: 186.51
[Rank 0] time (ms) | fwd: 827.52 | bwd: 1825.48 | bwd_inner: 1800.74 | bwd_allreduce: 24.66 | step: 186.51
Local>>>>>> step_time: 2.8490140438079834, dataloading_time : 0.0018455982208251953,forward_time :0.7769434452056885, backward_time: 1.8833916187286377, optim time :0.18683123588562012
Local>>>>>> step_time: 2.849052906036377, dataloading_time : 0.0016856193542480469,forward_time :0.7766721248626709, backward_time: 1.8835577964782715, optim time :0.1871345043182373
The loss is : The loss is : tensor(15.6875, device='cuda:1', dtype=torch.bfloat16,
       grad_fn=<NllLossBackward0>)
The loss is in backward : tensor(15.6875, device='cuda:1', dtype=torch.bfloat16,
       grad_fn=<NllLossBackward0>)
tensor(15.2500, device='cuda:0', dtype=torch.bfloat16,
       grad_fn=<NllLossBackward0>)
The loss is in backward : tensor(15.2500, device='cuda:0', dtype=torch.bfloat16,
       grad_fn=<NllLossBackward0>)
DS backward time below 1.7960641384124756
DS backward time below 1.799424648284912
DS backward time 1.8261528015136719DS backward time 1.8251547813415527

[Rank 0] time (ms) | optimizer_step: 131.56
[Rank 0] time (ms) | fwd_microstep: 814.11 | bwd_microstep: 1820.57 | bwd_inner_microstep: 1795.71 | bwd_allreduce_microstep: 24.77 | step_microstep: 186.33
[Rank 0] time (ms) | fwd: 814.11 | bwd: 1820.55 | bwd_inner: 1795.69 | bwd_allreduce: 24.77 | step: 186.33
Local>>>>>> step_time: 2.8287622928619385, dataloading_time : 0.00023865699768066406,forward_time :0.762495756149292, backward_time: 1.8794224262237549, optim time :0.18660330772399902
Local>>>>>> step_time: 2.8286795616149902, dataloading_time : 0.0016727447509765625,forward_time :0.7606067657470703, backward_time: 1.8795475959777832, optim time :0.18684840202331543
The loss is : The loss is : tensor(20.5000, device='cuda:1', dtype=torch.bfloat16,
       grad_fn=<NllLossBackward0>)
The loss is in backward : tensor(20.5000, device='cuda:1', dtype=torch.bfloat16,
       grad_fn=<NllLossBackward0>)
tensor(18.3750, device='cuda:0', dtype=torch.bfloat16,
       grad_fn=<NllLossBackward0>)
The loss is in backward : tensor(18.3750, device='cuda:0', dtype=torch.bfloat16,
       grad_fn=<NllLossBackward0>)
DS backward time below 1.8029556274414062
DS backward time below 1.80643892288208
DS backward time 1.832282304763794
DS backward time 1.833601713180542
[Rank 0] time (ms) | optimizer_step: 131.71
[Rank 0] time (ms) | fwd_microstep: 814.86 | bwd_microstep: 1827.57 | bwd_inner_microstep: 1802.60 | bwd_allreduce_microstep: 24.87 | step_microstep: 186.70
[Rank 0] time (ms) | fwd: 814.86 | bwd: 1827.55 | bwd_inner: 1802.60 | bwd_allreduce: 24.87 | step: 186.70
Local>>>>>> step_time: 2.8381569385528564, dataloading_time : 0.0014743804931640625,forward_time :0.7629706859588623, backward_time: 1.886744499206543, optim time :0.1869652271270752
Local>>>>>> step_time: 2.8381943702697754, dataloading_time : 0.00022268295288085938,forward_time :0.7638940811157227, backward_time: 1.886836051940918, optim time :0.1872398853302002
The loss is : The loss is : tensor(4.2188, device='cuda:1', dtype=torch.bfloat16,
       grad_fn=<NllLossBackward0>)
The loss is in backward : tensor(4.2500, device='cuda:0', dtype=torch.bfloat16,
       grad_fn=<NllLossBackward0>)
The loss is in backward : tensor(4.2188, device='cuda:1', dtype=torch.bfloat16,
       grad_fn=<NllLossBackward0>)
tensor(4.2500, device='cuda:0', dtype=torch.bfloat16,
       grad_fn=<NllLossBackward0>)
DS backward time below 1.7959835529327393
DS backward time below 1.8001377582550049
DS backward time 1.8261077404022217
DS backward time 1.8259997367858887
[Rank 0] time (ms) | optimizer_step: 131.64
[Rank 0] time (ms) | fwd_microstep: 816.52 | bwd_microstep: 1821.41 | bwd_inner_microstep: 1796.43 | bwd_allreduce_microstep: 24.88 | step_microstep: 186.43
[Rank 0] time (ms) | fwd: 816.52 | bwd: 1821.40 | bwd_inner: 1796.43 | bwd_allreduce: 24.88 | step: 186.43
Local>>>>>> step_time: 2.8321306705474854, dataloading_time : 0.00024056434631347656,forward_time :0.7654447555541992, backward_time: 1.8797357082366943, optim time :0.1867072582244873
Local>>>>>> step_time: 2.8319807052612305, dataloading_time : 0.0010349750518798828,forward_time :0.7641861438751221, backward_time: 1.8798744678497314, optim time :0.18688297271728516
The loss is : The loss is : tensor(22.7500, device='cuda:0', dtype=torch.bfloat16,
       grad_fn=<NllLossBackward0>)
The loss is in backward : tensor(22.7500, device='cuda:0', dtype=torch.bfloat16,
       grad_fn=<NllLossBackward0>)
tensor(23., device='cuda:1', dtype=torch.bfloat16, grad_fn=<NllLossBackward0>)
The loss is in backward : tensor(23., device='cuda:1', dtype=torch.bfloat16, grad_fn=<NllLossBackward0>)
DS backward time below 1.791710376739502
DS backward time below 1.7974145412445068
DS backward time 1.8233752250671387
DS backward time 1.8225047588348389
[Rank 0] time (ms) | optimizer_step: 131.83
[Rank 0] time (ms) | fwd_microstep: 812.19 | bwd_microstep: 1818.85 | bwd_inner_microstep: 1793.69 | bwd_allreduce_microstep: 25.02 | step_microstep: 186.82
Local>>>>>> step_time: 2.8262441158294678, dataloading_time : 0.001055002212524414,forward_time :0.7612495422363281, backward_time: 1.8768844604492188, optim time :0.18705248832702637
[Rank 0] time (ms) | fwd: 812.18 | bwd: 1818.83 | bwd_inner: 1793.69 | bwd_allreduce: 25.02 | step: 186.82
Local>>>>>> step_time: 2.826418161392212, dataloading_time : 0.0011229515075683594,forward_time :0.7615694999694824, backward_time: 1.8766374588012695, optim time :0.1870861053466797
[Rank 1] Step 5: loss=23.0000, time=2.826s, alloc_mem=51.98 GB, peak_mem=58.32 GB
[Rank 0] Step 5: loss=22.7500, time=2.826s, alloc_mem=51.98 GB, peak_mem=58.32 GB
The loss is : The loss is : tensor(18., device='cuda:0', dtype=torch.bfloat16, grad_fn=<NllLossBackward0>)
The loss is in backward : tensor(18., device='cuda:0', dtype=torch.bfloat16, grad_fn=<NllLossBackward0>)
tensor(17.8750, device='cuda:1', dtype=torch.bfloat16,
       grad_fn=<NllLossBackward0>)
The loss is in backward : tensor(17.8750, device='cuda:1', dtype=torch.bfloat16,
       grad_fn=<NllLossBackward0>)
DS backward time below 1.7923774719238281
DS backward time below 1.7977941036224365
DS backward time 1.8222534656524658
DS backward time 1.8235764503479004
[Rank 0] time (ms) | optimizer_step: 131.77
[Rank 0] time (ms) | fwd_microstep: 814.14 | bwd_microstep: 1819.08 | bwd_inner_microstep: 1794.06 | bwd_allreduce_microstep: 24.98 | step_microstep: 186.65
[Rank 0] time (ms) | fwd: 814.13 | bwd: 1819.09 | bwd_inner: 1794.04 | bwd_allreduce: 24.99 | step: 186.66
Local>>>>>> step_time: 2.8283746242523193, dataloading_time : 0.0011928081512451172,forward_time :0.7639598846435547, backward_time: 1.8762967586517334, optim time :0.18692326545715332
Local>>>>>> step_time: 2.8283987045288086, dataloading_time : 0.0009756088256835938,forward_time :0.7639989852905273, backward_time: 1.8764915466308594, optim time :0.18693065643310547
[Rank 0] Step 6: loss=18.0000, time=2.828s, alloc_mem=51.98 GB, peak_mem=58.32 GB
[Rank 1] Step 6: loss=17.8750, time=2.828s, alloc_mem=51.98 GB, peak_mem=58.32 GB

============================================================
[Rank 0] FINAL RESULTS
  Config: configs/baseline.json
  Model: hidden_dim=4096, num_layers=32
  Parameters: 6,858,007,633
  Batch size: 16, Seq length: 512
  Average step time: 2.827s

============================================================  Peak memory: 58.32 GB

  Final allocated memory: 51.98 GB
============================================================
[Rank 1] FINAL RESULTSSUMMARY: config=configs/baseline.json params=6858007633 peak_mem_bytes=62620521984 alloc_mem_bytes=55811230720 avg_step_time=2.8274

  Config: configs/baseline.json
  Model: hidden_dim=4096, num_layers=32
  Parameters: 6,858,007,633
  Batch size: 16, Seq length: 512
  Average step time: 2.827s
  Peak memory: 58.32 GB
  Final allocated memory: 51.98 GB
============================================================
SUMMARY: config=configs/baseline.json params=6858007633 peak_mem_bytes=62620546560 alloc_mem_bytes=55811230720 avg_step_time=2.8273
[rank0]:[W121 09:59:33.041484930 ProcessGroupNCCL.cpp:1250] Warning: WARNING: process group has NOT been destroyed before we destruct ProcessGroupNCCL. On normal program exit, the application should call destroy_process_group to ensure that any pending NCCL operations have finished in this process. In rare cases this process can exit before this point and block the progress of another member of the process group. This constraint has always been present,  but this warning has only been added since PyTorch 2.4 (function operator())
[2026-01-21 09:59:35,993] [INFO] [launch.py:367:main] Process 1244703 exits successfully.
[2026-01-21 09:59:35,994] [INFO] [launch.py:367:main] Process 1244704 exits successfully.
