Warning: The cache directory for DeepSpeed Triton autotune, /home/bigyang/.triton/autotune, appears to be on an NFS system. While this is generally acceptable, if you experience slowdowns or hanging when DeepSpeed exits, it is recommended to set the TRITON_CACHE_DIR environment variable to a non-NFS path.
[2026-01-21 09:59:50,283] [WARNING] [runner.py:232:fetch_hostfile] Unable to find hostfile, will proceed with training with local resources only.
Detected VISIBLE_DEVICES=0,1 but ignoring it because one or several of --include/--exclude/--num_gpus/--num_nodes cl args were used. If you want to use CUDA_VISIBLE_DEVICES don't pass any of these arguments to deepspeed.
[2026-01-21 09:59:50,283] [INFO] [runner.py:630:main] cmd = /home/bigyang/micromamba/envs/ds-hf/bin/python -u -m deepspeed.launcher.launch --world_info=eyJsb2NhbGhvc3QiOiBbMCwgMV19 --master_addr=127.0.0.1 --master_port=29600 --enable_each_rank_log=None --log_level=info train.py --deepspeed_config configs/bf16_full.json --num_layers 32 --hidden_dim 4096 --batch_size 16 --seq_length 512 --num_steps 7 --warmup_steps 5 --activation_checkpointing --use_real_data --seed 42
Warning: The cache directory for DeepSpeed Triton autotune, /home/bigyang/.triton/autotune, appears to be on an NFS system. While this is generally acceptable, if you experience slowdowns or hanging when DeepSpeed exits, it is recommended to set the TRITON_CACHE_DIR environment variable to a non-NFS path.
[2026-01-21 09:59:58,370] [INFO] [launch.py:162:main] WORLD INFO DICT: {'localhost': [0, 1]}
[2026-01-21 09:59:58,370] [INFO] [launch.py:168:main] nnodes=1, num_local_procs=2, node_rank=0
[2026-01-21 09:59:58,370] [INFO] [launch.py:179:main] global_rank_mapping=defaultdict(<class 'list'>, {'localhost': [0, 1]})
[2026-01-21 09:59:58,370] [INFO] [launch.py:180:main] dist_world_size=2
[2026-01-21 09:59:58,370] [INFO] [launch.py:184:main] Setting CUDA_VISIBLE_DEVICES=0,1
[2026-01-21 09:59:58,371] [INFO] [launch.py:272:main] process 1245258 spawned with command: ['/home/bigyang/micromamba/envs/ds-hf/bin/python', '-u', 'train.py', '--local_rank=0', '--deepspeed_config', 'configs/bf16_full.json', '--num_layers', '32', '--hidden_dim', '4096', '--batch_size', '16', '--seq_length', '512', '--num_steps', '7', '--warmup_steps', '5', '--activation_checkpointing', '--use_real_data', '--seed', '42']
[2026-01-21 09:59:58,371] [INFO] [launch.py:272:main] process 1245259 spawned with command: ['/home/bigyang/micromamba/envs/ds-hf/bin/python', '-u', 'train.py', '--local_rank=1', '--deepspeed_config', 'configs/bf16_full.json', '--num_layers', '32', '--hidden_dim', '4096', '--batch_size', '16', '--seq_length', '512', '--num_steps', '7', '--warmup_steps', '5', '--activation_checkpointing', '--use_real_data', '--seed', '42']
Warning: The cache directory for DeepSpeed Triton autotune, /home/bigyang/.triton/autotune, appears to be on an NFS system. While this is generally acceptable, if you experience slowdowns or hanging when DeepSpeed exits, it is recommended to set the TRITON_CACHE_DIR environment variable to a non-NFS path.
Warning: The cache directory for DeepSpeed Triton autotune, /home/bigyang/.triton/autotune, appears to be on an NFS system. While this is generally acceptable, if you experience slowdowns or hanging when DeepSpeed exits, it is recommended to set the TRITON_CACHE_DIR environment variable to a non-NFS path.
[Rank 0] Loading wikitext dataset...
[Rank 1] Loading wikitext dataset...
[Rank 0] Dataset loaded: 39531 examples, vocab_size=50257
[Rank 1] Dataset loaded: 39531 examples, vocab_size=50257
[Rank 0] Creating model with hidden_dim=4096, num_layers=32, num_heads=16, vocab_size=50257
[Rank 1] Creating model with hidden_dim=4096, num_layers=32, num_heads=16, vocab_size=50257
[Rank 0] Model parameters: 6,858,007,633 total, 6,858,007,633 trainable
[Rank 0] Activation checkpointing enabled
[Rank 1] Model parameters: 6,858,007,633 total, 6,858,007,633 trainable
[Rank 1] Activation checkpointing enabled
/home/bigyang/micromamba/envs/ds-hf/lib/python3.11/site-packages/torch/utils/cpp_extension.py:1964: UserWarning: TORCH_CUDA_ARCH_LIST is not set, all archs for visible cards are included for compilation. 
If this is not desired, please set os.environ['TORCH_CUDA_ARCH_LIST'].
  warnings.warn(
Stage 3 initialize beginning
MA 12.77 GB         Max_MA 12.77 GB         CA 12.79 GB         Max_CA 13 GB 
CPU Virtual Memory:  used = 25.1 GB, percent = 10.0%
DeepSpeedZeRoOffload initialize [begin]
MA 12.77 GB         Max_MA 13.54 GB         CA 13.56 GB         Max_CA 14 GB 
CPU Virtual Memory:  used = 25.18 GB, percent = 10.0%
Parameter Offload - Persistent parameters statistics: param_count = 0, numel = 0
DeepSpeedZeRoOffload initialize [end]
MA 6.39 GB         Max_MA 12.97 GB         CA 13.56 GB         Max_CA 14 GB 
CPU Virtual Memory:  used = 25.18 GB, percent = 10.0%
Before creating fp16 partitions
MA 6.39 GB         Max_MA 6.39 GB         CA 13.56 GB         Max_CA 14 GB 
CPU Virtual Memory:  used = 25.19 GB, percent = 10.0%
After creating fp16 partitions: 4
MA 6.39 GB         Max_MA 6.39 GB         CA 6.39 GB         Max_CA 14 GB 
CPU Virtual Memory:  used = 25.16 GB, percent = 10.0%
Before creating fp32 partitions
MA 6.39 GB         Max_MA 6.39 GB         CA 6.39 GB         Max_CA 6 GB 
CPU Virtual Memory:  used = 25.16 GB, percent = 10.0%
After creating fp32 partitions
MA 12.77 GB         Max_MA 12.77 GB         CA 12.78 GB         Max_CA 13 GB 
CPU Virtual Memory:  used = 25.16 GB, percent = 10.0%
Before initializing optimizer states
MA 12.77 GB         Max_MA 12.77 GB         CA 12.78 GB         Max_CA 13 GB 
CPU Virtual Memory:  used = 25.16 GB, percent = 10.0%
[Rank 0] time (ms) | init_optimizer_state: 0.00
After initializing optimizer states
MA 12.77 GB         Max_MA 14.66 GB         CA 14.67 GB         Max_CA 15 GB 
CPU Virtual Memory:  used = 25.16 GB, percent = 10.0%
[Rank 1] DeepSpeed initialized with config: configs/bf16_full.json
[Rank 1] Memory after init: allocated=19.25 GB, reserved=21.05 GB
After initializing ZeRO optimizer
MA 19.25 GB         Max_MA 20.02 GB         CA 21.05 GB         Max_CA 21 GB 
CPU Virtual Memory:  used = 25.2 GB, percent = 10.0%
[Rank 0] DeepSpeed initialized with config: configs/bf16_full.json
[Rank 0] Memory after init: allocated=19.25 GB, reserved=21.05 GB
The loss is : The loss is : tensor(11.1197, device='cuda:0', grad_fn=<NllLossBackward0>)
The loss is in backward : tensor(11.0807, device='cuda:1', grad_fn=<NllLossBackward0>)
The loss is in backward : tensor(11.1197, device='cuda:0', grad_fn=<NllLossBackward0>)
tensor(11.0807, device='cuda:1', grad_fn=<NllLossBackward0>)
DS backward time below 2.6141836643218994
DS backward time below 2.6140451431274414
DS backward time 2.638601064682007
DS backward time 2.6387786865234375
[Rank 0] time (ms) | optimizer_step: 98.44
[Rank 0] time (ms) | fwd_microstep: 1014.16 | bwd_microstep: 2627.78 | bwd_inner_microstep: 2607.86 | bwd_allreduce_microstep: 19.81 | step_microstep: 180.94
[Rank 0] time (ms) | fwd: 1014.15 | bwd: 2627.79 | bwd_inner: 2607.90 | bwd_allreduce: 19.81 | step: 180.94
Local>>>>>> step_time: 3.9400112628936768, dataloading_time : 0.10022306442260742,forward_time :1.018702507019043, backward_time: 2.6398000717163086, optim time :0.18128228187561035
Local>>>>>> step_time: 4.2879579067230225, dataloading_time : 0.23397350311279297,forward_time :1.2329862117767334, backward_time: 2.6395654678344727, optim time :0.18142986297607422
[Rank 0] Step 0: loss=11.1197, time=3.940s, alloc_mem=32.81 GB, peak_mem=33.57 GB
[Rank 1] Step 0: loss=11.0807, time=4.288s, alloc_mem=32.81 GB, peak_mem=33.57 GB
The loss is : The loss is : tensor(5.8515, device='cuda:1', grad_fn=<NllLossBackward0>)
The loss is in backward : tensor(7.1194, device='cuda:0', grad_fn=<NllLossBackward0>)
The loss is in backward : tensor(5.8515, device='cuda:1', grad_fn=<NllLossBackward0>)
tensor(7.1194, device='cuda:0', grad_fn=<NllLossBackward0>)
DS backward time below 1.9455571174621582
DS backward time below 1.9508051872253418
DS backward time 1.9766020774841309
DS backward time 1.9764018058776855
[Rank 0] time (ms) | optimizer_step: 88.19
[Rank 0] time (ms) | fwd_microstep: 883.18 | bwd_microstep: 1968.93 | bwd_inner_microstep: 1944.20 | bwd_allreduce_microstep: 24.66 | step_microstep: 142.95
[Rank 0] time (ms) | fwd: 883.18 | bwd: 1968.94 | bwd_inner: 1944.21 | bwd_allreduce: 24.66 | step: 142.95
Local>>>>>> step_time: 3.009235382080078, dataloading_time : 0.0016148090362548828,forward_time :0.8320496082305908, backward_time: 2.0322961807250977, optim time :0.14327192306518555
Local>>>>>> step_time: 3.009114980697632, dataloading_time : 0.0003688335418701172,forward_time :0.8329787254333496, backward_time: 2.0324347019195557, optim time :0.14333057403564453
The loss is : The loss is : tensor(13.4810, device='cuda:0', grad_fn=<NllLossBackward0>)
The loss is in backward : tensor(13.7699, device='cuda:1', grad_fn=<NllLossBackward0>)
The loss is in backward : tensor(13.4810, device='cuda:0', grad_fn=<NllLossBackward0>)
tensor(13.7699, device='cuda:1', grad_fn=<NllLossBackward0>)
DS backward time below 1.9483983516693115
DS backward time below 1.9543483257293701
DS backward time 1.9803109169006348
DS backward time 1.9803574085235596
[Rank 0] time (ms) | optimizer_step: 87.96
[Rank 0] time (ms) | fwd_microstep: 865.78 | bwd_microstep: 1973.08 | bwd_inner_microstep: 1947.82 | bwd_allreduce_microstep: 25.18 | step_microstep: 142.45
[Rank 0] time (ms) | fwd: 865.78 | bwd: 1973.09 | bwd_inner: 1947.85 | bwd_allreduce: 25.18 | step: 142.45
Local>>>>>> step_time: 2.9942333698272705, dataloading_time : 0.00032448768615722656,forward_time :0.8141486644744873, backward_time: 2.037032127380371, optim time :0.14272570610046387
Local>>>>>> step_time: 2.9944779872894287, dataloading_time : 0.0011219978332519531,forward_time :0.813115119934082, backward_time: 2.037219285964966, optim time :0.1430196762084961
The loss is : The loss is : tensor(17.4923, device='cuda:1', grad_fn=<NllLossBackward0>)
The loss is in backward : tensor(15.6932, device='cuda:0', grad_fn=<NllLossBackward0>)
The loss is in backward : tensor(17.4923, device='cuda:1', grad_fn=<NllLossBackward0>)
tensor(15.6932, device='cuda:0', grad_fn=<NllLossBackward0>)
DS backward time below 1.9436500072479248
DS backward time below 1.9487762451171875
DS backward time 1.9757201671600342
DS backward time 1.97538423538208
[Rank 0] time (ms) | optimizer_step: 88.00
[Rank 0] time (ms) | fwd_microstep: 874.60 | bwd_microstep: 1968.01 | bwd_inner_microstep: 1942.27 | bwd_allreduce_microstep: 25.65 | step_microstep: 142.57
[Rank 0] time (ms) | fwd: 874.60 | bwd: 1968.01 | bwd_inner: 1942.30 | bwd_allreduce: 25.64 | step: 142.57
Local>>>>>> step_time: 2.998884916305542, dataloading_time : 0.0012898445129394531,forward_time :0.822960615158081, backward_time: 2.0317933559417725, optim time :0.142838716506958
Local>>>>>> step_time: 2.998779058456421, dataloading_time : 0.00031304359436035156,forward_time :0.8233551979064941, backward_time: 2.0320639610290527, optim time :0.14304494857788086
The loss is : The loss is : tensor(7.9338, device='cuda:1', grad_fn=<NllLossBackward0>)
The loss is in backward : tensor(7.9338, device='cuda:1', grad_fn=<NllLossBackward0>)
tensor(7.9354, device='cuda:0', grad_fn=<NllLossBackward0>)
The loss is in backward : tensor(7.9354, device='cuda:0', grad_fn=<NllLossBackward0>)
DS backward time below 1.9497697353363037
DS backward time below 1.953467607498169
DS backward time 1.9794623851776123
DS backward time 1.9806733131408691
[Rank 0] time (ms) | optimizer_step: 88.06
[Rank 0] time (ms) | fwd_microstep: 871.95 | bwd_microstep: 1972.13 | bwd_inner_microstep: 1946.92 | bwd_allreduce_microstep: 25.13 | step_microstep: 142.59
[Rank 0] time (ms) | fwd: 871.95 | bwd: 1972.13 | bwd_inner: 1946.93 | bwd_allreduce: 25.13 | step: 142.60
Local>>>>>> step_time: 3.000105142593384, dataloading_time : 0.0010616779327392578,forward_time :0.8200623989105225, backward_time: 2.036107301712036, optim time :0.14287090301513672
Local>>>>>> step_time: 3.0000734329223633, dataloading_time : 0.0023517608642578125,forward_time :0.8186428546905518, backward_time: 2.036048173904419, optim time :0.14302706718444824
The loss is : The loss is : tensor(8.8619, device='cuda:1', grad_fn=<NllLossBackward0>)
The loss is in backward : tensor(9.4208, device='cuda:0', grad_fn=<NllLossBackward0>)
The loss is in backward : tensor(8.8619, device='cuda:1', grad_fn=<NllLossBackward0>)
tensor(9.4208, device='cuda:0', grad_fn=<NllLossBackward0>)
DS backward time below 1.941939353942871
DS backward time below 1.9469354152679443
DS backward time 1.9732954502105713
DS backward time 1.9730427265167236
[Rank 0] time (ms) | optimizer_step: 88.10
[Rank 0] time (ms) | fwd_microstep: 865.53 | bwd_microstep: 1965.64 | bwd_inner_microstep: 1940.36 | bwd_allreduce_microstep: 25.22 | step_microstep: 142.76
[Rank 0] time (ms) | fwd: 865.53 | bwd: 1965.65 | bwd_inner: 1940.38 | bwd_allreduce: 25.22 | step: 142.76
Local>>>>>> step_time: 2.987311601638794, dataloading_time : 0.0009205341339111328,forward_time :0.8137290477752686, backward_time: 2.0296239852905273, optim time :0.1430356502532959
Local>>>>>> step_time: 2.9873273372650146, dataloading_time : 0.0012888908386230469,forward_time :0.8132460117340088, backward_time: 2.029526472091675, optim time :0.143263578414917
[Rank 0] Step 5: loss=9.4208, time=2.987s, alloc_mem=32.81 GB, peak_mem=42.62 GB
[Rank 1] Step 5: loss=8.8619, time=2.987s, alloc_mem=32.81 GB, peak_mem=42.62 GB
The loss is : The loss is : tensor(6.6132, device='cuda:1', grad_fn=<NllLossBackward0>)
The loss is in backward : tensor(6.6132, device='cuda:1', grad_fn=<NllLossBackward0>)
tensor(6.5183, device='cuda:0', grad_fn=<NllLossBackward0>)
The loss is in backward : tensor(6.5183, device='cuda:0', grad_fn=<NllLossBackward0>)
DS backward time below 1.9420678615570068
DS backward time below 1.9468824863433838
DS backward time 1.9728999137878418
DS backward time 1.9737493991851807
[Rank 0] time (ms) | optimizer_step: 88.11
[Rank 0] time (ms) | fwd_microstep: 868.64 | bwd_microstep: 1965.56 | bwd_inner_microstep: 1940.43 | bwd_allreduce_microstep: 25.06 | step_microstep: 142.95
[Rank 0] time (ms) | fwd: 868.64 | bwd: 1965.56 | bwd_inner: 1940.45 | bwd_allreduce: 25.06 | step: 142.96
Local>>>>>> step_time: 2.9907066822052, dataloading_time : 0.0009326934814453125,forward_time :0.8169116973876953, backward_time: 2.029623508453369, optim time :0.14323687553405762
Local>>>>>> step_time: 2.9905190467834473, dataloading_time : 0.0011947154998779297,forward_time :0.8162310123443604, backward_time: 2.0298912525177, optim time :0.14319944381713867
[Rank 0] Step 6: loss=6.5183, time=2.991s, alloc_mem=32.81 GB, peak_mem=42.62 GB[Rank 1] Step 6: loss=6.6132, time=2.991s, alloc_mem=32.81 GB, peak_mem=42.62 GB


============================================================
============================================================

[Rank 1] FINAL RESULTS[Rank 0] FINAL RESULTS

  Config: configs/bf16_full.json
  Config: configs/bf16_full.json
  Model: hidden_dim=4096, num_layers=32
  Model: hidden_dim=4096, num_layers=32
  Parameters: 6,858,007,633
  Parameters: 6,858,007,633  Batch size: 16, Seq length: 512

  Batch size: 16, Seq length: 512
  Average step time: 2.989s
  Average step time: 2.989s  Peak memory: 42.62 GB

  Peak memory: 42.62 GB  Final allocated memory: 32.81 GB

============================================================  Final allocated memory: 32.81 GB

============================================================
SUMMARY: config=configs/bf16_full.json params=6858007633 peak_mem_bytes=45767153664 alloc_mem_bytes=35231394304 avg_step_time=2.9889
SUMMARY: config=configs/bf16_full.json params=6858007633 peak_mem_bytes=45767161856 alloc_mem_bytes=35231394304 avg_step_time=2.9890
[rank0]:[W121 10:01:30.802207517 ProcessGroupNCCL.cpp:1250] Warning: WARNING: process group has NOT been destroyed before we destruct ProcessGroupNCCL. On normal program exit, the application should call destroy_process_group to ensure that any pending NCCL operations have finished in this process. In rare cases this process can exit before this point and block the progress of another member of the process group. This constraint has always been present,  but this warning has only been added since PyTorch 2.4 (function operator())
[2026-01-21 10:01:32,380] [INFO] [launch.py:367:main] Process 1245258 exits successfully.
[2026-01-21 10:01:32,380] [INFO] [launch.py:367:main] Process 1245259 exits successfully.
