Warning: The cache directory for DeepSpeed Triton autotune, /home/bigyang/.triton/autotune, appears to be on an NFS system. While this is generally acceptable, if you experience slowdowns or hanging when DeepSpeed exits, it is recommended to set the TRITON_CACHE_DIR environment variable to a non-NFS path.
[2026-01-20 13:15:53,173] [WARNING] [runner.py:232:fetch_hostfile] Unable to find hostfile, will proceed with training with local resources only.
Detected VISIBLE_DEVICES=0,1 but ignoring it because one or several of --include/--exclude/--num_gpus/--num_nodes cl args were used. If you want to use CUDA_VISIBLE_DEVICES don't pass any of these arguments to deepspeed.
[2026-01-20 13:15:53,173] [INFO] [runner.py:630:main] cmd = /home/bigyang/micromamba/envs/ds-hf/bin/python -u -m deepspeed.launcher.launch --world_info=eyJsb2NhbGhvc3QiOiBbMCwgMV19 --master_addr=127.0.0.1 --master_port=29600 --enable_each_rank_log=None --log_level=info train.py --deepspeed_config configs/bf16_full.json --num_layers 32 --hidden_dim 4096 --batch_size 16 --seq_length 512 --num_steps 7 --warmup_steps 5 --activation_checkpointing --use_real_data --seed 42
Warning: The cache directory for DeepSpeed Triton autotune, /home/bigyang/.triton/autotune, appears to be on an NFS system. While this is generally acceptable, if you experience slowdowns or hanging when DeepSpeed exits, it is recommended to set the TRITON_CACHE_DIR environment variable to a non-NFS path.
[2026-01-20 13:15:59,660] [INFO] [launch.py:162:main] WORLD INFO DICT: {'localhost': [0, 1]}
[2026-01-20 13:15:59,660] [INFO] [launch.py:168:main] nnodes=1, num_local_procs=2, node_rank=0
[2026-01-20 13:15:59,660] [INFO] [launch.py:179:main] global_rank_mapping=defaultdict(<class 'list'>, {'localhost': [0, 1]})
[2026-01-20 13:15:59,660] [INFO] [launch.py:180:main] dist_world_size=2
[2026-01-20 13:15:59,660] [INFO] [launch.py:184:main] Setting CUDA_VISIBLE_DEVICES=0,1
[2026-01-20 13:15:59,661] [INFO] [launch.py:272:main] process 1977288 spawned with command: ['/home/bigyang/micromamba/envs/ds-hf/bin/python', '-u', 'train.py', '--local_rank=0', '--deepspeed_config', 'configs/bf16_full.json', '--num_layers', '32', '--hidden_dim', '4096', '--batch_size', '16', '--seq_length', '512', '--num_steps', '7', '--warmup_steps', '5', '--activation_checkpointing', '--use_real_data', '--seed', '42']
[2026-01-20 13:15:59,662] [INFO] [launch.py:272:main] process 1977289 spawned with command: ['/home/bigyang/micromamba/envs/ds-hf/bin/python', '-u', 'train.py', '--local_rank=1', '--deepspeed_config', 'configs/bf16_full.json', '--num_layers', '32', '--hidden_dim', '4096', '--batch_size', '16', '--seq_length', '512', '--num_steps', '7', '--warmup_steps', '5', '--activation_checkpointing', '--use_real_data', '--seed', '42']
Warning: The cache directory for DeepSpeed Triton autotune, /home/bigyang/.triton/autotune, appears to be on an NFS system. While this is generally acceptable, if you experience slowdowns or hanging when DeepSpeed exits, it is recommended to set the TRITON_CACHE_DIR environment variable to a non-NFS path.
Warning: The cache directory for DeepSpeed Triton autotune, /home/bigyang/.triton/autotune, appears to be on an NFS system. While this is generally acceptable, if you experience slowdowns or hanging when DeepSpeed exits, it is recommended to set the TRITON_CACHE_DIR environment variable to a non-NFS path.
[Rank 0] Loading wikitext dataset...
[Rank 1] Loading wikitext dataset...
[Rank 0] Dataset loaded: 39531 examples, vocab_size=50257
[Rank 0] Creating model with hidden_dim=4096, num_layers=32, num_heads=16, vocab_size=50257
[Rank 1] Dataset loaded: 39531 examples, vocab_size=50257
[Rank 1] Creating model with hidden_dim=4096, num_layers=32, num_heads=16, vocab_size=50257
[Rank 0] Model parameters: 6,858,007,633 total, 6,858,007,633 trainable
[Rank 0] Activation checkpointing enabled
[Rank 1] Model parameters: 6,858,007,633 total, 6,858,007,633 trainable
[Rank 1] Activation checkpointing enabled
/home/bigyang/micromamba/envs/ds-hf/lib/python3.11/site-packages/torch/utils/cpp_extension.py:1964: UserWarning: TORCH_CUDA_ARCH_LIST is not set, all archs for visible cards are included for compilation. 
If this is not desired, please set os.environ['TORCH_CUDA_ARCH_LIST'].
  warnings.warn(
Stage 3 initialize beginning
MA 12.77 GB         Max_MA 12.77 GB         CA 12.79 GB         Max_CA 13 GB 
CPU Virtual Memory:  used = 22.01 GB, percent = 2.2%
DeepSpeedZeRoOffload initialize [begin]
MA 12.77 GB         Max_MA 13.54 GB         CA 13.56 GB         Max_CA 14 GB 
CPU Virtual Memory:  used = 22.09 GB, percent = 2.2%
Parameter Offload - Persistent parameters statistics: param_count = 0, numel = 0
DeepSpeedZeRoOffload initialize [end]
MA 6.39 GB         Max_MA 12.97 GB         CA 13.56 GB         Max_CA 14 GB 
CPU Virtual Memory:  used = 22.09 GB, percent = 2.2%
Before creating fp16 partitions
MA 6.39 GB         Max_MA 6.39 GB         CA 13.56 GB         Max_CA 14 GB 
CPU Virtual Memory:  used = 22.09 GB, percent = 2.2%
After creating fp16 partitions: 4
MA 6.39 GB         Max_MA 6.39 GB         CA 6.39 GB         Max_CA 14 GB 
CPU Virtual Memory:  used = 22.08 GB, percent = 2.2%
Before creating fp32 partitions
MA 6.39 GB         Max_MA 6.39 GB         CA 6.39 GB         Max_CA 6 GB 
CPU Virtual Memory:  used = 22.08 GB, percent = 2.2%
After creating fp32 partitions
MA 12.77 GB         Max_MA 12.77 GB         CA 12.78 GB         Max_CA 13 GB 
CPU Virtual Memory:  used = 22.08 GB, percent = 2.2%
Before initializing optimizer states
MA 12.77 GB         Max_MA 12.77 GB         CA 12.78 GB         Max_CA 13 GB 
CPU Virtual Memory:  used = 22.08 GB, percent = 2.2%
[Rank 0] time (ms) | init_optimizer_state: 0.00
After initializing optimizer states
MA 12.77 GB         Max_MA 14.66 GB         CA 14.67 GB         Max_CA 15 GB 
CPU Virtual Memory:  used = 22.08 GB, percent = 2.2%
[Rank 1] DeepSpeed initialized with config: configs/bf16_full.json
[Rank 1] Memory after init: allocated=19.25 GB, reserved=21.05 GB
After initializing ZeRO optimizer
MA 19.25 GB         Max_MA 20.02 GB         CA 21.05 GB         Max_CA 21 GB 
CPU Virtual Memory:  used = 22.1 GB, percent = 2.2%
[Rank 0] DeepSpeed initialized with config: configs/bf16_full.json
[Rank 0] Memory after init: allocated=19.25 GB, reserved=21.05 GB
The loss is : tensor(11.0809, device='cuda:1', grad_fn=<NllLossBackward0>)
The loss is : The loss is in backward : tensor(11.0809, device='cuda:1', grad_fn=<NllLossBackward0>)
tensor(11.1196, device='cuda:0', grad_fn=<NllLossBackward0>)
The loss is in backward : tensor(11.1196, device='cuda:0', grad_fn=<NllLossBackward0>)
[Rank 0] time (ms) | optimizer_step: 65.32
[Rank 0] time (ms) | fwd_microstep: 399.16 | bwd_microstep: 838.76 | bwd_inner_microstep: 836.88 | bwd_allreduce_microstep: 1.78 | step_microstep: 128.75
[Rank 0] time (ms) | fwd: 399.15 | bwd: 838.77 | bwd_inner: 836.92 | bwd_allreduce: 1.78 | step: 128.75
Local>>>>>> step_time: 1.7408795356750488, dataloading_time : 0.365093469619751,forward_time :0.40204477310180664, backward_time: 0.8446660041809082, optim time :0.12907195091247559
Local>>>>>> step_time: 1.8271713256835938, dataloading_time : 0.4495096206665039,forward_time :0.402829647064209, backward_time: 0.8456122875213623, optim time :0.12921667098999023
[Rank 0] Step 0: loss=11.1196, time=1.741s, alloc_mem=32.86 GB, peak_mem=33.61 GB
[Rank 1] Step 0: loss=11.0809, time=1.827s, alloc_mem=32.86 GB, peak_mem=33.61 GB
The loss is : The loss is : tensor(7.1194, device='cuda:0', grad_fn=<NllLossBackward0>)
The loss is in backward : tensor(7.1194, device='cuda:0', grad_fn=<NllLossBackward0>)
tensor(5.8516, device='cuda:1', grad_fn=<NllLossBackward0>)
The loss is in backward : tensor(5.8516, device='cuda:1', grad_fn=<NllLossBackward0>)
[Rank 0] time (ms) | optimizer_step: 56.40
Local>>>>>> step_time: 1.2225661277770996, dataloading_time : 0.0031728744506835938,forward_time :0.20450472831726074, backward_time: 0.9233269691467285, optim time :0.09155917167663574
[Rank 0] time (ms) | fwd_microstep: 322.23 | bwd_microstep: 800.57 | bwd_inner_microstep: 798.84 | bwd_allreduce_microstep: 1.66 | step_microstep: 91.36
[Rank 0] time (ms) | fwd: 322.23 | bwd: 800.58 | bwd_inner: 798.86 | bwd_allreduce: 1.66 | step: 91.36
Local>>>>>> step_time: 1.222856044769287, dataloading_time : 0.0012867450714111328,forward_time :0.20630550384521484, backward_time: 0.9236176013946533, optim time :0.0916438102722168
The loss is : The loss is : tensor(13.7560, device='cuda:1', grad_fn=<NllLossBackward0>)
The loss is in backward : tensor(13.7560, device='cuda:1', grad_fn=<NllLossBackward0>)
tensor(13.4604, device='cuda:0', grad_fn=<NllLossBackward0>)
The loss is in backward : tensor(13.4604, device='cuda:0', grad_fn=<NllLossBackward0>)
[Rank 0] time (ms) | optimizer_step: 56.40
Local>>>>>> step_time: 1.2137610912322998, dataloading_time : 0.00017762184143066406,forward_time :0.15516448020935059, backward_time: 0.9673898220062256, optim time :0.09102725982666016
[Rank 0] time (ms) | fwd_microstep: 312.94 | bwd_microstep: 800.35 | bwd_inner_microstep: 798.62 | bwd_allreduce_microstep: 1.67 | step_microstep: 90.79
[Rank 0] time (ms) | fwd: 312.94 | bwd: 800.35 | bwd_inner: 798.64 | bwd_allreduce: 1.67 | step: 90.80
Local>>>>>> step_time: 1.213757038116455, dataloading_time : 0.0021102428436279297,forward_time :0.15107274055480957, backward_time: 0.9695115089416504, optim time :0.09106016159057617
The loss is : The loss is : tensor(17.6456, device='cuda:1', grad_fn=<NllLossBackward0>)
The loss is in backward : tensor(17.6456, device='cuda:1', grad_fn=<NllLossBackward0>)
tensor(15.8203, device='cuda:0', grad_fn=<NllLossBackward0>)
The loss is in backward : tensor(15.8203, device='cuda:0', grad_fn=<NllLossBackward0>)
[Rank 0] time (ms) | optimizer_step: 56.28
[Rank 0] time (ms) | fwd_microstep: 312.57 | bwd_microstep: 794.19 | bwd_inner_microstep: 792.49 | bwd_allreduce_microstep: 1.65 | step_microstep: 90.76
[Rank 0] time (ms) | fwd: 312.57 | bwd: 794.20 | bwd_inner: 792.51 | bwd_allreduce: 1.65 | step: 90.76
Local>>>>>> step_time: 1.2055437564849854, dataloading_time : 0.0004868507385253906,forward_time :0.14672279357910156, backward_time: 0.96730637550354, optim time :0.09102511405944824
Local>>>>>> step_time: 1.2056562900543213, dataloading_time : 0.0013780593872070312,forward_time :0.146331787109375, backward_time: 0.9669218063354492, optim time :0.09102249145507812
The loss is : The loss is : tensor(7.8844, device='cuda:0', grad_fn=<NllLossBackward0>)
The loss is in backward : tensor(7.8844, device='cuda:0', grad_fn=<NllLossBackward0>)
tensor(7.8798, device='cuda:1', grad_fn=<NllLossBackward0>)
The loss is in backward : tensor(7.8798, device='cuda:1', grad_fn=<NllLossBackward0>)
[Rank 0] time (ms) | optimizer_step: 56.27
[Rank 0] time (ms) | fwd_microstep: 310.58 | bwd_microstep: 800.55 | bwd_inner_microstep: 798.86 | bwd_allreduce_microstep: 1.64 | step_microstep: 90.70
[Rank 0] time (ms) | fwd: 310.57 | bwd: 800.56 | bwd_inner: 798.88 | bwd_allreduce: 1.64 | step: 90.70
Local>>>>>> step_time: 1.2102935314178467, dataloading_time : 0.0010280609130859375,forward_time :0.149003267288208, backward_time: 0.9692978858947754, optim time :0.09096217155456543
Local>>>>>> step_time: 1.210313320159912, dataloading_time : 0.00017189979553222656,forward_time :0.14759254455566406, backward_time: 0.9716079235076904, optim time :0.09093904495239258
The loss is : The loss is : tensor(9.4261, device='cuda:0', grad_fn=<NllLossBackward0>)
The loss is in backward : tensor(9.4261, device='cuda:0', grad_fn=<NllLossBackward0>)
tensor(8.8662, device='cuda:1', grad_fn=<NllLossBackward0>)
The loss is in backward : tensor(8.8662, device='cuda:1', grad_fn=<NllLossBackward0>)
[Rank 0] time (ms) | optimizer_step: 56.28
[Rank 0] time (ms) | fwd_microstep: 310.44 | bwd_microstep: 804.41 | bwd_inner_microstep: 802.71 | bwd_allreduce_microstep: 1.64 | step_microstep: 90.71
[Rank 0] time (ms) | fwd: 310.43 | bwd: 804.41 | bwd_inner: 802.72 | bwd_allreduce: 1.64 | step: 90.72
Local>>>>>> step_time: 1.2140884399414062, dataloading_time : 0.0010631084442138672,forward_time :0.14599895477294922, backward_time: 0.9760410785675049, optim time :0.09098315238952637
Local>>>>>> step_time: 1.2140698432922363, dataloading_time : 0.001215219497680664,forward_time :0.14606523513793945, backward_time: 0.9757640361785889, optim time :0.09102320671081543
[Rank 0] Step 5: loss=9.4261, time=1.214s, alloc_mem=32.86 GB, peak_mem=42.67 GB
[Rank 1] Step 5: loss=8.8662, time=1.214s, alloc_mem=32.86 GB, peak_mem=42.67 GB
The loss is : The loss is : tensor(6.9584, device='cuda:0', grad_fn=<NllLossBackward0>)
The loss is in backward : tensor(6.9584, device='cuda:0', grad_fn=<NllLossBackward0>)
tensor(7.0610, device='cuda:1', grad_fn=<NllLossBackward0>)
The loss is in backward : tensor(7.0610, device='cuda:1', grad_fn=<NllLossBackward0>)
[Rank 0] time (ms) | optimizer_step: 56.36
Local>>>>>> step_time: 1.2180919647216797, dataloading_time : 0.0011181831359863281,forward_time :0.152374267578125, backward_time: 0.9726941585540771, optim time :0.0919027328491211
[Rank 1] Step 6: loss=7.0610, time=1.218s, alloc_mem=32.86 GB, peak_mem=42.67 GB
[Rank 0] time (ms) | fwd_microstep: 312.84 | bwd_microstep: 804.80 | bwd_inner_microstep: 802.23 | bwd_allreduce_microstep: 2.50 | step_microstep: 91.85
[Rank 0] time (ms) | fwd: 312.84 | bwd: 804.80 | bwd_inner: 802.25 | bwd_allreduce: 2.50 | step: 91.85
Local>>>>>> step_time: 1.2184593677520752, dataloading_time : 0.0009808540344238281,forward_time :0.16002225875854492, backward_time: 0.9652903079986572, optim time :0.0921640396118164

============================================================
[Rank 1] FINAL RESULTS
  Config: configs/bf16_full.json
  Model: hidden_dim=4096, num_layers=32
  Parameters: 6,858,007,633
  Batch size: 16, Seq length: 512
  Average step time: 1.216s
  Peak memory: 42.67 GB
  Final allocated memory: 32.86 GB
============================================================
SUMMARY: config=configs/bf16_full.json params=6858007633 peak_mem_bytes=45817264128 alloc_mem_bytes=35281463808 avg_step_time=1.2161
[Rank 0] Step 6: loss=6.9584, time=1.218s, alloc_mem=32.86 GB, peak_mem=42.67 GB

============================================================
[Rank 0] FINAL RESULTS
  Config: configs/bf16_full.json
  Model: hidden_dim=4096, num_layers=32
  Parameters: 6,858,007,633
  Batch size: 16, Seq length: 512
  Average step time: 1.216s
  Peak memory: 42.67 GB
  Final allocated memory: 32.86 GB
============================================================
SUMMARY: config=configs/bf16_full.json params=6858007633 peak_mem_bytes=45817223168 alloc_mem_bytes=35281463808 avg_step_time=1.2163
[rank0]:[W120 13:17:02.261390144 ProcessGroupNCCL.cpp:1250] Warning: WARNING: process group has NOT been destroyed before we destruct ProcessGroupNCCL. On normal program exit, the application should call destroy_process_group to ensure that any pending NCCL operations have finished in this process. In rare cases this process can exit before this point and block the progress of another member of the process group. This constraint has always been present,  but this warning has only been added since PyTorch 2.4 (function operator())
[2026-01-20 13:17:04,675] [INFO] [launch.py:367:main] Process 1977288 exits successfully.
[2026-01-20 13:17:04,675] [INFO] [launch.py:367:main] Process 1977289 exits successfully.
