0: Warning: The cache directory for DeepSpeed Triton autotune, /home/bigyang/.triton/autotune, appears to be on an NFS system. While this is generally acceptable, if you experience slowdowns or hanging when DeepSpeed exits, it is recommended to set the TRITON_CACHE_DIR environment variable to a non-NFS path.
0: Warning: The cache directory for DeepSpeed Triton autotune, /home/bigyang/.triton/autotune, appears to be on an NFS system. While this is generally acceptable, if you experience slowdowns or hanging when DeepSpeed exits, it is recommended to set the TRITON_CACHE_DIR environment variable to a non-NFS path.
0: Warning: The cache directory for DeepSpeed Triton autotune, /home/bigyang/.triton/autotune, appears to be on an NFS system. While this is generally acceptable, if you experience slowdowns or hanging when DeepSpeed exits, it is recommended to set the TRITON_CACHE_DIR environment variable to a non-NFS path.
0: Warning: The cache directory for DeepSpeed Triton autotune, /home/bigyang/.triton/autotune, appears to be on an NFS system. While this is generally acceptable, if you experience slowdowns or hanging when DeepSpeed exits, it is recommended to set the TRITON_CACHE_DIR environment variable to a non-NFS path.
1: Warning: The cache directory for DeepSpeed Triton autotune, /home/bigyang/.triton/autotune, appears to be on an NFS system. While this is generally acceptable, if you experience slowdowns or hanging when DeepSpeed exits, it is recommended to set the TRITON_CACHE_DIR environment variable to a non-NFS path.
1: Warning: The cache directory for DeepSpeed Triton autotune, /home/bigyang/.triton/autotune, appears to be on an NFS system. While this is generally acceptable, if you experience slowdowns or hanging when DeepSpeed exits, it is recommended to set the TRITON_CACHE_DIR environment variable to a non-NFS path.Warning: The cache directory for DeepSpeed Triton autotune, /home/bigyang/.triton/autotune, appears to be on an NFS system. While this is generally acceptable, if you experience slowdowns or hanging when DeepSpeed exits, it is recommended to set the TRITON_CACHE_DIR environment variable to a non-NFS path.
1: 
1: Warning: The cache directory for DeepSpeed Triton autotune, /home/bigyang/.triton/autotune, appears to be on an NFS system. While this is generally acceptable, if you experience slowdowns or hanging when DeepSpeed exits, it is recommended to set the TRITON_CACHE_DIR environment variable to a non-NFS path.
0: gradient checkpointing enabled: True
1: gradient checkpointing enabled: True
0: gradient checkpointing enabled: True
0: gradient checkpointing enabled: True
0: gradient checkpointing enabled: True
1: gradient checkpointing enabled: True
1: gradient checkpointing enabled: True
1: gradient checkpointing enabled: True
0: Before initializing optimizer states
0: MA 2.88 GB         Max_MA 4.61 GB         CA 5.18 GB         Max_CA 5 GB 
0: CPU Virtual Memory:  used = 21.27 GB, percent = 2.1%
0: After initializing optimizer states
0: MA 2.88 GB         Max_MA 3.46 GB         CA 5.76 GB         Max_CA 6 GB 
0: CPU Virtual Memory:  used = 21.27 GB, percent = 2.1%
0: After initializing ZeRO optimizer
0: MA 2.88 GB         Max_MA 2.88 GB         CA 5.76 GB         Max_CA 6 GB 
0: CPU Virtual Memory:  used = 21.29 GB, percent = 2.1%
0: [Rank 3] Loading wikitext dataset...
0: [Rank 2] Loading wikitext dataset...
0: [Rank 1] Loading wikitext dataset...
0: [Rank 0] Loading wikitext dataset...
1: [Rank 4] Loading wikitext dataset...
1: [Rank 5] Loading wikitext dataset...
1: [Rank 6] Loading wikitext dataset...
1: [Rank 7] Loading wikitext dataset...
1: [Rank 4] Packed dataset: 159 chunks of 32000 tokens
1: [Rank 6] Packed dataset: 159 chunks of 32000 tokens
1: [Rank 5] Packed dataset: 159 chunks of 32000 tokens
1: [Rank 7] Packed dataset: 159 chunks of 32000 tokens
0: [Rank 1] Packed dataset: 159 chunks of 32000 tokens
0: [Rank 3] Packed dataset: 159 chunks of 32000 tokens
0: [Rank 0] Packed dataset: 159 chunks of 32000 tokens
0: [Rank 2] Packed dataset: 159 chunks of 32000 tokens
0: Iteration 0: loss=4.5677
0: Step_time: 1.8428435325622559
0: 
0: Iteration 1: loss=12.7205
0: Step_time: 1.8151042461395264
0: 
0: Iteration 2: loss=14.9198
0: Step_time: 2.136035680770874
0: 
0: Iteration 3: loss=10.0048
0: Step_time: 1.8374931812286377
0: 
0: Iteration 4: loss=12.0883
0: Step_time: 1.8545458316802979
0: 
0: Iteration 5: loss=8.7987
0: Step_time: 1.84671950340271
0: 
0: Iteration 6: loss=8.3243
0: Step_time: 1.8451354503631592
0: 
0: Iteration 7: loss=8.1640
0: Step_time: 1.8675487041473389
0: 
0: Iteration 8: loss=7.8704
0: Step_time: 1.882721185684204
0: 
0: Iteration 9: loss=8.0492
0: Step_time: 1.8690063953399658
0: 
0: Iteration 10: loss=8.2809
0: Step_time: 1.8650312423706055
0: 
0: Iteration 11: loss=8.0147
0: Step_time: 1.8747131824493408
0: 
0: Iteration 12: loss=7.9158
0: Step_time: 1.8129384517669678
0: 
0: Iteration 13: loss=8.1360
0: Step_time: 1.8801724910736084
0: 
0: Iteration 14: loss=8.0087
0: Step_time: 1.8717329502105713
0: 
0: Iteration 15: loss=7.9645
0: Step_time: 1.8807051181793213
0: 
0: Iteration 16: loss=8.1433
0: Step_time: 1.8578221797943115
0: 
0: Iteration 17: loss=8.0080
0: Step_time: 1.8705198764801025
0: 
0: Iteration 18: loss=7.7940
0: Step_time: 1.8898465633392334
0: 
0: Iteration 19: loss=7.7207
0: Step_time: 1.8614287376403809
0: 
0: Iteration 20: loss=7.7058
0: Step_time: 1.8455557823181152
0: 
0: Iteration 21: loss=7.7303
0: Step_time: 1.8684461116790771
0: 
0: Iteration 22: loss=7.7655
0: Step_time: 1.9062652587890625
0: 
0: Iteration 23: loss=7.6221
0: Step_time: 1.884387493133545
0: 
0: Iteration 24: loss=7.6779
0: Step_time: 1.8800795078277588
0: 
0: Iteration 25: loss=7.6441
0: Step_time: 1.8696057796478271
0: 
0: Iteration 26: loss=7.7944
0: Step_time: 1.872380256652832
0: 
0: Iteration 27: loss=7.6921
0: Step_time: 1.8270034790039062
0: 
0: Iteration 28: loss=7.8058
0: Step_time: 1.8575084209442139
0: 
0: Iteration 29: loss=7.7376
0: Step_time: 1.8509385585784912
0: 
0: Iteration 30: loss=7.4730
0: Step_time: 1.8115665912628174
0: 
0: Iteration 31: loss=7.7169
0: Step_time: 1.8580925464630127
0: 
0: Iteration 32: loss=7.6546
0: Step_time: 1.8591785430908203
0: 
0: Iteration 33: loss=7.5401
0: Step_time: 1.8368206024169922
0: 
0: Iteration 34: loss=7.6521
0: Step_time: 1.8893306255340576
0: 
0: Iteration 35: loss=7.7561
0: Step_time: 1.8776915073394775
0: 
0: Iteration 36: loss=7.5723
0: Step_time: 1.8288068771362305
0: 
0: Iteration 37: loss=7.4707
0: Step_time: 1.885915994644165
0: 
0: Iteration 38: loss=7.5515
0: Step_time: 1.892570972442627
0: 
0: Iteration 39: loss=7.5526
0: Step_time: 1.8747506141662598
0: 
0: Iteration 40: loss=7.5824
0: Step_time: 1.8275659084320068
0: 
0: Iteration 41: loss=7.5320
0: Step_time: 1.8598880767822266
0: 
0: Iteration 42: loss=7.5869
0: Step_time: 1.8171498775482178
0: 
0: Iteration 43: loss=7.6067
0: Step_time: 1.8729267120361328
0: 
0: Iteration 44: loss=7.5575
0: Step_time: 1.908362865447998
0: 
0: Iteration 45: loss=7.6145
0: Step_time: 1.881697416305542
0: 
0: Iteration 46: loss=7.6089
0: Step_time: 1.859497308731079
0: 
0: Iteration 47: loss=7.5156
0: Step_time: 1.889204978942871
0: 
0: Iteration 48: loss=7.5270
0: Step_time: 1.8952662944793701
0: 
0: Iteration 49: loss=7.4261
0: Step_time: 1.8139777183532715
0: 
0: Iteration 50: loss=7.4866
0: Step_time: 1.8305740356445312
0: 
0: Iteration 51: loss=7.4101
0: Step_time: 1.8480274677276611
0: 
0: Iteration 52: loss=7.7282
0: Step_time: 1.8691260814666748
0: 
0: Iteration 53: loss=7.8246
0: Step_time: 1.8658442497253418
0: 
0: Iteration 54: loss=7.6338
0: Step_time: 1.8884673118591309
0: 
0: Iteration 55: loss=7.6157
0: Step_time: 1.9042527675628662
0: 
0: Iteration 56: loss=7.5341
0: Step_time: 1.8902301788330078
0: 
0: Iteration 57: loss=7.5459
0: Step_time: 1.844106912612915
0: 
0: Iteration 58: loss=7.6995
0: Step_time: 1.8518073558807373
0: 
0: Iteration 59: loss=7.4700
0: Step_time: 1.835228681564331
0: 
0: Iteration 60: loss=7.6157
0: Step_time: 1.879850149154663
0: 
0: Iteration 61: loss=7.6587
0: Step_time: 1.854130744934082
0: 
0: Iteration 62: loss=7.4213
0: Step_time: 1.838496446609497
0: 
0: Iteration 63: loss=7.5376
0: Step_time: 1.8751263618469238
0: 
0: Iteration 64: loss=7.4208
0: Step_time: 1.8507347106933594
0: 
0: Iteration 65: loss=7.5364
0: Step_time: 1.866042137145996
0: 
0: Iteration 66: loss=7.4885
0: Step_time: 1.8438434600830078
0: 
0: Iteration 67: loss=7.6429
0: Step_time: 1.888577938079834
0: 
0: Iteration 68: loss=7.5715
0: Step_time: 1.8902561664581299
0: 
0: Iteration 69: loss=7.4908
0: Step_time: 1.864797830581665
0: 
0: Iteration 70: loss=7.4829
0: Step_time: 1.8849437236785889
0: 
0: Iteration 71: loss=7.4660
0: Step_time: 1.8500878810882568
0: 
0: Iteration 72: loss=7.5097
0: Step_time: 1.8275244235992432
0: 
0: Iteration 73: loss=7.3993
0: Step_time: 1.8840954303741455
0: 
0: Iteration 74: loss=7.5425
0: Step_time: 1.8695344924926758
0: 
0: Iteration 75: loss=7.4312
0: Step_time: 1.8563635349273682
0: 
0: Iteration 76: loss=7.5436
0: Step_time: 1.8544948101043701
0: 
0: Iteration 77: loss=7.3792
0: Step_time: 1.8748972415924072
0: 
0: Iteration 78: loss=7.5919
0: Step_time: 1.892643690109253
0: 
0: Iteration 79: loss=7.4654
0: Step_time: 1.8690354824066162
0: 
0: Iteration 80: loss=7.4758
0: Step_time: 1.8849196434020996
0: 
0: Iteration 81: loss=7.4622
0: Step_time: 1.8743515014648438
0: 
0: Iteration 82: loss=7.4268
0: Step_time: 1.8824527263641357
0: 
0: Iteration 83: loss=7.4910
0: Step_time: 1.8338334560394287
0: 
0: Iteration 84: loss=7.5617
0: Step_time: 1.844642162322998
0: 
0: Iteration 85: loss=7.4692
0: Step_time: 1.8548827171325684
0: 
0: Iteration 86: loss=7.5664
0: Step_time: 1.8618156909942627
0: 
0: Iteration 87: loss=7.5673
0: Step_time: 1.8859248161315918
0: 
0: Iteration 88: loss=7.6221
0: Step_time: 1.8448166847229004
0: 
0: Iteration 89: loss=7.5108
0: Step_time: 1.8528950214385986
0: 
0: Iteration 90: loss=7.5936
0: Step_time: 1.860013723373413
0: 
0: Iteration 91: loss=7.5706
0: Step_time: 1.8716275691986084
0: 
0: Iteration 92: loss=7.5202
0: Step_time: 1.870760202407837
0: 
0: Iteration 93: loss=7.5677
0: Step_time: 1.878523588180542
0: 
0: Iteration 94: loss=7.5240
0: Step_time: 1.8852744102478027
0: 
0: Iteration 95: loss=7.5343
0: Step_time: 1.8520030975341797
0: 
0: Iteration 96: loss=7.5243
0: Step_time: 1.8483564853668213
0: 
0: Iteration 97: loss=7.4318
