0: Warning: The cache directory for DeepSpeed Triton autotune, /home/bigyang/.triton/autotune, appears to be on an NFS system. While this is generally acceptable, if you experience slowdowns or hanging when DeepSpeed exits, it is recommended to set the TRITON_CACHE_DIR environment variable to a non-NFS path.
0: Warning: The cache directory for DeepSpeed Triton autotune, /home/bigyang/.triton/autotune, appears to be on an NFS system. While this is generally acceptable, if you experience slowdowns or hanging when DeepSpeed exits, it is recommended to set the TRITON_CACHE_DIR environment variable to a non-NFS path.
0: Warning: The cache directory for DeepSpeed Triton autotune, /home/bigyang/.triton/autotune, appears to be on an NFS system. While this is generally acceptable, if you experience slowdowns or hanging when DeepSpeed exits, it is recommended to set the TRITON_CACHE_DIR environment variable to a non-NFS path.
0: Warning: The cache directory for DeepSpeed Triton autotune, /home/bigyang/.triton/autotune, appears to be on an NFS system. While this is generally acceptable, if you experience slowdowns or hanging when DeepSpeed exits, it is recommended to set the TRITON_CACHE_DIR environment variable to a non-NFS path.
1: Warning: The cache directory for DeepSpeed Triton autotune, /home/bigyang/.triton/autotune, appears to be on an NFS system. While this is generally acceptable, if you experience slowdowns or hanging when DeepSpeed exits, it is recommended to set the TRITON_CACHE_DIR environment variable to a non-NFS path.
1: Warning: The cache directory for DeepSpeed Triton autotune, /home/bigyang/.triton/autotune, appears to be on an NFS system. While this is generally acceptable, if you experience slowdowns or hanging when DeepSpeed exits, it is recommended to set the TRITON_CACHE_DIR environment variable to a non-NFS path.
1: Warning: The cache directory for DeepSpeed Triton autotune, /home/bigyang/.triton/autotune, appears to be on an NFS system. While this is generally acceptable, if you experience slowdowns or hanging when DeepSpeed exits, it is recommended to set the TRITON_CACHE_DIR environment variable to a non-NFS path.
1: Warning: The cache directory for DeepSpeed Triton autotune, /home/bigyang/.triton/autotune, appears to be on an NFS system. While this is generally acceptable, if you experience slowdowns or hanging when DeepSpeed exits, it is recommended to set the TRITON_CACHE_DIR environment variable to a non-NFS path.
1: gradient checkpointing enabled: True
0: gradient checkpointing enabled: True
1: gradient checkpointing enabled: True
1: gradient checkpointing enabled: True
1: gradient checkpointing enabled: True
0: gradient checkpointing enabled: True
0: gradient checkpointing enabled: True
0: gradient checkpointing enabled: True
1: [Rank 6] Loading wikitext dataset...[Rank 4] Loading wikitext dataset...
1: 
1: [Rank 5] Loading wikitext dataset...
1: [Rank 7] Loading wikitext dataset...
0: Before initializing optimizer states
0: MA 2.88 GB         Max_MA 4.61 GB         CA 5.18 GB         Max_CA 5 GB 
0: CPU Virtual Memory:  used = 21.26 GB, percent = 2.1%
0: After initializing optimizer states
0: MA 2.88 GB         Max_MA 3.46 GB         CA 5.76 GB         Max_CA 6 GB 
0: CPU Virtual Memory:  used = 21.26 GB, percent = 2.1%
0: After initializing ZeRO optimizer
0: MA 2.88 GB         Max_MA 2.88 GB         CA 5.76 GB         Max_CA 6 GB 
0: CPU Virtual Memory:  used = 21.27 GB, percent = 2.1%
0: [Rank 3] Loading wikitext dataset...
0: [Rank 1] Loading wikitext dataset...
0: [Rank 2] Loading wikitext dataset...
0: [Rank 0] Loading wikitext dataset...
0: [Rank 1] Packed dataset: 159 chunks of 32000 tokens
1: [Rank 6] Packed dataset: 159 chunks of 32000 tokens
1: [Rank 4] Packed dataset: 159 chunks of 32000 tokens
0: [Rank 2] Packed dataset: 159 chunks of 32000 tokens
0: [Rank 3] Packed dataset: 159 chunks of 32000 tokens
1: [Rank 7] Packed dataset: 159 chunks of 32000 tokens
1: [Rank 5] Packed dataset: 159 chunks of 32000 tokens
0: [Rank 0] Packed dataset: 159 chunks of 32000 tokens
0: Iteration 0: loss=4.5677
0: Step_time: 1.888049840927124
0: 
0: Iteration 1: loss=12.7561
0: Step_time: 1.8513929843902588
0: 
0: Iteration 2: loss=17.4053
0: Step_time: 2.2055747509002686
0: 
0: Iteration 3: loss=10.0100
0: Step_time: 1.8766651153564453
0: 
0: Iteration 4: loss=13.0718
0: Step_time: 1.8723204135894775
0: 
0: Iteration 5: loss=8.8688
0: Step_time: 1.8370897769927979
0: 
0: Iteration 6: loss=8.3625
0: Step_time: 1.9007039070129395
0: 
0: Iteration 7: loss=8.1819
0: Step_time: 1.8865389823913574
0: 
0: Iteration 8: loss=7.8978
0: Step_time: 1.9032886028289795
0: 
0: Iteration 9: loss=8.0707
0: Step_time: 1.874319076538086
0: 
0: Iteration 10: loss=8.2827
0: Step_time: 1.9017257690429688
0: 
0: Iteration 11: loss=8.0075
0: Step_time: 1.8926184177398682
0: 
0: Iteration 12: loss=7.9048
0: Step_time: 1.8944635391235352
0: 
0: Iteration 13: loss=8.1276
0: Step_time: 1.8629744052886963
0: 
0: Iteration 14: loss=8.0030
0: Step_time: 1.8636391162872314
0: 
0: Iteration 15: loss=7.9590
0: Step_time: 1.9118788242340088
0: 
0: Iteration 16: loss=8.1489
0: Step_time: 1.8794174194335938
0: 
0: Iteration 17: loss=8.0010
0: Step_time: 1.8793721199035645
0: 
0: Iteration 18: loss=7.7969
0: Step_time: 1.8714513778686523
0: 
0: Iteration 19: loss=7.7194
0: Step_time: 1.8750159740447998
0: 
0: Iteration 20: loss=7.7056
0: Step_time: 1.8903028964996338
0: 
0: Iteration 21: loss=7.7305
0: Step_time: 1.8312687873840332
0: 
0: Iteration 22: loss=7.7664
0: Step_time: 1.8868284225463867
0: 
0: Iteration 23: loss=7.6292
0: Step_time: 1.8705875873565674
0: 
0: Iteration 24: loss=7.6843
0: Step_time: 1.871293544769287
0: 
0: Iteration 25: loss=7.6486
0: Step_time: 1.8847050666809082
0: 
0: Iteration 26: loss=7.7978
0: Step_time: 1.8929827213287354
0: 
0: Iteration 27: loss=7.6878
0: Step_time: 1.9118382930755615
0: 
0: Iteration 28: loss=7.8009
0: Step_time: 1.8504652976989746
0: 
0: Iteration 29: loss=7.7395
0: Step_time: 1.8346707820892334
0: 
0: Iteration 30: loss=7.4815
0: Step_time: 1.8763418197631836
0: 
0: Iteration 31: loss=7.7173
0: Step_time: 1.8777334690093994
0: 
0: Iteration 32: loss=7.6572
0: Step_time: 1.87388277053833
0: 
0: Iteration 33: loss=7.5444
0: Step_time: 1.8539719581604004
0: 
0: Iteration 34: loss=7.6517
0: Step_time: 1.9010474681854248
0: 
0: Iteration 35: loss=7.7627
0: Step_time: 1.8254108428955078
0: 
0: Iteration 36: loss=7.5726
0: Step_time: 1.911924123764038
0: 
0: Iteration 37: loss=7.4695
0: Step_time: 1.8688361644744873
0: 
0: Iteration 38: loss=7.5512
0: Step_time: 1.88873291015625
0: 
0: Iteration 39: loss=7.5496
0: Step_time: 1.8769519329071045
0: 
0: Iteration 40: loss=7.5846
0: Step_time: 1.8970451354980469
0: 
0: Iteration 41: loss=7.5309
0: Step_time: 1.887589693069458
0: 
0: Iteration 42: loss=7.5871
0: Step_time: 1.867393970489502
0: 
0: Iteration 43: loss=7.6083
0: Step_time: 1.8640570640563965
0: 
0: Iteration 44: loss=7.5586
0: Step_time: 1.876206636428833
0: 
0: Iteration 45: loss=7.6148
0: Step_time: 1.9011578559875488
0: 
0: Iteration 46: loss=7.6070
0: Step_time: 1.879591941833496
0: 
0: Iteration 47: loss=7.5150
0: Step_time: 1.8696684837341309
0: 
0: Iteration 48: loss=7.5272
0: Step_time: 1.8699836730957031
0: 
0: Iteration 49: loss=7.4265
0: Step_time: 1.8683226108551025
0: 
0: Iteration 50: loss=7.4867
0: Step_time: 1.8581795692443848
0: 
0: Iteration 51: loss=7.4108
0: Step_time: 1.884904384613037
0: 
0: Iteration 52: loss=7.7303
0: Step_time: 1.8775506019592285
0: 
0: Iteration 53: loss=7.8255
