0: Warning: The cache directory for DeepSpeed Triton autotune, /home/bigyang/.triton/autotune, appears to be on an NFS system. While this is generally acceptable, if you experience slowdowns or hanging when DeepSpeed exits, it is recommended to set the TRITON_CACHE_DIR environment variable to a non-NFS path.Warning: The cache directory for DeepSpeed Triton autotune, /home/bigyang/.triton/autotune, appears to be on an NFS system. While this is generally acceptable, if you experience slowdowns or hanging when DeepSpeed exits, it is recommended to set the TRITON_CACHE_DIR environment variable to a non-NFS path.
0: 
0: Warning: The cache directory for DeepSpeed Triton autotune, /home/bigyang/.triton/autotune, appears to be on an NFS system. While this is generally acceptable, if you experience slowdowns or hanging when DeepSpeed exits, it is recommended to set the TRITON_CACHE_DIR environment variable to a non-NFS path.
0: Warning: The cache directory for DeepSpeed Triton autotune, /home/bigyang/.triton/autotune, appears to be on an NFS system. While this is generally acceptable, if you experience slowdowns or hanging when DeepSpeed exits, it is recommended to set the TRITON_CACHE_DIR environment variable to a non-NFS path.
1: Warning: The cache directory for DeepSpeed Triton autotune, /home/bigyang/.triton/autotune, appears to be on an NFS system. While this is generally acceptable, if you experience slowdowns or hanging when DeepSpeed exits, it is recommended to set the TRITON_CACHE_DIR environment variable to a non-NFS path.
1: Warning: The cache directory for DeepSpeed Triton autotune, /home/bigyang/.triton/autotune, appears to be on an NFS system. While this is generally acceptable, if you experience slowdowns or hanging when DeepSpeed exits, it is recommended to set the TRITON_CACHE_DIR environment variable to a non-NFS path.
1: Warning: The cache directory for DeepSpeed Triton autotune, /home/bigyang/.triton/autotune, appears to be on an NFS system. While this is generally acceptable, if you experience slowdowns or hanging when DeepSpeed exits, it is recommended to set the TRITON_CACHE_DIR environment variable to a non-NFS path.
1: Warning: The cache directory for DeepSpeed Triton autotune, /home/bigyang/.triton/autotune, appears to be on an NFS system. While this is generally acceptable, if you experience slowdowns or hanging when DeepSpeed exits, it is recommended to set the TRITON_CACHE_DIR environment variable to a non-NFS path.
0: gradient checkpointing enabled: True
0: gradient checkpointing enabled: True
0: gradient checkpointing enabled: True
1: gradient checkpointing enabled: True
1: gradient checkpointing enabled: True
0: gradient checkpointing enabled: True
1: gradient checkpointing enabled: True
1: gradient checkpointing enabled: True
0: Before initializing optimizer states
0: MA 2.88 GB         Max_MA 4.61 GB         CA 5.18 GB         Max_CA 5 GB 
0: CPU Virtual Memory:  used = 21.25 GB, percent = 2.1%
0: After initializing optimizer states
0: MA 2.88 GB         Max_MA 3.46 GB         CA 5.76 GB         Max_CA 6 GB 
0: CPU Virtual Memory:  used = 21.25 GB, percent = 2.1%
0: After initializing ZeRO optimizer
0: MA 2.88 GB         Max_MA 2.88 GB         CA 5.76 GB         Max_CA 6 GB 
0: CPU Virtual Memory:  used = 21.26 GB, percent = 2.1%
0: [Rank 1] Loading wikitext dataset...[Rank 3] Loading wikitext dataset...
0: 
0: [Rank 2] Loading wikitext dataset...
0: [Rank 0] Loading wikitext dataset...
1: [Rank 7] Loading wikitext dataset...
1: [Rank 6] Loading wikitext dataset...
1: [Rank 5] Loading wikitext dataset...
1: [Rank 4] Loading wikitext dataset...
1: [Rank 6] Packed dataset: 159 chunks of 32000 tokens
1: [Rank 7] Packed dataset: 159 chunks of 32000 tokens
0: [Rank 1] Packed dataset: 159 chunks of 32000 tokens
0: [Rank 0] Packed dataset: 159 chunks of 32000 tokens
1: [Rank 4] Packed dataset: 159 chunks of 32000 tokens
1: [Rank 5] Packed dataset: 159 chunks of 32000 tokens
0: [Rank 3] Packed dataset: 159 chunks of 32000 tokens
0: [Rank 2] Packed dataset: 159 chunks of 32000 tokens
0: Iteration 0: loss=4.5677
0: Step_time: 1.8492450714111328
0: 
0: Iteration 1: loss=12.7412
0: Step_time: 1.8636250495910645
0: 
0: Iteration 2: loss=16.8300
0: Step_time: 2.1486825942993164
0: 
0: Iteration 3: loss=9.9865
0: Step_time: 1.8653628826141357
0: 
0: Iteration 4: loss=12.0701
0: Step_time: 1.900517225265503
0: 
0: Iteration 5: loss=8.8055
0: Step_time: 1.8440489768981934
0: 
0: Iteration 6: loss=8.3188
0: Step_time: 1.867483377456665
0: 
0: Iteration 7: loss=8.1558
0: Step_time: 1.88801908493042
0: 
0: Iteration 8: loss=7.8615
0: Step_time: 1.8882553577423096
0: 
0: Iteration 9: loss=8.0350
0: Step_time: 1.8411378860473633
0: 
0: Iteration 10: loss=8.2587
0: Step_time: 1.8324978351593018
0: 
0: Iteration 11: loss=7.9914
0: Step_time: 1.843087911605835
0: 
0: Iteration 12: loss=7.9061
0: Step_time: 1.8772685527801514
0: 
0: Iteration 13: loss=8.1103
0: Step_time: 1.874603033065796
0: 
0: Iteration 14: loss=7.9726
0: Step_time: 1.8479225635528564
0: 
0: Iteration 15: loss=7.9276
0: Step_time: 1.8577754497528076
0: 
0: Iteration 16: loss=8.1174
0: Step_time: 1.8482909202575684
0: 
0: Iteration 17: loss=7.9744
0: Step_time: 1.8384268283843994
0: 
0: Iteration 18: loss=7.7739
0: Step_time: 1.8395929336547852
0: 
0: Iteration 19: loss=7.7009
0: Step_time: 1.85211181640625
0: 
0: Iteration 20: loss=7.7002
0: Step_time: 1.837263584136963
0: 
0: Iteration 21: loss=7.7390
0: Step_time: 1.8505053520202637
0: 
0: Iteration 22: loss=7.7714
0: Step_time: 1.8944807052612305
0: 
0: Iteration 23: loss=7.6256
0: Step_time: 1.8942930698394775
0: 
0: Iteration 24: loss=7.6767
0: Step_time: 1.8865408897399902
0: 
0: Iteration 25: loss=7.6402
0: Step_time: 1.8732545375823975
0: 
0: Iteration 26: loss=7.7901
0: Step_time: 1.8622875213623047
0: 
0: Iteration 27: loss=7.6744
0: Step_time: 1.8792939186096191
0: 
0: Iteration 28: loss=7.7880
0: Step_time: 1.882732629776001
0: 
0: Iteration 29: loss=7.7290
0: Step_time: 1.909287452697754
0: 
0: Iteration 30: loss=7.4745
0: Step_time: 1.873788595199585
0: 
0: Iteration 31: loss=7.7118
0: Step_time: 1.8334872722625732
0: 
0: Iteration 32: loss=7.6524
0: Step_time: 1.895019292831421
0: 
0: Iteration 33: loss=7.5397
0: Step_time: 1.877964735031128
0: 
0: Iteration 34: loss=7.6478
0: Step_time: 1.8475768566131592
0: 
0: Iteration 35: loss=7.7615
0: Step_time: 1.86177659034729
0: 
0: Iteration 36: loss=7.5714
0: Step_time: 1.863814353942871
0: 
0: Iteration 37: loss=7.4677
0: Step_time: 1.853790283203125
0: 
0: Iteration 38: loss=7.5487
0: Step_time: 1.916015863418579
0: 
0: Iteration 39: loss=7.5479
0: Step_time: 1.8442802429199219
0: 
0: Iteration 40: loss=7.5854
0: Step_time: 1.8845272064208984
0: 
0: Iteration 41: loss=7.5311
0: Step_time: 1.8754444122314453
0: 
0: Iteration 42: loss=7.5848
0: Step_time: 1.9112086296081543
0: 
0: Iteration 43: loss=7.6063
0: Step_time: 1.8575830459594727
0: 
0: Iteration 44: loss=7.5587
0: Step_time: 1.8628969192504883
0: 
0: Iteration 45: loss=7.6140
0: Step_time: 1.8188517093658447
0: 
0: Iteration 46: loss=7.6064
0: Step_time: 1.8691718578338623
0: 
0: Iteration 47: loss=7.5153
0: Step_time: 1.8785569667816162
0: 
0: Iteration 48: loss=7.5271
0: Step_time: 1.887399673461914
0: 
0: Iteration 49: loss=7.4255
0: Step_time: 1.8785066604614258
0: 
0: Iteration 50: loss=7.4861
0: Step_time: 1.878300666809082
0: 
0: Iteration 51: loss=7.4107
0: Step_time: 1.8594646453857422
0: 
0: Iteration 52: loss=7.7288
0: Step_time: 1.8702540397644043
0: 
0: Iteration 53: loss=7.8256
0: Step_time: 1.879870891571045
0: 
0: Iteration 54: loss=7.6370
0: Step_time: 1.860029697418213
0: 
0: Iteration 55: loss=7.6167
0: Step_time: 1.8527121543884277
0: 
0: Iteration 56: loss=7.5320
0: Step_time: 1.8843669891357422
0: 
0: Iteration 57: loss=7.5442
0: Step_time: 1.8747680187225342
0: 
0: Iteration 58: loss=7.7006
0: Step_time: 1.893697738647461
0: 
0: Iteration 59: loss=7.4697
0: Step_time: 1.8533382415771484
0: 
0: Iteration 60: loss=7.6143
0: Step_time: 1.8634965419769287
0: 
0: Iteration 61: loss=7.6579
0: Step_time: 1.8851990699768066
0: 
0: Iteration 62: loss=7.4211
0: Step_time: 1.884437084197998
0: 
0: Iteration 63: loss=7.5371
0: Step_time: 1.8826122283935547
0: 
0: Iteration 64: loss=7.4204
0: Step_time: 1.8806488513946533
0: 
0: Iteration 65: loss=7.5371
0: Step_time: 1.8549299240112305
0: 
0: Iteration 66: loss=7.4876
0: Step_time: 1.883744239807129
0: 
0: Iteration 67: loss=7.6447
0: Step_time: 1.8626518249511719
0: 
0: Iteration 68: loss=7.5717
0: Step_time: 1.8585784435272217
0: 
0: Iteration 69: loss=7.4917
0: Step_time: 1.8783645629882812
0: 
0: Iteration 70: loss=7.4857
0: Step_time: 1.900045394897461
0: 
0: Iteration 71: loss=7.4656
0: Step_time: 1.8480098247528076
0: 
0: Iteration 72: loss=7.5095
0: Step_time: 1.8988518714904785
0: 
0: Iteration 73: loss=7.3990
0: Step_time: 1.867586612701416
0: 
0: Iteration 74: loss=7.5421
0: Step_time: 1.8851017951965332
0: 
0: Iteration 75: loss=7.4317
0: Step_time: 1.8413829803466797
0: 
0: Iteration 76: loss=7.5448
0: Step_time: 1.8957853317260742
0: 
0: Iteration 77: loss=7.3801
0: Step_time: 1.8617641925811768
0: 
0: Iteration 78: loss=7.5922
0: Step_time: 1.9022114276885986
0: 
0: Iteration 79: loss=7.4662
0: Step_time: 1.875044345855713
0: 
0: Iteration 80: loss=7.4758
0: Step_time: 1.8962609767913818
0: 
0: Iteration 81: loss=7.4610
0: Step_time: 1.8831772804260254
0: 
0: Iteration 82: loss=7.4252
0: Step_time: 1.8490614891052246
0: 
0: Iteration 83: loss=7.4912
0: Step_time: 1.8778514862060547
0: 
0: Iteration 84: loss=7.5619
0: Step_time: 1.8567514419555664
0: 
0: Iteration 85: loss=7.4690
0: Step_time: 1.8625695705413818
0: 
0: Iteration 86: loss=7.5663
0: Step_time: 1.8837511539459229
0: 
0: Iteration 87: loss=7.5671
0: Step_time: 1.8744103908538818
0: 
0: Iteration 88: loss=7.6219
0: Step_time: 1.877748727798462
0: 
0: Iteration 89: loss=7.5104
0: Step_time: 1.8609249591827393
0: 
0: Iteration 90: loss=7.5947
0: Step_time: 1.8906135559082031
0: 
0: Iteration 91: loss=7.5710
0: Step_time: 1.842557430267334
0: 
0: Iteration 92: loss=7.5212
0: Step_time: 1.8497014045715332
0: 
0: Iteration 93: loss=7.5680
0: Step_time: 1.8553447723388672
0: 
0: Iteration 94: loss=7.5241
0: Step_time: 1.8785672187805176
0: 
0: Iteration 95: loss=7.5349
0: Step_time: 1.8653936386108398
0: 
0: Iteration 96: loss=7.5247
0: Step_time: 1.8655805587768555
0: 
0: Iteration 97: loss=7.4322
0: Step_time: 1.8674914836883545
0: 
0: Iteration 98: loss=7.4710
0: Step_time: 1.8797352313995361
0: 
0: Iteration 99: loss=7.4996
0: Step_time: 1.8671088218688965
0: 
