0: Warning: The cache directory for DeepSpeed Triton autotune, /home/bigyang/.triton/autotune, appears to be on an NFS system. While this is generally acceptable, if you experience slowdowns or hanging when DeepSpeed exits, it is recommended to set the TRITON_CACHE_DIR environment variable to a non-NFS path.
0: Warning: The cache directory for DeepSpeed Triton autotune, /home/bigyang/.triton/autotune, appears to be on an NFS system. While this is generally acceptable, if you experience slowdowns or hanging when DeepSpeed exits, it is recommended to set the TRITON_CACHE_DIR environment variable to a non-NFS path.
0: Warning: The cache directory for DeepSpeed Triton autotune, /home/bigyang/.triton/autotune, appears to be on an NFS system. While this is generally acceptable, if you experience slowdowns or hanging when DeepSpeed exits, it is recommended to set the TRITON_CACHE_DIR environment variable to a non-NFS path.
1: Warning: The cache directory for DeepSpeed Triton autotune, /home/bigyang/.triton/autotune, appears to be on an NFS system. While this is generally acceptable, if you experience slowdowns or hanging when DeepSpeed exits, it is recommended to set the TRITON_CACHE_DIR environment variable to a non-NFS path.
0: Warning: The cache directory for DeepSpeed Triton autotune, /home/bigyang/.triton/autotune, appears to be on an NFS system. While this is generally acceptable, if you experience slowdowns or hanging when DeepSpeed exits, it is recommended to set the TRITON_CACHE_DIR environment variable to a non-NFS path.
1: Warning: The cache directory for DeepSpeed Triton autotune, /home/bigyang/.triton/autotune, appears to be on an NFS system. While this is generally acceptable, if you experience slowdowns or hanging when DeepSpeed exits, it is recommended to set the TRITON_CACHE_DIR environment variable to a non-NFS path.
1: Warning: The cache directory for DeepSpeed Triton autotune, /home/bigyang/.triton/autotune, appears to be on an NFS system. While this is generally acceptable, if you experience slowdowns or hanging when DeepSpeed exits, it is recommended to set the TRITON_CACHE_DIR environment variable to a non-NFS path.
1: Warning: The cache directory for DeepSpeed Triton autotune, /home/bigyang/.triton/autotune, appears to be on an NFS system. While this is generally acceptable, if you experience slowdowns or hanging when DeepSpeed exits, it is recommended to set the TRITON_CACHE_DIR environment variable to a non-NFS path.
0: gradient checkpointing enabled: True
1: gradient checkpointing enabled: True
1: gradient checkpointing enabled: True
1: gradient checkpointing enabled: True
0: gradient checkpointing enabled: True
0: gradient checkpointing enabled: True
1: gradient checkpointing enabled: True
0: gradient checkpointing enabled: True
0: Before initializing optimizer states
0: MA 2.88 GB         Max_MA 4.61 GB         CA 5.18 GB         Max_CA 5 GB 
0: CPU Virtual Memory:  used = 21.29 GB, percent = 2.1%
0: After initializing optimizer states
0: MA 2.88 GB         Max_MA 3.46 GB         CA 5.76 GB         Max_CA 6 GB 
0: CPU Virtual Memory:  used = 21.29 GB, percent = 2.1%
0: After initializing ZeRO optimizer
0: MA 2.88 GB         Max_MA 2.88 GB         CA 5.76 GB         Max_CA 6 GB 
0: CPU Virtual Memory:  used = 21.29 GB, percent = 2.1%
0: [Rank 1] Loading wikitext dataset...
0: [Rank 2] Loading wikitext dataset...
0: [Rank 3] Loading wikitext dataset...
0: [Rank 0] Loading wikitext dataset...
1: [Rank 7] Loading wikitext dataset...[Rank 6] Loading wikitext dataset...
1: 
1: [Rank 4] Loading wikitext dataset...
1: [Rank 5] Loading wikitext dataset...
0: [Rank 1] Packed dataset: 5671 chunks of 1024 tokens
0: [Rank 0] Packed dataset: 5671 chunks of 1024 tokens
0: [Rank 3] Packed dataset: 5671 chunks of 1024 tokens
1: [Rank 7] Packed dataset: 5671 chunks of 1024 tokens[Rank 6] Packed dataset: 5671 chunks of 1024 tokens
1: 
1: [Rank 5] Packed dataset: 5671 chunks of 1024 tokens
0: [Rank 2] Packed dataset: 5671 chunks of 1024 tokens
1: [Rank 4] Packed dataset: 5671 chunks of 1024 tokens
0: Iteration 0: loss=2.4337
0: Step_time: 1.4473073482513428
0: 
0: Iteration 1: loss=12.5874
0: Step_time: 1.4628076553344727
0: 
0: Iteration 2: loss=10.8249
0: Step_time: 1.7978575229644775
0: 
0: Iteration 3: loss=14.1466
0: Step_time: 1.4869589805603027
0: 
0: Iteration 4: loss=11.6558
0: Step_time: 1.521993637084961
0: 
0: Iteration 5: loss=10.5158
0: Step_time: 1.502640962600708
0: 
0: Iteration 6: loss=8.8985
0: Step_time: 1.4879968166351318
0: 
0: Iteration 7: loss=8.9398
0: Step_time: 1.503638505935669
0: 
0: Iteration 8: loss=8.9083
0: Step_time: 1.4942173957824707
0: 
0: Iteration 9: loss=9.2035
0: Step_time: 1.4890449047088623
0: 
0: Iteration 10: loss=8.6286
0: Step_time: 1.5279335975646973
0: 
0: Iteration 11: loss=8.7450
0: Step_time: 1.5106909275054932
0: 
0: Iteration 12: loss=9.0087
0: Step_time: 1.5293140411376953
0: 
0: Iteration 13: loss=8.3984
0: Step_time: 1.5062377452850342
0: 
0: Iteration 14: loss=8.2956
0: Step_time: 1.512256145477295
0: 
0: Iteration 15: loss=8.2098
0: Step_time: 1.5010156631469727
0: 
0: Iteration 16: loss=8.2783
0: Step_time: 1.498779535293579
0: 
0: Iteration 17: loss=8.6043
0: Step_time: 1.5070390701293945
0: 
0: Iteration 18: loss=8.3871
0: Step_time: 1.5268476009368896
0: 
0: Iteration 19: loss=8.6627
0: Step_time: 1.5024359226226807
0: 
0: Iteration 20: loss=8.1226
0: Step_time: 1.5256617069244385
0: 
0: Iteration 21: loss=8.0851
0: Step_time: 1.4904286861419678
0: 
0: Iteration 22: loss=8.4156
0: Step_time: 1.5368261337280273
0: 
0: Iteration 23: loss=8.2384
0: Step_time: 1.5215349197387695
0: 
0: Iteration 24: loss=8.4591
0: Step_time: 1.5172150135040283
0: 
0: Iteration 25: loss=8.4542
0: Step_time: 1.5339820384979248
0: 
0: Iteration 26: loss=7.8095
0: Step_time: 1.5095863342285156
0: 
0: Iteration 27: loss=8.0550
0: Step_time: 1.4881715774536133
0: 
0: Iteration 28: loss=8.3039
0: Step_time: 1.5028231143951416
0: 
0: Iteration 29: loss=8.0116
0: Step_time: 1.5431857109069824
0: 
0: Iteration 30: loss=8.1422
0: Step_time: 1.513676643371582
0: 
0: Iteration 31: loss=8.2187
0: Step_time: 1.5502045154571533
0: 
0: Iteration 32: loss=7.4364
0: Step_time: 1.505103588104248
0: 
0: Iteration 33: loss=7.5685
0: Step_time: 1.4961848258972168
0: 
0: Iteration 34: loss=7.7483
0: Step_time: 1.4984591007232666
0: 
0: Iteration 35: loss=8.1186
0: Step_time: 1.5186047554016113
0: 
0: Iteration 36: loss=7.6594
0: Step_time: 1.521479845046997
0: 
0: Iteration 37: loss=8.0764
0: Step_time: 1.4682269096374512
0: 
0: Iteration 38: loss=7.9744
0: Step_time: 1.4925477504730225
0: 
0: Iteration 39: loss=7.9656
0: Step_time: 1.522475242614746
0: 
0: Iteration 40: loss=7.9312
0: Step_time: 1.5021450519561768
0: 
0: Iteration 41: loss=7.8415
0: Step_time: 1.472557783126831
0: 
0: Iteration 42: loss=7.8463
0: Step_time: 1.4850311279296875
0: 
0: Iteration 43: loss=7.7892
0: Step_time: 1.5016393661499023
0: 
0: Iteration 44: loss=8.6889
0: Step_time: 1.506526231765747
0: 
0: Iteration 45: loss=7.6984
0: Step_time: 1.5172390937805176
0: 
0: Iteration 46: loss=8.2240
0: Step_time: 1.4827778339385986
0: 
0: Iteration 47: loss=8.8139
0: Step_time: 1.4987497329711914
0: 
0: Iteration 48: loss=8.4865
0: Step_time: 1.5271728038787842
0: 
0: Iteration 49: loss=7.9137
0: Step_time: 1.5068931579589844
0: 
0: Iteration 50: loss=7.7500
0: Step_time: 1.484532356262207
0: 
0: Iteration 51: loss=8.0324
0: Step_time: 1.5264308452606201
0: 
0: Iteration 52: loss=8.2081
0: Step_time: 1.4770371913909912
0: 
0: Iteration 53: loss=7.9183
0: Step_time: 1.4819302558898926
0: 
0: Iteration 54: loss=8.3832
0: Step_time: 1.5186259746551514
0: 
0: Iteration 55: loss=7.4986
0: Step_time: 1.5021772384643555
0: 
0: Iteration 56: loss=7.9788
0: Step_time: 1.5179460048675537
0: 
0: Iteration 57: loss=8.3180
0: Step_time: 1.488638162612915
0: 
0: Iteration 58: loss=8.2611
0: Step_time: 1.5355861186981201
0: 
0: Iteration 59: loss=8.1442
0: Step_time: 1.5002636909484863
0: 
0: Iteration 60: loss=7.9730
0: Step_time: 1.5018577575683594
0: 
0: Iteration 61: loss=7.7122
0: Step_time: 1.484062671661377
0: 
0: Iteration 62: loss=7.8850
0: Step_time: 1.505293607711792
0: 
0: Iteration 63: loss=8.0118
0: Step_time: 1.5398640632629395
0: 
0: Iteration 64: loss=8.1592
0: Step_time: 1.53715181350708
0: 
0: Iteration 65: loss=7.1715
0: Step_time: 1.4347255229949951
0: 
0: Iteration 66: loss=8.2822
0: Step_time: 1.50177001953125
0: 
0: Iteration 67: loss=7.9180
0: Step_time: 1.5092122554779053
0: 
0: Iteration 68: loss=7.4633
0: Step_time: 1.4767026901245117
0: 
0: Iteration 69: loss=7.7121
0: Step_time: 1.5181102752685547
0: 
0: Iteration 70: loss=8.1155
0: Step_time: 1.4850232601165771
0: 
0: Iteration 71: loss=7.9504
0: Step_time: 1.4777042865753174
0: 
0: Iteration 72: loss=7.6091
0: Step_time: 1.4900691509246826
0: 
0: Iteration 73: loss=7.3643
0: Step_time: 1.513854742050171
0: 
0: Iteration 74: loss=7.9595
0: Step_time: 1.4875996112823486
0: 
0: Iteration 75: loss=8.1876
0: Step_time: 1.5191519260406494
0: 
0: Iteration 76: loss=8.2029
0: Step_time: 1.4675977230072021
0: 
0: Iteration 77: loss=7.9553
0: Step_time: 1.4912631511688232
0: 
0: Iteration 78: loss=8.0479
0: Step_time: 1.5053002834320068
0: 
0: Iteration 79: loss=7.6060
0: Step_time: 1.4937832355499268
0: 
0: Iteration 80: loss=7.6016
0: Step_time: 1.5202434062957764
0: 
0: Iteration 81: loss=7.8374
0: Step_time: 1.495927333831787
0: 
0: Iteration 82: loss=7.8524
0: Step_time: 1.4518272876739502
0: 
0: Iteration 83: loss=7.9415
0: Step_time: 1.4954335689544678
0: 
0: Iteration 84: loss=7.9276
0: Step_time: 1.4955308437347412
0: 
0: Iteration 85: loss=7.8438
0: Step_time: 1.5044493675231934
0: 
0: Iteration 86: loss=7.9957
0: Step_time: 1.487914800643921
0: 
0: Iteration 87: loss=7.9453
0: Step_time: 1.4781012535095215
0: 
0: Iteration 88: loss=8.0303
0: Step_time: 1.473039150238037
0: 
0: Iteration 89: loss=7.1754
0: Step_time: 1.4831693172454834
0: 
0: Iteration 90: loss=7.7497
0: Step_time: 1.5104680061340332
0: 
0: Iteration 91: loss=7.3886
0: Step_time: 1.5142321586608887
0: 
0: Iteration 92: loss=7.8055
0: Step_time: 1.4329919815063477
0: 
0: Iteration 93: loss=8.2928
0: Step_time: 1.4969048500061035
0: 
0: Iteration 94: loss=7.9120
0: Step_time: 1.5304362773895264
0: 
0: Iteration 95: loss=8.1206
0: Step_time: 1.5074801445007324
0: 
0: Iteration 96: loss=7.7998
0: Step_time: 1.521589756011963
0: 
0: Iteration 97: loss=7.4660
0: Step_time: 1.4844939708709717
0: 
0: Iteration 98: loss=7.3904
0: Step_time: 1.5194909572601318
0: 
0: Iteration 99: loss=7.9895
0: Step_time: 1.4837799072265625
0: 
