0: W0505 13:50:51.210000 1220868 site-packages/torch/distributed/run.py:793] 
0: W0505 13:50:51.210000 1220868 site-packages/torch/distributed/run.py:793] *****************************************
0: W0505 13:50:51.210000 1220868 site-packages/torch/distributed/run.py:793] Setting OMP_NUM_THREADS environment variable for each process to be 1 in default, to avoid your system being overloaded, please further tune the variable for optimal performance in your application as needed. 
0: W0505 13:50:51.210000 1220868 site-packages/torch/distributed/run.py:793] *****************************************
1: W0505 13:50:51.309000 773960 site-packages/torch/distributed/run.py:793] 
1: W0505 13:50:51.309000 773960 site-packages/torch/distributed/run.py:793] *****************************************
1: W0505 13:50:51.309000 773960 site-packages/torch/distributed/run.py:793] Setting OMP_NUM_THREADS environment variable for each process to be 1 in default, to avoid your system being overloaded, please further tune the variable for optimal performance in your application as needed. 
1: W0505 13:50:51.309000 773960 site-packages/torch/distributed/run.py:793] *****************************************
0: Warning: The cache directory for DeepSpeed Triton autotune, /home/bigyang/.triton/autotune, appears to be on an NFS system. While this is generally acceptable, if you experience slowdowns or hanging when DeepSpeed exits, it is recommended to set the TRITON_CACHE_DIR environment variable to a non-NFS path.
0: Warning: The cache directory for DeepSpeed Triton autotune, /home/bigyang/.triton/autotune, appears to be on an NFS system. While this is generally acceptable, if you experience slowdowns or hanging when DeepSpeed exits, it is recommended to set the TRITON_CACHE_DIR environment variable to a non-NFS path.
0: Warning: The cache directory for DeepSpeed Triton autotune, /home/bigyang/.triton/autotune, appears to be on an NFS system. While this is generally acceptable, if you experience slowdowns or hanging when DeepSpeed exits, it is recommended to set the TRITON_CACHE_DIR environment variable to a non-NFS path.
0: Warning: The cache directory for DeepSpeed Triton autotune, /home/bigyang/.triton/autotune, appears to be on an NFS system. While this is generally acceptable, if you experience slowdowns or hanging when DeepSpeed exits, it is recommended to set the TRITON_CACHE_DIR environment variable to a non-NFS path.
1: Warning: The cache directory for DeepSpeed Triton autotune, /home/bigyang/.triton/autotune, appears to be on an NFS system. While this is generally acceptable, if you experience slowdowns or hanging when DeepSpeed exits, it is recommended to set the TRITON_CACHE_DIR environment variable to a non-NFS path.
1: Warning: The cache directory for DeepSpeed Triton autotune, /home/bigyang/.triton/autotune, appears to be on an NFS system. While this is generally acceptable, if you experience slowdowns or hanging when DeepSpeed exits, it is recommended to set the TRITON_CACHE_DIR environment variable to a non-NFS path.
1: Warning: The cache directory for DeepSpeed Triton autotune, /home/bigyang/.triton/autotune, appears to be on an NFS system. While this is generally acceptable, if you experience slowdowns or hanging when DeepSpeed exits, it is recommended to set the TRITON_CACHE_DIR environment variable to a non-NFS path.
1: Warning: The cache directory for DeepSpeed Triton autotune, /home/bigyang/.triton/autotune, appears to be on an NFS system. While this is generally acceptable, if you experience slowdowns or hanging when DeepSpeed exits, it is recommended to set the TRITON_CACHE_DIR environment variable to a non-NFS path.
0: Training with Sequence Length: 16384 Sequence parallel size: 8
0: Training with Sequence Length: 16384 Sequence parallel size: 8
0: Training with Sequence Length: 16384 Sequence parallel size: 8
0: Training with Sequence Length: 16384 Sequence parallel size: 8
1: Training with Sequence Length: 16384 Sequence parallel size: 8
1: Training with Sequence Length: 16384 Sequence parallel size: 8
1: Training with Sequence Length: 16384 Sequence parallel size: 8
1: Training with Sequence Length: 16384 Sequence parallel size: 8
srun: Job step aborted: Waiting up to 32 seconds for job step to finish.
1: W0505 13:50:58.465000 773960 site-packages/torch/distributed/elastic/agent/server/api.py:704] Received 15 death signal, shutting down workers
1: W0505 13:50:58.465000 773960 site-packages/torch/distributed/elastic/multiprocessing/api.py:897] Sending process 774099 closing signal SIGTERM
0: slurmstepd-hades: error: *** STEP 1586.0 ON hades CANCELLED AT 2026-05-05T13:50:58 ***
1: W0505 13:50:58.466000 773960 site-packages/torch/distributed/elastic/multiprocessing/api.py:897] Sending process 774100 closing signal SIGTERM
1: W0505 13:50:58.466000 773960 site-packages/torch/distributed/elastic/multiprocessing/api.py:897] Sending process 774101 closing signal SIGTERM
1: W0505 13:50:58.466000 773960 site-packages/torch/distributed/elastic/multiprocessing/api.py:897] Sending process 774102 closing signal SIGTERM
0: W0505 13:50:58.466000 1220868 site-packages/torch/distributed/elastic/agent/server/api.py:704] Received 15 death signal, shutting down workers
0: W0505 13:50:58.467000 1220868 site-packages/torch/distributed/elastic/multiprocessing/api.py:897] Sending process 1221006 closing signal SIGTERM
0: W0505 13:50:58.467000 1220868 site-packages/torch/distributed/elastic/multiprocessing/api.py:897] Sending process 1221007 closing signal SIGTERM
0: W0505 13:50:58.467000 1220868 site-packages/torch/distributed/elastic/multiprocessing/api.py:897] Sending process 1221008 closing signal SIGTERM
0: W0505 13:50:58.467000 1220868 site-packages/torch/distributed/elastic/multiprocessing/api.py:897] Sending process 1221009 closing signal SIGTERM
