==============================================
BF16 Low-Precision Master Weights Memory Test
==============================================
Configuration:
  NUM_GPUS: 2
  NUM_LAYERS: 12
  HIDDEN_DIM: 1024
  BATCH_SIZE: 32
  SEQ_LENGTH: 512
  NUM_STEPS: 10
  LOG_DIR: logs/20260119_142705-32
==============================================

[1/2] Running BASELINE (bf16 with fp32 master weights/grads/optimizer states)...
----------------------------------------------
Warning: The cache directory for DeepSpeed Triton autotune, /home/bigyang/.triton/autotune, appears to be on an NFS system. While this is generally acceptable, if you experience slowdowns or hanging when DeepSpeed exits, it is recommended to set the TRITON_CACHE_DIR environment variable to a non-NFS path.
[2026-01-19 14:27:14,448] [WARNING] [runner.py:232:fetch_hostfile] Unable to find hostfile, will proceed with training with local resources only.
Detected VISIBLE_DEVICES=0,1 but ignoring it because one or several of --include/--exclude/--num_gpus/--num_nodes cl args were used. If you want to use CUDA_VISIBLE_DEVICES don't pass any of these arguments to deepspeed.
[2026-01-19 14:27:14,448] [INFO] [runner.py:630:main] cmd = /home/bigyang/micromamba/envs/ds-hf/bin/python -u -m deepspeed.launcher.launch --world_info=eyJsb2NhbGhvc3QiOiBbMCwgMV19 --master_addr=127.0.0.1 --master_port=29600 --enable_each_rank_log=None --log_level=info train_gpt.py --deepspeed_config configs/baseline.json --num_layers 12 --hidden_dim 1024 --batch_size 32 --seq_length 512 --num_steps 10 --warmup_steps 5 --activation_checkpointing --use_real_data --seed 42
Warning: The cache directory for DeepSpeed Triton autotune, /home/bigyang/.triton/autotune, appears to be on an NFS system. While this is generally acceptable, if you experience slowdowns or hanging when DeepSpeed exits, it is recommended to set the TRITON_CACHE_DIR environment variable to a non-NFS path.
[2026-01-19 14:27:19,697] [INFO] [launch.py:162:main] WORLD INFO DICT: {'localhost': [0, 1]}
[2026-01-19 14:27:19,697] [INFO] [launch.py:168:main] nnodes=1, num_local_procs=2, node_rank=0
[2026-01-19 14:27:19,697] [INFO] [launch.py:179:main] global_rank_mapping=defaultdict(<class 'list'>, {'localhost': [0, 1]})
[2026-01-19 14:27:19,697] [INFO] [launch.py:180:main] dist_world_size=2
[2026-01-19 14:27:19,697] [INFO] [launch.py:184:main] Setting CUDA_VISIBLE_DEVICES=0,1
[2026-01-19 14:27:19,698] [INFO] [launch.py:272:main] process 1762191 spawned with command: ['/home/bigyang/micromamba/envs/ds-hf/bin/python', '-u', 'train_gpt.py', '--local_rank=0', '--deepspeed_config', 'configs/baseline.json', '--num_layers', '12', '--hidden_dim', '1024', '--batch_size', '32', '--seq_length', '512', '--num_steps', '10', '--warmup_steps', '5', '--activation_checkpointing', '--use_real_data', '--seed', '42']
[2026-01-19 14:27:19,698] [INFO] [launch.py:272:main] process 1762192 spawned with command: ['/home/bigyang/micromamba/envs/ds-hf/bin/python', '-u', 'train_gpt.py', '--local_rank=1', '--deepspeed_config', 'configs/baseline.json', '--num_layers', '12', '--hidden_dim', '1024', '--batch_size', '32', '--seq_length', '512', '--num_steps', '10', '--warmup_steps', '5', '--activation_checkpointing', '--use_real_data', '--seed', '42']
Warning: The cache directory for DeepSpeed Triton autotune, /home/bigyang/.triton/autotune, appears to be on an NFS system. While this is generally acceptable, if you experience slowdowns or hanging when DeepSpeed exits, it is recommended to set the TRITON_CACHE_DIR environment variable to a non-NFS path.
Warning: The cache directory for DeepSpeed Triton autotune, /home/bigyang/.triton/autotune, appears to be on an NFS system. While this is generally acceptable, if you experience slowdowns or hanging when DeepSpeed exits, it is recommended to set the TRITON_CACHE_DIR environment variable to a non-NFS path.
[Rank 1] Loading wikitext dataset...
[Rank 0] Loading wikitext dataset...
[Rank 0] Dataset loaded: 39531 examples, vocab_size=50257
[Rank 0] Creating model with hidden_dim=1024, num_layers=12, num_heads=16, vocab_size=50257
[Rank 1] Dataset loaded: 39531 examples, vocab_size=50257
[Rank 1] Creating model with hidden_dim=1024, num_layers=12, num_heads=16, vocab_size=50257
[Rank 0] Model parameters: 124,439,808 total, 124,439,808 trainable
[Rank 0] Activation checkpointing enabled
[Rank 1] Model parameters: 124,439,808 total, 124,439,808 trainable
[Rank 1] Activation checkpointing enabled
/home/bigyang/micromamba/envs/ds-hf/lib/python3.11/site-packages/torch/utils/cpp_extension.py:1964: UserWarning: TORCH_CUDA_ARCH_LIST is not set, all archs for visible cards are included for compilation. 
If this is not desired, please set os.environ['TORCH_CUDA_ARCH_LIST'].
  warnings.warn(
Stage 3 initialize beginning
MA 0.25 GB         Max_MA 0.25 GB         CA 0.26 GB         Max_CA 0 GB 
CPU Virtual Memory:  used = 36.54 GB, percent = 3.6%
DeepSpeedZeRoOffload initialize [begin]
MA 0.25 GB         Max_MA 0.39 GB         CA 0.41 GB         Max_CA 0 GB 
CPU Virtual Memory:  used = 36.52 GB, percent = 3.6%
Parameter Offload - Persistent parameters statistics: param_count = 0, numel = 0
DeepSpeedZeRoOffload initialize [end]
MA 0.13 GB         Max_MA 0.29 GB         CA 0.41 GB         Max_CA 0 GB 
CPU Virtual Memory:  used = 36.53 GB, percent = 3.6%
Before creating fp16 partitions
MA 0.13 GB         Max_MA 0.13 GB         CA 0.41 GB         Max_CA 0 GB 
CPU Virtual Memory:  used = 36.54 GB, percent = 3.6%
After creating fp16 partitions: 1
MA 0.13 GB         Max_MA 0.13 GB         CA 0.13 GB         Max_CA 0 GB 
CPU Virtual Memory:  used = 36.58 GB, percent = 3.6%
Before creating fp32 partitions
MA 0.13 GB         Max_MA 0.13 GB         CA 0.13 GB         Max_CA 0 GB 
CPU Virtual Memory:  used = 36.59 GB, percent = 3.6%
After creating fp32 partitions
MA 0.36 GB         Max_MA 0.59 GB         CA 0.6 GB         Max_CA 1 GB 
CPU Virtual Memory:  used = 36.59 GB, percent = 3.6%
Before initializing optimizer states
MA 0.36 GB         Max_MA 0.36 GB         CA 0.6 GB         Max_CA 1 GB 
CPU Virtual Memory:  used = 36.61 GB, percent = 3.6%
[Rank 0] time (ms) | init_optimizer_state: 0.04
After initializing optimizer states
MA 0.36 GB         Max_MA 0.59 GB         CA 0.6 GB         Max_CA 1 GB 
CPU Virtual Memory:  used = 36.47 GB, percent = 3.6%
[Rank 1] DeepSpeed initialized with config: configs/baseline.json
[Rank 1] Memory after init: allocated=0.57 GB, reserved=0.74 GB
After initializing ZeRO optimizer
MA 0.57 GB         Max_MA 0.71 GB         CA 0.74 GB         Max_CA 1 GB 
CPU Virtual Memory:  used = 36.52 GB, percent = 3.6%
[Rank 0] DeepSpeed initialized with config: configs/baseline.json
[Rank 0] Memory after init: allocated=0.57 GB, reserved=0.74 GB
`use_cache=True` is incompatible with gradient checkpointing. Setting `use_cache=False`...
`use_cache=True` is incompatible with gradient checkpointing. Setting `use_cache=False`...
`loss_type=None` was set in the config but it is unrecognized. Using the default loss: `ForCausalLMLoss`.
`loss_type=None` was set in the config but it is unrecognized. Using the default loss: `ForCausalLMLoss`.
[Rank 0] time (ms) | optimizer_step: 2.12
[Rank 0] time (ms) | fwd_microstep: 200.10 | bwd_microstep: 174.14 | bwd_inner_microstep: 172.26 | bwd_allreduce_microstep: 1.74 | step_microstep: 31.64
[Rank 0] time (ms) | fwd: 200.09 | bwd: 174.13 | bwd_inner: 172.28 | bwd_allreduce: 1.74 | step: 31.64
[Rank 0] Step 0: loss=11.4363, time=0.723s, alloc_mem=2.63 GB, peak_mem=11.75 GB
[Rank 1] Step 0: loss=11.4332, time=0.928s, alloc_mem=2.63 GB, peak_mem=11.75 GB
[Rank 0] time (ms) | optimizer_step: 1.87
[Rank 0] time (ms) | fwd_microstep: 260.17 | bwd_microstep: 222.83 | bwd_inner_microstep: 222.21 | bwd_allreduce_microstep: 0.55 | step_microstep: 5.94
[Rank 0] time (ms) | fwd: 260.16 | bwd: 222.83 | bwd_inner: 222.23 | bwd_allreduce: 0.56 | step: 5.94
[Rank 0] time (ms) | optimizer_step: 1.86
[Rank 0] time (ms) | fwd_microstep: 52.36 | bwd_microstep: 81.65 | bwd_inner_microstep: 81.06 | bwd_allreduce_microstep: 0.53 | step_microstep: 5.86
[Rank 0] time (ms) | fwd: 52.35 | bwd: 81.66 | bwd_inner: 81.08 | bwd_allreduce: 0.54 | step: 5.86
[Rank 0] time (ms) | optimizer_step: 2.02
[Rank 0] time (ms) | fwd_microstep: 51.77 | bwd_microstep: 82.69 | bwd_inner_microstep: 81.60 | bwd_allreduce_microstep: 1.03 | step_microstep: 6.75
[Rank 0] time (ms) | fwd: 51.77 | bwd: 82.70 | bwd_inner: 81.62 | bwd_allreduce: 1.03 | step: 6.75
[Rank 0] time (ms) | optimizer_step: 1.85
[Rank 0] time (ms) | fwd_microstep: 51.90 | bwd_microstep: 81.54 | bwd_inner_microstep: 80.94 | bwd_allreduce_microstep: 0.54 | step_microstep: 5.83
[Rank 0] time (ms) | fwd: 51.89 | bwd: 81.54 | bwd_inner: 80.95 | bwd_allreduce: 0.54 | step: 5.83
[Rank 0] time (ms) | optimizer_step: 1.85
[Rank 0] time (ms) | fwd_microstep: 51.92 | bwd_microstep: 82.34 | bwd_inner_microstep: 80.93 | bwd_allreduce_microstep: 1.36 | step_microstep: 5.88
[Rank 0] time (ms) | fwd: 51.91 | bwd: 82.34 | bwd_inner: 80.94 | bwd_allreduce: 1.36 | step: 5.88
[Rank 0] Step 5: loss=2.9923, time=0.141s, alloc_mem=2.63 GB, peak_mem=12.41 GB
[Rank 1] Step 5: loss=3.4160, time=0.141s, alloc_mem=2.63 GB, peak_mem=12.41 GB
[Rank 0] time (ms) | optimizer_step: 1.85
[Rank 0] time (ms) | fwd_microstep: 52.24 | bwd_microstep: 85.20 | bwd_inner_microstep: 81.01 | bwd_allreduce_microstep: 4.14 | step_microstep: 5.95
[Rank 0] time (ms) | fwd: 52.24 | bwd: 85.21 | bwd_inner: 81.02 | bwd_allreduce: 4.14 | step: 5.95
[Rank 0] time (ms) | optimizer_step: 1.87
[Rank 0] time (ms) | fwd_microstep: 51.65 | bwd_microstep: 82.81 | bwd_inner_microstep: 81.14 | bwd_allreduce_microstep: 1.61 | step_microstep: 6.05
[Rank 0] time (ms) | fwd: 51.65 | bwd: 82.81 | bwd_inner: 81.15 | bwd_allreduce: 1.61 | step: 6.05
[Rank 0] time (ms) | optimizer_step: 1.86
[Rank 0] time (ms) | fwd_microstep: 51.80 | bwd_microstep: 82.33 | bwd_inner_microstep: 80.89 | bwd_allreduce_microstep: 1.39 | step_microstep: 5.89
[Rank 0] time (ms) | fwd: 51.80 | bwd: 82.33 | bwd_inner: 80.90 | bwd_allreduce: 1.39 | step: 5.90
[Rank 0] time (ms) | optimizer_step: 1.85
[Rank 0] time (ms) | fwd_microstep: 51.40 | bwd_microstep: 82.40 | bwd_inner_microstep: 81.05 | bwd_allreduce_microstep: 1.30 | step_microstep: 5.88
[Rank 0] time (ms) | fwd: 51.40 | bwd: 82.40 | bwd_inner: 81.06 | bwd_allreduce: 1.30 | step: 5.89
[Rank 0] Step 9: loss=2.8889, time=0.141s, alloc_mem=2.63 GB, peak_mem=12.41 GB
[Rank 1] Step 9: loss=2.7067, time=0.141s, alloc_mem=2.63 GB, peak_mem=12.41 GB

============================================================
[Rank 0] FINAL RESULTS
  Config: configs/baseline.json
  Model: hidden_dim=1024, num_layers=12
  Parameters: 124,439,808
============================================================

[Rank 1] FINAL RESULTS  Batch size: 32, Seq length: 512

  Average step time: 0.142s  Config: configs/baseline.json

  Peak memory: 12.41 GB
  Model: hidden_dim=1024, num_layers=12  Final allocated memory: 2.63 GB

============================================================
  Parameters: 124,439,808
SUMMARY: config=configs/baseline.json batch_size=32 params=124439808 peak_mem_bytes=13322684928 alloc_mem_bytes=2822978560 avg_step_time=0.1420  Batch size: 32, Seq length: 512

  Average step time: 0.142s
  Peak memory: 12.41 GB
  Final allocated memory: 2.63 GB
============================================================
SUMMARY: config=configs/baseline.json batch_size=32 params=124439808 peak_mem_bytes=13322684928 alloc_mem_bytes=2822978560 avg_step_time=0.1420
[rank0]:[W119 14:27:37.034612831 ProcessGroupNCCL.cpp:1250] Warning: WARNING: process group has NOT been destroyed before we destruct ProcessGroupNCCL. On normal program exit, the application should call destroy_process_group to ensure that any pending NCCL operations have finished in this process. In rare cases this process can exit before this point and block the progress of another member of the process group. This constraint has always been present,  but this warning has only been added since PyTorch 2.4 (function operator())
[2026-01-19 14:27:38,701] [INFO] [launch.py:367:main] Process 1762191 exits successfully.
[2026-01-19 14:27:39,701] [INFO] [launch.py:367:main] Process 1762192 exits successfully.

[2/2] Running BF16_FULL (bf16 master weights, gradients, and optimizer states)...
----------------------------------------------
Warning: The cache directory for DeepSpeed Triton autotune, /home/bigyang/.triton/autotune, appears to be on an NFS system. While this is generally acceptable, if you experience slowdowns or hanging when DeepSpeed exits, it is recommended to set the TRITON_CACHE_DIR environment variable to a non-NFS path.
[2026-01-19 14:27:48,657] [WARNING] [runner.py:232:fetch_hostfile] Unable to find hostfile, will proceed with training with local resources only.
Detected VISIBLE_DEVICES=0,1 but ignoring it because one or several of --include/--exclude/--num_gpus/--num_nodes cl args were used. If you want to use CUDA_VISIBLE_DEVICES don't pass any of these arguments to deepspeed.
[2026-01-19 14:27:48,657] [INFO] [runner.py:630:main] cmd = /home/bigyang/micromamba/envs/ds-hf/bin/python -u -m deepspeed.launcher.launch --world_info=eyJsb2NhbGhvc3QiOiBbMCwgMV19 --master_addr=127.0.0.1 --master_port=29600 --enable_each_rank_log=None --log_level=info train_gpt.py --deepspeed_config configs/bf16_full.json --num_layers 12 --hidden_dim 1024 --batch_size 32 --seq_length 512 --num_steps 10 --warmup_steps 5 --activation_checkpointing --use_real_data --seed 42
Warning: The cache directory for DeepSpeed Triton autotune, /home/bigyang/.triton/autotune, appears to be on an NFS system. While this is generally acceptable, if you experience slowdowns or hanging when DeepSpeed exits, it is recommended to set the TRITON_CACHE_DIR environment variable to a non-NFS path.
[2026-01-19 14:27:54,678] [INFO] [launch.py:162:main] WORLD INFO DICT: {'localhost': [0, 1]}
[2026-01-19 14:27:54,678] [INFO] [launch.py:168:main] nnodes=1, num_local_procs=2, node_rank=0
[2026-01-19 14:27:54,678] [INFO] [launch.py:179:main] global_rank_mapping=defaultdict(<class 'list'>, {'localhost': [0, 1]})
[2026-01-19 14:27:54,678] [INFO] [launch.py:180:main] dist_world_size=2
[2026-01-19 14:27:54,678] [INFO] [launch.py:184:main] Setting CUDA_VISIBLE_DEVICES=0,1
[2026-01-19 14:27:54,679] [INFO] [launch.py:272:main] process 1763063 spawned with command: ['/home/bigyang/micromamba/envs/ds-hf/bin/python', '-u', 'train_gpt.py', '--local_rank=0', '--deepspeed_config', 'configs/bf16_full.json', '--num_layers', '12', '--hidden_dim', '1024', '--batch_size', '32', '--seq_length', '512', '--num_steps', '10', '--warmup_steps', '5', '--activation_checkpointing', '--use_real_data', '--seed', '42']
[2026-01-19 14:27:54,680] [INFO] [launch.py:272:main] process 1763064 spawned with command: ['/home/bigyang/micromamba/envs/ds-hf/bin/python', '-u', 'train_gpt.py', '--local_rank=1', '--deepspeed_config', 'configs/bf16_full.json', '--num_layers', '12', '--hidden_dim', '1024', '--batch_size', '32', '--seq_length', '512', '--num_steps', '10', '--warmup_steps', '5', '--activation_checkpointing', '--use_real_data', '--seed', '42']
Warning: The cache directory for DeepSpeed Triton autotune, /home/bigyang/.triton/autotune, appears to be on an NFS system. While this is generally acceptable, if you experience slowdowns or hanging when DeepSpeed exits, it is recommended to set the TRITON_CACHE_DIR environment variable to a non-NFS path.
Warning: The cache directory for DeepSpeed Triton autotune, /home/bigyang/.triton/autotune, appears to be on an NFS system. While this is generally acceptable, if you experience slowdowns or hanging when DeepSpeed exits, it is recommended to set the TRITON_CACHE_DIR environment variable to a non-NFS path.
[Rank 0] Loading wikitext dataset...
[Rank 1] Loading wikitext dataset...
Warning: You are sending unauthenticated requests to the HF Hub. Please set a HF_TOKEN to enable higher rate limits and faster downloads.
[Rank 0] Dataset loaded: 39531 examples, vocab_size=50257
[Rank 0] Creating model with hidden_dim=1024, num_layers=12, num_heads=16, vocab_size=50257
[Rank 1] Dataset loaded: 39531 examples, vocab_size=50257
[Rank 1] Creating model with hidden_dim=1024, num_layers=12, num_heads=16, vocab_size=50257
[Rank 0] Model parameters: 124,439,808 total, 124,439,808 trainable
[Rank 0] Activation checkpointing enabled
[Rank 1] Model parameters: 124,439,808 total, 124,439,808 trainable
[Rank 1] Activation checkpointing enabled
/home/bigyang/micromamba/envs/ds-hf/lib/python3.11/site-packages/torch/utils/cpp_extension.py:1964: UserWarning: TORCH_CUDA_ARCH_LIST is not set, all archs for visible cards are included for compilation. 
If this is not desired, please set os.environ['TORCH_CUDA_ARCH_LIST'].
  warnings.warn(
Stage 3 initialize beginning
MA 0.25 GB         Max_MA 0.25 GB         CA 0.26 GB         Max_CA 0 GB 
CPU Virtual Memory:  used = 36.51 GB, percent = 3.6%
DeepSpeedZeRoOffload initialize [begin]
MA 0.25 GB         Max_MA 0.39 GB         CA 0.41 GB         Max_CA 0 GB 
CPU Virtual Memory:  used = 36.54 GB, percent = 3.6%
Parameter Offload - Persistent parameters statistics: param_count = 0, numel = 0
DeepSpeedZeRoOffload initialize [end]
MA 0.13 GB         Max_MA 0.29 GB         CA 0.41 GB         Max_CA 0 GB 
CPU Virtual Memory:  used = 36.53 GB, percent = 3.6%
Before creating fp16 partitions
MA 0.13 GB         Max_MA 0.13 GB         CA 0.41 GB         Max_CA 0 GB 
CPU Virtual Memory:  used = 36.53 GB, percent = 3.6%
After creating fp16 partitions: 1
MA 0.13 GB         Max_MA 0.13 GB         CA 0.13 GB         Max_CA 0 GB 
CPU Virtual Memory:  used = 36.53 GB, percent = 3.6%
Before creating fp32 partitions
MA 0.13 GB         Max_MA 0.13 GB         CA 0.13 GB         Max_CA 0 GB 
CPU Virtual Memory:  used = 36.53 GB, percent = 3.6%
After creating fp32 partitions
MA 0.24 GB         Max_MA 0.24 GB         CA 0.25 GB         Max_CA 0 GB 
CPU Virtual Memory:  used = 36.54 GB, percent = 3.6%
Before initializing optimizer states
MA 0.24 GB         Max_MA 0.24 GB         CA 0.25 GB         Max_CA 0 GB 
CPU Virtual Memory:  used = 36.54 GB, percent = 3.6%
[Rank 0] time (ms) | init_optimizer_state: 0.04
After initializing optimizer states
MA 0.24 GB         Max_MA 0.36 GB         CA 0.37 GB         Max_CA 0 GB 
CPU Virtual Memory:  used = 36.54 GB, percent = 3.6%
[Rank 1] DeepSpeed initialized with config: configs/bf16_full.json
[Rank 1] Memory after init: allocated=0.45 GB, reserved=0.63 GB
After initializing ZeRO optimizer
MA 0.45 GB         Max_MA 0.6 GB         CA 0.63 GB         Max_CA 1 GB 
CPU Virtual Memory:  used = 36.58 GB, percent = 3.6%
[Rank 0] DeepSpeed initialized with config: configs/bf16_full.json
[Rank 0] Memory after init: allocated=0.45 GB, reserved=0.63 GB
`use_cache=True` is incompatible with gradient checkpointing. Setting `use_cache=False`...
`use_cache=True` is incompatible with gradient checkpointing. Setting `use_cache=False`...
`loss_type=None` was set in the config but it is unrecognized. Using the default loss: `ForCausalLMLoss`.
`loss_type=None` was set in the config but it is unrecognized. Using the default loss: `ForCausalLMLoss`.
[Rank 0] time (ms) | optimizer_step: 2.05
[Rank 0] time (ms) | fwd_microstep: 183.63 | bwd_microstep: 173.62 | bwd_inner_microstep: 166.41 | bwd_allreduce_microstep: 7.08 | step_microstep: 33.10
[Rank 0] time (ms) | fwd: 183.61 | bwd: 173.62 | bwd_inner: 166.42 | bwd_allreduce: 7.08 | step: 33.10
[Rank 1] Step 0: loss=11.4334, time=0.824s, alloc_mem=2.28 GB, peak_mem=11.66 GB
[Rank 0] Step 0: loss=11.4365, time=0.624s, alloc_mem=2.28 GB, peak_mem=11.66 GB
[Rank 0] time (ms) | optimizer_step: 1.72
[Rank 0] time (ms) | fwd_microstep: 260.37 | bwd_microstep: 230.24 | bwd_inner_microstep: 216.71 | bwd_allreduce_microstep: 13.48 | step_microstep: 5.68
[Rank 0] time (ms) | fwd: 260.36 | bwd: 230.25 | bwd_inner: 216.72 | bwd_allreduce: 13.48 | step: 5.68
[Rank 0] time (ms) | optimizer_step: 1.70
[Rank 0] time (ms) | fwd_microstep: 56.80 | bwd_microstep: 111.81 | bwd_inner_microstep: 111.16 | bwd_allreduce_microstep: 0.59 | step_microstep: 5.63
[Rank 0] time (ms) | fwd: 56.79 | bwd: 111.81 | bwd_inner: 111.17 | bwd_allreduce: 0.59 | step: 5.64
[Rank 0] time (ms) | optimizer_step: 1.70
[Rank 0] time (ms) | fwd_microstep: 56.54 | bwd_microstep: 112.47 | bwd_inner_microstep: 111.10 | bwd_allreduce_microstep: 1.32 | step_microstep: 5.61
[Rank 0] time (ms) | fwd: 56.54 | bwd: 112.48 | bwd_inner: 111.11 | bwd_allreduce: 1.32 | step: 5.61
[Rank 0] time (ms) | optimizer_step: 1.70
[Rank 0] time (ms) | fwd_microstep: 56.61 | bwd_microstep: 111.61 | bwd_inner_microstep: 111.03 | bwd_allreduce_microstep: 0.53 | step_microstep: 5.59
[Rank 0] time (ms) | fwd: 56.61 | bwd: 111.62 | bwd_inner: 111.04 | bwd_allreduce: 0.53 | step: 5.59
[Rank 0] time (ms) | optimizer_step: 1.71
[Rank 0] time (ms) | fwd_microstep: 56.49 | bwd_microstep: 112.02 | bwd_inner_microstep: 111.09 | bwd_allreduce_microstep: 0.87 | step_microstep: 5.62
[Rank 0] time (ms) | fwd: 56.49 | bwd: 112.02 | bwd_inner: 111.10 | bwd_allreduce: 0.87 | step: 5.63
[Rank 1] Step 5: loss=3.4139, time=0.175s, alloc_mem=2.28 GB, peak_mem=12.08 GB
[Rank 0] Step 5: loss=2.9891, time=0.175s, alloc_mem=2.28 GB, peak_mem=12.08 GB
[Rank 0] time (ms) | optimizer_step: 1.70
[Rank 0] time (ms) | fwd_microstep: 56.48 | bwd_microstep: 111.80 | bwd_inner_microstep: 111.06 | bwd_allreduce_microstep: 0.69 | step_microstep: 5.67
[Rank 0] time (ms) | fwd: 56.48 | bwd: 111.80 | bwd_inner: 111.08 | bwd_allreduce: 0.68 | step: 5.68
[Rank 0] time (ms) | optimizer_step: 1.72
[Rank 0] time (ms) | fwd_microstep: 56.66 | bwd_microstep: 111.63 | bwd_inner_microstep: 111.04 | bwd_allreduce_microstep: 0.54 | step_microstep: 5.64
[Rank 0] time (ms) | fwd: 56.65 | bwd: 111.64 | bwd_inner: 111.05 | bwd_allreduce: 0.54 | step: 5.64
[Rank 0] time (ms) | optimizer_step: 1.69
[Rank 0] time (ms) | fwd_microstep: 56.43 | bwd_microstep: 111.80 | bwd_inner_microstep: 111.10 | bwd_allreduce_microstep: 0.65 | step_microstep: 5.55
[Rank 0] time (ms) | fwd: 56.43 | bwd: 111.81 | bwd_inner: 111.12 | bwd_allreduce: 0.65 | step: 5.56
[Rank 0] time (ms) | optimizer_step: 1.70
[Rank 0] time (ms) | fwd_microstep: 56.45 | bwd_microstep: 111.93 | bwd_inner_microstep: 111.07 | bwd_allreduce_microstep: 0.81 | step_microstep: 5.57
[Rank 0] time (ms) | fwd: 56.45 | bwd: 111.93 | bwd_inner: 111.09 | bwd_allreduce: 0.81 | step: 5.57
[Rank 1] Step 9: loss=2.7204, time=0.175s, alloc_mem=2.28 GB, peak_mem=12.08 GB
[Rank 0] Step 9: loss=2.9002, time=0.175s, alloc_mem=2.28 GB, peak_mem=12.08 GB

============================================================
[Rank 1] FINAL RESULTS
  Config: configs/bf16_full.json
  Model: hidden_dim=1024, num_layers=12
  Parameters: 124,439,808
  Batch size: 32, Seq length: 512
  Average step time: 0.175s
  Peak memory: 12.08 GB
  Final allocated memory: 2.28 GB
============================================================
SUMMARY: config=configs/bf16_full.json batch_size=32 params=124439808 peak_mem_bytes=12975502848 alloc_mem_bytes=2448978432 avg_step_time=0.1751

============================================================
[Rank 0] FINAL RESULTS
  Config: configs/bf16_full.json
  Model: hidden_dim=1024, num_layers=12
  Parameters: 124,439,808
  Batch size: 32, Seq length: 512
  Average step time: 0.175s
  Peak memory: 12.08 GB
  Final allocated memory: 2.28 GB
============================================================
SUMMARY: config=configs/bf16_full.json batch_size=32 params=124439808 peak_mem_bytes=12975502848 alloc_mem_bytes=2448978432 avg_step_time=0.1751
[rank0]:[W119 14:28:12.969729331 ProcessGroupNCCL.cpp:1250] Warning: WARNING: process group has NOT been destroyed before we destruct ProcessGroupNCCL. On normal program exit, the application should call destroy_process_group to ensure that any pending NCCL operations have finished in this process. In rare cases this process can exit before this point and block the progress of another member of the process group. This constraint has always been present,  but this warning has only been added since PyTorch 2.4 (function operator())
[2026-01-19 14:28:13,685] [INFO] [launch.py:367:main] Process 1763063 exits successfully.
[2026-01-19 14:28:13,685] [INFO] [launch.py:367:main] Process 1763064 exits successfully.

==============================================
All runs complete. Gathering results...
==============================================
================================================================================
BF16 Low-Precision Master Weights - Memory Usage Comparison
================================================================================

Configuration                            Peak Memory     Reduction       Step Time   
--------------------------------------------------------------------------------
Baseline (fp32 master)                   12.41 GB        -               0.1420s     
bf16_full (master + opt states)          12.08 GB        +2.6%           0.1751s     
--------------------------------------------------------------------------------

Detailed Results:
----------------------------------------

Baseline (fp32 master):
  Parameters: 124,439,808
  Peak Memory: 12.41 GB (13,322,684,928 bytes)
  Allocated Memory: 2.63 GB (2,822,978,560 bytes)
  Avg Step Time: 0.1420s

bf16_full (master + opt states):
  Parameters: 124,439,808
  Peak Memory: 12.08 GB (12,975,502,848 bytes)
  Allocated Memory: 2.28 GB (2,448,978,432 bytes)
  Avg Step Time: 0.1751s

================================================================================

Markdown Table (for README):
----------------------------------------

| Configuration | Peak Memory | Memory Reduction | Avg Step Time |
|---------------|-------------|------------------|---------------|
| Baseline (fp32 master) | 12.41 GB | - | 0.1420s |
| bf16_full (master + opt states) | 12.08 GB | +2.6% | 0.1751s |


Summary saved to: logs/20260119_142705-32/summary.txt

Results saved to: logs/20260119_142705-32/summary.txt
==============================================
