0: Warning: The cache directory for DeepSpeed Triton autotune, /home/bigyang/.triton/autotune, appears to be on an NFS system. While this is generally acceptable, if you experience slowdowns or hanging when DeepSpeed exits, it is recommended to set the TRITON_CACHE_DIR environment variable to a non-NFS path.
0: Warning: The cache directory for DeepSpeed Triton autotune, /home/bigyang/.triton/autotune, appears to be on an NFS system. While this is generally acceptable, if you experience slowdowns or hanging when DeepSpeed exits, it is recommended to set the TRITON_CACHE_DIR environment variable to a non-NFS path.
0: Warning: The cache directory for DeepSpeed Triton autotune, /home/bigyang/.triton/autotune, appears to be on an NFS system. While this is generally acceptable, if you experience slowdowns or hanging when DeepSpeed exits, it is recommended to set the TRITON_CACHE_DIR environment variable to a non-NFS path.
0: Warning: The cache directory for DeepSpeed Triton autotune, /home/bigyang/.triton/autotune, appears to be on an NFS system. While this is generally acceptable, if you experience slowdowns or hanging when DeepSpeed exits, it is recommended to set the TRITON_CACHE_DIR environment variable to a non-NFS path.
1: Warning: The cache directory for DeepSpeed Triton autotune, /home/bigyang/.triton/autotune, appears to be on an NFS system. While this is generally acceptable, if you experience slowdowns or hanging when DeepSpeed exits, it is recommended to set the TRITON_CACHE_DIR environment variable to a non-NFS path.
1: Warning: The cache directory for DeepSpeed Triton autotune, /home/bigyang/.triton/autotune, appears to be on an NFS system. While this is generally acceptable, if you experience slowdowns or hanging when DeepSpeed exits, it is recommended to set the TRITON_CACHE_DIR environment variable to a non-NFS path.
1: Warning: The cache directory for DeepSpeed Triton autotune, /home/bigyang/.triton/autotune, appears to be on an NFS system. While this is generally acceptable, if you experience slowdowns or hanging when DeepSpeed exits, it is recommended to set the TRITON_CACHE_DIR environment variable to a non-NFS path.
1: Warning: The cache directory for DeepSpeed Triton autotune, /home/bigyang/.triton/autotune, appears to be on an NFS system. While this is generally acceptable, if you experience slowdowns or hanging when DeepSpeed exits, it is recommended to set the TRITON_CACHE_DIR environment variable to a non-NFS path.
1: local rank 1
1: 
0: local rank 3
0: 
0: local rank 2
0: 
1: local rank 3
1: 
0: local rank 1
0: 
1: local rank 0
1: 
0: local rank 0
0: 
1: local rank 2
1: 
0: [Rank 2] Loading wikitext dataset...
0: [Rank 3] Loading wikitext dataset...
0: [Rank 1] Loading wikitext dataset...
0: [Rank 0] Loading wikitext dataset...
1: [Rank 7] Loading wikitext dataset...
1: [Rank 5] Loading wikitext dataset...
1: [Rank 4] Loading wikitext dataset...
1: [Rank 6] Loading wikitext dataset...
1: [Rank 7] Packed dataset: 159 chunks of 32000 tokens
1: [Rank 5] Packed dataset: 159 chunks of 32000 tokens
1: [Rank 7] Creating model with hidden_dim=2048, num_layers=32, num_heads=16, vocab_size=128000
1: [Rank 5] Creating model with hidden_dim=2048, num_layers=32, num_heads=16, vocab_size=128000
1: [Rank 4] Packed dataset: 159 chunks of 32000 tokens
1: [Rank 6] Packed dataset: 159 chunks of 32000 tokens
1: [Rank 6] Creating model with hidden_dim=2048, num_layers=32, num_heads=16, vocab_size=128000
1: [Rank 4] Creating model with hidden_dim=2048, num_layers=32, num_heads=16, vocab_size=128000
1: [Rank 6] Model parameters: 8,030,261,248 total, 8,030,261,248 trainable
1: [Rank 6] Activation checkpointing enabled
1: [Rank 4] Model parameters: 8,030,261,248 total, 8,030,261,248 trainable
1: [Rank 4] Activation checkpointing enabled
1: [Rank 5] Model parameters: 8,030,261,248 total, 8,030,261,248 trainable
1: [Rank 5] Activation checkpointing enabled
1: [Rank 7] Model parameters: 8,030,261,248 total, 8,030,261,248 trainable
1: [Rank 7] Activation checkpointing enabled
0: [Rank 3] Packed dataset: 159 chunks of 32000 tokens
0: [Rank 0] Packed dataset: 159 chunks of 32000 tokens
0: [Rank 2] Packed dataset: 159 chunks of 32000 tokens
0: [Rank 1] Packed dataset: 159 chunks of 32000 tokens
0: [Rank 0] Creating model with hidden_dim=2048, num_layers=32, num_heads=16, vocab_size=128000
0: [Rank 3] Creating model with hidden_dim=2048, num_layers=32, num_heads=16, vocab_size=128000
0: [Rank 1] Creating model with hidden_dim=2048, num_layers=32, num_heads=16, vocab_size=128000
0: [Rank 2] Creating model with hidden_dim=2048, num_layers=32, num_heads=16, vocab_size=128000
0: [Rank 3] Model parameters: 8,030,261,248 total, 8,030,261,248 trainable
0: [Rank 3] Activation checkpointing enabled
0: [Rank 0] Model parameters: 8,030,261,248 total, 8,030,261,248 trainable
0: [Rank 0] Activation checkpointing enabled
0: [Rank 2] Model parameters: 8,030,261,248 total, 8,030,261,248 trainable
0: [Rank 2] Activation checkpointing enabled
0: [Rank 1] Model parameters: 8,030,261,248 total, 8,030,261,248 trainable
0: [Rank 1] Activation checkpointing enabled
0: Before initializing optimizer states
0: MA 18.7 GB         Max_MA 29.92 GB         CA 35.65 GB         Max_CA 36 GB 
0: CPU Virtual Memory:  used = 20.38 GB, percent = 2.0%
0: [Rank 2] DeepSpeed initialized with config: configs/baseline.json
0: [Rank 2] Memory after init: allocated=18.70 GB, reserved=22.44 GB
0: [Rank 1] DeepSpeed initialized with config: configs/baseline.json
0: [Rank 1] Memory after init: allocated=18.70 GB, reserved=22.44 GB
0: [Rank 3] DeepSpeed initialized with config: configs/baseline.json
0: [Rank 3] Memory after init: allocated=18.70 GB, reserved=22.44 GB
0: After initializing optimizer states
0: MA 18.7 GB         Max_MA 22.44 GB         CA 22.44 GB         Max_CA 36 GB 
0: CPU Virtual Memory:  used = 20.34 GB, percent = 2.0%
0: After initializing ZeRO optimizer
0: MA 18.7 GB         Max_MA 18.7 GB         CA 22.44 GB         Max_CA 22 GB 
0: CPU Virtual Memory:  used = 20.34 GB, percent = 2.0%
0: [Rank 0] DeepSpeed initialized with config: configs/baseline.json
0: [Rank 0] Memory after init: allocated=18.70 GB, reserved=22.44 GB
1: [Rank 7] DeepSpeed initialized with config: configs/baseline.json
1: [Rank 7] Memory after init: allocated=18.70 GB, reserved=22.44 GB
1: [Rank 4] DeepSpeed initialized with config: configs/baseline.json
1: [Rank 4] Memory after init: allocated=18.70 GB, reserved=22.44 GB
1: [Rank 6] DeepSpeed initialized with config: configs/baseline.json
1: [Rank 6] Memory after init: allocated=18.70 GB, reserved=22.44 GB
1: [Rank 5] DeepSpeed initialized with config: configs/baseline.json
1: [Rank 5] Memory after init: allocated=18.70 GB, reserved=22.44 GB
