0: Warning: The cache directory for DeepSpeed Triton autotune, /home/bigyang/.triton/autotune, appears to be on an NFS system. While this is generally acceptable, if you experience slowdowns or hanging when DeepSpeed exits, it is recommended to set the TRITON_CACHE_DIR environment variable to a non-NFS path.
0: Warning: The cache directory for DeepSpeed Triton autotune, /home/bigyang/.triton/autotune, appears to be on an NFS system. While this is generally acceptable, if you experience slowdowns or hanging when DeepSpeed exits, it is recommended to set the TRITON_CACHE_DIR environment variable to a non-NFS path.
0: Warning: The cache directory for DeepSpeed Triton autotune, /home/bigyang/.triton/autotune, appears to be on an NFS system. While this is generally acceptable, if you experience slowdowns or hanging when DeepSpeed exits, it is recommended to set the TRITON_CACHE_DIR environment variable to a non-NFS path.
0: Warning: The cache directory for DeepSpeed Triton autotune, /home/bigyang/.triton/autotune, appears to be on an NFS system. While this is generally acceptable, if you experience slowdowns or hanging when DeepSpeed exits, it is recommended to set the TRITON_CACHE_DIR environment variable to a non-NFS path.
1: Warning: The cache directory for DeepSpeed Triton autotune, /home/bigyang/.triton/autotune, appears to be on an NFS system. While this is generally acceptable, if you experience slowdowns or hanging when DeepSpeed exits, it is recommended to set the TRITON_CACHE_DIR environment variable to a non-NFS path.
1: Warning: The cache directory for DeepSpeed Triton autotune, /home/bigyang/.triton/autotune, appears to be on an NFS system. While this is generally acceptable, if you experience slowdowns or hanging when DeepSpeed exits, it is recommended to set the TRITON_CACHE_DIR environment variable to a non-NFS path.
1: Warning: The cache directory for DeepSpeed Triton autotune, /home/bigyang/.triton/autotune, appears to be on an NFS system. While this is generally acceptable, if you experience slowdowns or hanging when DeepSpeed exits, it is recommended to set the TRITON_CACHE_DIR environment variable to a non-NFS path.
1: Warning: The cache directory for DeepSpeed Triton autotune, /home/bigyang/.triton/autotune, appears to be on an NFS system. While this is generally acceptable, if you experience slowdowns or hanging when DeepSpeed exits, it is recommended to set the TRITON_CACHE_DIR environment variable to a non-NFS path.
0: local rank 2
0: 
1: local rank 3
1: 
0: local rank 1
0: 
1: local rank 1
1: 
0: local rank 3
0: 
1: local rank 0
1: 
1: local rank 2
1: 
0: local rank 0
0: 
1: [Rank 5] Loading wikitext dataset...
1: [Rank 4] Loading wikitext dataset...
0: [Rank 0] Loading wikitext dataset...[Rank 1] Loading wikitext dataset...[Rank 2] Loading wikitext dataset...
0: 
0: 
0: [Rank 3] Loading wikitext dataset...
1: [Rank 7] Loading wikitext dataset...
1: [Rank 6] Loading wikitext dataset...
1: [Rank 5] Dataset loaded: 39531 examples, vocab_size=128000[Rank 7] Dataset loaded: 39531 examples, vocab_size=128000
1: 
1: [Rank 4] Dataset loaded: 39531 examples, vocab_size=128000
1: [Rank 5] Creating model with hidden_dim=2048, num_layers=32, num_heads=16, vocab_size=128000
1: [Rank 4] Creating model with hidden_dim=2048, num_layers=32, num_heads=16, vocab_size=128000
1: [Rank 7] Creating model with hidden_dim=2048, num_layers=32, num_heads=16, vocab_size=128000
1: [Rank 6] Dataset loaded: 39531 examples, vocab_size=128000
0: [Rank 0] Dataset loaded: 39531 examples, vocab_size=128000
0: [Rank 2] Dataset loaded: 39531 examples, vocab_size=128000
0: [Rank 3] Dataset loaded: 39531 examples, vocab_size=128000
0: [Rank 1] Dataset loaded: 39531 examples, vocab_size=128000
1: [Rank 6] Creating model with hidden_dim=2048, num_layers=32, num_heads=16, vocab_size=128000
0: [Rank 0] Creating model with hidden_dim=2048, num_layers=32, num_heads=16, vocab_size=128000
0: [Rank 1] Creating model with hidden_dim=2048, num_layers=32, num_heads=16, vocab_size=128000
0: [Rank 3] Creating model with hidden_dim=2048, num_layers=32, num_heads=16, vocab_size=128000
0: [Rank 2] Creating model with hidden_dim=2048, num_layers=32, num_heads=16, vocab_size=128000
1: [Rank 7] Model parameters: 8,030,261,248 total, 8,030,261,248 trainable
1: [Rank 7] Activation checkpointing enabled
1: [Rank 4] Model parameters: 8,030,261,248 total, 8,030,261,248 trainable
1: [Rank 6] Model parameters: 8,030,261,248 total, 8,030,261,248 trainable
1: [Rank 4] Activation checkpointing enabled
1: [Rank 6] Activation checkpointing enabled
0: [Rank 2] Model parameters: 8,030,261,248 total, 8,030,261,248 trainable
0: [Rank 2] Activation checkpointing enabled
0: [Rank 3] Model parameters: 8,030,261,248 total, 8,030,261,248 trainable
0: [Rank 3] Activation checkpointing enabled
0: [Rank 1] Model parameters: 8,030,261,248 total, 8,030,261,248 trainable
0: [Rank 1] Activation checkpointing enabled
0: [Rank 0] Model parameters: 8,030,261,248 total, 8,030,261,248 trainable
0: [Rank 0] Activation checkpointing enabled
1: [Rank 5] Model parameters: 8,030,261,248 total, 8,030,261,248 trainable
1: [Rank 5] Activation checkpointing enabled
0: Stage 3 initialize beginning
0: MA 14.96 GB         Max_MA 14.96 GB         CA 15.08 GB         Max_CA 15 GB 
0: CPU Virtual Memory:  used = 20.51 GB, percent = 2.0%
0: DeepSpeedZeRoOffload initialize [begin]
0: MA 14.96 GB         Max_MA 16.91 GB         CA 17.04 GB         Max_CA 17 GB 
0: CPU Virtual Memory:  used = 20.59 GB, percent = 2.0%
0: Parameter Offload - Persistent parameters statistics: param_count = 0, numel = 0
0: DeepSpeedZeRoOffload initialize [end]
0: MA 1.87 GB         Max_MA 15.08 GB         CA 17.1 GB         Max_CA 17 GB 
0: CPU Virtual Memory:  used = 20.6 GB, percent = 2.0%
0: Before creating fp16 partitions
0: MA 1.87 GB         Max_MA 1.87 GB         CA 17.1 GB         Max_CA 17 GB 
0: CPU Virtual Memory:  used = 20.6 GB, percent = 2.0%
0: After creating fp16 partitions: 1
0: MA 1.87 GB         Max_MA 1.87 GB         CA 1.87 GB         Max_CA 17 GB 
0: CPU Virtual Memory:  used = 20.6 GB, percent = 2.0%
0: Before creating fp32 partitions
0: MA 1.87 GB         Max_MA 1.87 GB         CA 1.87 GB         Max_CA 2 GB 
0: CPU Virtual Memory:  used = 20.6 GB, percent = 2.0%
0: After creating fp32 partitions
0: MA 5.61 GB         Max_MA 9.35 GB         CA 9.35 GB         Max_CA 9 GB 
0: CPU Virtual Memory:  used = 20.6 GB, percent = 2.0%
0: Before initializing optimizer states
0: MA 5.61 GB         Max_MA 5.61 GB         CA 9.35 GB         Max_CA 9 GB 
0: CPU Virtual Memory:  used = 20.6 GB, percent = 2.0%
0: After initializing optimizer states
0: MA 5.61 GB         Max_MA 9.35 GB         CA 9.35 GB         Max_CA 9 GB 
0: CPU Virtual Memory:  used = 20.6 GB, percent = 2.0%
0: [Rank 3] DeepSpeed initialized with config: configs/baseline.json
0: [Rank 3] Memory after init: allocated=7.57 GB, reserved=9.35 GB
1: [Rank 4] DeepSpeed initialized with config: configs/baseline.json
1: [Rank 4] Memory after init: allocated=7.57 GB, reserved=9.35 GB
1: [Rank 6] DeepSpeed initialized with config: configs/baseline.json
0: [Rank 2] DeepSpeed initialized with config: configs/baseline.json
1: [Rank 5] DeepSpeed initialized with config: configs/baseline.json
1: [Rank 6] Memory after init: allocated=7.57 GB, reserved=9.35 GB
0: [Rank 1] DeepSpeed initialized with config: configs/baseline.json[Rank 2] Memory after init: allocated=7.57 GB, reserved=9.35 GB
0: 
1: [Rank 5] Memory after init: allocated=7.57 GB, reserved=9.35 GB
0: [Rank 1] Memory after init: allocated=7.57 GB, reserved=9.35 GB
1: [Rank 7] DeepSpeed initialized with config: configs/baseline.json
1: [Rank 7] Memory after init: allocated=7.57 GB, reserved=9.35 GB
0: After initializing ZeRO optimizer
0: MA 7.57 GB         Max_MA 8.55 GB         CA 9.35 GB         Max_CA 9 GB 
0: CPU Virtual Memory:  used = 20.73 GB, percent = 2.1%
0: [Rank 0] DeepSpeed initialized with config: configs/baseline.json
0: [Rank 0] Memory after init: allocated=7.57 GB, reserved=9.35 GB
1: [Rank 5] Step 0: loss=15.6624, time=6.106s, alloc_mem=15.31 GB, peak_mem=19.05 GB
0: [Rank 2] Step 0: loss=17.5616, time=6.096s, alloc_mem=15.31 GB, peak_mem=19.05 GB
0: [Rank 1] Step 0: loss=15.4488, time=6.110s, alloc_mem=15.31 GB, peak_mem=19.05 GB
0: [Rank 3] Step 0: loss=16.8138, time=6.108s, alloc_mem=15.31 GB, peak_mem=19.05 GB
1: [Rank 7] Step 0: loss=13.3414, time=6.126s, alloc_mem=15.31 GB, peak_mem=19.05 GB
1: [Rank 6] Step 0: loss=14.9651, time=6.119s, alloc_mem=15.31 GB, peak_mem=19.05 GB
0: [Rank 0] Step 0: loss=15.8485, time=5.965s, alloc_mem=15.31 GB, peak_mem=19.05 GB
1: [Rank 4] Step 0: loss=16.4551, time=6.109s, alloc_mem=15.31 GB, peak_mem=19.05 GB
0: [Rank 2] Step 5: loss=5.3090, time=4.296s, alloc_mem=15.31 GB, peak_mem=20.92 GB
0: [Rank 1] Step 5: loss=4.3918, time=4.296s, alloc_mem=15.31 GB, peak_mem=20.92 GB
1: [Rank 6] Step 5: loss=2.8287, time=4.296s, alloc_mem=15.31 GB, peak_mem=20.92 GB
0: [Rank 3] Step 5: loss=2.5219, time=4.296s, alloc_mem=15.31 GB, peak_mem=20.92 GB[Rank 0] Step 5: loss=6.2530, time=4.296s, alloc_mem=15.31 GB, peak_mem=20.92 GB
0: 
1: [Rank 4] Step 5: loss=4.4698, time=4.296s, alloc_mem=15.31 GB, peak_mem=20.92 GB
1: [Rank 5] Step 5: loss=3.7904, time=4.296s, alloc_mem=15.31 GB, peak_mem=20.92 GB[Rank 7] Step 5: loss=3.7347, time=4.296s, alloc_mem=15.31 GB, peak_mem=20.92 GB
1: 
0: [Rank 1] Step 10: loss=2.4264, time=4.277s, alloc_mem=15.31 GB, peak_mem=20.92 GB
0: [Rank 2] Step 10: loss=1.4376, time=4.277s, alloc_mem=15.31 GB, peak_mem=20.92 GB
1: [Rank 6] Step 10: loss=2.5726, time=4.277s, alloc_mem=15.31 GB, peak_mem=20.92 GB
0: [Rank 3] Step 10: loss=0.8478, time=4.277s, alloc_mem=15.31 GB, peak_mem=20.92 GB
0: [Rank 0] Step 10: loss=0.5346, time=4.277s, alloc_mem=15.31 GB, peak_mem=20.92 GB
1: [Rank 7] Step 10: loss=2.1573, time=4.277s, alloc_mem=15.31 GB, peak_mem=20.92 GB
1: [Rank 5] Step 10: loss=0.9444, time=4.277s, alloc_mem=15.31 GB, peak_mem=20.92 GB
1: [Rank 4] Step 10: loss=0.5322, time=4.277s, alloc_mem=15.31 GB, peak_mem=20.92 GB
0: [Rank 1] Step 15: loss=2.3440, time=4.302s, alloc_mem=15.31 GB, peak_mem=20.92 GB
0: [Rank 2] Step 15: loss=1.0510, time=4.302s, alloc_mem=15.31 GB, peak_mem=20.92 GB
1: [Rank 6] Step 15: loss=2.3275, time=4.302s, alloc_mem=15.31 GB, peak_mem=20.92 GB
0: [Rank 3] Step 15: loss=1.0978, time=4.302s, alloc_mem=15.31 GB, peak_mem=20.92 GB
0: [Rank 0] Step 15: loss=0.8948, time=4.302s, alloc_mem=15.31 GB, peak_mem=20.92 GB
1: [Rank 7] Step 15: loss=1.1035, time=4.302s, alloc_mem=15.31 GB, peak_mem=20.92 GB
1: [Rank 4] Step 15: loss=1.8816, time=4.302s, alloc_mem=15.31 GB, peak_mem=20.92 GB
1: [Rank 5] Step 15: loss=2.4973, time=4.302s, alloc_mem=15.31 GB, peak_mem=20.92 GB
0: [Rank 2] Step 20: loss=2.0241, time=4.307s, alloc_mem=15.31 GB, peak_mem=20.92 GB[Rank 1] Step 20: loss=1.5798, time=4.306s, alloc_mem=15.31 GB, peak_mem=20.92 GB
0: 
0: [Rank 0] Step 20: loss=0.4290, time=4.307s, alloc_mem=15.31 GB, peak_mem=20.92 GB
0: [Rank 3] Step 20: loss=1.4636, time=4.307s, alloc_mem=15.31 GB, peak_mem=20.92 GB
1: [Rank 6] Step 20: loss=2.5355, time=4.307s, alloc_mem=15.31 GB, peak_mem=20.92 GB
1: [Rank 5] Step 20: loss=0.4350, time=4.307s, alloc_mem=15.31 GB, peak_mem=20.92 GB
1: [Rank 7] Step 20: loss=1.4441, time=4.307s, alloc_mem=15.31 GB, peak_mem=20.92 GB
1: [Rank 4] Step 20: loss=0.5705, time=4.307s, alloc_mem=15.31 GB, peak_mem=20.92 GB
0: [Rank 1] Step 25: loss=1.6508, time=4.296s, alloc_mem=15.31 GB, peak_mem=20.92 GB
0: [Rank 2] Step 25: loss=2.2648, time=4.296s, alloc_mem=15.31 GB, peak_mem=20.92 GB
1: [Rank 6] Step 25: loss=1.7127, time=4.296s, alloc_mem=15.31 GB, peak_mem=20.92 GB
0: [Rank 0] Step 25: loss=0.9358, time=4.296s, alloc_mem=15.31 GB, peak_mem=20.92 GB
0: [Rank 3] Step 25: loss=1.4757, time=4.296s, alloc_mem=15.31 GB, peak_mem=20.92 GB
1: [Rank 5] Step 25: loss=1.1345, time=4.296s, alloc_mem=15.31 GB, peak_mem=20.92 GB
1: [Rank 7] Step 25: loss=1.2237, time=4.296s, alloc_mem=15.31 GB, peak_mem=20.92 GB
1: [Rank 4] Step 25: loss=1.3447, time=4.296s, alloc_mem=15.31 GB, peak_mem=20.92 GB
0: [Rank 2] Step 30: loss=1.4556, time=4.284s, alloc_mem=15.31 GB, peak_mem=20.92 GB
0: [Rank 1] Step 30: loss=1.4014, time=4.284s, alloc_mem=15.31 GB, peak_mem=20.92 GB
0: [Rank 0] Step 30: loss=1.5635, time=4.284s, alloc_mem=15.31 GB, peak_mem=20.92 GB
1: [Rank 6] Step 30: loss=0.7173, time=4.284s, alloc_mem=15.31 GB, peak_mem=20.92 GB[Rank 7] Step 30: loss=1.0909, time=4.284s, alloc_mem=15.31 GB, peak_mem=20.92 GB
1: 
0: [Rank 3] Step 30: loss=0.9135, time=4.284s, alloc_mem=15.31 GB, peak_mem=20.92 GB
1: [Rank 4] Step 30: loss=0.1697, time=4.284s, alloc_mem=15.31 GB, peak_mem=20.92 GB
1: [Rank 5] Step 30: loss=2.3975, time=4.284s, alloc_mem=15.31 GB, peak_mem=20.92 GB
0: [Rank 2] Step 35: loss=1.2475, time=4.264s, alloc_mem=15.31 GB, peak_mem=20.92 GB
0: [Rank 3] Step 35: loss=2.4681, time=4.264s, alloc_mem=15.31 GB, peak_mem=20.92 GB[Rank 1] Step 35: loss=1.0501, time=4.264s, alloc_mem=15.31 GB, peak_mem=20.92 GB
0: 
1: [Rank 6] Step 35: loss=1.8675, time=4.264s, alloc_mem=15.31 GB, peak_mem=20.92 GB
1: [Rank 5] Step 35: loss=1.5852, time=4.264s, alloc_mem=15.31 GB, peak_mem=20.92 GB
0: [Rank 0] Step 35: loss=0.5811, time=4.264s, alloc_mem=15.31 GB, peak_mem=20.92 GB
1: [Rank 4] Step 35: loss=1.6155, time=4.264s, alloc_mem=15.31 GB, peak_mem=20.92 GB[Rank 7] Step 35: loss=0.4506, time=4.264s, alloc_mem=15.31 GB, peak_mem=20.92 GB
1: 
0: [Rank 2] Step 40: loss=1.1398, time=4.274s, alloc_mem=15.31 GB, peak_mem=20.92 GB
0: [Rank 1] Step 40: loss=0.8878, time=4.274s, alloc_mem=15.31 GB, peak_mem=20.92 GB
1: [Rank 6] Step 40: loss=0.4993, time=4.274s, alloc_mem=15.31 GB, peak_mem=20.92 GB
0: [Rank 0] Step 40: loss=1.9991, time=4.274s, alloc_mem=15.31 GB, peak_mem=20.92 GB
0: [Rank 3] Step 40: loss=1.8766, time=4.274s, alloc_mem=15.31 GB, peak_mem=20.92 GB
1: [Rank 7] Step 40: loss=0.1322, time=4.274s, alloc_mem=15.31 GB, peak_mem=20.92 GB
1: [Rank 5] Step 40: loss=1.8559, time=4.274s, alloc_mem=15.31 GB, peak_mem=20.92 GB[Rank 4] Step 40: loss=1.1062, time=4.274s, alloc_mem=15.31 GB, peak_mem=20.92 GB
1: 
0: [Rank 1] Step 45: loss=1.9019, time=4.336s, alloc_mem=15.31 GB, peak_mem=20.92 GB
0: [Rank 3] Step 45: loss=1.9506, time=4.336s, alloc_mem=15.31 GB, peak_mem=20.92 GB[Rank 2] Step 45: loss=1.4285, time=4.336s, alloc_mem=15.31 GB, peak_mem=20.92 GB
0: 
0: [Rank 0] Step 45: loss=0.7144, time=4.336s, alloc_mem=15.31 GB, peak_mem=20.92 GB
1: [Rank 6] Step 45: loss=0.7753, time=4.336s, alloc_mem=15.31 GB, peak_mem=20.92 GB
1: [Rank 5] Step 45: loss=1.0306, time=4.336s, alloc_mem=15.31 GB, peak_mem=20.92 GB
1: [Rank 7] Step 45: loss=1.4235, time=4.336s, alloc_mem=15.31 GB, peak_mem=20.92 GB
1: [Rank 4] Step 45: loss=0.4776, time=4.336s, alloc_mem=15.31 GB, peak_mem=20.92 GB
0: [Rank 1] Step 50: loss=0.4766, time=4.270s, alloc_mem=15.31 GB, peak_mem=20.92 GB
0: [Rank 2] Step 50: loss=0.7838, time=4.270s, alloc_mem=15.31 GB, peak_mem=20.92 GB
0: [Rank 3] Step 50: loss=0.5609, time=4.270s, alloc_mem=15.31 GB, peak_mem=20.92 GB
0: [Rank 0] Step 50: loss=0.4432, time=4.270s, alloc_mem=15.31 GB, peak_mem=20.92 GB
1: [Rank 5] Step 50: loss=1.1141, time=4.270s, alloc_mem=15.31 GB, peak_mem=20.92 GB[Rank 7] Step 50: loss=2.3866, time=4.270s, alloc_mem=15.31 GB, peak_mem=20.92 GB
1: 
1: [Rank 6] Step 50: loss=0.6806, time=4.270s, alloc_mem=15.31 GB, peak_mem=20.92 GB
1: [Rank 4] Step 50: loss=1.1866, time=4.270s, alloc_mem=15.31 GB, peak_mem=20.92 GB
0: [Rank 2] Step 55: loss=1.7671, time=4.295s, alloc_mem=15.31 GB, peak_mem=20.92 GB
0: [Rank 1] Step 55: loss=0.6834, time=4.295s, alloc_mem=15.31 GB, peak_mem=20.92 GB
1: [Rank 6] Step 55: loss=0.6110, time=4.295s, alloc_mem=15.31 GB, peak_mem=20.92 GB
1: [Rank 4] Step 55: loss=0.7869, time=4.295s, alloc_mem=15.31 GB, peak_mem=20.92 GB[Rank 7] Step 55: loss=0.8773, time=4.295s, alloc_mem=15.31 GB, peak_mem=20.92 GB[Rank 5] Step 55: loss=0.8142, time=4.295s, alloc_mem=15.31 GB, peak_mem=20.92 GB
1: 
1: 
0: [Rank 3] Step 55: loss=1.7799, time=4.295s, alloc_mem=15.31 GB, peak_mem=20.92 GB
0: [Rank 0] Step 55: loss=0.8134, time=4.295s, alloc_mem=15.31 GB, peak_mem=20.92 GB
1: [Rank 6] Step 60: loss=0.3357, time=4.283s, alloc_mem=15.31 GB, peak_mem=20.92 GB
0: [Rank 2] Step 60: loss=1.5216, time=4.283s, alloc_mem=15.31 GB, peak_mem=20.92 GB
0: [Rank 1] Step 60: loss=1.5978, time=4.283s, alloc_mem=15.31 GB, peak_mem=20.92 GB
0: [Rank 0] Step 60: loss=1.4191, time=4.283s, alloc_mem=15.31 GB, peak_mem=20.92 GB
0: [Rank 3] Step 60: loss=0.3068, time=4.283s, alloc_mem=15.31 GB, peak_mem=20.92 GB
1: [Rank 7] Step 60: loss=1.0963, time=4.283s, alloc_mem=15.31 GB, peak_mem=20.92 GB
1: [Rank 5] Step 60: loss=1.3839, time=4.283s, alloc_mem=15.31 GB, peak_mem=20.92 GB
1: [Rank 4] Step 60: loss=0.8869, time=4.283s, alloc_mem=15.31 GB, peak_mem=20.92 GB
