0: Warning: The cache directory for DeepSpeed Triton autotune, /home/bigyang/.triton/autotune, appears to be on an NFS system. While this is generally acceptable, if you experience slowdowns or hanging when DeepSpeed exits, it is recommended to set the TRITON_CACHE_DIR environment variable to a non-NFS path.
0: Warning: The cache directory for DeepSpeed Triton autotune, /home/bigyang/.triton/autotune, appears to be on an NFS system. While this is generally acceptable, if you experience slowdowns or hanging when DeepSpeed exits, it is recommended to set the TRITON_CACHE_DIR environment variable to a non-NFS path.
1: Warning: The cache directory for DeepSpeed Triton autotune, /home/bigyang/.triton/autotune, appears to be on an NFS system. While this is generally acceptable, if you experience slowdowns or hanging when DeepSpeed exits, it is recommended to set the TRITON_CACHE_DIR environment variable to a non-NFS path.
1: Warning: The cache directory for DeepSpeed Triton autotune, /home/bigyang/.triton/autotune, appears to be on an NFS system. While this is generally acceptable, if you experience slowdowns or hanging when DeepSpeed exits, it is recommended to set the TRITON_CACHE_DIR environment variable to a non-NFS path.
0: Warning: The cache directory for DeepSpeed Triton autotune, /home/bigyang/.triton/autotune, appears to be on an NFS system. While this is generally acceptable, if you experience slowdowns or hanging when DeepSpeed exits, it is recommended to set the TRITON_CACHE_DIR environment variable to a non-NFS path.
1: Warning: The cache directory for DeepSpeed Triton autotune, /home/bigyang/.triton/autotune, appears to be on an NFS system. While this is generally acceptable, if you experience slowdowns or hanging when DeepSpeed exits, it is recommended to set the TRITON_CACHE_DIR environment variable to a non-NFS path.
0: Warning: The cache directory for DeepSpeed Triton autotune, /home/bigyang/.triton/autotune, appears to be on an NFS system. While this is generally acceptable, if you experience slowdowns or hanging when DeepSpeed exits, it is recommended to set the TRITON_CACHE_DIR environment variable to a non-NFS path.
1: Warning: The cache directory for DeepSpeed Triton autotune, /home/bigyang/.triton/autotune, appears to be on an NFS system. While this is generally acceptable, if you experience slowdowns or hanging when DeepSpeed exits, it is recommended to set the TRITON_CACHE_DIR environment variable to a non-NFS path.
0: local rank 1
0: 
0: local rank 0
0: 
1: local rank 1
1: 
0: local rank 2
0: 
0: local rank 3
0: 
1: local rank 3
1: 
1: local rank 0
1: 
1: local rank 2
1: 
0: [Rank 2] Loading wikitext dataset...[Rank 1] Loading wikitext dataset...
0: 
0: [Rank 3] Loading wikitext dataset...
1: [Rank 5] Loading wikitext dataset...
0: [Rank 0] Loading wikitext dataset...
1: [Rank 6] Loading wikitext dataset...
1: [Rank 4] Loading wikitext dataset...
1: [Rank 7] Loading wikitext dataset...
1: [Rank 5] Packed dataset: 5671 chunks of 1024 tokens
0: [Rank 2] Packed dataset: 5671 chunks of 1024 tokens
1: [Rank 5] Creating model with hidden_dim=2048, num_layers=32, num_heads=16, vocab_size=128000
1: [Rank 4] Packed dataset: 5671 chunks of 1024 tokens
0: [Rank 2] Creating model with hidden_dim=2048, num_layers=32, num_heads=16, vocab_size=128000
1: [Rank 4] Creating model with hidden_dim=2048, num_layers=32, num_heads=16, vocab_size=128000
0: [Rank 3] Packed dataset: 5671 chunks of 1024 tokens
1: [Rank 6] Packed dataset: 5671 chunks of 1024 tokens
0: [Rank 3] Creating model with hidden_dim=2048, num_layers=32, num_heads=16, vocab_size=128000
1: [Rank 6] Creating model with hidden_dim=2048, num_layers=32, num_heads=16, vocab_size=128000
0: [Rank 1] Packed dataset: 5671 chunks of 1024 tokens
0: [Rank 1] Creating model with hidden_dim=2048, num_layers=32, num_heads=16, vocab_size=128000
0: [Rank 0] Packed dataset: 5671 chunks of 1024 tokens
0: [Rank 0] Creating model with hidden_dim=2048, num_layers=32, num_heads=16, vocab_size=128000
1: [Rank 7] Packed dataset: 5671 chunks of 1024 tokens
1: [Rank 7] Creating model with hidden_dim=2048, num_layers=32, num_heads=16, vocab_size=128000
1: [Rank 4] Model parameters: 8,030,261,248 total, 8,030,261,248 trainable
1: [Rank 4] Activation checkpointing enabled
1: [Rank 5] Model parameters: 8,030,261,248 total, 8,030,261,248 trainable
1: [Rank 5] Activation checkpointing enabled
1: [Rank 6] Model parameters: 8,030,261,248 total, 8,030,261,248 trainable
1: [Rank 6] Activation checkpointing enabled
0: [Rank 2] Model parameters: 8,030,261,248 total, 8,030,261,248 trainable
0: [Rank 2] Activation checkpointing enabled
0: [Rank 1] Model parameters: 8,030,261,248 total, 8,030,261,248 trainable
0: [Rank 1] Activation checkpointing enabled
0: [Rank 3] Model parameters: 8,030,261,248 total, 8,030,261,248 trainable
0: [Rank 3] Activation checkpointing enabled
0: [Rank 0] Model parameters: 8,030,261,248 total, 8,030,261,248 trainable
0: [Rank 0] Activation checkpointing enabled
1: [Rank 7] Model parameters: 8,030,261,248 total, 8,030,261,248 trainable
1: [Rank 7] Activation checkpointing enabled
1: [Rank 6] DeepSpeed initialized with config: configs/baseline.json
1: [Rank 6] Memory after init: allocated=18.70 GB, reserved=22.44 GB
1: [Rank 7] DeepSpeed initialized with config: configs/baseline.json
1: [Rank 7] Memory after init: allocated=18.70 GB, reserved=22.44 GB
1: [Rank 5] DeepSpeed initialized with config: configs/baseline.json
1: [Rank 5] Memory after init: allocated=18.70 GB, reserved=22.44 GB
1: [Rank 4] DeepSpeed initialized with config: configs/baseline.json
1: [Rank 4] Memory after init: allocated=18.70 GB, reserved=22.44 GB
0: Before initializing optimizer states
0: MA 18.7 GB         Max_MA 29.92 GB         CA 35.65 GB         Max_CA 36 GB 
0: CPU Virtual Memory:  used = 20.83 GB, percent = 2.1%
0: [Rank 1] DeepSpeed initialized with config: configs/baseline.json
0: [Rank 1] Memory after init: allocated=18.70 GB, reserved=22.44 GB
0: [Rank 3] DeepSpeed initialized with config: configs/baseline.json
0: [Rank 3] Memory after init: allocated=18.70 GB, reserved=22.44 GB
0: [Rank 2] DeepSpeed initialized with config: configs/baseline.json
0: [Rank 2] Memory after init: allocated=18.70 GB, reserved=22.44 GB
0: After initializing optimizer states
0: MA 18.7 GB         Max_MA 22.44 GB         CA 22.44 GB         Max_CA 36 GB 
0: CPU Virtual Memory:  used = 19.97 GB, percent = 2.0%
0: After initializing ZeRO optimizer
0: MA 18.7 GB         Max_MA 18.7 GB         CA 22.44 GB         Max_CA 22 GB 
0: CPU Virtual Memory:  used = 19.97 GB, percent = 2.0%
0: [Rank 0] DeepSpeed initialized with config: configs/baseline.json
0: [Rank 0] Memory after init: allocated=18.70 GB, reserved=22.44 GB
0: Iteration 0: loss=2.1224
0: Iteration 1: loss=12.1469
0: Iteration 2: loss=20.4410
0: Iteration 3: loss=14.4400
0: Iteration 4: loss=30.0473
0: Iteration 5: loss=19.3805
0: Iteration 6: loss=22.1733
0: Iteration 7: loss=21.0207
0: Iteration 8: loss=21.2204
0: Iteration 9: loss=21.4373
0: Iteration 10: loss=22.5091
0: Iteration 11: loss=24.8728
0: Iteration 12: loss=23.0276
0: Iteration 13: loss=23.6189
0: Iteration 14: loss=22.1281
0: Iteration 15: loss=20.2263
0: Iteration 16: loss=22.1986
0: Iteration 17: loss=19.0255
0: Iteration 18: loss=20.9889
0: Iteration 19: loss=21.5226
0: Iteration 20: loss=20.0223
0: Iteration 21: loss=20.5503
0: Iteration 22: loss=20.4434
0: Iteration 23: loss=18.5890
0: Iteration 24: loss=17.8684
0: Iteration 25: loss=20.2093
0: Iteration 26: loss=17.8371
0: Iteration 27: loss=17.3873
0: Iteration 28: loss=17.3377
0: Iteration 29: loss=17.0159
0: Iteration 30: loss=16.0436
0: Iteration 31: loss=15.2349
0: Iteration 32: loss=15.4302
0: Iteration 33: loss=15.4089
0: Iteration 34: loss=15.9762
0: Iteration 35: loss=14.8540
0: Iteration 36: loss=16.5008
0: Iteration 37: loss=14.4752
0: Iteration 38: loss=14.6898
0: Iteration 39: loss=12.9563
0: Iteration 40: loss=13.3270
0: Iteration 41: loss=14.4187
0: Iteration 42: loss=14.4251
0: Iteration 43: loss=12.9356
0: Iteration 44: loss=14.0075
0: Iteration 45: loss=11.8671
0: Iteration 46: loss=11.8541
0: Iteration 47: loss=13.0392
0: Iteration 48: loss=12.8200
0: Iteration 49: loss=11.1814
0: Iteration 50: loss=12.2809
0: Iteration 51: loss=12.0080
0: Iteration 52: loss=12.0303
0: Iteration 53: loss=11.9801
0: Iteration 54: loss=11.9716
0: Iteration 55: loss=10.7741
0: Iteration 56: loss=11.3212
0: Iteration 57: loss=12.1451
0: Iteration 58: loss=11.2975
0: Iteration 59: loss=11.3405
0: Iteration 60: loss=11.2210
0: Iteration 61: loss=10.6942
0: Iteration 62: loss=10.7391
0: Iteration 63: loss=10.5901
0: Iteration 64: loss=9.4362
0: Iteration 65: loss=10.1552
0: Iteration 66: loss=10.8369
0: Iteration 67: loss=10.9156
0: Iteration 68: loss=10.8229
0: Iteration 69: loss=11.3210
0: Iteration 70: loss=10.0095
0: Iteration 71: loss=10.5090
0: Iteration 72: loss=10.0947
0: Iteration 73: loss=10.5101
0: Iteration 74: loss=10.8682
0: Iteration 75: loss=10.3325
0: Iteration 76: loss=10.0947
0: Iteration 77: loss=9.4566
0: Iteration 78: loss=9.5801
0: Iteration 79: loss=9.5337
0: Iteration 80: loss=9.7159
0: Iteration 81: loss=9.0461
0: Iteration 82: loss=11.5501
0: Iteration 83: loss=9.9629
0: Iteration 84: loss=9.4296
0: Iteration 85: loss=9.8160
0: Iteration 86: loss=9.0655
0: Iteration 87: loss=9.5355
0: Iteration 88: loss=8.9938
0: Iteration 89: loss=9.1823
0: Iteration 90: loss=8.7845
0: Iteration 91: loss=8.8453
0: Iteration 92: loss=9.1426
0: Iteration 93: loss=8.6291
0: Iteration 94: loss=10.0294
0: Iteration 95: loss=8.6621
0: Iteration 96: loss=9.6708
0: Iteration 97: loss=9.3774
0: Iteration 98: loss=9.1483
0: Iteration 99: loss=9.1804
0: Iteration 100: loss=8.4900
0: Iteration 101: loss=9.3322
0: Iteration 102: loss=8.9117
0: Iteration 103: loss=8.1497
0: Iteration 104: loss=8.0131
0: Iteration 105: loss=8.9710
0: Iteration 106: loss=8.2413
0: Iteration 107: loss=8.4587
0: Iteration 108: loss=8.5248
0: Iteration 109: loss=9.2650
0: Iteration 110: loss=9.6719
0: Iteration 111: loss=9.5828
0: Iteration 112: loss=9.1775
0: Iteration 113: loss=9.2975
0: Iteration 114: loss=8.5755
0: Iteration 115: loss=8.4808
0: Iteration 116: loss=8.2536
0: Iteration 117: loss=8.2718
0: Iteration 118: loss=8.5234
0: Iteration 119: loss=8.0268
0: Iteration 120: loss=8.7421
0: Iteration 121: loss=8.6785
0: Iteration 122: loss=9.7299
0: Iteration 123: loss=8.8798
0: Iteration 124: loss=8.3363
0: Iteration 125: loss=8.9327
0: Iteration 126: loss=8.0992
0: Iteration 127: loss=8.7545
0: Iteration 128: loss=7.5930
0: Iteration 129: loss=7.6212
0: Iteration 130: loss=7.7888
0: Iteration 131: loss=7.7146
0: Iteration 132: loss=9.4071
0: Iteration 133: loss=7.4248
0: Iteration 134: loss=8.5463
0: Iteration 135: loss=8.6679
0: Iteration 136: loss=7.8345
0: Iteration 137: loss=7.9114
0: Iteration 138: loss=8.0426
0: Iteration 139: loss=7.3530
0: Iteration 140: loss=7.1885
0: Iteration 141: loss=8.3107
0: Iteration 142: loss=7.7813
0: Iteration 143: loss=7.8185
0: Iteration 144: loss=7.2674
0: Iteration 145: loss=7.8474
0: Iteration 146: loss=7.2913
0: Iteration 147: loss=8.2939
0: Iteration 148: loss=7.7900
0: Iteration 149: loss=8.0267
0: Iteration 150: loss=8.5176
0: Iteration 151: loss=7.7469
0: Iteration 152: loss=7.1659
0: Iteration 153: loss=7.9577
0: Iteration 154: loss=7.5763
0: Iteration 155: loss=8.2115
0: Iteration 156: loss=7.9961
0: Iteration 157: loss=7.1833
0: Iteration 158: loss=7.5542
0: Iteration 159: loss=7.5829
0: Iteration 160: loss=7.6198
0: Iteration 161: loss=7.7702
0: Iteration 162: loss=7.5526
0: Iteration 163: loss=7.1786
0: Iteration 164: loss=7.6622
0: Iteration 165: loss=8.2049
0: Iteration 166: loss=7.4577
0: Iteration 167: loss=8.4610
0: Iteration 168: loss=8.8907
0: Iteration 169: loss=7.4777
0: Iteration 170: loss=8.2230
0: Iteration 171: loss=7.6978
0: Iteration 172: loss=7.8870
0: Iteration 173: loss=7.3583
0: Iteration 174: loss=8.1577
0: Iteration 175: loss=8.2012
0: Iteration 176: loss=7.3149
0: Iteration 177: loss=7.4677
0: Iteration 178: loss=7.2900
0: Iteration 179: loss=7.3555
0: Iteration 180: loss=7.5228
0: Iteration 181: loss=7.5034
0: Iteration 182: loss=7.4366
0: Iteration 183: loss=7.0842
0: Iteration 184: loss=7.1917
0: Iteration 185: loss=7.3890
0: Iteration 186: loss=7.1699
0: Iteration 187: loss=7.6126
0: Iteration 188: loss=7.2550
0: Iteration 189: loss=7.1042
0: Iteration 190: loss=7.3533
0: Iteration 191: loss=7.6818
0: Iteration 192: loss=7.6432
0: Iteration 193: loss=7.4878
0: Iteration 194: loss=7.6654
0: Iteration 195: loss=7.5220
0: Iteration 196: loss=7.3323
0: Iteration 197: loss=7.3810
0: Iteration 198: loss=7.5386
0: Iteration 199: loss=7.8448
0: Iteration 200: loss=7.5329
0: Iteration 201: loss=6.9370
0: Iteration 202: loss=7.7400
0: Iteration 203: loss=6.4485
0: Iteration 204: loss=6.7966
0: Iteration 205: loss=7.8106
0: Iteration 206: loss=6.4547
0: Iteration 207: loss=7.0829
0: Iteration 208: loss=7.3334
0: Iteration 209: loss=7.3032
0: Iteration 210: loss=7.0363
0: Iteration 211: loss=7.1345
0: Iteration 212: loss=7.5772
0: Iteration 213: loss=7.5918
0: Iteration 214: loss=6.9113
0: Iteration 215: loss=7.4972
0: Iteration 216: loss=7.3195
0: Iteration 217: loss=7.3121
0: Iteration 218: loss=7.0296
0: Iteration 219: loss=7.3445
0: Iteration 220: loss=7.1914
0: Iteration 221: loss=7.2700
0: Iteration 222: loss=7.1496
0: Iteration 223: loss=6.8168
0: Iteration 224: loss=7.3832
0: Iteration 225: loss=7.0550
0: Iteration 226: loss=7.0866
0: Iteration 227: loss=6.6713
0: Iteration 228: loss=7.6028
0: Iteration 229: loss=7.4066
0: Iteration 230: loss=7.4250
0: Iteration 231: loss=7.2730
0: Iteration 232: loss=7.6336
0: Iteration 233: loss=7.4607
0: Iteration 234: loss=6.8901
0: Iteration 235: loss=7.0557
0: Iteration 236: loss=7.4218
0: Iteration 237: loss=6.9870
0: Iteration 238: loss=7.0860
0: Iteration 239: loss=6.8040
0: Iteration 240: loss=6.9909
0: Iteration 241: loss=7.2070
0: Iteration 242: loss=7.1128
0: Iteration 243: loss=7.2390
0: Iteration 244: loss=6.9862
0: Iteration 245: loss=6.8064
0: Iteration 246: loss=7.2690
0: Iteration 247: loss=6.1032
0: Iteration 248: loss=6.6639
0: Iteration 249: loss=7.4400
0: Iteration 250: loss=7.1075
0: Iteration 251: loss=6.9802
0: Iteration 252: loss=7.3312
0: Iteration 253: loss=7.5818
0: Iteration 254: loss=7.0470
0: Iteration 255: loss=7.7580
0: Iteration 256: loss=6.8675
0: Iteration 257: loss=6.8341
0: Iteration 258: loss=6.5830
0: Iteration 259: loss=6.6567
0: Iteration 260: loss=6.9200
0: Iteration 261: loss=6.9441
0: Iteration 262: loss=6.7398
0: Iteration 263: loss=7.6270
0: Iteration 264: loss=7.2858
0: Iteration 265: loss=6.9843
0: Iteration 266: loss=6.8575
0: Iteration 267: loss=7.1365
0: Iteration 268: loss=7.1011
0: Iteration 269: loss=6.9475
0: Iteration 270: loss=7.1392
0: Iteration 271: loss=6.7581
0: Iteration 272: loss=7.1542
0: Iteration 273: loss=7.0020
0: Iteration 274: loss=7.4955
0: Iteration 275: loss=7.4057
0: Iteration 276: loss=6.0971
0: Iteration 277: loss=7.1527
0: Iteration 278: loss=7.8716
0: Iteration 279: loss=6.8784
0: Iteration 280: loss=7.1164
0: Iteration 281: loss=6.7990
0: Iteration 282: loss=6.8005
0: Iteration 283: loss=6.7463
0: Iteration 284: loss=6.4942
0: Iteration 285: loss=6.7544
0: Iteration 286: loss=7.4075
0: Iteration 287: loss=6.4880
0: Iteration 288: loss=6.2667
0: Iteration 289: loss=6.6957
0: Iteration 290: loss=6.8115
0: Iteration 291: loss=6.8696
0: Iteration 292: loss=6.7050
0: Iteration 293: loss=6.1054
0: Iteration 294: loss=7.0195
0: Iteration 295: loss=6.3540
0: Iteration 296: loss=6.8545
0: Iteration 297: loss=6.2086
0: Iteration 298: loss=6.7643
0: Iteration 299: loss=5.9055
0: Iteration 300: loss=6.4327
0: Iteration 301: loss=7.0154
0: Iteration 302: loss=6.9919
0: Iteration 303: loss=6.4956
0: Iteration 304: loss=6.7186
0: Iteration 305: loss=6.6307
0: Iteration 306: loss=6.8244
0: Iteration 307: loss=6.8417
0: Iteration 308: loss=7.0994
0: Iteration 309: loss=6.5281
0: Iteration 310: loss=6.8262
0: Iteration 311: loss=7.1916
0: Iteration 312: loss=6.0268
0: Iteration 313: loss=6.5589
0: Iteration 314: loss=6.4100
0: Iteration 315: loss=6.7501
0: Iteration 316: loss=6.7019
0: Iteration 317: loss=6.7749
0: Iteration 318: loss=6.8115
0: Iteration 319: loss=6.3607
0: Iteration 320: loss=6.1425
0: Iteration 321: loss=6.8809
0: Iteration 322: loss=7.0103
0: Iteration 323: loss=6.9583
0: Iteration 324: loss=6.6323
0: Iteration 325: loss=6.5515
0: Iteration 326: loss=5.9339
0: Iteration 327: loss=6.8684
0: Iteration 328: loss=6.2320
0: Iteration 329: loss=6.4452
0: Iteration 330: loss=6.8175
0: Iteration 331: loss=6.3741
0: Iteration 332: loss=6.9589
0: Iteration 333: loss=7.5408
0: Iteration 334: loss=6.9122
0: Iteration 335: loss=6.2425
0: Iteration 336: loss=6.7697
0: Iteration 337: loss=6.7026
0: Iteration 338: loss=6.6222
0: Iteration 339: loss=6.8554
0: Iteration 340: loss=6.9908
0: Iteration 341: loss=6.5579
0: Iteration 342: loss=6.8513
0: Iteration 343: loss=6.5195
0: Iteration 344: loss=6.2265
0: Iteration 345: loss=6.3802
0: Iteration 346: loss=6.8874
0: Iteration 347: loss=6.2242
0: Iteration 348: loss=6.8552
0: Iteration 349: loss=6.1225
0: Iteration 350: loss=6.3743
0: Iteration 351: loss=6.6046
0: Iteration 352: loss=6.1740
0: Iteration 353: loss=6.3178
0: Iteration 354: loss=6.5458
0: Iteration 355: loss=6.3558
0: Iteration 356: loss=6.3460
0: Iteration 357: loss=6.6631
0: Iteration 358: loss=6.9596
0: Iteration 359: loss=6.2703
0: Iteration 360: loss=6.0433
0: Iteration 361: loss=5.9791
0: Iteration 362: loss=6.4661
0: Iteration 363: loss=6.6962
0: Iteration 364: loss=6.5552
0: Iteration 365: loss=6.5626
0: Iteration 366: loss=7.5035
0: Iteration 367: loss=7.0624
0: Iteration 368: loss=6.4251
0: Iteration 369: loss=7.0404
0: Iteration 370: loss=6.1848
0: Iteration 371: loss=6.6286
0: Iteration 372: loss=6.3658
0: Iteration 373: loss=6.5031
0: Iteration 374: loss=6.3143
0: Iteration 375: loss=6.1159
0: Iteration 376: loss=6.9391
0: Iteration 377: loss=6.3178
0: Iteration 378: loss=6.1099
0: Iteration 379: loss=6.0534
0: Iteration 380: loss=6.7499
0: Iteration 381: loss=6.1511
0: Iteration 382: loss=6.6984
0: Iteration 383: loss=6.8817
0: Iteration 384: loss=6.4261
0: Iteration 385: loss=6.4377
0: Iteration 386: loss=6.0113
0: Iteration 387: loss=6.3885
0: Iteration 388: loss=6.8180
0: Iteration 389: loss=6.3245
0: Iteration 390: loss=6.6659
0: Iteration 391: loss=6.5235
0: Iteration 392: loss=6.7916
0: Iteration 393: loss=6.8472
0: Iteration 394: loss=5.9774
0: Iteration 395: loss=6.3564
0: Iteration 396: loss=6.3306
0: Iteration 397: loss=6.2985
0: Iteration 398: loss=7.0739
0: Iteration 399: loss=6.4288
0: Iteration 400: loss=6.5717
0: Iteration 401: loss=5.8060
0: Iteration 402: loss=6.5519
0: Iteration 403: loss=6.2052
0: Iteration 404: loss=7.0646
0: Iteration 405: loss=6.5860
0: Iteration 406: loss=6.4512
0: Iteration 407: loss=5.5083
0: Iteration 408: loss=6.1023
0: Iteration 409: loss=6.7249
0: Iteration 410: loss=6.5032
0: Iteration 411: loss=6.7088
0: Iteration 412: loss=6.3467
0: Iteration 413: loss=6.5021
0: Iteration 414: loss=6.8275
0: Iteration 415: loss=6.3284
0: Iteration 416: loss=6.4698
0: Iteration 417: loss=6.6998
0: Iteration 418: loss=6.6834
0: Iteration 419: loss=6.2875
0: Iteration 420: loss=6.0964
0: Iteration 421: loss=6.2731
0: Iteration 422: loss=6.7417
0: Iteration 423: loss=6.8568
0: Iteration 424: loss=6.5627
0: Iteration 425: loss=6.7522
0: Iteration 426: loss=6.6498
0: Iteration 427: loss=5.7498
0: Iteration 428: loss=5.6924
0: Iteration 429: loss=6.2219
0: Iteration 430: loss=6.3081
0: Iteration 431: loss=7.2091
0: Iteration 432: loss=6.4358
0: Iteration 433: loss=6.2224
0: Iteration 434: loss=5.5873
0: Iteration 435: loss=7.0824
0: Iteration 436: loss=7.0599
0: Iteration 437: loss=7.4582
0: Iteration 438: loss=7.4578
0: Iteration 439: loss=7.4504
0: Iteration 440: loss=6.8181
0: Iteration 441: loss=7.6002
0: Iteration 442: loss=6.9310
0: Iteration 443: loss=6.8915
0: Iteration 444: loss=7.4115
0: Iteration 445: loss=6.8144
0: Iteration 446: loss=7.0154
0: Iteration 447: loss=6.6983
0: Iteration 448: loss=6.6227
0: Iteration 449: loss=6.8214
0: Iteration 450: loss=7.0887
0: Iteration 451: loss=6.9113
0: Iteration 452: loss=6.5771
0: Iteration 453: loss=6.1830
0: Iteration 454: loss=6.6505
0: Iteration 455: loss=6.7725
0: Iteration 456: loss=6.8750
0: Iteration 457: loss=6.3313
0: Iteration 458: loss=6.2054
0: Iteration 459: loss=6.5993
0: Iteration 460: loss=6.5149
0: Iteration 461: loss=6.5270
0: Iteration 462: loss=6.4456
0: Iteration 463: loss=6.2594
0: Iteration 464: loss=6.4277
0: Iteration 465: loss=6.5557
0: Iteration 466: loss=6.8095
0: Iteration 467: loss=6.1503
0: Iteration 468: loss=6.5915
0: Iteration 469: loss=6.8223
0: Iteration 470: loss=6.0713
0: Iteration 471: loss=6.5783
0: Iteration 472: loss=6.5967
0: Iteration 473: loss=6.3754
0: Iteration 474: loss=6.3239
0: Iteration 475: loss=6.7679
0: Iteration 476: loss=6.7799
0: Iteration 477: loss=6.1224
0: Iteration 478: loss=6.5384
0: Iteration 479: loss=6.2503
0: Iteration 480: loss=6.8767
0: Iteration 481: loss=6.3191
0: Iteration 482: loss=6.6004
0: Iteration 483: loss=6.0782
0: Iteration 484: loss=7.0006
0: Iteration 485: loss=6.1241
0: Iteration 486: loss=6.8474
0: Iteration 487: loss=6.5843
0: Iteration 488: loss=6.3222
0: Iteration 489: loss=6.3253
0: Iteration 490: loss=6.2625
0: Iteration 491: loss=6.0187
0: Iteration 492: loss=5.9743
0: Iteration 493: loss=6.4205
0: Iteration 494: loss=5.7558
0: Iteration 495: loss=6.8601
0: Iteration 496: loss=6.7546
0: Iteration 497: loss=5.9789
0: Iteration 498: loss=7.1113
0: Iteration 499: loss=5.9916
0: Iteration 500: loss=6.2863
0: Iteration 501: loss=6.3602
0: Iteration 502: loss=6.5310
0: Iteration 503: loss=6.1667
0: Iteration 504: loss=6.3873
0: Iteration 505: loss=5.8084
0: Iteration 506: loss=6.2547
0: Iteration 507: loss=6.4833
0: Iteration 508: loss=6.4341
0: Iteration 509: loss=6.5067
0: Iteration 510: loss=6.4945
0: Iteration 511: loss=5.3944
0: Iteration 512: loss=6.6952
0: Iteration 513: loss=6.3177
0: Iteration 514: loss=6.5682
0: Iteration 515: loss=5.9944
0: Iteration 516: loss=7.3872
0: Iteration 517: loss=6.5742
0: Iteration 518: loss=6.6143
0: Iteration 519: loss=6.4501
0: Iteration 520: loss=6.3435
0: Iteration 521: loss=6.4705
0: Iteration 522: loss=6.3332
0: Iteration 523: loss=6.5564
0: Iteration 524: loss=6.2310
0: Iteration 525: loss=6.3648
0: Iteration 526: loss=5.7260
0: Iteration 527: loss=6.5188
0: Iteration 528: loss=5.9801
0: Iteration 529: loss=6.3310
0: Iteration 530: loss=6.0491
0: Iteration 531: loss=6.3762
0: Iteration 532: loss=6.1767
0: Iteration 533: loss=5.9580
0: Iteration 534: loss=5.9518
0: Iteration 535: loss=6.4625
0: Iteration 536: loss=6.9437
0: Iteration 537: loss=5.7684
0: Iteration 538: loss=6.2431
0: Iteration 539: loss=6.6332
0: Iteration 540: loss=5.9378
0: Iteration 541: loss=6.7665
0: Iteration 542: loss=5.7133
0: Iteration 543: loss=6.0962
0: Iteration 544: loss=6.1130
0: Iteration 545: loss=6.4050
0: Iteration 546: loss=6.0056
0: Iteration 547: loss=6.1076
0: Iteration 548: loss=6.2509
0: Iteration 549: loss=6.3910
0: Iteration 550: loss=6.4627
0: Iteration 551: loss=6.4794
0: Iteration 552: loss=6.0223
0: Iteration 553: loss=6.4744
0: Iteration 554: loss=6.3418
0: Iteration 555: loss=5.8434
0: Iteration 556: loss=6.2585
0: Iteration 557: loss=5.8713
0: Iteration 558: loss=6.3061
0: Iteration 559: loss=6.4717
0: Iteration 560: loss=6.0108
0: Iteration 561: loss=6.1306
0: Iteration 562: loss=6.2145
0: Iteration 563: loss=5.8540
0: Iteration 564: loss=6.0624
0: Iteration 565: loss=6.3138
0: Iteration 566: loss=6.2405
0: Iteration 567: loss=6.5599
0: Iteration 568: loss=6.3615
0: Iteration 569: loss=6.5111
0: Iteration 570: loss=6.5692
0: Iteration 571: loss=6.4038
0: Iteration 572: loss=6.8774
0: Iteration 573: loss=6.0663
0: Iteration 574: loss=6.5557
0: Iteration 575: loss=6.1309
0: Iteration 576: loss=6.3378
0: Iteration 577: loss=5.8693
0: Iteration 578: loss=6.0746
0: Iteration 579: loss=6.5452
0: Iteration 580: loss=5.9792
0: Iteration 581: loss=6.2443
0: Iteration 582: loss=6.3613
0: Iteration 583: loss=6.0663
0: Iteration 584: loss=6.3239
0: Iteration 585: loss=5.5335
0: Iteration 586: loss=6.2709
0: Iteration 587: loss=6.4109
0: Iteration 588: loss=6.4361
0: Iteration 589: loss=6.4959
0: Iteration 590: loss=6.3754
0: Iteration 591: loss=5.6433
0: Iteration 592: loss=6.3052
0: Iteration 593: loss=6.0894
0: Iteration 594: loss=7.0401
0: Iteration 595: loss=6.3370
0: Iteration 596: loss=5.5252
0: Iteration 597: loss=6.4243
0: Iteration 598: loss=5.5999
0: Iteration 599: loss=6.0547
0: Iteration 600: loss=6.1835
0: Iteration 601: loss=5.8829
0: Iteration 602: loss=5.9295
0: Iteration 603: loss=6.4219
0: Iteration 604: loss=6.1521
0: Iteration 605: loss=5.5620
0: Iteration 606: loss=5.1608
0: Iteration 607: loss=6.8967
0: Iteration 608: loss=5.6494
0: Iteration 609: loss=5.8963
0: Iteration 610: loss=6.6400
0: Iteration 611: loss=6.4891
0: Iteration 612: loss=6.3682
