0: Warning: The cache directory for DeepSpeed Triton autotune, /home/bigyang/.triton/autotune, appears to be on an NFS system. While this is generally acceptable, if you experience slowdowns or hanging when DeepSpeed exits, it is recommended to set the TRITON_CACHE_DIR environment variable to a non-NFS path.
0: Warning: The cache directory for DeepSpeed Triton autotune, /home/bigyang/.triton/autotune, appears to be on an NFS system. While this is generally acceptable, if you experience slowdowns or hanging when DeepSpeed exits, it is recommended to set the TRITON_CACHE_DIR environment variable to a non-NFS path.
0: Warning: The cache directory for DeepSpeed Triton autotune, /home/bigyang/.triton/autotune, appears to be on an NFS system. While this is generally acceptable, if you experience slowdowns or hanging when DeepSpeed exits, it is recommended to set the TRITON_CACHE_DIR environment variable to a non-NFS path.
1: Warning: The cache directory for DeepSpeed Triton autotune, /home/bigyang/.triton/autotune, appears to be on an NFS system. While this is generally acceptable, if you experience slowdowns or hanging when DeepSpeed exits, it is recommended to set the TRITON_CACHE_DIR environment variable to a non-NFS path.
1: Warning: The cache directory for DeepSpeed Triton autotune, /home/bigyang/.triton/autotune, appears to be on an NFS system. While this is generally acceptable, if you experience slowdowns or hanging when DeepSpeed exits, it is recommended to set the TRITON_CACHE_DIR environment variable to a non-NFS path.
1: Warning: The cache directory for DeepSpeed Triton autotune, /home/bigyang/.triton/autotune, appears to be on an NFS system. While this is generally acceptable, if you experience slowdowns or hanging when DeepSpeed exits, it is recommended to set the TRITON_CACHE_DIR environment variable to a non-NFS path.
1: Warning: The cache directory for DeepSpeed Triton autotune, /home/bigyang/.triton/autotune, appears to be on an NFS system. While this is generally acceptable, if you experience slowdowns or hanging when DeepSpeed exits, it is recommended to set the TRITON_CACHE_DIR environment variable to a non-NFS path.
0: Warning: The cache directory for DeepSpeed Triton autotune, /home/bigyang/.triton/autotune, appears to be on an NFS system. While this is generally acceptable, if you experience slowdowns or hanging when DeepSpeed exits, it is recommended to set the TRITON_CACHE_DIR environment variable to a non-NFS path.
0: local rank 1
0: 
0: local rank 2
0: 
0: local rank 3
0: 
0: local rank 0
0: 
1: local rank 3
1: 
1: local rank 2
1: 
1: local rank 1
1: 
1: local rank 0
1: 
1: [Rank 7] Loading wikitext dataset...
1: [Rank 4] Loading wikitext dataset...
0: [Rank 3] Loading wikitext dataset...
0: [Rank 0] Loading wikitext dataset...
0: [Rank 1] Loading wikitext dataset...
0: [Rank 2] Loading wikitext dataset...
1: [Rank 5] Loading wikitext dataset...
1: [Rank 6] Loading wikitext dataset...
1: [Rank 7] Packed dataset: 5671 chunks of 1024 tokens
1: [Rank 7] Creating model with hidden_dim=2048, num_layers=32, num_heads=16, vocab_size=128000
1: [Rank 6] Packed dataset: 5671 chunks of 1024 tokens
1: [Rank 5] Packed dataset: 5671 chunks of 1024 tokens
1: [Rank 4] Packed dataset: 5671 chunks of 1024 tokens
1: [Rank 5] Creating model with hidden_dim=2048, num_layers=32, num_heads=16, vocab_size=128000
1: [Rank 6] Creating model with hidden_dim=2048, num_layers=32, num_heads=16, vocab_size=128000
1: [Rank 4] Creating model with hidden_dim=2048, num_layers=32, num_heads=16, vocab_size=128000
0: [Rank 1] Packed dataset: 5671 chunks of 1024 tokens
0: [Rank 2] Packed dataset: 5671 chunks of 1024 tokens
0: [Rank 3] Packed dataset: 5671 chunks of 1024 tokens
0: [Rank 1] Creating model with hidden_dim=2048, num_layers=32, num_heads=16, vocab_size=128000
0: [Rank 0] Packed dataset: 5671 chunks of 1024 tokens
0: [Rank 2] Creating model with hidden_dim=2048, num_layers=32, num_heads=16, vocab_size=128000
0: [Rank 3] Creating model with hidden_dim=2048, num_layers=32, num_heads=16, vocab_size=128000
0: [Rank 0] Creating model with hidden_dim=2048, num_layers=32, num_heads=16, vocab_size=128000
0: [Rank 1] Model parameters: 8,030,261,248 total, 8,030,261,248 trainable
0: [Rank 1] Activation checkpointing enabled
0: [Rank 2] Model parameters: 8,030,261,248 total, 8,030,261,248 trainable
0: [Rank 2] Activation checkpointing enabled
1: [Rank 7] Model parameters: 8,030,261,248 total, 8,030,261,248 trainable
1: [Rank 7] Activation checkpointing enabled
1: [Rank 6] Model parameters: 8,030,261,248 total, 8,030,261,248 trainable
1: [Rank 6] Activation checkpointing enabled
1: [Rank 4] Model parameters: 8,030,261,248 total, 8,030,261,248 trainable
1: [Rank 4] Activation checkpointing enabled
1: [Rank 5] Model parameters: 8,030,261,248 total, 8,030,261,248 trainable
1: [Rank 5] Activation checkpointing enabled
0: [Rank 3] Model parameters: 8,030,261,248 total, 8,030,261,248 trainable
0: [Rank 3] Activation checkpointing enabled
0: [Rank 0] Model parameters: 8,030,261,248 total, 8,030,261,248 trainable
0: [Rank 0] Activation checkpointing enabled
0: Before initializing optimizer states
0: MA 18.7 GB         Max_MA 29.92 GB         CA 35.65 GB         Max_CA 36 GB 
0: CPU Virtual Memory:  used = 20.26 GB, percent = 2.0%
0: [Rank 2] DeepSpeed initialized with config: configs/baseline.json
0: [Rank 2] Memory after init: allocated=18.70 GB, reserved=22.44 GB
0: [Rank 3] DeepSpeed initialized with config: configs/baseline.json
0: [Rank 3] Memory after init: allocated=18.70 GB, reserved=22.44 GB
0: [Rank 1] DeepSpeed initialized with config: configs/baseline.json
0: [Rank 1] Memory after init: allocated=18.70 GB, reserved=22.44 GB
0: After initializing optimizer states
0: MA 18.7 GB         Max_MA 22.44 GB         CA 22.44 GB         Max_CA 36 GB 
0: CPU Virtual Memory:  used = 20.43 GB, percent = 2.0%
0: After initializing ZeRO optimizer
0: MA 18.7 GB         Max_MA 18.7 GB         CA 22.44 GB         Max_CA 22 GB 
0: CPU Virtual Memory:  used = 20.45 GB, percent = 2.0%
0: [Rank 0] DeepSpeed initialized with config: configs/baseline.json
0: [Rank 0] Memory after init: allocated=18.70 GB, reserved=22.44 GB
1: [Rank 6] DeepSpeed initialized with config: configs/baseline.json
1: [Rank 6] Memory after init: allocated=18.70 GB, reserved=22.44 GB
1: [Rank 5] DeepSpeed initialized with config: configs/baseline.json
1: [Rank 5] Memory after init: allocated=18.70 GB, reserved=22.44 GB
1: [Rank 7] DeepSpeed initialized with config: configs/baseline.json
1: [Rank 7] Memory after init: allocated=18.70 GB, reserved=22.44 GB
1: [Rank 4] DeepSpeed initialized with config: configs/baseline.json
1: [Rank 4] Memory after init: allocated=18.70 GB, reserved=22.44 GB
0: [Rank 1] Step 0: loss=2.6914, time=5.201s, alloc_mem=26.44 GB, peak_mem=30.18 GB
1: [Rank 4] Step 0: loss=1.8188, time=4.134s, alloc_mem=26.44 GB, peak_mem=30.18 GB
0: [Rank 3] Step 0: loss=2.3721, time=5.224s, alloc_mem=26.44 GB, peak_mem=30.18 GB[Rank 0] Step 0: loss=2.1224, time=4.669s, alloc_mem=26.44 GB, peak_mem=30.18 GB
0: 
0: [Rank 2] Step 0: loss=2.4640, time=5.230s, alloc_mem=26.44 GB, peak_mem=30.18 GB
1: [Rank 5] Step 0: loss=2.5677, time=4.143s, alloc_mem=26.44 GB, peak_mem=30.18 GB
1: [Rank 7] Step 0: loss=2.2275, time=4.135s, alloc_mem=26.44 GB, peak_mem=30.18 GB
1: [Rank 6] Step 0: loss=2.4652, time=4.146s, alloc_mem=26.44 GB, peak_mem=30.18 GB
1: [Rank 5] Step 5: loss=21.5500, time=5.768s, alloc_mem=26.44 GB, peak_mem=34.08 GB
0: [Rank 0] Step 5: loss=22.2981, time=5.768s, alloc_mem=26.44 GB, peak_mem=34.03 GB
0: [Rank 3] Step 5: loss=21.9748, time=5.768s, alloc_mem=26.44 GB, peak_mem=34.03 GB
1: [Rank 6] Step 5: loss=23.1486, time=5.768s, alloc_mem=26.44 GB, peak_mem=34.00 GB[Rank 7] Step 5: loss=24.4987, time=5.768s, alloc_mem=26.44 GB, peak_mem=33.95 GB
1: 
0: [Rank 1] Step 5: loss=22.0204, time=5.768s, alloc_mem=26.44 GB, peak_mem=34.00 GB
1: [Rank 4] Step 5: loss=23.2496, time=5.768s, alloc_mem=26.44 GB, peak_mem=33.97 GB
0: [Rank 2] Step 5: loss=22.8805, time=5.768s, alloc_mem=26.44 GB, peak_mem=33.97 GB
0: [Rank 0] Step 10: loss=24.1714, time=5.847s, alloc_mem=26.44 GB, peak_mem=34.03 GB
1: [Rank 5] Step 10: loss=24.0123, time=5.847s, alloc_mem=26.44 GB, peak_mem=34.08 GB
0: [Rank 2] Step 10: loss=25.1220, time=5.848s, alloc_mem=26.44 GB, peak_mem=33.97 GB
1: [Rank 6] Step 10: loss=24.4043, time=5.848s, alloc_mem=26.44 GB, peak_mem=34.00 GB
0: [Rank 1] Step 10: loss=22.4764, time=5.848s, alloc_mem=26.44 GB, peak_mem=34.00 GB
1: [Rank 7] Step 10: loss=24.7632, time=5.847s, alloc_mem=26.44 GB, peak_mem=33.95 GB
1: [Rank 4] Step 10: loss=23.1183, time=5.847s, alloc_mem=26.44 GB, peak_mem=33.97 GB
0: [Rank 3] Step 10: loss=24.8279, time=5.848s, alloc_mem=26.44 GB, peak_mem=34.03 GB
0: [Rank 0] Step 15: loss=21.3819, time=5.758s, alloc_mem=26.44 GB, peak_mem=34.03 GB
0: [Rank 3] Step 15: loss=21.4069, time=5.758s, alloc_mem=26.44 GB, peak_mem=34.03 GB
1: [Rank 6] Step 15: loss=23.8960, time=5.758s, alloc_mem=26.44 GB, peak_mem=34.00 GB
1: [Rank 5] Step 15: loss=21.3844, time=5.758s, alloc_mem=26.44 GB, peak_mem=34.08 GB
0: [Rank 2] Step 15: loss=20.9750, time=5.758s, alloc_mem=26.44 GB, peak_mem=33.97 GB
1: [Rank 7] Step 15: loss=21.4764, time=5.758s, alloc_mem=26.44 GB, peak_mem=33.95 GB
0: [Rank 1] Step 15: loss=22.4689, time=5.759s, alloc_mem=26.44 GB, peak_mem=34.00 GB
1: [Rank 4] Step 15: loss=22.9170, time=5.759s, alloc_mem=26.44 GB, peak_mem=33.97 GB
1: [Rank 5] Step 20: loss=21.4135, time=5.864s, alloc_mem=26.44 GB, peak_mem=34.08 GB
0: [Rank 0] Step 20: loss=20.7450, time=5.864s, alloc_mem=26.44 GB, peak_mem=34.03 GB
0: [Rank 3] Step 20: loss=25.0432, time=5.864s, alloc_mem=26.44 GB, peak_mem=34.03 GB
0: [Rank 2] Step 20: loss=21.5809, time=5.864s, alloc_mem=26.44 GB, peak_mem=33.97 GB
1: [Rank 7] Step 20: loss=21.2235, time=5.864s, alloc_mem=26.44 GB, peak_mem=33.95 GB
0: [Rank 1] Step 20: loss=18.0533, time=5.864s, alloc_mem=26.44 GB, peak_mem=34.00 GB
1: [Rank 6] Step 20: loss=19.3203, time=5.864s, alloc_mem=26.44 GB, peak_mem=34.00 GB
1: [Rank 4] Step 20: loss=20.2416, time=5.864s, alloc_mem=26.44 GB, peak_mem=33.97 GB
0: [Rank 0] Step 25: loss=19.7323, time=5.797s, alloc_mem=26.44 GB, peak_mem=34.03 GB
1: [Rank 6] Step 25: loss=18.2439, time=5.797s, alloc_mem=26.44 GB, peak_mem=34.00 GB
1: [Rank 5] Step 25: loss=19.7978, time=5.797s, alloc_mem=26.44 GB, peak_mem=34.08 GB
1: [Rank 7] Step 25: loss=19.3659, time=5.797s, alloc_mem=26.44 GB, peak_mem=33.95 GB
1: [Rank 4] Step 25: loss=19.7041, time=5.797s, alloc_mem=26.44 GB, peak_mem=33.97 GB
0: [Rank 3] Step 25: loss=20.4483, time=5.797s, alloc_mem=26.44 GB, peak_mem=34.03 GB
0: [Rank 1] Step 25: loss=18.6055, time=5.797s, alloc_mem=26.44 GB, peak_mem=34.00 GB
0: [Rank 2] Step 25: loss=19.1315, time=5.797s, alloc_mem=26.44 GB, peak_mem=33.97 GB
0: [Rank 2] Step 30: loss=15.8106, time=5.748s, alloc_mem=26.44 GB, peak_mem=33.97 GB
0: [Rank 3] Step 30: loss=17.3166, time=5.748s, alloc_mem=26.44 GB, peak_mem=34.03 GB
1: [Rank 6] Step 30: loss=18.0742, time=5.748s, alloc_mem=26.44 GB, peak_mem=34.00 GB[Rank 7] Step 30: loss=16.8731, time=5.748s, alloc_mem=26.44 GB, peak_mem=33.95 GB
1: 
0: [Rank 1] Step 30: loss=16.0256, time=5.748s, alloc_mem=26.44 GB, peak_mem=34.00 GB
0: [Rank 0] Step 30: loss=16.0799, time=5.748s, alloc_mem=26.44 GB, peak_mem=34.03 GB
1: [Rank 4] Step 30: loss=17.0569, time=5.748s, alloc_mem=26.44 GB, peak_mem=33.97 GB
1: [Rank 5] Step 30: loss=16.2387, time=5.749s, alloc_mem=26.44 GB, peak_mem=34.08 GB
1: [Rank 5] Step 35: loss=18.3203, time=5.760s, alloc_mem=26.44 GB, peak_mem=34.08 GB
1: [Rank 6] Step 35: loss=19.0644, time=5.760s, alloc_mem=26.44 GB, peak_mem=34.00 GB
0: [Rank 0] Step 35: loss=16.6665, time=5.760s, alloc_mem=26.44 GB, peak_mem=34.03 GB
0: [Rank 3] Step 35: loss=17.6118, time=5.760s, alloc_mem=26.44 GB, peak_mem=34.03 GB
0: [Rank 2] Step 35: loss=19.2091, time=5.760s, alloc_mem=26.44 GB, peak_mem=33.97 GB
0: [Rank 1] Step 35: loss=18.6365, time=5.760s, alloc_mem=26.44 GB, peak_mem=34.00 GB
1: [Rank 7] Step 35: loss=17.2154, time=5.760s, alloc_mem=26.44 GB, peak_mem=33.95 GB
1: [Rank 4] Step 35: loss=17.9284, time=5.760s, alloc_mem=26.44 GB, peak_mem=33.97 GB
0: [Rank 0] Step 40: loss=16.4823, time=5.842s, alloc_mem=26.44 GB, peak_mem=34.03 GB
0: [Rank 3] Step 40: loss=17.1647, time=5.842s, alloc_mem=26.44 GB, peak_mem=34.03 GB
1: [Rank 5] Step 40: loss=17.2644, time=5.842s, alloc_mem=26.44 GB, peak_mem=34.08 GB
0: [Rank 2] Step 40: loss=16.7384, time=5.842s, alloc_mem=26.44 GB, peak_mem=33.97 GB
1: [Rank 7] Step 40: loss=16.0607, time=5.842s, alloc_mem=26.44 GB, peak_mem=33.95 GB
1: [Rank 6] Step 40: loss=15.9183, time=5.842s, alloc_mem=26.44 GB, peak_mem=34.00 GB
1: [Rank 4] Step 40: loss=16.6732, time=5.842s, alloc_mem=26.44 GB, peak_mem=33.97 GB
0: [Rank 1] Step 40: loss=14.5853, time=5.842s, alloc_mem=26.44 GB, peak_mem=34.00 GB
1: [Rank 5] Step 45: loss=13.9848, time=5.840s, alloc_mem=26.44 GB, peak_mem=34.08 GB
0: [Rank 0] Step 45: loss=13.2853, time=5.840s, alloc_mem=26.44 GB, peak_mem=34.03 GB
0: [Rank 3] Step 45: loss=13.1394, time=5.840s, alloc_mem=26.44 GB, peak_mem=34.03 GB
1: [Rank 6] Step 45: loss=14.3856, time=5.840s, alloc_mem=26.44 GB, peak_mem=34.00 GB
0: [Rank 1] Step 45: loss=14.3679, time=5.840s, alloc_mem=26.44 GB, peak_mem=34.00 GB
1: [Rank 7] Step 45: loss=13.9469, time=5.840s, alloc_mem=26.44 GB, peak_mem=33.95 GB
1: [Rank 4] Step 45: loss=20.0532, time=5.840s, alloc_mem=26.44 GB, peak_mem=33.97 GB
0: [Rank 2] Step 45: loss=13.7984, time=5.840s, alloc_mem=26.44 GB, peak_mem=33.97 GB
