Warning: The cache directory for DeepSpeed Triton autotune, /home/bigyang/.triton/autotune, appears to be on an NFS system. While this is generally acceptable, if you experience slowdowns or hanging when DeepSpeed exits, it is recommended to set the TRITON_CACHE_DIR environment variable to a non-NFS path.
[2026-01-23 16:00:59,824] [WARNING] [runner.py:232:fetch_hostfile] Unable to find hostfile, will proceed with training with local resources only.
Detected VISIBLE_DEVICES=0,1 but ignoring it because one or several of --include/--exclude/--num_gpus/--num_nodes cl args were used. If you want to use CUDA_VISIBLE_DEVICES don't pass any of these arguments to deepspeed.
[2026-01-23 16:00:59,824] [INFO] [runner.py:630:main] cmd = /home/bigyang/micromamba/envs/ds-hf/bin/python -u -m deepspeed.launcher.launch --world_info=eyJsb2NhbGhvc3QiOiBbMCwgMV19 --master_addr=127.0.0.1 --master_port=29600 --enable_each_rank_log=None --log_level=info train2.py --deepspeed_config configs/baseline.json --loss_log_file logs/baseline_loss.csv --num_layers 12 --hidden_dim 1024 --batch_size 8 --seq_length 512 --num_steps 100 --warmup_steps 5 --activation_checkpointing --use_real_data --seed 42
Warning: The cache directory for DeepSpeed Triton autotune, /home/bigyang/.triton/autotune, appears to be on an NFS system. While this is generally acceptable, if you experience slowdowns or hanging when DeepSpeed exits, it is recommended to set the TRITON_CACHE_DIR environment variable to a non-NFS path.
[2026-01-23 16:01:04,613] [INFO] [launch.py:162:main] WORLD INFO DICT: {'localhost': [0, 1]}
[2026-01-23 16:01:04,613] [INFO] [launch.py:168:main] nnodes=1, num_local_procs=2, node_rank=0
[2026-01-23 16:01:04,613] [INFO] [launch.py:179:main] global_rank_mapping=defaultdict(<class 'list'>, {'localhost': [0, 1]})
[2026-01-23 16:01:04,613] [INFO] [launch.py:180:main] dist_world_size=2
[2026-01-23 16:01:04,613] [INFO] [launch.py:184:main] Setting CUDA_VISIBLE_DEVICES=0,1
[2026-01-23 16:01:04,614] [INFO] [launch.py:272:main] process 2263682 spawned with command: ['/home/bigyang/micromamba/envs/ds-hf/bin/python', '-u', 'train2.py', '--local_rank=0', '--deepspeed_config', 'configs/baseline.json', '--loss_log_file', 'logs/baseline_loss.csv', '--num_layers', '12', '--hidden_dim', '1024', '--batch_size', '8', '--seq_length', '512', '--num_steps', '100', '--warmup_steps', '5', '--activation_checkpointing', '--use_real_data', '--seed', '42']
[2026-01-23 16:01:04,615] [INFO] [launch.py:272:main] process 2263683 spawned with command: ['/home/bigyang/micromamba/envs/ds-hf/bin/python', '-u', 'train2.py', '--local_rank=1', '--deepspeed_config', 'configs/baseline.json', '--loss_log_file', 'logs/baseline_loss.csv', '--num_layers', '12', '--hidden_dim', '1024', '--batch_size', '8', '--seq_length', '512', '--num_steps', '100', '--warmup_steps', '5', '--activation_checkpointing', '--use_real_data', '--seed', '42']
Warning: The cache directory for DeepSpeed Triton autotune, /home/bigyang/.triton/autotune, appears to be on an NFS system. While this is generally acceptable, if you experience slowdowns or hanging when DeepSpeed exits, it is recommended to set the TRITON_CACHE_DIR environment variable to a non-NFS path.
Warning: The cache directory for DeepSpeed Triton autotune, /home/bigyang/.triton/autotune, appears to be on an NFS system. While this is generally acceptable, if you experience slowdowns or hanging when DeepSpeed exits, it is recommended to set the TRITON_CACHE_DIR environment variable to a non-NFS path.
[Rank 0] Loading wikitext dataset...
[Rank 1] Loading wikitext dataset...
Warning: You are sending unauthenticated requests to the HF Hub. Please set a HF_TOKEN to enable higher rate limits and faster downloads.
[Rank 0] Dataset loaded: 39531 examples, vocab_size=50257
[Rank 1] Dataset loaded: 39531 examples, vocab_size=50257
[Rank 0] Creating model with hidden_dim=1024, num_layers=12, num_heads=16, vocab_size=50257
[Rank 1] Creating model with hidden_dim=1024, num_layers=12, num_heads=16, vocab_size=50257
[Rank 1] Model parameters: 254,655,569 total, 254,655,569 trainable
[Rank 1] Activation checkpointing enabled
[Rank 0] Model parameters: 254,655,569 total, 254,655,569 trainable
[Rank 0] Activation checkpointing enabled
/home/bigyang/micromamba/envs/ds-hf/lib/python3.11/site-packages/torch/utils/cpp_extension.py:1964: UserWarning: TORCH_CUDA_ARCH_LIST is not set, all archs for visible cards are included for compilation. 
If this is not desired, please set os.environ['TORCH_CUDA_ARCH_LIST'].
  warnings.warn(
Stage 3 initialize beginning
MA 0.47 GB         Max_MA 0.47 GB         CA 0.51 GB         Max_CA 1 GB 
CPU Virtual Memory:  used = 375.32 GB, percent = 18.6%
DeepSpeedZeRoOffload initialize [begin]
MA 0.47 GB         Max_MA 0.67 GB         CA 0.7 GB         Max_CA 1 GB 
CPU Virtual Memory:  used = 375.43 GB, percent = 18.6%
Parameter Offload - Persistent parameters statistics: param_count = 0, numel = 0
DeepSpeedZeRoOffload initialize [end]
MA 0.24 GB         Max_MA 0.52 GB         CA 0.71 GB         Max_CA 1 GB 
CPU Virtual Memory:  used = 375.43 GB, percent = 18.6%
Before creating fp16 partitions
MA 0.24 GB         Max_MA 0.24 GB         CA 0.71 GB         Max_CA 1 GB 
CPU Virtual Memory:  used = 375.43 GB, percent = 18.6%
After creating fp16 partitions: 1
MA 0.24 GB         Max_MA 0.24 GB         CA 0.24 GB         Max_CA 1 GB 
CPU Virtual Memory:  used = 375.43 GB, percent = 18.6%
Before creating fp32 partitions
MA 0.24 GB         Max_MA 0.24 GB         CA 0.24 GB         Max_CA 0 GB 
CPU Virtual Memory:  used = 375.43 GB, percent = 18.6%
After creating fp32 partitions
MA 0.71 GB         Max_MA 1.19 GB         CA 1.19 GB         Max_CA 1 GB 
CPU Virtual Memory:  used = 375.48 GB, percent = 18.6%
Before initializing optimizer states
MA 0.71 GB         Max_MA 0.71 GB         CA 1.19 GB         Max_CA 1 GB 
CPU Virtual Memory:  used = 375.6 GB, percent = 18.6%
[Rank 0] time (ms) | init_optimizer_state: 0.00
After initializing optimizer states
MA 0.71 GB         Max_MA 1.19 GB         CA 1.19 GB         Max_CA 1 GB 
CPU Virtual Memory:  used = 375.72 GB, percent = 18.6%
[Rank 1] DeepSpeed initialized with config: configs/baseline.json
[Rank 1] Memory after init: allocated=1.04 GB, reserved=1.29 GB
After initializing ZeRO optimizer
MA 1.04 GB         Max_MA 1.23 GB         CA 1.29 GB         Max_CA 1 GB 
CPU Virtual Memory:  used = 375.85 GB, percent = 18.7%
[Rank 0] DeepSpeed initialized with config: configs/baseline.json
[Rank 0] Memory after init: allocated=1.04 GB, reserved=1.29 GB
[Rank 0] time (ms) | optimizer_step: 3.17
[Rank 0] time (ms) | fwd_microstep: 146.53 | bwd_microstep: 123.98 | bwd_inner_microstep: 123.15 | bwd_allreduce_microstep: 0.76 | step_microstep: 44.02
[Rank 0] time (ms) | fwd: 146.51 | bwd: 123.99 | bwd_inner: 123.16 | bwd_allreduce: 0.76 | step: 44.02
[Rank 0] Step 0: loss=11.5625, time=0.545s, alloc_mem=2.44 GB, peak_mem=2.91 GB
[Rank 1] Step 0: loss=11.5000, time=0.693s, alloc_mem=2.44 GB, peak_mem=2.91 GB
[Rank 0] time (ms) | optimizer_step: 2.47
[Rank 0] time (ms) | fwd_microstep: 127.49 | bwd_microstep: 125.29 | bwd_inner_microstep: 117.92 | bwd_allreduce_microstep: 7.30 | step_microstep: 6.05
[Rank 0] time (ms) | fwd: 127.48 | bwd: 125.29 | bwd_inner: 117.94 | bwd_allreduce: 7.31 | step: 6.06
[Rank 0] time (ms) | optimizer_step: 2.45
[Rank 0] time (ms) | fwd_microstep: 33.12 | bwd_microstep: 53.33 | bwd_inner_microstep: 51.32 | bwd_allreduce_microstep: 1.96 | step_microstep: 6.02
[Rank 0] time (ms) | fwd: 33.11 | bwd: 53.33 | bwd_inner: 51.34 | bwd_allreduce: 1.96 | step: 6.02
[Rank 0] time (ms) | optimizer_step: 2.46
[Rank 0] time (ms) | fwd_microstep: 33.87 | bwd_microstep: 56.49 | bwd_inner_microstep: 53.46 | bwd_allreduce_microstep: 2.99 | step_microstep: 6.02
[Rank 0] time (ms) | fwd: 33.86 | bwd: 56.50 | bwd_inner: 53.47 | bwd_allreduce: 2.98 | step: 6.02
[Rank 0] time (ms) | optimizer_step: 2.46
[Rank 0] time (ms) | fwd_microstep: 33.03 | bwd_microstep: 52.86 | bwd_inner_microstep: 50.85 | bwd_allreduce_microstep: 1.96 | step_microstep: 6.06
[Rank 0] time (ms) | fwd: 33.02 | bwd: 52.87 | bwd_inner: 50.86 | bwd_allreduce: 1.96 | step: 6.06
[Rank 0] time (ms) | optimizer_step: 2.63
[Rank 0] time (ms) | fwd_microstep: 37.39 | bwd_microstep: 64.49 | bwd_inner_microstep: 62.10 | bwd_allreduce_microstep: 2.33 | step_microstep: 7.33
[Rank 0] time (ms) | fwd: 37.38 | bwd: 64.50 | bwd_inner: 62.12 | bwd_allreduce: 2.33 | step: 7.33
Local>>>>>> step_time: 0.11158561706542969, dataloading_time : 0.0007300376892089844,forward_time :0.0325162410736084, backward_time: 0.0706181526184082, optim time :0.007719278335571289
Local>>>>>> step_time: 0.11342501640319824, dataloading_time : 0.0007958412170410156,forward_time :0.0340578556060791, backward_time: 0.07078242301940918, optim time :0.007786989212036133
[Rank 0] Step 5: loss=3.4531, time=0.112s, alloc_mem=2.44 GB, peak_mem=4.16 GB
[Rank 1] Step 5: loss=2.8438, time=0.113s, alloc_mem=2.44 GB, peak_mem=4.16 GB
[Rank 0] time (ms) | optimizer_step: 3.35
[Rank 0] time (ms) | fwd_microstep: 38.57 | bwd_microstep: 64.34 | bwd_inner_microstep: 62.16 | bwd_allreduce_microstep: 2.12 | step_microstep: 8.09
[Rank 0] time (ms) | fwd: 38.56 | bwd: 64.35 | bwd_inner: 62.18 | bwd_allreduce: 2.12 | step: 8.09
Local>>>>>> step_time: 0.11368966102600098, dataloading_time : 0.0010685920715332031,forward_time :0.03372812271118164, backward_time: 0.07043600082397461, optim time :0.008455514907836914
Local>>>>>> step_time: 0.11410331726074219, dataloading_time : 0.001552581787109375,forward_time :0.033235788345336914, backward_time: 0.0704951286315918, optim time :0.008817911148071289
[Rank 0] time (ms) | optimizer_step: 2.64
[Rank 0] time (ms) | fwd_microstep: 37.43 | bwd_microstep: 65.73 | bwd_inner_microstep: 62.14 | bwd_allreduce_microstep: 3.53 | step_microstep: 7.41
[Rank 0] time (ms) | fwd: 37.42 | bwd: 65.73 | bwd_inner: 62.15 | bwd_allreduce: 3.53 | step: 7.41
Local>>>>>> step_time: 0.11281490325927734, dataloading_time : 0.0006260871887207031,forward_time :0.03254079818725586, backward_time: 0.07186651229858398, optim time :0.0077800750732421875
Local>>>>>> step_time: 0.1124870777130127, dataloading_time : 0.00078582763671875,forward_time :0.03343653678894043, backward_time: 0.07044553756713867, optim time :0.007817983627319336
[Rank 0] time (ms) | optimizer_step: 2.68
[Rank 0] time (ms) | fwd_microstep: 36.88 | bwd_microstep: 64.83 | bwd_inner_microstep: 61.51 | bwd_allreduce_microstep: 3.27 | step_microstep: 8.79
[Rank 0] time (ms) | fwd: 36.88 | bwd: 64.84 | bwd_inner: 61.52 | bwd_allreduce: 3.27 | step: 8.79
Local>>>>>> step_time: 0.11349773406982422, dataloading_time : 0.0013773441314697266,forward_time :0.0319828987121582, backward_time: 0.07097697257995605, optim time :0.009159088134765625
Local>>>>>> step_time: 0.11343550682067871, dataloading_time : 0.0011091232299804688,forward_time :0.03324532508850098, backward_time: 0.06994366645812988, optim time :0.009135961532592773
[Rank 0] time (ms) | optimizer_step: 2.64
[Rank 0] time (ms) | fwd_microstep: 37.15 | bwd_microstep: 65.23 | bwd_inner_microstep: 61.81 | bwd_allreduce_microstep: 3.36 | step_microstep: 7.36
[Rank 0] time (ms) | fwd: 37.14 | bwd: 65.24 | bwd_inner: 61.82 | bwd_allreduce: 3.36 | step: 7.36
Local>>>>>> step_time: 0.11258578300476074, dataloading_time : 0.0009205341339111328,forward_time :0.0322566032409668, backward_time: 0.07136940956115723, optim time :0.008037805557250977
Local>>>>>> step_time: 0.11262941360473633, dataloading_time : 0.001012563705444336,forward_time :0.033164024353027344, backward_time: 0.07037830352783203, optim time :0.00807332992553711
[Rank 0] time (ms) | optimizer_step: 2.95
[Rank 0] time (ms) | fwd_microstep: 43.29 | bwd_microstep: 79.54 | bwd_inner_microstep: 77.55 | bwd_allreduce_microstep: 1.94 | step_microstep: 9.00
[Rank 0] time (ms) | fwd: 43.28 | bwd: 79.55 | bwd_inner: 77.57 | bwd_allreduce: 1.94 | step: 9.00
Local>>>>>> step_time: 0.13460421562194824, dataloading_time : 0.0011289119720458984,forward_time :0.03841114044189453, backward_time: 0.08566427230834961, optim time :0.009398460388183594
Local>>>>>> step_time: 0.134598970413208, dataloading_time : 0.0008184909820556641,forward_time :0.03947186470031738, backward_time: 0.08481144905090332, optim time :0.009495973587036133
[Rank 0] Step 10: loss=3.2188, time=0.135s, alloc_mem=2.44 GB, peak_mem=4.16 GB
[Rank 1] Step 10: loss=3.2031, time=0.135s, alloc_mem=2.44 GB, peak_mem=4.16 GB
[Rank 0] time (ms) | optimizer_step: 2.96
[Rank 0] time (ms) | fwd_microstep: 43.42 | bwd_microstep: 81.51 | bwd_inner_microstep: 79.13 | bwd_allreduce_microstep: 2.30 | step_microstep: 10.22
[Rank 0] time (ms) | fwd: 43.41 | bwd: 81.51 | bwd_inner: 79.16 | bwd_allreduce: 2.31 | step: 10.22
Local>>>>>> step_time: 0.13770246505737305, dataloading_time : 0.0009603500366210938,forward_time :0.038568735122680664, backward_time: 0.08759880065917969, optim time :0.010572671890258789
Local>>>>>> step_time: 0.13775300979614258, dataloading_time : 0.000942230224609375,forward_time :0.0396728515625, backward_time: 0.08643579483032227, optim time :0.01070094108581543
[Rank 0] time (ms) | optimizer_step: 2.91
[Rank 0] time (ms) | fwd_microstep: 43.40 | bwd_microstep: 82.13 | bwd_inner_microstep: 78.34 | bwd_allreduce_microstep: 3.73 | step_microstep: 8.97
[Rank 0] time (ms) | fwd: 43.39 | bwd: 82.14 | bwd_inner: 78.36 | bwd_allreduce: 3.73 | step: 8.98
Local>>>>>> step_time: 0.1368410587310791, dataloading_time : 0.0008816719055175781,forward_time :0.03959178924560547, backward_time: 0.08704853057861328, optim time :0.009318113327026367
Local>>>>>> step_time: 0.13698840141296387, dataloading_time : 0.0008847713470458984,forward_time :0.03855180740356445, backward_time: 0.08822059631347656, optim time :0.009329557418823242
[Rank 0] time (ms) | optimizer_step: 2.90
[Rank 0] time (ms) | fwd_microstep: 44.89 | bwd_microstep: 81.68 | bwd_inner_microstep: 78.75 | bwd_allreduce_microstep: 2.87 | step_microstep: 8.97
[Rank 0] time (ms) | fwd: 44.88 | bwd: 81.68 | bwd_inner: 78.76 | bwd_allreduce: 2.87 | step: 8.97
Local>>>>>> step_time: 0.13816046714782715, dataloading_time : 0.0010075569152832031,forward_time :0.04007434844970703, backward_time: 0.0877373218536377, optim time :0.00933980941772461
Local>>>>>> step_time: 0.13820767402648926, dataloading_time : 0.0009953975677490234,forward_time :0.040930747985839844, backward_time: 0.08690166473388672, optim time :0.009378194808959961
[Rank 0] time (ms) | optimizer_step: 2.91
[Rank 0] time (ms) | fwd_microstep: 43.24 | bwd_microstep: 82.81 | bwd_inner_microstep: 79.66 | bwd_allreduce_microstep: 3.03 | step_microstep: 9.03
[Rank 0] time (ms) | fwd: 43.24 | bwd: 82.81 | bwd_inner: 79.71 | bwd_allreduce: 3.03 | step: 9.03
Local>>>>>> step_time: 0.13772916793823242, dataloading_time : 0.0010318756103515625,forward_time :0.03845810890197754, backward_time: 0.08884549140930176, optim time :0.009392261505126953
Local>>>>>> step_time: 0.13770318031311035, dataloading_time : 0.0010178089141845703,forward_time :0.03937530517578125, backward_time: 0.08789610862731934, optim time :0.00941324234008789
[Rank 0] time (ms) | optimizer_step: 2.94
[Rank 0] time (ms) | fwd_microstep: 43.42 | bwd_microstep: 83.34 | bwd_inner_microstep: 79.52 | bwd_allreduce_microstep: 3.72 | step_microstep: 9.07
[Rank 0] time (ms) | fwd: 43.41 | bwd: 83.34 | bwd_inner: 79.57 | bwd_allreduce: 3.73 | step: 9.07
Local>>>>>> step_time: 1.7562010288238525, dataloading_time : 0.0009982585906982422,forward_time :0.03857994079589844, backward_time: 0.08943724632263184, optim time :1.627183198928833
[Rank 0] Step 15: loss=2.7812, time=1.756s, alloc_mem=2.44 GB, peak_mem=4.16 GB
Local>>>>>> step_time: 1.7578411102294922, dataloading_time : 0.0010259151458740234,forward_time :0.03957200050354004, backward_time: 0.08839154243469238, optim time :1.6288492679595947
[Rank 1] Step 15: loss=2.3750, time=1.758s, alloc_mem=2.44 GB, peak_mem=4.16 GB
[Rank 0] time (ms) | optimizer_step: 2.62
[Rank 0] time (ms) | fwd_microstep: 37.99 | bwd_microstep: 64.38 | bwd_inner_microstep: 59.89 | bwd_allreduce_microstep: 4.42 | step_microstep: 7.05
[Rank 0] time (ms) | fwd: 37.98 | bwd: 64.39 | bwd_inner: 59.92 | bwd_allreduce: 4.42 | step: 7.05
Local>>>>>> step_time: 0.11193060874938965, dataloading_time : 0.0008957386016845703,forward_time :0.03342580795288086, backward_time: 0.07023072242736816, optim time :0.007376670837402344
Local>>>>>> step_time: 0.1103055477142334, dataloading_time : 0.00083160400390625,forward_time :0.03389620780944824, backward_time: 0.06818699836730957, optim time :0.007389068603515625
[Rank 0] time (ms) | optimizer_step: 2.59
[Rank 0] time (ms) | fwd_microstep: 35.68 | bwd_microstep: 61.34 | bwd_inner_microstep: 58.42 | bwd_allreduce_microstep: 2.87 | step_microstep: 6.78
[Rank 0] time (ms) | fwd: 35.67 | bwd: 61.35 | bwd_inner: 58.43 | bwd_allreduce: 2.87 | step: 6.78
Local>>>>>> step_time: 0.10628938674926758, dataloading_time : 0.0009160041809082031,forward_time :0.03078150749206543, backward_time: 0.06747698783874512, optim time :0.00711369514465332
Local>>>>>> step_time: 0.10631918907165527, dataloading_time : 0.0009665489196777344,forward_time :0.031702518463134766, backward_time: 0.0664834976196289, optim time :0.007165431976318359
[Rank 0] time (ms) | optimizer_step: 2.60
[Rank 0] time (ms) | fwd_microstep: 35.62 | bwd_microstep: 61.00 | bwd_inner_microstep: 57.58 | bwd_allreduce_microstep: 3.37 | step_microstep: 6.82
[Rank 0] time (ms) | fwd: 35.61 | bwd: 61.00 | bwd_inner: 57.59 | bwd_allreduce: 3.37 | step: 6.82
Local>>>>>> step_time: 0.10597515106201172, dataloading_time : 0.0005552768707275391,forward_time :0.03147268295288086, backward_time: 0.06679463386535645, optim time :0.007151126861572266
Local>>>>>> step_time: 0.10604214668273926, dataloading_time : 0.0010406970977783203,forward_time :0.03074193000793457, backward_time: 0.0671072006225586, optim time :0.007151126861572266
[Rank 0] time (ms) | optimizer_step: 2.59
[Rank 0] time (ms) | fwd_microstep: 35.81 | bwd_microstep: 61.78 | bwd_inner_microstep: 58.56 | bwd_allreduce_microstep: 3.17 | step_microstep: 6.78
[Rank 0] time (ms) | fwd: 35.80 | bwd: 61.79 | bwd_inner: 58.58 | bwd_allreduce: 3.17 | step: 6.78
Local>>>>>> step_time: 0.10693049430847168, dataloading_time : 0.0009975433349609375,forward_time :0.03091263771057129, backward_time: 0.0679166316986084, optim time :0.007101774215698242
Local>>>>>> step_time: 0.10698723793029785, dataloading_time : 0.0012996196746826172,forward_time :0.0316777229309082, backward_time: 0.06684112548828125, optim time :0.007167339324951172
[Rank 0] time (ms) | optimizer_step: 2.58
[Rank 0] time (ms) | fwd_microstep: 35.48 | bwd_microstep: 61.99 | bwd_inner_microstep: 58.85 | bwd_allreduce_microstep: 3.09 | step_microstep: 6.78
[Rank 0] time (ms) | fwd: 35.48 | bwd: 61.99 | bwd_inner: 58.86 | bwd_allreduce: 3.09 | step: 6.78
Local>>>>>> step_time: 0.10674023628234863, dataloading_time : 0.0009300708770751953,forward_time :0.030614852905273438, backward_time: 0.06808996200561523, optim time :0.007104158401489258
Local>>>>>> step_time: 0.10674691200256348, dataloading_time : 0.0011119842529296875,forward_time :0.03146862983703613, backward_time: 0.0670003890991211, optim time :0.007164716720581055
[Rank 0] Step 20: loss=2.0781, time=0.107s, alloc_mem=2.44 GB, peak_mem=4.16 GB
[Rank 1] Step 20: loss=2.8438, time=0.107s, alloc_mem=2.44 GB, peak_mem=4.16 GB
[Rank 0] time (ms) | optimizer_step: 2.59
[Rank 0] time (ms) | fwd_microstep: 35.58 | bwd_microstep: 61.87 | bwd_inner_microstep: 58.73 | bwd_allreduce_microstep: 3.08 | step_microstep: 6.78
[Rank 0] time (ms) | fwd: 35.58 | bwd: 61.87 | bwd_inner: 58.75 | bwd_allreduce: 3.08 | step: 6.78
Local>>>>>> step_time: 0.10673236846923828, dataloading_time : 0.0009508132934570312,forward_time :0.030675172805786133, backward_time: 0.0680079460144043, optim time :0.007097005844116211
Local>>>>>> step_time: 0.10668659210205078, dataloading_time : 0.0009365081787109375,forward_time :0.03154802322387695, backward_time: 0.06708312034606934, optim time :0.007117271423339844
[Rank 0] time (ms) | optimizer_step: 2.58
[Rank 0] time (ms) | fwd_microstep: 35.79 | bwd_microstep: 62.00 | bwd_inner_microstep: 58.53 | bwd_allreduce_microstep: 3.41 | step_microstep: 6.79
[Rank 0] time (ms) | fwd: 35.78 | bwd: 62.00 | bwd_inner: 58.55 | bwd_allreduce: 3.41 | step: 6.79
Local>>>>>> step_time: 0.10706019401550293, dataloading_time : 0.0009198188781738281,forward_time :0.03093266487121582, backward_time: 0.06809496879577637, optim time :0.007111072540283203
Local>>>>>> step_time: 0.10704207420349121, dataloading_time : 0.0012607574462890625,forward_time :0.03160881996154785, backward_time: 0.0670466423034668, optim time :0.007124185562133789
[Rank 0] time (ms) | optimizer_step: 2.58
[Rank 0] time (ms) | fwd_microstep: 35.54 | bwd_microstep: 61.56 | bwd_inner_microstep: 58.45 | bwd_allreduce_microstep: 3.05 | step_microstep: 6.79
[Rank 0] time (ms) | fwd: 35.53 | bwd: 61.57 | bwd_inner: 58.47 | bwd_allreduce: 3.05 | step: 6.79
Local>>>>>> step_time: 0.10641288757324219, dataloading_time : 0.0009717941284179688,forward_time :0.03063654899597168, backward_time: 0.06769442558288574, optim time :0.007108449935913086
Local>>>>>> step_time: 0.1064443588256836, dataloading_time : 0.000728607177734375,forward_time :0.03156685829162598, backward_time: 0.06697678565979004, optim time :0.007170915603637695
[Rank 0] time (ms) | optimizer_step: 2.57
[Rank 0] time (ms) | fwd_microstep: 35.53 | bwd_microstep: 61.67 | bwd_inner_microstep: 58.88 | bwd_allreduce_microstep: 2.74 | step_microstep: 6.81
[Rank 0] time (ms) | fwd: 35.52 | bwd: 61.68 | bwd_inner: 58.89 | bwd_allreduce: 2.74 | step: 6.81
Local>>>>>> step_time: 0.10648036003112793, dataloading_time : 0.0009052753448486328,forward_time :0.0306549072265625, backward_time: 0.06777811050415039, optim time :0.007140636444091797
Local>>>>>> step_time: 0.1065068244934082, dataloading_time : 0.0007112026214599609,forward_time :0.031583309173583984, backward_time: 0.06706070899963379, optim time :0.007150411605834961
[Rank 0] time (ms) | optimizer_step: 2.57
[Rank 0] time (ms) | fwd_microstep: 35.82 | bwd_microstep: 61.83 | bwd_inner_microstep: 58.70 | bwd_allreduce_microstep: 3.08 | step_microstep: 6.79
[Rank 0] time (ms) | fwd: 35.82 | bwd: 61.84 | bwd_inner: 58.72 | bwd_allreduce: 3.08 | step: 6.79
Local>>>>>> step_time: 0.10712480545043945, dataloading_time : 0.0011129379272460938,forward_time :0.03093719482421875, backward_time: 0.06795096397399902, optim time :0.0071222782135009766
Local>>>>>> step_time: 0.1070253849029541, dataloading_time : 0.0009126663208007812,forward_time :0.03185844421386719, backward_time: 0.06713104248046875, optim time :0.0071218013763427734
[Rank 0] Step 25: loss=1.2422, time=0.107s, alloc_mem=2.44 GB, peak_mem=4.16 GB[Rank 1] Step 25: loss=1.7422, time=0.107s, alloc_mem=2.44 GB, peak_mem=4.16 GB

[Rank 0] time (ms) | optimizer_step: 2.59
[Rank 0] time (ms) | fwd_microstep: 35.62 | bwd_microstep: 61.73 | bwd_inner_microstep: 58.60 | bwd_allreduce_microstep: 3.08 | step_microstep: 6.80
[Rank 0] time (ms) | fwd: 35.61 | bwd: 61.73 | bwd_inner: 58.61 | bwd_allreduce: 3.08 | step: 6.80
Local>>>>>> step_time: 0.10661721229553223, dataloading_time : 0.0009064674377441406,forward_time :0.030758142471313477, backward_time: 0.06782722473144531, optim time :0.0071239471435546875
Local>>>>>> step_time: 0.10662555694580078, dataloading_time : 0.0009098052978515625,forward_time :0.03162407875061035, backward_time: 0.06694483757019043, optim time :0.007145881652832031
[Rank 0] time (ms) | optimizer_step: 2.59
[Rank 0] time (ms) | fwd_microstep: 35.64 | bwd_microstep: 65.90 | bwd_inner_microstep: 61.85 | bwd_allreduce_microstep: 4.00 | step_microstep: 6.83
[Rank 0] time (ms) | fwd: 35.63 | bwd: 65.90 | bwd_inner: 61.86 | bwd_allreduce: 4.00 | step: 6.83
Local>>>>>> step_time: 0.1107943058013916, dataloading_time : 0.0010328292846679688,forward_time :0.0316164493560791, backward_time: 0.07098221778869629, optim time :0.007161855697631836
Local>>>>>> step_time: 0.11082625389099121, dataloading_time : 0.0008871555328369141,forward_time :0.0308225154876709, backward_time: 0.07195591926574707, optim time :0.00715947151184082
[Rank 0] time (ms) | optimizer_step: 2.59
[Rank 0] time (ms) | fwd_microstep: 35.82 | bwd_microstep: 61.41 | bwd_inner_microstep: 58.70 | bwd_allreduce_microstep: 2.65 | step_microstep: 6.80
[Rank 0] time (ms) | fwd: 35.82 | bwd: 61.41 | bwd_inner: 58.72 | bwd_allreduce: 2.65 | step: 6.81
Local>>>>>> step_time: 0.10653138160705566, dataloading_time : 0.0006480216979980469,forward_time :0.03182411193847656, backward_time: 0.06692171096801758, optim time :0.007136344909667969
Local>>>>>> step_time: 0.10655999183654785, dataloading_time : 0.0009329319000244141,forward_time :0.031053543090820312, backward_time: 0.06740260124206543, optim time :0.0071697235107421875
[Rank 0] time (ms) | optimizer_step: 2.59
[Rank 0] time (ms) | fwd_microstep: 35.68 | bwd_microstep: 61.54 | bwd_inner_microstep: 58.53 | bwd_allreduce_microstep: 2.95 | step_microstep: 6.79
[Rank 0] time (ms) | fwd: 35.68 | bwd: 61.55 | bwd_inner: 58.55 | bwd_allreduce: 2.96 | step: 6.80
Local>>>>>> step_time: 0.10649991035461426, dataloading_time : 0.0008807182312011719,forward_time :0.03160738945007324, backward_time: 0.06687092781066895, optim time :0.007139682769775391
Local>>>>>> step_time: 0.10647988319396973, dataloading_time : 0.0008599758148193359,forward_time :0.03082895278930664, backward_time: 0.06763434410095215, optim time :0.007155418395996094
[Rank 0] time (ms) | optimizer_step: 2.58
[Rank 0] time (ms) | fwd_microstep: 35.60 | bwd_microstep: 61.78 | bwd_inner_microstep: 58.34 | bwd_allreduce_microstep: 3.38 | step_microstep: 6.78
[Rank 0] time (ms) | fwd: 35.60 | bwd: 61.78 | bwd_inner: 58.36 | bwd_allreduce: 3.39 | step: 6.78
Local>>>>>> step_time: 0.10655069351196289, dataloading_time : 0.0005598068237304688,forward_time :0.03160905838012695, backward_time: 0.0672156810760498, optim time :0.007164955139160156
Local>>>>>> step_time: 0.10658073425292969, dataloading_time : 0.0008294582366943359,forward_time :0.030804157257080078, backward_time: 0.06782102584838867, optim time :0.007124900817871094
[Rank 1] Step 30: loss=1.6250, time=0.107s, alloc_mem=2.44 GB, peak_mem=4.16 GB
[Rank 0] Step 30: loss=1.6016, time=0.107s, alloc_mem=2.44 GB, peak_mem=4.16 GB
[Rank 0] time (ms) | optimizer_step: 2.57
[Rank 0] time (ms) | fwd_microstep: 35.81 | bwd_microstep: 61.31 | bwd_inner_microstep: 58.68 | bwd_allreduce_microstep: 2.57 | step_microstep: 6.80
[Rank 0] time (ms) | fwd: 35.80 | bwd: 61.32 | bwd_inner: 58.70 | bwd_allreduce: 2.57 | step: 6.80
Local>>>>>> step_time: 0.10669684410095215, dataloading_time : 0.0012066364288330078,forward_time :0.0309603214263916, backward_time: 0.06739568710327148, optim time :0.007132768630981445
Local>>>>>> step_time: 0.1067800521850586, dataloading_time : 0.0009856224060058594,forward_time :0.031687021255493164, backward_time: 0.0669100284576416, optim time :0.007196664810180664
[Rank 0] time (ms) | optimizer_step: 2.62
[Rank 0] time (ms) | fwd_microstep: 35.58 | bwd_microstep: 61.55 | bwd_inner_microstep: 58.71 | bwd_allreduce_microstep: 2.78 | step_microstep: 6.85
[Rank 0] time (ms) | fwd: 35.57 | bwd: 61.55 | bwd_inner: 58.72 | bwd_allreduce: 2.78 | step: 6.86
Local>>>>>> step_time: 0.10643649101257324, dataloading_time : 0.0008969306945800781,forward_time :0.030736684799194336, backward_time: 0.06762385368347168, optim time :0.007177591323852539
Local>>>>>> step_time: 0.10637950897216797, dataloading_time : 0.0005815029144287109,forward_time :0.03149771690368652, backward_time: 0.06717491149902344, optim time :0.007124662399291992
[Rank 0] time (ms) | optimizer_step: 2.58
[Rank 0] time (ms) | fwd_microstep: 35.53 | bwd_microstep: 62.17 | bwd_inner_microstep: 58.45 | bwd_allreduce_microstep: 3.67 | step_microstep: 6.77
[Rank 0] time (ms) | fwd: 35.52 | bwd: 62.18 | bwd_inner: 58.46 | bwd_allreduce: 3.67 | step: 6.77
Local>>>>>> step_time: 0.10703921318054199, dataloading_time : 0.0010004043579101562,forward_time :0.030692338943481445, backward_time: 0.0682365894317627, optim time :0.007107973098754883
Local>>>>>> step_time: 0.10707569122314453, dataloading_time : 0.0014595985412597656,forward_time :0.03152012825012207, backward_time: 0.06695556640625, optim time :0.0071392059326171875
[Rank 0] time (ms) | optimizer_step: 2.57
[Rank 0] time (ms) | fwd_microstep: 35.61 | bwd_microstep: 61.88 | bwd_inner_microstep: 58.65 | bwd_allreduce_microstep: 3.17 | step_microstep: 6.82
[Rank 0] time (ms) | fwd: 35.61 | bwd: 61.88 | bwd_inner: 58.67 | bwd_allreduce: 3.17 | step: 6.82
Local>>>>>> step_time: 0.10677671432495117, dataloading_time : 0.0008971691131591797,forward_time :0.030797243118286133, backward_time: 0.06793498992919922, optim time :0.00714564323425293
Local>>>>>> step_time: 0.10682368278503418, dataloading_time : 0.0009052753448486328,forward_time :0.03162813186645508, backward_time: 0.06711196899414062, optim time :0.007177114486694336
[Rank 0] time (ms) | optimizer_step: 2.58
[Rank 0] time (ms) | fwd_microstep: 35.54 | bwd_microstep: 61.83 | bwd_inner_microstep: 58.66 | bwd_allreduce_microstep: 3.12 | step_microstep: 6.79
[Rank 0] time (ms) | fwd: 35.53 | bwd: 61.84 | bwd_inner: 58.67 | bwd_allreduce: 3.12 | step: 6.79
Local>>>>>> step_time: 0.10657572746276855, dataloading_time : 0.0008509159088134766,forward_time :0.030704975128173828, backward_time: 0.06789422035217285, optim time :0.007124423980712891
Local>>>>>> step_time: 0.10648655891418457, dataloading_time : 0.0009872913360595703,forward_time :0.03146862983703613, backward_time: 0.06689047813415527, optim time :0.007138967514038086
[Rank 0] Step 35: loss=1.2109, time=0.107s, alloc_mem=2.44 GB, peak_mem=4.16 GB
[Rank 1] Step 35: loss=1.5859, time=0.106s, alloc_mem=2.44 GB, peak_mem=4.16 GB
[Rank 0] time (ms) | optimizer_step: 2.60
[Rank 0] time (ms) | fwd_microstep: 35.56 | bwd_microstep: 61.88 | bwd_inner_microstep: 58.88 | bwd_allreduce_microstep: 2.94 | step_microstep: 6.86
[Rank 0] time (ms) | fwd: 35.55 | bwd: 61.88 | bwd_inner: 58.90 | bwd_allreduce: 2.94 | step: 6.86
Local>>>>>> step_time: 0.10675859451293945, dataloading_time : 0.0009140968322753906,forward_time :0.030706405639648438, backward_time: 0.06795620918273926, optim time :0.007180452346801758
Local>>>>>> step_time: 0.1068110466003418, dataloading_time : 0.00110626220703125,forward_time :0.03157806396484375, backward_time: 0.06694507598876953, optim time :0.007179975509643555
[Rank 0] time (ms) | optimizer_step: 2.58
[Rank 0] time (ms) | fwd_microstep: 35.71 | bwd_microstep: 61.82 | bwd_inner_microstep: 58.47 | bwd_allreduce_microstep: 3.30 | step_microstep: 6.79
[Rank 0] time (ms) | fwd: 35.70 | bwd: 61.83 | bwd_inner: 58.48 | bwd_allreduce: 3.30 | step: 6.79
Local>>>>>> step_time: 0.1069188117980957, dataloading_time : 0.001046895980834961,forward_time :0.03089737892150879, backward_time: 0.06786203384399414, optim time :0.007111072540283203
Local>>>>>> step_time: 0.10685586929321289, dataloading_time : 0.0011096000671386719,forward_time :0.03165793418884277, backward_time: 0.06694602966308594, optim time :0.007140636444091797
[Rank 0] time (ms) | optimizer_step: 2.59
[Rank 0] time (ms) | fwd_microstep: 35.61 | bwd_microstep: 61.66 | bwd_inner_microstep: 58.93 | bwd_allreduce_microstep: 2.67 | step_microstep: 6.83
[Rank 0] time (ms) | fwd: 35.61 | bwd: 61.67 | bwd_inner: 58.95 | bwd_allreduce: 2.68 | step: 6.83
Local>>>>>> step_time: 0.10647797584533691, dataloading_time : 0.0009813308715820312,forward_time :0.03155088424682617, backward_time: 0.06682133674621582, optim time :0.007122993469238281
Local>>>>>> step_time: 0.10655045509338379, dataloading_time : 0.0008740425109863281,forward_time :0.03077387809753418, backward_time: 0.06773805618286133, optim time :0.007163286209106445
[Rank 0] time (ms) | optimizer_step: 2.57
[Rank 0] time (ms) | fwd_microstep: 35.46 | bwd_microstep: 61.38 | bwd_inner_microstep: 58.25 | bwd_allreduce_microstep: 3.08 | step_microstep: 6.79
[Rank 0] time (ms) | fwd: 35.45 | bwd: 61.39 | bwd_inner: 58.27 | bwd_allreduce: 3.08 | step: 6.79
Local>>>>>> step_time: 0.1057288646697998, dataloading_time : 0.0005483627319335938,forward_time :0.030609607696533203, backward_time: 0.06745791435241699, optim time :0.007111549377441406
Local>>>>>> step_time: 0.10577559471130371, dataloading_time : 0.0006723403930664062,forward_time :0.03143930435180664, backward_time: 0.06652235984802246, optim time :0.007140636444091797
[Rank 0] time (ms) | optimizer_step: 2.59
[Rank 0] time (ms) | fwd_microstep: 35.81 | bwd_microstep: 61.42 | bwd_inner_microstep: 58.88 | bwd_allreduce_microstep: 2.49 | step_microstep: 6.78
[Rank 0] time (ms) | fwd: 35.81 | bwd: 61.42 | bwd_inner: 58.89 | bwd_allreduce: 2.49 | step: 6.78
Local>>>>>> step_time: 0.10613036155700684, dataloading_time : 0.0005533695220947266,forward_time :0.030970096588134766, backward_time: 0.06748557090759277, optim time :0.0071201324462890625
Local>>>>>> step_time: 0.10613298416137695, dataloading_time : 0.0005593299865722656,forward_time :0.03166604042053223, backward_time: 0.0667719841003418, optim time :0.007134437561035156
[Rank 0] Step 40: loss=1.3594, time=0.106s, alloc_mem=2.44 GB, peak_mem=4.16 GB
[Rank 1] Step 40: loss=1.1641, time=0.106s, alloc_mem=2.44 GB, peak_mem=4.16 GB
[Rank 0] time (ms) | optimizer_step: 2.58
[Rank 0] time (ms) | fwd_microstep: 35.58 | bwd_microstep: 60.80 | bwd_inner_microstep: 58.64 | bwd_allreduce_microstep: 2.10 | step_microstep: 6.78
[Rank 0] time (ms) | fwd: 35.57 | bwd: 60.80 | bwd_inner: 58.66 | bwd_allreduce: 2.10 | step: 6.78
Local>>>>>> step_time: 0.10523414611816406, dataloading_time : 0.0006151199340820312,forward_time :0.03152823448181152, backward_time: 0.06598281860351562, optim time :0.0071065425872802734
Local>>>>>> step_time: 0.10528016090393066, dataloading_time : 0.00055694580078125,forward_time :0.030735492706298828, backward_time: 0.06686258316040039, optim time :0.007124185562133789
[Rank 0] time (ms) | optimizer_step: 2.58
[Rank 0] time (ms) | fwd_microstep: 35.60 | bwd_microstep: 60.10 | bwd_inner_microstep: 58.74 | bwd_allreduce_microstep: 1.30 | step_microstep: 6.77
[Rank 0] time (ms) | fwd: 35.60 | bwd: 60.11 | bwd_inner: 58.76 | bwd_allreduce: 1.31 | step: 6.77
Local>>>>>> step_time: 0.10517477989196777, dataloading_time : 0.0011360645294189453,forward_time :0.03075885772705078, backward_time: 0.06617856025695801, optim time :0.007100105285644531
Local>>>>>> step_time: 0.10522913932800293, dataloading_time : 0.00047969818115234375,forward_time :0.031504154205322266, backward_time: 0.06610608100891113, optim time :0.00713801383972168
[Rank 0] time (ms) | optimizer_step: 2.56
[Rank 0] time (ms) | fwd_microstep: 35.70 | bwd_microstep: 64.88 | bwd_inner_microstep: 58.55 | bwd_allreduce_microstep: 6.28 | step_microstep: 6.77
[Rank 0] time (ms) | fwd: 35.69 | bwd: 64.89 | bwd_inner: 58.56 | bwd_allreduce: 6.28 | step: 6.77
Local>>>>>> step_time: 0.1098175048828125, dataloading_time : 0.0008962154388427734,forward_time :0.030864715576171875, backward_time: 0.07094740867614746, optim time :0.00710749626159668
Local>>>>>> step_time: 0.10980677604675293, dataloading_time : 0.0006792545318603516,forward_time :0.03173041343688965, backward_time: 0.07024312019348145, optim time :0.007153034210205078
[Rank 0] time (ms) | optimizer_step: 2.62
[Rank 0] time (ms) | fwd_microstep: 35.53 | bwd_microstep: 62.07 | bwd_inner_microstep: 61.39 | bwd_allreduce_microstep: 0.63 | step_microstep: 6.87
[Rank 0] time (ms) | fwd: 35.52 | bwd: 62.08 | bwd_inner: 61.40 | bwd_allreduce: 0.64 | step: 6.87
Local>>>>>> step_time: 0.10687136650085449, dataloading_time : 0.0010280609130859375,forward_time :0.031505584716796875, backward_time: 0.0671696662902832, optim time :0.007166624069213867
Local>>>>>> step_time: 0.10695171356201172, dataloading_time : 0.0009181499481201172,forward_time :0.030677080154418945, backward_time: 0.06815004348754883, optim time :0.007204771041870117
[Rank 0] time (ms) | optimizer_step: 2.59
[Rank 0] time (ms) | fwd_microstep: 35.52 | bwd_microstep: 61.66 | bwd_inner_microstep: 58.60 | bwd_allreduce_microstep: 3.01 | step_microstep: 6.82
[Rank 0] time (ms) | fwd: 35.51 | bwd: 61.66 | bwd_inner: 58.62 | bwd_allreduce: 3.01 | step: 6.82
Local>>>>>> step_time: 0.10664606094360352, dataloading_time : 0.0010895729064941406,forward_time :0.030695676803588867, backward_time: 0.06771683692932129, optim time :0.007142782211303711
Local>>>>>> step_time: 0.10673737525939941, dataloading_time : 0.0010743141174316406,forward_time :0.03142881393432617, backward_time: 0.06711435317993164, optim time :0.007118940353393555
[Rank 0] Step 45: loss=1.8438, time=0.107s, alloc_mem=2.44 GB, peak_mem=4.16 GB
[Rank 1] Step 45: loss=1.2188, time=0.107s, alloc_mem=2.44 GB, peak_mem=4.16 GB
[Rank 0] time (ms) | optimizer_step: 2.61
[Rank 0] time (ms) | fwd_microstep: 35.80 | bwd_microstep: 61.45 | bwd_inner_microstep: 58.53 | bwd_allreduce_microstep: 2.86 | step_microstep: 6.84
[Rank 0] time (ms) | fwd: 35.79 | bwd: 61.45 | bwd_inner: 58.55 | bwd_allreduce: 2.86 | step: 6.84
Local>>>>>> step_time: 0.10626220703125, dataloading_time : 0.0005633831024169922,forward_time :0.03102731704711914, backward_time: 0.06750249862670898, optim time :0.0071675777435302734
Local>>>>>> step_time: 0.10625886917114258, dataloading_time : 0.0007274150848388672,forward_time :0.03158259391784668, backward_time: 0.06680917739868164, optim time :0.007138490676879883
[Rank 0] time (ms) | optimizer_step: 2.58
[Rank 0] time (ms) | fwd_microstep: 35.55 | bwd_microstep: 61.58 | bwd_inner_microstep: 58.66 | bwd_allreduce_microstep: 2.86 | step_microstep: 6.77
[Rank 0] time (ms) | fwd: 35.54 | bwd: 61.58 | bwd_inner: 58.68 | bwd_allreduce: 2.86 | step: 6.78
Local>>>>>> step_time: 0.10629630088806152, dataloading_time : 0.0008444786071777344,forward_time :0.030695676803588867, backward_time: 0.06766319274902344, optim time :0.007091999053955078
Local>>>>>> step_time: 0.10627269744873047, dataloading_time : 0.0005624294281005859,forward_time :0.03156924247741699, backward_time: 0.06699776649475098, optim time :0.007142305374145508
[Rank 0] time (ms) | optimizer_step: 2.59
[Rank 0] time (ms) | fwd_microstep: 35.44 | bwd_microstep: 62.09 | bwd_inner_microstep: 58.68 | bwd_allreduce_microstep: 3.36 | step_microstep: 6.79
[Rank 0] time (ms) | fwd: 35.43 | bwd: 62.09 | bwd_inner: 58.69 | bwd_allreduce: 3.36 | step: 6.79
Local>>>>>> step_time: 0.10686588287353516, dataloading_time : 0.0009777545928955078,forward_time :0.030640602111816406, backward_time: 0.0681307315826416, optim time :0.007115602493286133
Local>>>>>> step_time: 0.10681271553039551, dataloading_time : 0.0010783672332763672,forward_time :0.031510353088378906, backward_time: 0.06708860397338867, optim time :0.007133960723876953
[Rank 0] time (ms) | optimizer_step: 2.58
[Rank 0] time (ms) | fwd_microstep: 35.72 | bwd_microstep: 61.60 | bwd_inner_microstep: 58.65 | bwd_allreduce_microstep: 2.90 | step_microstep: 6.74
[Rank 0] time (ms) | fwd: 35.71 | bwd: 61.61 | bwd_inner: 58.66 | bwd_allreduce: 2.90 | step: 6.74
Local>>>>>> step_time: 0.1065530776977539, dataloading_time : 0.0009250640869140625,forward_time :0.03087449073791504, backward_time: 0.06767821311950684, optim time :0.007073640823364258
Local>>>>>> step_time: 0.10657715797424316, dataloading_time : 0.0009558200836181641,forward_time :0.03165173530578613, backward_time: 0.0668172836303711, optim time :0.007151126861572266
[Rank 0] time (ms) | optimizer_step: 2.62
[Rank 0] time (ms) | fwd_microstep: 35.59 | bwd_microstep: 61.26 | bwd_inner_microstep: 58.83 | bwd_allreduce_microstep: 2.37 | step_microstep: 6.84
[Rank 0] time (ms) | fwd: 35.58 | bwd: 61.26 | bwd_inner: 58.85 | bwd_allreduce: 2.37 | step: 6.84
Local>>>>>> step_time: 0.10619449615478516, dataloading_time : 0.0009484291076660156,forward_time :0.030752897262573242, backward_time: 0.06732296943664551, optim time :0.007168769836425781
Local>>>>>> step_time: 0.10618758201599121, dataloading_time : 0.0005779266357421875,forward_time :0.03137516975402832, backward_time: 0.0670921802520752, optim time :0.0071408748626708984
[Rank 0] Step 50: loss=1.1328, time=0.106s, alloc_mem=2.44 GB, peak_mem=4.16 GB
[Rank 1] Step 50: loss=2.1562, time=0.106s, alloc_mem=2.44 GB, peak_mem=4.16 GB
[Rank 0] time (ms) | optimizer_step: 2.59
[Rank 0] time (ms) | fwd_microstep: 35.47 | bwd_microstep: 61.82 | bwd_inner_microstep: 58.64 | bwd_allreduce_microstep: 3.13 | step_microstep: 6.80
[Rank 0] time (ms) | fwd: 35.46 | bwd: 61.83 | bwd_inner: 58.66 | bwd_allreduce: 3.12 | step: 6.80
Local>>>>>> step_time: 0.10657954216003418, dataloading_time : 0.0009207725524902344,forward_time :0.030625343322753906, backward_time: 0.06790280342102051, optim time :0.0071294307708740234
Local>>>>>> step_time: 0.10656881332397461, dataloading_time : 0.0007097721099853516,forward_time :0.03158235549926758, backward_time: 0.06712126731872559, optim time :0.007153749465942383
[Rank 0] time (ms) | optimizer_step: 2.58
[Rank 0] time (ms) | fwd_microstep: 35.62 | bwd_microstep: 61.55 | bwd_inner_microstep: 58.90 | bwd_allreduce_microstep: 2.60 | step_microstep: 6.81
[Rank 0] time (ms) | fwd: 35.61 | bwd: 61.56 | bwd_inner: 58.91 | bwd_allreduce: 2.60 | step: 6.81
Local>>>>>> step_time: 0.10640358924865723, dataloading_time : 0.0008459091186523438,forward_time :0.030796527862548828, backward_time: 0.0676114559173584, optim time :0.007148265838623047
Local>>>>>> step_time: 0.10638689994812012, dataloading_time : 0.0005838871002197266,forward_time :0.03160548210144043, backward_time: 0.06703901290893555, optim time :0.007157564163208008
[Rank 0] time (ms) | optimizer_step: 2.57
[Rank 0] time (ms) | fwd_microstep: 35.58 | bwd_microstep: 61.80 | bwd_inner_microstep: 58.61 | bwd_allreduce_microstep: 3.14 | step_microstep: 6.78
[Rank 0] time (ms) | fwd: 35.58 | bwd: 61.81 | bwd_inner: 58.62 | bwd_allreduce: 3.14 | step: 6.78
Local>>>>>> step_time: 0.10660791397094727, dataloading_time : 0.0008847713470458984,forward_time :0.0307462215423584, backward_time: 0.0678708553314209, optim time :0.007104635238647461
Local>>>>>> step_time: 0.10659289360046387, dataloading_time : 0.0006749629974365234,forward_time :0.03146171569824219, backward_time: 0.06731939315795898, optim time :0.007135868072509766
[Rank 0] time (ms) | optimizer_step: 2.58
[Rank 0] time (ms) | fwd_microstep: 35.57 | bwd_microstep: 61.79 | bwd_inner_microstep: 58.48 | bwd_allreduce_microstep: 3.24 | step_microstep: 6.78
[Rank 0] time (ms) | fwd: 35.57 | bwd: 61.80 | bwd_inner: 58.51 | bwd_allreduce: 3.25 | step: 6.78
Local>>>>>> step_time: 0.10660576820373535, dataloading_time : 0.0008854866027832031,forward_time :0.030749797821044922, backward_time: 0.0678553581237793, optim time :0.007113456726074219
Local>>>>>> step_time: 0.10664153099060059, dataloading_time : 0.0009806156158447266,forward_time :0.031591176986694336, backward_time: 0.06689763069152832, optim time :0.007170677185058594
[Rank 0] time (ms) | optimizer_step: 2.57
[Rank 0] time (ms) | fwd_microstep: 35.80 | bwd_microstep: 61.57 | bwd_inner_microstep: 58.64 | bwd_allreduce_microstep: 2.88 | step_microstep: 6.83
[Rank 0] time (ms) | fwd: 35.79 | bwd: 61.58 | bwd_inner: 58.66 | bwd_allreduce: 2.88 | step: 6.83
Local>>>>>> step_time: 0.10670781135559082, dataloading_time : 0.0009484291076660156,forward_time :0.030953407287597656, backward_time: 0.06764674186706543, optim time :0.007158041000366211
Local>>>>>> step_time: 0.10670828819274902, dataloading_time : 0.0006537437438964844,forward_time :0.031701087951660156, backward_time: 0.06719231605529785, optim time :0.0071604251861572266
[Rank 0] Step 55: loss=0.9570, time=0.107s, alloc_mem=2.44 GB, peak_mem=4.16 GB
[Rank 1] Step 55: loss=1.7031, time=0.107s, alloc_mem=2.44 GB, peak_mem=4.16 GB
[Rank 0] time (ms) | optimizer_step: 2.58
[Rank 0] time (ms) | fwd_microstep: 35.53 | bwd_microstep: 62.05 | bwd_inner_microstep: 58.41 | bwd_allreduce_microstep: 3.58 | step_microstep: 6.73
[Rank 0] time (ms) | fwd: 35.52 | bwd: 62.06 | bwd_inner: 58.43 | bwd_allreduce: 3.58 | step: 6.73
Local>>>>>> step_time: 0.10693025588989258, dataloading_time : 0.0010166168212890625,forward_time :0.030751943588256836, backward_time: 0.06811666488647461, optim time :0.0070438385009765625
Local>>>>>> step_time: 0.1068429946899414, dataloading_time : 0.001257181167602539,forward_time :0.03160858154296875, backward_time: 0.06686925888061523, optim time :0.007106781005859375
[Rank 0] time (ms) | optimizer_step: 2.57
[Rank 0] time (ms) | fwd_microstep: 35.45 | bwd_microstep: 61.98 | bwd_inner_microstep: 58.45 | bwd_allreduce_microstep: 3.48 | step_microstep: 6.78
[Rank 0] time (ms) | fwd: 35.45 | bwd: 61.99 | bwd_inner: 58.46 | bwd_allreduce: 3.48 | step: 6.78
Local>>>>>> step_time: 0.10646486282348633, dataloading_time : 0.0006961822509765625,forward_time :0.03060746192932129, backward_time: 0.06805753707885742, optim time :0.007102251052856445
Local>>>>>> step_time: 0.10652041435241699, dataloading_time : 0.0009150505065917969,forward_time :0.03163409233093262, backward_time: 0.0668175220489502, optim time :0.0071506500244140625
[Rank 0] time (ms) | optimizer_step: 2.59
[Rank 0] time (ms) | fwd_microstep: 35.85 | bwd_microstep: 61.22 | bwd_inner_microstep: 58.64 | bwd_allreduce_microstep: 2.52 | step_microstep: 6.84
[Rank 0] time (ms) | fwd: 35.84 | bwd: 61.23 | bwd_inner: 58.66 | bwd_allreduce: 2.53 | step: 6.84
Local>>>>>> step_time: 0.10640215873718262, dataloading_time : 0.0009102821350097656,forward_time :0.031037092208862305, backward_time: 0.06727361679077148, optim time :0.00717926025390625
Local>>>>>> step_time: 0.1063838005065918, dataloading_time : 0.0009195804595947266,forward_time :0.03163456916809082, backward_time: 0.06669187545776367, optim time :0.007135629653930664
[Rank 0] time (ms) | optimizer_step: 2.57
[Rank 0] time (ms) | fwd_microstep: 35.57 | bwd_microstep: 62.04 | bwd_inner_microstep: 58.50 | bwd_allreduce_microstep: 3.48 | step_microstep: 6.75
[Rank 0] time (ms) | fwd: 35.56 | bwd: 62.05 | bwd_inner: 58.52 | bwd_allreduce: 3.48 | step: 6.75
Local>>>>>> step_time: 0.10714125633239746, dataloading_time : 0.001224517822265625,forward_time :0.030727863311767578, backward_time: 0.06811261177062988, optim time :0.007075071334838867
Local>>>>>> step_time: 0.10715007781982422, dataloading_time : 0.0010447502136230469,forward_time :0.03151202201843262, backward_time: 0.06744122505187988, optim time :0.007150888442993164
[Rank 0] time (ms) | optimizer_step: 2.59
[Rank 0] time (ms) | fwd_microstep: 35.51 | bwd_microstep: 61.77 | bwd_inner_microstep: 58.78 | bwd_allreduce_microstep: 2.94 | step_microstep: 6.79
[Rank 0] time (ms) | fwd: 35.50 | bwd: 61.77 | bwd_inner: 58.79 | bwd_allreduce: 2.94 | step: 6.79
Local>>>>>> step_time: 0.10653257369995117, dataloading_time : 0.0009026527404785156,forward_time :0.030666351318359375, backward_time: 0.06784296035766602, optim time :0.007118701934814453
Local>>>>>> step_time: 0.10647463798522949, dataloading_time : 0.0008687973022460938,forward_time :0.03153562545776367, backward_time: 0.0669395923614502, optim time :0.007129192352294922
[Rank 0] Step 60: loss=1.3984, time=0.107s, alloc_mem=2.44 GB, peak_mem=4.16 GB
[Rank 1] Step 60: loss=1.2578, time=0.106s, alloc_mem=2.44 GB, peak_mem=4.16 GB
[Rank 0] time (ms) | optimizer_step: 2.65
[Rank 0] time (ms) | fwd_microstep: 36.67 | bwd_microstep: 60.74 | bwd_inner_microstep: 59.47 | bwd_allreduce_microstep: 1.20 | step_microstep: 6.85
[Rank 0] time (ms) | fwd: 36.66 | bwd: 60.74 | bwd_inner: 59.49 | bwd_allreduce: 1.20 | step: 6.85
Local>>>>>> step_time: 0.10692834854125977, dataloading_time : 0.001116037368774414,forward_time :0.031842708587646484, backward_time: 0.06679463386535645, optim time :0.007173776626586914
Local>>>>>> step_time: 0.10694670677185059, dataloading_time : 0.0010783672332763672,forward_time :0.03179574012756348, backward_time: 0.06691622734069824, optim time :0.007154941558837891
[Rank 0] time (ms) | optimizer_step: 2.56
[Rank 0] time (ms) | fwd_microstep: 35.53 | bwd_microstep: 61.62 | bwd_inner_microstep: 58.78 | bwd_allreduce_microstep: 2.79 | step_microstep: 6.75
[Rank 0] time (ms) | fwd: 35.50 | bwd: 61.62 | bwd_inner: 58.79 | bwd_allreduce: 2.79 | step: 6.75
Local>>>>>> step_time: 0.10636210441589355, dataloading_time : 0.0008606910705566406,forward_time :0.03072190284729004, backward_time: 0.06769299507141113, optim time :0.007085323333740234
Local>>>>>> step_time: 0.10638141632080078, dataloading_time : 0.0009174346923828125,forward_time :0.031580448150634766, backward_time: 0.06673908233642578, optim time :0.007143497467041016
[Rank 0] time (ms) | optimizer_step: 2.59
[Rank 0] time (ms) | fwd_microstep: 35.50 | bwd_microstep: 61.76 | bwd_inner_microstep: 58.69 | bwd_allreduce_microstep: 3.02 | step_microstep: 6.78
[Rank 0] time (ms) | fwd: 35.49 | bwd: 61.77 | bwd_inner: 58.71 | bwd_allreduce: 3.02 | step: 6.78
Local>>>>>> step_time: 0.10655355453491211, dataloading_time : 0.0009548664093017578,forward_time :0.03065180778503418, backward_time: 0.06784176826477051, optim time :0.007104158401489258
Local>>>>>> step_time: 0.10651350021362305, dataloading_time : 0.0010478496551513672,forward_time :0.03150629997253418, backward_time: 0.06683635711669922, optim time :0.0071218013763427734
[Rank 0] time (ms) | optimizer_step: 2.58
[Rank 0] time (ms) | fwd_microstep: 35.69 | bwd_microstep: 61.64 | bwd_inner_microstep: 59.15 | bwd_allreduce_microstep: 2.44 | step_microstep: 6.81
[Rank 0] time (ms) | fwd: 35.69 | bwd: 61.65 | bwd_inner: 59.17 | bwd_allreduce: 2.44 | step: 6.81
Local>>>>>> step_time: 0.10675835609436035, dataloading_time : 0.0010461807250976562,forward_time :0.030848264694213867, backward_time: 0.0677182674407959, optim time :0.00714421272277832
Local>>>>>> step_time: 0.1067969799041748, dataloading_time : 0.0010380744934082031,forward_time :0.03180289268493652, backward_time: 0.06681108474731445, optim time :0.007143735885620117
[Rank 0] time (ms) | optimizer_step: 2.58
[Rank 0] time (ms) | fwd_microstep: 35.57 | bwd_microstep: 61.79 | bwd_inner_microstep: 58.70 | bwd_allreduce_microstep: 3.03 | step_microstep: 6.76
[Rank 0] time (ms) | fwd: 35.56 | bwd: 61.80 | bwd_inner: 58.72 | bwd_allreduce: 3.04 | step: 6.76
Local>>>>>> step_time: 0.10659670829772949, dataloading_time : 0.0009119510650634766,forward_time :0.030730724334716797, backward_time: 0.06786155700683594, optim time :0.0070912837982177734
Local>>>>>> step_time: 0.10656189918518066, dataloading_time : 0.0010013580322265625,forward_time :0.03150749206542969, backward_time: 0.06693816184997559, optim time :0.007113218307495117
[Rank 0] Step 65: loss=1.1406, time=0.107s, alloc_mem=2.44 GB, peak_mem=4.16 GB
[Rank 1] Step 65: loss=1.7188, time=0.107s, alloc_mem=2.44 GB, peak_mem=4.16 GB
[Rank 0] time (ms) | optimizer_step: 2.59
[Rank 0] time (ms) | fwd_microstep: 35.53 | bwd_microstep: 61.64 | bwd_inner_microstep: 58.66 | bwd_allreduce_microstep: 2.93 | step_microstep: 6.80
[Rank 0] time (ms) | fwd: 35.51 | bwd: 61.65 | bwd_inner: 58.67 | bwd_allreduce: 2.93 | step: 6.81
Local>>>>>> step_time: 0.10631155967712402, dataloading_time : 0.0005345344543457031,forward_time :0.03162789344787598, backward_time: 0.06704854965209961, optim time :0.007099151611328125
Local>>>>>> step_time: 0.10638642311096191, dataloading_time : 0.0008141994476318359,forward_time :0.030725479125976562, backward_time: 0.06771993637084961, optim time :0.007125377655029297
[Rank 0] time (ms) | optimizer_step: 2.60
[Rank 0] time (ms) | fwd_microstep: 35.66 | bwd_microstep: 61.61 | bwd_inner_microstep: 58.82 | bwd_allreduce_microstep: 2.74 | step_microstep: 6.85
[Rank 0] time (ms) | fwd: 35.66 | bwd: 61.62 | bwd_inner: 58.83 | bwd_allreduce: 2.74 | step: 6.85
Local>>>>>> step_time: 0.10662269592285156, dataloading_time : 0.0009360313415527344,forward_time :0.030859947204589844, backward_time: 0.0676424503326416, optim time :0.007183074951171875
Local>>>>>> step_time: 0.10673046112060547, dataloading_time : 0.0006568431854248047,forward_time :0.031713247299194336, backward_time: 0.06718254089355469, optim time :0.007176399230957031
[Rank 0] time (ms) | optimizer_step: 2.59
[Rank 0] time (ms) | fwd_microstep: 35.56 | bwd_microstep: 61.79 | bwd_inner_microstep: 58.88 | bwd_allreduce_microstep: 2.85 | step_microstep: 6.81
[Rank 0] time (ms) | fwd: 35.55 | bwd: 61.80 | bwd_inner: 58.90 | bwd_allreduce: 2.85 | step: 6.81
Local>>>>>> step_time: 0.10663127899169922, dataloading_time : 0.0008940696716308594,forward_time :0.03071117401123047, backward_time: 0.06788039207458496, optim time :0.007143735885620117
Local>>>>>> step_time: 0.10654854774475098, dataloading_time : 0.0008745193481445312,forward_time :0.031511783599853516, backward_time: 0.06701397895812988, optim time :0.007147312164306641
[Rank 0] time (ms) | optimizer_step: 2.57
[Rank 0] time (ms) | fwd_microstep: 35.50 | bwd_microstep: 61.87 | bwd_inner_microstep: 58.64 | bwd_allreduce_microstep: 3.18 | step_microstep: 6.77
[Rank 0] time (ms) | fwd: 35.49 | bwd: 61.87 | bwd_inner: 58.65 | bwd_allreduce: 3.18 | step: 6.77
Local>>>>>> step_time: 0.10664963722229004, dataloading_time : 0.0009596347808837891,forward_time :0.03065657615661621, backward_time: 0.06794476509094238, optim time :0.00708770751953125
Local>>>>>> step_time: 0.1066434383392334, dataloading_time : 0.0010204315185546875,forward_time :0.031514883041381836, backward_time: 0.06694960594177246, optim time :0.007157325744628906
[Rank 0] time (ms) | optimizer_step: 2.57
[Rank 0] time (ms) | fwd_microstep: 35.67 | bwd_microstep: 61.63 | bwd_inner_microstep: 58.91 | bwd_allreduce_microstep: 2.67 | step_microstep: 6.79
[Rank 0] time (ms) | fwd: 35.66 | bwd: 61.63 | bwd_inner: 58.92 | bwd_allreduce: 2.67 | step: 6.79
Local>>>>>> step_time: 0.10654926300048828, dataloading_time : 0.0009074211120605469,forward_time :0.030816078186035156, backward_time: 0.06770753860473633, optim time :0.007116079330444336
Local>>>>>> step_time: 0.1066579818725586, dataloading_time : 0.0009663105010986328,forward_time :0.03165411949157715, backward_time: 0.06689214706420898, optim time :0.007143974304199219
[Rank 0] Step 70: loss=1.7344, time=0.107s, alloc_mem=2.44 GB, peak_mem=4.16 GB
[Rank 1] Step 70: loss=1.1172, time=0.107s, alloc_mem=2.44 GB, peak_mem=4.16 GB
[Rank 0] time (ms) | optimizer_step: 2.57
[Rank 0] time (ms) | fwd_microstep: 35.56 | bwd_microstep: 61.93 | bwd_inner_microstep: 58.78 | bwd_allreduce_microstep: 3.09 | step_microstep: 6.82
[Rank 0] time (ms) | fwd: 35.56 | bwd: 61.94 | bwd_inner: 58.80 | bwd_allreduce: 3.09 | step: 6.82
Local>>>>>> step_time: 0.10672473907470703, dataloading_time : 0.0008380413055419922,forward_time :0.03072810173034668, backward_time: 0.06800198554992676, optim time :0.007154703140258789
Local>>>>>> step_time: 0.10660910606384277, dataloading_time : 0.0009489059448242188,forward_time :0.031641483306884766, backward_time: 0.06685328483581543, optim time :0.00716400146484375
[Rank 0] time (ms) | optimizer_step: 2.56
[Rank 0] time (ms) | fwd_microstep: 35.58 | bwd_microstep: 61.71 | bwd_inner_microstep: 58.77 | bwd_allreduce_microstep: 2.88 | step_microstep: 6.75
[Rank 0] time (ms) | fwd: 35.57 | bwd: 61.71 | bwd_inner: 58.79 | bwd_allreduce: 2.88 | step: 6.75
Local>>>>>> step_time: 0.10650253295898438, dataloading_time : 0.0008873939514160156,forward_time :0.03075242042541504, backward_time: 0.06778478622436523, optim time :0.007076740264892578
Local>>>>>> step_time: 0.10651612281799316, dataloading_time : 0.0011360645294189453,forward_time :0.0313868522644043, backward_time: 0.06687235832214355, optim time :0.007119655609130859
[Rank 0] time (ms) | optimizer_step: 2.61
[Rank 0] time (ms) | fwd_microstep: 35.69 | bwd_microstep: 61.93 | bwd_inner_microstep: 58.69 | bwd_allreduce_microstep: 3.19 | step_microstep: 6.85
[Rank 0] time (ms) | fwd: 35.68 | bwd: 61.94 | bwd_inner: 58.71 | bwd_allreduce: 3.19 | step: 6.85
Local>>>>>> step_time: 0.1069788932800293, dataloading_time : 0.0009615421295166016,forward_time :0.030855178833007812, backward_time: 0.06799197196960449, optim time :0.007169246673583984
Local>>>>>> step_time: 0.10696625709533691, dataloading_time : 0.0010082721710205078,forward_time :0.03175044059753418, backward_time: 0.06708884239196777, optim time :0.007117509841918945
[Rank 0] time (ms) | optimizer_step: 2.57
[Rank 0] time (ms) | fwd_microstep: 35.55 | bwd_microstep: 61.68 | bwd_inner_microstep: 58.64 | bwd_allreduce_microstep: 2.98 | step_microstep: 6.80
[Rank 0] time (ms) | fwd: 35.54 | bwd: 61.68 | bwd_inner: 58.66 | bwd_allreduce: 2.98 | step: 6.80
Local>>>>>> step_time: 0.1065833568572998, dataloading_time : 0.0009899139404296875,forward_time :0.030699968338012695, backward_time: 0.06774735450744629, optim time :0.007144927978515625
Local>>>>>> step_time: 0.10660600662231445, dataloading_time : 0.001092672348022461,forward_time :0.03154158592224121, backward_time: 0.06678986549377441, optim time :0.007180452346801758
[Rank 0] time (ms) | optimizer_step: 2.61
[Rank 0] time (ms) | fwd_microstep: 35.56 | bwd_microstep: 63.68 | bwd_inner_microstep: 58.70 | bwd_allreduce_microstep: 4.93 | step_microstep: 6.78
[Rank 0] time (ms) | fwd: 35.56 | bwd: 63.69 | bwd_inner: 58.71 | bwd_allreduce: 4.93 | step: 6.79
Local>>>>>> step_time: 0.10844969749450684, dataloading_time : 0.0008518695831298828,forward_time :0.030728578567504883, backward_time: 0.06975507736206055, optim time :0.0071125030517578125
Local>>>>>> step_time: 0.10839271545410156, dataloading_time : 0.0006847381591796875,forward_time :0.03154134750366211, backward_time: 0.06902050971984863, optim time :0.0071451663970947266
[Rank 0] Step 75: loss=2.0625, time=0.108s, alloc_mem=2.44 GB, peak_mem=4.16 GB
[Rank 1] Step 75: loss=1.7891, time=0.108s, alloc_mem=2.44 GB, peak_mem=4.16 GB
[Rank 0] time (ms) | optimizer_step: 2.59
[Rank 0] time (ms) | fwd_microstep: 35.70 | bwd_microstep: 62.22 | bwd_inner_microstep: 59.92 | bwd_allreduce_microstep: 2.25 | step_microstep: 6.92
Local>>>>>> step_time: 0.10724592208862305, dataloading_time : 0.0010094642639160156,forward_time :0.03197908401489258, backward_time: 0.06702566146850586, optim time :0.0072307586669921875
[Rank 0] time (ms) | fwd: 35.69 | bwd: 62.23 | bwd_inner: 59.93 | bwd_allreduce: 2.25 | step: 6.92
Local>>>>>> step_time: 0.10737228393554688, dataloading_time : 0.000942230224609375,forward_time :0.030905723571777344, backward_time: 0.06826543807983398, optim time :0.0072574615478515625
[Rank 0] time (ms) | optimizer_step: 2.58
[Rank 0] time (ms) | fwd_microstep: 35.93 | bwd_microstep: 60.89 | bwd_inner_microstep: 58.95 | bwd_allreduce_microstep: 1.89 | step_microstep: 6.83
[Rank 0] time (ms) | fwd: 35.93 | bwd: 60.89 | bwd_inner: 58.96 | bwd_allreduce: 1.89 | step: 6.83
Local>>>>>> step_time: 0.1061410903930664, dataloading_time : 0.0009145736694335938,forward_time :0.031104564666748047, backward_time: 0.06695556640625, optim time :0.007165431976318359
Local>>>>>> step_time: 0.10633015632629395, dataloading_time : 0.0008578300476074219,forward_time :0.03147554397583008, backward_time: 0.06683516502380371, optim time :0.0071604251861572266
[Rank 0] time (ms) | optimizer_step: 2.58
[Rank 0] time (ms) | fwd_microstep: 35.49 | bwd_microstep: 61.56 | bwd_inner_microstep: 58.95 | bwd_allreduce_microstep: 2.55 | step_microstep: 6.79
[Rank 0] time (ms) | fwd: 35.46 | bwd: 61.57 | bwd_inner: 58.97 | bwd_allreduce: 2.55 | step: 6.79
Local>>>>>> step_time: 0.10630202293395996, dataloading_time : 0.0008687973022460938,forward_time :0.0307004451751709, backward_time: 0.06761980056762695, optim time :0.007111549377441406
Local>>>>>> step_time: 0.106292724609375, dataloading_time : 0.0009047985076904297,forward_time :0.03145909309387207, backward_time: 0.06677746772766113, optim time :0.007149934768676758
[Rank 0] time (ms) | optimizer_step: 2.58
[Rank 0] time (ms) | fwd_microstep: 35.65 | bwd_microstep: 61.50 | bwd_inner_microstep: 58.44 | bwd_allreduce_microstep: 3.01 | step_microstep: 6.79
[Rank 0] time (ms) | fwd: 35.64 | bwd: 61.51 | bwd_inner: 58.45 | bwd_allreduce: 3.01 | step: 6.79
Local>>>>>> step_time: 0.10669875144958496, dataloading_time : 0.0012035369873046875,forward_time :0.03080582618713379, backward_time: 0.06757283210754395, optim time :0.00711512565612793
Local>>>>>> step_time: 0.10667014122009277, dataloading_time : 0.000997304916381836,forward_time :0.03166079521179199, backward_time: 0.06686139106750488, optim time :0.007149457931518555
[Rank 0] time (ms) | optimizer_step: 2.58
[Rank 0] time (ms) | fwd_microstep: 35.59 | bwd_microstep: 61.14 | bwd_inner_microstep: 58.57 | bwd_allreduce_microstep: 2.52 | step_microstep: 6.79
[Rank 0] time (ms) | fwd: 35.59 | bwd: 61.14 | bwd_inner: 58.59 | bwd_allreduce: 2.52 | step: 6.79
Local>>>>>> step_time: 0.10600566864013672, dataloading_time : 0.0009124279022216797,forward_time :0.030757904052734375, backward_time: 0.06722044944763184, optim time :0.00711369514465332
Local>>>>>> step_time: 0.10596251487731934, dataloading_time : 0.0005424022674560547,forward_time :0.03149557113647461, backward_time: 0.0668032169342041, optim time :0.007119894027709961
[Rank 0] Step 80: loss=1.2656, time=0.106s, alloc_mem=2.44 GB, peak_mem=4.16 GB
[Rank 1] Step 80: loss=1.2500, time=0.106s, alloc_mem=2.44 GB, peak_mem=4.16 GB
[Rank 0] time (ms) | optimizer_step: 2.59
[Rank 0] time (ms) | fwd_microstep: 35.54 | bwd_microstep: 61.69 | bwd_inner_microstep: 58.61 | bwd_allreduce_microstep: 3.03 | step_microstep: 6.80
[Rank 0] time (ms) | fwd: 35.53 | bwd: 61.70 | bwd_inner: 58.63 | bwd_allreduce: 3.03 | step: 6.80
Local>>>>>> step_time: 0.10649371147155762, dataloading_time : 0.0010831356048583984,forward_time :0.031642913818359375, backward_time: 0.06662154197692871, optim time :0.0071446895599365234
Local>>>>>> step_time: 0.10653281211853027, dataloading_time : 0.0009312629699707031,forward_time :0.030696392059326172, backward_time: 0.06777667999267578, optim time :0.007127285003662109
[Rank 0] time (ms) | optimizer_step: 2.59
[Rank 0] time (ms) | fwd_microstep: 35.75 | bwd_microstep: 61.63 | bwd_inner_microstep: 58.59 | bwd_allreduce_microstep: 2.98 | step_microstep: 6.80
[Rank 0] time (ms) | fwd: 35.74 | bwd: 61.64 | bwd_inner: 58.61 | bwd_allreduce: 2.98 | step: 6.80
Local>>>>>> step_time: 0.10657525062561035, dataloading_time : 0.0008487701416015625,forward_time :0.03160405158996582, backward_time: 0.066986083984375, optim time :0.0071353912353515625
Local>>>>>> step_time: 0.10661530494689941, dataloading_time : 0.0008795261383056641,forward_time :0.03092169761657715, backward_time: 0.06769299507141113, optim time :0.0071201324462890625
[Rank 0] time (ms) | optimizer_step: 2.58
[Rank 0] time (ms) | fwd_microstep: 35.48 | bwd_microstep: 61.38 | bwd_inner_microstep: 58.56 | bwd_allreduce_microstep: 2.77 | step_microstep: 6.83
[Rank 0] time (ms) | fwd: 35.47 | bwd: 61.39 | bwd_inner: 58.58 | bwd_allreduce: 2.77 | step: 6.83
Local>>>>>> step_time: 0.106170654296875, dataloading_time : 0.0009174346923828125,forward_time :0.030628681182861328, backward_time: 0.06746172904968262, optim time :0.007161855697631836
Local>>>>>> step_time: 0.10625982284545898, dataloading_time : 0.0006852149963378906,forward_time :0.031502485275268555, backward_time: 0.06693840026855469, optim time :0.007132768630981445
[Rank 0] time (ms) | optimizer_step: 2.59
[Rank 0] time (ms) | fwd_microstep: 35.56 | bwd_microstep: 61.63 | bwd_inner_microstep: 58.79 | bwd_allreduce_microstep: 2.77 | step_microstep: 6.79
Local>>>>>> step_time: 0.1063234806060791, dataloading_time : 0.0008971691131591797,forward_time :0.031491756439208984, backward_time: 0.06681251525878906, optim time :0.007121086120605469[Rank 0] time (ms) | fwd: 35.55 | bwd: 61.63 | bwd_inner: 58.82 | bwd_allreduce: 2.78 | step: 6.79

Local>>>>>> step_time: 0.1064310073852539, dataloading_time : 0.0009005069732666016,forward_time :0.03072810173034668, backward_time: 0.06769013404846191, optim time :0.0071108341217041016
[Rank 0] time (ms) | optimizer_step: 2.59
[Rank 0] time (ms) | fwd_microstep: 35.72 | bwd_microstep: 61.13 | bwd_inner_microstep: 58.86 | bwd_allreduce_microstep: 2.22 | step_microstep: 6.79
[Rank 0] time (ms) | fwd: 35.71 | bwd: 61.13 | bwd_inner: 58.87 | bwd_allreduce: 2.22 | step: 6.79
Local>>>>>> step_time: 0.1061246395111084, dataloading_time : 0.0009360313415527344,forward_time :0.03087306022644043, backward_time: 0.06720209121704102, optim time :0.007112264633178711
Local>>>>>> step_time: 0.10620784759521484, dataloading_time : 0.0005729198455810547,forward_time :0.03156876564025879, backward_time: 0.06692981719970703, optim time :0.007134914398193359
[Rank 0] Step 85: loss=1.4531, time=0.106s, alloc_mem=2.44 GB, peak_mem=4.16 GB
[Rank 1] Step 85: loss=1.3906, time=0.106s, alloc_mem=2.44 GB, peak_mem=4.16 GB
[Rank 0] time (ms) | optimizer_step: 2.59
[Rank 0] time (ms) | fwd_microstep: 35.59 | bwd_microstep: 61.77 | bwd_inner_microstep: 58.41 | bwd_allreduce_microstep: 3.31 | step_microstep: 6.77
[Rank 0] time (ms) | fwd: 35.58 | bwd: 61.78 | bwd_inner: 58.43 | bwd_allreduce: 3.31 | step: 6.77
Local>>>>>> step_time: 0.10660004615783691, dataloading_time : 0.0009171962738037109,forward_time :0.030744552612304688, backward_time: 0.06784868240356445, optim time :0.007088422775268555
Local>>>>>> step_time: 0.10662341117858887, dataloading_time : 0.0010378360748291016,forward_time :0.03159689903259277, backward_time: 0.0668487548828125, optim time :0.007138967514038086
[Rank 0] time (ms) | optimizer_step: 2.59
[Rank 0] time (ms) | fwd_microstep: 35.57 | bwd_microstep: 61.37 | bwd_inner_microstep: 58.49 | bwd_allreduce_microstep: 2.82 | step_microstep: 6.79
[Rank 0] time (ms) | fwd: 35.56 | bwd: 61.38 | bwd_inner: 58.51 | bwd_allreduce: 2.82 | step: 6.79
Local>>>>>> step_time: 0.10642862319946289, dataloading_time : 0.001132965087890625,forward_time :0.030727863311767578, backward_time: 0.06744909286499023, optim time :0.007117748260498047
Local>>>>>> step_time: 0.10639500617980957, dataloading_time : 0.0007033348083496094,forward_time :0.03157520294189453, backward_time: 0.0669853687286377, optim time :0.007129669189453125
[Rank 0] time (ms) | optimizer_step: 2.91
[Rank 0] time (ms) | fwd_microstep: 35.71 | bwd_microstep: 62.68 | bwd_inner_microstep: 58.80 | bwd_allreduce_microstep: 3.81 | step_microstep: 8.40
[Rank 0] time (ms) | fwd: 35.70 | bwd: 62.69 | bwd_inner: 58.82 | bwd_allreduce: 3.82 | step: 8.40
Local>>>>>> step_time: 0.10932731628417969, dataloading_time : 0.0008778572082519531,forward_time :0.030887603759765625, backward_time: 0.06874871253967285, optim time :0.008809566497802734
Local>>>>>> step_time: 0.10935854911804199, dataloading_time : 0.0009737014770507812,forward_time :0.03167247772216797, backward_time: 0.06784796714782715, optim time :0.008863210678100586
[Rank 0] time (ms) | optimizer_step: 2.61
[Rank 0] time (ms) | fwd_microstep: 36.08 | bwd_microstep: 61.69 | bwd_inner_microstep: 58.83 | bwd_allreduce_microstep: 2.80 | step_microstep: 6.81
[Rank 0] time (ms) | fwd: 36.07 | bwd: 61.70 | bwd_inner: 58.85 | bwd_allreduce: 2.80 | step: 6.81
Local>>>>>> step_time: 0.10716414451599121, dataloading_time : 0.0010142326354980469,forward_time :0.031236648559570312, backward_time: 0.06778669357299805, optim time :0.007125377655029297
Local>>>>>> step_time: 0.10713338851928711, dataloading_time : 0.0010030269622802734,forward_time :0.0321345329284668, backward_time: 0.06682085990905762, optim time :0.007173299789428711
[Rank 0] time (ms) | optimizer_step: 2.57
[Rank 0] time (ms) | fwd_microstep: 35.53 | bwd_microstep: 61.28 | bwd_inner_microstep: 59.04 | bwd_allreduce_microstep: 2.18 | step_microstep: 6.77
[Rank 0] time (ms) | fwd: 35.51 | bwd: 61.28 | bwd_inner: 59.06 | bwd_allreduce: 2.18 | step: 6.77
Local>>>>>> step_time: 0.10602474212646484, dataloading_time : 0.0008490085601806641,forward_time :0.03072953224182129, backward_time: 0.06734800338745117, optim time :0.007097005844116211
Local>>>>>> step_time: 0.10604166984558105, dataloading_time : 0.0009603500366210938,forward_time :0.03148508071899414, backward_time: 0.06643056869506836, optim time :0.0071620941162109375
[Rank 0] Step 90: loss=1.1094, time=0.106s, alloc_mem=2.44 GB, peak_mem=4.16 GB
[Rank 1] Step 90: loss=1.4609, time=0.106s, alloc_mem=2.44 GB, peak_mem=4.16 GB
[Rank 0] time (ms) | optimizer_step: 2.61
[Rank 0] time (ms) | fwd_microstep: 35.67 | bwd_microstep: 61.85 | bwd_inner_microstep: 58.57 | bwd_allreduce_microstep: 3.22 | step_microstep: 6.80
Local>>>>>> step_time: 0.10677313804626465, dataloading_time : 0.0009493827819824219,forward_time :0.03177595138549805, backward_time: 0.06694173812866211, optim time :0.0071048736572265625
[Rank 0] time (ms) | fwd: 35.66 | bwd: 61.86 | bwd_inner: 58.59 | bwd_allreduce: 3.22 | step: 6.81
Local>>>>>> step_time: 0.10695528984069824, dataloading_time : 0.0010750293731689453,forward_time :0.03084254264831543, backward_time: 0.06790733337402344, optim time :0.00712895393371582
[Rank 0] time (ms) | optimizer_step: 2.58
[Rank 0] time (ms) | fwd_microstep: 35.55 | bwd_microstep: 61.74 | bwd_inner_microstep: 58.62 | bwd_allreduce_microstep: 3.07 | step_microstep: 6.76
[Rank 0] time (ms) | fwd: 35.54 | bwd: 61.75 | bwd_inner: 58.64 | bwd_allreduce: 3.07 | step: 6.77
Local>>>>>> step_time: 0.10681438446044922, dataloading_time : 0.001192331314086914,forward_time :0.030698776245117188, backward_time: 0.0678246021270752, optim time :0.0070972442626953125
Local>>>>>> step_time: 0.10696625709533691, dataloading_time : 0.0012764930725097656,forward_time :0.0314483642578125, backward_time: 0.06709766387939453, optim time :0.007142543792724609
[Rank 0] time (ms) | optimizer_step: 2.58
[Rank 0] time (ms) | fwd_microstep: 35.50 | bwd_microstep: 61.55 | bwd_inner_microstep: 58.65 | bwd_allreduce_microstep: 2.85 | step_microstep: 6.79
[Rank 0] time (ms) | fwd: 35.49 | bwd: 61.56 | bwd_inner: 58.66 | bwd_allreduce: 2.85 | step: 6.79
Local>>>>>> step_time: 0.10649752616882324, dataloading_time : 0.0010914802551269531,forward_time :0.0306704044342041, backward_time: 0.06761527061462402, optim time :0.007119417190551758
Local>>>>>> step_time: 0.10650038719177246, dataloading_time : 0.001035928726196289,forward_time :0.031470298767089844, backward_time: 0.06682538986206055, optim time :0.007167816162109375
[Rank 0] time (ms) | optimizer_step: 2.60
[Rank 0] time (ms) | fwd_microstep: 35.73 | bwd_microstep: 61.20 | bwd_inner_microstep: 58.98 | bwd_allreduce_microstep: 2.17 | step_microstep: 6.81
[Rank 0] time (ms) | fwd: 35.73 | bwd: 61.20 | bwd_inner: 58.99 | bwd_allreduce: 2.17 | step: 6.81
Local>>>>>> step_time: 0.10621500015258789, dataloading_time : 0.0009045600891113281,forward_time :0.030900239944458008, backward_time: 0.06726264953613281, optim time :0.007146596908569336
Local>>>>>> step_time: 0.10617804527282715, dataloading_time : 0.0009887218475341797,forward_time :0.03174400329589844, backward_time: 0.06626224517822266, optim time :0.007182121276855469
[Rank 0] time (ms) | optimizer_step: 2.56
[Rank 0] time (ms) | fwd_microstep: 35.49 | bwd_microstep: 61.99 | bwd_inner_microstep: 58.63 | bwd_allreduce_microstep: 3.30 | step_microstep: 6.76
[Rank 0] time (ms) | fwd: 35.48 | bwd: 61.99 | bwd_inner: 58.65 | bwd_allreduce: 3.30 | step: 6.77
Local>>>>>> step_time: 0.10668492317199707, dataloading_time : 0.0008759498596191406,forward_time :0.030651092529296875, backward_time: 0.06805706024169922, optim time :0.0070989131927490234
Local>>>>>> step_time: 0.10671591758728027, dataloading_time : 0.0009279251098632812,forward_time :0.031616926193237305, backward_time: 0.06702280044555664, optim time :0.007146596908569336
[Rank 0] Step 95: loss=1.3281, time=0.107s, alloc_mem=2.44 GB, peak_mem=4.16 GB
[Rank 1] Step 95: loss=1.4844, time=0.107s, alloc_mem=2.44 GB, peak_mem=4.16 GB
[Rank 0] time (ms) | optimizer_step: 2.59
[Rank 0] time (ms) | fwd_microstep: 35.55 | bwd_microstep: 61.85 | bwd_inner_microstep: 58.82 | bwd_allreduce_microstep: 2.98 | step_microstep: 6.88
[Rank 0] time (ms) | fwd: 35.54 | bwd: 61.86 | bwd_inner: 58.84 | bwd_allreduce: 2.98 | step: 6.88
Local>>>>>> step_time: 0.10684490203857422, dataloading_time : 0.0009980201721191406,forward_time :0.030714035034179688, backward_time: 0.06792569160461426, optim time :0.00720524787902832
Local>>>>>> step_time: 0.10684013366699219, dataloading_time : 0.0009658336639404297,forward_time :0.03165173530578613, backward_time: 0.06704139709472656, optim time :0.0071794986724853516
[Rank 0] time (ms) | optimizer_step: 2.61
[Rank 0] time (ms) | fwd_microstep: 35.71 | bwd_microstep: 61.41 | bwd_inner_microstep: 58.91 | bwd_allreduce_microstep: 2.44 | step_microstep: 6.80
[Rank 0] time (ms) | fwd: 35.70 | bwd: 61.41 | bwd_inner: 58.93 | bwd_allreduce: 2.44 | step: 6.80
Local>>>>>> step_time: 0.1066889762878418, dataloading_time : 0.0012264251708984375,forward_time :0.03087925910949707, backward_time: 0.06746363639831543, optim time :0.0071184635162353516
Local>>>>>> step_time: 0.10664820671081543, dataloading_time : 0.0010144710540771484,forward_time :0.03168845176696777, backward_time: 0.06679654121398926, optim time :0.007147550582885742
[Rank 0] time (ms) | optimizer_step: 2.59
[Rank 0] time (ms) | fwd_microstep: 35.54 | bwd_microstep: 61.12 | bwd_inner_microstep: 58.48 | bwd_allreduce_microstep: 2.58 | step_microstep: 6.79
[Rank 0] time (ms) | fwd: 35.53 | bwd: 61.12 | bwd_inner: 58.50 | bwd_allreduce: 2.58 | step: 6.79
Local>>>>>> step_time: 0.10600972175598145, dataloading_time : 0.0010118484497070312,forward_time :0.03069925308227539, backward_time: 0.0671844482421875, optim time :0.007112979888916016
Local>>>>>> step_time: 0.1060187816619873, dataloading_time : 0.0010404586791992188,forward_time :0.03157448768615723, backward_time: 0.06625247001647949, optim time :0.007149696350097656
[Rank 0] time (ms) | optimizer_step: 2.56
[Rank 0] time (ms) | fwd_microstep: 35.46 | bwd_microstep: 61.40 | bwd_inner_microstep: 58.68 | bwd_allreduce_microstep: 2.66 | step_microstep: 6.96
Local>>>>>> step_time: 0.10617470741271973, dataloading_time : 0.0005433559417724609,forward_time :0.0314791202545166, backward_time: 0.06701517105102539, optim time :0.0071353912353515625
[Rank 0] time (ms) | fwd: 35.45 | bwd: 61.40 | bwd_inner: 58.70 | bwd_allreduce: 2.66 | step: 6.96
Local>>>>>> step_time: 0.10629034042358398, dataloading_time : 0.00090789794921875,forward_time :0.030641555786132812, backward_time: 0.06745624542236328, optim time :0.007283210754394531
[Rank 1] Step 99: loss=1.2344, time=0.106s, alloc_mem=2.44 GB, peak_mem=4.16 GB
[Rank 0] Step 99: loss=0.8750, time=0.106s, alloc_mem=2.44 GB, peak_mem=4.16 GB

============================================================
[Rank 1] FINAL RESULTS
  Config: configs/baseline.json
  Model: hidden_dim=1024, num_layers=12
  Parameters: 254,655,569
  Batch size: 8, Seq length: 512
  Average step time: 0.126s
  Peak memory: 4.16 GB
  Final allocated memory: 2.44 GB
============================================================
SUMMARY: config=configs/baseline.json params=254655569 peak_mem_bytes=4471451648 alloc_mem_bytes=2617018368 avg_step_time=0.1260

============================================================
[Rank 0] FINAL RESULTS
  Config: configs/baseline.json
  Model: hidden_dim=1024, num_layers=12
  Parameters: 254,655,569
  Batch size: 8, Seq length: 512
  Average step time: 0.126s
  Peak memory: 4.16 GB
  Final allocated memory: 2.44 GB
============================================================
SUMMARY: config=configs/baseline.json params=254655569 peak_mem_bytes=4471451648 alloc_mem_bytes=2617018368 avg_step_time=0.1260
Loss history saved to: logs/baseline_loss.csv
[rank0]:[W123 16:01:30.310174160 ProcessGroupNCCL.cpp:1250] Warning: WARNING: process group has NOT been destroyed before we destruct ProcessGroupNCCL. On normal program exit, the application should call destroy_process_group to ensure that any pending NCCL operations have finished in this process. In rare cases this process can exit before this point and block the progress of another member of the process group. This constraint has always been present,  but this warning has only been added since PyTorch 2.4 (function operator())
[2026-01-23 16:01:32,617] [INFO] [launch.py:367:main] Process 2263683 exits successfully.
[2026-01-23 16:01:32,618] [INFO] [launch.py:367:main] Process 2263682 exits successfully.
