Warning: The cache directory for DeepSpeed Triton autotune, /home/bigyang/.triton/autotune, appears to be on an NFS system. While this is generally acceptable, if you experience slowdowns or hanging when DeepSpeed exits, it is recommended to set the TRITON_CACHE_DIR environment variable to a non-NFS path.
[2026-01-20 11:56:58,602] [WARNING] [runner.py:232:fetch_hostfile] Unable to find hostfile, will proceed with training with local resources only.
Detected VISIBLE_DEVICES=0,1 but ignoring it because one or several of --include/--exclude/--num_gpus/--num_nodes cl args were used. If you want to use CUDA_VISIBLE_DEVICES don't pass any of these arguments to deepspeed.
[2026-01-20 11:56:58,603] [INFO] [runner.py:630:main] cmd = /home/bigyang/micromamba/envs/ds-hf/bin/python -u -m deepspeed.launcher.launch --world_info=eyJsb2NhbGhvc3QiOiBbMCwgMV19 --master_addr=127.0.0.1 --master_port=29600 --enable_each_rank_log=None --log_level=info train.py --deepspeed_config configs/baseline.json --num_layers 12 --hidden_dim 1024 --batch_size 16 --seq_length 512 --num_steps 20 --warmup_steps 5 --activation_checkpointing --use_real_data --seed 42
Warning: The cache directory for DeepSpeed Triton autotune, /home/bigyang/.triton/autotune, appears to be on an NFS system. While this is generally acceptable, if you experience slowdowns or hanging when DeepSpeed exits, it is recommended to set the TRITON_CACHE_DIR environment variable to a non-NFS path.
[2026-01-20 11:57:04,482] [INFO] [launch.py:162:main] WORLD INFO DICT: {'localhost': [0, 1]}
[2026-01-20 11:57:04,482] [INFO] [launch.py:168:main] nnodes=1, num_local_procs=2, node_rank=0
[2026-01-20 11:57:04,482] [INFO] [launch.py:179:main] global_rank_mapping=defaultdict(<class 'list'>, {'localhost': [0, 1]})
[2026-01-20 11:57:04,482] [INFO] [launch.py:180:main] dist_world_size=2
[2026-01-20 11:57:04,482] [INFO] [launch.py:184:main] Setting CUDA_VISIBLE_DEVICES=0,1
[2026-01-20 11:57:04,483] [INFO] [launch.py:272:main] process 1955921 spawned with command: ['/home/bigyang/micromamba/envs/ds-hf/bin/python', '-u', 'train.py', '--local_rank=0', '--deepspeed_config', 'configs/baseline.json', '--num_layers', '12', '--hidden_dim', '1024', '--batch_size', '16', '--seq_length', '512', '--num_steps', '20', '--warmup_steps', '5', '--activation_checkpointing', '--use_real_data', '--seed', '42']
[2026-01-20 11:57:04,484] [INFO] [launch.py:272:main] process 1955922 spawned with command: ['/home/bigyang/micromamba/envs/ds-hf/bin/python', '-u', 'train.py', '--local_rank=1', '--deepspeed_config', 'configs/baseline.json', '--num_layers', '12', '--hidden_dim', '1024', '--batch_size', '16', '--seq_length', '512', '--num_steps', '20', '--warmup_steps', '5', '--activation_checkpointing', '--use_real_data', '--seed', '42']
Warning: The cache directory for DeepSpeed Triton autotune, /home/bigyang/.triton/autotune, appears to be on an NFS system. While this is generally acceptable, if you experience slowdowns or hanging when DeepSpeed exits, it is recommended to set the TRITON_CACHE_DIR environment variable to a non-NFS path.
Warning: The cache directory for DeepSpeed Triton autotune, /home/bigyang/.triton/autotune, appears to be on an NFS system. While this is generally acceptable, if you experience slowdowns or hanging when DeepSpeed exits, it is recommended to set the TRITON_CACHE_DIR environment variable to a non-NFS path.
[Rank 1] Loading wikitext dataset...
[Rank 0] Loading wikitext dataset...
Warning: You are sending unauthenticated requests to the HF Hub. Please set a HF_TOKEN to enable higher rate limits and faster downloads.
Warning: You are sending unauthenticated requests to the HF Hub. Please set a HF_TOKEN to enable higher rate limits and faster downloads.
[Rank 0] Dataset loaded: 39531 examples, vocab_size=50257
[Rank 0] Creating model with hidden_dim=1024, num_layers=12, num_heads=16, vocab_size=50257
[Rank 1] Dataset loaded: 39531 examples, vocab_size=50257
[Rank 1] Creating model with hidden_dim=1024, num_layers=12, num_heads=16, vocab_size=50257
[Rank 0] Model parameters: 254,655,569 total, 254,655,569 trainable
[Rank 0] Activation checkpointing enabled
[Rank 1] Model parameters: 254,655,569 total, 254,655,569 trainable
[Rank 1] Activation checkpointing enabled
/home/bigyang/micromamba/envs/ds-hf/lib/python3.11/site-packages/torch/utils/cpp_extension.py:1964: UserWarning: TORCH_CUDA_ARCH_LIST is not set, all archs for visible cards are included for compilation. 
If this is not desired, please set os.environ['TORCH_CUDA_ARCH_LIST'].
  warnings.warn(
Stage 3 initialize beginning
MA 0.47 GB         Max_MA 0.47 GB         CA 0.51 GB         Max_CA 1 GB 
CPU Virtual Memory:  used = 23.4 GB, percent = 2.3%
DeepSpeedZeRoOffload initialize [begin]
MA 0.47 GB         Max_MA 0.67 GB         CA 0.7 GB         Max_CA 1 GB 
CPU Virtual Memory:  used = 23.45 GB, percent = 2.3%
Parameter Offload - Persistent parameters statistics: param_count = 0, numel = 0
DeepSpeedZeRoOffload initialize [end]
MA 0.24 GB         Max_MA 0.52 GB         CA 0.71 GB         Max_CA 1 GB 
CPU Virtual Memory:  used = 23.45 GB, percent = 2.3%
Before creating fp16 partitions
MA 0.24 GB         Max_MA 0.24 GB         CA 0.71 GB         Max_CA 1 GB 
CPU Virtual Memory:  used = 23.45 GB, percent = 2.3%
After creating fp16 partitions: 1
MA 0.24 GB         Max_MA 0.24 GB         CA 0.24 GB         Max_CA 1 GB 
CPU Virtual Memory:  used = 23.45 GB, percent = 2.3%
Before creating fp32 partitions
MA 0.24 GB         Max_MA 0.24 GB         CA 0.24 GB         Max_CA 0 GB 
CPU Virtual Memory:  used = 23.45 GB, percent = 2.3%
After creating fp32 partitions
MA 0.71 GB         Max_MA 1.19 GB         CA 1.19 GB         Max_CA 1 GB 
CPU Virtual Memory:  used = 23.45 GB, percent = 2.3%
Before initializing optimizer states
MA 0.71 GB         Max_MA 0.71 GB         CA 1.19 GB         Max_CA 1 GB 
CPU Virtual Memory:  used = 23.45 GB, percent = 2.3%
[Rank 0] time (ms) | init_optimizer_state: 0.00
After initializing optimizer states
MA 0.71 GB         Max_MA 1.19 GB         CA 1.19 GB         Max_CA 1 GB 
CPU Virtual Memory:  used = 23.45 GB, percent = 2.3%
[Rank 1] DeepSpeed initialized with config: configs/baseline.json
[Rank 1] Memory after init: allocated=1.04 GB, reserved=1.29 GB
After initializing ZeRO optimizer
MA 1.04 GB         Max_MA 1.23 GB         CA 1.29 GB         Max_CA 1 GB 
CPU Virtual Memory:  used = 23.49 GB, percent = 2.3%
[Rank 0] DeepSpeed initialized with config: configs/baseline.json
[Rank 0] Memory after init: allocated=1.04 GB, reserved=1.29 GB
[Rank 0] time (ms) | optimizer_step: 3.44
[Rank 0] time (ms) | fwd_microstep: 157.68 | bwd_microstep: 182.10 | bwd_inner_microstep: 181.26 | bwd_allreduce_microstep: 0.76 | step_microstep: 41.11
Local>>>>>> step_time: 0.7156538963317871, dataloading_time : 0.04308032989501953,forward_time :0.4456007480621338, backward_time: 0.18562817573547363, optim time :0.04134082794189453
[Rank 0] time (ms) | fwd: 157.67 | bwd: 182.11 | bwd_inner: 181.28 | bwd_allreduce: 0.76 | step: 41.12
Local>>>>>> step_time: 0.5584790706634521, dataloading_time : 0.1726222038269043,forward_time :0.1590871810913086, backward_time: 0.18533706665039062, optim time :0.041428327560424805
[Rank 1] Step 0: loss=11.5000, time=0.716s, alloc_mem=2.82 GB, peak_mem=4.44 GB
[Rank 0] Step 0: loss=11.5625, time=0.558s, alloc_mem=2.82 GB, peak_mem=4.44 GB
[Rank 0] time (ms) | optimizer_step: 2.94
[Rank 0] time (ms) | fwd_microstep: 138.64 | bwd_microstep: 117.59 | bwd_inner_microstep: 116.95 | bwd_allreduce_microstep: 0.58 | step_microstep: 6.82
Local>>>>>> step_time: 0.26731443405151367, dataloading_time : 0.00029540061950683594,forward_time :0.13088655471801758, backward_time: 0.12908315658569336, optim time :0.007047414779663086
[Rank 0] time (ms) | fwd: 138.63 | bwd: 117.59 | bwd_inner: 116.97 | bwd_allreduce: 0.59 | step: 6.82
Local>>>>>> step_time: 0.26732444763183594, dataloading_time : 0.0012269020080566406,forward_time :0.13000035285949707, backward_time: 0.12901067733764648, optim time :0.007083892822265625
[Rank 0] time (ms) | optimizer_step: 2.95
[Rank 0] time (ms) | fwd_microstep: 39.95 | bwd_microstep: 52.09 | bwd_inner_microstep: 51.47 | bwd_allreduce_microstep: 0.57 | step_microstep: 6.75
Local>>>>>> step_time: 0.10350418090820312, dataloading_time : 0.001116037368774414,forward_time :0.02951955795288086, backward_time: 0.06592655181884766, optim time :0.00693964958190918
[Rank 0] time (ms) | fwd: 39.95 | bwd: 52.09 | bwd_inner: 51.48 | bwd_allreduce: 0.57 | step: 6.75
Local>>>>>> step_time: 0.10353493690490723, dataloading_time : 0.0016281604766845703,forward_time :0.029941558837890625, backward_time: 0.06495785713195801, optim time :0.007005214691162109
[Rank 0] time (ms) | optimizer_step: 2.92
[Rank 0] time (ms) | fwd_microstep: 39.70 | bwd_microstep: 53.19 | bwd_inner_microstep: 52.16 | bwd_allreduce_microstep: 0.97 | step_microstep: 6.79
[Rank 0] time (ms) | fwd: 39.69 | bwd: 53.20 | bwd_inner: 52.18 | bwd_allreduce: 0.97 | step: 6.79
Local>>>>>> step_time: 0.10293936729431152, dataloading_time : 0.001104116439819336,forward_time :0.029155731201171875, backward_time: 0.06564688682556152, optim time :0.0070307254791259766
Local>>>>>> step_time: 0.10289216041564941, dataloading_time : 0.00020766258239746094,forward_time :0.029403209686279297, backward_time: 0.06623482704162598, optim time :0.00704503059387207
[Rank 0] time (ms) | optimizer_step: 2.92
[Rank 0] time (ms) | fwd_microstep: 39.95 | bwd_microstep: 52.73 | bwd_inner_microstep: 52.05 | bwd_allreduce_microstep: 0.62 | step_microstep: 6.74
[Rank 0] time (ms) | fwd: 39.95 | bwd: 52.74 | bwd_inner: 52.07 | bwd_allreduce: 0.63 | step: 6.74
Local>>>>>> step_time: 0.10338258743286133, dataloading_time : 0.0010101795196533203,forward_time :0.02942657470703125, backward_time: 0.06595611572265625, optim time :0.006987810134887695
Local>>>>>> step_time: 0.1033945083618164, dataloading_time : 0.0009458065032958984,forward_time :0.029659748077392578, backward_time: 0.06579279899597168, optim time :0.006993770599365234
[Rank 0] time (ms) | optimizer_step: 2.92
[Rank 0] time (ms) | fwd_microstep: 39.64 | bwd_microstep: 52.68 | bwd_inner_microstep: 51.94 | bwd_allreduce_microstep: 0.70 | step_microstep: 6.80
Local>>>>>> step_time: 0.10310888290405273, dataloading_time : 0.0010225772857666016,forward_time :0.029192209243774414, backward_time: 0.0658576488494873, optim time :0.0070345401763916016[Rank 0] time (ms) | fwd: 39.63 | bwd: 52.69 | bwd_inner: 51.95 | bwd_allreduce: 0.69 | step: 6.80

Local>>>>>> step_time: 0.1031196117401123, dataloading_time : 0.0009734630584716797,forward_time :0.02936577796936035, backward_time: 0.06572151184082031, optim time :0.007056474685668945
[Rank 1] Step 5: loss=3.2500, time=0.103s, alloc_mem=2.82 GB, peak_mem=5.80 GB
[Rank 0] Step 5: loss=3.4062, time=0.103s, alloc_mem=2.82 GB, peak_mem=5.80 GB
[Rank 0] time (ms) | optimizer_step: 2.93
[Rank 0] time (ms) | fwd_microstep: 39.71 | bwd_microstep: 52.62 | bwd_inner_microstep: 51.98 | bwd_allreduce_microstep: 0.58 | step_microstep: 6.75
Local>>>>>> step_time: 0.10306310653686523, dataloading_time : 0.0006268024444580078,forward_time :0.029264450073242188, backward_time: 0.06620192527770996, optim time :0.006967782974243164
[Rank 0] time (ms) | fwd: 39.70 | bwd: 52.62 | bwd_inner: 52.00 | bwd_allreduce: 0.59 | step: 6.75
Local>>>>>> step_time: 0.10308170318603516, dataloading_time : 0.0009932518005371094,forward_time :0.029419898986816406, backward_time: 0.06566596031188965, optim time :0.0070002079010009766
[Rank 0] time (ms) | optimizer_step: 2.92
[Rank 0] time (ms) | fwd_microstep: 39.91 | bwd_microstep: 52.69 | bwd_inner_microstep: 52.06 | bwd_allreduce_microstep: 0.58 | step_microstep: 6.81
Local>>>>>> step_time: 0.10356664657592773, dataloading_time : 0.0006785392761230469,forward_time :0.029225587844848633, backward_time: 0.06660270690917969, optim time :0.007058620452880859[Rank 0] time (ms) | fwd: 39.90 | bwd: 52.70 | bwd_inner: 52.08 | bwd_allreduce: 0.58 | step: 6.81

Local>>>>>> step_time: 0.1035611629486084, dataloading_time : 0.0011191368103027344,forward_time :0.0296175479888916, backward_time: 0.06574392318725586, optim time :0.007078409194946289
[Rank 0] time (ms) | optimizer_step: 2.92
[Rank 0] time (ms) | fwd_microstep: 39.71 | bwd_microstep: 52.68 | bwd_inner_microstep: 52.05 | bwd_allreduce_microstep: 0.58 | step_microstep: 6.71
[Rank 0] time (ms) | fwd: 39.70 | bwd: 52.68 | bwd_inner: 52.07 | bwd_allreduce: 0.58 | step: 6.71
Local>>>>>> step_time: 0.10299110412597656, dataloading_time : 0.0009229183197021484,forward_time :0.029058456420898438, backward_time: 0.06605219841003418, optim time :0.006956338882446289Local>>>>>> step_time: 0.10298657417297363, dataloading_time : 0.0008702278137207031,forward_time :0.029411792755126953, backward_time: 0.06573653221130371, optim time :0.006966352462768555

[Rank 0] time (ms) | optimizer_step: 2.95
[Rank 0] time (ms) | fwd_microstep: 39.73 | bwd_microstep: 52.85 | bwd_inner_microstep: 52.15 | bwd_allreduce_microstep: 0.65 | step_microstep: 6.77
Local>>>>>> step_time: 0.10290074348449707, dataloading_time : 0.0009372234344482422,forward_time :0.029135942459106445, backward_time: 0.06582760810852051, optim time :0.006997585296630859
[Rank 0] time (ms) | fwd: 39.73 | bwd: 52.86 | bwd_inner: 52.17 | bwd_allreduce: 0.65 | step: 6.77
Local>>>>>> step_time: 0.10294985771179199, dataloading_time : 0.0005834102630615234,forward_time :0.029450178146362305, backward_time: 0.065887451171875, optim time :0.007027626037597656
[Rank 0] time (ms) | optimizer_step: 2.92
[Rank 0] time (ms) | fwd_microstep: 39.86 | bwd_microstep: 52.69 | bwd_inner_microstep: 52.06 | bwd_allreduce_microstep: 0.57 | step_microstep: 6.74
Local>>>>>> step_time: 0.10322141647338867, dataloading_time : 0.0010669231414794922,forward_time :0.029178619384765625, backward_time: 0.0660090446472168, optim time :0.006965160369873047[Rank 0] time (ms) | fwd: 39.86 | bwd: 52.69 | bwd_inner: 52.08 | bwd_allreduce: 0.57 | step: 6.74

Local>>>>>> step_time: 0.10319828987121582, dataloading_time : 0.0008976459503173828,forward_time :0.029549598693847656, backward_time: 0.06575179100036621, optim time :0.006996631622314453
[Rank 1] Step 10: loss=2.7188, time=0.103s, alloc_mem=2.82 GB, peak_mem=5.80 GB
[Rank 0] Step 10: loss=2.3906, time=0.103s, alloc_mem=2.82 GB, peak_mem=5.80 GB
[Rank 0] time (ms) | optimizer_step: 2.92
[Rank 0] time (ms) | fwd_microstep: 39.75 | bwd_microstep: 52.59 | bwd_inner_microstep: 51.97 | bwd_allreduce_microstep: 0.57 | step_microstep: 6.80
[Rank 0] time (ms) | fwd: 39.75 | bwd: 52.60 | bwd_inner: 51.98 | bwd_allreduce: 0.58 | step: 6.80
Local>>>>>> step_time: 0.10303688049316406, dataloading_time : 0.0008766651153564453,forward_time :0.029422998428344727, backward_time: 0.06568193435668945, optim time :0.007052898406982422
Local>>>>>> step_time: 0.10305213928222656, dataloading_time : 0.0009322166442871094,forward_time :0.02913951873779297, backward_time: 0.06593704223632812, optim time :0.0070421695709228516
[Rank 0] time (ms) | optimizer_step: 2.93
[Rank 0] time (ms) | fwd_microstep: 39.60 | bwd_microstep: 52.69 | bwd_inner_microstep: 52.07 | bwd_allreduce_microstep: 0.57 | step_microstep: 6.78
Local>>>>>> step_time: 0.10309290885925293, dataloading_time : 0.0007433891296386719,forward_time :0.0290524959564209, backward_time: 0.06629824638366699, optim time :0.006997346878051758
[Rank 0] time (ms) | fwd: 39.59 | bwd: 52.70 | bwd_inner: 52.09 | bwd_allreduce: 0.57 | step: 6.78
Local>>>>>> step_time: 0.10312819480895996, dataloading_time : 0.0010478496551513672,forward_time :0.02930307388305664, backward_time: 0.06574654579162598, optim time :0.007028818130493164
[Rank 0] time (ms) | optimizer_step: 2.92
[Rank 0] time (ms) | fwd_microstep: 39.88 | bwd_microstep: 52.64 | bwd_inner_microstep: 52.01 | bwd_allreduce_microstep: 0.58 | step_microstep: 6.80
[Rank 0] time (ms) | fwd: 39.88 | bwd: 52.64 | bwd_inner: 52.02 | bwd_allreduce: 0.58 | step: 6.80
Local>>>>>> step_time: 0.10297226905822754, dataloading_time : 0.0007038116455078125,forward_time :0.02912306785583496, backward_time: 0.06610655784606934, optim time :0.0070378780364990234Local>>>>>> step_time: 0.10295414924621582, dataloading_time : 0.0006420612335205078,forward_time :0.02959609031677246, backward_time: 0.06566357612609863, optim time :0.007051706314086914

[Rank 0] time (ms) | optimizer_step: 2.92
[Rank 0] time (ms) | fwd_microstep: 39.73 | bwd_microstep: 52.73 | bwd_inner_microstep: 52.10 | bwd_allreduce_microstep: 0.58 | step_microstep: 6.75
Local>>>>>> step_time: 0.1030125617980957, dataloading_time : 0.0009002685546875,forward_time :0.029285669326782227, backward_time: 0.06584453582763672, optim time :0.006980419158935547
[Rank 0] time (ms) | fwd: 39.73 | bwd: 52.74 | bwd_inner: 52.12 | bwd_allreduce: 0.58 | step: 6.76
Local>>>>>> step_time: 0.10303688049316406, dataloading_time : 0.0007503032684326172,forward_time :0.029474258422851562, backward_time: 0.06580305099487305, optim time :0.0070078372955322266
[Rank 0] time (ms) | optimizer_step: 2.92
[Rank 0] time (ms) | fwd_microstep: 39.73 | bwd_microstep: 52.79 | bwd_inner_microstep: 52.18 | bwd_allreduce_microstep: 0.57 | step_microstep: 6.78
[Rank 0] time (ms) | fwd: 39.73 | bwd: 52.80 | bwd_inner: 52.19 | bwd_allreduce: 0.57 | step: 6.79
Local>>>>>> step_time: 0.10319757461547852, dataloading_time : 0.0008749961853027344,forward_time :0.02940988540649414, backward_time: 0.0658731460571289, optim time :0.0070383548736572266
Local>>>>>> step_time: 0.10321044921875, dataloading_time : 0.0007383823394775391,forward_time :0.029081344604492188, backward_time: 0.06637048721313477, optim time :0.00701904296875
[Rank 0] Step 15: loss=2.0781, time=0.103s, alloc_mem=2.82 GB, peak_mem=5.80 GB
[Rank 1] Step 15: loss=1.8047, time=0.103s, alloc_mem=2.82 GB, peak_mem=5.80 GB
[Rank 0] time (ms) | optimizer_step: 2.92
[Rank 0] time (ms) | fwd_microstep: 39.94 | bwd_microstep: 52.78 | bwd_inner_microstep: 52.10 | bwd_allreduce_microstep: 0.63 | step_microstep: 6.73
[Rank 0] time (ms) | fwd: 39.94 | bwd: 52.78 | bwd_inner: 52.12 | bwd_allreduce: 0.63 | step: 6.73
Local>>>>>> step_time: 0.10318565368652344, dataloading_time : 0.0009706020355224609,forward_time :0.02939772605895996, backward_time: 0.06585049629211426, optim time :0.006965160369873047Local>>>>>> step_time: 0.1031944751739502, dataloading_time : 0.0007498264312744141,forward_time :0.029611587524414062, backward_time: 0.06585407257080078, optim time :0.006977081298828125

[Rank 0] time (ms) | optimizer_step: 2.92
[Rank 0] time (ms) | fwd_microstep: 39.69 | bwd_microstep: 52.95 | bwd_inner_microstep: 52.31 | bwd_allreduce_microstep: 0.59 | step_microstep: 6.77
[Rank 0] time (ms) | fwd: 39.69 | bwd: 52.96 | bwd_inner: 52.32 | bwd_allreduce: 0.60 | step: 6.77
Local>>>>>> step_time: 0.1029975414276123, dataloading_time : 0.0011334419250488281,forward_time :0.029120206832885742, backward_time: 0.06572461128234863, optim time :0.007018089294433594Local>>>>>> step_time: 0.10300445556640625, dataloading_time : 0.0005872249603271484,forward_time :0.029427289962768555, backward_time: 0.06596899032592773, optim time :0.007019758224487305

[Rank 0] time (ms) | optimizer_step: 2.92
[Rank 0] time (ms) | fwd_microstep: 39.68 | bwd_microstep: 52.81 | bwd_inner_microstep: 52.10 | bwd_allreduce_microstep: 0.65 | step_microstep: 6.74
Local>>>>>> step_time: 0.10304450988769531, dataloading_time : 0.0011000633239746094,forward_time :0.029041051864624023, backward_time: 0.06592965126037598, optim time :0.006972074508666992
[Rank 0] time (ms) | fwd: 39.68 | bwd: 52.81 | bwd_inner: 52.11 | bwd_allreduce: 0.66 | step: 6.74
Local>>>>>> step_time: 0.10306954383850098, dataloading_time : 0.0008351802825927734,forward_time :0.02939128875732422, backward_time: 0.06585454940795898, optim time :0.006987333297729492
[Rank 0] time (ms) | optimizer_step: 2.92
[Rank 0] time (ms) | fwd_microstep: 39.86 | bwd_microstep: 52.69 | bwd_inner_microstep: 52.06 | bwd_allreduce_microstep: 0.58 | step_microstep: 6.79
[Rank 0] time (ms) | fwd: 39.86 | bwd: 52.69 | bwd_inner: 52.07 | bwd_allreduce: 0.58 | step: 6.79
Local>>>>>> step_time: 0.10328531265258789, dataloading_time : 0.0010821819305419922,forward_time :0.02920675277709961, backward_time: 0.06595396995544434, optim time :0.007034778594970703
Local>>>>>> step_time: 0.10328078269958496, dataloading_time : 0.0009212493896484375,forward_time :0.029576539993286133, backward_time: 0.0657343864440918, optim time :0.007047176361083984
[Rank 0] Step 19: loss=1.8047, time=0.103s, alloc_mem=2.82 GB, peak_mem=5.80 GB
[Rank 1] Step 19: loss=1.5625, time=0.103s, alloc_mem=2.82 GB, peak_mem=5.80 GB

============================================================
[Rank 0] FINAL RESULTS
============================================================

  Config: configs/baseline.json[Rank 1] FINAL RESULTS

  Model: hidden_dim=1024, num_layers=12  Config: configs/baseline.json

  Model: hidden_dim=1024, num_layers=12  Parameters: 254,655,569

  Batch size: 16, Seq length: 512
  Parameters: 254,655,569  Average step time: 0.103s

  Batch size: 16, Seq length: 512
  Peak memory: 5.80 GB
  Average step time: 0.103s
  Final allocated memory: 2.82 GB
============================================================  Peak memory: 5.80 GB

  Final allocated memory: 2.82 GBSUMMARY: config=configs/baseline.json params=254655569 peak_mem_bytes=6229877760 alloc_mem_bytes=3028966400 avg_step_time=0.1031

============================================================
SUMMARY: config=configs/baseline.json params=254655569 peak_mem_bytes=6229877760 alloc_mem_bytes=3028966400 avg_step_time=0.1031
[rank0]:[W120 11:57:23.673783098 ProcessGroupNCCL.cpp:1250] Warning: WARNING: process group has NOT been destroyed before we destruct ProcessGroupNCCL. On normal program exit, the application should call destroy_process_group to ensure that any pending NCCL operations have finished in this process. In rare cases this process can exit before this point and block the progress of another member of the process group. This constraint has always been present,  but this warning has only been added since PyTorch 2.4 (function operator())
[2026-01-20 11:57:25,493] [INFO] [launch.py:367:main] Process 1955921 exits successfully.
[2026-01-20 11:57:25,493] [INFO] [launch.py:367:main] Process 1955922 exits successfully.
