Wrote configs/baseline.json
Wrote configs/bf16_full.json
==============================================
BF16 Low-Precision Master Weights Memory Test
==============================================
Configuration:
  NUM_GPUS: 2
  NUM_LAYERS: 12
  HIDDEN_DIM: 1024
  BATCH_SIZE: 2
  SEQ_LENGTH: 512
  NUM_STEPS: 10
  LOG_DIR: logs/20260119_140859-2
==============================================

[1/2] Running BASELINE (bf16 with fp32 master weights/grads/optimizer states)...
----------------------------------------------
Warning: The cache directory for DeepSpeed Triton autotune, /home/bigyang/.triton/autotune, appears to be on an NFS system. While this is generally acceptable, if you experience slowdowns or hanging when DeepSpeed exits, it is recommended to set the TRITON_CACHE_DIR environment variable to a non-NFS path.
[2026-01-19 14:09:08,276] [WARNING] [runner.py:232:fetch_hostfile] Unable to find hostfile, will proceed with training with local resources only.
Detected VISIBLE_DEVICES=0,1 but ignoring it because one or several of --include/--exclude/--num_gpus/--num_nodes cl args were used. If you want to use CUDA_VISIBLE_DEVICES don't pass any of these arguments to deepspeed.
[2026-01-19 14:09:08,277] [INFO] [runner.py:630:main] cmd = /home/bigyang/micromamba/envs/ds-hf/bin/python -u -m deepspeed.launcher.launch --world_info=eyJsb2NhbGhvc3QiOiBbMCwgMV19 --master_addr=127.0.0.1 --master_port=29600 --enable_each_rank_log=None --log_level=info train_gpt.py --deepspeed_config configs/baseline.json --num_layers 12 --hidden_dim 1024 --batch_size 2 --seq_length 512 --num_steps 10 --warmup_steps 5 --activation_checkpointing --use_real_data --seed 42
Warning: The cache directory for DeepSpeed Triton autotune, /home/bigyang/.triton/autotune, appears to be on an NFS system. While this is generally acceptable, if you experience slowdowns or hanging when DeepSpeed exits, it is recommended to set the TRITON_CACHE_DIR environment variable to a non-NFS path.
[2026-01-19 14:09:13,512] [INFO] [launch.py:162:main] WORLD INFO DICT: {'localhost': [0, 1]}
[2026-01-19 14:09:13,512] [INFO] [launch.py:168:main] nnodes=1, num_local_procs=2, node_rank=0
[2026-01-19 14:09:13,512] [INFO] [launch.py:179:main] global_rank_mapping=defaultdict(<class 'list'>, {'localhost': [0, 1]})
[2026-01-19 14:09:13,512] [INFO] [launch.py:180:main] dist_world_size=2
[2026-01-19 14:09:13,512] [INFO] [launch.py:184:main] Setting CUDA_VISIBLE_DEVICES=0,1
[2026-01-19 14:09:13,513] [INFO] [launch.py:272:main] process 1741948 spawned with command: ['/home/bigyang/micromamba/envs/ds-hf/bin/python', '-u', 'train_gpt.py', '--local_rank=0', '--deepspeed_config', 'configs/baseline.json', '--num_layers', '12', '--hidden_dim', '1024', '--batch_size', '2', '--seq_length', '512', '--num_steps', '10', '--warmup_steps', '5', '--activation_checkpointing', '--use_real_data', '--seed', '42']
[2026-01-19 14:09:13,513] [INFO] [launch.py:272:main] process 1741949 spawned with command: ['/home/bigyang/micromamba/envs/ds-hf/bin/python', '-u', 'train_gpt.py', '--local_rank=1', '--deepspeed_config', 'configs/baseline.json', '--num_layers', '12', '--hidden_dim', '1024', '--batch_size', '2', '--seq_length', '512', '--num_steps', '10', '--warmup_steps', '5', '--activation_checkpointing', '--use_real_data', '--seed', '42']
Warning: The cache directory for DeepSpeed Triton autotune, /home/bigyang/.triton/autotune, appears to be on an NFS system. While this is generally acceptable, if you experience slowdowns or hanging when DeepSpeed exits, it is recommended to set the TRITON_CACHE_DIR environment variable to a non-NFS path.
Warning: The cache directory for DeepSpeed Triton autotune, /home/bigyang/.triton/autotune, appears to be on an NFS system. While this is generally acceptable, if you experience slowdowns or hanging when DeepSpeed exits, it is recommended to set the TRITON_CACHE_DIR environment variable to a non-NFS path.
[Rank 0] Loading wikitext dataset...
[Rank 1] Loading wikitext dataset...
[Rank 0] Dataset loaded: 39531 examples, vocab_size=50257[Rank 1] Dataset loaded: 39531 examples, vocab_size=50257

[Rank 1] Creating model with hidden_dim=1024, num_layers=12, num_heads=16, vocab_size=50257
[Rank 0] Creating model with hidden_dim=1024, num_layers=12, num_heads=16, vocab_size=50257
[Rank 1] Model parameters: 124,439,808 total, 124,439,808 trainable
[Rank 1] Activation checkpointing enabled
[Rank 0] Model parameters: 124,439,808 total, 124,439,808 trainable
[Rank 0] Activation checkpointing enabled
/home/bigyang/micromamba/envs/ds-hf/lib/python3.11/site-packages/torch/utils/cpp_extension.py:1964: UserWarning: TORCH_CUDA_ARCH_LIST is not set, all archs for visible cards are included for compilation. 
If this is not desired, please set os.environ['TORCH_CUDA_ARCH_LIST'].
  warnings.warn(
Stage 3 initialize beginning
MA 0.25 GB         Max_MA 0.25 GB         CA 0.26 GB         Max_CA 0 GB 
CPU Virtual Memory:  used = 36.43 GB, percent = 3.6%
DeepSpeedZeRoOffload initialize [begin]
MA 0.25 GB         Max_MA 0.39 GB         CA 0.41 GB         Max_CA 0 GB 
CPU Virtual Memory:  used = 36.54 GB, percent = 3.6%
Parameter Offload - Persistent parameters statistics: param_count = 0, numel = 0
DeepSpeedZeRoOffload initialize [end]
MA 0.13 GB         Max_MA 0.29 GB         CA 0.41 GB         Max_CA 0 GB 
CPU Virtual Memory:  used = 36.54 GB, percent = 3.6%
Before creating fp16 partitions
MA 0.13 GB         Max_MA 0.13 GB         CA 0.41 GB         Max_CA 0 GB 
CPU Virtual Memory:  used = 36.55 GB, percent = 3.6%
After creating fp16 partitions: 1
MA 0.13 GB         Max_MA 0.13 GB         CA 0.13 GB         Max_CA 0 GB 
CPU Virtual Memory:  used = 36.56 GB, percent = 3.6%
Before creating fp32 partitions
MA 0.13 GB         Max_MA 0.13 GB         CA 0.13 GB         Max_CA 0 GB 
CPU Virtual Memory:  used = 36.57 GB, percent = 3.6%
After creating fp32 partitions
MA 0.36 GB         Max_MA 0.59 GB         CA 0.6 GB         Max_CA 1 GB 
CPU Virtual Memory:  used = 36.57 GB, percent = 3.6%
Before initializing optimizer states
MA 0.36 GB         Max_MA 0.36 GB         CA 0.6 GB         Max_CA 1 GB 
CPU Virtual Memory:  used = 36.57 GB, percent = 3.6%
[Rank 0] time (ms) | init_optimizer_state: 0.04
After initializing optimizer states
MA 0.36 GB         Max_MA 0.59 GB         CA 0.6 GB         Max_CA 1 GB 
CPU Virtual Memory:  used = 36.58 GB, percent = 3.6%
[Rank 1] DeepSpeed initialized with config: configs/baseline.json
[Rank 1] Memory after init: allocated=0.57 GB, reserved=0.74 GB
After initializing ZeRO optimizer
MA 0.57 GB         Max_MA 0.71 GB         CA 0.74 GB         Max_CA 1 GB 
CPU Virtual Memory:  used = 36.61 GB, percent = 3.6%
[Rank 0] DeepSpeed initialized with config: configs/baseline.json
[Rank 0] Memory after init: allocated=0.57 GB, reserved=0.74 GB
`use_cache=True` is incompatible with gradient checkpointing. Setting `use_cache=False`...
`use_cache=True` is incompatible with gradient checkpointing. Setting `use_cache=False`...
`loss_type=None` was set in the config but it is unrecognized. Using the default loss: `ForCausalLMLoss`.
`loss_type=None` was set in the config but it is unrecognized. Using the default loss: `ForCausalLMLoss`.
[Rank 0] time (ms) | optimizer_step: 3.90
[Rank 0] time (ms) | fwd_microstep: 872.81 | bwd_microstep: 280.56 | bwd_inner_microstep: 279.83 | bwd_allreduce_microstep: 0.60 | step_microstep: 231.45
[Rank 0] time (ms) | fwd: 872.80 | bwd: 280.56 | bwd_inner: 279.84 | bwd_allreduce: 0.60 | step: 231.45
[Rank 0] Step 0: loss=11.4755, time=1.697s, alloc_mem=1.19 GB, peak_mem=1.42 GB
[Rank 1] Step 0: loss=11.3859, time=1.869s, alloc_mem=1.19 GB, peak_mem=1.42 GB
[Rank 0] time (ms) | optimizer_step: 1.87
[Rank 0] time (ms) | fwd_microstep: 240.22 | bwd_microstep: 229.93 | bwd_inner_microstep: 229.33 | bwd_allreduce_microstep: 0.51 | step_microstep: 5.83
[Rank 0] time (ms) | fwd: 240.21 | bwd: 229.93 | bwd_inner: 229.34 | bwd_allreduce: 0.51 | step: 5.83
[Rank 0] time (ms) | optimizer_step: 1.84
[Rank 0] time (ms) | fwd_microstep: 31.88 | bwd_microstep: 66.30 | bwd_inner_microstep: 65.74 | bwd_allreduce_microstep: 0.51 | step_microstep: 5.71
[Rank 0] time (ms) | fwd: 31.87 | bwd: 66.31 | bwd_inner: 65.76 | bwd_allreduce: 0.51 | step: 5.71
[Rank 0] time (ms) | optimizer_step: 1.85
[Rank 0] time (ms) | fwd_microstep: 31.60 | bwd_microstep: 67.38 | bwd_inner_microstep: 66.60 | bwd_allreduce_microstep: 0.73 | step_microstep: 5.71
[Rank 0] time (ms) | fwd: 31.59 | bwd: 67.39 | bwd_inner: 66.61 | bwd_allreduce: 0.73 | step: 5.71
[Rank 0] time (ms) | optimizer_step: 1.85
[Rank 0] time (ms) | fwd_microstep: 30.55 | bwd_microstep: 66.87 | bwd_inner_microstep: 66.28 | bwd_allreduce_microstep: 0.54 | step_microstep: 5.69
[Rank 0] time (ms) | fwd: 30.54 | bwd: 66.88 | bwd_inner: 66.30 | bwd_allreduce: 0.54 | step: 5.70
[Rank 0] time (ms) | optimizer_step: 1.85
[Rank 0] time (ms) | fwd_microstep: 30.56 | bwd_microstep: 67.07 | bwd_inner_microstep: 66.12 | bwd_allreduce_microstep: 0.90 | step_microstep: 5.69
[Rank 0] time (ms) | fwd: 30.55 | bwd: 67.07 | bwd_inner: 66.13 | bwd_allreduce: 0.90 | step: 5.70
[Rank 0] Step 5: loss=4.7686, time=0.105s, alloc_mem=1.19 GB, peak_mem=2.02 GB
[Rank 1] Step 5: loss=4.3611, time=0.105s, alloc_mem=1.19 GB, peak_mem=2.02 GB
[Rank 0] time (ms) | optimizer_step: 1.85
[Rank 0] time (ms) | fwd_microstep: 31.12 | bwd_microstep: 69.82 | bwd_inner_microstep: 67.72 | bwd_allreduce_microstep: 2.05 | step_microstep: 5.70
[Rank 0] time (ms) | fwd: 31.11 | bwd: 69.83 | bwd_inner: 67.74 | bwd_allreduce: 2.05 | step: 5.70
[Rank 0] time (ms) | optimizer_step: 1.86
[Rank 0] time (ms) | fwd_microstep: 30.59 | bwd_microstep: 66.83 | bwd_inner_microstep: 65.99 | bwd_allreduce_microstep: 0.79 | step_microstep: 5.68
[Rank 0] time (ms) | fwd: 30.58 | bwd: 66.84 | bwd_inner: 66.00 | bwd_allreduce: 0.79 | step: 5.68
[Rank 0] time (ms) | optimizer_step: 1.89
[Rank 0] time (ms) | fwd_microstep: 30.67 | bwd_microstep: 66.58 | bwd_inner_microstep: 65.73 | bwd_allreduce_microstep: 0.78 | step_microstep: 5.86
[Rank 0] time (ms) | fwd: 30.66 | bwd: 66.58 | bwd_inner: 65.75 | bwd_allreduce: 0.78 | step: 5.86
[Rank 0] time (ms) | optimizer_step: 1.85
[Rank 0] time (ms) | fwd_microstep: 30.68 | bwd_microstep: 68.61 | bwd_inner_microstep: 65.42 | bwd_allreduce_microstep: 3.14 | step_microstep: 5.66
[Rank 0] time (ms) | fwd: 30.67 | bwd: 68.61 | bwd_inner: 65.43 | bwd_allreduce: 3.14 | step: 5.66
[Rank 0] Step 9: loss=2.9399, time=0.106s, alloc_mem=1.19 GB, peak_mem=2.02 GB
[Rank 1] Step 9: loss=1.6235, time=0.105s, alloc_mem=1.19 GB, peak_mem=2.02 GB

============================================================
[Rank 0] FINAL RESULTS
  Config: configs/baseline.json
  Model: hidden_dim=1024, num_layers=12
  Parameters: 124,439,808
  Batch size: 2, Seq length: 512
============================================================

  Average step time: 0.105s[Rank 1] FINAL RESULTS

  Peak memory: 2.02 GB  Config: configs/baseline.json

  Final allocated memory: 1.19 GB
============================================================  Model: hidden_dim=1024, num_layers=12

SUMMARY: config=configs/baseline.json batch_size=2 params=124439808 peak_mem_bytes=2171497984 alloc_mem_bytes=1280200704 avg_step_time=0.1054
  Parameters: 124,439,808
  Batch size: 2, Seq length: 512
  Average step time: 0.105s
  Peak memory: 2.02 GB
  Final allocated memory: 1.19 GB
============================================================
SUMMARY: config=configs/baseline.json batch_size=2 params=124439808 peak_mem_bytes=2171497984 alloc_mem_bytes=1280200704 avg_step_time=0.1054
[rank0]:[W119 14:09:50.253965245 ProcessGroupNCCL.cpp:1250] Warning: WARNING: process group has NOT been destroyed before we destruct ProcessGroupNCCL. On normal program exit, the application should call destroy_process_group to ensure that any pending NCCL operations have finished in this process. In rare cases this process can exit before this point and block the progress of another member of the process group. This constraint has always been present,  but this warning has only been added since PyTorch 2.4 (function operator())
[2026-01-19 14:09:52,525] [INFO] [launch.py:367:main] Process 1741948 exits successfully.
[2026-01-19 14:09:52,525] [INFO] [launch.py:367:main] Process 1741949 exits successfully.

[2/2] Running BF16_FULL (bf16 master weights, gradients, and optimizer states)...
----------------------------------------------
Warning: The cache directory for DeepSpeed Triton autotune, /home/bigyang/.triton/autotune, appears to be on an NFS system. While this is generally acceptable, if you experience slowdowns or hanging when DeepSpeed exits, it is recommended to set the TRITON_CACHE_DIR environment variable to a non-NFS path.
[2026-01-19 14:10:02,042] [WARNING] [runner.py:232:fetch_hostfile] Unable to find hostfile, will proceed with training with local resources only.
Detected VISIBLE_DEVICES=0,1 but ignoring it because one or several of --include/--exclude/--num_gpus/--num_nodes cl args were used. If you want to use CUDA_VISIBLE_DEVICES don't pass any of these arguments to deepspeed.
[2026-01-19 14:10:02,042] [INFO] [runner.py:630:main] cmd = /home/bigyang/micromamba/envs/ds-hf/bin/python -u -m deepspeed.launcher.launch --world_info=eyJsb2NhbGhvc3QiOiBbMCwgMV19 --master_addr=127.0.0.1 --master_port=29600 --enable_each_rank_log=None --log_level=info train_gpt.py --deepspeed_config configs/bf16_full.json --num_layers 12 --hidden_dim 1024 --batch_size 2 --seq_length 512 --num_steps 10 --warmup_steps 5 --activation_checkpointing --use_real_data --seed 42
Warning: The cache directory for DeepSpeed Triton autotune, /home/bigyang/.triton/autotune, appears to be on an NFS system. While this is generally acceptable, if you experience slowdowns or hanging when DeepSpeed exits, it is recommended to set the TRITON_CACHE_DIR environment variable to a non-NFS path.
[2026-01-19 14:10:07,376] [INFO] [launch.py:162:main] WORLD INFO DICT: {'localhost': [0, 1]}
[2026-01-19 14:10:07,376] [INFO] [launch.py:168:main] nnodes=1, num_local_procs=2, node_rank=0
[2026-01-19 14:10:07,376] [INFO] [launch.py:179:main] global_rank_mapping=defaultdict(<class 'list'>, {'localhost': [0, 1]})
[2026-01-19 14:10:07,376] [INFO] [launch.py:180:main] dist_world_size=2
[2026-01-19 14:10:07,376] [INFO] [launch.py:184:main] Setting CUDA_VISIBLE_DEVICES=0,1
[2026-01-19 14:10:07,377] [INFO] [launch.py:272:main] process 1742976 spawned with command: ['/home/bigyang/micromamba/envs/ds-hf/bin/python', '-u', 'train_gpt.py', '--local_rank=0', '--deepspeed_config', 'configs/bf16_full.json', '--num_layers', '12', '--hidden_dim', '1024', '--batch_size', '2', '--seq_length', '512', '--num_steps', '10', '--warmup_steps', '5', '--activation_checkpointing', '--use_real_data', '--seed', '42']
[2026-01-19 14:10:07,377] [INFO] [launch.py:272:main] process 1742977 spawned with command: ['/home/bigyang/micromamba/envs/ds-hf/bin/python', '-u', 'train_gpt.py', '--local_rank=1', '--deepspeed_config', 'configs/bf16_full.json', '--num_layers', '12', '--hidden_dim', '1024', '--batch_size', '2', '--seq_length', '512', '--num_steps', '10', '--warmup_steps', '5', '--activation_checkpointing', '--use_real_data', '--seed', '42']
Warning: The cache directory for DeepSpeed Triton autotune, /home/bigyang/.triton/autotune, appears to be on an NFS system. While this is generally acceptable, if you experience slowdowns or hanging when DeepSpeed exits, it is recommended to set the TRITON_CACHE_DIR environment variable to a non-NFS path.
Warning: The cache directory for DeepSpeed Triton autotune, /home/bigyang/.triton/autotune, appears to be on an NFS system. While this is generally acceptable, if you experience slowdowns or hanging when DeepSpeed exits, it is recommended to set the TRITON_CACHE_DIR environment variable to a non-NFS path.
[Rank 0] Loading wikitext dataset...
[Rank 1] Loading wikitext dataset...
[Rank 1] Dataset loaded: 39531 examples, vocab_size=50257
[Rank 1] Creating model with hidden_dim=1024, num_layers=12, num_heads=16, vocab_size=50257
[Rank 0] Dataset loaded: 39531 examples, vocab_size=50257
[Rank 0] Creating model with hidden_dim=1024, num_layers=12, num_heads=16, vocab_size=50257
Warning: You are sending unauthenticated requests to the HF Hub. Please set a HF_TOKEN to enable higher rate limits and faster downloads.
[Rank 0] Model parameters: 124,439,808 total, 124,439,808 trainable
[Rank 0] Activation checkpointing enabled
[Rank 1] Model parameters: 124,439,808 total, 124,439,808 trainable
[Rank 1] Activation checkpointing enabled
/home/bigyang/micromamba/envs/ds-hf/lib/python3.11/site-packages/torch/utils/cpp_extension.py:1964: UserWarning: TORCH_CUDA_ARCH_LIST is not set, all archs for visible cards are included for compilation. 
If this is not desired, please set os.environ['TORCH_CUDA_ARCH_LIST'].
  warnings.warn(
Stage 3 initialize beginning
MA 0.25 GB         Max_MA 0.25 GB         CA 0.26 GB         Max_CA 0 GB 
CPU Virtual Memory:  used = 36.58 GB, percent = 3.6%
DeepSpeedZeRoOffload initialize [begin]
MA 0.25 GB         Max_MA 0.39 GB         CA 0.41 GB         Max_CA 0 GB 
CPU Virtual Memory:  used = 36.6 GB, percent = 3.6%
Parameter Offload - Persistent parameters statistics: param_count = 0, numel = 0
DeepSpeedZeRoOffload initialize [end]
MA 0.13 GB         Max_MA 0.29 GB         CA 0.41 GB         Max_CA 0 GB 
CPU Virtual Memory:  used = 36.6 GB, percent = 3.6%
Before creating fp16 partitions
MA 0.13 GB         Max_MA 0.13 GB         CA 0.41 GB         Max_CA 0 GB 
CPU Virtual Memory:  used = 36.6 GB, percent = 3.6%
After creating fp16 partitions: 1
MA 0.13 GB         Max_MA 0.13 GB         CA 0.13 GB         Max_CA 0 GB 
CPU Virtual Memory:  used = 36.73 GB, percent = 3.6%
Before creating fp32 partitions
MA 0.13 GB         Max_MA 0.13 GB         CA 0.13 GB         Max_CA 0 GB 
CPU Virtual Memory:  used = 36.73 GB, percent = 3.6%
After creating fp32 partitions
MA 0.24 GB         Max_MA 0.24 GB         CA 0.25 GB         Max_CA 0 GB 
CPU Virtual Memory:  used = 36.61 GB, percent = 3.6%
Before initializing optimizer states
MA 0.24 GB         Max_MA 0.24 GB         CA 0.25 GB         Max_CA 0 GB 
CPU Virtual Memory:  used = 36.62 GB, percent = 3.6%
[Rank 0] time (ms) | init_optimizer_state: 0.04
After initializing optimizer states
MA 0.24 GB         Max_MA 0.36 GB         CA 0.37 GB         Max_CA 0 GB 
CPU Virtual Memory:  used = 36.62 GB, percent = 3.6%
[Rank 1] DeepSpeed initialized with config: configs/bf16_full.json
[Rank 1] Memory after init: allocated=0.45 GB, reserved=0.63 GB
After initializing ZeRO optimizer
MA 0.45 GB         Max_MA 0.6 GB         CA 0.63 GB         Max_CA 1 GB 
CPU Virtual Memory:  used = 36.65 GB, percent = 3.6%
[Rank 0] DeepSpeed initialized with config: configs/bf16_full.json
[Rank 0] Memory after init: allocated=0.45 GB, reserved=0.63 GB
`use_cache=True` is incompatible with gradient checkpointing. Setting `use_cache=False`...
`use_cache=True` is incompatible with gradient checkpointing. Setting `use_cache=False`...
`loss_type=None` was set in the config but it is unrecognized. Using the default loss: `ForCausalLMLoss`.
`loss_type=None` was set in the config but it is unrecognized. Using the default loss: `ForCausalLMLoss`.
[Rank 0] time (ms) | optimizer_step: 2.01
[Rank 0] time (ms) | fwd_microstep: 189.13 | bwd_microstep: 144.29 | bwd_inner_microstep: 143.18 | bwd_allreduce_microstep: 0.98 | step_microstep: 31.95
[Rank 0] time (ms) | fwd: 189.14 | bwd: 144.28 | bwd_inner: 143.18 | bwd_allreduce: 0.98 | step: 31.95
[Rank 0] Step 0: loss=11.4754, time=0.606s, alloc_mem=0.84 GB, peak_mem=1.25 GB
[Rank 1] Step 0: loss=11.3859, time=0.752s, alloc_mem=0.84 GB, peak_mem=1.25 GB
[Rank 0] time (ms) | optimizer_step: 1.69
[Rank 0] time (ms) | fwd_microstep: 238.06 | bwd_microstep: 243.01 | bwd_inner_microstep: 231.40 | bwd_allreduce_microstep: 11.52 | step_microstep: 5.73
[Rank 0] time (ms) | fwd: 238.05 | bwd: 243.01 | bwd_inner: 231.42 | bwd_allreduce: 11.52 | step: 5.73
[Rank 0] time (ms) | optimizer_step: 1.69
[Rank 0] time (ms) | fwd_microstep: 32.47 | bwd_microstep: 70.54 | bwd_inner_microstep: 69.72 | bwd_allreduce_microstep: 0.77 | step_microstep: 5.69
[Rank 0] time (ms) | fwd: 32.46 | bwd: 70.54 | bwd_inner: 69.73 | bwd_allreduce: 0.77 | step: 5.69
[Rank 0] time (ms) | optimizer_step: 1.69
[Rank 0] time (ms) | fwd_microstep: 31.89 | bwd_microstep: 72.14 | bwd_inner_microstep: 69.95 | bwd_allreduce_microstep: 2.13 | step_microstep: 5.67
[Rank 0] time (ms) | fwd: 31.89 | bwd: 72.14 | bwd_inner: 69.97 | bwd_allreduce: 2.13 | step: 5.67
[Rank 0] time (ms) | optimizer_step: 1.71
[Rank 0] time (ms) | fwd_microstep: 31.98 | bwd_microstep: 69.84 | bwd_inner_microstep: 69.09 | bwd_allreduce_microstep: 0.70 | step_microstep: 5.70
[Rank 0] time (ms) | fwd: 31.97 | bwd: 69.85 | bwd_inner: 69.10 | bwd_allreduce: 0.70 | step: 5.70
[Rank 0] time (ms) | optimizer_step: 1.70
[Rank 0] time (ms) | fwd_microstep: 31.88 | bwd_microstep: 71.02 | bwd_inner_microstep: 69.33 | bwd_allreduce_microstep: 1.64 | step_microstep: 5.68
[Rank 0] time (ms) | fwd: 31.88 | bwd: 71.02 | bwd_inner: 69.34 | bwd_allreduce: 1.64 | step: 5.68
[Rank 0] Step 5: loss=4.7767, time=0.110s, alloc_mem=0.84 GB, peak_mem=1.67 GB
[Rank 1] Step 5: loss=4.3653, time=0.110s, alloc_mem=0.84 GB, peak_mem=1.67 GB
[Rank 0] time (ms) | optimizer_step: 1.71
[Rank 0] time (ms) | fwd_microstep: 31.92 | bwd_microstep: 72.09 | bwd_inner_microstep: 69.98 | bwd_allreduce_microstep: 2.06 | step_microstep: 5.69
[Rank 0] time (ms) | fwd: 31.91 | bwd: 72.10 | bwd_inner: 70.00 | bwd_allreduce: 2.05 | step: 5.69
[Rank 0] time (ms) | optimizer_step: 1.71
[Rank 0] time (ms) | fwd_microstep: 31.98 | bwd_microstep: 70.71 | bwd_inner_microstep: 69.45 | bwd_allreduce_microstep: 1.21 | step_microstep: 5.71
[Rank 0] time (ms) | fwd: 31.98 | bwd: 70.71 | bwd_inner: 69.46 | bwd_allreduce: 1.21 | step: 5.71
[Rank 0] time (ms) | optimizer_step: 1.68
[Rank 0] time (ms) | fwd_microstep: 31.75 | bwd_microstep: 70.80 | bwd_inner_microstep: 69.37 | bwd_allreduce_microstep: 1.37 | step_microstep: 5.69
[Rank 0] time (ms) | fwd: 31.75 | bwd: 70.81 | bwd_inner: 69.38 | bwd_allreduce: 1.38 | step: 5.69
[Rank 0] time (ms) | optimizer_step: 1.69
[Rank 0] time (ms) | fwd_microstep: 32.03 | bwd_microstep: 70.82 | bwd_inner_microstep: 69.64 | bwd_allreduce_microstep: 1.12 | step_microstep: 6.52
[Rank 0] time (ms) | fwd: 32.02 | bwd: 70.82 | bwd_inner: 69.65 | bwd_allreduce: 1.13 | step: 6.52
[Rank 0] Step 9: loss=2.9557, time=0.111s, alloc_mem=0.84 GB, peak_mem=1.67 GB
[Rank 1] Step 9: loss=1.6460, time=0.111s, alloc_mem=0.84 GB, peak_mem=1.67 GB

============================================================
[Rank 0] FINAL RESULTS
  Config: configs/bf16_full.json
  Model: hidden_dim=1024, num_layers=12
  Parameters: 124,439,808
  Batch size: 2, Seq length: 512
  Average step time: 0.110s
  Peak memory: 1.67 GB
  Final allocated memory: 0.84 GB
============================================================
SUMMARY: config=configs/bf16_full.json batch_size=2 params=124439808 peak_mem_bytes=1797713920 alloc_mem_bytes=904837632 avg_step_time=0.1101

============================================================
[Rank 1] FINAL RESULTS
  Config: configs/bf16_full.json
  Model: hidden_dim=1024, num_layers=12
  Parameters: 124,439,808
  Batch size: 2, Seq length: 512
  Average step time: 0.110s
  Peak memory: 1.67 GB
  Final allocated memory: 0.84 GB
============================================================
SUMMARY: config=configs/bf16_full.json batch_size=2 params=124439808 peak_mem_bytes=1797713920 alloc_mem_bytes=904837632 avg_step_time=0.1101
[rank0]:[W119 14:10:25.815992082 ProcessGroupNCCL.cpp:1250] Warning: WARNING: process group has NOT been destroyed before we destruct ProcessGroupNCCL. On normal program exit, the application should call destroy_process_group to ensure that any pending NCCL operations have finished in this process. In rare cases this process can exit before this point and block the progress of another member of the process group. This constraint has always been present,  but this warning has only been added since PyTorch 2.4 (function operator())
[2026-01-19 14:10:27,389] [INFO] [launch.py:367:main] Process 1742976 exits successfully.
[2026-01-19 14:10:28,390] [INFO] [launch.py:367:main] Process 1742977 exits successfully.

==============================================
All runs complete. Gathering results...
==============================================
================================================================================
BF16 Low-Precision Master Weights - Memory Usage Comparison
================================================================================

Configuration                            Peak Memory     Reduction       Step Time   
--------------------------------------------------------------------------------
Baseline (fp32 master)                   2.02 GB         -               0.1054s     
bf16_full (master + opt states)          1.67 GB         +17.2%          0.1101s     
--------------------------------------------------------------------------------

Detailed Results:
----------------------------------------

Baseline (fp32 master):
  Parameters: 124,439,808
  Peak Memory: 2.02 GB (2,171,497,984 bytes)
  Allocated Memory: 1.19 GB (1,280,200,704 bytes)
  Avg Step Time: 0.1054s

bf16_full (master + opt states):
  Parameters: 124,439,808
  Peak Memory: 1.67 GB (1,797,713,920 bytes)
  Allocated Memory: 0.84 GB (904,837,632 bytes)
  Avg Step Time: 0.1101s

================================================================================

Markdown Table (for README):
----------------------------------------

| Configuration | Peak Memory | Memory Reduction | Avg Step Time |
|---------------|-------------|------------------|---------------|
| Baseline (fp32 master) | 2.02 GB | - | 0.1054s |
| bf16_full (master + opt states) | 1.67 GB | +17.2% | 0.1101s |


Summary saved to: logs/20260119_140859-2/summary.txt

Results saved to: logs/20260119_140859-2/summary.txt
==============================================
Wrote configs/baseline.json
Wrote configs/bf16_full.json
==============================================
BF16 Low-Precision Master Weights Memory Test
==============================================
Configuration:
  NUM_GPUS: 2
  NUM_LAYERS: 12
  HIDDEN_DIM: 1024
  BATCH_SIZE: 4
  SEQ_LENGTH: 512
  NUM_STEPS: 10
  LOG_DIR: logs/20260119_141031-4
==============================================

[1/2] Running BASELINE (bf16 with fp32 master weights/grads/optimizer states)...
----------------------------------------------
Warning: The cache directory for DeepSpeed Triton autotune, /home/bigyang/.triton/autotune, appears to be on an NFS system. While this is generally acceptable, if you experience slowdowns or hanging when DeepSpeed exits, it is recommended to set the TRITON_CACHE_DIR environment variable to a non-NFS path.
[2026-01-19 14:10:37,476] [WARNING] [runner.py:232:fetch_hostfile] Unable to find hostfile, will proceed with training with local resources only.
Detected VISIBLE_DEVICES=0,1 but ignoring it because one or several of --include/--exclude/--num_gpus/--num_nodes cl args were used. If you want to use CUDA_VISIBLE_DEVICES don't pass any of these arguments to deepspeed.
[2026-01-19 14:10:37,476] [INFO] [runner.py:630:main] cmd = /home/bigyang/micromamba/envs/ds-hf/bin/python -u -m deepspeed.launcher.launch --world_info=eyJsb2NhbGhvc3QiOiBbMCwgMV19 --master_addr=127.0.0.1 --master_port=29600 --enable_each_rank_log=None --log_level=info train_gpt.py --deepspeed_config configs/baseline.json --num_layers 12 --hidden_dim 1024 --batch_size 4 --seq_length 512 --num_steps 10 --warmup_steps 5 --activation_checkpointing --use_real_data --seed 42
Warning: The cache directory for DeepSpeed Triton autotune, /home/bigyang/.triton/autotune, appears to be on an NFS system. While this is generally acceptable, if you experience slowdowns or hanging when DeepSpeed exits, it is recommended to set the TRITON_CACHE_DIR environment variable to a non-NFS path.
[2026-01-19 14:10:42,784] [INFO] [launch.py:162:main] WORLD INFO DICT: {'localhost': [0, 1]}
[2026-01-19 14:10:42,784] [INFO] [launch.py:168:main] nnodes=1, num_local_procs=2, node_rank=0
[2026-01-19 14:10:42,784] [INFO] [launch.py:179:main] global_rank_mapping=defaultdict(<class 'list'>, {'localhost': [0, 1]})
[2026-01-19 14:10:42,784] [INFO] [launch.py:180:main] dist_world_size=2
[2026-01-19 14:10:42,784] [INFO] [launch.py:184:main] Setting CUDA_VISIBLE_DEVICES=0,1
[2026-01-19 14:10:42,785] [INFO] [launch.py:272:main] process 1744094 spawned with command: ['/home/bigyang/micromamba/envs/ds-hf/bin/python', '-u', 'train_gpt.py', '--local_rank=0', '--deepspeed_config', 'configs/baseline.json', '--num_layers', '12', '--hidden_dim', '1024', '--batch_size', '4', '--seq_length', '512', '--num_steps', '10', '--warmup_steps', '5', '--activation_checkpointing', '--use_real_data', '--seed', '42']
[2026-01-19 14:10:42,785] [INFO] [launch.py:272:main] process 1744095 spawned with command: ['/home/bigyang/micromamba/envs/ds-hf/bin/python', '-u', 'train_gpt.py', '--local_rank=1', '--deepspeed_config', 'configs/baseline.json', '--num_layers', '12', '--hidden_dim', '1024', '--batch_size', '4', '--seq_length', '512', '--num_steps', '10', '--warmup_steps', '5', '--activation_checkpointing', '--use_real_data', '--seed', '42']
Warning: The cache directory for DeepSpeed Triton autotune, /home/bigyang/.triton/autotune, appears to be on an NFS system. While this is generally acceptable, if you experience slowdowns or hanging when DeepSpeed exits, it is recommended to set the TRITON_CACHE_DIR environment variable to a non-NFS path.
Warning: The cache directory for DeepSpeed Triton autotune, /home/bigyang/.triton/autotune, appears to be on an NFS system. While this is generally acceptable, if you experience slowdowns or hanging when DeepSpeed exits, it is recommended to set the TRITON_CACHE_DIR environment variable to a non-NFS path.
[Rank 0] Loading wikitext dataset...
[Rank 1] Loading wikitext dataset...
Warning: You are sending unauthenticated requests to the HF Hub. Please set a HF_TOKEN to enable higher rate limits and faster downloads.
[Rank 0] Dataset loaded: 39531 examples, vocab_size=50257
[Rank 1] Dataset loaded: 39531 examples, vocab_size=50257
[Rank 0] Creating model with hidden_dim=1024, num_layers=12, num_heads=16, vocab_size=50257
[Rank 1] Creating model with hidden_dim=1024, num_layers=12, num_heads=16, vocab_size=50257
[Rank 0] Model parameters: 124,439,808 total, 124,439,808 trainable
[Rank 0] Activation checkpointing enabled
[Rank 1] Model parameters: 124,439,808 total, 124,439,808 trainable
[Rank 1] Activation checkpointing enabled
/home/bigyang/micromamba/envs/ds-hf/lib/python3.11/site-packages/torch/utils/cpp_extension.py:1964: UserWarning: TORCH_CUDA_ARCH_LIST is not set, all archs for visible cards are included for compilation. 
If this is not desired, please set os.environ['TORCH_CUDA_ARCH_LIST'].
  warnings.warn(
Stage 3 initialize beginning
MA 0.25 GB         Max_MA 0.25 GB         CA 0.26 GB         Max_CA 0 GB 
CPU Virtual Memory:  used = 36.63 GB, percent = 3.6%
DeepSpeedZeRoOffload initialize [begin]
MA 0.25 GB         Max_MA 0.39 GB         CA 0.41 GB         Max_CA 0 GB 
CPU Virtual Memory:  used = 36.65 GB, percent = 3.6%
Parameter Offload - Persistent parameters statistics: param_count = 0, numel = 0
DeepSpeedZeRoOffload initialize [end]
MA 0.13 GB         Max_MA 0.29 GB         CA 0.41 GB         Max_CA 0 GB 
CPU Virtual Memory:  used = 36.65 GB, percent = 3.6%
Before creating fp16 partitions
MA 0.13 GB         Max_MA 0.13 GB         CA 0.41 GB         Max_CA 0 GB 
CPU Virtual Memory:  used = 36.65 GB, percent = 3.6%
After creating fp16 partitions: 1
MA 0.13 GB         Max_MA 0.13 GB         CA 0.13 GB         Max_CA 0 GB 
CPU Virtual Memory:  used = 36.65 GB, percent = 3.6%
Before creating fp32 partitions
MA 0.13 GB         Max_MA 0.13 GB         CA 0.13 GB         Max_CA 0 GB 
CPU Virtual Memory:  used = 36.65 GB, percent = 3.6%
After creating fp32 partitions
MA 0.36 GB         Max_MA 0.59 GB         CA 0.6 GB         Max_CA 1 GB 
CPU Virtual Memory:  used = 36.65 GB, percent = 3.6%
Before initializing optimizer states
MA 0.36 GB         Max_MA 0.36 GB         CA 0.6 GB         Max_CA 1 GB 
CPU Virtual Memory:  used = 36.65 GB, percent = 3.6%
[Rank 0] time (ms) | init_optimizer_state: 0.03
After initializing optimizer states
MA 0.36 GB         Max_MA 0.59 GB         CA 0.6 GB         Max_CA 1 GB 
CPU Virtual Memory:  used = 36.66 GB, percent = 3.6%
[Rank 1] DeepSpeed initialized with config: configs/baseline.json
[Rank 1] Memory after init: allocated=0.57 GB, reserved=0.74 GB
After initializing ZeRO optimizer
MA 0.57 GB         Max_MA 0.71 GB         CA 0.74 GB         Max_CA 1 GB 
CPU Virtual Memory:  used = 36.68 GB, percent = 3.6%
[Rank 0] DeepSpeed initialized with config: configs/baseline.json
[Rank 0] Memory after init: allocated=0.57 GB, reserved=0.74 GB
`use_cache=True` is incompatible with gradient checkpointing. Setting `use_cache=False`...
`use_cache=True` is incompatible with gradient checkpointing. Setting `use_cache=False`...
`loss_type=None` was set in the config but it is unrecognized. Using the default loss: `ForCausalLMLoss`.
`loss_type=None` was set in the config but it is unrecognized. Using the default loss: `ForCausalLMLoss`.
[Rank 0] time (ms) | optimizer_step: 2.47
[Rank 0] time (ms) | fwd_microstep: 168.93 | bwd_microstep: 139.80 | bwd_inner_microstep: 139.10 | bwd_allreduce_microstep: 0.55 | step_microstep: 32.85
[Rank 0] time (ms) | fwd: 168.94 | bwd: 139.79 | bwd_inner: 139.12 | bwd_allreduce: 0.55 | step: 32.85
[Rank 0] Step 0: loss=11.3115, time=0.734s, alloc_mem=1.29 GB, peak_mem=2.06 GB
[Rank 1] Step 0: loss=11.3042, time=0.868s, alloc_mem=1.29 GB, peak_mem=2.06 GB
[Rank 0] time (ms) | optimizer_step: 1.84
[Rank 0] time (ms) | fwd_microstep: 245.11 | bwd_microstep: 247.91 | bwd_inner_microstep: 247.19 | bwd_allreduce_microstep: 0.65 | step_microstep: 5.83
[Rank 0] time (ms) | fwd: 245.10 | bwd: 247.91 | bwd_inner: 247.20 | bwd_allreduce: 0.64 | step: 5.84
[Rank 0] time (ms) | optimizer_step: 1.82
[Rank 0] time (ms) | fwd_microstep: 32.99 | bwd_microstep: 66.45 | bwd_inner_microstep: 65.87 | bwd_allreduce_microstep: 0.53 | step_microstep: 5.68
[Rank 0] time (ms) | fwd: 32.98 | bwd: 66.45 | bwd_inner: 65.88 | bwd_allreduce: 0.53 | step: 5.69
[Rank 0] time (ms) | optimizer_step: 1.83
[Rank 0] time (ms) | fwd_microstep: 36.16 | bwd_microstep: 66.60 | bwd_inner_microstep: 66.00 | bwd_allreduce_microstep: 0.54 | step_microstep: 5.70
[Rank 0] time (ms) | fwd: 36.14 | bwd: 66.60 | bwd_inner: 66.02 | bwd_allreduce: 0.54 | step: 5.71
[Rank 0] time (ms) | optimizer_step: 1.82
[Rank 0] time (ms) | fwd_microstep: 32.26 | bwd_microstep: 66.83 | bwd_inner_microstep: 66.25 | bwd_allreduce_microstep: 0.52 | step_microstep: 5.61
[Rank 0] time (ms) | fwd: 32.26 | bwd: 66.83 | bwd_inner: 66.26 | bwd_allreduce: 0.52 | step: 5.61
[Rank 0] time (ms) | optimizer_step: 1.84
[Rank 0] time (ms) | fwd_microstep: 46.60 | bwd_microstep: 66.20 | bwd_inner_microstep: 65.63 | bwd_allreduce_microstep: 0.51 | step_microstep: 5.61
[Rank 0] time (ms) | fwd: 46.59 | bwd: 66.21 | bwd_inner: 65.65 | bwd_allreduce: 0.51 | step: 5.62
[Rank 0] Step 5: loss=3.5539, time=0.120s, alloc_mem=1.29 GB, peak_mem=2.71 GB
[Rank 1] Step 5: loss=2.8351, time=0.120s, alloc_mem=1.29 GB, peak_mem=2.71 GB
[Rank 0] time (ms) | optimizer_step: 1.83
[Rank 0] time (ms) | fwd_microstep: 32.37 | bwd_microstep: 69.91 | bwd_inner_microstep: 66.03 | bwd_allreduce_microstep: 3.82 | step_microstep: 5.69
[Rank 0] time (ms) | fwd: 32.36 | bwd: 69.91 | bwd_inner: 66.05 | bwd_allreduce: 3.82 | step: 5.69
[Rank 0] time (ms) | optimizer_step: 1.85
[Rank 0] time (ms) | fwd_microstep: 33.31 | bwd_microstep: 70.04 | bwd_inner_microstep: 69.43 | bwd_allreduce_microstep: 0.57 | step_microstep: 5.69
[Rank 0] time (ms) | fwd: 33.31 | bwd: 70.05 | bwd_inner: 69.44 | bwd_allreduce: 0.57 | step: 5.70
[Rank 0] time (ms) | optimizer_step: 1.85
[Rank 0] time (ms) | fwd_microstep: 32.24 | bwd_microstep: 67.25 | bwd_inner_microstep: 66.67 | bwd_allreduce_microstep: 0.52 | step_microstep: 5.75
[Rank 0] time (ms) | fwd: 32.23 | bwd: 67.25 | bwd_inner: 66.68 | bwd_allreduce: 0.52 | step: 5.75
[Rank 0] time (ms) | optimizer_step: 1.83
[Rank 0] time (ms) | fwd_microstep: 32.53 | bwd_microstep: 66.80 | bwd_inner_microstep: 66.21 | bwd_allreduce_microstep: 0.53 | step_microstep: 5.70
[Rank 0] time (ms) | fwd: 32.52 | bwd: 66.80 | bwd_inner: 66.23 | bwd_allreduce: 0.53 | step: 5.70
[Rank 0] Step 9: loss=3.5072, time=0.106s, alloc_mem=1.29 GB, peak_mem=2.71 GB
[Rank 1] Step 9: loss=2.4160, time=0.106s, alloc_mem=1.29 GB, peak_mem=2.71 GB

============================================================
[Rank 0] FINAL RESULTS
  Config: configs/baseline.json
  Model: hidden_dim=1024, num_layers=12
  Parameters: 124,439,808
  Batch size: 4, Seq length: 512
  Average step time: 0.110s
  Peak memory: 2.71 GB
  Final allocated memory: 1.29 GB
============================================================
SUMMARY: config=configs/baseline.json batch_size=4 params=124439808 peak_mem_bytes=2913275904 alloc_mem_bytes=1382461952 avg_step_time=0.1104

============================================================
[Rank 1] FINAL RESULTS
  Config: configs/baseline.json
  Model: hidden_dim=1024, num_layers=12
  Parameters: 124,439,808
  Batch size: 4, Seq length: 512
  Average step time: 0.110s
  Peak memory: 2.71 GB
  Final allocated memory: 1.29 GB
============================================================
SUMMARY: config=configs/baseline.json batch_size=4 params=124439808 peak_mem_bytes=2913275904 alloc_mem_bytes=1382461952 avg_step_time=0.1104
[rank0]:[W119 14:11:00.548638037 ProcessGroupNCCL.cpp:1250] Warning: WARNING: process group has NOT been destroyed before we destruct ProcessGroupNCCL. On normal program exit, the application should call destroy_process_group to ensure that any pending NCCL operations have finished in this process. In rare cases this process can exit before this point and block the progress of another member of the process group. This constraint has always been present,  but this warning has only been added since PyTorch 2.4 (function operator())
[2026-01-19 14:11:02,787] [INFO] [launch.py:367:main] Process 1744095 exits successfully.
[2026-01-19 14:11:02,787] [INFO] [launch.py:367:main] Process 1744094 exits successfully.

[2/2] Running BF16_FULL (bf16 master weights, gradients, and optimizer states)...
----------------------------------------------
Warning: The cache directory for DeepSpeed Triton autotune, /home/bigyang/.triton/autotune, appears to be on an NFS system. While this is generally acceptable, if you experience slowdowns or hanging when DeepSpeed exits, it is recommended to set the TRITON_CACHE_DIR environment variable to a non-NFS path.
[2026-01-19 14:11:11,392] [WARNING] [runner.py:232:fetch_hostfile] Unable to find hostfile, will proceed with training with local resources only.
Detected VISIBLE_DEVICES=0,1 but ignoring it because one or several of --include/--exclude/--num_gpus/--num_nodes cl args were used. If you want to use CUDA_VISIBLE_DEVICES don't pass any of these arguments to deepspeed.
[2026-01-19 14:11:11,392] [INFO] [runner.py:630:main] cmd = /home/bigyang/micromamba/envs/ds-hf/bin/python -u -m deepspeed.launcher.launch --world_info=eyJsb2NhbGhvc3QiOiBbMCwgMV19 --master_addr=127.0.0.1 --master_port=29600 --enable_each_rank_log=None --log_level=info train_gpt.py --deepspeed_config configs/bf16_full.json --num_layers 12 --hidden_dim 1024 --batch_size 4 --seq_length 512 --num_steps 10 --warmup_steps 5 --activation_checkpointing --use_real_data --seed 42
Warning: The cache directory for DeepSpeed Triton autotune, /home/bigyang/.triton/autotune, appears to be on an NFS system. While this is generally acceptable, if you experience slowdowns or hanging when DeepSpeed exits, it is recommended to set the TRITON_CACHE_DIR environment variable to a non-NFS path.
[2026-01-19 14:11:16,271] [INFO] [launch.py:162:main] WORLD INFO DICT: {'localhost': [0, 1]}
[2026-01-19 14:11:16,272] [INFO] [launch.py:168:main] nnodes=1, num_local_procs=2, node_rank=0
[2026-01-19 14:11:16,272] [INFO] [launch.py:179:main] global_rank_mapping=defaultdict(<class 'list'>, {'localhost': [0, 1]})
[2026-01-19 14:11:16,272] [INFO] [launch.py:180:main] dist_world_size=2
[2026-01-19 14:11:16,272] [INFO] [launch.py:184:main] Setting CUDA_VISIBLE_DEVICES=0,1
[2026-01-19 14:11:16,272] [INFO] [launch.py:272:main] process 1744956 spawned with command: ['/home/bigyang/micromamba/envs/ds-hf/bin/python', '-u', 'train_gpt.py', '--local_rank=0', '--deepspeed_config', 'configs/bf16_full.json', '--num_layers', '12', '--hidden_dim', '1024', '--batch_size', '4', '--seq_length', '512', '--num_steps', '10', '--warmup_steps', '5', '--activation_checkpointing', '--use_real_data', '--seed', '42']
[2026-01-19 14:11:16,274] [INFO] [launch.py:272:main] process 1744957 spawned with command: ['/home/bigyang/micromamba/envs/ds-hf/bin/python', '-u', 'train_gpt.py', '--local_rank=1', '--deepspeed_config', 'configs/bf16_full.json', '--num_layers', '12', '--hidden_dim', '1024', '--batch_size', '4', '--seq_length', '512', '--num_steps', '10', '--warmup_steps', '5', '--activation_checkpointing', '--use_real_data', '--seed', '42']
Warning: The cache directory for DeepSpeed Triton autotune, /home/bigyang/.triton/autotune, appears to be on an NFS system. While this is generally acceptable, if you experience slowdowns or hanging when DeepSpeed exits, it is recommended to set the TRITON_CACHE_DIR environment variable to a non-NFS path.
Warning: The cache directory for DeepSpeed Triton autotune, /home/bigyang/.triton/autotune, appears to be on an NFS system. While this is generally acceptable, if you experience slowdowns or hanging when DeepSpeed exits, it is recommended to set the TRITON_CACHE_DIR environment variable to a non-NFS path.
[Rank 0] Loading wikitext dataset...
[Rank 1] Loading wikitext dataset...
Warning: You are sending unauthenticated requests to the HF Hub. Please set a HF_TOKEN to enable higher rate limits and faster downloads.
[Rank 1] Dataset loaded: 39531 examples, vocab_size=50257
[Rank 1] Creating model with hidden_dim=1024, num_layers=12, num_heads=16, vocab_size=50257
[Rank 0] Dataset loaded: 39531 examples, vocab_size=50257
[Rank 0] Creating model with hidden_dim=1024, num_layers=12, num_heads=16, vocab_size=50257
[Rank 0] Model parameters: 124,439,808 total, 124,439,808 trainable
[Rank 0] Activation checkpointing enabled
[Rank 1] Model parameters: 124,439,808 total, 124,439,808 trainable
[Rank 1] Activation checkpointing enabled
/home/bigyang/micromamba/envs/ds-hf/lib/python3.11/site-packages/torch/utils/cpp_extension.py:1964: UserWarning: TORCH_CUDA_ARCH_LIST is not set, all archs for visible cards are included for compilation. 
If this is not desired, please set os.environ['TORCH_CUDA_ARCH_LIST'].
  warnings.warn(
Stage 3 initialize beginning
MA 0.25 GB         Max_MA 0.25 GB         CA 0.26 GB         Max_CA 0 GB 
CPU Virtual Memory:  used = 36.69 GB, percent = 3.6%
DeepSpeedZeRoOffload initialize [begin]
MA 0.25 GB         Max_MA 0.39 GB         CA 0.41 GB         Max_CA 0 GB 
CPU Virtual Memory:  used = 36.74 GB, percent = 3.6%
Parameter Offload - Persistent parameters statistics: param_count = 0, numel = 0
DeepSpeedZeRoOffload initialize [end]
MA 0.13 GB         Max_MA 0.29 GB         CA 0.41 GB         Max_CA 0 GB 
CPU Virtual Memory:  used = 36.74 GB, percent = 3.6%
Before creating fp16 partitions
MA 0.13 GB         Max_MA 0.13 GB         CA 0.41 GB         Max_CA 0 GB 
CPU Virtual Memory:  used = 36.75 GB, percent = 3.6%
After creating fp16 partitions: 1
MA 0.13 GB         Max_MA 0.13 GB         CA 0.13 GB         Max_CA 0 GB 
CPU Virtual Memory:  used = 36.62 GB, percent = 3.6%
Before creating fp32 partitions
MA 0.13 GB         Max_MA 0.13 GB         CA 0.13 GB         Max_CA 0 GB 
CPU Virtual Memory:  used = 36.63 GB, percent = 3.6%
After creating fp32 partitions
MA 0.24 GB         Max_MA 0.24 GB         CA 0.25 GB         Max_CA 0 GB 
CPU Virtual Memory:  used = 36.63 GB, percent = 3.6%
Before initializing optimizer states
MA 0.24 GB         Max_MA 0.24 GB         CA 0.25 GB         Max_CA 0 GB 
CPU Virtual Memory:  used = 36.64 GB, percent = 3.6%
[Rank 0] time (ms) | init_optimizer_state: 0.05
After initializing optimizer states
MA 0.24 GB         Max_MA 0.36 GB         CA 0.37 GB         Max_CA 0 GB 
CPU Virtual Memory:  used = 36.64 GB, percent = 3.6%
[Rank 1] DeepSpeed initialized with config: configs/bf16_full.json
[Rank 1] Memory after init: allocated=0.45 GB, reserved=0.63 GB
After initializing ZeRO optimizer
MA 0.45 GB         Max_MA 0.6 GB         CA 0.63 GB         Max_CA 1 GB 
CPU Virtual Memory:  used = 36.69 GB, percent = 3.6%
[Rank 0] DeepSpeed initialized with config: configs/bf16_full.json
[Rank 0] Memory after init: allocated=0.45 GB, reserved=0.63 GB
`use_cache=True` is incompatible with gradient checkpointing. Setting `use_cache=False`...
`use_cache=True` is incompatible with gradient checkpointing. Setting `use_cache=False`...
`loss_type=None` was set in the config but it is unrecognized. Using the default loss: `ForCausalLMLoss`.
`loss_type=None` was set in the config but it is unrecognized. Using the default loss: `ForCausalLMLoss`.
[Rank 0] time (ms) | optimizer_step: 2.12
[Rank 0] time (ms) | fwd_microstep: 173.07 | bwd_microstep: 142.30 | bwd_inner_microstep: 141.16 | bwd_allreduce_microstep: 1.01 | step_microstep: 33.76
[Rank 0] time (ms) | fwd: 173.08 | bwd: 142.29 | bwd_inner: 141.17 | bwd_allreduce: 1.01 | step: 33.77
[Rank 0] Step 0: loss=11.3116, time=0.431s, alloc_mem=0.94 GB, peak_mem=1.94 GB
[Rank 1] Step 0: loss=11.3046, time=0.858s, alloc_mem=0.94 GB, peak_mem=1.94 GB
[Rank 0] time (ms) | optimizer_step: 1.74
[Rank 0] time (ms) | fwd_microstep: 262.24 | bwd_microstep: 238.66 | bwd_inner_microstep: 238.02 | bwd_allreduce_microstep: 0.53 | step_microstep: 6.18
[Rank 0] time (ms) | fwd: 262.23 | bwd: 238.65 | bwd_inner: 238.03 | bwd_allreduce: 0.53 | step: 6.19
[Rank 0] time (ms) | optimizer_step: 1.72
[Rank 0] time (ms) | fwd_microstep: 34.16 | bwd_microstep: 73.62 | bwd_inner_microstep: 67.91 | bwd_allreduce_microstep: 5.66 | step_microstep: 6.04
[Rank 0] time (ms) | fwd: 34.16 | bwd: 73.63 | bwd_inner: 67.93 | bwd_allreduce: 5.66 | step: 6.04
[Rank 0] time (ms) | optimizer_step: 1.72
[Rank 0] time (ms) | fwd_microstep: 33.39 | bwd_microstep: 75.71 | bwd_inner_microstep: 68.47 | bwd_allreduce_microstep: 7.19 | step_microstep: 6.11
[Rank 0] time (ms) | fwd: 33.38 | bwd: 75.71 | bwd_inner: 68.48 | bwd_allreduce: 7.20 | step: 6.11
[Rank 0] time (ms) | optimizer_step: 4.03
[Rank 0] time (ms) | fwd_microstep: 33.28 | bwd_microstep: 74.50 | bwd_inner_microstep: 68.47 | bwd_allreduce_microstep: 5.97 | step_microstep: 8.77
[Rank 0] time (ms) | fwd: 33.27 | bwd: 74.50 | bwd_inner: 68.49 | bwd_allreduce: 5.97 | step: 8.79
[Rank 0] time (ms) | optimizer_step: 1.71
[Rank 0] time (ms) | fwd_microstep: 42.18 | bwd_microstep: 68.55 | bwd_inner_microstep: 67.97 | bwd_allreduce_microstep: 0.52 | step_microstep: 5.95
[Rank 0] time (ms) | fwd: 42.16 | bwd: 68.55 | bwd_inner: 67.99 | bwd_allreduce: 0.52 | step: 5.95
[Rank 0] Step 5: loss=3.5536, time=0.119s, alloc_mem=0.94 GB, peak_mem=2.37 GB
[Rank 1] Step 5: loss=2.8326, time=0.122s, alloc_mem=0.94 GB, peak_mem=2.37 GB
[Rank 0] time (ms) | optimizer_step: 1.70
[Rank 0] time (ms) | fwd_microstep: 33.02 | bwd_microstep: 73.36 | bwd_inner_microstep: 67.98 | bwd_allreduce_microstep: 5.33 | step_microstep: 5.99
[Rank 0] time (ms) | fwd: 33.01 | bwd: 73.36 | bwd_inner: 67.99 | bwd_allreduce: 5.32 | step: 5.99
[Rank 0] time (ms) | optimizer_step: 1.73
[Rank 0] time (ms) | fwd_microstep: 33.15 | bwd_microstep: 71.56 | bwd_inner_microstep: 67.68 | bwd_allreduce_microstep: 3.83 | step_microstep: 5.95
[Rank 0] time (ms) | fwd: 33.14 | bwd: 71.57 | bwd_inner: 67.70 | bwd_allreduce: 3.83 | step: 5.95
[Rank 0] time (ms) | optimizer_step: 1.70
[Rank 0] time (ms) | fwd_microstep: 33.08 | bwd_microstep: 71.67 | bwd_inner_microstep: 67.55 | bwd_allreduce_microstep: 4.07 | step_microstep: 5.94
[Rank 0] time (ms) | fwd: 33.07 | bwd: 71.68 | bwd_inner: 67.56 | bwd_allreduce: 4.07 | step: 5.94
[Rank 0] time (ms) | optimizer_step: 1.70
[Rank 0] time (ms) | fwd_microstep: 33.23 | bwd_microstep: 71.56 | bwd_inner_microstep: 67.83 | bwd_allreduce_microstep: 3.66 | step_microstep: 5.97
[Rank 0] time (ms) | fwd: 33.22 | bwd: 71.56 | bwd_inner: 67.85 | bwd_allreduce: 3.66 | step: 5.97
[Rank 0] Step 9: loss=3.5266, time=0.112s, alloc_mem=0.94 GB, peak_mem=2.37 GB
[Rank 1] Step 9: loss=2.4317, time=0.112s, alloc_mem=0.94 GB, peak_mem=2.37 GB

============================================================
[Rank 0] FINAL RESULTS
  Config: configs/bf16_full.json
  Model: hidden_dim=1024, num_layers=12
  Parameters: 124,439,808
  Batch size: 4, Seq length: 512
  Average step time: 0.114s
  Peak memory: 2.37 GB
  Final allocated memory: 0.94 GB
============================================================
SUMMARY: config=configs/bf16_full.json batch_size=4 params=124439808 peak_mem_bytes=2542409216 alloc_mem_bytes=1007780352 avg_step_time=0.1137

============================================================
[Rank 1] FINAL RESULTS
  Config: configs/bf16_full.json
  Model: hidden_dim=1024, num_layers=12
  Parameters: 124,439,808
  Batch size: 4, Seq length: 512
  Average step time: 0.114s
  Peak memory: 2.37 GB
  Final allocated memory: 0.94 GB
============================================================
SUMMARY: config=configs/bf16_full.json batch_size=4 params=124439808 peak_mem_bytes=2542409216 alloc_mem_bytes=1007780352 avg_step_time=0.1144
[rank0]:[W119 14:11:33.369565784 ProcessGroupNCCL.cpp:1250] Warning: WARNING: process group has NOT been destroyed before we destruct ProcessGroupNCCL. On normal program exit, the application should call destroy_process_group to ensure that any pending NCCL operations have finished in this process. In rare cases this process can exit before this point and block the progress of another member of the process group. This constraint has always been present,  but this warning has only been added since PyTorch 2.4 (function operator())
[2026-01-19 14:11:35,276] [INFO] [launch.py:367:main] Process 1744956 exits successfully.
[2026-01-19 14:11:35,276] [INFO] [launch.py:367:main] Process 1744957 exits successfully.

==============================================
All runs complete. Gathering results...
==============================================
================================================================================
BF16 Low-Precision Master Weights - Memory Usage Comparison
================================================================================

Configuration                            Peak Memory     Reduction       Step Time   
--------------------------------------------------------------------------------
Baseline (fp32 master)                   2.71 GB         -               0.1104s     
bf16_full (master + opt states)          2.37 GB         +12.7%          0.1137s     
--------------------------------------------------------------------------------

Detailed Results:
----------------------------------------

Baseline (fp32 master):
  Parameters: 124,439,808
  Peak Memory: 2.71 GB (2,913,275,904 bytes)
  Allocated Memory: 1.29 GB (1,382,461,952 bytes)
  Avg Step Time: 0.1104s

bf16_full (master + opt states):
  Parameters: 124,439,808
  Peak Memory: 2.37 GB (2,542,409,216 bytes)
  Allocated Memory: 0.94 GB (1,007,780,352 bytes)
  Avg Step Time: 0.1137s

================================================================================

Markdown Table (for README):
----------------------------------------

| Configuration | Peak Memory | Memory Reduction | Avg Step Time |
|---------------|-------------|------------------|---------------|
| Baseline (fp32 master) | 2.71 GB | - | 0.1104s |
| bf16_full (master + opt states) | 2.37 GB | +12.7% | 0.1137s |


Summary saved to: logs/20260119_141031-4/summary.txt

Results saved to: logs/20260119_141031-4/summary.txt
==============================================
