Wrote configs/baseline.json
Wrote configs/bf16_full.json
==============================================
BF16 Low-Precision Master Weights Memory Test
==============================================
Configuration:
  NUM_GPUS: 2
  NUM_LAYERS: 12
  HIDDEN_DIM: 1024
  BATCH_SIZE: 8
  SEQ_LENGTH: 512
  NUM_STEPS: 10
  LOG_DIR: logs/20260119_142206-8
==============================================

[1/2] Running BASELINE (bf16 with fp32 master weights/grads/optimizer states)...
----------------------------------------------
Warning: The cache directory for DeepSpeed Triton autotune, /home/bigyang/.triton/autotune, appears to be on an NFS system. While this is generally acceptable, if you experience slowdowns or hanging when DeepSpeed exits, it is recommended to set the TRITON_CACHE_DIR environment variable to a non-NFS path.
[2026-01-19 14:22:14,113] [WARNING] [runner.py:232:fetch_hostfile] Unable to find hostfile, will proceed with training with local resources only.
Detected VISIBLE_DEVICES=0,1 but ignoring it because one or several of --include/--exclude/--num_gpus/--num_nodes cl args were used. If you want to use CUDA_VISIBLE_DEVICES don't pass any of these arguments to deepspeed.
[2026-01-19 14:22:14,114] [INFO] [runner.py:630:main] cmd = /home/bigyang/micromamba/envs/ds-hf/bin/python -u -m deepspeed.launcher.launch --world_info=eyJsb2NhbGhvc3QiOiBbMCwgMV19 --master_addr=127.0.0.1 --master_port=29600 --enable_each_rank_log=None --log_level=info train_gpt.py --deepspeed_config configs/baseline.json --num_layers 12 --hidden_dim 1024 --batch_size 8 --seq_length 512 --num_steps 10 --warmup_steps 5 --activation_checkpointing --use_real_data --seed 42
Warning: The cache directory for DeepSpeed Triton autotune, /home/bigyang/.triton/autotune, appears to be on an NFS system. While this is generally acceptable, if you experience slowdowns or hanging when DeepSpeed exits, it is recommended to set the TRITON_CACHE_DIR environment variable to a non-NFS path.
[2026-01-19 14:22:20,049] [INFO] [launch.py:162:main] WORLD INFO DICT: {'localhost': [0, 1]}
[2026-01-19 14:22:20,049] [INFO] [launch.py:168:main] nnodes=1, num_local_procs=2, node_rank=0
[2026-01-19 14:22:20,049] [INFO] [launch.py:179:main] global_rank_mapping=defaultdict(<class 'list'>, {'localhost': [0, 1]})
[2026-01-19 14:22:20,049] [INFO] [launch.py:180:main] dist_world_size=2
[2026-01-19 14:22:20,049] [INFO] [launch.py:184:main] Setting CUDA_VISIBLE_DEVICES=0,1
[2026-01-19 14:22:20,049] [INFO] [launch.py:272:main] process 1755086 spawned with command: ['/home/bigyang/micromamba/envs/ds-hf/bin/python', '-u', 'train_gpt.py', '--local_rank=0', '--deepspeed_config', 'configs/baseline.json', '--num_layers', '12', '--hidden_dim', '1024', '--batch_size', '8', '--seq_length', '512', '--num_steps', '10', '--warmup_steps', '5', '--activation_checkpointing', '--use_real_data', '--seed', '42']
[2026-01-19 14:22:20,050] [INFO] [launch.py:272:main] process 1755087 spawned with command: ['/home/bigyang/micromamba/envs/ds-hf/bin/python', '-u', 'train_gpt.py', '--local_rank=1', '--deepspeed_config', 'configs/baseline.json', '--num_layers', '12', '--hidden_dim', '1024', '--batch_size', '8', '--seq_length', '512', '--num_steps', '10', '--warmup_steps', '5', '--activation_checkpointing', '--use_real_data', '--seed', '42']
Warning: The cache directory for DeepSpeed Triton autotune, /home/bigyang/.triton/autotune, appears to be on an NFS system. While this is generally acceptable, if you experience slowdowns or hanging when DeepSpeed exits, it is recommended to set the TRITON_CACHE_DIR environment variable to a non-NFS path.
Warning: The cache directory for DeepSpeed Triton autotune, /home/bigyang/.triton/autotune, appears to be on an NFS system. While this is generally acceptable, if you experience slowdowns or hanging when DeepSpeed exits, it is recommended to set the TRITON_CACHE_DIR environment variable to a non-NFS path.
[Rank 0] Loading wikitext dataset...
[Rank 1] Loading wikitext dataset...
[Rank 0] Dataset loaded: 39531 examples, vocab_size=50257
[Rank 0] Creating model with hidden_dim=1024, num_layers=12, num_heads=16, vocab_size=50257
[Rank 1] Dataset loaded: 39531 examples, vocab_size=50257
[Rank 1] Creating model with hidden_dim=1024, num_layers=12, num_heads=16, vocab_size=50257
[Rank 1] Model parameters: 124,439,808 total, 124,439,808 trainable
[Rank 1] Activation checkpointing enabled
[Rank 0] Model parameters: 124,439,808 total, 124,439,808 trainable
[Rank 0] Activation checkpointing enabled
/home/bigyang/micromamba/envs/ds-hf/lib/python3.11/site-packages/torch/utils/cpp_extension.py:1964: UserWarning: TORCH_CUDA_ARCH_LIST is not set, all archs for visible cards are included for compilation. 
If this is not desired, please set os.environ['TORCH_CUDA_ARCH_LIST'].
  warnings.warn(
Stage 3 initialize beginning
MA 0.25 GB         Max_MA 0.25 GB         CA 0.26 GB         Max_CA 0 GB 
CPU Virtual Memory:  used = 36.51 GB, percent = 3.6%
DeepSpeedZeRoOffload initialize [begin]
MA 0.25 GB         Max_MA 0.39 GB         CA 0.41 GB         Max_CA 0 GB 
CPU Virtual Memory:  used = 36.53 GB, percent = 3.6%
Parameter Offload - Persistent parameters statistics: param_count = 0, numel = 0
DeepSpeedZeRoOffload initialize [end]
MA 0.13 GB         Max_MA 0.29 GB         CA 0.41 GB         Max_CA 0 GB 
CPU Virtual Memory:  used = 36.53 GB, percent = 3.6%
Before creating fp16 partitions
MA 0.13 GB         Max_MA 0.13 GB         CA 0.41 GB         Max_CA 0 GB 
CPU Virtual Memory:  used = 36.53 GB, percent = 3.6%
After creating fp16 partitions: 1
MA 0.13 GB         Max_MA 0.13 GB         CA 0.13 GB         Max_CA 0 GB 
CPU Virtual Memory:  used = 36.53 GB, percent = 3.6%
Before creating fp32 partitions
MA 0.13 GB         Max_MA 0.13 GB         CA 0.13 GB         Max_CA 0 GB 
CPU Virtual Memory:  used = 36.54 GB, percent = 3.6%
After creating fp32 partitions
MA 0.36 GB         Max_MA 0.59 GB         CA 0.6 GB         Max_CA 1 GB 
CPU Virtual Memory:  used = 36.54 GB, percent = 3.6%
Before initializing optimizer states
MA 0.36 GB         Max_MA 0.36 GB         CA 0.6 GB         Max_CA 1 GB 
CPU Virtual Memory:  used = 36.54 GB, percent = 3.6%
[Rank 0] time (ms) | init_optimizer_state: 0.04
After initializing optimizer states
MA 0.36 GB         Max_MA 0.59 GB         CA 0.6 GB         Max_CA 1 GB 
CPU Virtual Memory:  used = 36.54 GB, percent = 3.6%
[Rank 1] DeepSpeed initialized with config: configs/baseline.json
[Rank 1] Memory after init: allocated=0.57 GB, reserved=0.74 GB
After initializing ZeRO optimizer
MA 0.57 GB         Max_MA 0.71 GB         CA 0.74 GB         Max_CA 1 GB 
CPU Virtual Memory:  used = 36.59 GB, percent = 3.6%
[Rank 0] DeepSpeed initialized with config: configs/baseline.json
[Rank 0] Memory after init: allocated=0.57 GB, reserved=0.74 GB
`use_cache=True` is incompatible with gradient checkpointing. Setting `use_cache=False`...
`use_cache=True` is incompatible with gradient checkpointing. Setting `use_cache=False`...
`loss_type=None` was set in the config but it is unrecognized. Using the default loss: `ForCausalLMLoss`.
`loss_type=None` was set in the config but it is unrecognized. Using the default loss: `ForCausalLMLoss`.
[Rank 0] time (ms) | optimizer_step: 2.21
[Rank 0] time (ms) | fwd_microstep: 177.21 | bwd_microstep: 220.98 | bwd_inner_microstep: 220.24 | bwd_allreduce_microstep: 0.61 | step_microstep: 33.12
[Rank 0] time (ms) | fwd: 177.22 | bwd: 220.97 | bwd_inner: 220.25 | bwd_allreduce: 0.61 | step: 33.12
[Rank 0] Step 0: loss=11.3894, time=0.492s, alloc_mem=1.48 GB, peak_mem=3.44 GB
[Rank 1] Step 0: loss=11.3334, time=0.777s, alloc_mem=1.48 GB, peak_mem=3.44 GB
[Rank 0] time (ms) | optimizer_step: 1.91
[Rank 0] time (ms) | fwd_microstep: 266.11 | bwd_microstep: 241.10 | bwd_inner_microstep: 240.35 | bwd_allreduce_microstep: 0.69 | step_microstep: 6.12
[Rank 0] time (ms) | fwd: 266.10 | bwd: 241.10 | bwd_inner: 240.36 | bwd_allreduce: 0.69 | step: 6.12
[Rank 0] time (ms) | optimizer_step: 1.88
[Rank 0] time (ms) | fwd_microstep: 37.03 | bwd_microstep: 69.03 | bwd_inner_microstep: 68.34 | bwd_allreduce_microstep: 0.63 | step_microstep: 5.94
[Rank 0] time (ms) | fwd: 37.03 | bwd: 69.04 | bwd_inner: 68.36 | bwd_allreduce: 0.63 | step: 5.95
[Rank 0] time (ms) | optimizer_step: 1.84
[Rank 0] time (ms) | fwd_microstep: 36.24 | bwd_microstep: 68.26 | bwd_inner_microstep: 67.55 | bwd_allreduce_microstep: 0.65 | step_microstep: 5.87
[Rank 0] time (ms) | fwd: 36.23 | bwd: 68.26 | bwd_inner: 67.57 | bwd_allreduce: 0.65 | step: 5.88
[Rank 0] time (ms) | optimizer_step: 3.19
[Rank 0] time (ms) | fwd_microstep: 36.07 | bwd_microstep: 68.09 | bwd_inner_microstep: 67.39 | bwd_allreduce_microstep: 0.62 | step_microstep: 11.91
[Rank 0] time (ms) | fwd: 36.07 | bwd: 68.09 | bwd_inner: 67.41 | bwd_allreduce: 0.62 | step: 11.93
[Rank 0] time (ms) | optimizer_step: 1.85
[Rank 0] time (ms) | fwd_microstep: 41.44 | bwd_microstep: 68.28 | bwd_inner_microstep: 67.58 | bwd_allreduce_microstep: 0.63 | step_microstep: 5.90
[Rank 0] time (ms) | fwd: 41.42 | bwd: 68.29 | bwd_inner: 67.59 | bwd_allreduce: 0.63 | step: 5.91
[Rank 1] Step 5: loss=2.5520, time=0.118s, alloc_mem=1.48 GB, peak_mem=4.10 GB
[Rank 0] Step 5: loss=3.1768, time=0.118s, alloc_mem=1.48 GB, peak_mem=4.10 GB
[Rank 0] time (ms) | optimizer_step: 1.86
[Rank 0] time (ms) | fwd_microstep: 35.90 | bwd_microstep: 68.29 | bwd_inner_microstep: 67.62 | bwd_allreduce_microstep: 0.62 | step_microstep: 5.90
[Rank 0] time (ms) | fwd: 35.89 | bwd: 68.30 | bwd_inner: 67.63 | bwd_allreduce: 0.62 | step: 5.91
[Rank 0] time (ms) | optimizer_step: 1.86
[Rank 0] time (ms) | fwd_microstep: 36.13 | bwd_microstep: 67.86 | bwd_inner_microstep: 67.15 | bwd_allreduce_microstep: 0.65 | step_microstep: 5.96
[Rank 0] time (ms) | fwd: 36.12 | bwd: 67.86 | bwd_inner: 67.16 | bwd_allreduce: 0.65 | step: 5.96
[Rank 0] time (ms) | optimizer_step: 1.87
[Rank 0] time (ms) | fwd_microstep: 36.17 | bwd_microstep: 68.03 | bwd_inner_microstep: 67.33 | bwd_allreduce_microstep: 0.63 | step_microstep: 5.87
[Rank 0] time (ms) | fwd: 36.16 | bwd: 68.04 | bwd_inner: 67.35 | bwd_allreduce: 0.63 | step: 5.87
[Rank 0] time (ms) | optimizer_step: 1.85
[Rank 0] time (ms) | fwd_microstep: 35.91 | bwd_microstep: 67.57 | bwd_inner_microstep: 66.86 | bwd_allreduce_microstep: 0.65 | step_microstep: 5.84
[Rank 0] time (ms) | fwd: 35.90 | bwd: 67.58 | bwd_inner: 66.88 | bwd_allreduce: 0.65 | step: 5.84
[Rank 1] Step 9: loss=3.2082, time=0.110s, alloc_mem=1.48 GB, peak_mem=4.10 GB
[Rank 0] Step 9: loss=2.1497, time=0.110s, alloc_mem=1.48 GB, peak_mem=4.10 GB

============================================================
[Rank 1] FINAL RESULTS
  Config: configs/baseline.json
  Model: hidden_dim=1024, num_layers=12
  Parameters: 124,439,808
  Batch size: 8, Seq length: 512
  Average step time: 0.112s
  Peak memory: 4.10 GB
  Final allocated memory: 1.48 GB
============================================================
SUMMARY: config=configs/baseline.json batch_size=8 params=124439808 peak_mem_bytes=4401342976 alloc_mem_bytes=1587665920 avg_step_time=0.1123

============================================================
[Rank 0] FINAL RESULTS
  Config: configs/baseline.json
  Model: hidden_dim=1024, num_layers=12
  Parameters: 124,439,808
  Batch size: 8, Seq length: 512
  Average step time: 0.112s
  Peak memory: 4.10 GB
  Final allocated memory: 1.48 GB
============================================================
SUMMARY: config=configs/baseline.json batch_size=8 params=124439808 peak_mem_bytes=4401342976 alloc_mem_bytes=1587665920 avg_step_time=0.1123
[rank0]:[W119 14:22:39.773967261 ProcessGroupNCCL.cpp:1250] Warning: WARNING: process group has NOT been destroyed before we destruct ProcessGroupNCCL. On normal program exit, the application should call destroy_process_group to ensure that any pending NCCL operations have finished in this process. In rare cases this process can exit before this point and block the progress of another member of the process group. This constraint has always been present,  but this warning has only been added since PyTorch 2.4 (function operator())
[2026-01-19 14:22:42,054] [INFO] [launch.py:367:main] Process 1755087 exits successfully.
[2026-01-19 14:22:42,054] [INFO] [launch.py:367:main] Process 1755086 exits successfully.

[2/2] Running BF16_FULL (bf16 master weights, gradients, and optimizer states)...
----------------------------------------------
Warning: The cache directory for DeepSpeed Triton autotune, /home/bigyang/.triton/autotune, appears to be on an NFS system. While this is generally acceptable, if you experience slowdowns or hanging when DeepSpeed exits, it is recommended to set the TRITON_CACHE_DIR environment variable to a non-NFS path.
[2026-01-19 14:22:50,740] [WARNING] [runner.py:232:fetch_hostfile] Unable to find hostfile, will proceed with training with local resources only.
Detected VISIBLE_DEVICES=0,1 but ignoring it because one or several of --include/--exclude/--num_gpus/--num_nodes cl args were used. If you want to use CUDA_VISIBLE_DEVICES don't pass any of these arguments to deepspeed.
[2026-01-19 14:22:50,740] [INFO] [runner.py:630:main] cmd = /home/bigyang/micromamba/envs/ds-hf/bin/python -u -m deepspeed.launcher.launch --world_info=eyJsb2NhbGhvc3QiOiBbMCwgMV19 --master_addr=127.0.0.1 --master_port=29600 --enable_each_rank_log=None --log_level=info train_gpt.py --deepspeed_config configs/bf16_full.json --num_layers 12 --hidden_dim 1024 --batch_size 8 --seq_length 512 --num_steps 10 --warmup_steps 5 --activation_checkpointing --use_real_data --seed 42
Warning: The cache directory for DeepSpeed Triton autotune, /home/bigyang/.triton/autotune, appears to be on an NFS system. While this is generally acceptable, if you experience slowdowns or hanging when DeepSpeed exits, it is recommended to set the TRITON_CACHE_DIR environment variable to a non-NFS path.
[2026-01-19 14:22:56,661] [INFO] [launch.py:162:main] WORLD INFO DICT: {'localhost': [0, 1]}
[2026-01-19 14:22:56,661] [INFO] [launch.py:168:main] nnodes=1, num_local_procs=2, node_rank=0
[2026-01-19 14:22:56,661] [INFO] [launch.py:179:main] global_rank_mapping=defaultdict(<class 'list'>, {'localhost': [0, 1]})
[2026-01-19 14:22:56,661] [INFO] [launch.py:180:main] dist_world_size=2
[2026-01-19 14:22:56,661] [INFO] [launch.py:184:main] Setting CUDA_VISIBLE_DEVICES=0,1
[2026-01-19 14:22:56,662] [INFO] [launch.py:272:main] process 1756452 spawned with command: ['/home/bigyang/micromamba/envs/ds-hf/bin/python', '-u', 'train_gpt.py', '--local_rank=0', '--deepspeed_config', 'configs/bf16_full.json', '--num_layers', '12', '--hidden_dim', '1024', '--batch_size', '8', '--seq_length', '512', '--num_steps', '10', '--warmup_steps', '5', '--activation_checkpointing', '--use_real_data', '--seed', '42']
[2026-01-19 14:22:56,663] [INFO] [launch.py:272:main] process 1756453 spawned with command: ['/home/bigyang/micromamba/envs/ds-hf/bin/python', '-u', 'train_gpt.py', '--local_rank=1', '--deepspeed_config', 'configs/bf16_full.json', '--num_layers', '12', '--hidden_dim', '1024', '--batch_size', '8', '--seq_length', '512', '--num_steps', '10', '--warmup_steps', '5', '--activation_checkpointing', '--use_real_data', '--seed', '42']
Warning: The cache directory for DeepSpeed Triton autotune, /home/bigyang/.triton/autotune, appears to be on an NFS system. While this is generally acceptable, if you experience slowdowns or hanging when DeepSpeed exits, it is recommended to set the TRITON_CACHE_DIR environment variable to a non-NFS path.
Warning: The cache directory for DeepSpeed Triton autotune, /home/bigyang/.triton/autotune, appears to be on an NFS system. While this is generally acceptable, if you experience slowdowns or hanging when DeepSpeed exits, it is recommended to set the TRITON_CACHE_DIR environment variable to a non-NFS path.
[Rank 1] Loading wikitext dataset...
[Rank 0] Loading wikitext dataset...
Warning: You are sending unauthenticated requests to the HF Hub. Please set a HF_TOKEN to enable higher rate limits and faster downloads.
Warning: You are sending unauthenticated requests to the HF Hub. Please set a HF_TOKEN to enable higher rate limits and faster downloads.
[Rank 0] Dataset loaded: 39531 examples, vocab_size=50257
[Rank 0] Creating model with hidden_dim=1024, num_layers=12, num_heads=16, vocab_size=50257
[Rank 1] Dataset loaded: 39531 examples, vocab_size=50257
[Rank 1] Creating model with hidden_dim=1024, num_layers=12, num_heads=16, vocab_size=50257
[Rank 0] Model parameters: 124,439,808 total, 124,439,808 trainable
[Rank 0] Activation checkpointing enabled
[Rank 1] Model parameters: 124,439,808 total, 124,439,808 trainable
[Rank 1] Activation checkpointing enabled
/home/bigyang/micromamba/envs/ds-hf/lib/python3.11/site-packages/torch/utils/cpp_extension.py:1964: UserWarning: TORCH_CUDA_ARCH_LIST is not set, all archs for visible cards are included for compilation. 
If this is not desired, please set os.environ['TORCH_CUDA_ARCH_LIST'].
  warnings.warn(
Stage 3 initialize beginning
MA 0.25 GB         Max_MA 0.25 GB         CA 0.26 GB         Max_CA 0 GB 
CPU Virtual Memory:  used = 36.45 GB, percent = 3.6%
DeepSpeedZeRoOffload initialize [begin]
MA 0.25 GB         Max_MA 0.39 GB         CA 0.41 GB         Max_CA 0 GB 
CPU Virtual Memory:  used = 36.53 GB, percent = 3.6%
Parameter Offload - Persistent parameters statistics: param_count = 0, numel = 0
DeepSpeedZeRoOffload initialize [end]
MA 0.13 GB         Max_MA 0.29 GB         CA 0.41 GB         Max_CA 0 GB 
CPU Virtual Memory:  used = 36.55 GB, percent = 3.6%
Before creating fp16 partitions
MA 0.13 GB         Max_MA 0.13 GB         CA 0.41 GB         Max_CA 0 GB 
CPU Virtual Memory:  used = 36.55 GB, percent = 3.6%
After creating fp16 partitions: 1
MA 0.13 GB         Max_MA 0.13 GB         CA 0.13 GB         Max_CA 0 GB 
CPU Virtual Memory:  used = 36.58 GB, percent = 3.6%
Before creating fp32 partitions
MA 0.13 GB         Max_MA 0.13 GB         CA 0.13 GB         Max_CA 0 GB 
CPU Virtual Memory:  used = 36.59 GB, percent = 3.6%
After creating fp32 partitions
MA 0.24 GB         Max_MA 0.24 GB         CA 0.25 GB         Max_CA 0 GB 
CPU Virtual Memory:  used = 36.46 GB, percent = 3.6%
Before initializing optimizer states
MA 0.24 GB         Max_MA 0.24 GB         CA 0.25 GB         Max_CA 0 GB 
CPU Virtual Memory:  used = 36.47 GB, percent = 3.6%
[Rank 0] time (ms) | init_optimizer_state: 0.04
After initializing optimizer states
MA 0.24 GB         Max_MA 0.36 GB         CA 0.37 GB         Max_CA 0 GB 
CPU Virtual Memory:  used = 36.48 GB, percent = 3.6%
[Rank 1] DeepSpeed initialized with config: configs/bf16_full.json
[Rank 1] Memory after init: allocated=0.45 GB, reserved=0.63 GB
After initializing ZeRO optimizer
MA 0.45 GB         Max_MA 0.6 GB         CA 0.63 GB         Max_CA 1 GB 
CPU Virtual Memory:  used = 36.53 GB, percent = 3.6%
[Rank 0] DeepSpeed initialized with config: configs/bf16_full.json
[Rank 0] Memory after init: allocated=0.45 GB, reserved=0.63 GB
`use_cache=True` is incompatible with gradient checkpointing. Setting `use_cache=False`...
`use_cache=True` is incompatible with gradient checkpointing. Setting `use_cache=False`...
`loss_type=None` was set in the config but it is unrecognized. Using the default loss: `ForCausalLMLoss`.
`loss_type=None` was set in the config but it is unrecognized. Using the default loss: `ForCausalLMLoss`.
[Rank 0] time (ms) | optimizer_step: 2.02
[Rank 0] time (ms) | fwd_microstep: 175.11 | bwd_microstep: 159.60 | bwd_inner_microstep: 157.39 | bwd_allreduce_microstep: 2.07 | step_microstep: 32.02
[Rank 0] time (ms) | fwd: 175.12 | bwd: 159.60 | bwd_inner: 157.40 | bwd_allreduce: 2.08 | step: 32.02
[Rank 0] Step 0: loss=11.3894, time=0.609s, alloc_mem=1.13 GB, peak_mem=3.33 GB
[Rank 1] Step 0: loss=11.3334, time=0.827s, alloc_mem=1.13 GB, peak_mem=3.33 GB
[Rank 0] time (ms) | optimizer_step: 1.72
[Rank 0] time (ms) | fwd_microstep: 246.68 | bwd_microstep: 236.98 | bwd_inner_microstep: 236.35 | bwd_allreduce_microstep: 0.57 | step_microstep: 5.79
[Rank 0] time (ms) | fwd: 246.68 | bwd: 236.98 | bwd_inner: 236.37 | bwd_allreduce: 0.56 | step: 5.79
[Rank 0] time (ms) | optimizer_step: 1.69
[Rank 0] time (ms) | fwd_microstep: 37.13 | bwd_microstep: 68.98 | bwd_inner_microstep: 67.62 | bwd_allreduce_microstep: 1.31 | step_microstep: 5.77
[Rank 0] time (ms) | fwd: 37.13 | bwd: 68.98 | bwd_inner: 67.63 | bwd_allreduce: 1.31 | step: 5.77
[Rank 0] time (ms) | optimizer_step: 1.68
[Rank 0] time (ms) | fwd_microstep: 36.51 | bwd_microstep: 69.80 | bwd_inner_microstep: 67.05 | bwd_allreduce_microstep: 2.70 | step_microstep: 5.70
[Rank 0] time (ms) | fwd: 36.50 | bwd: 69.81 | bwd_inner: 67.06 | bwd_allreduce: 2.70 | step: 5.70
[Rank 0] time (ms) | optimizer_step: 1.70
[Rank 0] time (ms) | fwd_microstep: 36.24 | bwd_microstep: 68.44 | bwd_inner_microstep: 66.53 | bwd_allreduce_microstep: 1.85 | step_microstep: 5.68
[Rank 0] time (ms) | fwd: 36.23 | bwd: 68.44 | bwd_inner: 66.55 | bwd_allreduce: 1.85 | step: 5.68
[Rank 0] time (ms) | optimizer_step: 1.68
[Rank 0] time (ms) | fwd_microstep: 36.08 | bwd_microstep: 69.59 | bwd_inner_microstep: 66.65 | bwd_allreduce_microstep: 2.88 | step_microstep: 5.66
[Rank 0] time (ms) | fwd: 36.07 | bwd: 69.59 | bwd_inner: 66.66 | bwd_allreduce: 2.88 | step: 5.66
[Rank 0] Step 5: loss=3.1747, time=0.113s, alloc_mem=1.13 GB, peak_mem=3.76 GB
[Rank 1] Step 5: loss=2.5484, time=0.113s, alloc_mem=1.13 GB, peak_mem=3.76 GB
[Rank 0] time (ms) | optimizer_step: 1.69
[Rank 0] time (ms) | fwd_microstep: 36.23 | bwd_microstep: 70.15 | bwd_inner_microstep: 66.59 | bwd_allreduce_microstep: 3.51 | step_microstep: 5.69
[Rank 0] time (ms) | fwd: 36.23 | bwd: 70.16 | bwd_inner: 66.60 | bwd_allreduce: 3.51 | step: 5.69
[Rank 0] time (ms) | optimizer_step: 1.69
[Rank 0] time (ms) | fwd_microstep: 36.33 | bwd_microstep: 69.25 | bwd_inner_microstep: 66.52 | bwd_allreduce_microstep: 2.68 | step_microstep: 5.69
[Rank 0] time (ms) | fwd: 36.33 | bwd: 69.26 | bwd_inner: 66.54 | bwd_allreduce: 2.68 | step: 5.69
[Rank 0] time (ms) | optimizer_step: 1.79
[Rank 0] time (ms) | fwd_microstep: 38.91 | bwd_microstep: 80.63 | bwd_inner_microstep: 79.98 | bwd_allreduce_microstep: 0.58 | step_microstep: 6.34
[Rank 0] time (ms) | fwd: 38.91 | bwd: 80.64 | bwd_inner: 80.00 | bwd_allreduce: 0.59 | step: 6.34
[Rank 0] time (ms) | optimizer_step: 1.69
[Rank 0] time (ms) | fwd_microstep: 36.18 | bwd_microstep: 69.82 | bwd_inner_microstep: 66.22 | bwd_allreduce_microstep: 3.55 | step_microstep: 5.69
[Rank 0] time (ms) | fwd: 36.17 | bwd: 69.83 | bwd_inner: 66.23 | bwd_allreduce: 3.56 | step: 5.69
[Rank 0] Step 9: loss=2.1625, time=0.113s, alloc_mem=1.13 GB, peak_mem=3.76 GB
[Rank 1] Step 9: loss=3.2254, time=0.113s, alloc_mem=1.13 GB, peak_mem=3.76 GB

============================================================
[Rank 0] FINAL RESULTS
  Config: configs/bf16_full.json
  Model: hidden_dim=1024, num_layers=12
  Parameters: 124,439,808
  Batch size: 8, Seq length: 512
  Average step time: 0.116s
  Peak memory: 3.76 GB
  Final allocated memory: 1.13 GB
============================================================
SUMMARY: config=configs/bf16_full.json batch_size=8 params=124439808 peak_mem_bytes=4035352064 alloc_mem_bytes=1213665792 avg_step_time=0.1158

============================================================
[Rank 1] FINAL RESULTS
  Config: configs/bf16_full.json
  Model: hidden_dim=1024, num_layers=12
  Parameters: 124,439,808
  Batch size: 8, Seq length: 512
  Average step time: 0.116s
  Peak memory: 3.76 GB
  Final allocated memory: 1.13 GB
============================================================
SUMMARY: config=configs/bf16_full.json batch_size=8 params=124439808 peak_mem_bytes=4035352064 alloc_mem_bytes=1213665792 avg_step_time=0.1158
[rank0]:[W119 14:23:14.206756977 ProcessGroupNCCL.cpp:1250] Warning: WARNING: process group has NOT been destroyed before we destruct ProcessGroupNCCL. On normal program exit, the application should call destroy_process_group to ensure that any pending NCCL operations have finished in this process. In rare cases this process can exit before this point and block the progress of another member of the process group. This constraint has always been present,  but this warning has only been added since PyTorch 2.4 (function operator())
[2026-01-19 14:23:16,674] [INFO] [launch.py:367:main] Process 1756452 exits successfully.
[2026-01-19 14:23:16,674] [INFO] [launch.py:367:main] Process 1756453 exits successfully.

==============================================
All runs complete. Gathering results...
==============================================
================================================================================
BF16 Low-Precision Master Weights - Memory Usage Comparison
================================================================================

Configuration                            Peak Memory     Reduction       Step Time   
--------------------------------------------------------------------------------
Baseline (fp32 master)                   4.10 GB         -               0.1123s     
bf16_full (master + opt states)          3.76 GB         +8.3%           0.1158s     
--------------------------------------------------------------------------------

Detailed Results:
----------------------------------------

Baseline (fp32 master):
  Parameters: 124,439,808
  Peak Memory: 4.10 GB (4,401,342,976 bytes)
  Allocated Memory: 1.48 GB (1,587,665,920 bytes)
  Avg Step Time: 0.1123s

bf16_full (master + opt states):
  Parameters: 124,439,808
  Peak Memory: 3.76 GB (4,035,352,064 bytes)
  Allocated Memory: 1.13 GB (1,213,665,792 bytes)
  Avg Step Time: 0.1158s

================================================================================

Markdown Table (for README):
----------------------------------------

| Configuration | Peak Memory | Memory Reduction | Avg Step Time |
|---------------|-------------|------------------|---------------|
| Baseline (fp32 master) | 4.10 GB | - | 0.1123s |
| bf16_full (master + opt states) | 3.76 GB | +8.3% | 0.1158s |


Summary saved to: logs/20260119_142206-8/summary.txt

Results saved to: logs/20260119_142206-8/summary.txt
==============================================
Wrote configs/baseline.json
Wrote configs/bf16_full.json
==============================================
BF16 Low-Precision Master Weights Memory Test
==============================================
Configuration:
  NUM_GPUS: 2
  NUM_LAYERS: 12
  HIDDEN_DIM: 1024
  BATCH_SIZE: 16
  SEQ_LENGTH: 512
  NUM_STEPS: 10
  LOG_DIR: logs/20260119_142319-16
==============================================

[1/2] Running BASELINE (bf16 with fp32 master weights/grads/optimizer states)...
----------------------------------------------
Warning: The cache directory for DeepSpeed Triton autotune, /home/bigyang/.triton/autotune, appears to be on an NFS system. While this is generally acceptable, if you experience slowdowns or hanging when DeepSpeed exits, it is recommended to set the TRITON_CACHE_DIR environment variable to a non-NFS path.
[2026-01-19 14:23:26,225] [WARNING] [runner.py:232:fetch_hostfile] Unable to find hostfile, will proceed with training with local resources only.
Detected VISIBLE_DEVICES=0,1 but ignoring it because one or several of --include/--exclude/--num_gpus/--num_nodes cl args were used. If you want to use CUDA_VISIBLE_DEVICES don't pass any of these arguments to deepspeed.
[2026-01-19 14:23:26,225] [INFO] [runner.py:630:main] cmd = /home/bigyang/micromamba/envs/ds-hf/bin/python -u -m deepspeed.launcher.launch --world_info=eyJsb2NhbGhvc3QiOiBbMCwgMV19 --master_addr=127.0.0.1 --master_port=29600 --enable_each_rank_log=None --log_level=info train_gpt.py --deepspeed_config configs/baseline.json --num_layers 12 --hidden_dim 1024 --batch_size 16 --seq_length 512 --num_steps 10 --warmup_steps 5 --activation_checkpointing --use_real_data --seed 42
Warning: The cache directory for DeepSpeed Triton autotune, /home/bigyang/.triton/autotune, appears to be on an NFS system. While this is generally acceptable, if you experience slowdowns or hanging when DeepSpeed exits, it is recommended to set the TRITON_CACHE_DIR environment variable to a non-NFS path.
[2026-01-19 14:23:31,587] [INFO] [launch.py:162:main] WORLD INFO DICT: {'localhost': [0, 1]}
[2026-01-19 14:23:31,587] [INFO] [launch.py:168:main] nnodes=1, num_local_procs=2, node_rank=0
[2026-01-19 14:23:31,587] [INFO] [launch.py:179:main] global_rank_mapping=defaultdict(<class 'list'>, {'localhost': [0, 1]})
[2026-01-19 14:23:31,587] [INFO] [launch.py:180:main] dist_world_size=2
[2026-01-19 14:23:31,587] [INFO] [launch.py:184:main] Setting CUDA_VISIBLE_DEVICES=0,1
[2026-01-19 14:23:31,588] [INFO] [launch.py:272:main] process 1757397 spawned with command: ['/home/bigyang/micromamba/envs/ds-hf/bin/python', '-u', 'train_gpt.py', '--local_rank=0', '--deepspeed_config', 'configs/baseline.json', '--num_layers', '12', '--hidden_dim', '1024', '--batch_size', '16', '--seq_length', '512', '--num_steps', '10', '--warmup_steps', '5', '--activation_checkpointing', '--use_real_data', '--seed', '42']
[2026-01-19 14:23:31,588] [INFO] [launch.py:272:main] process 1757398 spawned with command: ['/home/bigyang/micromamba/envs/ds-hf/bin/python', '-u', 'train_gpt.py', '--local_rank=1', '--deepspeed_config', 'configs/baseline.json', '--num_layers', '12', '--hidden_dim', '1024', '--batch_size', '16', '--seq_length', '512', '--num_steps', '10', '--warmup_steps', '5', '--activation_checkpointing', '--use_real_data', '--seed', '42']
Warning: The cache directory for DeepSpeed Triton autotune, /home/bigyang/.triton/autotune, appears to be on an NFS system. While this is generally acceptable, if you experience slowdowns or hanging when DeepSpeed exits, it is recommended to set the TRITON_CACHE_DIR environment variable to a non-NFS path.
Warning: The cache directory for DeepSpeed Triton autotune, /home/bigyang/.triton/autotune, appears to be on an NFS system. While this is generally acceptable, if you experience slowdowns or hanging when DeepSpeed exits, it is recommended to set the TRITON_CACHE_DIR environment variable to a non-NFS path.
[Rank 0] Loading wikitext dataset...
[Rank 1] Loading wikitext dataset...
Warning: You are sending unauthenticated requests to the HF Hub. Please set a HF_TOKEN to enable higher rate limits and faster downloads.
[Rank 0] Dataset loaded: 39531 examples, vocab_size=50257
[Rank 0] Creating model with hidden_dim=1024, num_layers=12, num_heads=16, vocab_size=50257
[Rank 1] Dataset loaded: 39531 examples, vocab_size=50257
[Rank 1] Creating model with hidden_dim=1024, num_layers=12, num_heads=16, vocab_size=50257
[Rank 0] Model parameters: 124,439,808 total, 124,439,808 trainable
[Rank 0] Activation checkpointing enabled
[Rank 1] Model parameters: 124,439,808 total, 124,439,808 trainable
[Rank 1] Activation checkpointing enabled
/home/bigyang/micromamba/envs/ds-hf/lib/python3.11/site-packages/torch/utils/cpp_extension.py:1964: UserWarning: TORCH_CUDA_ARCH_LIST is not set, all archs for visible cards are included for compilation. 
If this is not desired, please set os.environ['TORCH_CUDA_ARCH_LIST'].
  warnings.warn(
Stage 3 initialize beginning
MA 0.25 GB         Max_MA 0.25 GB         CA 0.26 GB         Max_CA 0 GB 
CPU Virtual Memory:  used = 36.56 GB, percent = 3.6%
DeepSpeedZeRoOffload initialize [begin]
MA 0.25 GB         Max_MA 0.39 GB         CA 0.41 GB         Max_CA 0 GB 
CPU Virtual Memory:  used = 36.59 GB, percent = 3.6%
Parameter Offload - Persistent parameters statistics: param_count = 0, numel = 0
DeepSpeedZeRoOffload initialize [end]
MA 0.13 GB         Max_MA 0.29 GB         CA 0.41 GB         Max_CA 0 GB 
CPU Virtual Memory:  used = 36.59 GB, percent = 3.6%
Before creating fp16 partitions
MA 0.13 GB         Max_MA 0.13 GB         CA 0.41 GB         Max_CA 0 GB 
CPU Virtual Memory:  used = 36.59 GB, percent = 3.6%
After creating fp16 partitions: 1
MA 0.13 GB         Max_MA 0.13 GB         CA 0.13 GB         Max_CA 0 GB 
CPU Virtual Memory:  used = 36.6 GB, percent = 3.6%
Before creating fp32 partitions
MA 0.13 GB         Max_MA 0.13 GB         CA 0.13 GB         Max_CA 0 GB 
CPU Virtual Memory:  used = 36.6 GB, percent = 3.6%
After creating fp32 partitions
MA 0.36 GB         Max_MA 0.59 GB         CA 0.6 GB         Max_CA 1 GB 
CPU Virtual Memory:  used = 36.6 GB, percent = 3.6%
Before initializing optimizer states
MA 0.36 GB         Max_MA 0.36 GB         CA 0.6 GB         Max_CA 1 GB 
CPU Virtual Memory:  used = 36.6 GB, percent = 3.6%
[Rank 0] time (ms) | init_optimizer_state: 0.03
After initializing optimizer states
MA 0.36 GB         Max_MA 0.59 GB         CA 0.6 GB         Max_CA 1 GB 
CPU Virtual Memory:  used = 36.6 GB, percent = 3.6%
[Rank 1] DeepSpeed initialized with config: configs/baseline.json
[Rank 1] Memory after init: allocated=0.57 GB, reserved=0.74 GB
After initializing ZeRO optimizer
MA 0.57 GB         Max_MA 0.71 GB         CA 0.74 GB         Max_CA 1 GB 
CPU Virtual Memory:  used = 36.63 GB, percent = 3.6%
[Rank 0] DeepSpeed initialized with config: configs/baseline.json
[Rank 0] Memory after init: allocated=0.57 GB, reserved=0.74 GB
`use_cache=True` is incompatible with gradient checkpointing. Setting `use_cache=False`...
`use_cache=True` is incompatible with gradient checkpointing. Setting `use_cache=False`...
`loss_type=None` was set in the config but it is unrecognized. Using the default loss: `ForCausalLMLoss`.
`loss_type=None` was set in the config but it is unrecognized. Using the default loss: `ForCausalLMLoss`.
[Rank 0] time (ms) | optimizer_step: 2.17
[Rank 0] time (ms) | fwd_microstep: 188.00 | bwd_microstep: 186.36 | bwd_inner_microstep: 185.64 | bwd_allreduce_microstep: 0.60 | step_microstep: 32.49
[Rank 0] time (ms) | fwd: 188.01 | bwd: 186.35 | bwd_inner: 185.65 | bwd_allreduce: 0.60 | step: 32.50
[Rank 0] Step 0: loss=11.4408, time=0.752s, alloc_mem=1.86 GB, peak_mem=6.21 GB
[Rank 1] Step 0: loss=11.3708, time=0.882s, alloc_mem=1.86 GB, peak_mem=6.21 GB
[Rank 0] time (ms) | optimizer_step: 1.86
[Rank 0] time (ms) | fwd_microstep: 247.87 | bwd_microstep: 244.57 | bwd_inner_microstep: 238.48 | bwd_allreduce_microstep: 6.04 | step_microstep: 5.80
[Rank 0] time (ms) | fwd: 247.86 | bwd: 244.58 | bwd_inner: 238.50 | bwd_allreduce: 6.04 | step: 5.80
[Rank 0] time (ms) | optimizer_step: 1.85
[Rank 0] time (ms) | fwd_microstep: 40.94 | bwd_microstep: 58.84 | bwd_inner_microstep: 57.90 | bwd_allreduce_microstep: 0.88 | step_microstep: 5.72
[Rank 0] time (ms) | fwd: 40.93 | bwd: 58.84 | bwd_inner: 57.92 | bwd_allreduce: 0.88 | step: 5.72
[Rank 0] time (ms) | optimizer_step: 1.85
[Rank 0] time (ms) | fwd_microstep: 40.64 | bwd_microstep: 61.30 | bwd_inner_microstep: 57.34 | bwd_allreduce_microstep: 3.91 | step_microstep: 5.70
[Rank 0] time (ms) | fwd: 40.64 | bwd: 61.31 | bwd_inner: 57.36 | bwd_allreduce: 3.91 | step: 5.70
[Rank 0] time (ms) | optimizer_step: 1.82
[Rank 0] time (ms) | fwd_microstep: 40.49 | bwd_microstep: 58.87 | bwd_inner_microstep: 57.29 | bwd_allreduce_microstep: 1.53 | step_microstep: 5.68
[Rank 0] time (ms) | fwd: 40.48 | bwd: 58.88 | bwd_inner: 57.31 | bwd_allreduce: 1.52 | step: 5.68
[Rank 0] time (ms) | optimizer_step: 1.84
[Rank 0] time (ms) | fwd_microstep: 40.36 | bwd_microstep: 60.92 | bwd_inner_microstep: 57.72 | bwd_allreduce_microstep: 3.15 | step_microstep: 5.65
[Rank 0] time (ms) | fwd: 40.36 | bwd: 60.93 | bwd_inner: 57.74 | bwd_allreduce: 3.15 | step: 5.65
[Rank 0] Step 5: loss=3.5578, time=0.108s, alloc_mem=1.86 GB, peak_mem=6.87 GB
[Rank 1] Step 5: loss=3.3579, time=0.108s, alloc_mem=1.86 GB, peak_mem=6.87 GB
[Rank 0] time (ms) | optimizer_step: 1.84
[Rank 0] time (ms) | fwd_microstep: 40.50 | bwd_microstep: 60.96 | bwd_inner_microstep: 57.46 | bwd_allreduce_microstep: 3.45 | step_microstep: 5.70
[Rank 0] time (ms) | fwd: 40.49 | bwd: 60.96 | bwd_inner: 57.47 | bwd_allreduce: 3.45 | step: 5.70
[Rank 0] time (ms) | optimizer_step: 1.84
[Rank 0] time (ms) | fwd_microstep: 40.37 | bwd_microstep: 59.69 | bwd_inner_microstep: 57.42 | bwd_allreduce_microstep: 2.22 | step_microstep: 5.71
[Rank 0] time (ms) | fwd: 40.37 | bwd: 59.69 | bwd_inner: 57.43 | bwd_allreduce: 2.22 | step: 5.71
[Rank 0] time (ms) | optimizer_step: 1.85
[Rank 0] time (ms) | fwd_microstep: 40.34 | bwd_microstep: 59.98 | bwd_inner_microstep: 57.37 | bwd_allreduce_microstep: 2.57 | step_microstep: 5.70
[Rank 0] time (ms) | fwd: 40.33 | bwd: 59.99 | bwd_inner: 57.38 | bwd_allreduce: 2.57 | step: 5.70
[Rank 0] time (ms) | optimizer_step: 1.83
[Rank 0] time (ms) | fwd_microstep: 40.22 | bwd_microstep: 60.10 | bwd_inner_microstep: 57.05 | bwd_allreduce_microstep: 3.00 | step_microstep: 5.70
[Rank 0] time (ms) | fwd: 40.21 | bwd: 60.10 | bwd_inner: 57.06 | bwd_allreduce: 3.00 | step: 5.70
[Rank 0] Step 9: loss=3.0431, time=0.107s, alloc_mem=1.86 GB, peak_mem=6.87 GB
[Rank 1] Step 9: loss=2.8626, time=0.107s, alloc_mem=1.86 GB, peak_mem=6.87 GB

============================================================
[Rank 0] FINAL RESULTS
  Config: configs/baseline.json
  Model: hidden_dim=1024, num_layers=12
  Parameters: 124,439,808
  Batch size: 16, Seq length: 512
  Average step time: 0.108s
  Peak memory: 6.87 GB
  Final allocated memory: 1.86 GB
============================================================
SUMMARY: config=configs/baseline.json batch_size=16 params=124439808 peak_mem_bytes=7373982208 alloc_mem_bytes=1999436800 avg_step_time=0.1077

============================================================
[Rank 1] FINAL RESULTS
  Config: configs/baseline.json
  Model: hidden_dim=1024, num_layers=12
  Parameters: 124,439,808
  Batch size: 16, Seq length: 512
  Average step time: 0.108s
  Peak memory: 6.87 GB
  Final allocated memory: 1.86 GB
============================================================
SUMMARY: config=configs/baseline.json batch_size=16 params=124439808 peak_mem_bytes=7373982208 alloc_mem_bytes=1999436800 avg_step_time=0.1077
[rank0]:[W119 14:23:50.726880616 ProcessGroupNCCL.cpp:1250] Warning: WARNING: process group has NOT been destroyed before we destruct ProcessGroupNCCL. On normal program exit, the application should call destroy_process_group to ensure that any pending NCCL operations have finished in this process. In rare cases this process can exit before this point and block the progress of another member of the process group. This constraint has always been present,  but this warning has only been added since PyTorch 2.4 (function operator())
[2026-01-19 14:23:52,594] [INFO] [launch.py:367:main] Process 1757397 exits successfully.
[2026-01-19 14:23:52,594] [INFO] [launch.py:367:main] Process 1757398 exits successfully.

[2/2] Running BF16_FULL (bf16 master weights, gradients, and optimizer states)...
----------------------------------------------
Warning: The cache directory for DeepSpeed Triton autotune, /home/bigyang/.triton/autotune, appears to be on an NFS system. While this is generally acceptable, if you experience slowdowns or hanging when DeepSpeed exits, it is recommended to set the TRITON_CACHE_DIR environment variable to a non-NFS path.
[2026-01-19 14:24:01,835] [WARNING] [runner.py:232:fetch_hostfile] Unable to find hostfile, will proceed with training with local resources only.
Detected VISIBLE_DEVICES=0,1 but ignoring it because one or several of --include/--exclude/--num_gpus/--num_nodes cl args were used. If you want to use CUDA_VISIBLE_DEVICES don't pass any of these arguments to deepspeed.
[2026-01-19 14:24:01,835] [INFO] [runner.py:630:main] cmd = /home/bigyang/micromamba/envs/ds-hf/bin/python -u -m deepspeed.launcher.launch --world_info=eyJsb2NhbGhvc3QiOiBbMCwgMV19 --master_addr=127.0.0.1 --master_port=29600 --enable_each_rank_log=None --log_level=info train_gpt.py --deepspeed_config configs/bf16_full.json --num_layers 12 --hidden_dim 1024 --batch_size 16 --seq_length 512 --num_steps 10 --warmup_steps 5 --activation_checkpointing --use_real_data --seed 42
Warning: The cache directory for DeepSpeed Triton autotune, /home/bigyang/.triton/autotune, appears to be on an NFS system. While this is generally acceptable, if you experience slowdowns or hanging when DeepSpeed exits, it is recommended to set the TRITON_CACHE_DIR environment variable to a non-NFS path.
[2026-01-19 14:24:07,052] [INFO] [launch.py:162:main] WORLD INFO DICT: {'localhost': [0, 1]}
[2026-01-19 14:24:07,052] [INFO] [launch.py:168:main] nnodes=1, num_local_procs=2, node_rank=0
[2026-01-19 14:24:07,052] [INFO] [launch.py:179:main] global_rank_mapping=defaultdict(<class 'list'>, {'localhost': [0, 1]})
[2026-01-19 14:24:07,052] [INFO] [launch.py:180:main] dist_world_size=2
[2026-01-19 14:24:07,052] [INFO] [launch.py:184:main] Setting CUDA_VISIBLE_DEVICES=0,1
[2026-01-19 14:24:07,053] [INFO] [launch.py:272:main] process 1758253 spawned with command: ['/home/bigyang/micromamba/envs/ds-hf/bin/python', '-u', 'train_gpt.py', '--local_rank=0', '--deepspeed_config', 'configs/bf16_full.json', '--num_layers', '12', '--hidden_dim', '1024', '--batch_size', '16', '--seq_length', '512', '--num_steps', '10', '--warmup_steps', '5', '--activation_checkpointing', '--use_real_data', '--seed', '42']
[2026-01-19 14:24:07,053] [INFO] [launch.py:272:main] process 1758254 spawned with command: ['/home/bigyang/micromamba/envs/ds-hf/bin/python', '-u', 'train_gpt.py', '--local_rank=1', '--deepspeed_config', 'configs/bf16_full.json', '--num_layers', '12', '--hidden_dim', '1024', '--batch_size', '16', '--seq_length', '512', '--num_steps', '10', '--warmup_steps', '5', '--activation_checkpointing', '--use_real_data', '--seed', '42']
Warning: The cache directory for DeepSpeed Triton autotune, /home/bigyang/.triton/autotune, appears to be on an NFS system. While this is generally acceptable, if you experience slowdowns or hanging when DeepSpeed exits, it is recommended to set the TRITON_CACHE_DIR environment variable to a non-NFS path.
Warning: The cache directory for DeepSpeed Triton autotune, /home/bigyang/.triton/autotune, appears to be on an NFS system. While this is generally acceptable, if you experience slowdowns or hanging when DeepSpeed exits, it is recommended to set the TRITON_CACHE_DIR environment variable to a non-NFS path.
[Rank 0] Loading wikitext dataset...
[Rank 1] Loading wikitext dataset...
Warning: You are sending unauthenticated requests to the HF Hub. Please set a HF_TOKEN to enable higher rate limits and faster downloads.
[Rank 1] Dataset loaded: 39531 examples, vocab_size=50257
[Rank 1] Creating model with hidden_dim=1024, num_layers=12, num_heads=16, vocab_size=50257
[Rank 0] Dataset loaded: 39531 examples, vocab_size=50257
[Rank 0] Creating model with hidden_dim=1024, num_layers=12, num_heads=16, vocab_size=50257
[Rank 1] Model parameters: 124,439,808 total, 124,439,808 trainable
[Rank 1] Activation checkpointing enabled
[Rank 0] Model parameters: 124,439,808 total, 124,439,808 trainable
[Rank 0] Activation checkpointing enabled
/home/bigyang/micromamba/envs/ds-hf/lib/python3.11/site-packages/torch/utils/cpp_extension.py:1964: UserWarning: TORCH_CUDA_ARCH_LIST is not set, all archs for visible cards are included for compilation. 
If this is not desired, please set os.environ['TORCH_CUDA_ARCH_LIST'].
  warnings.warn(
Stage 3 initialize beginning
MA 0.25 GB         Max_MA 0.25 GB         CA 0.26 GB         Max_CA 0 GB 
CPU Virtual Memory:  used = 36.51 GB, percent = 3.6%
DeepSpeedZeRoOffload initialize [begin]
MA 0.25 GB         Max_MA 0.39 GB         CA 0.41 GB         Max_CA 0 GB 
CPU Virtual Memory:  used = 36.53 GB, percent = 3.6%
Parameter Offload - Persistent parameters statistics: param_count = 0, numel = 0
DeepSpeedZeRoOffload initialize [end]
MA 0.13 GB         Max_MA 0.29 GB         CA 0.41 GB         Max_CA 0 GB 
CPU Virtual Memory:  used = 36.53 GB, percent = 3.6%
Before creating fp16 partitions
MA 0.13 GB         Max_MA 0.13 GB         CA 0.41 GB         Max_CA 0 GB 
CPU Virtual Memory:  used = 36.53 GB, percent = 3.6%
After creating fp16 partitions: 1
MA 0.13 GB         Max_MA 0.13 GB         CA 0.13 GB         Max_CA 0 GB 
CPU Virtual Memory:  used = 36.53 GB, percent = 3.6%
Before creating fp32 partitions
MA 0.13 GB         Max_MA 0.13 GB         CA 0.13 GB         Max_CA 0 GB 
CPU Virtual Memory:  used = 36.54 GB, percent = 3.6%
After creating fp32 partitions
MA 0.24 GB         Max_MA 0.24 GB         CA 0.25 GB         Max_CA 0 GB 
CPU Virtual Memory:  used = 36.54 GB, percent = 3.6%
Before initializing optimizer states
MA 0.24 GB         Max_MA 0.24 GB         CA 0.25 GB         Max_CA 0 GB 
CPU Virtual Memory:  used = 36.54 GB, percent = 3.6%
[Rank 0] time (ms) | init_optimizer_state: 0.04
After initializing optimizer states
MA 0.24 GB         Max_MA 0.36 GB         CA 0.37 GB         Max_CA 0 GB 
CPU Virtual Memory:  used = 36.54 GB, percent = 3.6%
[Rank 1] DeepSpeed initialized with config: configs/bf16_full.json
[Rank 1] Memory after init: allocated=0.45 GB, reserved=0.63 GB
After initializing ZeRO optimizer
MA 0.45 GB         Max_MA 0.6 GB         CA 0.63 GB         Max_CA 1 GB 
CPU Virtual Memory:  used = 36.58 GB, percent = 3.6%
[Rank 0] DeepSpeed initialized with config: configs/bf16_full.json
[Rank 0] Memory after init: allocated=0.45 GB, reserved=0.63 GB
`use_cache=True` is incompatible with gradient checkpointing. Setting `use_cache=False`...
`use_cache=True` is incompatible with gradient checkpointing. Setting `use_cache=False`...
`loss_type=None` was set in the config but it is unrecognized. Using the default loss: `ForCausalLMLoss`.
`loss_type=None` was set in the config but it is unrecognized. Using the default loss: `ForCausalLMLoss`.
[Rank 0] time (ms) | optimizer_step: 2.05
[Rank 0] time (ms) | fwd_microstep: 173.56 | bwd_microstep: 162.97 | bwd_inner_microstep: 162.29 | bwd_allreduce_microstep: 0.55 | step_microstep: 33.17
[Rank 0] time (ms) | fwd: 173.57 | bwd: 162.97 | bwd_inner: 162.30 | bwd_allreduce: 0.55 | step: 33.17
[Rank 1] Step 0: loss=11.3710, time=0.802s, alloc_mem=1.51 GB, peak_mem=6.11 GB
[Rank 0] Step 0: loss=11.4410, time=0.687s, alloc_mem=1.51 GB, peak_mem=6.11 GB
[Rank 0] time (ms) | optimizer_step: 1.71
[Rank 0] time (ms) | fwd_microstep: 249.85 | bwd_microstep: 235.54 | bwd_inner_microstep: 226.96 | bwd_allreduce_microstep: 8.53 | step_microstep: 5.60
[Rank 0] time (ms) | fwd: 249.85 | bwd: 235.55 | bwd_inner: 226.98 | bwd_allreduce: 8.53 | step: 5.60
[Rank 0] time (ms) | optimizer_step: 1.69
[Rank 0] time (ms) | fwd_microstep: 42.34 | bwd_microstep: 64.13 | bwd_inner_microstep: 62.37 | bwd_allreduce_microstep: 1.71 | step_microstep: 5.58
[Rank 0] time (ms) | fwd: 42.34 | bwd: 64.14 | bwd_inner: 62.38 | bwd_allreduce: 1.71 | step: 5.58
[Rank 0] time (ms) | optimizer_step: 1.69
[Rank 0] time (ms) | fwd_microstep: 42.31 | bwd_microstep: 62.99 | bwd_inner_microstep: 62.35 | bwd_allreduce_microstep: 0.58 | step_microstep: 5.50
[Rank 0] time (ms) | fwd: 42.31 | bwd: 62.99 | bwd_inner: 62.37 | bwd_allreduce: 0.58 | step: 5.51
[Rank 0] time (ms) | optimizer_step: 1.68
[Rank 0] time (ms) | fwd_microstep: 42.36 | bwd_microstep: 62.91 | bwd_inner_microstep: 62.32 | bwd_allreduce_microstep: 0.53 | step_microstep: 5.46
[Rank 0] time (ms) | fwd: 42.35 | bwd: 62.92 | bwd_inner: 62.34 | bwd_allreduce: 0.54 | step: 5.46
[Rank 0] time (ms) | optimizer_step: 1.69
[Rank 0] time (ms) | fwd_microstep: 42.17 | bwd_microstep: 63.17 | bwd_inner_microstep: 61.86 | bwd_allreduce_microstep: 1.25 | step_microstep: 5.57
[Rank 0] time (ms) | fwd: 42.17 | bwd: 63.17 | bwd_inner: 61.88 | bwd_allreduce: 1.25 | step: 5.57
[Rank 0] Step 5: loss=3.5546, time=0.112s, alloc_mem=1.51 GB, peak_mem=6.53 GB
[Rank 1] Step 5: loss=3.3538, time=0.112s, alloc_mem=1.51 GB, peak_mem=6.53 GB
[Rank 0] time (ms) | optimizer_step: 1.70
[Rank 0] time (ms) | fwd_microstep: 57.23 | bwd_microstep: 63.55 | bwd_inner_microstep: 62.21 | bwd_allreduce_microstep: 1.30 | step_microstep: 5.50
[Rank 0] time (ms) | fwd: 57.23 | bwd: 63.56 | bwd_inner: 62.22 | bwd_allreduce: 1.30 | step: 5.50
[Rank 0] time (ms) | optimizer_step: 1.70
[Rank 0] time (ms) | fwd_microstep: 42.14 | bwd_microstep: 65.65 | bwd_inner_microstep: 62.15 | bwd_allreduce_microstep: 3.45 | step_microstep: 5.68
[Rank 0] time (ms) | fwd: 42.14 | bwd: 65.66 | bwd_inner: 62.17 | bwd_allreduce: 3.45 | step: 5.68
[Rank 0] time (ms) | optimizer_step: 1.70
[Rank 0] time (ms) | fwd_microstep: 42.55 | bwd_microstep: 78.28 | bwd_inner_microstep: 77.69 | bwd_allreduce_microstep: 0.53 | step_microstep: 5.55
[Rank 0] time (ms) | fwd: 42.54 | bwd: 78.28 | bwd_inner: 77.71 | bwd_allreduce: 0.53 | step: 5.55
[Rank 0] time (ms) | optimizer_step: 1.69
[Rank 0] time (ms) | fwd_microstep: 42.98 | bwd_microstep: 62.52 | bwd_inner_microstep: 61.82 | bwd_allreduce_microstep: 0.65 | step_microstep: 5.54
[Rank 0] time (ms) | fwd: 42.98 | bwd: 62.52 | bwd_inner: 61.83 | bwd_allreduce: 0.65 | step: 5.54
[Rank 0] Step 9: loss=3.0530, time=0.112s, alloc_mem=1.51 GB, peak_mem=6.53 GB
[Rank 1] Step 9: loss=2.8773, time=0.112s, alloc_mem=1.51 GB, peak_mem=6.53 GB

============================================================
[Rank 0] FINAL RESULTS
  Config: configs/bf16_full.json
  Model: hidden_dim=1024, num_layers=12
  Parameters: 124,439,808
  Batch size: 16, Seq length: 512
  Average step time: 0.119s
  Peak memory: 6.53 GB
  Final allocated memory: 1.51 GB
============================================================
SUMMARY: config=configs/bf16_full.json batch_size=16 params=124439808 peak_mem_bytes=7012316672 alloc_mem_bytes=1625436672 avg_step_time=0.1189

============================================================
[Rank 1] FINAL RESULTS
  Config: configs/bf16_full.json
  Model: hidden_dim=1024, num_layers=12
  Parameters: 124,439,808
  Batch size: 16, Seq length: 512
  Average step time: 0.119s
  Peak memory: 6.53 GB
  Final allocated memory: 1.51 GB
============================================================
SUMMARY: config=configs/bf16_full.json batch_size=16 params=124439808 peak_mem_bytes=7013234176 alloc_mem_bytes=1625436672 avg_step_time=0.1189
[rank0]:[W119 14:24:22.274022999 ProcessGroupNCCL.cpp:1250] Warning: WARNING: process group has NOT been destroyed before we destruct ProcessGroupNCCL. On normal program exit, the application should call destroy_process_group to ensure that any pending NCCL operations have finished in this process. In rare cases this process can exit before this point and block the progress of another member of the process group. This constraint has always been present,  but this warning has only been added since PyTorch 2.4 (function operator())
[2026-01-19 14:24:24,057] [INFO] [launch.py:367:main] Process 1758253 exits successfully.
[2026-01-19 14:24:24,057] [INFO] [launch.py:367:main] Process 1758254 exits successfully.

==============================================
All runs complete. Gathering results...
==============================================
================================================================================
BF16 Low-Precision Master Weights - Memory Usage Comparison
================================================================================

Configuration                            Peak Memory     Reduction       Step Time   
--------------------------------------------------------------------------------
Baseline (fp32 master)                   6.87 GB         -               0.1077s     
bf16_full (master + opt states)          6.53 GB         +4.9%           0.1189s     
--------------------------------------------------------------------------------

Detailed Results:
----------------------------------------

Baseline (fp32 master):
  Parameters: 124,439,808
  Peak Memory: 6.87 GB (7,373,982,208 bytes)
  Allocated Memory: 1.86 GB (1,999,436,800 bytes)
  Avg Step Time: 0.1077s

bf16_full (master + opt states):
  Parameters: 124,439,808
  Peak Memory: 6.53 GB (7,012,316,672 bytes)
  Allocated Memory: 1.51 GB (1,625,436,672 bytes)
  Avg Step Time: 0.1189s

================================================================================

Markdown Table (for README):
----------------------------------------

| Configuration | Peak Memory | Memory Reduction | Avg Step Time |
|---------------|-------------|------------------|---------------|
| Baseline (fp32 master) | 6.87 GB | - | 0.1077s |
| bf16_full (master + opt states) | 6.53 GB | +4.9% | 0.1189s |


Summary saved to: logs/20260119_142319-16/summary.txt

Results saved to: logs/20260119_142319-16/summary.txt
==============================================
Wrote configs/baseline.json
Wrote configs/bf16_full.json
==============================================
BF16 Low-Precision Master Weights Memory Test
==============================================
Configuration:
  NUM_GPUS: 2
  NUM_LAYERS: 12
  HIDDEN_DIM: 1024
  BATCH_SIZE: 32
  SEQ_LENGTH: 512
  NUM_STEPS: 10
  LOG_DIR: logs/20260119_142426-32
==============================================

[1/2] Running BASELINE (bf16 with fp32 master weights/grads/optimizer states)...
----------------------------------------------
Warning: The cache directory for DeepSpeed Triton autotune, /home/bigyang/.triton/autotune, appears to be on an NFS system. While this is generally acceptable, if you experience slowdowns or hanging when DeepSpeed exits, it is recommended to set the TRITON_CACHE_DIR environment variable to a non-NFS path.
[2026-01-19 14:24:34,564] [WARNING] [runner.py:232:fetch_hostfile] Unable to find hostfile, will proceed with training with local resources only.
Detected VISIBLE_DEVICES=0,1 but ignoring it because one or several of --include/--exclude/--num_gpus/--num_nodes cl args were used. If you want to use CUDA_VISIBLE_DEVICES don't pass any of these arguments to deepspeed.
[2026-01-19 14:24:34,564] [INFO] [runner.py:630:main] cmd = /home/bigyang/micromamba/envs/ds-hf/bin/python -u -m deepspeed.launcher.launch --world_info=eyJsb2NhbGhvc3QiOiBbMCwgMV19 --master_addr=127.0.0.1 --master_port=29600 --enable_each_rank_log=None --log_level=info train_gpt.py --deepspeed_config configs/baseline.json --num_layers 12 --hidden_dim 1024 --batch_size 32 --seq_length 512 --num_steps 10 --warmup_steps 5 --activation_checkpointing --use_real_data --seed 42
Warning: The cache directory for DeepSpeed Triton autotune, /home/bigyang/.triton/autotune, appears to be on an NFS system. While this is generally acceptable, if you experience slowdowns or hanging when DeepSpeed exits, it is recommended to set the TRITON_CACHE_DIR environment variable to a non-NFS path.
[2026-01-19 14:24:40,683] [INFO] [launch.py:162:main] WORLD INFO DICT: {'localhost': [0, 1]}
[2026-01-19 14:24:40,683] [INFO] [launch.py:168:main] nnodes=1, num_local_procs=2, node_rank=0
[2026-01-19 14:24:40,683] [INFO] [launch.py:179:main] global_rank_mapping=defaultdict(<class 'list'>, {'localhost': [0, 1]})
[2026-01-19 14:24:40,683] [INFO] [launch.py:180:main] dist_world_size=2
[2026-01-19 14:24:40,683] [INFO] [launch.py:184:main] Setting CUDA_VISIBLE_DEVICES=0,1
[2026-01-19 14:24:40,684] [INFO] [launch.py:272:main] process 1759160 spawned with command: ['/home/bigyang/micromamba/envs/ds-hf/bin/python', '-u', 'train_gpt.py', '--local_rank=0', '--deepspeed_config', 'configs/baseline.json', '--num_layers', '12', '--hidden_dim', '1024', '--batch_size', '32', '--seq_length', '512', '--num_steps', '10', '--warmup_steps', '5', '--activation_checkpointing', '--use_real_data', '--seed', '42']
[2026-01-19 14:24:40,685] [INFO] [launch.py:272:main] process 1759161 spawned with command: ['/home/bigyang/micromamba/envs/ds-hf/bin/python', '-u', 'train_gpt.py', '--local_rank=1', '--deepspeed_config', 'configs/baseline.json', '--num_layers', '12', '--hidden_dim', '1024', '--batch_size', '32', '--seq_length', '512', '--num_steps', '10', '--warmup_steps', '5', '--activation_checkpointing', '--use_real_data', '--seed', '42']
Warning: The cache directory for DeepSpeed Triton autotune, /home/bigyang/.triton/autotune, appears to be on an NFS system. While this is generally acceptable, if you experience slowdowns or hanging when DeepSpeed exits, it is recommended to set the TRITON_CACHE_DIR environment variable to a non-NFS path.
Warning: The cache directory for DeepSpeed Triton autotune, /home/bigyang/.triton/autotune, appears to be on an NFS system. While this is generally acceptable, if you experience slowdowns or hanging when DeepSpeed exits, it is recommended to set the TRITON_CACHE_DIR environment variable to a non-NFS path.
[Rank 0] Loading wikitext dataset...
[Rank 1] Loading wikitext dataset...
Warning: You are sending unauthenticated requests to the HF Hub. Please set a HF_TOKEN to enable higher rate limits and faster downloads.
Warning: You are sending unauthenticated requests to the HF Hub. Please set a HF_TOKEN to enable higher rate limits and faster downloads.
[Rank 0] Dataset loaded: 39531 examples, vocab_size=50257
[Rank 0] Creating model with hidden_dim=1024, num_layers=12, num_heads=16, vocab_size=50257
[Rank 1] Dataset loaded: 39531 examples, vocab_size=50257
[Rank 1] Creating model with hidden_dim=1024, num_layers=12, num_heads=16, vocab_size=50257
[Rank 1] Model parameters: 124,439,808 total, 124,439,808 trainable
[Rank 1] Activation checkpointing enabled
[Rank 0] Model parameters: 124,439,808 total, 124,439,808 trainable
[Rank 0] Activation checkpointing enabled
/home/bigyang/micromamba/envs/ds-hf/lib/python3.11/site-packages/torch/utils/cpp_extension.py:1964: UserWarning: TORCH_CUDA_ARCH_LIST is not set, all archs for visible cards are included for compilation. 
If this is not desired, please set os.environ['TORCH_CUDA_ARCH_LIST'].
  warnings.warn(
Stage 3 initialize beginning
MA 0.25 GB         Max_MA 0.25 GB         CA 0.26 GB         Max_CA 0 GB 
CPU Virtual Memory:  used = 36.55 GB, percent = 3.6%
DeepSpeedZeRoOffload initialize [begin]
MA 0.25 GB         Max_MA 0.39 GB         CA 0.41 GB         Max_CA 0 GB 
CPU Virtual Memory:  used = 36.65 GB, percent = 3.6%
Parameter Offload - Persistent parameters statistics: param_count = 0, numel = 0
DeepSpeedZeRoOffload initialize [end]
MA 0.13 GB         Max_MA 0.29 GB         CA 0.41 GB         Max_CA 0 GB 
CPU Virtual Memory:  used = 36.67 GB, percent = 3.6%
Before creating fp16 partitions
MA 0.13 GB         Max_MA 0.13 GB         CA 0.41 GB         Max_CA 0 GB 
CPU Virtual Memory:  used = 36.68 GB, percent = 3.6%
After creating fp16 partitions: 1
MA 0.13 GB         Max_MA 0.13 GB         CA 0.13 GB         Max_CA 0 GB 
CPU Virtual Memory:  used = 36.54 GB, percent = 3.6%
Before creating fp32 partitions
MA 0.13 GB         Max_MA 0.13 GB         CA 0.13 GB         Max_CA 0 GB 
CPU Virtual Memory:  used = 36.54 GB, percent = 3.6%
After creating fp32 partitions
MA 0.36 GB         Max_MA 0.59 GB         CA 0.6 GB         Max_CA 1 GB 
CPU Virtual Memory:  used = 36.56 GB, percent = 3.6%
Before initializing optimizer states
MA 0.36 GB         Max_MA 0.36 GB         CA 0.6 GB         Max_CA 1 GB 
CPU Virtual Memory:  used = 36.57 GB, percent = 3.6%
[Rank 0] time (ms) | init_optimizer_state: 0.05
After initializing optimizer states
MA 0.36 GB         Max_MA 0.59 GB         CA 0.6 GB         Max_CA 1 GB 
CPU Virtual Memory:  used = 36.58 GB, percent = 3.6%
[Rank 1] DeepSpeed initialized with config: configs/baseline.json
[Rank 1] Memory after init: allocated=0.57 GB, reserved=0.74 GB
After initializing ZeRO optimizer
MA 0.57 GB         Max_MA 0.71 GB         CA 0.74 GB         Max_CA 1 GB 
CPU Virtual Memory:  used = 36.65 GB, percent = 3.6%
[Rank 0] DeepSpeed initialized with config: configs/baseline.json
[Rank 0] Memory after init: allocated=0.57 GB, reserved=0.74 GB
`use_cache=True` is incompatible with gradient checkpointing. Setting `use_cache=False`...
`use_cache=True` is incompatible with gradient checkpointing. Setting `use_cache=False`...
`loss_type=None` was set in the config but it is unrecognized. Using the default loss: `ForCausalLMLoss`.
`loss_type=None` was set in the config but it is unrecognized. Using the default loss: `ForCausalLMLoss`.
[Rank 0] time (ms) | optimizer_step: 2.12
[Rank 0] time (ms) | fwd_microstep: 196.67 | bwd_microstep: 170.66 | bwd_inner_microstep: 169.95 | bwd_allreduce_microstep: 0.57 | step_microstep: 32.30
[Rank 0] time (ms) | fwd: 196.65 | bwd: 170.66 | bwd_inner: 169.96 | bwd_allreduce: 0.58 | step: 32.30
[Rank 0] Step 0: loss=11.4363, time=0.663s, alloc_mem=2.63 GB, peak_mem=11.75 GB
[Rank 1] Step 0: loss=11.4332, time=0.887s, alloc_mem=2.63 GB, peak_mem=11.75 GB
[Rank 0] time (ms) | optimizer_step: 1.85
[Rank 0] time (ms) | fwd_microstep: 257.65 | bwd_microstep: 221.23 | bwd_inner_microstep: 210.83 | bwd_allreduce_microstep: 10.34 | step_microstep: 5.88
[Rank 0] time (ms) | fwd: 257.65 | bwd: 221.24 | bwd_inner: 210.85 | bwd_allreduce: 10.34 | step: 5.88
[Rank 0] time (ms) | optimizer_step: 1.85
[Rank 0] time (ms) | fwd_microstep: 52.08 | bwd_microstep: 82.47 | bwd_inner_microstep: 80.58 | bwd_allreduce_microstep: 1.83 | step_microstep: 5.86
[Rank 0] time (ms) | fwd: 52.07 | bwd: 82.47 | bwd_inner: 80.60 | bwd_allreduce: 1.83 | step: 5.86
[Rank 0] time (ms) | optimizer_step: 1.86
[Rank 0] time (ms) | fwd_microstep: 51.62 | bwd_microstep: 81.28 | bwd_inner_microstep: 80.69 | bwd_allreduce_microstep: 0.53 | step_microstep: 5.78
[Rank 0] time (ms) | fwd: 51.62 | bwd: 81.28 | bwd_inner: 80.70 | bwd_allreduce: 0.53 | step: 5.78
[Rank 0] time (ms) | optimizer_step: 1.84
[Rank 0] time (ms) | fwd_microstep: 51.33 | bwd_microstep: 82.19 | bwd_inner_microstep: 80.79 | bwd_allreduce_microstep: 1.35 | step_microstep: 5.84
[Rank 0] time (ms) | fwd: 51.33 | bwd: 82.20 | bwd_inner: 80.80 | bwd_allreduce: 1.35 | step: 5.84
[Rank 0] time (ms) | optimizer_step: 1.82
[Rank 0] time (ms) | fwd_microstep: 51.50 | bwd_microstep: 81.87 | bwd_inner_microstep: 80.86 | bwd_allreduce_microstep: 0.95 | step_microstep: 6.67
[Rank 0] time (ms) | fwd: 51.50 | bwd: 81.87 | bwd_inner: 80.88 | bwd_allreduce: 0.95 | step: 6.67
[Rank 0] Step 5: loss=2.9923, time=0.141s, alloc_mem=2.63 GB, peak_mem=12.41 GB
[Rank 1] Step 5: loss=3.4160, time=0.141s, alloc_mem=2.63 GB, peak_mem=12.41 GB
[Rank 0] time (ms) | optimizer_step: 1.85
[Rank 0] time (ms) | fwd_microstep: 51.37 | bwd_microstep: 81.80 | bwd_inner_microstep: 80.75 | bwd_allreduce_microstep: 0.99 | step_microstep: 5.90
[Rank 0] time (ms) | fwd: 51.37 | bwd: 81.80 | bwd_inner: 80.76 | bwd_allreduce: 0.99 | step: 5.90
[Rank 0] time (ms) | optimizer_step: 1.85
[Rank 0] time (ms) | fwd_microstep: 54.12 | bwd_microstep: 81.26 | bwd_inner_microstep: 80.65 | bwd_allreduce_microstep: 0.56 | step_microstep: 5.84
[Rank 0] time (ms) | fwd: 54.11 | bwd: 81.27 | bwd_inner: 80.66 | bwd_allreduce: 0.56 | step: 5.84
[Rank 0] time (ms) | optimizer_step: 1.84
[Rank 0] time (ms) | fwd_microstep: 66.40 | bwd_microstep: 80.97 | bwd_inner_microstep: 80.40 | bwd_allreduce_microstep: 0.52 | step_microstep: 5.78
[Rank 0] time (ms) | fwd: 66.39 | bwd: 80.97 | bwd_inner: 80.41 | bwd_allreduce: 0.52 | step: 5.78
[Rank 0] time (ms) | optimizer_step: 1.84
[Rank 0] time (ms) | fwd_microstep: 52.24 | bwd_microstep: 81.32 | bwd_inner_microstep: 80.63 | bwd_allreduce_microstep: 0.64 | step_microstep: 6.00
[Rank 0] time (ms) | fwd: 52.23 | bwd: 81.33 | bwd_inner: 80.65 | bwd_allreduce: 0.64 | step: 6.00
[Rank 0] Step 9: loss=2.8889, time=0.141s, alloc_mem=2.63 GB, peak_mem=12.41 GB
[Rank 1] Step 9: loss=2.7067, time=0.141s, alloc_mem=2.63 GB, peak_mem=12.41 GB

============================================================
[Rank 0] FINAL RESULTS
  Config: configs/baseline.json
  Model: hidden_dim=1024, num_layers=12
  Parameters: 124,439,808
  Batch size: 32, Seq length: 512
  Average step time: 0.144s
  Peak memory: 12.41 GB
  Final allocated memory: 2.63 GB
============================================================
SUMMARY: config=configs/baseline.json batch_size=32 params=124439808 peak_mem_bytes=13322684928 alloc_mem_bytes=2822978560 avg_step_time=0.1440

============================================================
[Rank 1] FINAL RESULTS
  Config: configs/baseline.json
  Model: hidden_dim=1024, num_layers=12
  Parameters: 124,439,808
  Batch size: 32, Seq length: 512
  Average step time: 0.144s
  Peak memory: 12.41 GB
  Final allocated memory: 2.63 GB
============================================================
SUMMARY: config=configs/baseline.json batch_size=32 params=124439808 peak_mem_bytes=13322684928 alloc_mem_bytes=2822978560 avg_step_time=0.1440
[rank0]:[W119 14:24:58.761236455 ProcessGroupNCCL.cpp:1250] Warning: WARNING: process group has NOT been destroyed before we destruct ProcessGroupNCCL. On normal program exit, the application should call destroy_process_group to ensure that any pending NCCL operations have finished in this process. In rare cases this process can exit before this point and block the progress of another member of the process group. This constraint has always been present,  but this warning has only been added since PyTorch 2.4 (function operator())
[2026-01-19 14:25:00,688] [INFO] [launch.py:367:main] Process 1759160 exits successfully.
[2026-01-19 14:25:00,688] [INFO] [launch.py:367:main] Process 1759161 exits successfully.

[2/2] Running BF16_FULL (bf16 master weights, gradients, and optimizer states)...
----------------------------------------------
Warning: The cache directory for DeepSpeed Triton autotune, /home/bigyang/.triton/autotune, appears to be on an NFS system. While this is generally acceptable, if you experience slowdowns or hanging when DeepSpeed exits, it is recommended to set the TRITON_CACHE_DIR environment variable to a non-NFS path.
[2026-01-19 14:25:10,473] [WARNING] [runner.py:232:fetch_hostfile] Unable to find hostfile, will proceed with training with local resources only.
Detected VISIBLE_DEVICES=0,1 but ignoring it because one or several of --include/--exclude/--num_gpus/--num_nodes cl args were used. If you want to use CUDA_VISIBLE_DEVICES don't pass any of these arguments to deepspeed.
[2026-01-19 14:25:10,473] [INFO] [runner.py:630:main] cmd = /home/bigyang/micromamba/envs/ds-hf/bin/python -u -m deepspeed.launcher.launch --world_info=eyJsb2NhbGhvc3QiOiBbMCwgMV19 --master_addr=127.0.0.1 --master_port=29600 --enable_each_rank_log=None --log_level=info train_gpt.py --deepspeed_config configs/bf16_full.json --num_layers 12 --hidden_dim 1024 --batch_size 32 --seq_length 512 --num_steps 10 --warmup_steps 5 --activation_checkpointing --use_real_data --seed 42
Warning: The cache directory for DeepSpeed Triton autotune, /home/bigyang/.triton/autotune, appears to be on an NFS system. While this is generally acceptable, if you experience slowdowns or hanging when DeepSpeed exits, it is recommended to set the TRITON_CACHE_DIR environment variable to a non-NFS path.
[2026-01-19 14:25:15,652] [INFO] [launch.py:162:main] WORLD INFO DICT: {'localhost': [0, 1]}
[2026-01-19 14:25:15,652] [INFO] [launch.py:168:main] nnodes=1, num_local_procs=2, node_rank=0
[2026-01-19 14:25:15,652] [INFO] [launch.py:179:main] global_rank_mapping=defaultdict(<class 'list'>, {'localhost': [0, 1]})
[2026-01-19 14:25:15,652] [INFO] [launch.py:180:main] dist_world_size=2
[2026-01-19 14:25:15,652] [INFO] [launch.py:184:main] Setting CUDA_VISIBLE_DEVICES=0,1
[2026-01-19 14:25:15,653] [INFO] [launch.py:272:main] process 1760015 spawned with command: ['/home/bigyang/micromamba/envs/ds-hf/bin/python', '-u', 'train_gpt.py', '--local_rank=0', '--deepspeed_config', 'configs/bf16_full.json', '--num_layers', '12', '--hidden_dim', '1024', '--batch_size', '32', '--seq_length', '512', '--num_steps', '10', '--warmup_steps', '5', '--activation_checkpointing', '--use_real_data', '--seed', '42']
[2026-01-19 14:25:15,653] [INFO] [launch.py:272:main] process 1760016 spawned with command: ['/home/bigyang/micromamba/envs/ds-hf/bin/python', '-u', 'train_gpt.py', '--local_rank=1', '--deepspeed_config', 'configs/bf16_full.json', '--num_layers', '12', '--hidden_dim', '1024', '--batch_size', '32', '--seq_length', '512', '--num_steps', '10', '--warmup_steps', '5', '--activation_checkpointing', '--use_real_data', '--seed', '42']
Warning: The cache directory for DeepSpeed Triton autotune, /home/bigyang/.triton/autotune, appears to be on an NFS system. While this is generally acceptable, if you experience slowdowns or hanging when DeepSpeed exits, it is recommended to set the TRITON_CACHE_DIR environment variable to a non-NFS path.
Warning: The cache directory for DeepSpeed Triton autotune, /home/bigyang/.triton/autotune, appears to be on an NFS system. While this is generally acceptable, if you experience slowdowns or hanging when DeepSpeed exits, it is recommended to set the TRITON_CACHE_DIR environment variable to a non-NFS path.
[Rank 0] Loading wikitext dataset...
[Rank 1] Loading wikitext dataset...
[Rank 0] Dataset loaded: 39531 examples, vocab_size=50257
[Rank 0] Creating model with hidden_dim=1024, num_layers=12, num_heads=16, vocab_size=50257
[Rank 1] Dataset loaded: 39531 examples, vocab_size=50257
[Rank 1] Creating model with hidden_dim=1024, num_layers=12, num_heads=16, vocab_size=50257
[Rank 0] Model parameters: 124,439,808 total, 124,439,808 trainable
[Rank 0] Activation checkpointing enabled
[Rank 1] Model parameters: 124,439,808 total, 124,439,808 trainable
[Rank 1] Activation checkpointing enabled
/home/bigyang/micromamba/envs/ds-hf/lib/python3.11/site-packages/torch/utils/cpp_extension.py:1964: UserWarning: TORCH_CUDA_ARCH_LIST is not set, all archs for visible cards are included for compilation. 
If this is not desired, please set os.environ['TORCH_CUDA_ARCH_LIST'].
  warnings.warn(
Stage 3 initialize beginning
MA 0.25 GB         Max_MA 0.25 GB         CA 0.26 GB         Max_CA 0 GB 
CPU Virtual Memory:  used = 36.64 GB, percent = 3.6%
DeepSpeedZeRoOffload initialize [begin]
MA 0.25 GB         Max_MA 0.39 GB         CA 0.41 GB         Max_CA 0 GB 
CPU Virtual Memory:  used = 36.66 GB, percent = 3.6%
Parameter Offload - Persistent parameters statistics: param_count = 0, numel = 0
DeepSpeedZeRoOffload initialize [end]
MA 0.13 GB         Max_MA 0.29 GB         CA 0.41 GB         Max_CA 0 GB 
CPU Virtual Memory:  used = 36.54 GB, percent = 3.6%
Before creating fp16 partitions
MA 0.13 GB         Max_MA 0.13 GB         CA 0.41 GB         Max_CA 0 GB 
CPU Virtual Memory:  used = 36.54 GB, percent = 3.6%
After creating fp16 partitions: 1
MA 0.13 GB         Max_MA 0.13 GB         CA 0.13 GB         Max_CA 0 GB 
CPU Virtual Memory:  used = 36.54 GB, percent = 3.6%
Before creating fp32 partitions
MA 0.13 GB         Max_MA 0.13 GB         CA 0.13 GB         Max_CA 0 GB 
CPU Virtual Memory:  used = 36.54 GB, percent = 3.6%
After creating fp32 partitions
MA 0.24 GB         Max_MA 0.24 GB         CA 0.25 GB         Max_CA 0 GB 
CPU Virtual Memory:  used = 36.54 GB, percent = 3.6%
Before initializing optimizer states
MA 0.24 GB         Max_MA 0.24 GB         CA 0.25 GB         Max_CA 0 GB 
CPU Virtual Memory:  used = 36.55 GB, percent = 3.6%
[Rank 0] time (ms) | init_optimizer_state: 0.04
After initializing optimizer states
MA 0.24 GB         Max_MA 0.36 GB         CA 0.37 GB         Max_CA 0 GB 
CPU Virtual Memory:  used = 36.55 GB, percent = 3.6%
[Rank 1] DeepSpeed initialized with config: configs/bf16_full.json
[Rank 1] Memory after init: allocated=0.45 GB, reserved=0.63 GB
After initializing ZeRO optimizer
MA 0.45 GB         Max_MA 0.6 GB         CA 0.63 GB         Max_CA 1 GB 
CPU Virtual Memory:  used = 36.6 GB, percent = 3.6%
[Rank 0] DeepSpeed initialized with config: configs/bf16_full.json
[Rank 0] Memory after init: allocated=0.45 GB, reserved=0.63 GB
`use_cache=True` is incompatible with gradient checkpointing. Setting `use_cache=False`...
`use_cache=True` is incompatible with gradient checkpointing. Setting `use_cache=False`...
`loss_type=None` was set in the config but it is unrecognized. Using the default loss: `ForCausalLMLoss`.
`loss_type=None` was set in the config but it is unrecognized. Using the default loss: `ForCausalLMLoss`.
[Rank 1] Step 0: loss=11.4334, time=0.805s, alloc_mem=2.28 GB, peak_mem=11.66 GB
[Rank 0] time (ms) | optimizer_step: 2.06
[Rank 0] time (ms) | fwd_microstep: 180.84 | bwd_microstep: 177.06 | bwd_inner_microstep: 176.34 | bwd_allreduce_microstep: 0.59 | step_microstep: 34.68
[Rank 0] time (ms) | fwd: 180.83 | bwd: 177.06 | bwd_inner: 176.35 | bwd_allreduce: 0.59 | step: 34.68
[Rank 0] Step 0: loss=11.4365, time=0.697s, alloc_mem=2.28 GB, peak_mem=11.66 GB
[Rank 0] time (ms) | optimizer_step: 1.70
[Rank 0] time (ms) | fwd_microstep: 261.79 | bwd_microstep: 216.78 | bwd_inner_microstep: 216.22 | bwd_allreduce_microstep: 0.50 | step_microstep: 5.59
[Rank 0] time (ms) | fwd: 261.78 | bwd: 216.78 | bwd_inner: 216.24 | bwd_allreduce: 0.50 | step: 5.59
[Rank 0] time (ms) | optimizer_step: 1.70
[Rank 0] time (ms) | fwd_microstep: 56.76 | bwd_microstep: 111.41 | bwd_inner_microstep: 110.84 | bwd_allreduce_microstep: 0.52 | step_microstep: 5.56
[Rank 0] time (ms) | fwd: 56.75 | bwd: 111.42 | bwd_inner: 110.85 | bwd_allreduce: 0.52 | step: 5.56
[Rank 0] time (ms) | optimizer_step: 1.70
[Rank 0] time (ms) | fwd_microstep: 56.43 | bwd_microstep: 112.39 | bwd_inner_microstep: 110.73 | bwd_allreduce_microstep: 1.62 | step_microstep: 5.63
[Rank 0] time (ms) | fwd: 56.42 | bwd: 112.40 | bwd_inner: 110.74 | bwd_allreduce: 1.62 | step: 5.63
[Rank 0] time (ms) | optimizer_step: 1.71
[Rank 0] time (ms) | fwd_microstep: 56.43 | bwd_microstep: 111.36 | bwd_inner_microstep: 110.79 | bwd_allreduce_microstep: 0.52 | step_microstep: 5.52
[Rank 0] time (ms) | fwd: 56.42 | bwd: 111.37 | bwd_inner: 110.81 | bwd_allreduce: 0.52 | step: 5.52
[Rank 0] time (ms) | optimizer_step: 1.70
[Rank 0] time (ms) | fwd_microstep: 56.45 | bwd_microstep: 111.94 | bwd_inner_microstep: 110.75 | bwd_allreduce_microstep: 1.14 | step_microstep: 5.55
[Rank 0] time (ms) | fwd: 56.45 | bwd: 111.94 | bwd_inner: 110.76 | bwd_allreduce: 1.14 | step: 5.55
[Rank 0] Step 5: loss=2.9891, time=0.175s, alloc_mem=2.28 GB, peak_mem=12.08 GB
[Rank 1] Step 5: loss=3.4139, time=0.175s, alloc_mem=2.28 GB, peak_mem=12.08 GB
[Rank 0] time (ms) | optimizer_step: 1.69
[Rank 0] time (ms) | fwd_microstep: 56.42 | bwd_microstep: 111.93 | bwd_inner_microstep: 110.88 | bwd_allreduce_microstep: 1.00 | step_microstep: 5.59
[Rank 0] time (ms) | fwd: 56.42 | bwd: 111.94 | bwd_inner: 110.89 | bwd_allreduce: 1.01 | step: 5.59
[Rank 0] time (ms) | optimizer_step: 1.71
[Rank 0] time (ms) | fwd_microstep: 56.40 | bwd_microstep: 112.52 | bwd_inner_microstep: 110.90 | bwd_allreduce_microstep: 1.57 | step_microstep: 5.61
[Rank 0] time (ms) | fwd: 56.39 | bwd: 112.52 | bwd_inner: 110.91 | bwd_allreduce: 1.57 | step: 5.61
[Rank 0] time (ms) | optimizer_step: 1.71
[Rank 0] time (ms) | fwd_microstep: 56.32 | bwd_microstep: 112.14 | bwd_inner_microstep: 110.84 | bwd_allreduce_microstep: 1.26 | step_microstep: 5.59
[Rank 0] time (ms) | fwd: 56.31 | bwd: 112.15 | bwd_inner: 110.85 | bwd_allreduce: 1.26 | step: 5.59
[Rank 0] time (ms) | optimizer_step: 1.70
[Rank 0] time (ms) | fwd_microstep: 56.39 | bwd_microstep: 112.25 | bwd_inner_microstep: 110.77 | bwd_allreduce_microstep: 1.43 | step_microstep: 5.57
[Rank 0] time (ms) | fwd: 56.39 | bwd: 112.26 | bwd_inner: 110.78 | bwd_allreduce: 1.43 | step: 5.57
[Rank 0] Step 9: loss=2.9003, time=0.175s, alloc_mem=2.28 GB, peak_mem=12.08 GB
[Rank 1] Step 9: loss=2.7204, time=0.175s, alloc_mem=2.28 GB, peak_mem=12.08 GB

============================================================
[Rank 0] FINAL RESULTS
  Config: configs/bf16_full.json
  Model: hidden_dim=1024, num_layers=12
  Parameters: 124,439,808
  Batch size: 32, Seq length: 512
  Average step time: 0.175s
  Peak memory: 12.08 GB
  Final allocated memory: 2.28 GB
============================================================
SUMMARY: config=configs/bf16_full.json batch_size=32 params=124439808 peak_mem_bytes=12975502848 alloc_mem_bytes=2448978432 avg_step_time=0.1753

============================================================
[Rank 1] FINAL RESULTS
  Config: configs/bf16_full.json
  Model: hidden_dim=1024, num_layers=12
  Parameters: 124,439,808
  Batch size: 32, Seq length: 512
  Average step time: 0.175s
  Peak memory: 12.08 GB
  Final allocated memory: 2.28 GB
============================================================
SUMMARY: config=configs/bf16_full.json batch_size=32 params=124439808 peak_mem_bytes=12975502848 alloc_mem_bytes=2448978432 avg_step_time=0.1753
[rank0]:[W119 14:25:33.755929271 ProcessGroupNCCL.cpp:1250] Warning: WARNING: process group has NOT been destroyed before we destruct ProcessGroupNCCL. On normal program exit, the application should call destroy_process_group to ensure that any pending NCCL operations have finished in this process. In rare cases this process can exit before this point and block the progress of another member of the process group. This constraint has always been present,  but this warning has only been added since PyTorch 2.4 (function operator())
[2026-01-19 14:25:35,656] [INFO] [launch.py:367:main] Process 1760016 exits successfully.
[2026-01-19 14:25:35,656] [INFO] [launch.py:367:main] Process 1760015 exits successfully.

==============================================
All runs complete. Gathering results...
==============================================
================================================================================
BF16 Low-Precision Master Weights - Memory Usage Comparison
================================================================================

Configuration                            Peak Memory     Reduction       Step Time   
--------------------------------------------------------------------------------
Baseline (fp32 master)                   12.41 GB        -               0.1440s     
bf16_full (master + opt states)          12.08 GB        +2.6%           0.1753s     
--------------------------------------------------------------------------------

Detailed Results:
----------------------------------------

Baseline (fp32 master):
  Parameters: 124,439,808
  Peak Memory: 12.41 GB (13,322,684,928 bytes)
  Allocated Memory: 2.63 GB (2,822,978,560 bytes)
  Avg Step Time: 0.1440s

bf16_full (master + opt states):
  Parameters: 124,439,808
  Peak Memory: 12.08 GB (12,975,502,848 bytes)
  Allocated Memory: 2.28 GB (2,448,978,432 bytes)
  Avg Step Time: 0.1753s

================================================================================

Markdown Table (for README):
----------------------------------------

| Configuration | Peak Memory | Memory Reduction | Avg Step Time |
|---------------|-------------|------------------|---------------|
| Baseline (fp32 master) | 12.41 GB | - | 0.1440s |
| bf16_full (master + opt states) | 12.08 GB | +2.6% | 0.1753s |


Summary saved to: logs/20260119_142426-32/summary.txt

Results saved to: logs/20260119_142426-32/summary.txt
==============================================
