0: Warning: The cache directory for DeepSpeed Triton autotune, /home/bigyang/.triton/autotune, appears to be on an NFS system. While this is generally acceptable, if you experience slowdowns or hanging when DeepSpeed exits, it is recommended to set the TRITON_CACHE_DIR environment variable to a non-NFS path.
0: Warning: The cache directory for DeepSpeed Triton autotune, /home/bigyang/.triton/autotune, appears to be on an NFS system. While this is generally acceptable, if you experience slowdowns or hanging when DeepSpeed exits, it is recommended to set the TRITON_CACHE_DIR environment variable to a non-NFS path.Warning: The cache directory for DeepSpeed Triton autotune, /home/bigyang/.triton/autotune, appears to be on an NFS system. While this is generally acceptable, if you experience slowdowns or hanging when DeepSpeed exits, it is recommended to set the TRITON_CACHE_DIR environment variable to a non-NFS path.
0: 
1: Warning: The cache directory for DeepSpeed Triton autotune, /home/bigyang/.triton/autotune, appears to be on an NFS system. While this is generally acceptable, if you experience slowdowns or hanging when DeepSpeed exits, it is recommended to set the TRITON_CACHE_DIR environment variable to a non-NFS path.
1: Warning: The cache directory for DeepSpeed Triton autotune, /home/bigyang/.triton/autotune, appears to be on an NFS system. While this is generally acceptable, if you experience slowdowns or hanging when DeepSpeed exits, it is recommended to set the TRITON_CACHE_DIR environment variable to a non-NFS path.
1: Warning: The cache directory for DeepSpeed Triton autotune, /home/bigyang/.triton/autotune, appears to be on an NFS system. While this is generally acceptable, if you experience slowdowns or hanging when DeepSpeed exits, it is recommended to set the TRITON_CACHE_DIR environment variable to a non-NFS path.
0: Warning: The cache directory for DeepSpeed Triton autotune, /home/bigyang/.triton/autotune, appears to be on an NFS system. While this is generally acceptable, if you experience slowdowns or hanging when DeepSpeed exits, it is recommended to set the TRITON_CACHE_DIR environment variable to a non-NFS path.
1: Warning: The cache directory for DeepSpeed Triton autotune, /home/bigyang/.triton/autotune, appears to be on an NFS system. While this is generally acceptable, if you experience slowdowns or hanging when DeepSpeed exits, it is recommended to set the TRITON_CACHE_DIR environment variable to a non-NFS path.
0: Before initializing optimizer states
0: MA 18.7 GB         Max_MA 29.92 GB         CA 35.65 GB         Max_CA 36 GB 
0: CPU Virtual Memory:  used = 23.12 GB, percent = 2.3%
0: After initializing optimizer states
0: MA 18.7 GB         Max_MA 22.44 GB         CA 22.44 GB         Max_CA 36 GB 
0: CPU Virtual Memory:  used = 23.0 GB, percent = 2.3%
0: After initializing ZeRO optimizer
0: MA 18.7 GB         Max_MA 18.7 GB         CA 22.44 GB         Max_CA 22 GB 
0: CPU Virtual Memory:  used = 23.02 GB, percent = 2.3%
1: [Rank 5] Loading wikitext dataset...
1: [Rank 4] Loading wikitext dataset...
1: [Rank 6] Loading wikitext dataset...
1: [Rank 7] Loading wikitext dataset...
0: [Rank 1] Loading wikitext dataset...
0: [Rank 3] Loading wikitext dataset...
0: [Rank 2] Loading wikitext dataset...
0: [Rank 0] Loading wikitext dataset...
0: [Rank 1] Packed dataset: 561 chunks of 10000 tokens
0: [Rank 3] Packed dataset: 561 chunks of 10000 tokens
1: [Rank 5] Packed dataset: 561 chunks of 10000 tokens
1: [Rank 6] Packed dataset: 561 chunks of 10000 tokens
1: [Rank 4] Packed dataset: 561 chunks of 10000 tokens
1: [Rank 7] Packed dataset: 561 chunks of 10000 tokens
