Warning: The cache directory for DeepSpeed Triton autotune, /home/bigyang/.triton/autotune, appears to be on an NFS system. While this is generally acceptable, if you experience slowdowns or hanging when DeepSpeed exits, it is recommended to set the TRITON_CACHE_DIR environment variable to a non-NFS path.
[2026-01-23 16:25:10,852] [WARNING] [runner.py:232:fetch_hostfile] Unable to find hostfile, will proceed with training with local resources only.
Detected VISIBLE_DEVICES=0,1 but ignoring it because one or several of --include/--exclude/--num_gpus/--num_nodes cl args were used. If you want to use CUDA_VISIBLE_DEVICES don't pass any of these arguments to deepspeed.
[2026-01-23 16:25:10,852] [INFO] [runner.py:630:main] cmd = /home/bigyang/micromamba/envs/ds-hf/bin/python -u -m deepspeed.launcher.launch --world_info=eyJsb2NhbGhvc3QiOiBbMCwgMV19 --master_addr=127.0.0.1 --master_port=29600 --enable_each_rank_log=None --log_level=info train_bert_ds.py --checkpoint_dir experiment_deepspeed
Warning: The cache directory for DeepSpeed Triton autotune, /home/bigyang/.triton/autotune, appears to be on an NFS system. While this is generally acceptable, if you experience slowdowns or hanging when DeepSpeed exits, it is recommended to set the TRITON_CACHE_DIR environment variable to a non-NFS path.
[2026-01-23 16:25:15,097] [INFO] [launch.py:162:main] WORLD INFO DICT: {'localhost': [0, 1]}
[2026-01-23 16:25:15,097] [INFO] [launch.py:168:main] nnodes=1, num_local_procs=2, node_rank=0
[2026-01-23 16:25:15,097] [INFO] [launch.py:179:main] global_rank_mapping=defaultdict(<class 'list'>, {'localhost': [0, 1]})
[2026-01-23 16:25:15,097] [INFO] [launch.py:180:main] dist_world_size=2
[2026-01-23 16:25:15,097] [INFO] [launch.py:184:main] Setting CUDA_VISIBLE_DEVICES=0,1
[2026-01-23 16:25:15,098] [INFO] [launch.py:272:main] process 2272570 spawned with command: ['/home/bigyang/micromamba/envs/ds-hf/bin/python', '-u', 'train_bert_ds.py', '--local_rank=0', '--checkpoint_dir', 'experiment_deepspeed']
[2026-01-23 16:25:15,099] [INFO] [launch.py:272:main] process 2272571 spawned with command: ['/home/bigyang/micromamba/envs/ds-hf/bin/python', '-u', 'train_bert_ds.py', '--local_rank=1', '--checkpoint_dir', 'experiment_deepspeed']
Warning: The cache directory for DeepSpeed Triton autotune, /home/bigyang/.triton/autotune, appears to be on an NFS system. While this is generally acceptable, if you experience slowdowns or hanging when DeepSpeed exits, it is recommended to set the TRITON_CACHE_DIR environment variable to a non-NFS path.
Warning: The cache directory for DeepSpeed Triton autotune, /home/bigyang/.triton/autotune, appears to be on an NFS system. While this is generally acceptable, if you experience slowdowns or hanging when DeepSpeed exits, it is recommended to set the TRITON_CACHE_DIR environment variable to a non-NFS path.
Stage 3 initialize beginning
MA 0.03 GB         Max_MA 0.03 GB         CA 0.03 GB         Max_CA 0 GB 
CPU Virtual Memory:  used = 399.76 GB, percent = 19.8%
DeepSpeedZeRoOffload initialize [begin]
MA 0.03 GB         Max_MA 0.08 GB         CA 0.08 GB         Max_CA 0 GB 
CPU Virtual Memory:  used = 399.92 GB, percent = 19.8%
Parameter Offload - Persistent parameters statistics: param_count = 0, numel = 0
DeepSpeedZeRoOffload initialize [end]
MA 0.02 GB         Max_MA 0.04 GB         CA 0.08 GB         Max_CA 0 GB 
CPU Virtual Memory:  used = 400.05 GB, percent = 19.9%
Before creating fp16 partitions
MA 0.02 GB         Max_MA 0.02 GB         CA 0.08 GB         Max_CA 0 GB 
CPU Virtual Memory:  used = 400.17 GB, percent = 19.9%
After creating fp16 partitions: 1
MA 0.02 GB         Max_MA 0.02 GB         CA 0.02 GB         Max_CA 0 GB 
CPU Virtual Memory:  used = 400.34 GB, percent = 19.9%
Before creating fp32 partitions
MA 0.02 GB         Max_MA 0.02 GB         CA 0.02 GB         Max_CA 0 GB 
CPU Virtual Memory:  used = 400.34 GB, percent = 19.9%
After creating fp32 partitions
MA 0.03 GB         Max_MA 0.03 GB         CA 0.04 GB         Max_CA 0 GB 
CPU Virtual Memory:  used = 400.34 GB, percent = 19.9%
Before initializing optimizer states
MA 0.03 GB         Max_MA 0.03 GB         CA 0.04 GB         Max_CA 0 GB 
CPU Virtual Memory:  used = 400.47 GB, percent = 19.9%
After initializing optimizer states
MA 0.03 GB         Max_MA 0.05 GB         CA 0.05 GB         Max_CA 0 GB 
CPU Virtual Memory:  used = 400.7 GB, percent = 19.9%
After initializing ZeRO optimizer
MA 0.14 GB         Max_MA 0.19 GB         CA 0.2 GB         Max_CA 0 GB 
CPU Virtual Memory:  used = 400.99 GB, percent = 19.9%
step_time: 0.04669046401977539
step_time: 0.046805620193481445
step_time: 0.04780697822570801
step_time: 0.04800009727478027
step_time: 0.046759605407714844
step_time: 0.04666447639465332
step_time: 0.04696011543273926
step_time: 0.04701590538024902
step_time: 0.04670596122741699
step_time: 0.046700477600097656
step_time: 0.04680037498474121
step_time: 0.04681205749511719
step_time: 0.0467371940612793
step_time: 0.04660487174987793
step_time: 0.046750783920288086
step_time: 0.04676961898803711
step_time: 0.04652881622314453
step_time: 0.04647541046142578
step_time: 0.04660654067993164
step_time: 0.04660463333129883
step_time: 0.046439409255981445
step_time: 0.04637503623962402
step_time: 0.04649972915649414
step_time: 0.04671454429626465
step_time: 0.04665970802307129
step_time: 0.04660511016845703
step_time: 0.04655599594116211
step_time: 0.046523094177246094
step_time: 0.05939078330993652
step_time: 0.05937600135803223
step_time: 0.04658150672912598
step_time: 0.04662299156188965
step_time: 0.0468595027923584
step_time: 0.04670977592468262
step_time: 0.046663761138916016
step_time: 0.04666948318481445
step_time: 0.0464169979095459
step_time: 0.046327829360961914
step_time: 0.04655313491821289
step_time: 0.046573638916015625
step_time: 0.04676938056945801
step_time: 0.046662092208862305
step_time: 0.04641413688659668
step_time: 0.04659771919250488
step_time: 0.04658961296081543
step_time: 0.04656386375427246
step_time: 0.046399831771850586
step_time: 0.046410560607910156
step_time: 0.04678773880004883
step_time: 0.046756744384765625
step_time: 0.04647326469421387
step_time: 0.046456336975097656
step_time: 0.04671525955200195
step_time: 0.046720266342163086
step_time: 0.04664301872253418
step_time: 0.046619415283203125
step_time: 0.046631813049316406
step_time: 0.046576499938964844
step_time: 0.04674839973449707
step_time: 0.046820640563964844
step_time: 0.04683423042297363
step_time: 0.04676198959350586
step_time: 0.0464015007019043
step_time: 0.046514034271240234
step_time: 0.04675865173339844
step_time: 0.04672527313232422
step_time: 0.046718597412109375
step_time: 0.04672884941101074
step_time: 0.04640316963195801
step_time: 0.04634737968444824
step_time: 0.046465396881103516
step_time: 0.046434640884399414
step_time: 0.04649615287780762
step_time: 0.046566009521484375
step_time: 0.04780387878417969
step_time: 0.04777336120605469
step_time: 0.04864311218261719
step_time: 0.048856258392333984
step_time: 0.046793222427368164
step_time: 0.046614646911621094
step_time: 0.046578407287597656
step_time: 0.04672718048095703
step_time: 0.04643750190734863
step_time: 0.04669809341430664
step_time: 0.04671359062194824
step_time: 0.04674553871154785
step_time: 0.04680228233337402
step_time: 0.046700477600097656
step_time: 0.04748797416687012
step_time: 0.04754209518432617
step_time: 0.046649932861328125
step_time: 0.046651601791381836
step_time: 0.04676008224487305
step_time: 0.04669642448425293
step_time: 0.0469973087310791
step_time: 0.046993255615234375
step_time: 0.04673361778259277
step_time: 0.046640634536743164
step_time: 0.04653501510620117
step_time: 0.046578168869018555
step_time: 0.046605825424194336
step_time: 0.04649639129638672
step_time: 0.04639554023742676
step_time: 0.0466158390045166
step_time: 0.04671525955200195
step_time: 0.04665422439575195
step_time: 0.0464932918548584
step_time: 0.04648399353027344
step_time: 0.04680824279785156
step_time: 0.04686737060546875
step_time: 0.0464167594909668
step_time: 0.04642820358276367
step_time: 0.04663872718811035
step_time: 0.046608686447143555
step_time: 0.04657864570617676
step_time: 0.04662132263183594
step_time: 0.046386003494262695
step_time: 0.04637289047241211
step_time: 0.04669976234436035
step_time: 0.0467228889465332
step_time: 0.04727506637573242
step_time: 0.04732346534729004
step_time: 0.046245574951171875
step_time: 0.04643869400024414
step_time: 0.0466005802154541
step_time: 0.04658937454223633
step_time: 0.04671788215637207
step_time: 0.0467076301574707
step_time: 0.046794891357421875
step_time: 0.04678821563720703
step_time: 0.0465092658996582
step_time: 0.04646801948547363
step_time: 0.046927690505981445
step_time: 0.046907901763916016
step_time: 0.057105064392089844
step_time: 0.057122230529785156
step_time: 0.04736638069152832
step_time: 0.04728984832763672
step_time: 0.04641294479370117
step_time: 0.04642319679260254
step_time: 0.04620027542114258
step_time: 0.046201229095458984
step_time: 0.04647636413574219
step_time: 0.04668784141540527
step_time: 0.046778202056884766
step_time: 0.04667305946350098
step_time: 0.04670381546020508
step_time: 0.04669809341430664
step_time: 0.046885013580322266
step_time: 0.046869516372680664
step_time: 0.04682016372680664
step_time: 0.04678535461425781
step_time: 0.04673004150390625
step_time: 0.046724796295166016
step_time: 0.04657721519470215
step_time: 0.04660916328430176
step_time: 0.0471951961517334
step_time: 0.04714226722717285
step_time: 0.04814410209655762
step_time: 0.04841256141662598
step_time: 0.046129465103149414
step_time: 0.04669332504272461
step_time: 0.04633593559265137
step_time: 0.04653739929199219
step_time: 0.046633243560791016
step_time: 0.04658913612365723
step_time: 0.048243045806884766
step_time: 0.04739642143249512
step_time: 0.046598196029663086
step_time: 0.04666495323181152
step_time: 0.046679019927978516
step_time: 0.04667997360229492
step_time: 0.04684138298034668
step_time: 0.04680514335632324
step_time: 0.04662680625915527
step_time: 0.04662632942199707
step_time: 0.04667043685913086
step_time: 0.04665017127990723
step_time: 0.046666860580444336
step_time: 0.04658079147338867
peak_mem_bytes=532952064 alloc_mem_bytes=250907136 avg_step_time=0.0470
peak_mem_bytes=532952064 alloc_mem_bytes=250907136 avg_step_time=0.0470
experiment_deepspeed/bert_pretrain.2026.1.23.13.25.20.addjtvxg
experiment_deepspeed/bert_pretrain.2026.1.23.13.25.20.addjtvxg
[2026-01-23 16:25:34,101] [INFO] [launch.py:367:main] Process 2272570 exits successfully.
[2026-01-23 16:25:34,101] [INFO] [launch.py:367:main] Process 2272571 exits successfully.
