2026-01-23 16:22:17.428 | INFO     | __main__:log_dist:54 - [Rank 0] Creating Experiment Directory
2026-01-23 16:22:17.800 | INFO     | __main__:log_dist:54 - [Rank 0] Experiment Directory created at experiment_deepspeed/bert_pretrain.2026.1.23.13.22.17.addjtvxg
2026-01-23 16:22:17.803 | INFO     | __main__:log_dist:54 - [Rank 0] Creating Datasets
Warning: You are sending unauthenticated requests to the HF Hub. Please set a HF_TOKEN to enable higher rate limits and faster downloads.
2026-01-23 16:22:19.124 | INFO     | __main__:log_dist:54 - [Rank 0] Dataset Creation Done
2026-01-23 16:22:19.124 | INFO     | __main__:log_dist:54 - [Rank 0] Creating Model
2026-01-23 16:22:19.452 | INFO     | __main__:log_dist:54 - [Rank 0] Model Creation Done
2026-01-23 16:22:19.452 | INFO     | __main__:log_dist:54 - [Rank 0] Creating DeepSpeed engine
/home/bigyang/micromamba/envs/ds-hf/lib/python3.11/site-packages/torch/utils/cpp_extension.py:1964: UserWarning: TORCH_CUDA_ARCH_LIST is not set, all archs for visible cards are included for compilation. 
If this is not desired, please set os.environ['TORCH_CUDA_ARCH_LIST'].
  warnings.warn(
2026-01-23 16:22:23.305 | INFO     | __main__:log_dist:54 - [Rank 0] DeepSpeed engine created
2026-01-23 16:22:23.305 | INFO     | __main__:log_dist:54 - [Rank 0] Total number of model parameters: 0
2026-01-23 16:22:24.127 | INFO     | __main__:log_dist:54 - [Rank 0] Loss: 10.6750
2026-01-23 16:22:24.655 | INFO     | __main__:log_dist:54 - [Rank 0] Loss: 10.5312
2026-01-23 16:22:25.193 | INFO     | __main__:log_dist:54 - [Rank 0] Loss: 10.4104
2026-01-23 16:22:25.721 | INFO     | __main__:log_dist:54 - [Rank 0] Loss: 10.2859
2026-01-23 16:22:26.249 | INFO     | __main__:log_dist:54 - [Rank 0] Loss: 10.1500
2026-01-23 16:22:26.776 | INFO     | __main__:log_dist:54 - [Rank 0] Loss: 10.0344
2026-01-23 16:22:27.301 | INFO     | __main__:log_dist:54 - [Rank 0] Loss: 9.8955
2026-01-23 16:22:27.826 | INFO     | __main__:log_dist:54 - [Rank 0] Loss: 9.7633
2026-01-23 16:22:28.354 | INFO     | __main__:log_dist:54 - [Rank 0] Loss: 9.6403
2026-01-23 16:22:29.031 | INFO     | __main__:log_dist:54 - [Rank 0] Saved model to experiment_deepspeed/bert_pretrain.2026.1.23.13.22.17.addjtvxg
