2026-01-23 16:25:20.567 | INFO     | __main__:log_dist:54 - [Rank 0] Creating Experiment Directory
2026-01-23 16:25:20.969 | INFO     | __main__:log_dist:54 - [Rank 0] Experiment Directory created at experiment_deepspeed/bert_pretrain.2026.1.23.13.25.20.addjtvxg
2026-01-23 16:25:20.972 | INFO     | __main__:log_dist:54 - [Rank 0] Creating Datasets
2026-01-23 16:25:22.151 | INFO     | __main__:log_dist:54 - [Rank 0] Dataset Creation Done
2026-01-23 16:25:22.151 | INFO     | __main__:log_dist:54 - [Rank 0] Creating Model
2026-01-23 16:25:22.371 | INFO     | __main__:log_dist:54 - [Rank 0] Model Creation Done
2026-01-23 16:25:22.371 | INFO     | __main__:log_dist:54 - [Rank 0] Creating DeepSpeed engine
/home/bigyang/micromamba/envs/ds-hf/lib/python3.11/site-packages/torch/utils/cpp_extension.py:1964: UserWarning: TORCH_CUDA_ARCH_LIST is not set, all archs for visible cards are included for compilation. 
If this is not desired, please set os.environ['TORCH_CUDA_ARCH_LIST'].
  warnings.warn(
2026-01-23 16:25:26.648 | INFO     | __main__:log_dist:54 - [Rank 0] DeepSpeed engine created
2026-01-23 16:25:26.648 | INFO     | __main__:log_dist:54 - [Rank 0] Total number of model parameters: 0
2026-01-23 16:25:27.462 | INFO     | __main__:log_dist:54 - [Rank 0] Loss: 10.6875
2026-01-23 16:25:27.988 | INFO     | __main__:log_dist:54 - [Rank 0] Loss: 10.5469
2026-01-23 16:25:28.525 | INFO     | __main__:log_dist:54 - [Rank 0] Loss: 10.4313
2026-01-23 16:25:29.051 | INFO     | __main__:log_dist:54 - [Rank 0] Loss: 10.3187
2026-01-23 16:25:29.576 | INFO     | __main__:log_dist:54 - [Rank 0] Loss: 10.1913
2026-01-23 16:25:30.102 | INFO     | __main__:log_dist:54 - [Rank 0] Loss: 10.0823
2026-01-23 16:25:30.624 | INFO     | __main__:log_dist:54 - [Rank 0] Loss: 9.9545
2026-01-23 16:25:31.159 | INFO     | __main__:log_dist:54 - [Rank 0] Loss: 9.8328
2026-01-23 16:25:31.686 | INFO     | __main__:log_dist:54 - [Rank 0] Loss: 9.7181
2026-01-23 16:25:32.277 | INFO     | __main__:log_dist:54 - [Rank 0] Saved model to experiment_deepspeed/bert_pretrain.2026.1.23.13.25.20.addjtvxg
