2026-01-23 16:31:21.805 | INFO     | __main__:log_dist:54 - [Rank 0] Creating Experiment Directory
2026-01-23 16:31:22.222 | INFO     | __main__:log_dist:54 - [Rank 0] Experiment Directory created at experiment_deepspeed/bert_pretrain.2026.1.23.13.31.22.addjtvxg
2026-01-23 16:31:22.225 | INFO     | __main__:log_dist:54 - [Rank 0] Creating Datasets
2026-01-23 16:31:23.422 | INFO     | __main__:log_dist:54 - [Rank 0] Dataset Creation Done
2026-01-23 16:31:23.422 | INFO     | __main__:log_dist:54 - [Rank 0] Creating Model
2026-01-23 16:31:23.621 | INFO     | __main__:log_dist:54 - [Rank 0] Model Creation Done
2026-01-23 16:31:23.621 | INFO     | __main__:log_dist:54 - [Rank 0] Creating DeepSpeed engine
/home/bigyang/micromamba/envs/ds-hf/lib/python3.11/site-packages/torch/utils/cpp_extension.py:1964: UserWarning: TORCH_CUDA_ARCH_LIST is not set, all archs for visible cards are included for compilation. 
If this is not desired, please set os.environ['TORCH_CUDA_ARCH_LIST'].
  warnings.warn(
2026-01-23 16:31:27.238 | INFO     | __main__:log_dist:54 - [Rank 0] DeepSpeed engine created
2026-01-23 16:31:27.238 | INFO     | __main__:log_dist:54 - [Rank 0] Total number of model parameters: 0
2026-01-23 16:31:28.068 | INFO     | __main__:log_dist:54 - [Rank 0] Loss: 10.6848
2026-01-23 16:31:28.602 | INFO     | __main__:log_dist:54 - [Rank 0] Loss: 10.5452
2026-01-23 16:31:29.142 | INFO     | __main__:log_dist:54 - [Rank 0] Loss: 10.4309
2026-01-23 16:31:29.675 | INFO     | __main__:log_dist:54 - [Rank 0] Loss: 10.3174
2026-01-23 16:31:30.205 | INFO     | __main__:log_dist:54 - [Rank 0] Loss: 10.1911
2026-01-23 16:31:30.738 | INFO     | __main__:log_dist:54 - [Rank 0] Loss: 10.0825
2026-01-23 16:31:31.267 | INFO     | __main__:log_dist:54 - [Rank 0] Loss: 9.9542
2026-01-23 16:31:31.798 | INFO     | __main__:log_dist:54 - [Rank 0] Loss: 9.8324
2026-01-23 16:31:32.336 | INFO     | __main__:log_dist:54 - [Rank 0] Loss: 9.7186
2026-01-23 16:31:32.938 | INFO     | __main__:log_dist:54 - [Rank 0] Saved model to experiment_deepspeed/bert_pretrain.2026.1.23.13.31.22.addjtvxg
