Warning: The cache directory for DeepSpeed Triton autotune, /home/bigyang/.triton/autotune, appears to be on an NFS system. While this is generally acceptable, if you experience slowdowns or hanging when DeepSpeed exits, it is recommended to set the TRITON_CACHE_DIR environment variable to a non-NFS path.
[2026-01-20 12:21:24,939] [WARNING] [runner.py:232:fetch_hostfile] Unable to find hostfile, will proceed with training with local resources only.
Detected VISIBLE_DEVICES=0,1 but ignoring it because one or several of --include/--exclude/--num_gpus/--num_nodes cl args were used. If you want to use CUDA_VISIBLE_DEVICES don't pass any of these arguments to deepspeed.
[2026-01-20 12:21:24,939] [INFO] [runner.py:630:main] cmd = /home/bigyang/micromamba/envs/ds-hf/bin/python -u -m deepspeed.launcher.launch --world_info=eyJsb2NhbGhvc3QiOiBbMCwgMV19 --master_addr=127.0.0.1 --master_port=29600 --enable_each_rank_log=None --log_level=info train.py --deepspeed_config configs/bf16_full.json --num_layers 32 --hidden_dim 4096 --batch_size 16 --seq_length 512 --num_steps 20 --warmup_steps 5 --activation_checkpointing --use_real_data --seed 42
Warning: The cache directory for DeepSpeed Triton autotune, /home/bigyang/.triton/autotune, appears to be on an NFS system. While this is generally acceptable, if you experience slowdowns or hanging when DeepSpeed exits, it is recommended to set the TRITON_CACHE_DIR environment variable to a non-NFS path.
[2026-01-20 12:21:31,726] [INFO] [launch.py:162:main] WORLD INFO DICT: {'localhost': [0, 1]}
[2026-01-20 12:21:31,726] [INFO] [launch.py:168:main] nnodes=1, num_local_procs=2, node_rank=0
[2026-01-20 12:21:31,726] [INFO] [launch.py:179:main] global_rank_mapping=defaultdict(<class 'list'>, {'localhost': [0, 1]})
[2026-01-20 12:21:31,726] [INFO] [launch.py:180:main] dist_world_size=2
[2026-01-20 12:21:31,726] [INFO] [launch.py:184:main] Setting CUDA_VISIBLE_DEVICES=0,1
[2026-01-20 12:21:31,727] [INFO] [launch.py:272:main] process 1961844 spawned with command: ['/home/bigyang/micromamba/envs/ds-hf/bin/python', '-u', 'train.py', '--local_rank=0', '--deepspeed_config', 'configs/bf16_full.json', '--num_layers', '32', '--hidden_dim', '4096', '--batch_size', '16', '--seq_length', '512', '--num_steps', '20', '--warmup_steps', '5', '--activation_checkpointing', '--use_real_data', '--seed', '42']
[2026-01-20 12:21:31,727] [INFO] [launch.py:272:main] process 1961845 spawned with command: ['/home/bigyang/micromamba/envs/ds-hf/bin/python', '-u', 'train.py', '--local_rank=1', '--deepspeed_config', 'configs/bf16_full.json', '--num_layers', '32', '--hidden_dim', '4096', '--batch_size', '16', '--seq_length', '512', '--num_steps', '20', '--warmup_steps', '5', '--activation_checkpointing', '--use_real_data', '--seed', '42']
Warning: The cache directory for DeepSpeed Triton autotune, /home/bigyang/.triton/autotune, appears to be on an NFS system. While this is generally acceptable, if you experience slowdowns or hanging when DeepSpeed exits, it is recommended to set the TRITON_CACHE_DIR environment variable to a non-NFS path.
Warning: The cache directory for DeepSpeed Triton autotune, /home/bigyang/.triton/autotune, appears to be on an NFS system. While this is generally acceptable, if you experience slowdowns or hanging when DeepSpeed exits, it is recommended to set the TRITON_CACHE_DIR environment variable to a non-NFS path.
[Rank 1] Loading wikitext dataset...
[Rank 0] Loading wikitext dataset...
[Rank 0] Dataset loaded: 39531 examples, vocab_size=50257
[Rank 0] Creating model with hidden_dim=4096, num_layers=32, num_heads=16, vocab_size=50257
[Rank 1] Dataset loaded: 39531 examples, vocab_size=50257
[Rank 1] Creating model with hidden_dim=4096, num_layers=32, num_heads=16, vocab_size=50257
[Rank 1] Model parameters: 6,858,007,633 total, 6,858,007,633 trainable
[Rank 1] Activation checkpointing enabled
[Rank 0] Model parameters: 6,858,007,633 total, 6,858,007,633 trainable
[Rank 0] Activation checkpointing enabled
/home/bigyang/micromamba/envs/ds-hf/lib/python3.11/site-packages/torch/utils/cpp_extension.py:1964: UserWarning: TORCH_CUDA_ARCH_LIST is not set, all archs for visible cards are included for compilation. 
If this is not desired, please set os.environ['TORCH_CUDA_ARCH_LIST'].
  warnings.warn(
Stage 3 initialize beginning
MA 12.77 GB         Max_MA 12.77 GB         CA 12.79 GB         Max_CA 13 GB 
CPU Virtual Memory:  used = 21.5 GB, percent = 2.1%
DeepSpeedZeRoOffload initialize [begin]
MA 12.77 GB         Max_MA 13.54 GB         CA 13.56 GB         Max_CA 14 GB 
CPU Virtual Memory:  used = 21.61 GB, percent = 2.1%
Parameter Offload - Persistent parameters statistics: param_count = 0, numel = 0
DeepSpeedZeRoOffload initialize [end]
MA 6.39 GB         Max_MA 12.97 GB         CA 13.56 GB         Max_CA 14 GB 
CPU Virtual Memory:  used = 21.61 GB, percent = 2.1%
Before creating fp16 partitions
MA 6.39 GB         Max_MA 6.39 GB         CA 13.56 GB         Max_CA 14 GB 
CPU Virtual Memory:  used = 21.61 GB, percent = 2.1%
After creating fp16 partitions: 4
MA 6.39 GB         Max_MA 6.39 GB         CA 6.39 GB         Max_CA 14 GB 
CPU Virtual Memory:  used = 21.61 GB, percent = 2.1%
Before creating fp32 partitions
MA 6.39 GB         Max_MA 6.39 GB         CA 6.39 GB         Max_CA 6 GB 
CPU Virtual Memory:  used = 21.61 GB, percent = 2.1%
After creating fp32 partitions
MA 12.77 GB         Max_MA 12.77 GB         CA 12.78 GB         Max_CA 13 GB 
CPU Virtual Memory:  used = 21.6 GB, percent = 2.1%
Before initializing optimizer states
MA 12.77 GB         Max_MA 12.77 GB         CA 12.78 GB         Max_CA 13 GB 
CPU Virtual Memory:  used = 21.6 GB, percent = 2.1%
[Rank 0] time (ms) | init_optimizer_state: 0.00
After initializing optimizer states
MA 12.77 GB         Max_MA 14.66 GB         CA 14.67 GB         Max_CA 15 GB 
CPU Virtual Memory:  used = 21.6 GB, percent = 2.1%
[Rank 1] DeepSpeed initialized with config: configs/bf16_full.json
[Rank 1] Memory after init: allocated=19.25 GB, reserved=21.05 GB
After initializing ZeRO optimizer
MA 19.25 GB         Max_MA 20.02 GB         CA 21.05 GB         Max_CA 21 GB 
CPU Virtual Memory:  used = 21.63 GB, percent = 2.1%
[Rank 0] DeepSpeed initialized with config: configs/bf16_full.json
[Rank 0] Memory after init: allocated=19.25 GB, reserved=21.05 GB
[Rank 0] time (ms) | optimizer_step: 65.36
[Rank 0] time (ms) | fwd_microstep: 398.13 | bwd_microstep: 842.21 | bwd_inner_microstep: 840.29 | bwd_allreduce_microstep: 1.85 | step_microstep: 127.23
[Rank 0] time (ms) | fwd: 398.12 | bwd: 842.22 | bwd_inner: 840.31 | bwd_allreduce: 1.85 | step: 127.23
Local>>>>>> step_time: 1.3956890106201172, dataloading_time : 0.020145177841186523,forward_time :0.40100669860839844, backward_time: 0.8469841480255127, optim time :0.1275496482849121
Local>>>>>> step_time: 1.77632474899292, dataloading_time : 0.0356597900390625,forward_time :0.7670302391052246, backward_time: 0.8459711074829102, optim time :0.12766051292419434
[Rank 0] Step 0: loss=11.1196, time=1.396s, alloc_mem=32.86 GB, peak_mem=33.61 GB
[Rank 1] Step 0: loss=11.0809, time=1.776s, alloc_mem=32.86 GB, peak_mem=33.61 GB
[Rank 0] time (ms) | optimizer_step: 56.34
[Rank 0] time (ms) | fwd_microstep: 326.30 | bwd_microstep: 798.42 | bwd_inner_microstep: 796.49 | bwd_allreduce_microstep: 1.82 | step_microstep: 93.47
Local>>>>>> step_time: 1.2258894443511963, dataloading_time : 0.0022878646850585938,forward_time :0.2045600414276123, backward_time: 0.925297737121582, optim time :0.09374094009399414
[Rank 0] time (ms) | fwd: 326.30 | bwd: 798.43 | bwd_inner: 796.52 | bwd_allreduce: 1.82 | step: 93.47
Local>>>>>> step_time: 1.2260923385620117, dataloading_time : 0.002193927764892578,forward_time :0.20250391960144043, backward_time: 0.9276268482208252, optim time :0.0937647819519043
[Rank 0] time (ms) | optimizer_step: 56.34
[Rank 0] time (ms) | fwd_microstep: 315.13 | bwd_microstep: 804.43 | bwd_inner_microstep: 802.75 | bwd_allreduce_microstep: 1.63 | step_microstep: 91.09
[Rank 0] time (ms) | fwd: 315.12 | bwd: 804.43 | bwd_inner: 802.76 | bwd_allreduce: 1.63 | step: 91.09
Local>>>>>> step_time: 1.2166125774383545, dataloading_time : 0.0002789497375488281,forward_time :0.15123462677001953, backward_time: 0.973747730255127, optim time :0.09134912490844727
Local>>>>>> step_time: 1.216648817062378, dataloading_time : 0.00020503997802734375,forward_time :0.1500692367553711, backward_time: 0.9750576019287109, optim time :0.09131503105163574
[Rank 0] time (ms) | optimizer_step: 56.21
[Rank 0] time (ms) | fwd_microstep: 315.60 | bwd_microstep: 802.41 | bwd_inner_microstep: 800.68 | bwd_allreduce_microstep: 1.67 | step_microstep: 90.62
[Rank 0] time (ms) | fwd: 315.59 | bwd: 802.41 | bwd_inner: 800.70 | bwd_allreduce: 1.68 | step: 90.62
Local>>>>>> step_time: 1.215423822402954, dataloading_time : 0.0012001991271972656,forward_time :0.14734554290771484, backward_time: 0.9759912490844727, optim time :0.09088444709777832
Local>>>>>> step_time: 1.2154371738433838, dataloading_time : 0.0011665821075439453,forward_time :0.14850187301635742, backward_time: 0.9747686386108398, optim time :0.09099793434143066
[Rank 0] time (ms) | optimizer_step: 56.27
[Rank 0] time (ms) | fwd_microstep: 319.63 | bwd_microstep: 802.38 | bwd_inner_microstep: 800.66 | bwd_allreduce_microstep: 1.67 | step_microstep: 90.76
[Rank 0] time (ms) | fwd: 319.63 | bwd: 802.38 | bwd_inner: 800.67 | bwd_allreduce: 1.67 | step: 90.77
Local>>>>>> step_time: 1.2185773849487305, dataloading_time : 0.0001919269561767578,forward_time :0.14905118942260742, backward_time: 0.9782893657684326, optim time :0.09104323387145996
Local>>>>>> step_time: 1.2186229228973389, dataloading_time : 0.00026535987854003906,forward_time :0.1510181427001953, backward_time: 0.9763102531433105, optim time :0.09102749824523926
[Rank 0] time (ms) | optimizer_step: 56.29
[Rank 0] time (ms) | fwd_microstep: 316.48 | bwd_microstep: 799.78 | bwd_inner_microstep: 798.07 | bwd_allreduce_microstep: 1.66 | step_microstep: 90.89
Local>>>>>> step_time: 1.2134184837341309, dataloading_time : 0.001032114028930664,forward_time :0.14617538452148438, backward_time: 0.9751124382019043, optim time :0.09109711647033691
[Rank 0] time (ms) | fwd: 316.47 | bwd: 799.79 | bwd_inner: 798.08 | bwd_allreduce: 1.66 | step: 90.89
Local>>>>>> step_time: 1.2134618759155273, dataloading_time : 0.0007340908050537109,forward_time :0.14663958549499512, backward_time: 0.9749336242675781, optim time :0.09115242958068848
[Rank 1] Step 5: loss=8.8662, time=1.213s, alloc_mem=32.86 GB, peak_mem=42.67 GB
[Rank 0] Step 5: loss=9.4261, time=1.213s, alloc_mem=32.86 GB, peak_mem=42.67 GB
[Rank 0] time (ms) | optimizer_step: 56.28
[Rank 0] time (ms) | fwd_microstep: 320.15 | bwd_microstep: 798.99 | bwd_inner_microstep: 796.98 | bwd_allreduce_microstep: 1.96 | step_microstep: 91.29
[Rank 0] time (ms) | fwd: 320.14 | bwd: 798.99 | bwd_inner: 797.00 | bwd_allreduce: 1.96 | step: 91.29
Local>>>>>> step_time: 1.2170283794403076, dataloading_time : 0.0010263919830322266,forward_time :0.1512773036956787, backward_time: 0.973172664642334, optim time :0.09154939651489258
Local>>>>>> step_time: 1.2171571254730225, dataloading_time : 0.0010647773742675781,forward_time :0.1504065990447998, backward_time: 0.9741406440734863, optim time :0.09154319763183594
[Rank 0] time (ms) | optimizer_step: 56.24
[Rank 0] time (ms) | fwd_microstep: 312.67 | bwd_microstep: 804.15 | bwd_inner_microstep: 802.41 | bwd_allreduce_microstep: 1.68 | step_microstep: 90.93
Local>>>>>> step_time: 1.2142212390899658, dataloading_time : 0.0011260509490966797,forward_time :0.14671683311462402, backward_time: 0.9751901626586914, optim time :0.0911862850189209
[Rank 0] time (ms) | fwd: 312.67 | bwd: 804.15 | bwd_inner: 802.43 | bwd_allreduce: 1.68 | step: 90.93
Local>>>>>> step_time: 1.2143440246582031, dataloading_time : 0.00098419189453125,forward_time :0.14886260032653809, backward_time: 0.9732801914215088, optim time :0.09121465682983398
[Rank 0] time (ms) | optimizer_step: 56.31
[Rank 0] time (ms) | fwd_microstep: 317.85 | bwd_microstep: 806.25 | bwd_inner_microstep: 804.55 | bwd_allreduce_microstep: 1.65 | step_microstep: 90.86
Local>>>>>> step_time: 1.2216336727142334, dataloading_time : 0.0009968280792236328,forward_time :0.15048456192016602, backward_time: 0.9790558815002441, optim time :0.0910942554473877
[Rank 0] time (ms) | fwd: 317.84 | bwd: 806.26 | bwd_inner: 804.56 | bwd_allreduce: 1.65 | step: 90.86
Local>>>>>> step_time: 1.2216877937316895, dataloading_time : 0.0011243820190429688,forward_time :0.14913344383239746, backward_time: 0.9803037643432617, optim time :0.0911245346069336
[Rank 0] time (ms) | optimizer_step: 56.30
[Rank 0] time (ms) | fwd_microstep: 316.61 | bwd_microstep: 813.26 | bwd_inner_microstep: 811.56 | bwd_allreduce_microstep: 1.65 | step_microstep: 90.74
Local>>>>>> step_time: 1.2271668910980225, dataloading_time : 0.0011315345764160156,forward_time :0.14621639251708984, backward_time: 0.9889373779296875, optim time :0.09088015556335449
[Rank 0] time (ms) | fwd: 316.61 | bwd: 813.26 | bwd_inner: 811.57 | bwd_allreduce: 1.65 | step: 90.74
Local>>>>>> step_time: 1.2271556854248047, dataloading_time : 0.0009515285491943359,forward_time :0.14716053009033203, backward_time: 0.9880397319793701, optim time :0.09100198745727539
[Rank 0] time (ms) | optimizer_step: 56.24
[Rank 0] time (ms) | fwd_microstep: 317.85 | bwd_microstep: 805.18 | bwd_inner_microstep: 803.44 | bwd_allreduce_microstep: 1.68 | step_microstep: 90.84
[Rank 0] time (ms) | fwd: 317.85 | bwd: 805.18 | bwd_inner: 803.46 | bwd_allreduce: 1.68 | step: 90.84
Local>>>>>> step_time: 1.2205708026885986, dataloading_time : 0.0010879039764404297,forward_time :0.14848661422729492, backward_time: 0.9798965454101562, optim time :0.09109783172607422
Local>>>>>> step_time: 1.220674991607666, dataloading_time : 0.0010602474212646484,forward_time :0.14986777305603027, backward_time: 0.9785075187683105, optim time :0.09123826026916504
[Rank 0] Step 10: loss=4.8986, time=1.221s, alloc_mem=32.86 GB, peak_mem=42.67 GB
[Rank 1] Step 10: loss=5.6854, time=1.221s, alloc_mem=32.86 GB, peak_mem=42.67 GB
[Rank 0] time (ms) | optimizer_step: 56.25
[Rank 0] time (ms) | fwd_microstep: 317.44 | bwd_microstep: 807.12 | bwd_inner_microstep: 805.24 | bwd_allreduce_microstep: 1.83 | step_microstep: 90.87
[Rank 0] time (ms) | fwd: 317.43 | bwd: 807.13 | bwd_inner: 805.26 | bwd_allreduce: 1.83 | step: 90.87
Local>>>>>> step_time: 1.2220683097839355, dataloading_time : 0.0010378360748291016,forward_time :0.16153597831726074, backward_time: 0.9683668613433838, optim time :0.0911259651184082
Local>>>>>> step_time: 1.2220349311828613, dataloading_time : 0.0009510517120361328,forward_time :0.1607356071472168, backward_time: 0.9691569805145264, optim time :0.09118962287902832
[Rank 0] time (ms) | optimizer_step: 56.25
[Rank 0] time (ms) | fwd_microstep: 314.77 | bwd_microstep: 800.90 | bwd_inner_microstep: 799.19 | bwd_allreduce_microstep: 1.66 | step_microstep: 90.76
[Rank 0] time (ms) | fwd: 314.76 | bwd: 800.90 | bwd_inner: 799.20 | bwd_allreduce: 1.66 | step: 90.76
Local>>>>>> step_time: 1.213134527206421, dataloading_time : 0.0011043548583984375,forward_time :0.15075349807739258, backward_time: 0.9702515602111816, optim time :0.09102320671081543
Local>>>>>> step_time: 1.2131259441375732, dataloading_time : 0.0009942054748535156,forward_time :0.15044283866882324, backward_time: 0.9706189632415771, optim time :0.09106826782226562
[Rank 0] time (ms) | optimizer_step: 56.29
[Rank 0] time (ms) | fwd_microstep: 314.53 | bwd_microstep: 805.48 | bwd_inner_microstep: 803.82 | bwd_allreduce_microstep: 1.61 | step_microstep: 90.96
[Rank 0] time (ms) | fwd: 314.53 | bwd: 805.49 | bwd_inner: 803.84 | bwd_allreduce: 1.62 | step: 90.96
Local>>>>>> step_time: 1.2174510955810547, dataloading_time : 0.0010001659393310547,forward_time :0.14806556701660156, backward_time: 0.9772579669952393, optim time :0.0911259651184082
Local>>>>>> step_time: 1.2175021171569824, dataloading_time : 0.0009434223175048828,forward_time :0.14654874801635742, backward_time: 0.9787931442260742, optim time :0.09121561050415039
[Rank 0] time (ms) | optimizer_step: 56.21
[Rank 0] time (ms) | fwd_microstep: 315.98 | bwd_microstep: 806.42 | bwd_inner_microstep: 802.85 | bwd_allreduce_microstep: 3.51 | step_microstep: 90.92
[Rank 0] time (ms) | fwd: 315.97 | bwd: 806.42 | bwd_inner: 802.87 | bwd_allreduce: 3.51 | step: 90.93
Local>>>>>> step_time: 1.2198765277862549, dataloading_time : 0.0009772777557373047,forward_time :0.14734745025634766, backward_time: 0.9803643226623535, optim time :0.09118509292602539
Local>>>>>> step_time: 1.219982624053955, dataloading_time : 0.0009171962738037109,forward_time :0.14708209037780762, backward_time: 0.9806787967681885, optim time :0.09130287170410156
[Rank 0] time (ms) | optimizer_step: 56.35
[Rank 0] time (ms) | fwd_microstep: 318.51 | bwd_microstep: 803.55 | bwd_inner_microstep: 801.85 | bwd_allreduce_microstep: 1.64 | step_microstep: 91.10
Local>>>>>> step_time: 1.2195372581481934, dataloading_time : 0.0010144710540771484,forward_time :0.14791250228881836, backward_time: 0.9792425632476807, optim time :0.09136605262756348
[Rank 0] time (ms) | fwd: 318.50 | bwd: 803.56 | bwd_inner: 801.87 | bwd_allreduce: 1.64 | step: 91.11
Local>>>>>> step_time: 1.2196791172027588, dataloading_time : 0.0009071826934814453,forward_time :0.14875292778015137, backward_time: 0.9786438941955566, optim time :0.09137296676635742
[Rank 1] Step 15: loss=2.9574, time=1.220s, alloc_mem=32.86 GB, peak_mem=42.67 GB
[Rank 0] Step 15: loss=3.4101, time=1.220s, alloc_mem=32.86 GB, peak_mem=42.67 GB
[Rank 0] time (ms) | optimizer_step: 56.32
[Rank 0] time (ms) | fwd_microstep: 320.08 | bwd_microstep: 805.64 | bwd_inner_microstep: 803.92 | bwd_allreduce_microstep: 1.68 | step_microstep: 91.67
[Rank 0] time (ms) | fwd: 320.07 | bwd: 805.65 | bwd_inner: 803.93 | bwd_allreduce: 1.68 | step: 91.67
Local>>>>>> step_time: 1.224083423614502, dataloading_time : 0.0010786056518554688,forward_time :0.14806389808654785, backward_time: 0.9830136299133301, optim time :0.09192585945129395
Local>>>>>> step_time: 1.2241249084472656, dataloading_time : 0.0010557174682617188,forward_time :0.14664292335510254, backward_time: 0.9844293594360352, optim time :0.0919957160949707
[Rank 0] time (ms) | optimizer_step: 56.34
Local>>>>>> step_time: 1.222231388092041, dataloading_time : 0.001051187515258789,forward_time :0.16214680671691895, backward_time: 0.9679136276245117, optim time :0.09111833572387695[Rank 0] time (ms) | fwd_microstep: 321.91 | bwd_microstep: 802.90 | bwd_inner_microstep: 801.17 | bwd_allreduce_microstep: 1.68 | step_microstep: 90.92

[Rank 0] time (ms) | fwd: 321.90 | bwd: 802.91 | bwd_inner: 801.19 | bwd_allreduce: 1.68 | step: 90.93
Local>>>>>> step_time: 1.222343921661377, dataloading_time : 0.000982046127319336,forward_time :0.16325855255126953, backward_time: 0.9669191837310791, optim time :0.09118223190307617
[Rank 0] time (ms) | optimizer_step: 56.26
[Rank 0] time (ms) | fwd_microstep: 318.21 | bwd_microstep: 804.06 | bwd_inner_microstep: 800.77 | bwd_allreduce_microstep: 3.24 | step_microstep: 90.96
[Rank 0] time (ms) | fwd: 318.21 | bwd: 804.07 | bwd_inner: 800.78 | bwd_allreduce: 3.25 | step: 90.96
Local>>>>>> step_time: 1.2198822498321533, dataloading_time : 0.0010616779327392578,forward_time :0.1490952968597412, backward_time: 0.9785017967224121, optim time :0.09122133255004883
Local>>>>>> step_time: 1.2200181484222412, dataloading_time : 0.0008819103240966797,forward_time :0.14714431762695312, backward_time: 0.9806783199310303, optim time :0.09131169319152832
[Rank 0] time (ms) | optimizer_step: 56.26
[Rank 0] time (ms) | fwd_microstep: 320.97 | bwd_microstep: 809.41 | bwd_inner_microstep: 807.72 | bwd_allreduce_microstep: 1.64 | step_microstep: 90.62
[Rank 0] time (ms) | fwd: 320.96 | bwd: 809.42 | bwd_inner: 807.74 | bwd_allreduce: 1.64 | step: 90.62
Local>>>>>> step_time: 1.2277545928955078, dataloading_time : 0.0011649131774902344,forward_time :0.15190577507019043, backward_time: 0.9838027954101562, optim time :0.09087920188903809
Local>>>>>> step_time: 1.2277436256408691, dataloading_time : 0.000986337661743164,forward_time :0.1491563320159912, backward_time: 0.9866747856140137, optim time :0.09092450141906738
[Rank 0] Step 19: loss=2.9315, time=1.228s, alloc_mem=32.86 GB, peak_mem=42.67 GB
[Rank 1] Step 19: loss=2.6801, time=1.228s, alloc_mem=32.86 GB, peak_mem=42.67 GB

============================================================
[Rank 0] FINAL RESULTS
  Config: configs/bf16_full.json
  Model: hidden_dim=4096, num_layers=32
  Parameters: 6,858,007,633
  Batch size: 16, Seq length: 512
  Average step time: 1.220s
  Peak memory: 42.67 GB
  Final allocated memory: 32.86 GB
============================================================
SUMMARY: config=configs/bf16_full.json params=6858007633 peak_mem_bytes=45817247744 alloc_mem_bytes=35280693760 avg_step_time=1.2200

============================================================
[Rank 1] FINAL RESULTS
  Config: configs/bf16_full.json
  Model: hidden_dim=4096, num_layers=32
  Parameters: 6,858,007,633
  Batch size: 16, Seq length: 512
  Average step time: 1.220s
  Peak memory: 42.67 GB
  Final allocated memory: 32.86 GB
============================================================
SUMMARY: config=configs/bf16_full.json params=6858007633 peak_mem_bytes=45817247744 alloc_mem_bytes=35280693760 avg_step_time=1.2200
[rank0]:[W120 12:22:41.818503608 ProcessGroupNCCL.cpp:1250] Warning: WARNING: process group has NOT been destroyed before we destruct ProcessGroupNCCL. On normal program exit, the application should call destroy_process_group to ensure that any pending NCCL operations have finished in this process. In rare cases this process can exit before this point and block the progress of another member of the process group. This constraint has always been present,  but this warning has only been added since PyTorch 2.4 (function operator())
[2026-01-20 12:22:43,739] [INFO] [launch.py:367:main] Process 1961844 exits successfully.
[2026-01-20 12:22:43,739] [INFO] [launch.py:367:main] Process 1961845 exits successfully.
