0: Warning: The cache directory for DeepSpeed Triton autotune, /home/bigyang/.triton/autotune, appears to be on an NFS system. While this is generally acceptable, if you experience slowdowns or hanging when DeepSpeed exits, it is recommended to set the TRITON_CACHE_DIR environment variable to a non-NFS path.
0: Warning: The cache directory for DeepSpeed Triton autotune, /home/bigyang/.triton/autotune, appears to be on an NFS system. While this is generally acceptable, if you experience slowdowns or hanging when DeepSpeed exits, it is recommended to set the TRITON_CACHE_DIR environment variable to a non-NFS path.
0: Warning: The cache directory for DeepSpeed Triton autotune, /home/bigyang/.triton/autotune, appears to be on an NFS system. While this is generally acceptable, if you experience slowdowns or hanging when DeepSpeed exits, it is recommended to set the TRITON_CACHE_DIR environment variable to a non-NFS path.
0: Warning: The cache directory for DeepSpeed Triton autotune, /home/bigyang/.triton/autotune, appears to be on an NFS system. While this is generally acceptable, if you experience slowdowns or hanging when DeepSpeed exits, it is recommended to set the TRITON_CACHE_DIR environment variable to a non-NFS path.
1: Warning: The cache directory for DeepSpeed Triton autotune, /home/bigyang/.triton/autotune, appears to be on an NFS system. While this is generally acceptable, if you experience slowdowns or hanging when DeepSpeed exits, it is recommended to set the TRITON_CACHE_DIR environment variable to a non-NFS path.
1: Warning: The cache directory for DeepSpeed Triton autotune, /home/bigyang/.triton/autotune, appears to be on an NFS system. While this is generally acceptable, if you experience slowdowns or hanging when DeepSpeed exits, it is recommended to set the TRITON_CACHE_DIR environment variable to a non-NFS path.
1: Warning: The cache directory for DeepSpeed Triton autotune, /home/bigyang/.triton/autotune, appears to be on an NFS system. While this is generally acceptable, if you experience slowdowns or hanging when DeepSpeed exits, it is recommended to set the TRITON_CACHE_DIR environment variable to a non-NFS path.
1: Warning: The cache directory for DeepSpeed Triton autotune, /home/bigyang/.triton/autotune, appears to be on an NFS system. While this is generally acceptable, if you experience slowdowns or hanging when DeepSpeed exits, it is recommended to set the TRITON_CACHE_DIR environment variable to a non-NFS path.
0: in Iteration 0 Batch Rank : 3 and batch is {'input_ids': tensor([[ 3,  3,  3,  3],
0:         [11, 11, 11, 11]], device='cuda:3'), 'position_ids': tensor([[4, 5, 6, 7],
0:         [4, 5, 6, 7]], device='cuda:3'), 'shift_labels': tensor([[   3,    3,    3, -100],
0:         [  11,   11,   11, -100]], device='cuda:3')} 
0: 
0: in Iteration 0 Batch Rank : 2 and batch is {'input_ids': tensor([[  1,  30,  30,  30],
0:         [  1, 110, 110, 110]], device='cuda:2'), 'position_ids': tensor([[0, 1, 2, 3],
0:         [0, 1, 2, 3]], device='cuda:2'), 'shift_labels': tensor([[ 30,  30,  30,   3],
0:         [110, 110, 110,  11]], device='cuda:2')} 
0: 
0: Before initializing optimizer states
0: MA 0.0 GB         Max_MA 0.01 GB         CA 0.02 GB         Max_CA 0 GB 
0: CPU Virtual Memory:  used = 17.8 GB, percent = 1.8%
0: After initializing optimizer states
0: MA 0.0 GB         Max_MA 0.0 GB         CA 0.02 GB         Max_CA 0 GB 
0: CPU Virtual Memory:  used = 17.95 GB, percent = 1.8%
0: After initializing ZeRO optimizer
0: MA 0.0 GB         Max_MA 0.0 GB         CA 0.02 GB         Max_CA 0 GB 
0: CPU Virtual Memory:  used = 17.95 GB, percent = 1.8%
0: in Iteration 0 Batch Rank : 0 and batch is {'input_ids': tensor([[ 1, 10, 10, 10],
0:         [ 1, 90, 90, 90]], device='cuda:0'), 'position_ids': tensor([[0, 1, 2, 3],
0:         [0, 1, 2, 3]], device='cuda:0'), 'shift_labels': tensor([[10, 10, 10,  1],
0:         [90, 90, 90,  9]], device='cuda:0')} 
0: 
0: in Iteration 0 Batch Rank : 1 and batch is {'input_ids': tensor([[1, 1, 1, 1],
0:         [9, 9, 9, 9]], device='cuda:1'), 'position_ids': tensor([[4, 5, 6, 7],
0:         [4, 5, 6, 7]], device='cuda:1'), 'shift_labels': tensor([[   1,    1,    1, -100],
0:         [   9,    9,    9, -100]], device='cuda:1')} 
0: 
0: Iteration 0: loss=10.4135
1: in Iteration 0 Batch Rank : 5 and batch is {'input_ids': tensor([[ 5,  5,  5,  5],
1:         [13, 13, 13, 13]], device='cuda:1'), 'position_ids': tensor([[4, 5, 6, 7],
1:         [4, 5, 6, 7]], device='cuda:1'), 'shift_labels': tensor([[   5,    5,    5, -100],
1:         [  13,   13,   13, -100]], device='cuda:1')} 
1: 
1: in Iteration 0 Batch Rank : 4 and batch is {'input_ids': tensor([[  1,  50,  50,  50],
1:         [  1, 130, 130, 130]], device='cuda:0'), 'position_ids': tensor([[0, 1, 2, 3],
1:         [0, 1, 2, 3]], device='cuda:0'), 'shift_labels': tensor([[ 50,  50,  50,   5],
1:         [130, 130, 130,  13]], device='cuda:0')} 
1: 
1: in Iteration 0 Batch Rank : 7 and batch is {'input_ids': tensor([[ 7,  7,  7,  7],
1:         [15, 15, 15, 15]], device='cuda:3'), 'position_ids': tensor([[4, 5, 6, 7],
1:         [4, 5, 6, 7]], device='cuda:3'), 'shift_labels': tensor([[   7,    7,    7, -100],
1:         [  15,   15,   15, -100]], device='cuda:3')} 
1: 
1: in Iteration 0 Batch Rank : 6 and batch is {'input_ids': tensor([[  1,  70,  70,  70],
1:         [  1, 150, 150, 150]], device='cuda:2'), 'position_ids': tensor([[0, 1, 2, 3],
1:         [0, 1, 2, 3]], device='cuda:2'), 'shift_labels': tensor([[ 70,  70,  70,   7],
1:         [150, 150, 150,  15]], device='cuda:2')} 
1: 
0: Step_time: 2.656693696975708
0: 
1: in Iteration 1 Batch Rank : 5 and batch is {'input_ids': tensor([[ 6,  6,  6,  6],
1:         [14, 14, 14, 14]], device='cuda:1'), 'position_ids': tensor([[4, 5, 6, 7],
1:         [4, 5, 6, 7]], device='cuda:1'), 'shift_labels': tensor([[   6,    6,    6, -100],
1:         [  14,   14,   14, -100]], device='cuda:1')} 
1: 
1: in Iteration 1 Batch Rank : 7 and batch is {'input_ids': tensor([[ 8,  8,  8,  8],
1:         [16, 16, 16, 16]], device='cuda:3'), 'position_ids': tensor([[4, 5, 6, 7],
1:         [4, 5, 6, 7]], device='cuda:3'), 'shift_labels': tensor([[   8,    8,    8, -100],
1:         [  16,   16,   16, -100]], device='cuda:3')} 
1: 
0: in Iteration 1 Batch Rank : 0 and batch is {'input_ids': tensor([[  1,  20,  20,  20],
0:         [  1, 100, 100, 100]], device='cuda:0'), 'position_ids': tensor([[0, 1, 2, 3],
0:         [0, 1, 2, 3]], device='cuda:0'), 'shift_labels': tensor([[ 20,  20,  20,   2],
0:         [100, 100, 100,  10]], device='cuda:0')} 
0: 
0: in Iteration 1 Batch Rank : 1 and batch is {'input_ids': tensor([[ 2,  2,  2,  2],
0:         [10, 10, 10, 10]], device='cuda:1'), 'position_ids': tensor([[4, 5, 6, 7],
0:         [4, 5, 6, 7]], device='cuda:1'), 'shift_labels': tensor([[   2,    2,    2, -100],
0:         [  10,   10,   10, -100]], device='cuda:1')} 
0: 
1: in Iteration 1 Batch Rank : 4 and batch is {'input_ids': tensor([[  1,  60,  60,  60],
1:         [  1, 140, 140, 140]], device='cuda:0'), 'position_ids': tensor([[0, 1, 2, 3],
1:         [0, 1, 2, 3]], device='cuda:0'), 'shift_labels': tensor([[ 60,  60,  60,   6],
1:         [140, 140, 140,  14]], device='cuda:0')} 
1: 
1: in Iteration 1 Batch Rank : 6 and batch is {'input_ids': tensor([[  1,  80,  80,  80],
1:         [  1, 160, 160, 160]], device='cuda:2'), 'position_ids': tensor([[0, 1, 2, 3],
1:         [0, 1, 2, 3]], device='cuda:2'), 'shift_labels': tensor([[ 80,  80,  80,   8],
1:         [160, 160, 160,  16]], device='cuda:2')} 
0: in Iteration 1 Batch Rank : 2 and batch is {'input_ids': tensor([[  1,  40,  40,  40],
0:         [  1, 120, 120, 120]], device='cuda:2'), 'position_ids': tensor([[0, 1, 2, 3],
0:         [0, 1, 2, 3]], device='cuda:2'), 'shift_labels': tensor([[ 40,  40,  40,   4],
0:         [120, 120, 120,  12]], device='cuda:2')} 
0: 
1: 
0: in Iteration 1 Batch Rank : 3 and batch is {'input_ids': tensor([[ 4,  4,  4,  4],
0:         [12, 12, 12, 12]], device='cuda:3'), 'position_ids': tensor([[4, 5, 6, 7],
0:         [4, 5, 6, 7]], device='cuda:3'), 'shift_labels': tensor([[   4,    4,    4, -100],
0:         [  12,   12,   12, -100]], device='cuda:3')} 
0: 
0: Iteration 1: loss=10.4240
0: Step_time: 0.021543264389038086
0: 
