0: Warning: The cache directory for DeepSpeed Triton autotune, /home/bigyang/.triton/autotune, appears to be on an NFS system. While this is generally acceptable, if you experience slowdowns or hanging when DeepSpeed exits, it is recommended to set the TRITON_CACHE_DIR environment variable to a non-NFS path.
0: Warning: The cache directory for DeepSpeed Triton autotune, /home/bigyang/.triton/autotune, appears to be on an NFS system. While this is generally acceptable, if you experience slowdowns or hanging when DeepSpeed exits, it is recommended to set the TRITON_CACHE_DIR environment variable to a non-NFS path.
0: Warning: The cache directory for DeepSpeed Triton autotune, /home/bigyang/.triton/autotune, appears to be on an NFS system. While this is generally acceptable, if you experience slowdowns or hanging when DeepSpeed exits, it is recommended to set the TRITON_CACHE_DIR environment variable to a non-NFS path.
0: Warning: The cache directory for DeepSpeed Triton autotune, /home/bigyang/.triton/autotune, appears to be on an NFS system. While this is generally acceptable, if you experience slowdowns or hanging when DeepSpeed exits, it is recommended to set the TRITON_CACHE_DIR environment variable to a non-NFS path.
0: batch group size 2batch group size 2
0: 
0: batch group size 2
0: batch group size 2
0: world size in init register 2
0: 
0: world size in init register 2
0: 
0: world size in init register 2
0: 
0: world size in init register 2
0: 
0: batch size is in reqd query shape 1
0: 
0: batch size is in reqd query shape 1
0: 
0: batch size is in reqd query shape 1
0: 
0: batch size is in reqd query shape 1
0: 
0: Before initializing optimizer states
0: MA 5.75 GB         Max_MA 9.21 GB         CA 10.38 GB         Max_CA 10 GB 
0: CPU Virtual Memory:  used = 19.3 GB, percent = 1.9%
0: After initializing optimizer states
0: MA 5.75 GB         Max_MA 6.91 GB         CA 11.53 GB         Max_CA 12 GB 
0: CPU Virtual Memory:  used = 19.3 GB, percent = 1.9%
0: After initializing ZeRO optimizer
0: MA 5.75 GB         Max_MA 5.75 GB         CA 11.53 GB         Max_CA 12 GB 
0: CPU Virtual Memory:  used = 19.3 GB, percent = 1.9%
0: microbatches defaultdict(<class 'dict'>, {0: {'input_ids': tensor([[ 1, 10, 10, 10,  1,  1,  1,  1],
0:         [ 1, 50, 50, 50,  5,  5,  5,  5]], device='cuda:3'), 'position_ids': tensor([[0, 1, 2, 3, 4, 5, 6, 7],
0:         [0, 1, 2, 3, 4, 5, 6, 7]], device='cuda:3'), 'labels': tensor([[ 1, 10, 10, 10,  1,  1,  1,  1],
0:         [ 1, 50, 50, 50,  5,  5,  5,  5]], device='cuda:3')}, 1: {'input_ids': tensor([[ 1, 20, 20, 20,  2,  2,  2,  2],
0:         [ 1, 60, 60, 60,  6,  6,  6,  6]], device='cuda:3'), 'position_ids': tensor([[0, 1, 2, 3, 4, 5, 6, 7],
0:         [0, 1, 2, 3, 4, 5, 6, 7]], device='cuda:3'), 'labels': tensor([[ 1, 20, 20, 20,  2,  2,  2,  2],
0:         [ 1, 60, 60, 60,  6,  6,  6,  6]], device='cuda:3')}, 2: {'input_ids': tensor([[ 1, 30, 30, 30,  3,  3,  3,  3],
0:         [ 1, 70, 70, 70,  7,  7,  7,  7]], device='cuda:3'), 'position_ids': tensor([[0, 1, 2, 3, 4, 5, 6, 7],
0:         [0, 1, 2, 3, 4, 5, 6, 7]], device='cuda:3'), 'labels': tensor([[ 1, 30, 30, 30,  3,  3,  3,  3],
0:         [ 1, 70, 70, 70,  7,  7,  7,  7]], device='cuda:3')}, 3: {'input_ids': tensor([[ 1, 40, 40, 40,  4,  4,  4,  4],
0:         [ 1, 80, 80, 80,  8,  8,  8,  8]], device='cuda:3'), 'position_ids': tensor([[0, 1, 2, 3, 4, 5, 6, 7],
0:         [0, 1, 2, 3, 4, 5, 6, 7]], device='cuda:3'), 'labels': tensor([[ 1, 40, 40, 40,  4,  4,  4,  4],
0:         [ 1, 80, 80, 80,  8,  8,  8,  8]], device='cuda:3')}})
0: 
0: microbatches defaultdict(<class 'dict'>, {0: {'input_ids': tensor([[ 1, 10, 10, 10,  1,  1,  1,  1],
0:         [ 1, 50, 50, 50,  5,  5,  5,  5]], device='cuda:1'), 'position_ids': tensor([[0, 1, 2, 3, 4, 5, 6, 7],
0:         [0, 1, 2, 3, 4, 5, 6, 7]], device='cuda:1'), 'labels': tensor([[ 1, 10, 10, 10,  1,  1,  1,  1],
0:         [ 1, 50, 50, 50,  5,  5,  5,  5]], device='cuda:1')}, 1: {'input_ids': tensor([[ 1, 20, 20, 20,  2,  2,  2,  2],
0:         [ 1, 60, 60, 60,  6,  6,  6,  6]], device='cuda:1'), 'position_ids': tensor([[0, 1, 2, 3, 4, 5, 6, 7],
0:         [0, 1, 2, 3, 4, 5, 6, 7]], device='cuda:1'), 'labels': tensor([[ 1, 20, 20, 20,  2,  2,  2,  2],
0:         [ 1, 60, 60, 60,  6,  6,  6,  6]], device='cuda:1')}, 2: {'input_ids': tensor([[ 1, 30, 30, 30,  3,  3,  3,  3],
0:         [ 1, 70, 70, 70,  7,  7,  7,  7]], device='cuda:1'), 'position_ids': tensor([[0, 1, 2, 3, 4, 5, 6, 7],
0:         [0, 1, 2, 3, 4, 5, 6, 7]], device='cuda:1'), 'labels': tensor([[ 1, 30, 30, 30,  3,  3,  3,  3],
0:         [ 1, 70, 70, 70,  7,  7,  7,  7]], device='cuda:1')}, 3: {'input_ids': tensor([[ 1, 40, 40, 40,  4,  4,  4,  4],
0:         [ 1, 80, 80, 80,  8,  8,  8,  8]], device='cuda:1'), 'position_ids': tensor([[0, 1, 2, 3, 4, 5, 6, 7],
0:         [0, 1, 2, 3, 4, 5, 6, 7]], device='cuda:1'), 'labels': tensor([[ 1, 40, 40, 40,  4,  4,  4,  4],
0:         [ 1, 80, 80, 80,  8,  8,  8,  8]], device='cuda:1')}})
0: 
0: microbatches defaultdict(<class 'dict'>, {0: {'input_ids': tensor([[ 1, 10, 10, 10,  1,  1,  1,  1],
0:         [ 1, 50, 50, 50,  5,  5,  5,  5]], device='cuda:0'), 'position_ids': tensor([[0, 1, 2, 3, 4, 5, 6, 7],
0:         [0, 1, 2, 3, 4, 5, 6, 7]], device='cuda:0'), 'labels': tensor([[ 1, 10, 10, 10,  1,  1,  1,  1],
0:         [ 1, 50, 50, 50,  5,  5,  5,  5]], device='cuda:0')}, 1: {'input_ids': tensor([[ 1, 20, 20, 20,  2,  2,  2,  2],
0:         [ 1, 60, 60, 60,  6,  6,  6,  6]], device='cuda:0'), 'position_ids': tensor([[0, 1, 2, 3, 4, 5, 6, 7],
0:         [0, 1, 2, 3, 4, 5, 6, 7]], device='cuda:0'), 'labels': tensor([[ 1, 20, 20, 20,  2,  2,  2,  2],
0:         [ 1, 60, 60, 60,  6,  6,  6,  6]], device='cuda:0')}, 2: {'input_ids': tensor([[ 1, 30, 30, 30,  3,  3,  3,  3],
0:         [ 1, 70, 70, 70,  7,  7,  7,  7]], device='cuda:0'), 'position_ids': tensor([[0, 1, 2, 3, 4, 5, 6, 7],
0:         [0, 1, 2, 3, 4, 5, 6, 7]], device='cuda:0'), 'labels': tensor([[ 1, 30, 30, 30,  3,  3,  3,  3],
0:         [ 1, 70, 70, 70,  7,  7,  7,  7]], device='cuda:0')}, 3: {'input_ids': tensor([[ 1, 40, 40, 40,  4,  4,  4,  4],
0:         [ 1, 80, 80, 80,  8,  8,  8,  8]], device='cuda:0'), 'position_ids': tensor([[0, 1, 2, 3, 4, 5, 6, 7],
0:         [0, 1, 2, 3, 4, 5, 6, 7]], device='cuda:0'), 'labels': tensor([[ 1, 40, 40, 40,  4,  4,  4,  4],
0:         [ 1, 80, 80, 80,  8,  8,  8,  8]], device='cuda:0')}})
0: 
0: microbatches defaultdict(<class 'dict'>, {0: {'input_ids': tensor([[ 1, 10, 10, 10,  1,  1,  1,  1],
0:         [ 1, 50, 50, 50,  5,  5,  5,  5]], device='cuda:2'), 'position_ids': tensor([[0, 1, 2, 3, 4, 5, 6, 7],
0:         [0, 1, 2, 3, 4, 5, 6, 7]], device='cuda:2'), 'labels': tensor([[ 1, 10, 10, 10,  1,  1,  1,  1],
0:         [ 1, 50, 50, 50,  5,  5,  5,  5]], device='cuda:2')}, 1: {'input_ids': tensor([[ 1, 20, 20, 20,  2,  2,  2,  2],
0:         [ 1, 60, 60, 60,  6,  6,  6,  6]], device='cuda:2'), 'position_ids': tensor([[0, 1, 2, 3, 4, 5, 6, 7],
0:         [0, 1, 2, 3, 4, 5, 6, 7]], device='cuda:2'), 'labels': tensor([[ 1, 20, 20, 20,  2,  2,  2,  2],
0:         [ 1, 60, 60, 60,  6,  6,  6,  6]], device='cuda:2')}, 2: {'input_ids': tensor([[ 1, 30, 30, 30,  3,  3,  3,  3],
0:         [ 1, 70, 70, 70,  7,  7,  7,  7]], device='cuda:2'), 'position_ids': tensor([[0, 1, 2, 3, 4, 5, 6, 7],
0:         [0, 1, 2, 3, 4, 5, 6, 7]], device='cuda:2'), 'labels': tensor([[ 1, 30, 30, 30,  3,  3,  3,  3],
0:         [ 1, 70, 70, 70,  7,  7,  7,  7]], device='cuda:2')}, 3: {'input_ids': tensor([[ 1, 40, 40, 40,  4,  4,  4,  4],
0:         [ 1, 80, 80, 80,  8,  8,  8,  8]], device='cuda:2'), 'position_ids': tensor([[0, 1, 2, 3, 4, 5, 6, 7],
0:         [0, 1, 2, 3, 4, 5, 6, 7]], device='cuda:2'), 'labels': tensor([[ 1, 40, 40, 40,  4,  4,  4,  4],
0:         [ 1, 80, 80, 80,  8,  8,  8,  8]], device='cuda:2')}})
0: 
0: in Iteration 0 Batch Rank : 3 and batch is {'input_ids': tensor([[5, 5, 5, 5]], device='cuda:3'), 'position_ids': tensor([[4, 5, 6, 7]], device='cuda:3'), 'shift_labels': tensor([[   5,    5,    5, -100]], device='cuda:3')} 
0: 
0: in Iteration 0 Batch Rank : 1 and batch is {'input_ids': tensor([[1, 1, 1, 1]], device='cuda:1'), 'position_ids': tensor([[4, 5, 6, 7]], device='cuda:1'), 'shift_labels': tensor([[   1,    1,    1, -100]], device='cuda:1')} 
0: 
0: in Iteration 0 Batch Rank : 0 and batch is {'input_ids': tensor([[ 1, 10, 10, 10]], device='cuda:0'), 'position_ids': tensor([[0, 1, 2, 3]], device='cuda:0'), 'shift_labels': tensor([[10, 10, 10,  1]], device='cuda:0')} 
0: 
0: in Iteration 0 Batch Rank : 2 and batch is {'input_ids': tensor([[ 1, 50, 50, 50]], device='cuda:2'), 'position_ids': tensor([[0, 1, 2, 3]], device='cuda:2'), 'shift_labels': tensor([[50, 50, 50,  5]], device='cuda:2')} 
0: 
0: Iteration 0: loss=8.9588
0: Step_time: 0.4387392997741699
0: 
0: in Iteration 1 Batch Rank : 0 and batch is {'input_ids': tensor([[ 1, 20, 20, 20]], device='cuda:0'), 'position_ids': tensor([[0, 1, 2, 3]], device='cuda:0'), 'shift_labels': tensor([[20, 20, 20,  2]], device='cuda:0')} 
0: 
0: in Iteration 1 Batch Rank : 3 and batch is {'input_ids': tensor([[6, 6, 6, 6]], device='cuda:3'), 'position_ids': tensor([[4, 5, 6, 7]], device='cuda:3'), 'shift_labels': tensor([[   6,    6,    6, -100]], device='cuda:3')} 
0: 
0: in Iteration 1 Batch Rank : 1 and batch is {'input_ids': tensor([[2, 2, 2, 2]], device='cuda:1'), 'position_ids': tensor([[4, 5, 6, 7]], device='cuda:1'), 'shift_labels': tensor([[   2,    2,    2, -100]], device='cuda:1')} 
0: 
0: in Iteration 1 Batch Rank : 2 and batch is {'input_ids': tensor([[ 1, 60, 60, 60]], device='cuda:2'), 'position_ids': tensor([[0, 1, 2, 3]], device='cuda:2'), 'shift_labels': tensor([[60, 60, 60,  6]], device='cuda:2')} 
0: 
0: Iteration 1: loss=31.2057
0: Step_time: 0.2422332763671875
0: 
0: in Iteration 2 Batch Rank : 1 and batch is {'input_ids': tensor([[3, 3, 3, 3]], device='cuda:1'), 'position_ids': tensor([[4, 5, 6, 7]], device='cuda:1'), 'shift_labels': tensor([[   3,    3,    3, -100]], device='cuda:1')} 
0: 
0: in Iteration 2 Batch Rank : 3 and batch is {'input_ids': tensor([[7, 7, 7, 7]], device='cuda:3'), 'position_ids': tensor([[4, 5, 6, 7]], device='cuda:3'), 'shift_labels': tensor([[   7,    7,    7, -100]], device='cuda:3')} 
0: 
0: in Iteration 2 Batch Rank : 2 and batch is {'input_ids': tensor([[ 1, 70, 70, 70]], device='cuda:2'), 'position_ids': tensor([[0, 1, 2, 3]], device='cuda:2'), 'shift_labels': tensor([[70, 70, 70,  7]], device='cuda:2')} 
0: 
0: in Iteration 2 Batch Rank : 0 and batch is {'input_ids': tensor([[ 1, 30, 30, 30]], device='cuda:0'), 'position_ids': tensor([[0, 1, 2, 3]], device='cuda:0'), 'shift_labels': tensor([[30, 30, 30,  3]], device='cuda:0')} 
0: 
0: Iteration 2: loss=14.6767
0: Step_time: 0.2730591297149658
0: 
0: in Iteration 3 Batch Rank : 1 and batch is {'input_ids': tensor([[4, 4, 4, 4]], device='cuda:1'), 'position_ids': tensor([[4, 5, 6, 7]], device='cuda:1'), 'shift_labels': tensor([[   4,    4,    4, -100]], device='cuda:1')} 
0: 
0: in Iteration 3 Batch Rank : 3 and batch is {'input_ids': tensor([[8, 8, 8, 8]], device='cuda:3'), 'position_ids': tensor([[4, 5, 6, 7]], device='cuda:3'), 'shift_labels': tensor([[   8,    8,    8, -100]], device='cuda:3')} 
0: 
0: in Iteration 3 Batch Rank : 0 and batch is {'input_ids': tensor([[ 1, 40, 40, 40]], device='cuda:0'), 'position_ids': tensor([[0, 1, 2, 3]], device='cuda:0'), 'shift_labels': tensor([[40, 40, 40,  4]], device='cuda:0')} 
0: 
0: in Iteration 3 Batch Rank : 2 and batch is {'input_ids': tensor([[ 1, 80, 80, 80]], device='cuda:2'), 'position_ids': tensor([[0, 1, 2, 3]], device='cuda:2'), 'shift_labels': tensor([[80, 80, 80,  8]], device='cuda:2')} 
0: 
0: Iteration 3: loss=8.2816
0: Step_time: 0.24486780166625977
0: 
0: microbatches defaultdict(<class 'dict'>, {0: {'input_ids': tensor([[  1,  90,  90,  90,   9,   9,   9,   9],
0:         [  1, 130, 130, 130,  13,  13,  13,  13]], device='cuda:3'), 'position_ids': tensor([[0, 1, 2, 3, 4, 5, 6, 7],
0:         [0, 1, 2, 3, 4, 5, 6, 7]], device='cuda:3'), 'labels': tensor([[  1,  90,  90,  90,   9,   9,   9,   9],
0:         [  1, 130, 130, 130,  13,  13,  13,  13]], device='cuda:3')}, 1: {'input_ids': tensor([[  1, 100, 100, 100,  10,  10,  10,  10],
0:         [  1, 140, 140, 140,  14,  14,  14,  14]], device='cuda:3'), 'position_ids': tensor([[0, 1, 2, 3, 4, 5, 6, 7],
0:         [0, 1, 2, 3, 4, 5, 6, 7]], device='cuda:3'), 'labels': tensor([[  1, 100, 100, 100,  10,  10,  10,  10],
0:         [  1, 140, 140, 140,  14,  14,  14,  14]], device='cuda:3')}, 2: {'input_ids': tensor([[  1, 110, 110, 110,  11,  11,  11,  11],
0:         [  1, 150, 150, 150,  15,  15,  15,  15]], device='cuda:3'), 'position_ids': tensor([[0, 1, 2, 3, 4, 5, 6, 7],
0:         [0, 1, 2, 3, 4, 5, 6, 7]], device='cuda:3'), 'labels': tensor([[  1, 110, 110, 110,  11,  11,  11,  11],
0:         [  1, 150, 150, 150,  15,  15,  15,  15]], device='cuda:3')}, 3: {'input_ids': tensor([[  1, 120, 120, 120,  12,  12,  12,  12],
0:         [  1, 160, 160, 160,  16,  16,  16,  16]], device='cuda:3'), 'position_ids': tensor([[0, 1, 2, 3, 4, 5, 6, 7],
0:         [0, 1, 2, 3, 4, 5, 6, 7]], device='cuda:3'), 'labels': tensor([[  1, 120, 120, 120,  12,  12,  12,  12],
0:         [  1, 160, 160, 160,  16,  16,  16,  16]], device='cuda:3')}})
0: microbatches defaultdict(<class 'dict'>, {0: {'input_ids': tensor([[  1,  90,  90,  90,   9,   9,   9,   9],
0:         [  1, 130, 130, 130,  13,  13,  13,  13]], device='cuda:1'), 'position_ids': tensor([[0, 1, 2, 3, 4, 5, 6, 7],
0:         [0, 1, 2, 3, 4, 5, 6, 7]], device='cuda:1'), 'labels': tensor([[  1,  90,  90,  90,   9,   9,   9,   9],
0:         [  1, 130, 130, 130,  13,  13,  13,  13]], device='cuda:1')}, 1: {'input_ids': tensor([[  1, 100, 100, 100,  10,  10,  10,  10],
0:         [  1, 140, 140, 140,  14,  14,  14,  14]], device='cuda:1'), 'position_ids': tensor([[0, 1, 2, 3, 4, 5, 6, 7],
0:         [0, 1, 2, 3, 4, 5, 6, 7]], device='cuda:1'), 'labels': tensor([[  1, 100, 100, 100,  10,  10,  10,  10],
0:         [  1, 140, 140, 140,  14,  14,  14,  14]], device='cuda:1')}, 2: {'input_ids': tensor([[  1, 110, 110, 110,  11,  11,  11,  11],
0:         [  1, 150, 150, 150,  15,  15,  15,  15]], device='cuda:1'), 'position_ids': tensor([[0, 1, 2, 3, 4, 5, 6, 7],
0:         [0, 1, 2, 3, 4, 5, 6, 7]], device='cuda:1'), 'labels': tensor([[  1, 110, 110, 110,  11,  11,  11,  11],
0:         [  1, 150, 150, 150,  15,  15,  15,  15]], device='cuda:1')}, 3: {'input_ids': tensor([[  1, 120, 120, 120,  12,  12,  12,  12],
0:         [  1, 160, 160, 160,  16,  16,  16,  16]], device='cuda:1'), 'position_ids': tensor([[0, 1, 2, 3, 4, 5, 6, 7],
0:         [0, 1, 2, 3, 4, 5, 6, 7]], device='cuda:1'), 'labels': tensor([[  1, 120, 120, 120,  12,  12,  12,  12],
0:         [  1, 160, 160, 160,  16,  16,  16,  16]], device='cuda:1')}})
0: 
0: 
0: microbatches defaultdict(<class 'dict'>, {0: {'input_ids': tensor([[  1,  90,  90,  90,   9,   9,   9,   9],
0:         [  1, 130, 130, 130,  13,  13,  13,  13]], device='cuda:0'), 'position_ids': tensor([[0, 1, 2, 3, 4, 5, 6, 7],
0:         [0, 1, 2, 3, 4, 5, 6, 7]], device='cuda:0'), 'labels': tensor([[  1,  90,  90,  90,   9,   9,   9,   9],
0:         [  1, 130, 130, 130,  13,  13,  13,  13]], device='cuda:0')}, 1: {'input_ids': tensor([[  1, 100, 100, 100,  10,  10,  10,  10],
0:         [  1, 140, 140, 140,  14,  14,  14,  14]], device='cuda:0'), 'position_ids': tensor([[0, 1, 2, 3, 4, 5, 6, 7],
0:         [0, 1, 2, 3, 4, 5, 6, 7]], device='cuda:0'), 'labels': tensor([[  1, 100, 100, 100,  10,  10,  10,  10],
0:         [  1, 140, 140, 140,  14,  14,  14,  14]], device='cuda:0')}, 2: {'input_ids': tensor([[  1, 110, 110, 110,  11,  11,  11,  11],
0:         [  1, 150, 150, 150,  15,  15,  15,  15]], device='cuda:0'), 'position_ids': tensor([[0, 1, 2, 3, 4, 5, 6, 7],
0:         [0, 1, 2, 3, 4, 5, 6, 7]], device='cuda:0'), 'labels': tensor([[  1, 110, 110, 110,  11,  11,  11,  11],
0:         [  1, 150, 150, 150,  15,  15,  15,  15]], device='cuda:0')}, 3: {'input_ids': tensor([[  1, 120, 120, 120,  12,  12,  12,  12],
0:         [  1, 160, 160, 160,  16,  16,  16,  16]], device='cuda:0'), 'position_ids': tensor([[0, 1, 2, 3, 4, 5, 6, 7],
0:         [0, 1, 2, 3, 4, 5, 6, 7]], device='cuda:0'), 'labels': tensor([[  1, 120, 120, 120,  12,  12,  12,  12],
0:         [  1, 160, 160, 160,  16,  16,  16,  16]], device='cuda:0')}})
0: 
0: microbatches defaultdict(<class 'dict'>, {0: {'input_ids': tensor([[  1,  90,  90,  90,   9,   9,   9,   9],
0:         [  1, 130, 130, 130,  13,  13,  13,  13]], device='cuda:2'), 'position_ids': tensor([[0, 1, 2, 3, 4, 5, 6, 7],
0:         [0, 1, 2, 3, 4, 5, 6, 7]], device='cuda:2'), 'labels': tensor([[  1,  90,  90,  90,   9,   9,   9,   9],
0:         [  1, 130, 130, 130,  13,  13,  13,  13]], device='cuda:2')}, 1: {'input_ids': tensor([[  1, 100, 100, 100,  10,  10,  10,  10],
0:         [  1, 140, 140, 140,  14,  14,  14,  14]], device='cuda:2'), 'position_ids': tensor([[0, 1, 2, 3, 4, 5, 6, 7],
0:         [0, 1, 2, 3, 4, 5, 6, 7]], device='cuda:2'), 'labels': tensor([[  1, 100, 100, 100,  10,  10,  10,  10],
0:         [  1, 140, 140, 140,  14,  14,  14,  14]], device='cuda:2')}, 2: {'input_ids': tensor([[  1, 110, 110, 110,  11,  11,  11,  11],
0:         [  1, 150, 150, 150,  15,  15,  15,  15]], device='cuda:2'), 'position_ids': tensor([[0, 1, 2, 3, 4, 5, 6, 7],
0:         [0, 1, 2, 3, 4, 5, 6, 7]], device='cuda:2'), 'labels': tensor([[  1, 110, 110, 110,  11,  11,  11,  11],
0:         [  1, 150, 150, 150,  15,  15,  15,  15]], device='cuda:2')}, 3: {'input_ids': tensor([[  1, 120, 120, 120,  12,  12,  12,  12],
0:         [  1, 160, 160, 160,  16,  16,  16,  16]], device='cuda:2'), 'position_ids': tensor([[0, 1, 2, 3, 4, 5, 6, 7],
0:         [0, 1, 2, 3, 4, 5, 6, 7]], device='cuda:2'), 'labels': tensor([[  1, 120, 120, 120,  12,  12,  12,  12],
0:         [  1, 160, 160, 160,  16,  16,  16,  16]], device='cuda:2')}})
0: 
0: in Iteration 4 Batch Rank : 1 and batch is {'input_ids': tensor([[9, 9, 9, 9]], device='cuda:1'), 'position_ids': tensor([[4, 5, 6, 7]], device='cuda:1'), 'shift_labels': tensor([[   9,    9,    9, -100]], device='cuda:1')} 
0: 
0: in Iteration 4 Batch Rank : 3 and batch is {'input_ids': tensor([[13, 13, 13, 13]], device='cuda:3'), 'position_ids': tensor([[4, 5, 6, 7]], device='cuda:3'), 'shift_labels': tensor([[  13,   13,   13, -100]], device='cuda:3')} 
0: 
0: in Iteration 4 Batch Rank : 0 and batch is {'input_ids': tensor([[ 1, 90, 90, 90]], device='cuda:0'), 'position_ids': tensor([[0, 1, 2, 3]], device='cuda:0'), 'shift_labels': tensor([[90, 90, 90,  9]], device='cuda:0')} 
0: 
0: in Iteration 4 Batch Rank : 2 and batch is {'input_ids': tensor([[  1, 130, 130, 130]], device='cuda:2'), 'position_ids': tensor([[0, 1, 2, 3]], device='cuda:2'), 'shift_labels': tensor([[130, 130, 130,  13]], device='cuda:2')} 
0: 
0: Iteration 4: loss=19.5389
0: Step_time: 0.24524593353271484
0: 
0: in Iteration 5 Batch Rank : 3 and batch is {'input_ids': tensor([[14, 14, 14, 14]], device='cuda:3'), 'position_ids': tensor([[4, 5, 6, 7]], device='cuda:3'), 'shift_labels': tensor([[  14,   14,   14, -100]], device='cuda:3')} 
0: 
0: in Iteration 5 Batch Rank : 2 and batch is {'input_ids': tensor([[  1, 140, 140, 140]], device='cuda:2'), 'position_ids': tensor([[0, 1, 2, 3]], device='cuda:2'), 'shift_labels': tensor([[140, 140, 140,  14]], device='cuda:2')} 
0: 
0: in Iteration 5 Batch Rank : 0 and batch is {'input_ids': tensor([[  1, 100, 100, 100]], device='cuda:0'), 'position_ids': tensor([[0, 1, 2, 3]], device='cuda:0'), 'shift_labels': tensor([[100, 100, 100,  10]], device='cuda:0')} 
0: 
0: in Iteration 5 Batch Rank : 1 and batch is {'input_ids': tensor([[10, 10, 10, 10]], device='cuda:1'), 'position_ids': tensor([[4, 5, 6, 7]], device='cuda:1'), 'shift_labels': tensor([[  10,   10,   10, -100]], device='cuda:1')} 
0: 
0: Iteration 5: loss=12.7374
0: Step_time: 0.24505329132080078
0: 
0: in Iteration 6 Batch Rank : 3 and batch is {'input_ids': tensor([[15, 15, 15, 15]], device='cuda:3'), 'position_ids': tensor([[4, 5, 6, 7]], device='cuda:3'), 'shift_labels': tensor([[  15,   15,   15, -100]], device='cuda:3')} 
0: 
0: in Iteration 6 Batch Rank : 1 and batch is {'input_ids': tensor([[11, 11, 11, 11]], device='cuda:1'), 'position_ids': tensor([[4, 5, 6, 7]], device='cuda:1'), 'shift_labels': tensor([[  11,   11,   11, -100]], device='cuda:1')} 
0: 
0: in Iteration 6 Batch Rank : 0 and batch is {'input_ids': tensor([[  1, 110, 110, 110]], device='cuda:0'), 'position_ids': tensor([[0, 1, 2, 3]], device='cuda:0'), 'shift_labels': tensor([[110, 110, 110,  11]], device='cuda:0')} 
0: 
0: in Iteration 6 Batch Rank : 2 and batch is {'input_ids': tensor([[  1, 150, 150, 150]], device='cuda:2'), 'position_ids': tensor([[0, 1, 2, 3]], device='cuda:2'), 'shift_labels': tensor([[150, 150, 150,  15]], device='cuda:2')} 
0: 
0: Iteration 6: loss=10.7305
0: Step_time: 0.2449955940246582
0: 
0: in Iteration 7 Batch Rank : 3 and batch is {'input_ids': tensor([[16, 16, 16, 16]], device='cuda:3'), 'position_ids': tensor([[4, 5, 6, 7]], device='cuda:3'), 'shift_labels': tensor([[  16,   16,   16, -100]], device='cuda:3')} 
0: 
0: in Iteration 7 Batch Rank : 1 and batch is {'input_ids': tensor([[12, 12, 12, 12]], device='cuda:1'), 'position_ids': tensor([[4, 5, 6, 7]], device='cuda:1'), 'shift_labels': tensor([[  12,   12,   12, -100]], device='cuda:1')} 
0: 
0: in Iteration 7 Batch Rank : 2 and batch is {'input_ids': tensor([[  1, 160, 160, 160]], device='cuda:2'), 'position_ids': tensor([[0, 1, 2, 3]], device='cuda:2'), 'shift_labels': tensor([[160, 160, 160,  16]], device='cuda:2')} 
0: 
0: in Iteration 7 Batch Rank : 0 and batch is {'input_ids': tensor([[  1, 120, 120, 120]], device='cuda:0'), 'position_ids': tensor([[0, 1, 2, 3]], device='cuda:0'), 'shift_labels': tensor([[120, 120, 120,  12]], device='cuda:0')} 
0: 
0: Iteration 7: loss=10.8524
0: Step_time: 0.24540352821350098
0: 
