0: W0313 11:51:15.603000 502015 site-packages/torch/distributed/run.py:793] 
0: W0313 11:51:15.603000 502015 site-packages/torch/distributed/run.py:793] *****************************************
0: W0313 11:51:15.603000 502015 site-packages/torch/distributed/run.py:793] Setting OMP_NUM_THREADS environment variable for each process to be 1 in default, to avoid your system being overloaded, please further tune the variable for optimal performance in your application as needed. 
0: W0313 11:51:15.603000 502015 site-packages/torch/distributed/run.py:793] *****************************************
1: W0313 11:51:15.612000 320708 site-packages/torch/distributed/run.py:793] 
1: W0313 11:51:15.612000 320708 site-packages/torch/distributed/run.py:793] *****************************************
1: W0313 11:51:15.612000 320708 site-packages/torch/distributed/run.py:793] Setting OMP_NUM_THREADS environment variable for each process to be 1 in default, to avoid your system being overloaded, please further tune the variable for optimal performance in your application as needed. 
1: W0313 11:51:15.612000 320708 site-packages/torch/distributed/run.py:793] *****************************************
srun: Job step aborted: Waiting up to 32 seconds for job step to finish.
1: W0313 11:51:20.359000 320708 site-packages/torch/distributed/elastic/agent/server/api.py:704] Received 15 death signal, shutting down workers
1: W0313 11:51:20.360000 320708 site-packages/torch/distributed/elastic/multiprocessing/api.py:897] Sending process 320845 closing signal SIGTERM
slurmstepd-hades: error: *** JOB 1069 ON hades CANCELLED AT 2026-03-13T11:51:20 ***
1: W0313 11:51:20.360000 320708 site-packages/torch/distributed/elastic/multiprocessing/api.py:897] Sending process 320846 closing signal SIGTERM
0: slurmstepd-hades: error: *** STEP 1069.0 ON hades CANCELLED AT 2026-03-13T11:51:20 ***
1: W0313 11:51:20.361000 320708 site-packages/torch/distributed/elastic/multiprocessing/api.py:897] Sending process 320847 closing signal SIGTERM
1: W0313 11:51:20.361000 320708 site-packages/torch/distributed/elastic/multiprocessing/api.py:897] Sending process 320848 closing signal SIGTERM
0: W0313 11:51:20.361000 502015 site-packages/torch/distributed/elastic/agent/server/api.py:704] Received 15 death signal, shutting down workers
0: W0313 11:51:20.362000 502015 site-packages/torch/distributed/elastic/multiprocessing/api.py:897] Sending process 502153 closing signal SIGTERM
0: W0313 11:51:20.362000 502015 site-packages/torch/distributed/elastic/multiprocessing/api.py:897] Sending process 502154 closing signal SIGTERM
0: W0313 11:51:20.362000 502015 site-packages/torch/distributed/elastic/multiprocessing/api.py:897] Sending process 502155 closing signal SIGTERM
0: W0313 11:51:20.363000 502015 site-packages/torch/distributed/elastic/multiprocessing/api.py:897] Sending process 502156 closing signal SIGTERM
