0: Warning: The cache directory for DeepSpeed Triton autotune, /home/bigyang/.triton/autotune, appears to be on an NFS system. While this is generally acceptable, if you experience slowdowns or hanging when DeepSpeed exits, it is recommended to set the TRITON_CACHE_DIR environment variable to a non-NFS path.
0: Warning: The cache directory for DeepSpeed Triton autotune, /home/bigyang/.triton/autotune, appears to be on an NFS system. While this is generally acceptable, if you experience slowdowns or hanging when DeepSpeed exits, it is recommended to set the TRITON_CACHE_DIR environment variable to a non-NFS path.
0: Warning: The cache directory for DeepSpeed Triton autotune, /home/bigyang/.triton/autotune, appears to be on an NFS system. While this is generally acceptable, if you experience slowdowns or hanging when DeepSpeed exits, it is recommended to set the TRITON_CACHE_DIR environment variable to a non-NFS path.
1: Warning: The cache directory for DeepSpeed Triton autotune, /home/bigyang/.triton/autotune, appears to be on an NFS system. While this is generally acceptable, if you experience slowdowns or hanging when DeepSpeed exits, it is recommended to set the TRITON_CACHE_DIR environment variable to a non-NFS path.
1: Warning: The cache directory for DeepSpeed Triton autotune, /home/bigyang/.triton/autotune, appears to be on an NFS system. While this is generally acceptable, if you experience slowdowns or hanging when DeepSpeed exits, it is recommended to set the TRITON_CACHE_DIR environment variable to a non-NFS path.
1: Warning: The cache directory for DeepSpeed Triton autotune, /home/bigyang/.triton/autotune, appears to be on an NFS system. While this is generally acceptable, if you experience slowdowns or hanging when DeepSpeed exits, it is recommended to set the TRITON_CACHE_DIR environment variable to a non-NFS path.
1: Warning: The cache directory for DeepSpeed Triton autotune, /home/bigyang/.triton/autotune, appears to be on an NFS system. While this is generally acceptable, if you experience slowdowns or hanging when DeepSpeed exits, it is recommended to set the TRITON_CACHE_DIR environment variable to a non-NFS path.
0: Warning: The cache directory for DeepSpeed Triton autotune, /home/bigyang/.triton/autotune, appears to be on an NFS system. While this is generally acceptable, if you experience slowdowns or hanging when DeepSpeed exits, it is recommended to set the TRITON_CACHE_DIR environment variable to a non-NFS path.
0: Before initializing optimizer states
0: MA 5.18 GB         Max_MA 9.21 GB         CA 9.22 GB         Max_CA 9 GB 
0: CPU Virtual Memory:  used = 19.02 GB, percent = 1.9%
0: After initializing optimizer states
0: MA 5.18 GB         Max_MA 5.76 GB         CA 9.8 GB         Max_CA 10 GB 
0: CPU Virtual Memory:  used = 19.02 GB, percent = 1.9%
0: After initializing ZeRO optimizer
0: MA 5.18 GB         Max_MA 5.18 GB         CA 9.8 GB         Max_CA 10 GB 
0: CPU Virtual Memory:  used = 19.02 GB, percent = 1.9%
0: microbatches defaultdict(<class 'dict'>, {0: {'input_ids': tensor([[ 1, 10, 10, 10,  1,  1,  1,  1],
0:         [ 1, 90, 90, 90,  9,  9,  9,  9]], device='cuda:3'), 'position_ids': tensor([[0, 1, 2, 3, 4, 5, 6, 7],
0:         [0, 1, 2, 3, 4, 5, 6, 7]], device='cuda:3'), 'labels': tensor([[ 1, 10, 10, 10,  1,  1,  1,  1],
0:         [ 1, 90, 90, 90,  9,  9,  9,  9]], device='cuda:3')}, 1: {'input_ids': tensor([[  1,  20,  20,  20,   2,   2,   2,   2],
0:         [  1, 100, 100, 100,  10,  10,  10,  10]], device='cuda:3'), 'position_ids': tensor([[0, 1, 2, 3, 4, 5, 6, 7],
0:         [0, 1, 2, 3, 4, 5, 6, 7]], device='cuda:3'), 'labels': tensor([[  1,  20,  20,  20,   2,   2,   2,   2],
0:         [  1, 100, 100, 100,  10,  10,  10,  10]], device='cuda:3')}, 2: {'input_ids': tensor([[  1,  30,  30,  30,   3,   3,   3,   3],
0:         [  1, 110, 110, 110,  11,  11,  11,  11]], device='cuda:3'), 'position_ids': tensor([[0, 1, 2, 3, 4, 5, 6, 7],
0:         [0, 1, 2, 3, 4, 5, 6, 7]], device='cuda:3'), 'labels': tensor([[  1,  30,  30,  30,   3,   3,   3,   3],
0:         [  1, 110, 110, 110,  11,  11,  11,  11]], device='cuda:3')}, 3: {'input_ids': tensor([[  1,  40,  40,  40,   4,   4,   4,   4],
0:         [  1, 120, 120, 120,  12,  12,  12,  12]], device='cuda:3'), 'position_ids': tensor([[0, 1, 2, 3, 4, 5, 6, 7],
0:         [0, 1, 2, 3, 4, 5, 6, 7]], device='cuda:3'), 'labels': tensor([[  1,  40,  40,  40,   4,   4,   4,   4],
0:         [  1, 120, 120, 120,  12,  12,  12,  12]], device='cuda:3')}, 4: {'input_ids': tensor([[  1,  50,  50,  50,   5,   5,   5,   5],
0:         [  1, 130, 130, 130,  13,  13,  13,  13]], device='cuda:3'), 'position_ids': tensor([[0, 1, 2, 3, 4, 5, 6, 7],
0:         [0, 1, 2, 3, 4, 5, 6, 7]], device='cuda:3'), 'labels': tensor([[  1,  50,  50,  50,   5,   5,   5,   5],
0:         [  1, 130, 130, 130,  13,  13,  13,  13]], device='cuda:3')}, 5: {'input_ids': tensor([[  1,  60,  60,  60,   6,   6,   6,   6],
0:         [  1, 140, 140, 140,  14,  14,  14,  14]], device='cuda:3'), 'position_ids': tensor([[0, 1, 2, 3, 4, 5, 6, 7],
0:         [0, 1, 2, 3, 4, 5, 6, 7]], device='cuda:3'), 'labels': tensor([[  1,  60,  60,  60,   6,   6,   6,   6],
0:         [  1, 140, 140, 140,  14,  14,  14,  14]], device='cuda:3')}, 6: {'input_ids': tensor([[  1,  70,  70,  70,   7,   7,   7,   7],
0:         [  1, 150, 150, 150,  15,  15,  15,  15]], device='cuda:3'), 'position_ids': tensor([[0, 1, 2, 3, 4, 5, 6, 7],
0:         [0, 1, 2, 3, 4, 5, 6, 7]], device='cuda:3'), 'labels': tensor([[  1,  70,  70,  70,   7,   7,   7,   7],
0:         [  1, 150, 150, 150,  15,  15,  15,  15]], device='cuda:3')}, 7: {'input_ids': tensor([[  1,  80,  80,  80,   8,   8,   8,   8],
0:         [  1, 160, 160, 160,  16,  16,  16,  16]], device='cuda:3'), 'position_ids': tensor([[0, 1, 2, 3, 4, 5, 6, 7],
0:         [0, 1, 2, 3, 4, 5, 6, 7]], device='cuda:3'), 'labels': tensor([[  1,  80,  80,  80,   8,   8,   8,   8],
0:         [  1, 160, 160, 160,  16,  16,  16,  16]], device='cuda:3')}})
0: 
0: microbatches defaultdict(<class 'dict'>, {0: {'input_ids': tensor([[ 1, 10, 10, 10,  1,  1,  1,  1],
0:         [ 1, 90, 90, 90,  9,  9,  9,  9]], device='cuda:1'), 'position_ids': tensor([[0, 1, 2, 3, 4, 5, 6, 7],
0:         [0, 1, 2, 3, 4, 5, 6, 7]], device='cuda:1'), 'labels': tensor([[ 1, 10, 10, 10,  1,  1,  1,  1],
0:         [ 1, 90, 90, 90,  9,  9,  9,  9]], device='cuda:1')}, 1: {'input_ids': tensor([[  1,  20,  20,  20,   2,   2,   2,   2],
0:         [  1, 100, 100, 100,  10,  10,  10,  10]], device='cuda:1'), 'position_ids': tensor([[0, 1, 2, 3, 4, 5, 6, 7],
0:         [0, 1, 2, 3, 4, 5, 6, 7]], device='cuda:1'), 'labels': tensor([[  1,  20,  20,  20,   2,   2,   2,   2],
0:         [  1, 100, 100, 100,  10,  10,  10,  10]], device='cuda:1')}, 2: {'input_ids': tensor([[  1,  30,  30,  30,   3,   3,   3,   3],
0:         [  1, 110, 110, 110,  11,  11,  11,  11]], device='cuda:1'), 'position_ids': tensor([[0, 1, 2, 3, 4, 5, 6, 7],
1: microbatches defaultdict(<class 'dict'>, {0: {'input_ids': tensor([[ 1, 10, 10, 10,  1,  1,  1,  1],
1:         [ 1, 90, 90, 90,  9,  9,  9,  9]], device='cuda:3'), 'position_ids': tensor([[0, 1, 2, 3, 4, 5, 6, 7],
1:         [0, 1, 2, 3, 4, 5, 6, 7]], device='cuda:3'), 'labels': tensor([[ 1, 10, 10, 10,  1,  1,  1,  1],
1:         [ 1, 90, 90, 90,  9,  9,  9,  9]], device='cuda:3')}, 1: {'input_ids': tensor([[  1,  20,  20,  20,   2,   2,   2,   2],
1:         [  1, 100, 100, 100,  10,  10,  10,  10]], device='cuda:3'), 'position_ids': tensor([[0, 1, 2, 3, 4, 5, 6, 7],
1:         [0, 1, 2, 3, 4, 5, 6, 7]], device='cuda:3'), 'labels': tensor([[  1,  20,  20,  20,   2,   2,   2,   2],
1:         [  1, 100, 100, 100,  10,  10,  10,  10]], device='cuda:3')}, 2: {'input_ids': tensor([[  1,  30,  30,  30,   3,   3,   3,   3],
1:         [  1, 110, 110, 110,  11,  11,  11,  11]], device='cuda:3'), 'position_ids': tensor([[0, 1, 2, 3, 4, 5, 6, 7],
0:         [0, 1, 2, 3, 4, 5, 6, 7]], device='cuda:1'), 'labels': tensor([[  1,  30,  30,  30,   3,   3,   3,   3],
0:         [  1, 110, 110, 110,  11,  11,  11,  11]], device='cuda:1')}, 3: {'input_ids': tensor([[  1,  40,  40,  40,   4,   4,   4,   4],
0:         [  1, 120, 120, 120,  12,  12,  12,  12]], device='cuda:1'), 'position_ids': tensor([[0, 1, 2, 3, 4, 5, 6, 7],
0:         [0, 1, 2, 3, 4, 5, 6, 7]], device='cuda:1'), 'labels': tensor([[  1,  40,  40,  40,   4,   4,   4,   4],
0:         [  1, 120, 120, 120,  12,  12,  12,  12]], device='cuda:1')}, 4: {'input_ids': tensor([[  1,  50,  50,  50,   5,   5,   5,   5],
0:         [  1, 130, 130, 130,  13,  13,  13,  13]], device='cuda:1'), 'position_ids': tensor([[0, 1, 2, 3, 4, 5, 6, 7],
0:         [0, 1, 2, 3, 4, 5, 6, 7]], device='cuda:1'), 'labels': tensor([[  1,  50,  50,  50,   5,   5,   5,   5],
0:         [  1, 130, 130, 130,  13,  13,  13,  13]], device='cuda:1')}, 5: {'input_ids': tensor([[  1,  60,  60,  60,   6,   6,   6,   6],
1:         [0, 1, 2, 3, 4, 5, 6, 7]], device='cuda:3'), 'labels': tensor([[  1,  30,  30,  30,   3,   3,   3,   3],
1:         [  1, 110, 110, 110,  11,  11,  11,  11]], device='cuda:3')}, 3: {'input_ids': tensor([[  1,  40,  40,  40,   4,   4,   4,   4],
1:         [  1, 120, 120, 120,  12,  12,  12,  12]], device='cuda:3'), 'position_ids': tensor([[0, 1, 2, 3, 4, 5, 6, 7],
1:         [0, 1, 2, 3, 4, 5, 6, 7]], device='cuda:3'), 'labels': tensor([[  1,  40,  40,  40,   4,   4,   4,   4],
1:         [  1, 120, 120, 120,  12,  12,  12,  12]], device='cuda:3')}, 4: {'input_ids': tensor([[  1,  50,  50,  50,   5,   5,   5,   5],
1:         [  1, 130, 130, 130,  13,  13,  13,  13]], device='cuda:3'), 'position_ids': tensor([[0, 1, 2, 3, 4, 5, 6, 7],
1:         [0, 1, 2, 3, 4, 5, 6, 7]], device='cuda:3'), 'labels': tensor([[  1,  50,  50,  50,   5,   5,   5,   5],
1:         [  1, 130, 130, 130,  13,  13,  13,  13]], device='cuda:3')}, 5: {'input_ids': tensor([[  1,  60,  60,  60,   6,   6,   6,   6],
0:         [  1, 140, 140, 140,  14,  14,  14,  14]], device='cuda:1'), 'position_ids': tensor([[0, 1, 2, 3, 4, 5, 6, 7],
0:         [0, 1, 2, 3, 4, 5, 6, 7]], device='cuda:1'), 'labels': tensor([[  1,  60,  60,  60,   6,   6,   6,   6],
0:         [  1, 140, 140, 140,  14,  14,  14,  14]], device='cuda:1')}, 6: {'input_ids': tensor([[  1,  70,  70,  70,   7,   7,   7,   7],
0:         [  1, 150, 150, 150,  15,  15,  15,  15]], device='cuda:1'), 'position_ids': tensor([[0, 1, 2, 3, 4, 5, 6, 7],
0:         [0, 1, 2, 3, 4, 5, 6, 7]], device='cuda:1'), 'labels': tensor([[  1,  70,  70,  70,   7,   7,   7,   7],
0:         [  1, 150, 150, 150,  15,  15,  15,  15]], device='cuda:1')}, 7: {'input_ids': tensor([[  1,  80,  80,  80,   8,   8,   8,   8],
0:         [  1, 160, 160, 160,  16,  16,  16,  16]], device='cuda:1'), 'position_ids': tensor([[0, 1, 2, 3, 4, 5, 6, 7],
0:         [0, 1, 2, 3, 4, 5, 6, 7]], device='cuda:1'), 'labels': tensor([[  1,  80,  80,  80,   8,   8,   8,   8],
0:         [  1, 160, 160, 160,  16,  16,  16,  16]], device='cuda:1')}})
0: 
0: microbatches defaultdict(<class 'dict'>, {0: {'input_ids': tensor([[ 1, 10, 10, 10,  1,  1,  1,  1],
0:         [ 1, 90, 90, 90,  9,  9,  9,  9]], device='cuda:0'), 'position_ids': tensor([[0, 1, 2, 3, 4, 5, 6, 7],
0:         [0, 1, 2, 3, 4, 5, 6, 7]], device='cuda:0'), 'labels': tensor([[ 1, 10, 10, 10,  1,  1,  1,  1],
0:         [ 1, 90, 90, 90,  9,  9,  9,  9]], device='cuda:0')}, 1: {'input_ids': tensor([[  1,  20,  20,  20,   2,   2,   2,   2],
0:         [  1, 100, 100, 100,  10,  10,  10,  10]], device='cuda:0'), 'position_ids': tensor([[0, 1, 2, 3, 4, 5, 6, 7],
0:         [0, 1, 2, 3, 4, 5, 6, 7]], device='cuda:0'), 'labels': tensor([[  1,  20,  20,  20,   2,   2,   2,   2],
0:         [  1, 100, 100, 100,  10,  10,  10,  10]], device='cuda:0')}, 2: {'input_ids': tensor([[  1,  30,  30,  30,   3,   3,   3,   3],
0:         [  1, 110, 110, 110,  11,  11,  11,  11]], device='cuda:0'), 'position_ids': tensor([[0, 1, 2, 3, 4, 5, 6, 7],
0:         [0, 1, 2, 3, 4, 5, 6, 7]], device='cuda:0'), 'labels': tensor([[  1,  30,  30,  30,   3,   3,   3,   3],
0:         [  1, 110, 110, 110,  11,  11,  11,  11]], device='cuda:0')}, 3: {'input_ids': tensor([[  1,  40,  40,  40,   4,   4,   4,   4],
0:         [  1, 120, 120, 120,  12,  12,  12,  12]], device='cuda:0'), 'position_ids': tensor([[0, 1, 2, 3, 4, 5, 6, 7],
0:         [0, 1, 2, 3, 4, 5, 6, 7]], device='cuda:0'), 'labels': tensor([[  1,  40,  40,  40,   4,   4,   4,   4],
0:         [  1, 120, 120, 120,  12,  12,  12,  12]], device='cuda:0')}, 4: {'input_ids': tensor([[  1,  50,  50,  50,   5,   5,   5,   5],
0:         [  1, 130, 130, 130,  13,  13,  13,  13]], device='cuda:0'), 'position_ids': tensor([[0, 1, 2, 3, 4, 5, 6, 7],
0:         [0, 1, 2, 3, 4, 5, 6, 7]], device='cuda:0'), 'labels': tensor([[  1,  50,  50,  50,   5,   5,   5,   5],
0:         [  1, 130, 130, 130,  13,  13,  13,  13]], device='cuda:0')}, 5: {'input_ids': tensor([[  1,  60,  60,  60,   6,   6,   6,   6],
0:         [  1, 140, 140, 140,  14,  14,  14,  14]], device='cuda:0'), 'position_ids': tensor([[0, 1, 2, 3, 4, 5, 6, 7],
0:         [0, 1, 2, 3, 4, 5, 6, 7]], device='cuda:0'), 'labels': tensor([[  1,  60,  60,  60,   6,   6,   6,   6],
0:         [  1, 140, 140, 140,  14,  14,  14,  14]], device='cuda:0')}, 6: {'input_ids': tensor([[  1,  70,  70,  70,   7,   7,   7,   7],
0:         [  1, 150, 150, 150,  15,  15,  15,  15]], device='cuda:0'), 'position_ids': tensor([[0, 1, 2, 3, 4, 5, 6, 7],
0:         [0, 1, 2, 3, 4, 5, 6, 7]], device='cuda:0'), 'labels': tensor([[  1,  70,  70,  70,   7,   7,   7,   7],
0:         [  1, 150, 150, 150,  15,  15,  15,  15]], device='cuda:0')}, 7: {'input_ids': tensor([[  1,  80,  80,  80,   8,   8,   8,   8],
0:         [  1, 160, 160, 160,  16,  16,  16,  16]], device='cuda:0'), 'position_ids': tensor([[0, 1, 2, 3, 4, 5, 6, 7],
0:         [0, 1, 2, 3, 4, 5, 6, 7]], device='cuda:0'), 'labels': tensor([[  1,  80,  80,  80,   8,   8,   8,   8],
0:         [  1, 160, 160, 160,  16,  16,  16,  16]], device='cuda:0')}})
0: 
0: microbatches defaultdict(<class 'dict'>, {0: {'input_ids': tensor([[ 1, 10, 10, 10,  1,  1,  1,  1],
0:         [ 1, 90, 90, 90,  9,  9,  9,  9]], device='cuda:2'), 'position_ids': tensor([[0, 1, 2, 3, 4, 5, 6, 7],
0:         [0, 1, 2, 3, 4, 5, 6, 7]], device='cuda:2'), 'labels': tensor([[ 1, 10, 10, 10,  1,  1,  1,  1],
0:         [ 1, 90, 90, 90,  9,  9,  9,  9]], device='cuda:2')}, 1: {'input_ids': tensor([[  1,  20,  20,  20,   2,   2,   2,   2],
0:         [  1, 100, 100, 100,  10,  10,  10,  10]], device='cuda:2'), 'position_ids': tensor([[0, 1, 2, 3, 4, 5, 6, 7],
0:         [0, 1, 2, 3, 4, 5, 6, 7]], device='cuda:2'), 'labels': tensor([[  1,  20,  20,  20,   2,   2,   2,   2],
0:         [  1, 100, 100, 100,  10,  10,  10,  10]], device='cuda:2')}, 2: {'input_ids': tensor([[  1,  30,  30,  30,   3,   3,   3,   3],
0:         [  1, 110, 110, 110,  11,  11,  11,  11]], device='cuda:2'), 'position_ids': tensor([[0, 1, 2, 3, 4, 5, 6, 7],
0:         [0, 1, 2, 3, 4, 5, 6, 7]], device='cuda:2'), 'labels': tensor([[  1,  30,  30,  30,   3,   3,   3,   3],
0:         [  1, 110, 110, 110,  11,  11,  11,  11]], device='cuda:2')}, 3: {'input_ids': tensor([[  1,  40,  40,  40,   4,   4,   4,   4],
0:         [  1, 120, 120, 120,  12,  12,  12,  12]], device='cuda:2'), 'position_ids': tensor([[0, 1, 2, 3, 4, 5, 6, 7],
0:         [0, 1, 2, 3, 4, 5, 6, 7]], device='cuda:2'), 'labels': tensor([[  1,  40,  40,  40,   4,   4,   4,   4],
0:         [  1, 120, 120, 120,  12,  12,  12,  12]], device='cuda:2')}, 4: {'input_ids': tensor([[  1,  50,  50,  50,   5,   5,   5,   5],
0:         [  1, 130, 130, 130,  13,  13,  13,  13]], device='cuda:2'), 'position_ids': tensor([[0, 1, 2, 3, 4, 5, 6, 7],
0:         [0, 1, 2, 3, 4, 5, 6, 7]], device='cuda:2'), 'labels': tensor([[  1,  50,  50,  50,   5,   5,   5,   5],
0:         [  1, 130, 130, 130,  13,  13,  13,  13]], device='cuda:2')}, 5: {'input_ids': tensor([[  1,  60,  60,  60,   6,   6,   6,   6],
0:         [  1, 140, 140, 140,  14,  14,  14,  14]], device='cuda:2'), 'position_ids': tensor([[0, 1, 2, 3, 4, 5, 6, 7],
0:         [0, 1, 2, 3, 4, 5, 6, 7]], device='cuda:2'), 'labels': tensor([[  1,  60,  60,  60,   6,   6,   6,   6],
0:         [  1, 140, 140, 140,  14,  14,  14,  14]], device='cuda:2')}, 6: {'input_ids': tensor([[  1,  70,  70,  70,   7,   7,   7,   7],
0:         [  1, 150, 150, 150,  15,  15,  15,  15]], device='cuda:2'), 'position_ids': tensor([[0, 1, 2, 3, 4, 5, 6, 7],
0:         [0, 1, 2, 3, 4, 5, 6, 7]], device='cuda:2'), 'labels': tensor([[  1,  70,  70,  70,   7,   7,   7,   7],
0:         [  1, 150, 150, 150,  15,  15,  15,  15]], device='cuda:2')}, 7: {'input_ids': tensor([[  1,  80,  80,  80,   8,   8,   8,   8],
0:         [  1, 160, 160, 160,  16,  16,  16,  16]], device='cuda:2'), 'position_ids': tensor([[0, 1, 2, 3, 4, 5, 6, 7],
0:         [0, 1, 2, 3, 4, 5, 6, 7]], device='cuda:2'), 'labels': tensor([[  1,  80,  80,  80,   8,   8,   8,   8],
0:         [  1, 160, 160, 160,  16,  16,  16,  16]], device='cuda:2')}})
0: 
1:         [  1, 140, 140, 140,  14,  14,  14,  14]], device='cuda:3'), 'position_ids': tensor([[0, 1, 2, 3, 4, 5, 6, 7],
1:         [0, 1, 2, 3, 4, 5, 6, 7]], device='cuda:3'), 'labels': tensor([[  1,  60,  60,  60,   6,   6,   6,   6],
1:         [  1, 140, 140, 140,  14,  14,  14,  14]], device='cuda:3')}, 6: {'input_ids': tensor([[  1,  70,  70,  70,   7,   7,   7,   7],
1:         [  1, 150, 150, 150,  15,  15,  15,  15]], device='cuda:3'), 'position_ids': tensor([[0, 1, 2, 3, 4, 5, 6, 7],
1:         [0, 1, 2, 3, 4, 5, 6, 7]], device='cuda:3'), 'labels': tensor([[  1,  70,  70,  70,   7,   7,   7,   7],
1:         [  1, 150, 150, 150,  15,  15,  15,  15]], device='cuda:3')}, 7: {'input_ids': tensor([[  1,  80,  80,  80,   8,   8,   8,   8],
1:         [  1, 160, 160, 160,  16,  16,  16,  16]], device='cuda:3'), 'position_ids': tensor([[0, 1, 2, 3, 4, 5, 6, 7],
1:         [0, 1, 2, 3, 4, 5, 6, 7]], device='cuda:3'), 'labels': tensor([[  1,  80,  80,  80,   8,   8,   8,   8],
1:         [  1, 160, 160, 160,  16,  16,  16,  16]], device='cuda:3')}})
1: 
1: microbatches defaultdict(<class 'dict'>, {0: {'input_ids': tensor([[ 1, 10, 10, 10,  1,  1,  1,  1],
1:         [ 1, 90, 90, 90,  9,  9,  9,  9]], device='cuda:0'), 'position_ids': tensor([[0, 1, 2, 3, 4, 5, 6, 7],
1:         [0, 1, 2, 3, 4, 5, 6, 7]], device='cuda:0'), 'labels': tensor([[ 1, 10, 10, 10,  1,  1,  1,  1],
1:         [ 1, 90, 90, 90,  9,  9,  9,  9]], device='cuda:0')}, 1: {'input_ids': tensor([[  1,  20,  20,  20,   2,   2,   2,   2],
1:         [  1, 100, 100, 100,  10,  10,  10,  10]], device='cuda:0'), 'position_ids': tensor([[0, 1, 2, 3, 4, 5, 6, 7],
1:         [0, 1, 2, 3, 4, 5, 6, 7]], device='cuda:0'), 'labels': tensor([[  1,  20,  20,  20,   2,   2,   2,   2],
1:         [  1, 100, 100, 100,  10,  10,  10,  10]], device='cuda:0')}, 2: {'input_ids': tensor([[  1,  30,  30,  30,   3,   3,   3,   3],
1:         [  1, 110, 110, 110,  11,  11,  11,  11]], device='cuda:0'), 'position_ids': tensor([[0, 1, 2, 3, 4, 5, 6, 7],
1:         [0, 1, 2, 3, 4, 5, 6, 7]], device='cuda:0'), 'labels': tensor([[  1,  30,  30,  30,   3,   3,   3,   3],
1:         [  1, 110, 110, 110,  11,  11,  11,  11]], device='cuda:0')}, 3: {'input_ids': tensor([[  1,  40,  40,  40,   4,   4,   4,   4],
1:         [  1, 120, 120, 120,  12,  12,  12,  12]], device='cuda:0'), 'position_ids': tensor([[0, 1, 2, 3, 4, 5, 6, 7],
1:         [0, 1, 2, 3, 4, 5, 6, 7]], device='cuda:0'), 'labels': tensor([[  1,  40,  40,  40,   4,   4,   4,   4],
1:         [  1, 120, 120, 120,  12,  12,  12,  12]], device='cuda:0')}, 4: {'input_ids': tensor([[  1,  50,  50,  50,   5,   5,   5,   5],
1:         [  1, 130, 130, 130,  13,  13,  13,  13]], device='cuda:0'), 'position_ids': tensor([[0, 1, 2, 3, 4, 5, 6, 7],
1:         [0, 1, 2, 3, 4, 5, 6, 7]], device='cuda:0'), 'labels': tensor([[  1,  50,  50,  50,   5,   5,   5,   5],
1:         [  1, 130, 130, 130,  13,  13,  13,  13]], device='cuda:0')}, 5: {'input_ids': tensor([[  1,  60,  60,  60,   6,   6,   6,   6],
1:         [  1, 140, 140, 140,  14,  14,  14,  14]], device='cuda:0'), 'position_ids': tensor([[0, 1, 2, 3, 4, 5, 6, 7],
1:         [0, 1, 2, 3, 4, 5, 6, 7]], device='cuda:0'), 'labels': tensor([[  1,  60,  60,  60,   6,   6,   6,   6],
1:         [  1, 140, 140, 140,  14,  14,  14,  14]], device='cuda:0')}, 6: {'input_ids': tensor([[  1,  70,  70,  70,   7,   7,   7,   7],
1:         [  1, 150, 150, 150,  15,  15,  15,  15]], device='cuda:0'), 'position_ids': tensor([[0, 1, 2, 3, 4, 5, 6, 7],
1:         [0, 1, 2, 3, 4, 5, 6, 7]], device='cuda:0'), 'labels': tensor([[  1,  70,  70,  70,   7,   7,   7,   7],
1:         [  1, 150, 150, 150,  15,  15,  15,  15]], device='cuda:0')}, 7: {'input_ids': tensor([[  1,  80,  80,  80,   8,   8,   8,   8],
1:         [  1, 160, 160, 160,  16,  16,  16,  16]], device='cuda:0'), 'position_ids': tensor([[0, 1, 2, 3, 4, 5, 6, 7],
1:         [0, 1, 2, 3, 4, 5, 6, 7]], device='cuda:0'), 'labels': tensor([[  1,  80,  80,  80,   8,   8,   8,   8],
1:         [  1, 160, 160, 160,  16,  16,  16,  16]], device='cuda:0')}})
1: 
1: microbatches defaultdict(<class 'dict'>, {0: {'input_ids': tensor([[ 1, 10, 10, 10,  1,  1,  1,  1],
1:         [ 1, 90, 90, 90,  9,  9,  9,  9]], device='cuda:1'), 'position_ids': tensor([[0, 1, 2, 3, 4, 5, 6, 7],
1:         [0, 1, 2, 3, 4, 5, 6, 7]], device='cuda:1'), 'labels': tensor([[ 1, 10, 10, 10,  1,  1,  1,  1],
1:         [ 1, 90, 90, 90,  9,  9,  9,  9]], device='cuda:1')}, 1: {'input_ids': tensor([[  1,  20,  20,  20,   2,   2,   2,   2],
1:         [  1, 100, 100, 100,  10,  10,  10,  10]], device='cuda:1'), 'position_ids': tensor([[0, 1, 2, 3, 4, 5, 6, 7],
1:         [0, 1, 2, 3, 4, 5, 6, 7]], device='cuda:1'), 'labels': tensor([[  1,  20,  20,  20,   2,   2,   2,   2],
1:         [  1, 100, 100, 100,  10,  10,  10,  10]], device='cuda:1')}, 2: {'input_ids': tensor([[  1,  30,  30,  30,   3,   3,   3,   3],
1:         [  1, 110, 110, 110,  11,  11,  11,  11]], device='cuda:1'), 'position_ids': tensor([[0, 1, 2, 3, 4, 5, 6, 7],
1:         [0, 1, 2, 3, 4, 5, 6, 7]], device='cuda:1'), 'labels': tensor([[  1,  30,  30,  30,   3,   3,   3,   3],
1:         [  1, 110, 110, 110,  11,  11,  11,  11]], device='cuda:1')}, 3: {'input_ids': tensor([[  1,  40,  40,  40,   4,   4,   4,   4],
1:         [  1, 120, 120, 120,  12,  12,  12,  12]], device='cuda:1'), 'position_ids': tensor([[0, 1, 2, 3, 4, 5, 6, 7],
1:         [0, 1, 2, 3, 4, 5, 6, 7]], device='cuda:1'), 'labels': tensor([[  1,  40,  40,  40,   4,   4,   4,   4],
1:         [  1, 120, 120, 120,  12,  12,  12,  12]], device='cuda:1')}, 4: {'input_ids': tensor([[  1,  50,  50,  50,   5,   5,   5,   5],
1:         [  1, 130, 130, 130,  13,  13,  13,  13]], device='cuda:1'), 'position_ids': tensor([[0, 1, 2, 3, 4, 5, 6, 7],
1:         [0, 1, 2, 3, 4, 5, 6, 7]], device='cuda:1'), 'labels': tensor([[  1,  50,  50,  50,   5,   5,   5,   5],
1:         [  1, 130, 130, 130,  13,  13,  13,  13]], device='cuda:1')}, 5: {'input_ids': tensor([[  1,  60,  60,  60,   6,   6,   6,   6],
1:         [  1, 140, 140, 140,  14,  14,  14,  14]], device='cuda:1'), 'position_ids': tensor([[0, 1, 2, 3, 4, 5, 6, 7],
1:         [0, 1, 2, 3, 4, 5, 6, 7]], device='cuda:1'), 'labels': tensor([[  1,  60,  60,  60,   6,   6,   6,   6],
1:         [  1, 140, 140, 140,  14,  14,  14,  14]], device='cuda:1')}, 6: {'input_ids': tensor([[  1,  70,  70,  70,   7,   7,   7,   7],
1:         [  1, 150, 150, 150,  15,  15,  15,  15]], device='cuda:1'), 'position_ids': tensor([[0, 1, 2, 3, 4, 5, 6, 7],
1:         [0, 1, 2, 3, 4, 5, 6, 7]], device='cuda:1'), 'labels': tensor([[  1,  70,  70,  70,   7,   7,   7,   7],
1:         [  1, 150, 150, 150,  15,  15,  15,  15]], device='cuda:1')}, 7: {'input_ids': tensor([[  1,  80,  80,  80,   8,   8,   8,   8],
1:         [  1, 160, 160, 160,  16,  16,  16,  16]], device='cuda:1'), 'position_ids': tensor([[0, 1, 2, 3, 4, 5, 6, 7],
1:         [0, 1, 2, 3, 4, 5, 6, 7]], device='cuda:1'), 'labels': tensor([[  1,  80,  80,  80,   8,   8,   8,   8],
1:         [  1, 160, 160, 160,  16,  16,  16,  16]], device='cuda:1')}})
1: 
1: microbatches defaultdict(<class 'dict'>, {0: {'input_ids': tensor([[ 1, 10, 10, 10,  1,  1,  1,  1],
1:         [ 1, 90, 90, 90,  9,  9,  9,  9]], device='cuda:2'), 'position_ids': tensor([[0, 1, 2, 3, 4, 5, 6, 7],
1:         [0, 1, 2, 3, 4, 5, 6, 7]], device='cuda:2'), 'labels': tensor([[ 1, 10, 10, 10,  1,  1,  1,  1],
1:         [ 1, 90, 90, 90,  9,  9,  9,  9]], device='cuda:2')}, 1: {'input_ids': tensor([[  1,  20,  20,  20,   2,   2,   2,   2],
1:         [  1, 100, 100, 100,  10,  10,  10,  10]], device='cuda:2'), 'position_ids': tensor([[0, 1, 2, 3, 4, 5, 6, 7],
1:         [0, 1, 2, 3, 4, 5, 6, 7]], device='cuda:2'), 'labels': tensor([[  1,  20,  20,  20,   2,   2,   2,   2],
1:         [  1, 100, 100, 100,  10,  10,  10,  10]], device='cuda:2')}, 2: {'input_ids': tensor([[  1,  30,  30,  30,   3,   3,   3,   3],
1:         [  1, 110, 110, 110,  11,  11,  11,  11]], device='cuda:2'), 'position_ids': tensor([[0, 1, 2, 3, 4, 5, 6, 7],
1:         [0, 1, 2, 3, 4, 5, 6, 7]], device='cuda:2'), 'labels': tensor([[  1,  30,  30,  30,   3,   3,   3,   3],
1:         [  1, 110, 110, 110,  11,  11,  11,  11]], device='cuda:2')}, 3: {'input_ids': tensor([[  1,  40,  40,  40,   4,   4,   4,   4],
1:         [  1, 120, 120, 120,  12,  12,  12,  12]], device='cuda:2'), 'position_ids': tensor([[0, 1, 2, 3, 4, 5, 6, 7],
1:         [0, 1, 2, 3, 4, 5, 6, 7]], device='cuda:2'), 'labels': tensor([[  1,  40,  40,  40,   4,   4,   4,   4],
1:         [  1, 120, 120, 120,  12,  12,  12,  12]], device='cuda:2')}, 4: {'input_ids': tensor([[  1,  50,  50,  50,   5,   5,   5,   5],
1:         [  1, 130, 130, 130,  13,  13,  13,  13]], device='cuda:2'), 'position_ids': tensor([[0, 1, 2, 3, 4, 5, 6, 7],
1:         [0, 1, 2, 3, 4, 5, 6, 7]], device='cuda:2'), 'labels': tensor([[  1,  50,  50,  50,   5,   5,   5,   5],
1:         [  1, 130, 130, 130,  13,  13,  13,  13]], device='cuda:2')}, 5: {'input_ids': tensor([[  1,  60,  60,  60,   6,   6,   6,   6],
1:         [  1, 140, 140, 140,  14,  14,  14,  14]], device='cuda:2'), 'position_ids': tensor([[0, 1, 2, 3, 4, 5, 6, 7],
1:         [0, 1, 2, 3, 4, 5, 6, 7]], device='cuda:2'), 'labels': tensor([[  1,  60,  60,  60,   6,   6,   6,   6],
1:         [  1, 140, 140, 140,  14,  14,  14,  14]], device='cuda:2')}, 6: {'input_ids': tensor([[  1,  70,  70,  70,   7,   7,   7,   7],
1:         [  1, 150, 150, 150,  15,  15,  15,  15]], device='cuda:2'), 'position_ids': tensor([[0, 1, 2, 3, 4, 5, 6, 7],
1:         [0, 1, 2, 3, 4, 5, 6, 7]], device='cuda:2'), 'labels': tensor([[  1,  70,  70,  70,   7,   7,   7,   7],
1:         [  1, 150, 150, 150,  15,  15,  15,  15]], device='cuda:2')}, 7: {'input_ids': tensor([[  1,  80,  80,  80,   8,   8,   8,   8],
1:         [  1, 160, 160, 160,  16,  16,  16,  16]], device='cuda:2'), 'position_ids': tensor([[0, 1, 2, 3, 4, 5, 6, 7],
1:         [0, 1, 2, 3, 4, 5, 6, 7]], device='cuda:2'), 'labels': tensor([[  1,  80,  80,  80,   8,   8,   8,   8],
1:         [  1, 160, 160, 160,  16,  16,  16,  16]], device='cuda:2')}})
1: 
1: batch size test is 2
1: 
0: batch size test is 2
0: 
0: batch size test is 2
0: 
0: batch size test is 2
0: 
0: batch size test is 2
0: 
1: batch size test is 2
1: 
1: batch size test is 2
1: 
1: batch size test is 2
1: 
