0: Warning: The cache directory for DeepSpeed Triton autotune, /home/bigyang/.triton/autotune, appears to be on an NFS system. While this is generally acceptable, if you experience slowdowns or hanging when DeepSpeed exits, it is recommended to set the TRITON_CACHE_DIR environment variable to a non-NFS path.
0: Warning: The cache directory for DeepSpeed Triton autotune, /home/bigyang/.triton/autotune, appears to be on an NFS system. While this is generally acceptable, if you experience slowdowns or hanging when DeepSpeed exits, it is recommended to set the TRITON_CACHE_DIR environment variable to a non-NFS path.
0: Warning: The cache directory for DeepSpeed Triton autotune, /home/bigyang/.triton/autotune, appears to be on an NFS system. While this is generally acceptable, if you experience slowdowns or hanging when DeepSpeed exits, it is recommended to set the TRITON_CACHE_DIR environment variable to a non-NFS path.
0: Warning: The cache directory for DeepSpeed Triton autotune, /home/bigyang/.triton/autotune, appears to be on an NFS system. While this is generally acceptable, if you experience slowdowns or hanging when DeepSpeed exits, it is recommended to set the TRITON_CACHE_DIR environment variable to a non-NFS path.
0: batch group size 2
0: batch group size 2
0: batch group size 2
0: batch group size 2
0: Before initializing optimizer states
0: MA 5.75 GB         Max_MA 9.21 GB         CA 10.38 GB         Max_CA 10 GB 
0: CPU Virtual Memory:  used = 19.53 GB, percent = 1.9%
0: After initializing optimizer states
0: MA 5.75 GB         Max_MA 6.91 GB         CA 11.53 GB         Max_CA 12 GB 
0: CPU Virtual Memory:  used = 19.53 GB, percent = 1.9%
0: After initializing ZeRO optimizer
0: MA 5.75 GB         Max_MA 5.75 GB         CA 11.53 GB         Max_CA 12 GB 
0: CPU Virtual Memory:  used = 19.53 GB, percent = 1.9%
0: microbatches defaultdict(<class 'dict'>, {0: {'input_ids': tensor([[ 1, 10, 10, 10,  1,  1,  1,  1],
0:         [ 1, 50, 50, 50,  5,  5,  5,  5]], device='cuda:0'), 'position_ids': tensor([[0, 1, 2, 3, 4, 5, 6, 7],
0:         [0, 1, 2, 3, 4, 5, 6, 7]], device='cuda:0'), 'labels': tensor([[ 1, 10, 10, 10,  1,  1,  1,  1],
0:         [ 1, 50, 50, 50,  5,  5,  5,  5]], device='cuda:0')}, 1: {'input_ids': tensor([[ 1, 20, 20, 20,  2,  2,  2,  2],
0:         [ 1, 60, 60, 60,  6,  6,  6,  6]], device='cuda:0'), 'position_ids': tensor([[0, 1, 2, 3, 4, 5, 6, 7],
0:         [0, 1, 2, 3, 4, 5, 6, 7]], device='cuda:0'), 'labels': tensor([[ 1, 20, 20, 20,  2,  2,  2,  2],
0:         [ 1, 60, 60, 60,  6,  6,  6,  6]], device='cuda:0')}, 2: {'input_ids': tensor([[ 1, 30, 30, 30,  3,  3,  3,  3],
0:         [ 1, 70, 70, 70,  7,  7,  7,  7]], device='cuda:0'), 'position_ids': tensor([[0, 1, 2, 3, 4, 5, 6, 7],
0:         [0, 1, 2, 3, 4, 5, 6, 7]], device='cuda:0'), 'labels': tensor([[ 1, 30, 30, 30,  3,  3,  3,  3],
0:         [ 1, 70, 70, 70,  7,  7,  7,  7]], device='cuda:0')}, 3: {'input_ids': tensor([[ 1, 40, 40, 40,  4,  4,  4,  4],
0:         [ 1, 80, 80, 80,  8,  8,  8,  8]], device='cuda:0'), 'position_ids': tensor([[0, 1, 2, 3, 4, 5, 6, 7],
0:         [0, 1, 2, 3, 4, 5, 6, 7]], device='cuda:0'), 'labels': tensor([[ 1, 40, 40, 40,  4,  4,  4,  4],
0:         [ 1, 80, 80, 80,  8,  8,  8,  8]], device='cuda:0')}})
0: 
0: microbatches defaultdict(<class 'dict'>, {0: {'input_ids': tensor([[ 1, 10, 10, 10,  1,  1,  1,  1],
0:         [ 1, 50, 50, 50,  5,  5,  5,  5]], device='cuda:1'), 'position_ids': tensor([[0, 1, 2, 3, 4, 5, 6, 7],
0:         [0, 1, 2, 3, 4, 5, 6, 7]], device='cuda:1'), 'labels': tensor([[ 1, 10, 10, 10,  1,  1,  1,  1],
0:         [ 1, 50, 50, 50,  5,  5,  5,  5]], device='cuda:1')}, 1: {'input_ids': tensor([[ 1, 20, 20, 20,  2,  2,  2,  2],
0:         [ 1, 60, 60, 60,  6,  6,  6,  6]], device='cuda:1'), 'position_ids': tensor([[0, 1, 2, 3, 4, 5, 6, 7],
0:         [0, 1, 2, 3, 4, 5, 6, 7]], device='cuda:1'), 'labels': tensor([[ 1, 20, 20, 20,  2,  2,  2,  2],
0:         [ 1, 60, 60, 60,  6,  6,  6,  6]], device='cuda:1')}, 2: {'input_ids': tensor([[ 1, 30, 30, 30,  3,  3,  3,  3],
0:         [ 1, 70, 70, 70,  7,  7,  7,  7]], device='cuda:1'), 'position_ids': tensor([[0, 1, 2, 3, 4, 5, 6, 7],
0:         [0, 1, 2, 3, 4, 5, 6, 7]], device='cuda:1'), 'labels': tensor([[ 1, 30, 30, 30,  3,  3,  3,  3],
0:         [ 1, 70, 70, 70,  7,  7,  7,  7]], device='cuda:1')}, 3: {'input_ids': tensor([[ 1, 40, 40, 40,  4,  4,  4,  4],
0:         [ 1, 80, 80, 80,  8,  8,  8,  8]], device='cuda:1'), 'position_ids': tensor([[0, 1, 2, 3, 4, 5, 6, 7],
0:         [0, 1, 2, 3, 4, 5, 6, 7]], device='cuda:1'), 'labels': tensor([[ 1, 40, 40, 40,  4,  4,  4,  4],
0:         [ 1, 80, 80, 80,  8,  8,  8,  8]], device='cuda:1')}})
0: 
0: microbatches defaultdict(<class 'dict'>, {0: {'input_ids': tensor([[ 1, 10, 10, 10,  1,  1,  1,  1],
0:         [ 1, 50, 50, 50,  5,  5,  5,  5]], device='cuda:2'), 'position_ids': tensor([[0, 1, 2, 3, 4, 5, 6, 7],
0:         [0, 1, 2, 3, 4, 5, 6, 7]], device='cuda:2'), 'labels': tensor([[ 1, 10, 10, 10,  1,  1,  1,  1],
0:         [ 1, 50, 50, 50,  5,  5,  5,  5]], device='cuda:2')}, 1: {'input_ids': tensor([[ 1, 20, 20, 20,  2,  2,  2,  2],
0:         [ 1, 60, 60, 60,  6,  6,  6,  6]], device='cuda:2'), 'position_ids': tensor([[0, 1, 2, 3, 4, 5, 6, 7],
0:         [0, 1, 2, 3, 4, 5, 6, 7]], device='cuda:2'), 'labels': tensor([[ 1, 20, 20, 20,  2,  2,  2,  2],
0:         [ 1, 60, 60, 60,  6,  6,  6,  6]], device='cuda:2')}, 2: {'input_ids': tensor([[ 1, 30, 30, 30,  3,  3,  3,  3],
0:         [ 1, 70, 70, 70,  7,  7,  7,  7]], device='cuda:2'), 'position_ids': tensor([[0, 1, 2, 3, 4, 5, 6, 7],
0:         [0, 1, 2, 3, 4, 5, 6, 7]], device='cuda:2'), 'labels': tensor([[ 1, 30, 30, 30,  3,  3,  3,  3],
0:         [ 1, 70, 70, 70,  7,  7,  7,  7]], device='cuda:2')}, 3: {'input_ids': tensor([[ 1, 40, 40, 40,  4,  4,  4,  4],
0:         [ 1, 80, 80, 80,  8,  8,  8,  8]], device='cuda:2'), 'position_ids': tensor([[0, 1, 2, 3, 4, 5, 6, 7],
0:         [0, 1, 2, 3, 4, 5, 6, 7]], device='cuda:2'), 'labels': tensor([[ 1, 40, 40, 40,  4,  4,  4,  4],
0:         [ 1, 80, 80, 80,  8,  8,  8,  8]], device='cuda:2')}})
0: 
0: microbatches defaultdict(<class 'dict'>, {0: {'input_ids': tensor([[ 1, 10, 10, 10,  1,  1,  1,  1],
0:         [ 1, 50, 50, 50,  5,  5,  5,  5]], device='cuda:3'), 'position_ids': tensor([[0, 1, 2, 3, 4, 5, 6, 7],
0:         [0, 1, 2, 3, 4, 5, 6, 7]], device='cuda:3'), 'labels': tensor([[ 1, 10, 10, 10,  1,  1,  1,  1],
0:         [ 1, 50, 50, 50,  5,  5,  5,  5]], device='cuda:3')}, 1: {'input_ids': tensor([[ 1, 20, 20, 20,  2,  2,  2,  2],
0:         [ 1, 60, 60, 60,  6,  6,  6,  6]], device='cuda:3'), 'position_ids': tensor([[0, 1, 2, 3, 4, 5, 6, 7],
0:         [0, 1, 2, 3, 4, 5, 6, 7]], device='cuda:3'), 'labels': tensor([[ 1, 20, 20, 20,  2,  2,  2,  2],
0:         [ 1, 60, 60, 60,  6,  6,  6,  6]], device='cuda:3')}, 2: {'input_ids': tensor([[ 1, 30, 30, 30,  3,  3,  3,  3],
0:         [ 1, 70, 70, 70,  7,  7,  7,  7]], device='cuda:3'), 'position_ids': tensor([[0, 1, 2, 3, 4, 5, 6, 7],
0:         [0, 1, 2, 3, 4, 5, 6, 7]], device='cuda:3'), 'labels': tensor([[ 1, 30, 30, 30,  3,  3,  3,  3],
0:         [ 1, 70, 70, 70,  7,  7,  7,  7]], device='cuda:3')}, 3: {'input_ids': tensor([[ 1, 40, 40, 40,  4,  4,  4,  4],
0:         [ 1, 80, 80, 80,  8,  8,  8,  8]], device='cuda:3'), 'position_ids': tensor([[0, 1, 2, 3, 4, 5, 6, 7],
0:         [0, 1, 2, 3, 4, 5, 6, 7]], device='cuda:3'), 'labels': tensor([[ 1, 40, 40, 40,  4,  4,  4,  4],
0:         [ 1, 80, 80, 80,  8,  8,  8,  8]], device='cuda:3')}})
0: 
0: in Iteration 0 Batch Rank : 2 and batch is {'input_ids': tensor([], device='cuda:2', size=(2, 0), dtype=torch.int64), 'position_ids': tensor([], device='cuda:2', size=(2, 0), dtype=torch.int64), 'shift_labels': tensor([], device='cuda:2', size=(2, 0), dtype=torch.int64)} 
0: 
0: in Iteration 0 Batch Rank : 3 and batch is {'input_ids': tensor([], device='cuda:3', size=(2, 0), dtype=torch.int64), 'position_ids': tensor([], device='cuda:3', size=(2, 0), dtype=torch.int64), 'shift_labels': tensor([], device='cuda:3', size=(2, 0), dtype=torch.int64)} 
0: 
0: in Iteration 0 Batch Rank : 0 and batch is {'input_ids': tensor([[ 1, 10, 10, 10],
0:         [ 1, 50, 50, 50]], device='cuda:0'), 'position_ids': tensor([[0, 1, 2, 3],
0:         [0, 1, 2, 3]], device='cuda:0'), 'shift_labels': tensor([[10, 10, 10,  1],
0:         [50, 50, 50,  5]], device='cuda:0')} 
0: 
0: in Iteration 0 Batch Rank : 1 and batch is {'input_ids': tensor([[1, 1, 1, 1],
0:         [5, 5, 5, 5]], device='cuda:1'), 'position_ids': tensor([[4, 5, 6, 7],
0:         [4, 5, 6, 7]], device='cuda:1'), 'shift_labels': tensor([[   1,    1,    1, -100],
0:         [   5,    5,    5, -100]], device='cuda:1')} 
0: 
