0: W0313 16:02:23.737000 542678 site-packages/torch/distributed/run.py:793] 
0: W0313 16:02:23.737000 542678 site-packages/torch/distributed/run.py:793] *****************************************
0: W0313 16:02:23.737000 542678 site-packages/torch/distributed/run.py:793] Setting OMP_NUM_THREADS environment variable for each process to be 1 in default, to avoid your system being overloaded, please further tune the variable for optimal performance in your application as needed. 
0: W0313 16:02:23.737000 542678 site-packages/torch/distributed/run.py:793] *****************************************
0: W0313 16:02:29.747000 542678 site-packages/torch/distributed/elastic/multiprocessing/api.py:897] Sending process 542816 closing signal SIGTERM
0: W0313 16:02:29.747000 542678 site-packages/torch/distributed/elastic/multiprocessing/api.py:897] Sending process 542817 closing signal SIGTERM
0: W0313 16:02:29.748000 542678 site-packages/torch/distributed/elastic/multiprocessing/api.py:897] Sending process 542819 closing signal SIGTERM
0: E0313 16:02:30.062000 542678 site-packages/torch/distributed/elastic/multiprocessing/api.py:869] failed (exitcode: -11) local_rank: 2 (pid: 542818) of binary: /home/bigyang/.local/share/mamba/envs/ds-hf/bin/python
0: Traceback (most recent call last):
0:   File "/home/bigyang/.local/share/mamba/envs/ds-hf/bin/torchrun", line 33, in <module>
0:     sys.exit(load_entry_point('torch==2.5.1', 'console_scripts', 'torchrun')())
0:              ^^^^^^^^^^^^^^^^^^^^^^^^^^^^^^^^^^^^^^^^^^^^^^^^^^^^^^^^^^^^^^^^^
0:   File "/home/bigyang/.local/share/mamba/envs/ds-hf/lib/python3.11/site-packages/torch/distributed/elastic/multiprocessing/errors/__init__.py", line 355, in wrapper
0:     return f(*args, **kwargs)
0:            ^^^^^^^^^^^^^^^^^^
0:   File "/home/bigyang/.local/share/mamba/envs/ds-hf/lib/python3.11/site-packages/torch/distributed/run.py", line 919, in main
0:     run(args)
0:   File "/home/bigyang/.local/share/mamba/envs/ds-hf/lib/python3.11/site-packages/torch/distributed/run.py", line 910, in run
0:     elastic_launch(
0:   File "/home/bigyang/.local/share/mamba/envs/ds-hf/lib/python3.11/site-packages/torch/distributed/launcher/api.py", line 138, in __call__
0:     return launch_agent(self._config, self._entrypoint, list(args))
0:            ^^^^^^^^^^^^^^^^^^^^^^^^^^^^^^^^^^^^^^^^^^^^^^^^^^^^^^^^
0:   File "/home/bigyang/.local/share/mamba/envs/ds-hf/lib/python3.11/site-packages/torch/distributed/launcher/api.py", line 269, in launch_agent
0:     raise ChildFailedError(
0: torch.distributed.elastic.multiprocessing.errors.ChildFailedError: 
0: ========================================================
0: train_toy_data.py FAILED
0: --------------------------------------------------------
0: Failures:
0:   <NO_OTHER_FAILURES>
0: --------------------------------------------------------
0: Root Cause (first observed failure):
0: [0]:
0:   time      : 2026-03-13_16:02:29
0:   host      : hades.olympus.clemson.edu
0:   rank      : 2 (local_rank: 2)
0:   exitcode  : -11 (pid: 542818)
0:   error_file: <N/A>
0:   traceback : Signal 11 (SIGSEGV) received by PID 542818
0: ========================================================
srun: error: hades: task 0: Exited with exit code 1
