0: W0323 12:19:15.511000 671785 site-packages/torch/distributed/run.py:793] 
0: W0323 12:19:15.511000 671785 site-packages/torch/distributed/run.py:793] *****************************************
0: W0323 12:19:15.511000 671785 site-packages/torch/distributed/run.py:793] Setting OMP_NUM_THREADS environment variable for each process to be 1 in default, to avoid your system being overloaded, please further tune the variable for optimal performance in your application as needed. 
0: W0323 12:19:15.511000 671785 site-packages/torch/distributed/run.py:793] *****************************************
1: W0323 12:19:15.529000 408946 site-packages/torch/distributed/run.py:793] 
1: W0323 12:19:15.529000 408946 site-packages/torch/distributed/run.py:793] *****************************************
1: W0323 12:19:15.529000 408946 site-packages/torch/distributed/run.py:793] Setting OMP_NUM_THREADS environment variable for each process to be 1 in default, to avoid your system being overloaded, please further tune the variable for optimal performance in your application as needed. 
1: W0323 12:19:15.529000 408946 site-packages/torch/distributed/run.py:793] *****************************************
1: Warning: The cache directory for DeepSpeed Triton autotune, /home/bigyang/.triton/autotune, appears to be on an NFS system. While this is generally acceptable, if you experience slowdowns or hanging when DeepSpeed exits, it is recommended to set the TRITON_CACHE_DIR environment variable to a non-NFS path.
1: Warning: The cache directory for DeepSpeed Triton autotune, /home/bigyang/.triton/autotune, appears to be on an NFS system. While this is generally acceptable, if you experience slowdowns or hanging when DeepSpeed exits, it is recommended to set the TRITON_CACHE_DIR environment variable to a non-NFS path.
1: Warning: The cache directory for DeepSpeed Triton autotune, /home/bigyang/.triton/autotune, appears to be on an NFS system. While this is generally acceptable, if you experience slowdowns or hanging when DeepSpeed exits, it is recommended to set the TRITON_CACHE_DIR environment variable to a non-NFS path.
0: Warning: The cache directory for DeepSpeed Triton autotune, /home/bigyang/.triton/autotune, appears to be on an NFS system. While this is generally acceptable, if you experience slowdowns or hanging when DeepSpeed exits, it is recommended to set the TRITON_CACHE_DIR environment variable to a non-NFS path.
0: Warning: The cache directory for DeepSpeed Triton autotune, /home/bigyang/.triton/autotune, appears to be on an NFS system. While this is generally acceptable, if you experience slowdowns or hanging when DeepSpeed exits, it is recommended to set the TRITON_CACHE_DIR environment variable to a non-NFS path.
0: Warning: The cache directory for DeepSpeed Triton autotune, /home/bigyang/.triton/autotune, appears to be on an NFS system. While this is generally acceptable, if you experience slowdowns or hanging when DeepSpeed exits, it is recommended to set the TRITON_CACHE_DIR environment variable to a non-NFS path.
1: Warning: The cache directory for DeepSpeed Triton autotune, /home/bigyang/.triton/autotune, appears to be on an NFS system. While this is generally acceptable, if you experience slowdowns or hanging when DeepSpeed exits, it is recommended to set the TRITON_CACHE_DIR environment variable to a non-NFS path.
0: Warning: The cache directory for DeepSpeed Triton autotune, /home/bigyang/.triton/autotune, appears to be on an NFS system. While this is generally acceptable, if you experience slowdowns or hanging when DeepSpeed exits, it is recommended to set the TRITON_CACHE_DIR environment variable to a non-NFS path.
1: Training with Sequence Length: 22000
1: Training with Sequence Length: 22000
1: Training with Sequence Length: 22000
1: Training with Sequence Length: 22000
0: Training with Sequence Length: 22000
0: Training with Sequence Length: 22000
0: Training with Sequence Length: 22000
0: Training with Sequence Length: 22000
0: batch size is in reqd query shape 1
0: 
0: batch size is in reqd query shape 1
0: 
0: batch size is in reqd query shape 1
0: 
1: batch size is in reqd query shape 1
1: 
1: batch size is in reqd query shape 1
1: 
1: batch size is in reqd query shape 1
1: 
0: batch size is in reqd query shape 1
0: 
1: batch size is in reqd query shape 1
1: 
1: gradient checkpointing enabled: True
0: gradient checkpointing enabled: True
0: gradient checkpointing enabled: True
0: gradient checkpointing enabled: True
0: gradient checkpointing enabled: True
1: gradient checkpointing enabled: True
1: gradient checkpointing enabled: True
1: gradient checkpointing enabled: True
0: /home/bigyang/.local/share/mamba/envs/ds-hf/lib/python3.11/site-packages/torch/utils/cpp_extension.py:1964: UserWarning: TORCH_CUDA_ARCH_LIST is not set, all archs for visible cards are included for compilation. 
0: If this is not desired, please set os.environ['TORCH_CUDA_ARCH_LIST'].
0:   warnings.warn(
0: Before initializing optimizer states
0: MA 2.88 GB         Max_MA 4.61 GB         CA 5.18 GB         Max_CA 5 GB 
0: CPU Virtual Memory:  used = 21.6 GB, percent = 2.1%
0: After initializing optimizer states
0: MA 2.88 GB         Max_MA 3.46 GB         CA 5.76 GB         Max_CA 6 GB 
0: CPU Virtual Memory:  used = 21.6 GB, percent = 2.1%
0: After initializing ZeRO optimizer
0: MA 2.88 GB         Max_MA 2.88 GB         CA 5.76 GB         Max_CA 6 GB 
0: CPU Virtual Memory:  used = 21.61 GB, percent = 2.1%
0: [Rank 3] Loading wikitext dataset...
0: [Rank 1] Loading wikitext dataset...
0: [Rank 2] Loading wikitext dataset...
0: [Rank 0] Loading wikitext dataset...
1: [Rank 5] Loading wikitext dataset...[Rank 6] Loading wikitext dataset...
1: 
1: [Rank 7] Loading wikitext dataset...
1: [Rank 4] Loading wikitext dataset...
0: Using the latest cached version of the dataset since wikitext couldn't be found on the Hugging Face Hub (offline mode is enabled).
0: Found the latest cached dataset configuration 'wikitext-103-raw-v1' at /home/bigyang/.cache/huggingface/datasets/wikitext/wikitext-103-raw-v1/0.0.0/b08601e04326c79dfdd32d625aee71d232d685c3 (last modified on Mon Mar 23 12:18:53 2026).
0: Using the latest cached version of the dataset since wikitext couldn't be found on the Hugging Face Hub (offline mode is enabled).
0: Found the latest cached dataset configuration 'wikitext-103-raw-v1' at /home/bigyang/.cache/huggingface/datasets/wikitext/wikitext-103-raw-v1/0.0.0/b08601e04326c79dfdd32d625aee71d232d685c3 (last modified on Mon Mar 23 12:18:53 2026).
1: Using the latest cached version of the dataset since wikitext couldn't be found on the Hugging Face Hub (offline mode is enabled).
1: Found the latest cached dataset configuration 'wikitext-103-raw-v1' at /home/bigyang/.cache/huggingface/datasets/wikitext/wikitext-103-raw-v1/0.0.0/b08601e04326c79dfdd32d625aee71d232d685c3 (last modified on Mon Mar 23 12:18:53 2026).
1: Using the latest cached version of the dataset since wikitext couldn't be found on the Hugging Face Hub (offline mode is enabled).
1: Found the latest cached dataset configuration 'wikitext-103-raw-v1' at /home/bigyang/.cache/huggingface/datasets/wikitext/wikitext-103-raw-v1/0.0.0/b08601e04326c79dfdd32d625aee71d232d685c3 (last modified on Mon Mar 23 12:18:53 2026).
0: Using the latest cached version of the dataset since wikitext couldn't be found on the Hugging Face Hub (offline mode is enabled).
1: Using the latest cached version of the dataset since wikitext couldn't be found on the Hugging Face Hub (offline mode is enabled).
0: Found the latest cached dataset configuration 'wikitext-103-raw-v1' at /home/bigyang/.cache/huggingface/datasets/wikitext/wikitext-103-raw-v1/0.0.0/b08601e04326c79dfdd32d625aee71d232d685c3 (last modified on Mon Mar 23 12:18:53 2026).
1: Found the latest cached dataset configuration 'wikitext-103-raw-v1' at /home/bigyang/.cache/huggingface/datasets/wikitext/wikitext-103-raw-v1/0.0.0/b08601e04326c79dfdd32d625aee71d232d685c3 (last modified on Mon Mar 23 12:18:53 2026).
1: Using the latest cached version of the dataset since wikitext couldn't be found on the Hugging Face Hub (offline mode is enabled).
1: Found the latest cached dataset configuration 'wikitext-103-raw-v1' at /home/bigyang/.cache/huggingface/datasets/wikitext/wikitext-103-raw-v1/0.0.0/b08601e04326c79dfdd32d625aee71d232d685c3 (last modified on Mon Mar 23 12:18:53 2026).
0: Using the latest cached version of the dataset since wikitext couldn't be found on the Hugging Face Hub (offline mode is enabled).
0: Found the latest cached dataset configuration 'wikitext-103-raw-v1' at /home/bigyang/.cache/huggingface/datasets/wikitext/wikitext-103-raw-v1/0.0.0/b08601e04326c79dfdd32d625aee71d232d685c3 (last modified on Mon Mar 23 12:18:53 2026).
0: [Rank 1] Packed dataset: 244 chunks of 22000 tokens
0: [Rank 3] Packed dataset: 244 chunks of 22000 tokens
0: [Rank 2] Packed dataset: 244 chunks of 22000 tokens
1: [Rank 5] Packed dataset: 244 chunks of 22000 tokens
1: [Rank 6] Packed dataset: 244 chunks of 22000 tokens
1: [Rank 4] Packed dataset: 244 chunks of 22000 tokens
0: [Rank 0] Packed dataset: 244 chunks of 22000 tokens
1: [Rank 7] Packed dataset: 244 chunks of 22000 tokens
0: Iteration 0: loss=4.0670
0: Step_time: 2.1271309852600098
0: 
0: Iteration 1: loss=13.1549
0: Step_time: 1.8256936073303223
0: 
0: Iteration 2: loss=22.1228
0: Step_time: 2.1308951377868652
0: 
0: Iteration 3: loss=11.0525
0: Step_time: 1.88614821434021
0: 
0: Iteration 4: loss=25.5053
0: Step_time: 1.8701958656311035
0: 
0: Iteration 5: loss=10.8235
0: Step_time: 1.901104211807251
0: 
0: Iteration 6: loss=11.6019
0: Step_time: 1.8015167713165283
0: 
0: Iteration 7: loss=10.9254
0: Step_time: 1.879796028137207
0: 
0: Iteration 8: loss=10.3568
0: Step_time: 1.8565189838409424
0: 
0: Iteration 9: loss=10.5471
0: Step_time: 1.886941909790039
0: 
0: Iteration 10: loss=10.6841
0: Step_time: 1.8398795127868652
0: 
0: Iteration 11: loss=10.5899
0: Step_time: 1.857114315032959
0: 
0: Iteration 12: loss=10.2385
0: Step_time: 1.8518621921539307
0: 
0: Iteration 13: loss=9.8084
0: Step_time: 1.8219516277313232
0: 
0: Iteration 14: loss=9.5085
0: Step_time: 1.8383994102478027
0: 
0: Iteration 15: loss=9.3656
0: Step_time: 1.8682377338409424
0: 
0: Iteration 16: loss=9.5885
0: Step_time: 1.8781657218933105
0: 
0: Iteration 17: loss=9.5799
0: Step_time: 1.8327488899230957
0: 
0: Iteration 18: loss=9.2470
0: Step_time: 1.884432077407837
0: 
0: Iteration 19: loss=9.1670
0: Step_time: 1.8571224212646484
0: 
0: Iteration 20: loss=9.1468
0: Step_time: 1.8443629741668701
0: 
0: Iteration 21: loss=9.1067
0: Step_time: 1.8379645347595215
0: 
0: Iteration 22: loss=9.2772
0: Step_time: 1.850517749786377
0: 
0: Iteration 23: loss=8.8775
0: Step_time: 1.8746671676635742
0: 
0: Iteration 24: loss=8.9759
0: Step_time: 1.7931785583496094
0: 
0: Iteration 25: loss=9.1892
0: Step_time: 1.8351681232452393
0: 
0: Iteration 26: loss=9.0009
0: Step_time: 1.8447141647338867
0: 
0: Iteration 27: loss=8.9289
0: Step_time: 1.8531856536865234
0: 
0: Iteration 28: loss=8.6043
0: Step_time: 1.8692638874053955
0: 
0: Iteration 29: loss=8.8057
0: Step_time: 1.8620092868804932
0: 
0: Iteration 30: loss=8.8269
0: Step_time: 1.8589043617248535
0: 
0: Iteration 31: loss=8.6688
0: Step_time: 1.8077363967895508
0: 
0: Iteration 32: loss=8.5859
0: Step_time: 1.892986536026001
0: 
0: Iteration 33: loss=8.6174
0: Step_time: 1.8367300033569336
0: 
0: Iteration 34: loss=8.4883
0: Step_time: 1.8262908458709717
0: 
0: Iteration 35: loss=8.4803
0: Step_time: 1.8743324279785156
0: 
0: Iteration 36: loss=8.4186
0: Step_time: 1.8426342010498047
0: 
0: Iteration 37: loss=8.3740
0: Step_time: 1.8509106636047363
0: 
0: Iteration 38: loss=8.7018
0: Step_time: 1.8698687553405762
0: 
0: Iteration 39: loss=8.5115
0: Step_time: 1.857421636581421
0: 
0: Iteration 40: loss=8.3563
0: Step_time: 1.8531761169433594
0: 
0: Iteration 41: loss=8.2551
0: Step_time: 1.834031105041504
0: 
0: Iteration 42: loss=8.3067
0: Step_time: 1.8140645027160645
0: 
0: Iteration 43: loss=8.4313
0: Step_time: 1.8975563049316406
0: 
0: Iteration 44: loss=8.2467
0: Step_time: 1.839449405670166
0: 
0: Iteration 45: loss=8.4493
0: Step_time: 1.865767478942871
0: 
0: Iteration 46: loss=8.3858
0: Step_time: 1.8408453464508057
0: 
0: Iteration 47: loss=8.1039
0: Step_time: 1.8753857612609863
0: 
0: Iteration 48: loss=7.9582
0: Step_time: 1.8589444160461426
0: 
0: Iteration 49: loss=8.3966
0: Step_time: 1.8482739925384521
0: 
0: Iteration 50: loss=8.1774
0: Step_time: 1.844682216644287
0: 
0: Iteration 51: loss=8.4806
0: Step_time: 1.8497834205627441
0: 
0: Iteration 52: loss=8.2832
0: Step_time: 1.8621582984924316
0: 
0: Iteration 53: loss=8.2012
0: Step_time: 1.8529391288757324
0: 
0: Iteration 54: loss=8.5002
0: Step_time: 1.8533813953399658
0: 
0: Iteration 55: loss=8.3438
0: Step_time: 1.861304759979248
0: 
0: Iteration 56: loss=8.4274
0: Step_time: 1.8590407371520996
0: 
0: Iteration 57: loss=8.3941
0: Step_time: 1.8597958087921143
0: 
0: Iteration 58: loss=8.3901
0: Step_time: 1.8367857933044434
0: 
0: Iteration 59: loss=8.2494
0: Step_time: 1.8478448390960693
0: 
0: Iteration 60: loss=8.3131
0: Step_time: 1.8967828750610352
0: 
0: Iteration 61: loss=8.2115
0: Step_time: 1.8526694774627686
0: 
0: Iteration 62: loss=8.2308
0: Step_time: 1.8592464923858643
0: 
0: Iteration 63: loss=8.0412
0: Step_time: 1.8654937744140625
0: 
0: Iteration 64: loss=8.1827
0: Step_time: 1.863502025604248
0: 
0: Iteration 65: loss=8.3396
0: Step_time: 1.8425440788269043
0: 
0: Iteration 66: loss=8.1728
0: Step_time: 1.820589303970337
0: 
0: Iteration 67: loss=8.2789
0: Step_time: 1.82021164894104
0: 
0: Iteration 68: loss=8.1460
0: Step_time: 1.871016025543213
0: 
0: Iteration 69: loss=8.2082
0: Step_time: 1.8972716331481934
0: 
0: Iteration 70: loss=8.3003
0: Step_time: 1.8614230155944824
0: 
0: Iteration 71: loss=8.2944
0: Step_time: 1.8560864925384521
0: 
0: Iteration 72: loss=8.1779
0: Step_time: 1.868299961090088
0: 
0: Iteration 73: loss=8.2342
0: Step_time: 1.8862614631652832
0: 
0: Iteration 74: loss=8.2433
0: Step_time: 1.8341033458709717
0: 
0: Iteration 75: loss=8.2463
0: Step_time: 1.8535311222076416
0: 
0: Iteration 76: loss=8.1019
0: Step_time: 1.842768907546997
0: 
0: Iteration 77: loss=8.1957
0: Step_time: 1.8331611156463623
0: 
0: Iteration 78: loss=7.8873
0: Step_time: 1.862351655960083
0: 
0: Iteration 79: loss=8.0467
srun: Job step aborted: Waiting up to 32 seconds for job step to finish.
1: W0323 12:22:09.130000 408946 site-packages/torch/distributed/elastic/agent/server/api.py:704] Received 15 death signal, shutting down workers
1: W0323 12:22:09.131000 408946 site-packages/torch/distributed/elastic/multiprocessing/api.py:897] Sending process 409083 closing signal SIGTERM
0: slurmstepd-hades: error: *** STEP 1215.0 ON hades CANCELLED AT 2026-03-23T12:22:09 ***
