Warning: The cache directory for DeepSpeed Triton autotune, /home/bigyang/.triton/autotune, appears to be on an NFS system. While this is generally acceptable, if you experience slowdowns or hanging when DeepSpeed exits, it is recommended to set the TRITON_CACHE_DIR environment variable to a non-NFS path.
[2026-01-19 15:13:19,906] [WARNING] [runner.py:232:fetch_hostfile] Unable to find hostfile, will proceed with training with local resources only.
Detected VISIBLE_DEVICES=0,1 but ignoring it because one or several of --include/--exclude/--num_gpus/--num_nodes cl args were used. If you want to use CUDA_VISIBLE_DEVICES don't pass any of these arguments to deepspeed.
[2026-01-19 15:13:19,906] [INFO] [runner.py:630:main] cmd = /home/bigyang/micromamba/envs/ds-hf/bin/python -u -m deepspeed.launcher.launch --world_info=eyJsb2NhbGhvc3QiOiBbMCwgMV19 --master_addr=127.0.0.1 --master_port=29600 --enable_each_rank_log=None --log_level=info train_gpt.py --deepspeed_config configs/bf16_full.json --num_layers 12 --hidden_dim 1024 --batch_size 2 --seq_length 512 --num_steps 10 --warmup_steps 5
Warning: The cache directory for DeepSpeed Triton autotune, /home/bigyang/.triton/autotune, appears to be on an NFS system. While this is generally acceptable, if you experience slowdowns or hanging when DeepSpeed exits, it is recommended to set the TRITON_CACHE_DIR environment variable to a non-NFS path.
[2026-01-19 15:13:25,009] [INFO] [launch.py:162:main] WORLD INFO DICT: {'localhost': [0, 1]}
[2026-01-19 15:13:25,009] [INFO] [launch.py:168:main] nnodes=1, num_local_procs=2, node_rank=0
[2026-01-19 15:13:25,009] [INFO] [launch.py:179:main] global_rank_mapping=defaultdict(<class 'list'>, {'localhost': [0, 1]})
[2026-01-19 15:13:25,009] [INFO] [launch.py:180:main] dist_world_size=2
[2026-01-19 15:13:25,009] [INFO] [launch.py:184:main] Setting CUDA_VISIBLE_DEVICES=0,1
[2026-01-19 15:13:25,010] [INFO] [launch.py:272:main] process 1790577 spawned with command: ['/home/bigyang/micromamba/envs/ds-hf/bin/python', '-u', 'train_gpt.py', '--local_rank=0', '--deepspeed_config', 'configs/bf16_full.json', '--num_layers', '12', '--hidden_dim', '1024', '--batch_size', '2', '--seq_length', '512', '--num_steps', '10', '--warmup_steps', '5']
[2026-01-19 15:13:25,011] [INFO] [launch.py:272:main] process 1790578 spawned with command: ['/home/bigyang/micromamba/envs/ds-hf/bin/python', '-u', 'train_gpt.py', '--local_rank=1', '--deepspeed_config', 'configs/bf16_full.json', '--num_layers', '12', '--hidden_dim', '1024', '--batch_size', '2', '--seq_length', '512', '--num_steps', '10', '--warmup_steps', '5']
Warning: The cache directory for DeepSpeed Triton autotune, /home/bigyang/.triton/autotune, appears to be on an NFS system. While this is generally acceptable, if you experience slowdowns or hanging when DeepSpeed exits, it is recommended to set the TRITON_CACHE_DIR environment variable to a non-NFS path.
Warning: The cache directory for DeepSpeed Triton autotune, /home/bigyang/.triton/autotune, appears to be on an NFS system. While this is generally acceptable, if you experience slowdowns or hanging when DeepSpeed exits, it is recommended to set the TRITON_CACHE_DIR environment variable to a non-NFS path.
[Rank 1] Creating model with hidden_dim=1024, num_layers=12, num_heads=16, vocab_size=50000
[Rank 0] Creating model with hidden_dim=1024, num_layers=12, num_heads=16, vocab_size=50000
[Rank 1] Model parameters: 124,242,432 total, 124,242,432 trainable
[Rank 0] Model parameters: 124,242,432 total, 124,242,432 trainable
/home/bigyang/micromamba/envs/ds-hf/lib/python3.11/site-packages/torch/utils/cpp_extension.py:1964: UserWarning: TORCH_CUDA_ARCH_LIST is not set, all archs for visible cards are included for compilation. 
If this is not desired, please set os.environ['TORCH_CUDA_ARCH_LIST'].
  warnings.warn(
Stage 3 initialize beginning
MA 0.25 GB         Max_MA 0.25 GB         CA 0.26 GB         Max_CA 0 GB 
CPU Virtual Memory:  used = 26.79 GB, percent = 2.7%
DeepSpeedZeRoOffload initialize [begin]
MA 0.25 GB         Max_MA 0.39 GB         CA 0.41 GB         Max_CA 0 GB 
CPU Virtual Memory:  used = 26.83 GB, percent = 2.7%
Parameter Offload - Persistent parameters statistics: param_count = 0, numel = 0
DeepSpeedZeRoOffload initialize [end]
MA 0.13 GB         Max_MA 0.29 GB         CA 0.41 GB         Max_CA 0 GB 
CPU Virtual Memory:  used = 26.84 GB, percent = 2.7%
Before creating fp16 partitions
MA 0.13 GB         Max_MA 0.13 GB         CA 0.41 GB         Max_CA 0 GB 
CPU Virtual Memory:  used = 26.84 GB, percent = 2.7%
After creating fp16 partitions: 1
MA 0.13 GB         Max_MA 0.13 GB         CA 0.13 GB         Max_CA 0 GB 
CPU Virtual Memory:  used = 26.84 GB, percent = 2.7%
Before creating fp32 partitions
MA 0.13 GB         Max_MA 0.13 GB         CA 0.13 GB         Max_CA 0 GB 
CPU Virtual Memory:  used = 26.84 GB, percent = 2.7%
After creating fp32 partitions
MA 0.24 GB         Max_MA 0.24 GB         CA 0.25 GB         Max_CA 0 GB 
CPU Virtual Memory:  used = 26.84 GB, percent = 2.7%
Before initializing optimizer states
MA 0.24 GB         Max_MA 0.24 GB         CA 0.25 GB         Max_CA 0 GB 
CPU Virtual Memory:  used = 26.84 GB, percent = 2.7%
[Rank 0] time (ms) | init_optimizer_state: 0.03
After initializing optimizer states
MA 0.24 GB         Max_MA 0.36 GB         CA 0.37 GB         Max_CA 0 GB 
CPU Virtual Memory:  used = 26.84 GB, percent = 2.7%
[Rank 1] DeepSpeed initialized with config: configs/bf16_full.json
[Rank 1] Memory after init: allocated=0.45 GB, reserved=0.63 GB
After initializing ZeRO optimizer
MA 0.45 GB         Max_MA 0.6 GB         CA 0.63 GB         Max_CA 1 GB 
CPU Virtual Memory:  used = 26.84 GB, percent = 2.7%
[Rank 0] DeepSpeed initialized with config: configs/bf16_full.json
[Rank 0] Memory after init: allocated=0.45 GB, reserved=0.63 GB
`loss_type=None` was set in the config but it is unrecognized. Using the default loss: `ForCausalLMLoss`.
`loss_type=None` was set in the config but it is unrecognized. Using the default loss: `ForCausalLMLoss`.
[Rank 0] time (ms) | optimizer_step: 2.10
[Rank 0] time (ms) | fwd_microstep: 173.77 | bwd_microstep: 75.92 | bwd_inner_microstep: 75.22 | bwd_allreduce_microstep: 0.58 | step_microstep: 32.35
[Rank 0] time (ms) | fwd: 173.77 | bwd: 75.91 | bwd_inner: 75.24 | bwd_allreduce: 0.58 | step: 32.36
[Rank 0] Step 0: loss=10.9627, time=0.286s, alloc_mem=0.88 GB, peak_mem=2.03 GB
[Rank 1] Step 0: loss=10.9627, time=0.356s, alloc_mem=0.88 GB, peak_mem=2.03 GB
[Rank 0] time (ms) | optimizer_step: 1.72
[Rank 0] time (ms) | fwd_microstep: 160.41 | bwd_microstep: 86.04 | bwd_inner_microstep: 81.38 | bwd_allreduce_microstep: 4.58 | step_microstep: 5.56
[Rank 0] time (ms) | fwd: 160.40 | bwd: 86.04 | bwd_inner: 81.39 | bwd_allreduce: 4.57 | step: 5.56
[Rank 0] time (ms) | optimizer_step: 1.71
[Rank 0] time (ms) | fwd_microstep: 31.50 | bwd_microstep: 38.57 | bwd_inner_microstep: 37.98 | bwd_allreduce_microstep: 0.51 | step_microstep: 5.48
[Rank 0] time (ms) | fwd: 31.49 | bwd: 38.56 | bwd_inner: 37.99 | bwd_allreduce: 0.51 | step: 5.48
[Rank 0] time (ms) | optimizer_step: 1.71
[Rank 0] time (ms) | fwd_microstep: 31.14 | bwd_microstep: 38.38 | bwd_inner_microstep: 37.81 | bwd_allreduce_microstep: 0.49 | step_microstep: 5.52
[Rank 0] time (ms) | fwd: 31.13 | bwd: 38.38 | bwd_inner: 37.82 | bwd_allreduce: 0.50 | step: 5.52
[Rank 0] time (ms) | optimizer_step: 1.71
[Rank 0] time (ms) | fwd_microstep: 31.02 | bwd_microstep: 38.28 | bwd_inner_microstep: 37.70 | bwd_allreduce_microstep: 0.50 | step_microstep: 5.49
[Rank 0] time (ms) | fwd: 31.02 | bwd: 38.27 | bwd_inner: 37.71 | bwd_allreduce: 0.51 | step: 5.49
[Rank 0] time (ms) | optimizer_step: 1.71
[Rank 0] time (ms) | fwd_microstep: 31.02 | bwd_microstep: 38.64 | bwd_inner_microstep: 38.04 | bwd_allreduce_microstep: 0.50 | step_microstep: 5.53
[Rank 0] time (ms) | fwd: 31.01 | bwd: 38.63 | bwd_inner: 38.07 | bwd_allreduce: 0.50 | step: 5.53
[Rank 1] Step 5: loss=10.9792, time=0.076s, alloc_mem=0.88 GB, peak_mem=2.45 GB
[Rank 0] Step 5: loss=10.9792, time=0.076s, alloc_mem=0.88 GB, peak_mem=2.45 GB
[Rank 0] time (ms) | optimizer_step: 1.71
[Rank 0] time (ms) | fwd_microstep: 31.10 | bwd_microstep: 38.30 | bwd_inner_microstep: 37.72 | bwd_allreduce_microstep: 0.50 | step_microstep: 5.54
[Rank 0] time (ms) | fwd: 31.09 | bwd: 38.30 | bwd_inner: 37.73 | bwd_allreduce: 0.51 | step: 5.55
[Rank 0] time (ms) | optimizer_step: 1.72
[Rank 0] time (ms) | fwd_microstep: 31.14 | bwd_microstep: 38.46 | bwd_inner_microstep: 37.88 | bwd_allreduce_microstep: 0.51 | step_microstep: 5.52
[Rank 0] time (ms) | fwd: 31.14 | bwd: 38.46 | bwd_inner: 37.89 | bwd_allreduce: 0.51 | step: 5.52
[Rank 0] time (ms) | optimizer_step: 1.70
[Rank 0] time (ms) | fwd_microstep: 30.98 | bwd_microstep: 38.49 | bwd_inner_microstep: 37.90 | bwd_allreduce_microstep: 0.51 | step_microstep: 5.48
[Rank 0] time (ms) | fwd: 30.98 | bwd: 38.48 | bwd_inner: 37.91 | bwd_allreduce: 0.51 | step: 5.49
[Rank 0] time (ms) | optimizer_step: 1.69
[Rank 0] time (ms) | fwd_microstep: 31.00 | bwd_microstep: 38.30 | bwd_inner_microstep: 37.69 | bwd_allreduce_microstep: 0.53 | step_microstep: 5.48
[Rank 0] time (ms) | fwd: 31.00 | bwd: 38.29 | bwd_inner: 37.70 | bwd_allreduce: 0.53 | step: 5.48
[Rank 1] Step 9: loss=10.9745, time=0.076s, alloc_mem=0.88 GB, peak_mem=2.45 GB
[Rank 0] Step 9: loss=10.9745, time=0.076s, alloc_mem=0.88 GB, peak_mem=2.45 GB

============================================================
[Rank 1] FINAL RESULTS
  Config: configs/bf16_full.json
  Model: hidden_dim=1024, num_layers=12
  Parameters: 124,242,432
  Batch size: 2, Seq length: 512
  Average step time: 0.076s
  Peak memory: 2.45 GB
  Final allocated memory: 0.88 GB
============================================================
SUMMARY: config=configs/bf16_full.json batch_size=2 params=124242432 peak_mem_bytes=2631841792 alloc_mem_bytes=942658560 avg_step_time=0.0760

============================================================
[Rank 0] FINAL RESULTS
  Config: configs/bf16_full.json
  Model: hidden_dim=1024, num_layers=12
  Parameters: 124,242,432
  Batch size: 2, Seq length: 512
  Average step time: 0.076s
  Peak memory: 2.45 GB
  Final allocated memory: 0.88 GB
============================================================
SUMMARY: config=configs/bf16_full.json batch_size=2 params=124242432 peak_mem_bytes=2631841792 alloc_mem_bytes=942658560 avg_step_time=0.0760
[rank0]:[W119 15:13:37.230715806 ProcessGroupNCCL.cpp:1250] Warning: WARNING: process group has NOT been destroyed before we destruct ProcessGroupNCCL. On normal program exit, the application should call destroy_process_group to ensure that any pending NCCL operations have finished in this process. In rare cases this process can exit before this point and block the progress of another member of the process group. This constraint has always been present,  but this warning has only been added since PyTorch 2.4 (function operator())
[2026-01-19 15:13:39,012] [INFO] [launch.py:367:main] Process 1790578 exits successfully.
[2026-01-19 15:13:39,012] [INFO] [launch.py:367:main] Process 1790577 exits successfully.
