2: Warning: The cache directory for DeepSpeed Triton autotune, /home/bigyang/.triton/autotune, appears to be on an NFS system. While this is generally acceptable, if you experience slowdowns or hanging when DeepSpeed exits, it is recommended to set the TRITON_CACHE_DIR environment variable to a non-NFS path.
0: Warning: The cache directory for DeepSpeed Triton autotune, /home/bigyang/.triton/autotune, appears to be on an NFS system. While this is generally acceptable, if you experience slowdowns or hanging when DeepSpeed exits, it is recommended to set the TRITON_CACHE_DIR environment variable to a non-NFS path.
1: Warning: The cache directory for DeepSpeed Triton autotune, /home/bigyang/.triton/autotune, appears to be on an NFS system. While this is generally acceptable, if you experience slowdowns or hanging when DeepSpeed exits, it is recommended to set the TRITON_CACHE_DIR environment variable to a non-NFS path.
3: Warning: The cache directory for DeepSpeed Triton autotune, /home/bigyang/.triton/autotune, appears to be on an NFS system. While this is generally acceptable, if you experience slowdowns or hanging when DeepSpeed exits, it is recommended to set the TRITON_CACHE_DIR environment variable to a non-NFS path.
1: [Rank 1] Loading wikitext dataset...
0: [Rank 0] Loading wikitext dataset...
3: [Rank 3] Loading wikitext dataset...
2: [Rank 2] Loading wikitext dataset...
3: Warning: You are sending unauthenticated requests to the HF Hub. Please set a HF_TOKEN to enable higher rate limits and faster downloads.
2: Warning: You are sending unauthenticated requests to the HF Hub. Please set a HF_TOKEN to enable higher rate limits and faster downloads.
3: [Rank 3] Dataset loaded: 39531 examples, vocab_size=50257
3: [Rank 3] Creating model with hidden_dim=2048, num_layers=32, num_heads=16, vocab_size=50257
1: [Rank 1] Dataset loaded: 39531 examples, vocab_size=50257
2: [Rank 2] Dataset loaded: 39531 examples, vocab_size=50257
1: [Rank 1] Creating model with hidden_dim=2048, num_layers=32, num_heads=16, vocab_size=50257
2: [Rank 2] Creating model with hidden_dim=2048, num_layers=32, num_heads=16, vocab_size=50257
0: [Rank 0] Dataset loaded: 39531 examples, vocab_size=50257
0: [Rank 0] Creating model with hidden_dim=2048, num_layers=32, num_heads=16, vocab_size=50257
0: [Rank 0] Model parameters: 1,818,416,209 total, 1,818,416,209 trainable
0: [Rank 0] Activation checkpointing enabled
1: [Rank 1] Model parameters: 1,818,416,209 total, 1,818,416,209 trainable
1: [Rank 1] Activation checkpointing enabled
2: [Rank 2] Model parameters: 1,818,416,209 total, 1,818,416,209 trainable
2: [Rank 2] Activation checkpointing enabled
3: [Rank 3] Model parameters: 1,818,416,209 total, 1,818,416,209 trainable
3: [Rank 3] Activation checkpointing enabled
2: /home/bigyang/micromamba/envs/ds-hf/lib/python3.11/site-packages/torch/utils/cpp_extension.py:1964: UserWarning: TORCH_CUDA_ARCH_LIST is not set, all archs for visible cards are included for compilation. 
2: If this is not desired, please set os.environ['TORCH_CUDA_ARCH_LIST'].
2:   warnings.warn(
0: Stage 3 initialize beginning
0: MA 3.39 GB         Max_MA 3.39 GB         CA 3.45 GB         Max_CA 3 GB 
0: CPU Virtual Memory:  used = 30.36 GB, percent = 12.1%
0: DeepSpeedZeRoOffload initialize [begin]
0: MA 3.39 GB         Max_MA 3.77 GB         CA 3.84 GB         Max_CA 4 GB 
0: CPU Virtual Memory:  used = 29.78 GB, percent = 11.9%
0: Parameter Offload - Persistent parameters statistics: param_count = 0, numel = 0
0: DeepSpeedZeRoOffload initialize [end]
0: MA 0.85 GB         Max_MA 3.43 GB         CA 3.84 GB         Max_CA 4 GB 
0: CPU Virtual Memory:  used = 30.03 GB, percent = 12.0%
0: Before creating fp16 partitions
0: MA 0.85 GB         Max_MA 0.85 GB         CA 3.84 GB         Max_CA 4 GB 
0: CPU Virtual Memory:  used = 30.2 GB, percent = 12.0%
0: After creating fp16 partitions: 1
0: MA 0.85 GB         Max_MA 0.85 GB         CA 0.85 GB         Max_CA 4 GB 
0: CPU Virtual Memory:  used = 30.81 GB, percent = 12.3%
0: Before creating fp32 partitions
0: MA 0.85 GB         Max_MA 0.85 GB         CA 0.85 GB         Max_CA 1 GB 
0: CPU Virtual Memory:  used = 30.92 GB, percent = 12.3%
0: After creating fp32 partitions
0: MA 2.54 GB         Max_MA 4.23 GB         CA 4.24 GB         Max_CA 4 GB 
0: CPU Virtual Memory:  used = 31.02 GB, percent = 12.4%
0: Before initializing optimizer states
0: MA 2.54 GB         Max_MA 2.54 GB         CA 4.24 GB         Max_CA 4 GB 
0: CPU Virtual Memory:  used = 31.13 GB, percent = 12.4%
0: After initializing optimizer states
0: MA 2.54 GB         Max_MA 4.23 GB         CA 4.24 GB         Max_CA 4 GB 
0: CPU Virtual Memory:  used = 31.24 GB, percent = 12.5%
1: [Rank 1] DeepSpeed initialized with config: configs/baseline.json
2: [Rank 2] DeepSpeed initialized with config: configs/baseline.json
3: [Rank 3] DeepSpeed initialized with config: configs/baseline.json
1: [Rank 1] Memory after init: allocated=4.32 GB, reserved=5.09 GB
2: [Rank 2] Memory after init: allocated=4.32 GB, reserved=5.09 GB
3: [Rank 3] Memory after init: allocated=4.32 GB, reserved=5.09 GB
0: After initializing ZeRO optimizer
0: MA 4.32 GB         Max_MA 4.7 GB         CA 5.09 GB         Max_CA 5 GB 
0: CPU Virtual Memory:  used = 31.48 GB, percent = 12.6%
0: [Rank 0] DeepSpeed initialized with config: configs/baseline.json
0: [Rank 0] Memory after init: allocated=4.32 GB, reserved=5.09 GB
0: [Rank 0] Step 0: loss=11.9375, time=1.761s, alloc_mem=8.11 GB, peak_mem=9.80 GB
2: [Rank 2] Step 0: loss=11.8750, time=1.867s, alloc_mem=8.11 GB, peak_mem=9.80 GB
1: [Rank 1] Step 0: loss=11.8750, time=1.867s, alloc_mem=8.11 GB, peak_mem=9.80 GB
3: [Rank 3] Step 0: loss=11.6875, time=1.930s, alloc_mem=8.11 GB, peak_mem=9.80 GB
1: Local>>>>>> step_time: 0.9613606929779053, dataloading_time : 0.0008847713470458984,forward_time :0.36412644386291504, backward_time: 0.5606153011322021, optim time :0.03573203086853027
2: Local>>>>>> step_time: 0.9614746570587158, dataloading_time : 0.0008466243743896484,forward_time :0.36425113677978516, backward_time: 0.5606415271759033, optim time :0.03573346138000488
3: Local>>>>>> step_time: 0.9614250659942627, dataloading_time : 0.0009007453918457031,forward_time :0.36420369148254395, backward_time: 0.5607731342315674, optim time :0.03554558753967285
3: [Rank 3] Step 5: loss=3.9375, time=0.961s, alloc_mem=8.11 GB, peak_mem=11.68 GB
2: [Rank 2] Step 5: loss=5.2812, time=0.961s, alloc_mem=8.11 GB, peak_mem=11.68 GB
1: [Rank 1] Step 5: loss=4.7500, time=0.961s, alloc_mem=8.11 GB, peak_mem=11.68 GB
0: Local>>>>>> step_time: 0.8523344993591309, dataloading_time : 0.0011410713195800781,forward_time :0.25515031814575195, backward_time: 0.5602302551269531, optim time :0.035808563232421875
0: [Rank 0] Step 5: loss=3.9375, time=0.852s, alloc_mem=8.11 GB, peak_mem=11.68 GB
1: Local>>>>>> step_time: 0.849156379699707, dataloading_time : 0.0009136199951171875,forward_time :0.254791259765625, backward_time: 0.5568323135375977, optim time :0.03661704063415527
2: Local>>>>>> step_time: 0.8491003513336182, dataloading_time : 0.0008599758148193359,forward_time :0.2549245357513428, backward_time: 0.5567941665649414, optim time :0.036519527435302734
3: Local>>>>>> step_time: 0.8491332530975342, dataloading_time : 0.0009253025054931641,forward_time :0.2549445629119873, backward_time: 0.5567646026611328, optim time :0.036496639251708984
0: Local>>>>>> step_time: 0.848992109298706, dataloading_time : 0.0009865760803222656,forward_time :0.2545959949493408, backward_time: 0.5567002296447754, optim time :0.03670692443847656
1: Local>>>>>> step_time: 0.8536543846130371, dataloading_time : 0.0008907318115234375,forward_time :0.2548069953918457, backward_time: 0.5623834133148193, optim time :0.03557085990905762
2: Local>>>>>> step_time: 0.8537037372589111, dataloading_time : 0.0009176731109619141,forward_time :0.2549002170562744, backward_time: 0.5623135566711426, optim time :0.03557014465332031
3: Local>>>>>> step_time: 0.8536374568939209, dataloading_time : 0.0009431838989257812,forward_time :0.2549111843109131, backward_time: 0.5622754096984863, optim time :0.03550577163696289
0: Local>>>>>> step_time: 0.8536293506622314, dataloading_time : 0.000919342041015625,forward_time :0.2547633647918701, backward_time: 0.5622081756591797, optim time :0.035736799240112305
1: Local>>>>>> step_time: 0.8489398956298828, dataloading_time : 0.0009038448333740234,forward_time :0.2552928924560547, backward_time: 0.5573604106903076, optim time :0.03538060188293457
2: Local>>>>>> step_time: 0.848926305770874, dataloading_time : 0.0011208057403564453,forward_time :0.2551577091217041, backward_time: 0.557502269744873, optim time :0.03514385223388672
3: Local>>>>>> step_time: 0.8489446640014648, dataloading_time : 0.0010733604431152344,forward_time :0.25533437728881836, backward_time: 0.5572245121002197, optim time :0.03531074523925781
0: Local>>>>>> step_time: 0.8488783836364746, dataloading_time : 0.0011038780212402344,forward_time :0.2550530433654785, backward_time: 0.5571880340576172, optim time :0.03553175926208496
2: Local>>>>>> step_time: 0.8596181869506836, dataloading_time : 0.000957489013671875,forward_time :0.2576582431793213, backward_time: 0.5657651424407959, optim time :0.03523540496826172
3: Local>>>>>> step_time: 0.8597123622894287, dataloading_time : 0.0009343624114990234,forward_time :0.2578468322753906, backward_time: 0.5657181739807129, optim time :0.03521084785461426
1: Local>>>>>> step_time: 0.8597495555877686, dataloading_time : 0.0008480548858642578,forward_time :0.25784730911254883, backward_time: 0.5656418800354004, optim time :0.03541111946105957
0: Local>>>>>> step_time: 0.8596265316009521, dataloading_time : 0.0009305477142333984,forward_time :0.2576255798339844, backward_time: 0.5655570030212402, optim time :0.03551149368286133
1: Local>>>>>> step_time: 0.8582987785339355, dataloading_time : 0.001020193099975586,forward_time :0.2548089027404785, backward_time: 0.5602903366088867, optim time :0.04217815399169922
2: Local>>>>>> step_time: 0.8584482669830322, dataloading_time : 0.0008938312530517578,forward_time :0.25512266159057617, backward_time: 0.5602920055389404, optim time :0.04213833808898926
3: Local>>>>>> step_time: 0.8583571910858154, dataloading_time : 0.0009801387786865234,forward_time :0.2550194263458252, backward_time: 0.5602626800537109, optim time :0.04209280014038086
3: [Rank 3] Step 10: loss=3.5000, time=0.858s, alloc_mem=8.11 GB, peak_mem=11.68 GB
2: [Rank 2] Step 10: loss=3.0156, time=0.858s, alloc_mem=8.11 GB, peak_mem=11.68 GB
1: [Rank 1] Step 10: loss=3.9219, time=0.858s, alloc_mem=8.11 GB, peak_mem=11.68 GB
0: Local>>>>>> step_time: 0.8586466312408447, dataloading_time : 0.0009942054748535156,forward_time :0.254793643951416, backward_time: 0.5599467754364014, optim time :0.04291057586669922
0: [Rank 0] Step 10: loss=3.4062, time=0.859s, alloc_mem=8.11 GB, peak_mem=11.68 GB
1: Local>>>>>> step_time: 0.8630328178405762, dataloading_time : 0.0008482933044433594,forward_time :0.2556302547454834, backward_time: 0.5652186870574951, optim time :0.04133415222167969
2: Local>>>>>> step_time: 0.8630235195159912, dataloading_time : 0.0008280277252197266,forward_time :0.25572800636291504, backward_time: 0.5651946067810059, optim time :0.041271209716796875
3: Local>>>>>> step_time: 0.8631207942962646, dataloading_time : 0.0008497238159179688,forward_time :0.25578927993774414, backward_time: 0.5651717185974121, optim time :0.04130816459655762
0: Local>>>>>> step_time: 0.8629992008209229, dataloading_time : 0.0011343955993652344,forward_time :0.25510454177856445, backward_time: 0.5645508766174316, optim time :0.042207956314086914
3: Local>>>>>> step_time: 0.8650624752044678, dataloading_time : 0.0009837150573730469,forward_time :0.2559239864349365, backward_time: 0.5657851696014404, optim time :0.042368173599243164
2: Local>>>>>> step_time: 0.8651180267333984, dataloading_time : 0.0008063316345214844,forward_time :0.2560303211212158, backward_time: 0.5659034252166748, optim time :0.04237627983093262
1: Local>>>>>> step_time: 0.8651494979858398, dataloading_time : 0.0008699893951416016,forward_time :0.25591015815734863, backward_time: 0.5658879280090332, optim time :0.0424799919128418
0: Local>>>>>> step_time: 0.8650567531585693, dataloading_time : 0.001033782958984375,forward_time :0.25549864768981934, backward_time: 0.5652105808258057, optim time :0.04331207275390625
1: Local>>>>>> step_time: 0.869333028793335, dataloading_time : 0.0008032321929931641,forward_time :0.2552003860473633, backward_time: 0.571826696395874, optim time :0.041501760482788086
2: Local>>>>>> step_time: 0.8694159984588623, dataloading_time : 0.0008897781372070312,forward_time :0.2552683353424072, backward_time: 0.5717599391937256, optim time :0.04149627685546875
3: Local>>>>>> step_time: 0.8693950176239014, dataloading_time : 0.0008778572082519531,forward_time :0.25531435012817383, backward_time: 0.571723461151123, optim time :0.04147815704345703
0: Local>>>>>> step_time: 0.8692660331726074, dataloading_time : 0.00106048583984375,forward_time :0.25477051734924316, backward_time: 0.5710804462432861, optim time :0.042353153228759766
2: Local>>>>>> step_time: 0.8681685924530029, dataloading_time : 0.0008375644683837891,forward_time :0.2564518451690674, backward_time: 0.5695338249206543, optim time :0.04134368896484375
3: Local>>>>>> step_time: 0.8682136535644531, dataloading_time : 0.0008871555328369141,forward_time :0.25673747062683105, backward_time: 0.569206714630127, optim time :0.04138016700744629
1: Local>>>>>> step_time: 0.8682398796081543, dataloading_time : 0.0008494853973388672,forward_time :0.256380558013916, backward_time: 0.5695836544036865, optim time :0.04142475128173828
0: Local>>>>>> step_time: 0.8692092895507812, dataloading_time : 0.000990152359008789,forward_time :0.25599002838134766, backward_time: 0.56890869140625, optim time :0.043318748474121094
1: Local>>>>>> step_time: 0.8693163394927979, dataloading_time : 0.0008339881896972656,forward_time :0.2559323310852051, backward_time: 0.5710341930389404, optim time :0.041513919830322266
3: Local>>>>>> step_time: 0.8692827224731445, dataloading_time : 0.0008842945098876953,forward_time :0.25586748123168945, backward_time: 0.5711178779602051, optim time :0.04141116142272949
2: Local>>>>>> step_time: 0.8693573474884033, dataloading_time : 0.0008487701416015625,forward_time :0.25596070289611816, backward_time: 0.571063756942749, optim time :0.04148268699645996
3: [Rank 3] Step 15: loss=2.4375, time=0.869s, alloc_mem=8.11 GB, peak_mem=11.68 GB
2: [Rank 2] Step 15: loss=2.1719, time=0.869s, alloc_mem=8.11 GB, peak_mem=11.68 GB
1: [Rank 1] Step 15: loss=2.6406, time=0.869s, alloc_mem=8.11 GB, peak_mem=11.68 GB
0: Local>>>>>> step_time: 0.8682270050048828, dataloading_time : 0.0010662078857421875,forward_time :0.2543625831604004, backward_time: 0.570457935333252, optim time :0.04233860969543457
0: [Rank 0] Step 15: loss=3.5156, time=0.868s, alloc_mem=8.11 GB, peak_mem=11.68 GB
1: Local>>>>>> step_time: 7.209985733032227, dataloading_time : 0.0008118152618408203,forward_time :6.613444805145264, backward_time: 0.5619986057281494, optim time :0.033728837966918945
2: Local>>>>>> step_time: 7.210001230239868, dataloading_time : 0.0008330345153808594,forward_time :6.613296270370483, backward_time: 0.5621793270111084, optim time :0.0336911678314209
3: Local>>>>>> step_time: 7.210055112838745, dataloading_time : 0.0008561611175537109,forward_time :6.613332986831665, backward_time: 0.5621638298034668, optim time :0.03370070457458496
0: Local>>>>>> step_time: 0.8506927490234375, dataloading_time : 0.0011255741119384766,forward_time :0.2539079189300537, backward_time: 0.5617465972900391, optim time :0.03391098976135254
2: Local>>>>>> step_time: 0.8530266284942627, dataloading_time : 0.0011010169982910156,forward_time :0.25487256050109863, backward_time: 0.5634169578552246, optim time :0.03363513946533203
1: Local>>>>>> step_time: 0.8530802726745605, dataloading_time : 0.0012004375457763672,forward_time :0.2547481060028076, backward_time: 0.5634236335754395, optim time :0.0337064266204834
3: Local>>>>>> step_time: 0.8530552387237549, dataloading_time : 0.0011310577392578125,forward_time :0.25486326217651367, backward_time: 0.563429594039917, optim time :0.0336298942565918
0: Local>>>>>> step_time: 0.8529284000396729, dataloading_time : 0.0009751319885253906,forward_time :0.2548332214355469, backward_time: 0.5633656978607178, optim time :0.0337529182434082
3: Local>>>>>> step_time: 0.8466930389404297, dataloading_time : 0.0008938312530517578,forward_time :0.25405430793762207, backward_time: 0.5580666065216064, optim time :0.0336763858795166
2: Local>>>>>> step_time: 0.8467576503753662, dataloading_time : 0.0008521080017089844,forward_time :0.25406551361083984, backward_time: 0.5581362247467041, optim time :0.03370189666748047
1: Local>>>>>> step_time: 0.8467612266540527, dataloading_time : 0.0008962154388427734,forward_time :0.2542288303375244, backward_time: 0.5578334331512451, optim time :0.03380131721496582
0: Local>>>>>> step_time: 0.8467516899108887, dataloading_time : 0.0009407997131347656,forward_time :0.25402307510375977, backward_time: 0.5578949451446533, optim time :0.03389120101928711
2: Local>>>>>> step_time: 0.8517465591430664, dataloading_time : 0.0008697509765625,forward_time :0.2541193962097168, backward_time: 0.5630686283111572, optim time :0.03368663787841797
3: Local>>>>>> step_time: 0.8517508506774902, dataloading_time : 0.0008738040924072266,forward_time :0.25423598289489746, backward_time: 0.562962532043457, optim time :0.033677101135253906
1: Local>>>>>> step_time: 0.851764440536499, dataloading_time : 0.0008976459503173828,forward_time :0.25406646728515625, backward_time: 0.5629823207855225, optim time :0.03381657600402832
0: Local>>>>>> step_time: 0.8516409397125244, dataloading_time : 0.0009229183197021484,forward_time :0.25411319732666016, backward_time: 0.5627751350402832, optim time :0.0338282585144043
2: Local>>>>>> step_time: 0.8509204387664795, dataloading_time : 0.0008511543273925781,forward_time :0.25354504585266113, backward_time: 0.5629291534423828, optim time :0.03359365463256836
3: Local>>>>>> step_time: 0.8509562015533447, dataloading_time : 0.0008280277252197266,forward_time :0.2536356449127197, backward_time: 0.5629239082336426, optim time :0.03356647491455078
1: Local>>>>>> step_time: 0.8508954048156738, dataloading_time : 0.0008471012115478516,forward_time :0.2533555030822754, backward_time: 0.5630216598510742, optim time :0.033669471740722656
2: [Rank 2] Step 20: loss=1.9844, time=0.851s, alloc_mem=8.11 GB, peak_mem=11.68 GB
3: [Rank 3] Step 20: loss=2.2656, time=0.851s, alloc_mem=8.11 GB, peak_mem=11.68 GB
0: Local>>>>>> step_time: 0.8509871959686279, dataloading_time : 0.0009024143218994141,forward_time :0.25348949432373047, backward_time: 0.5627951622009277, optim time :0.0337984561920166
1: [Rank 1] Step 20: loss=2.4531, time=0.851s, alloc_mem=8.11 GB, peak_mem=11.68 GB
0: [Rank 0] Step 20: loss=3.3125, time=0.851s, alloc_mem=8.11 GB, peak_mem=11.68 GB
1: Local>>>>>> step_time: 0.8518099784851074, dataloading_time : 0.0008497238159179688,forward_time :0.2543027400970459, backward_time: 0.5630028247833252, optim time :0.03365349769592285
2: Local>>>>>> step_time: 0.851862907409668, dataloading_time : 0.0008342266082763672,forward_time :0.25457334518432617, backward_time: 0.5629055500030518, optim time :0.03354811668395996
3: Local>>>>>> step_time: 0.8518438339233398, dataloading_time : 0.0008366107940673828,forward_time :0.2544252872467041, backward_time: 0.5630202293395996, optim time :0.03356027603149414
0: Local>>>>>> step_time: 0.8516607284545898, dataloading_time : 0.0008227825164794922,forward_time :0.254260778427124, backward_time: 0.5629220008850098, optim time :0.03365349769592285
2: Local>>>>>> step_time: 0.8512036800384521, dataloading_time : 0.0008957386016845703,forward_time :0.25400567054748535, backward_time: 0.5626487731933594, optim time :0.033652544021606445
3: Local>>>>>> step_time: 0.851207971572876, dataloading_time : 0.0008454322814941406,forward_time :0.2539951801300049, backward_time: 0.5627238750457764, optim time :0.033641815185546875
1: Local>>>>>> step_time: 0.851231575012207, dataloading_time : 0.0008394718170166016,forward_time :0.25388669967651367, backward_time: 0.5627388954162598, optim time :0.03376483917236328
0: Local>>>>>> step_time: 0.8511652946472168, dataloading_time : 0.0009310245513916016,forward_time :0.25396299362182617, backward_time: 0.5625176429748535, optim time :0.033751726150512695
1: Local>>>>>> step_time: 0.8531758785247803, dataloading_time : 0.0008320808410644531,forward_time :0.253964900970459, backward_time: 0.5646944046020508, optim time :0.033683061599731445
2: Local>>>>>> step_time: 0.8532562255859375, dataloading_time : 0.0008060932159423828,forward_time :0.2542898654937744, backward_time: 0.5644967555999756, optim time :0.03366208076477051
3: Local>>>>>> step_time: 0.853215217590332, dataloading_time : 0.0009236335754394531,forward_time :0.25409936904907227, backward_time: 0.564582347869873, optim time :0.033608436584472656
0: Local>>>>>> step_time: 0.8532810211181641, dataloading_time : 0.0009071826934814453,forward_time :0.2539827823638916, backward_time: 0.5645785331726074, optim time :0.03381085395812988
1: Local>>>>>> step_time: 0.8527965545654297, dataloading_time : 0.0008323192596435547,forward_time :0.25391602516174316, backward_time: 0.5642881393432617, optim time :0.03375887870788574
3: Local>>>>>> step_time: 0.8527758121490479, dataloading_time : 0.0009555816650390625,forward_time :0.2539384365081787, backward_time: 0.5642330646514893, optim time :0.03364706039428711
0: Local>>>>>> step_time: 0.8526647090911865, dataloading_time : 0.00091552734375,forward_time :0.2538771629333496, backward_time: 0.5641109943389893, optim time :0.033759355545043945
2: Local>>>>>> step_time: 0.8529136180877686, dataloading_time : 0.0008418560028076172,forward_time :0.2539825439453125, backward_time: 0.5642402172088623, optim time :0.03384733200073242
1: Local>>>>>> step_time: 0.8507492542266846, dataloading_time : 0.0008716583251953125,forward_time :0.25235629081726074, backward_time: 0.563953161239624, optim time :0.03356671333312988
2: Local>>>>>> step_time: 0.8506317138671875, dataloading_time : 0.0008969306945800781,forward_time :0.2523019313812256, backward_time: 0.563814640045166, optim time :0.03361678123474121
3: Local>>>>>> step_time: 0.8507890701293945, dataloading_time : 0.0008473396301269531,forward_time :0.252455472946167, backward_time: 0.5639026165008545, optim time :0.03358149528503418
0: Local>>>>>> step_time: 0.850724458694458, dataloading_time : 0.0009334087371826172,forward_time :0.2523989677429199, backward_time: 0.5636985301971436, optim time :0.033692121505737305
3: [Rank 3] Step 25: loss=2.5625, time=0.851s, alloc_mem=8.11 GB, peak_mem=11.68 GB
2: [Rank 2] Step 25: loss=2.2344, time=0.851s, alloc_mem=8.11 GB, peak_mem=11.68 GB
1: [Rank 1] Step 25: loss=4.0312, time=0.851s, alloc_mem=8.11 GB, peak_mem=11.68 GB
0: [Rank 0] Step 25: loss=2.1094, time=0.851s, alloc_mem=8.11 GB, peak_mem=11.68 GB
1: Local>>>>>> step_time: 0.851064920425415, dataloading_time : 0.0008540153503417969,forward_time :0.25382065773010254, backward_time: 0.5627925395965576, optim time :0.03359675407409668
2: Local>>>>>> step_time: 0.8510606288909912, dataloading_time : 0.000812530517578125,forward_time :0.254086971282959, backward_time: 0.5626177787780762, optim time :0.03354191780090332
3: Local>>>>>> step_time: 0.851093053817749, dataloading_time : 0.0008456707000732422,forward_time :0.25395965576171875, backward_time: 0.5627355575561523, optim time :0.03355121612548828
0: Local>>>>>> step_time: 0.8510589599609375, dataloading_time : 0.0008788108825683594,forward_time :0.2539651393890381, backward_time: 0.5625362396240234, optim time :0.03367781639099121
1: Local>>>>>> step_time: 0.8500833511352539, dataloading_time : 0.0008723735809326172,forward_time :0.25420403480529785, backward_time: 0.5611612796783447, optim time :0.0338444709777832
2: Local>>>>>> step_time: 0.8501183986663818, dataloading_time : 0.0008618831634521484,forward_time :0.25444912910461426, backward_time: 0.5609784126281738, optim time :0.03382754325866699
3: Local>>>>>> step_time: 0.8500609397888184, dataloading_time : 0.0008711814880371094,forward_time :0.25430727005004883, backward_time: 0.5610930919647217, optim time :0.03378772735595703
0: Local>>>>>> step_time: 0.8499717712402344, dataloading_time : 0.0009751319885253906,forward_time :0.25413012504577637, backward_time: 0.5610125064849854, optim time :0.033852577209472656
1: Local>>>>>> step_time: 0.8512430191040039, dataloading_time : 0.000820159912109375,forward_time :0.2539682388305664, backward_time: 0.5629580020904541, optim time :0.0334928035736084
2: Local>>>>>> step_time: 0.8511664867401123, dataloading_time : 0.0008945465087890625,forward_time :0.253955602645874, backward_time: 0.5626828670501709, optim time :0.03363204002380371
3: Local>>>>>> step_time: 0.8512086868286133, dataloading_time : 0.0008826255798339844,forward_time :0.2540292739868164, backward_time: 0.5626516342163086, optim time :0.03364372253417969
0: Local>>>>>> step_time: 0.8511984348297119, dataloading_time : 0.0009794235229492188,forward_time :0.2540099620819092, backward_time: 0.5624716281890869, optim time :0.033736228942871094
1: Local>>>>>> step_time: 0.8526303768157959, dataloading_time : 0.000881195068359375,forward_time :0.2550692558288574, backward_time: 0.5629119873046875, optim time :0.033766746520996094
2: Local>>>>>> step_time: 0.852618932723999, dataloading_time : 0.0008120536804199219,forward_time :0.25537586212158203, backward_time: 0.562769889831543, optim time :0.03365969657897949
3: Local>>>>>> step_time: 0.8526427745819092, dataloading_time : 0.0008392333984375,forward_time :0.2552502155303955, backward_time: 0.5629251003265381, optim time :0.03362703323364258
0: Local>>>>>> step_time: 0.852623462677002, dataloading_time : 0.0009033679962158203,forward_time :0.2551724910736084, backward_time: 0.5627551078796387, optim time :0.03379106521606445
2: Local>>>>>> step_time: 0.8516263961791992, dataloading_time : 0.0008332729339599609,forward_time :0.25478625297546387, backward_time: 0.5624630451202393, optim time :0.03354239463806152
1: Local>>>>>> step_time: 0.851599931716919, dataloading_time : 0.0008804798126220703,forward_time :0.2546548843383789, backward_time: 0.5624041557312012, optim time :0.033658742904663086
3: Local>>>>>> step_time: 0.8516359329223633, dataloading_time : 0.0009789466857910156,forward_time :0.25483226776123047, backward_time: 0.5622348785400391, optim time :0.03358888626098633
2: [Rank 2] Step 30: loss=2.0781, time=0.852s, alloc_mem=8.11 GB, peak_mem=11.68 GB
0: Local>>>>>> step_time: 0.8516030311584473, dataloading_time : 0.0009655952453613281,forward_time :0.2546253204345703, backward_time: 0.5622889995574951, optim time :0.0337216854095459
3: [Rank 3] Step 30: loss=2.2500, time=0.852s, alloc_mem=8.11 GB, peak_mem=11.68 GB
1: [Rank 1] Step 30: loss=2.3750, time=0.852s, alloc_mem=8.11 GB, peak_mem=11.68 GB
0: [Rank 0] Step 30: loss=2.1406, time=0.852s, alloc_mem=8.11 GB, peak_mem=11.68 GB
1: Local>>>>>> step_time: 0.8500361442565918, dataloading_time : 0.0008716583251953125,forward_time :0.2535288333892822, backward_time: 0.5617752075195312, optim time :0.0338587760925293
2: Local>>>>>> step_time: 0.8500633239746094, dataloading_time : 0.0008165836334228516,forward_time :0.2537260055541992, backward_time: 0.5617725849151611, optim time :0.03374671936035156
3: Local>>>>>> step_time: 0.8499934673309326, dataloading_time : 0.0008678436279296875,forward_time :0.2536752223968506, backward_time: 0.561699628829956, optim time :0.03374886512756348
0: Local>>>>>> step_time: 0.8499729633331299, dataloading_time : 0.0009059906005859375,forward_time :0.2535514831542969, backward_time: 0.5616402626037598, optim time :0.033873558044433594
1: Local>>>>>> step_time: 0.8536415100097656, dataloading_time : 0.0008485317230224609,forward_time :0.25488901138305664, backward_time: 0.5642099380493164, optim time :0.033692121505737305
2: Local>>>>>> step_time: 0.853632926940918, dataloading_time : 0.0009469985961914062,forward_time :0.2548501491546631, backward_time: 0.5641655921936035, optim time :0.03365945816040039
3: Local>>>>>> step_time: 0.8536727428436279, dataloading_time : 0.0009067058563232422,forward_time :0.25495100021362305, backward_time: 0.5641872882843018, optim time :0.03362607955932617
0: Local>>>>>> step_time: 0.853560209274292, dataloading_time : 0.0010502338409423828,forward_time :0.25465989112854004, backward_time: 0.5640349388122559, optim time :0.0338132381439209
1: Local>>>>>> step_time: 0.8496313095092773, dataloading_time : 0.001001596450805664,forward_time :0.2538459300994873, backward_time: 0.561072587966919, optim time :0.03370952606201172
2: Local>>>>>> step_time: 0.849679708480835, dataloading_time : 0.0008258819580078125,forward_time :0.25409722328186035, backward_time: 0.5610818862915039, optim time :0.03367328643798828
3: Local>>>>>> step_time: 0.8496072292327881, dataloading_time : 0.0009720325469970703,forward_time :0.2540154457092285, backward_time: 0.5609991550445557, optim time :0.033618927001953125
0: Local>>>>>> step_time: 0.8495974540710449, dataloading_time : 0.0009398460388183594,forward_time :0.2539510726928711, backward_time: 0.560964822769165, optim time :0.03374004364013672
1: Local>>>>>> step_time: 0.8507819175720215, dataloading_time : 0.0007851123809814453,forward_time :0.25478196144104004, backward_time: 0.5615620613098145, optim time :0.033651113510131836
0: Local>>>>>> step_time: 0.8507034778594971, dataloading_time : 0.0009443759918212891,forward_time :0.25481104850769043, backward_time: 0.5612447261810303, optim time :0.03370189666748047
2: Local>>>>>> step_time: 0.850736141204834, dataloading_time : 0.0009548664093017578,forward_time :0.2547001838684082, backward_time: 0.5615067481994629, optim time :0.03357291221618652
3: Local>>>>>> step_time: 0.8507776260375977, dataloading_time : 0.0008575916290283203,forward_time :0.2547607421875, backward_time: 0.5615675449371338, optim time :0.03358960151672363
1: Local>>>>>> step_time: 1.0295567512512207, dataloading_time : 0.0008370876312255859,forward_time :0.4348931312561035, backward_time: 0.5600230693817139, optim time :0.033802032470703125
2: Local>>>>>> step_time: 1.029597520828247, dataloading_time : 0.0008563995361328125,forward_time :0.4335935115814209, backward_time: 0.5612883567810059, optim time :0.033857107162475586
3: Local>>>>>> step_time: 1.0295236110687256, dataloading_time : 0.0008516311645507812,forward_time :0.43254733085632324, backward_time: 0.5624327659606934, optim time :0.03369021415710449
3: [Rank 3] Step 35: loss=2.9219, time=1.030s, alloc_mem=8.11 GB, peak_mem=11.68 GB
0: Local>>>>>> step_time: 1.0295460224151611, dataloading_time : 0.0009884834289550781,forward_time :0.3962380886077881, backward_time: 0.598365306854248, optim time :0.03395271301269531
2: [Rank 2] Step 35: loss=2.7969, time=1.030s, alloc_mem=8.11 GB, peak_mem=11.68 GB
1: [Rank 1] Step 35: loss=3.2500, time=1.030s, alloc_mem=8.11 GB, peak_mem=11.68 GB
0: [Rank 0] Step 35: loss=2.6406, time=1.030s, alloc_mem=8.11 GB, peak_mem=11.68 GB
1: Local>>>>>> step_time: 0.8528187274932861, dataloading_time : 0.0011212825775146484,forward_time :0.2546956539154053, backward_time: 0.5633268356323242, optim time :0.03367352485656738
2: Local>>>>>> step_time: 0.8528110980987549, dataloading_time : 0.0009768009185791016,forward_time :0.2549397945404053, backward_time: 0.5632908344268799, optim time :0.033601999282836914
3: Local>>>>>> step_time: 0.8528575897216797, dataloading_time : 0.0009729862213134766,forward_time :0.2550489902496338, backward_time: 0.5632646083831787, optim time :0.0335695743560791
0: Local>>>>>> step_time: 0.8528053760528564, dataloading_time : 0.0010046958923339844,forward_time :0.25493335723876953, backward_time: 0.5631258487701416, optim time :0.033739328384399414
1: Local>>>>>> step_time: 0.8460578918457031, dataloading_time : 0.0008406639099121094,forward_time :0.25363898277282715, backward_time: 0.5579190254211426, optim time :0.03365755081176758
2: Local>>>>>> step_time: 0.8460476398468018, dataloading_time : 0.0009331703186035156,forward_time :0.25365495681762695, backward_time: 0.5578756332397461, optim time :0.03358173370361328
3: Local>>>>>> step_time: 0.8460602760314941, dataloading_time : 0.0009064674377441406,forward_time :0.2537198066711426, backward_time: 0.5578820705413818, optim time :0.033550262451171875
0: Local>>>>>> step_time: 0.8460433483123779, dataloading_time : 0.0008683204650878906,forward_time :0.25365710258483887, backward_time: 0.5577738285064697, optim time :0.033742427825927734
1: Local>>>>>> step_time: 0.8516366481781006, dataloading_time : 0.0008511543273925781,forward_time :0.2531239986419678, backward_time: 0.564007043838501, optim time :0.03365278244018555
2: Local>>>>>> step_time: 0.8516793251037598, dataloading_time : 0.0008494853973388672,forward_time :0.25334644317626953, backward_time: 0.56386399269104, optim time :0.033617496490478516
3: Local>>>>>> step_time: 0.8517293930053711, dataloading_time : 0.0009074211120605469,forward_time :0.253206729888916, backward_time: 0.5642263889312744, optim time :0.0333859920501709
0: Local>>>>>> step_time: 0.8515498638153076, dataloading_time : 0.0009250640869140625,forward_time :0.25311970710754395, backward_time: 0.563812255859375, optim time :0.0336909294128418
1: Local>>>>>> step_time: 0.8552858829498291, dataloading_time : 0.0008263587951660156,forward_time :0.255718469619751, backward_time: 0.5648529529571533, optim time :0.03388667106628418
2: Local>>>>>> step_time: 0.8552701473236084, dataloading_time : 0.0008370876312255859,forward_time :0.2556586265563965, backward_time: 0.5649435520172119, optim time :0.033829689025878906
3: Local>>>>>> step_time: 0.8552427291870117, dataloading_time : 0.0009391307830810547,forward_time :0.2555501461029053, backward_time: 0.5648739337921143, optim time :0.03387808799743652
0: Local>>>>>> step_time: 0.8552987575531006, dataloading_time : 0.0009558200836181641,forward_time :0.2555551528930664, backward_time: 0.5648152828216553, optim time :0.033969879150390625
1: Local>>>>>> step_time: 0.8527693748474121, dataloading_time : 0.0008256435394287109,forward_time :0.25434017181396484, backward_time: 0.5639386177062988, optim time :0.03366351127624512
2: Local>>>>>> step_time: 0.8527586460113525, dataloading_time : 0.0008656978607177734,forward_time :0.25437307357788086, backward_time: 0.56392502784729, optim time :0.03359341621398926
3: Local>>>>>> step_time: 0.8527324199676514, dataloading_time : 0.0008978843688964844,forward_time :0.254366397857666, backward_time: 0.5638744831085205, optim time :0.03359198570251465
0: Local>>>>>> step_time: 0.8526840209960938, dataloading_time : 0.0009150505065917969,forward_time :0.2542877197265625, backward_time: 0.5637507438659668, optim time :0.033728599548339844
2: [Rank 2] Step 40: loss=2.5938, time=0.853s, alloc_mem=8.11 GB, peak_mem=11.68 GB
3: [Rank 3] Step 40: loss=2.7812, time=0.853s, alloc_mem=8.11 GB, peak_mem=11.68 GB
1: [Rank 1] Step 40: loss=2.7656, time=0.853s, alloc_mem=8.11 GB, peak_mem=11.68 GB
0: [Rank 0] Step 40: loss=2.1875, time=0.853s, alloc_mem=8.11 GB, peak_mem=11.68 GB
3: Local>>>>>> step_time: 0.8500261306762695, dataloading_time : 0.0008432865142822266,forward_time :0.2539196014404297, backward_time: 0.5615723133087158, optim time :0.03368949890136719
1: Local>>>>>> step_time: 0.850045919418335, dataloading_time : 0.0008134841918945312,forward_time :0.25377726554870605, backward_time: 0.5616796016693115, optim time :0.03377389907836914
2: Local>>>>>> step_time: 0.8500690460205078, dataloading_time : 0.0008323192596435547,forward_time :0.25388193130493164, backward_time: 0.5616810321807861, optim time :0.03367257118225098
0: Local>>>>>> step_time: 0.8499965667724609, dataloading_time : 0.0008273124694824219,forward_time :0.2538280487060547, backward_time: 0.5615160465240479, optim time :0.033823490142822266
1: Local>>>>>> step_time: 0.8456544876098633, dataloading_time : 0.0008311271667480469,forward_time :0.2546525001525879, backward_time: 0.5564844608306885, optim time :0.03368520736694336
2: Local>>>>>> step_time: 0.8455679416656494, dataloading_time : 0.0008907318115234375,forward_time :0.2546977996826172, backward_time: 0.5564396381378174, optim time :0.0335383415222168
3: Local>>>>>> step_time: 0.845684289932251, dataloading_time : 0.0008544921875,forward_time :0.25480103492736816, backward_time: 0.5564296245574951, optim time :0.033597469329833984
0: Local>>>>>> step_time: 0.8455939292907715, dataloading_time : 0.0008978843688964844,forward_time :0.2547335624694824, backward_time: 0.5562622547149658, optim time :0.03369903564453125
1: Local>>>>>> step_time: 0.8528232574462891, dataloading_time : 0.0010576248168945312,forward_time :0.2535276412963867, backward_time: 0.5645797252655029, optim time :0.03365683555603027
2: Local>>>>>> step_time: 0.8528988361358643, dataloading_time : 0.0008454322814941406,forward_time :0.25370335578918457, backward_time: 0.5647509098052979, optim time :0.033597707748413086
0: Local>>>>>> step_time: 0.8528134822845459, dataloading_time : 0.0009002685546875,forward_time :0.25371575355529785, backward_time: 0.564457893371582, optim time :0.033737897872924805
3: Local>>>>>> step_time: 0.853158712387085, dataloading_time : 0.0008385181427001953,forward_time :0.25394415855407715, backward_time: 0.5644485950469971, optim time :0.033925771713256836
1: Local>>>>>> step_time: 0.8500707149505615, dataloading_time : 0.0008871555328369141,forward_time :0.25607848167419434, backward_time: 0.5594277381896973, optim time :0.0336756706237793
2: Local>>>>>> step_time: 0.8500547409057617, dataloading_time : 0.000888824462890625,forward_time :0.25604915618896484, backward_time: 0.5596272945404053, optim time :0.033486127853393555
3: Local>>>>>> step_time: 0.8497016429901123, dataloading_time : 0.0008378028869628906,forward_time :0.2558715343475342, backward_time: 0.559511661529541, optim time :0.03347897529602051
0: Local>>>>>> step_time: 0.8500781059265137, dataloading_time : 0.0008778572082519531,forward_time :0.25617194175720215, backward_time: 0.5592644214630127, optim time :0.033762454986572266
1: Local>>>>>> step_time: 0.8509161472320557, dataloading_time : 0.0008494853973388672,forward_time :0.2531278133392334, backward_time: 0.5631546974182129, optim time :0.0337827205657959
2: Local>>>>>> step_time: 0.8509695529937744, dataloading_time : 0.0008513927459716797,forward_time :0.2532041072845459, backward_time: 0.5631415843963623, optim time :0.03377103805541992
3: Local>>>>>> step_time: 0.8509488105773926, dataloading_time : 0.0009264945983886719,forward_time :0.2532076835632324, backward_time: 0.5630896091461182, optim time :0.03372383117675781
0: Local>>>>>> step_time: 0.8509085178375244, dataloading_time : 0.0008945465087890625,forward_time :0.2533996105194092, backward_time: 0.5626695156097412, optim time :0.03394317626953125
3: [Rank 3] Step 45: loss=2.3281, time=0.851s, alloc_mem=8.11 GB, peak_mem=11.68 GB
2: [Rank 2] Step 45: loss=2.8594, time=0.851s, alloc_mem=8.11 GB, peak_mem=11.68 GB
1: [Rank 1] Step 45: loss=3.3906, time=0.851s, alloc_mem=8.11 GB, peak_mem=11.68 GB
0: [Rank 0] Step 45: loss=2.2656, time=0.851s, alloc_mem=8.11 GB, peak_mem=11.68 GB
3: Local>>>>>> step_time: 0.8572769165039062, dataloading_time : 0.0008623600006103516,forward_time :0.2560155391693115, backward_time: 0.5666923522949219, optim time :0.03370547294616699
2: Local>>>>>> step_time: 0.8573100566864014, dataloading_time : 0.0008411407470703125,forward_time :0.25579261779785156, backward_time: 0.5668718814849854, optim time :0.03380250930786133
1: Local>>>>>> step_time: 0.8573973178863525, dataloading_time : 0.0008752346038818359,forward_time :0.25575709342956543, backward_time: 0.5668697357177734, optim time :0.03389334678649902
0: Local>>>>>> step_time: 0.857133150100708, dataloading_time : 0.0009529590606689453,forward_time :0.25574421882629395, backward_time: 0.5665512084960938, optim time :0.03388261795043945
1: Local>>>>>> step_time: 0.8523738384246826, dataloading_time : 0.0009748935699462891,forward_time :0.25427722930908203, backward_time: 0.5633766651153564, optim time :0.03374361991882324
2: Local>>>>>> step_time: 0.8523697853088379, dataloading_time : 0.0008625984191894531,forward_time :0.25435757637023926, backward_time: 0.5635166168212891, optim time :0.033631324768066406
3: Local>>>>>> step_time: 0.8524198532104492, dataloading_time : 0.0008614063262939453,forward_time :0.25441455841064453, backward_time: 0.5635547637939453, optim time :0.033586978912353516
0: Local>>>>>> step_time: 0.852358341217041, dataloading_time : 0.0008797645568847656,forward_time :0.2543151378631592, backward_time: 0.5634500980377197, optim time :0.03371167182922363
1: Local>>>>>> step_time: 0.8455862998962402, dataloading_time : 0.0008249282836914062,forward_time :0.2541522979736328, backward_time: 0.556908130645752, optim time :0.033699750900268555
2: Local>>>>>> step_time: 0.8456215858459473, dataloading_time : 0.0008974075317382812,forward_time :0.25417304039001465, backward_time: 0.5569255352020264, optim time :0.03362441062927246
3: Local>>>>>> step_time: 0.8456840515136719, dataloading_time : 0.0008733272552490234,forward_time :0.2542409896850586, backward_time: 0.5569627285003662, optim time :0.033605337142944336
0: Local>>>>>> step_time: 0.8456602096557617, dataloading_time : 0.0008771419525146484,forward_time :0.2543361186981201, backward_time: 0.5566537380218506, optim time :0.033791542053222656
1: Local>>>>>> step_time: 0.8535804748535156, dataloading_time : 0.0008757114410400391,forward_time :0.25482988357543945, backward_time: 0.5641565322875977, optim time :0.03371691703796387
0: Local>>>>>> step_time: 0.8534882068634033, dataloading_time : 0.0008168220520019531,forward_time :0.2546563148498535, backward_time: 0.5642650127410889, optim time :0.03374886512756348
2: Local>>>>>> step_time: 0.8536038398742676, dataloading_time : 0.0008275508880615234,forward_time :0.25467801094055176, backward_time: 0.5644381046295166, optim time :0.033658504486083984
3: Local>>>>>> step_time: 0.8535864353179932, dataloading_time : 0.001020193099975586,forward_time :0.2545430660247803, backward_time: 0.5643501281738281, optim time :0.03367114067077637
1: Local>>>>>> step_time: 0.8517837524414062, dataloading_time : 0.0008971691131591797,forward_time :0.2547566890716553, backward_time: 0.5623695850372314, optim time :0.03375864028930664
2: Local>>>>>> step_time: 0.8517422676086426, dataloading_time : 0.0008907318115234375,forward_time :0.2547304630279541, backward_time: 0.5625247955322266, optim time :0.033594369888305664
3: Local>>>>>> step_time: 0.8517231941223145, dataloading_time : 0.0008332729339599609,forward_time :0.2548339366912842, backward_time: 0.5623838901519775, optim time :0.03367018699645996
0: Local>>>>>> step_time: 0.8517649173736572, dataloading_time : 0.0009026527404785156,forward_time :0.2548344135284424, backward_time: 0.5622401237487793, optim time :0.03378605842590332
2: [Rank 2] Step 50: loss=2.6875, time=0.852s, alloc_mem=8.11 GB, peak_mem=11.68 GB
3: [Rank 3] Step 50: loss=2.5781, time=0.852s, alloc_mem=8.11 GB, peak_mem=11.68 GB
1: [Rank 1] Step 50: loss=3.0469, time=0.852s, alloc_mem=8.11 GB, peak_mem=11.68 GB
0: [Rank 0] Step 50: loss=1.9844, time=0.852s, alloc_mem=8.11 GB, peak_mem=11.68 GB
1: Local>>>>>> step_time: 0.8541302680969238, dataloading_time : 0.0008661746978759766,forward_time :0.25368666648864746, backward_time: 0.5658590793609619, optim time :0.03371691703796387
2: Local>>>>>> step_time: 0.8541793823242188, dataloading_time : 0.0009884834289550781,forward_time :0.25373387336730957, backward_time: 0.5658206939697266, optim time :0.03363490104675293
3: Local>>>>>> step_time: 0.8541362285614014, dataloading_time : 0.0008254051208496094,forward_time :0.2538449764251709, backward_time: 0.5658810138702393, optim time :0.03358292579650879
0: Local>>>>>> step_time: 0.8541009426116943, dataloading_time : 0.0008392333984375,forward_time :0.2537360191345215, backward_time: 0.5657894611358643, optim time :0.03373432159423828
3: Local>>>>>> step_time: 0.8533797264099121, dataloading_time : 0.0008413791656494141,forward_time :0.2541360855102539, backward_time: 0.564873218536377, optim time :0.03352713584899902
1: Local>>>>>> step_time: 0.853398323059082, dataloading_time : 0.000881195068359375,forward_time :0.2540125846862793, backward_time: 0.5648605823516846, optim time :0.03364229202270508
2: Local>>>>>> step_time: 0.853363037109375, dataloading_time : 0.0008473396301269531,forward_time :0.2539973258972168, backward_time: 0.5649318695068359, optim time :0.0335848331451416
0: Local>>>>>> step_time: 0.8533749580383301, dataloading_time : 0.0009725093841552734,forward_time :0.25397324562072754, backward_time: 0.5647199153900146, optim time :0.033707618713378906
1: Local>>>>>> step_time: 0.8533880710601807, dataloading_time : 0.0008871555328369141,forward_time :0.25457310676574707, backward_time: 0.5641202926635742, optim time :0.03380584716796875
2: Local>>>>>> step_time: 0.8533346652984619, dataloading_time : 0.0008537769317626953,forward_time :0.2546868324279785, backward_time: 0.5641617774963379, optim time :0.03363037109375
3: Local>>>>>> step_time: 0.8533976078033447, dataloading_time : 0.0008542537689208984,forward_time :0.25518035888671875, backward_time: 0.5636773109436035, optim time :0.03368401527404785
0: Local>>>>>> step_time: 0.8532836437225342, dataloading_time : 0.0009794235229492188,forward_time :0.25451135635375977, backward_time: 0.5639903545379639, optim time :0.03380107879638672
3: Local>>>>>> step_time: 0.8492889404296875, dataloading_time : 0.0009377002716064453,forward_time :0.2546703815460205, backward_time: 0.5601685047149658, optim time :0.03351092338562012
1: Local>>>>>> step_time: 0.849278450012207, dataloading_time : 0.00079345703125,forward_time :0.25472283363342285, backward_time: 0.5601828098297119, optim time :0.033577680587768555
2: Local>>>>>> step_time: 0.8493654727935791, dataloading_time : 0.00093841552734375,forward_time :0.25467896461486816, backward_time: 0.5601487159729004, optim time :0.03359723091125488
0: Local>>>>>> step_time: 0.8492825031280518, dataloading_time : 0.0009214878082275391,forward_time :0.25470662117004395, backward_time: 0.5600020885467529, optim time :0.033651113510131836
1: Local>>>>>> step_time: 0.8496034145355225, dataloading_time : 0.0010709762573242188,forward_time :0.25427913665771484, backward_time: 0.5605225563049316, optim time :0.033728837966918945
2: Local>>>>>> step_time: 0.8495388031005859, dataloading_time : 0.0008165836334228516,forward_time :0.2545292377471924, backward_time: 0.5605673789978027, optim time :0.03362441062927246
3: Local>>>>>> step_time: 0.8496136665344238, dataloading_time : 0.0008609294891357422,forward_time :0.25458312034606934, backward_time: 0.5604877471923828, optim time :0.03368067741394043
0: Local>>>>>> step_time: 0.8495211601257324, dataloading_time : 0.0009295940399169922,forward_time :0.2544100284576416, backward_time: 0.5604424476623535, optim time :0.0337374210357666
2: [Rank 2] Step 55: loss=2.7969, time=0.850s, alloc_mem=8.11 GB, peak_mem=11.68 GB
3: [Rank 3] Step 55: loss=2.6406, time=0.850s, alloc_mem=8.11 GB, peak_mem=11.68 GB
1: [Rank 1] Step 55: loss=2.7344, time=0.850s, alloc_mem=8.11 GB, peak_mem=11.68 GB
0: [Rank 0] Step 55: loss=3.1406, time=0.850s, alloc_mem=8.11 GB, peak_mem=11.68 GB
1: Local>>>>>> step_time: 0.8515443801879883, dataloading_time : 0.0008869171142578125,forward_time :0.25464463233947754, backward_time: 0.5623207092285156, optim time :0.033690452575683594
2: Local>>>>>> step_time: 0.8516206741333008, dataloading_time : 0.0008449554443359375,forward_time :0.2548224925994873, backward_time: 0.5623288154602051, optim time :0.03362274169921875
3: Local>>>>>> step_time: 0.8515865802764893, dataloading_time : 0.0008509159088134766,forward_time :0.2545807361602783, backward_time: 0.5625145435333252, optim time :0.033638715744018555
0: Local>>>>>> step_time: 0.851560115814209, dataloading_time : 0.000865936279296875,forward_time :0.2545499801635742, backward_time: 0.5624008178710938, optim time :0.03374147415161133
1: Local>>>>>> step_time: 0.8496062755584717, dataloading_time : 0.0008680820465087891,forward_time :0.25377988815307617, backward_time: 0.561286211013794, optim time :0.03367018699645996
2: Local>>>>>> step_time: 0.8495404720306396, dataloading_time : 0.0009090900421142578,forward_time :0.2538778781890869, backward_time: 0.561211347579956, optim time :0.033540964126586914
3: Local>>>>>> step_time: 0.8495757579803467, dataloading_time : 0.0008938312530517578,forward_time :0.2538430690765381, backward_time: 0.5612435340881348, optim time :0.03359413146972656
0: Local>>>>>> step_time: 0.8495433330535889, dataloading_time : 0.0009765625,forward_time :0.25371861457824707, backward_time: 0.561152458190918, optim time :0.03369307518005371
1: Local>>>>>> step_time: 0.8406991958618164, dataloading_time : 0.0008776187896728516,forward_time :0.2561323642730713, backward_time: 0.5499145984649658, optim time :0.03377270698547363
2: Local>>>>>> step_time: 0.8407678604125977, dataloading_time : 0.0009107589721679688,forward_time :0.2544269561767578, backward_time: 0.5517213344573975, optim time :0.033707380294799805
3: Local>>>>>> step_time: 0.8407044410705566, dataloading_time : 0.0008559226989746094,forward_time :0.2544858455657959, backward_time: 0.5516664981842041, optim time :0.03369474411010742
0: Local>>>>>> step_time: 0.8406116962432861, dataloading_time : 0.0009276866912841797,forward_time :0.25456905364990234, backward_time: 0.5513780117034912, optim time :0.03373527526855469
1: Local>>>>>> step_time: 0.8507468700408936, dataloading_time : 0.0010132789611816406,forward_time :0.25338006019592285, backward_time: 0.5627682209014893, optim time :0.0335845947265625
0: Local>>>>>> step_time: 0.8507614135742188, dataloading_time : 0.0008971691131591797,forward_time :0.2536342144012451, backward_time: 0.5626020431518555, optim time :0.033626556396484375
2: Local>>>>>> step_time: 0.8507473468780518, dataloading_time : 0.0008320808410644531,forward_time :0.25365614891052246, backward_time: 0.5627398490905762, optim time :0.03351759910583496
3: Local>>>>>> step_time: 0.850830078125, dataloading_time : 0.0008599758148193359,forward_time :0.25365400314331055, backward_time: 0.5627298355102539, optim time :0.0335845947265625
1: Local>>>>>> step_time: 0.8557813167572021, dataloading_time : 0.0009119510650634766,forward_time :0.25530219078063965, backward_time: 0.5659258365631104, optim time :0.033640146255493164
2: Local>>>>>> step_time: 0.8557643890380859, dataloading_time : 0.0009133815765380859,forward_time :0.2553596496582031, backward_time: 0.5659360885620117, optim time :0.0335536003112793
3: Local>>>>>> step_time: 0.85567307472229, dataloading_time : 0.0008254051208496094,forward_time :0.25542640686035156, backward_time: 0.5658833980560303, optim time :0.033536672592163086
0: Local>>>>>> step_time: 0.8557426929473877, dataloading_time : 0.0008876323699951172,forward_time :0.25542306900024414, backward_time: 0.5657548904418945, optim time :0.033675193786621094
3: [Rank 3] Step 60: loss=2.4688, time=0.856s, alloc_mem=8.11 GB, peak_mem=11.68 GB
2: [Rank 2] Step 60: loss=3.4062, time=0.856s, alloc_mem=8.11 GB, peak_mem=11.68 GB
1: [Rank 1] Step 60: loss=2.7500, time=0.856s, alloc_mem=8.11 GB, peak_mem=11.68 GB
0: [Rank 0] Step 60: loss=3.4844, time=0.856s, alloc_mem=8.11 GB, peak_mem=11.68 GB
1: Local>>>>>> step_time: 0.8464019298553467, dataloading_time : 0.0008482933044433594,forward_time :0.252805233001709, backward_time: 0.55908203125, optim time :0.03366518020629883
2: Local>>>>>> step_time: 0.8464531898498535, dataloading_time : 0.0008370876312255859,forward_time :0.2528679370880127, backward_time: 0.5591223239898682, optim time :0.03362464904785156
3: Local>>>>>> step_time: 0.8464994430541992, dataloading_time : 0.0008547306060791016,forward_time :0.2529439926147461, backward_time: 0.5591690540313721, optim time :0.03352999687194824
0: Local>>>>>> step_time: 0.8464624881744385, dataloading_time : 0.00083160400390625,forward_time :0.25281381607055664, backward_time: 0.5590384006500244, optim time :0.03377699851989746
1: Local>>>>>> step_time: 0.8519432544708252, dataloading_time : 0.0008466243743896484,forward_time :0.253969669342041, backward_time: 0.5634047985076904, optim time :0.03372049331665039
2: Local>>>>>> step_time: 0.8518722057342529, dataloading_time : 0.0008370876312255859,forward_time :0.254044771194458, backward_time: 0.5633795261383057, optim time :0.03360939025878906
3: Local>>>>>> step_time: 0.8518562316894531, dataloading_time : 0.0008411407470703125,forward_time :0.2540881633758545, backward_time: 0.5633149147033691, optim time :0.03361010551452637
0: Local>>>>>> step_time: 0.8518564701080322, dataloading_time : 0.0008952617645263672,forward_time :0.2539248466491699, backward_time: 0.563232421875, optim time :0.03380250930786133
2: Local>>>>>> step_time: 0.8526508808135986, dataloading_time : 0.0008780956268310547,forward_time :0.25351786613464355, backward_time: 0.5646381378173828, optim time :0.0336151123046875
3: Local>>>>>> step_time: 0.8526356220245361, dataloading_time : 0.0008623600006103516,forward_time :0.25356602668762207, backward_time: 0.5646097660064697, optim time :0.03359580039978027
1: Local>>>>>> step_time: 0.8526022434234619, dataloading_time : 0.0009503364562988281,forward_time :0.25336265563964844, backward_time: 0.564605712890625, optim time :0.03368210792541504
0: Local>>>>>> step_time: 0.8525316715240479, dataloading_time : 0.0008192062377929688,forward_time :0.25355982780456543, backward_time: 0.564445972442627, optim time :0.033705711364746094
1: Local>>>>>> step_time: 0.8457121849060059, dataloading_time : 0.0009946823120117188,forward_time :0.25450730323791504, backward_time: 0.5565469264984131, optim time :0.033661603927612305
2: Local>>>>>> step_time: 0.8456931114196777, dataloading_time : 0.001004934310913086,forward_time :0.25455689430236816, backward_time: 0.5565423965454102, optim time :0.03358721733093262
3: Local>>>>>> step_time: 0.8457069396972656, dataloading_time : 0.000997304916381836,forward_time :0.2544865608215332, backward_time: 0.5566327571868896, optim time :0.03358912467956543
0: Local>>>>>> step_time: 0.8456923961639404, dataloading_time : 0.0010941028594970703,forward_time :0.2544972896575928, backward_time: 0.5563778877258301, optim time :0.0337214469909668
1: Local>>>>>> step_time: 0.848947286605835, dataloading_time : 0.0009016990661621094,forward_time :0.2545325756072998, backward_time: 0.5598268508911133, optim time :0.033684730529785156
2: Local>>>>>> step_time: 0.8489351272583008, dataloading_time : 0.0008413791656494141,forward_time :0.2547624111175537, backward_time: 0.5597295761108398, optim time :0.0336000919342041
3: Local>>>>>> step_time: 0.8489649295806885, dataloading_time : 0.0009210109710693359,forward_time :0.2545628547668457, backward_time: 0.5598587989807129, optim time :0.033620357513427734
0: Local>>>>>> step_time: 0.848914623260498, dataloading_time : 0.0009100437164306641,forward_time :0.25457000732421875, backward_time: 0.559683084487915, optim time :0.033750295639038086
2: [Rank 2] Step 65: loss=2.6875, time=0.849s, alloc_mem=8.11 GB, peak_mem=11.68 GB
3: [Rank 3] Step 65: loss=2.6250, time=0.849s, alloc_mem=8.11 GB, peak_mem=11.68 GB
1: [Rank 1] Step 65: loss=2.5469, time=0.849s, alloc_mem=8.11 GB, peak_mem=11.68 GB
0: [Rank 0] Step 65: loss=1.9922, time=0.849s, alloc_mem=8.11 GB, peak_mem=11.68 GB
1: Local>>>>>> step_time: 0.8492577075958252, dataloading_time : 0.000885009765625,forward_time :0.2543826103210449, backward_time: 0.560227632522583, optim time :0.03376054763793945
2: Local>>>>>> step_time: 0.849306583404541, dataloading_time : 0.0008435249328613281,forward_time :0.25440144538879395, backward_time: 0.5603539943695068, optim time :0.033705949783325195
3: Local>>>>>> step_time: 0.8492732048034668, dataloading_time : 0.000888824462890625,forward_time :0.25434350967407227, backward_time: 0.5603377819061279, optim time :0.03370189666748047
0: Local>>>>>> step_time: 0.8492388725280762, dataloading_time : 0.0008761882781982422,forward_time :0.2542877197265625, backward_time: 0.5602242946624756, optim time :0.033849477767944336
1: Local>>>>>> step_time: 0.8485312461853027, dataloading_time : 0.0008783340454101562,forward_time :0.2549622058868408, backward_time: 0.5590882301330566, optim time :0.03360128402709961
2: Local>>>>>> step_time: 0.8485231399536133, dataloading_time : 0.0008320808410644531,forward_time :0.2550206184387207, backward_time: 0.5591273307800293, optim time :0.03354144096374512
3: Local>>>>>> step_time: 0.8485538959503174, dataloading_time : 0.0009264945983886719,forward_time :0.2549765110015869, backward_time: 0.5590865612030029, optim time :0.03356289863586426
0: Local>>>>>> step_time: 0.8484835624694824, dataloading_time : 0.0009810924530029297,forward_time :0.2550234794616699, backward_time: 0.5587975978851318, optim time :0.033679962158203125
1: Local>>>>>> step_time: 0.8520004749298096, dataloading_time : 0.0007860660552978516,forward_time :0.2546226978302002, backward_time: 0.5629377365112305, optim time :0.033652305603027344
2: Local>>>>>> step_time: 0.8520214557647705, dataloading_time : 0.0008604526519775391,forward_time :0.25461292266845703, backward_time: 0.5629379749298096, optim time :0.03360795974731445
3: Local>>>>>> step_time: 0.8519699573516846, dataloading_time : 0.001050710678100586,forward_time :0.25442051887512207, backward_time: 0.562932014465332, optim time :0.03356528282165527
0: Local>>>>>> step_time: 0.8519752025604248, dataloading_time : 0.0008475780487060547,forward_time :0.2546272277832031, backward_time: 0.5627753734588623, optim time :0.03372311592102051
1: Local>>>>>> step_time: 0.852684736251831, dataloading_time : 0.0008447170257568359,forward_time :0.2542243003845215, backward_time: 0.5639743804931641, optim time :0.03363943099975586
0: Local>>>>>> step_time: 0.8525996208190918, dataloading_time : 0.0009431838989257812,forward_time :0.2543449401855469, backward_time: 0.5635547637939453, optim time :0.03375506401062012
2: Local>>>>>> step_time: 0.85272216796875, dataloading_time : 0.0008153915405273438,forward_time :0.25428080558776855, backward_time: 0.563908576965332, optim time :0.03371572494506836
3: Local>>>>>> step_time: 0.8527016639709473, dataloading_time : 0.0008671283721923828,forward_time :0.25429821014404297, backward_time: 0.5638606548309326, optim time :0.033674001693725586
3: Local>>>>>> step_time: 0.8498783111572266, dataloading_time : 0.0008699893951416016,forward_time :0.2542226314544678, backward_time: 0.5612263679504395, optim time :0.033557891845703125
1: Local>>>>>> step_time: 0.8499524593353271, dataloading_time : 0.0008633136749267578,forward_time :0.25417017936706543, backward_time: 0.5612485408782959, optim time :0.03366875648498535
2: Local>>>>>> step_time: 0.8498649597167969, dataloading_time : 0.0008614063262939453,forward_time :0.2541689872741699, backward_time: 0.5612657070159912, optim time :0.033567190170288086
0: Local>>>>>> step_time: 0.8499288558959961, dataloading_time : 0.0009131431579589844,forward_time :0.254213809967041, backward_time: 0.56107497215271, optim time :0.03372526168823242
3: [Rank 3] Step 70: loss=2.8281, time=0.850s, alloc_mem=8.11 GB, peak_mem=11.68 GB
2: [Rank 2] Step 70: loss=2.9844, time=0.850s, alloc_mem=8.11 GB, peak_mem=11.68 GB
1: [Rank 1] Step 70: loss=2.4062, time=0.850s, alloc_mem=8.11 GB, peak_mem=11.68 GB
0: [Rank 0] Step 70: loss=2.6875, time=0.850s, alloc_mem=8.11 GB, peak_mem=11.68 GB
1: Local>>>>>> step_time: 0.851691722869873, dataloading_time : 0.0008683204650878906,forward_time :0.25474119186401367, backward_time: 0.5623769760131836, optim time :0.03370332717895508
0: Local>>>>>> step_time: 0.8516092300415039, dataloading_time : 0.0008609294891357422,forward_time :0.254774808883667, backward_time: 0.5622620582580566, optim time :0.03371024131774902
2: Local>>>>>> step_time: 0.85172438621521, dataloading_time : 0.0008492469787597656,forward_time :0.25502824783325195, backward_time: 0.5622167587280273, optim time :0.033628225326538086
3: Local>>>>>> step_time: 0.8517544269561768, dataloading_time : 0.0008699893951416016,forward_time :0.25490856170654297, backward_time: 0.5623366832733154, optim time :0.033637285232543945
1: Local>>>>>> step_time: 0.9943466186523438, dataloading_time : 0.0008385181427001953,forward_time :0.3963899612426758, backward_time: 0.5630018711090088, optim time :0.03411412239074707
2: Local>>>>>> step_time: 0.9943947792053223, dataloading_time : 0.0008614063262939453,forward_time :0.3901491165161133, backward_time: 0.5692968368530273, optim time :0.03408551216125488
3: Local>>>>>> step_time: 0.9943573474884033, dataloading_time : 0.0008339881896972656,forward_time :0.3919398784637451, backward_time: 0.5675342082977295, optim time :0.03404736518859863
0: Local>>>>>> step_time: 0.9943883419036865, dataloading_time : 0.0009031295776367188,forward_time :0.25356078147888184, backward_time: 0.7058570384979248, optim time :0.034065961837768555
1: Local>>>>>> step_time: 0.932776927947998, dataloading_time : 0.0009570121765136719,forward_time :0.25524139404296875, backward_time: 0.6426205635070801, optim time :0.03395581245422363
2: Local>>>>>> step_time: 0.9327642917633057, dataloading_time : 0.0009791851043701172,forward_time :0.25525951385498047, backward_time: 0.6426489353179932, optim time :0.033875465393066406
3: Local>>>>>> step_time: 0.9327065944671631, dataloading_time : 0.0010006427764892578,forward_time :0.2553582191467285, backward_time: 0.6425266265869141, optim time :0.03381967544555664
0: Local>>>>>> step_time: 0.9327154159545898, dataloading_time : 0.0010540485382080078,forward_time :0.34996867179870605, backward_time: 0.5476667881011963, optim time :0.03402447700500488
1: Local>>>>>> step_time: 0.8462791442871094, dataloading_time : 0.0009229183197021484,forward_time :0.25302815437316895, backward_time: 0.558586597442627, optim time :0.033739566802978516
3: Local>>>>>> step_time: 0.846332311630249, dataloading_time : 0.0009405612945556641,forward_time :0.2531321048736572, backward_time: 0.5586094856262207, optim time :0.03364849090576172
2: Local>>>>>> step_time: 0.8462224006652832, dataloading_time : 0.0011255741119384766,forward_time :0.2528531551361084, backward_time: 0.5586163997650146, optim time :0.03362560272216797
0: Local>>>>>> step_time: 0.846207857131958, dataloading_time : 0.00099945068359375,forward_time :0.25315237045288086, backward_time: 0.5582678318023682, optim time :0.033786773681640625
1: Local>>>>>> step_time: 0.8521101474761963, dataloading_time : 0.0009052753448486328,forward_time :0.25524091720581055, backward_time: 0.5622744560241699, optim time :0.033686161041259766
2: Local>>>>>> step_time: 0.8520903587341309, dataloading_time : 0.0008947849273681641,forward_time :0.2548401355743408, backward_time: 0.5626804828643799, optim time :0.03367352485656738
3: Local>>>>>> step_time: 0.8520352840423584, dataloading_time : 0.0008785724639892578,forward_time :0.254941463470459, backward_time: 0.5625274181365967, optim time :0.03368663787841797
3: [Rank 3] Step 75: loss=2.9375, time=0.852s, alloc_mem=8.11 GB, peak_mem=11.68 GB
2: [Rank 2] Step 75: loss=3.5156, time=0.852s, alloc_mem=8.11 GB, peak_mem=11.68 GB
0: Local>>>>>> step_time: 0.8520472049713135, dataloading_time : 0.0008761882781982422,forward_time :0.25495386123657227, backward_time: 0.5623743534088135, optim time :0.03384137153625488
1: [Rank 1] Step 75: loss=2.3281, time=0.852s, alloc_mem=8.11 GB, peak_mem=11.68 GB
0: [Rank 0] Step 75: loss=1.8828, time=0.852s, alloc_mem=8.11 GB, peak_mem=11.68 GB
3: Local>>>>>> step_time: 0.8516404628753662, dataloading_time : 0.0008258819580078125,forward_time :0.2546195983886719, backward_time: 0.5625894069671631, optim time :0.03360438346862793
1: Local>>>>>> step_time: 0.8515868186950684, dataloading_time : 0.0008778572082519531,forward_time :0.25441527366638184, backward_time: 0.5625088214874268, optim time :0.0337831974029541
2: Local>>>>>> step_time: 0.8516478538513184, dataloading_time : 0.0007994174957275391,forward_time :0.2545278072357178, backward_time: 0.5626182556152344, optim time :0.03370070457458496
0: Local>>>>>> step_time: 0.8515627384185791, dataloading_time : 0.0009911060333251953,forward_time :0.25435972213745117, backward_time: 0.5623779296875, optim time :0.03383231163024902
1: Local>>>>>> step_time: 0.8479480743408203, dataloading_time : 0.0008485317230224609,forward_time :0.25337934494018555, backward_time: 0.5600473880767822, optim time :0.03367137908935547
2: Local>>>>>> step_time: 0.847923994064331, dataloading_time : 0.0009138584136962891,forward_time :0.25338053703308105, backward_time: 0.5600392818450928, optim time :0.03358888626098633
3: Local>>>>>> step_time: 0.8480167388916016, dataloading_time : 0.0009732246398925781,forward_time :0.2534506320953369, backward_time: 0.5599513053894043, optim time :0.033640384674072266
0: Local>>>>>> step_time: 0.847891092300415, dataloading_time : 0.0009205341339111328,forward_time :0.2534785270690918, backward_time: 0.5597701072692871, optim time :0.033719539642333984
3: Local>>>>>> step_time: 0.8506083488464355, dataloading_time : 0.0008699893951416016,forward_time :0.2546041011810303, backward_time: 0.5615561008453369, optim time :0.03357672691345215
1: Local>>>>>> step_time: 0.8507206439971924, dataloading_time : 0.0008544921875,forward_time :0.2545928955078125, backward_time: 0.5615627765655518, optim time :0.03370928764343262
2: Local>>>>>> step_time: 0.8507585525512695, dataloading_time : 0.0007953643798828125,forward_time :0.25475215911865234, backward_time: 0.5617415904998779, optim time :0.033468008041381836
0: Local>>>>>> step_time: 0.8506338596343994, dataloading_time : 0.0009377002716064453,forward_time :0.2545645236968994, backward_time: 0.5614218711853027, optim time :0.03370785713195801
1: Local>>>>>> step_time: 0.8527843952178955, dataloading_time : 0.0008459091186523438,forward_time :0.254427433013916, backward_time: 0.5637712478637695, optim time :0.03373837471008301
2: Local>>>>>> step_time: 0.8526706695556641, dataloading_time : 0.0009202957153320312,forward_time :0.25440335273742676, backward_time: 0.5637602806091309, optim time :0.0335845947265625
3: Local>>>>>> step_time: 0.8528368473052979, dataloading_time : 0.0008630752563476562,forward_time :0.2545905113220215, backward_time: 0.5637240409851074, optim time :0.03365778923034668
0: Local>>>>>> step_time: 0.8527562618255615, dataloading_time : 0.0008227825164794922,forward_time :0.2545650005340576, backward_time: 0.5635778903961182, optim time :0.03378915786743164
1: Local>>>>>> step_time: 0.8544511795043945, dataloading_time : 0.0008451938629150391,forward_time :0.2546062469482422, backward_time: 0.5652549266815186, optim time :0.03374338150024414
2: Local>>>>>> step_time: 0.8545351028442383, dataloading_time : 0.0008807182312011719,forward_time :0.2547152042388916, backward_time: 0.5652084350585938, optim time :0.03372931480407715
3: Local>>>>>> step_time: 0.8544788360595703, dataloading_time : 0.0008726119995117188,forward_time :0.25494980812072754, backward_time: 0.5649480819702148, optim time :0.0337064266204834
2: [Rank 2] Step 80: loss=2.4375, time=0.855s, alloc_mem=8.11 GB, peak_mem=11.68 GB
0: Local>>>>>> step_time: 0.8544750213623047, dataloading_time : 0.0008981227874755859,forward_time :0.2549257278442383, backward_time: 0.5648097991943359, optim time :0.03383922576904297
3: [Rank 3] Step 80: loss=3.3750, time=0.854s, alloc_mem=8.11 GB, peak_mem=11.68 GB
1: [Rank 1] Step 80: loss=2.7344, time=0.854s, alloc_mem=8.11 GB, peak_mem=11.68 GB
0: [Rank 0] Step 80: loss=2.6719, time=0.854s, alloc_mem=8.11 GB, peak_mem=11.68 GB
2: Local>>>>>> step_time: 0.8519227504730225, dataloading_time : 0.0007920265197753906,forward_time :0.2555255889892578, backward_time: 0.5618011951446533, optim time :0.03380274772644043
3: Local>>>>>> step_time: 0.8519210815429688, dataloading_time : 0.0009021759033203125,forward_time :0.2553884983062744, backward_time: 0.56180739402771, optim time :0.03382086753845215
1: Local>>>>>> step_time: 0.8520200252532959, dataloading_time : 0.0010211467742919922,forward_time :0.2552626132965088, backward_time: 0.5617930889129639, optim time :0.03394150733947754
0: Local>>>>>> step_time: 0.8519392013549805, dataloading_time : 0.0009396076202392578,forward_time :0.2554466724395752, backward_time: 0.5615439414978027, optim time :0.03400754928588867
1: Local>>>>>> step_time: 0.8545169830322266, dataloading_time : 0.0008730888366699219,forward_time :0.25528454780578613, backward_time: 0.5646867752075195, optim time :0.033670902252197266
2: Local>>>>>> step_time: 0.8546154499053955, dataloading_time : 0.0008368492126464844,forward_time :0.2553749084472656, backward_time: 0.5648086071014404, optim time :0.03359341621398926
3: Local>>>>>> step_time: 0.8545689582824707, dataloading_time : 0.0008883476257324219,forward_time :0.2553410530090332, backward_time: 0.5647718906402588, optim time :0.03356623649597168
0: Local>>>>>> step_time: 0.8545382022857666, dataloading_time : 0.0009300708770751953,forward_time :0.2552647590637207, backward_time: 0.5645792484283447, optim time :0.03376293182373047
1: Local>>>>>> step_time: 0.8509142398834229, dataloading_time : 0.0008859634399414062,forward_time :0.2546963691711426, backward_time: 0.5616250038146973, optim time :0.033705711364746094
2: Local>>>>>> step_time: 0.8509323596954346, dataloading_time : 0.0008366107940673828,forward_time :0.2549102306365967, backward_time: 0.5615718364715576, optim time :0.03361177444458008
3: Local>>>>>> step_time: 0.8509364128112793, dataloading_time : 0.0008921623229980469,forward_time :0.2548182010650635, backward_time: 0.5616343021392822, optim time :0.03358960151672363
0: Local>>>>>> step_time: 0.8508005142211914, dataloading_time : 0.0009195804595947266,forward_time :0.25466299057006836, backward_time: 0.5614948272705078, optim time :0.0337214469909668
1: Local>>>>>> step_time: 0.8512129783630371, dataloading_time : 0.0008709430694580078,forward_time :0.2541983127593994, backward_time: 0.5624885559082031, optim time :0.03365302085876465
2: Local>>>>>> step_time: 0.8511760234832764, dataloading_time : 0.0008382797241210938,forward_time :0.254260778427124, backward_time: 0.5625460147857666, optim time :0.03352975845336914
3: Local>>>>>> step_time: 0.8512229919433594, dataloading_time : 0.0009546279907226562,forward_time :0.2541806697845459, backward_time: 0.5625300407409668, optim time :0.033556461334228516
0: Local>>>>>> step_time: 0.8512332439422607, dataloading_time : 0.0009138584136962891,forward_time :0.2541816234588623, backward_time: 0.5624148845672607, optim time :0.033721208572387695
2: Local>>>>>> step_time: 0.8533809185028076, dataloading_time : 0.0008242130279541016,forward_time :0.25365757942199707, backward_time: 0.5652601718902588, optim time :0.033637285232543945
3: Local>>>>>> step_time: 0.8533670902252197, dataloading_time : 0.0008368492126464844,forward_time :0.25368499755859375, backward_time: 0.5652065277099609, optim time :0.03363752365112305
1: Local>>>>>> step_time: 0.8533754348754883, dataloading_time : 0.0008690357208251953,forward_time :0.25356531143188477, backward_time: 0.565213680267334, optim time :0.033725738525390625
0: Local>>>>>> step_time: 0.8533403873443604, dataloading_time : 0.0008580684661865234,forward_time :0.2535111904144287, backward_time: 0.5651443004608154, optim time :0.03382539749145508
2: [Rank 2] Step 85: loss=1.2578, time=0.853s, alloc_mem=8.11 GB, peak_mem=11.68 GB
3: [Rank 3] Step 85: loss=2.7344, time=0.853s, alloc_mem=8.11 GB, peak_mem=11.68 GB
1: [Rank 1] Step 85: loss=2.9531, time=0.853s, alloc_mem=8.11 GB, peak_mem=11.68 GB
0: [Rank 0] Step 85: loss=2.2031, time=0.853s, alloc_mem=8.11 GB, peak_mem=11.68 GB
1: Local>>>>>> step_time: 0.8513269424438477, dataloading_time : 0.0008153915405273438,forward_time :0.25588226318359375, backward_time: 0.5609126091003418, optim time :0.033715248107910156
2: Local>>>>>> step_time: 0.8512783050537109, dataloading_time : 0.0008091926574707031,forward_time :0.25589537620544434, backward_time: 0.5609993934631348, optim time :0.03357267379760742
3: Local>>>>>> step_time: 0.8512454032897949, dataloading_time : 0.0008561611175537109,forward_time :0.2559206485748291, backward_time: 0.5609076023101807, optim time :0.03355979919433594
0: Local>>>>>> step_time: 0.8512270450592041, dataloading_time : 0.0008525848388671875,forward_time :0.2558155059814453, backward_time: 0.560753583908081, optim time :0.03380322456359863
1: Local>>>>>> step_time: 0.8531811237335205, dataloading_time : 0.0009348392486572266,forward_time :0.25435686111450195, backward_time: 0.5641577243804932, optim time :0.033730268478393555
2: Local>>>>>> step_time: 0.8532700538635254, dataloading_time : 0.0008363723754882812,forward_time :0.25451183319091797, backward_time: 0.5642266273498535, optim time :0.033693790435791016
3: Local>>>>>> step_time: 0.8532578945159912, dataloading_time : 0.0008594989776611328,forward_time :0.25462913513183594, backward_time: 0.56412672996521, optim time :0.03364086151123047
0: Local>>>>>> step_time: 0.8531198501586914, dataloading_time : 0.0009000301361083984,forward_time :0.25446176528930664, backward_time: 0.5640134811401367, optim time :0.03374290466308594
1: Local>>>>>> step_time: 0.8511073589324951, dataloading_time : 0.0008196830749511719,forward_time :0.25490832328796387, backward_time: 0.5616230964660645, optim time :0.03375506401062012
2: Local>>>>>> step_time: 0.8510699272155762, dataloading_time : 0.0008559226989746094,forward_time :0.2548866271972656, backward_time: 0.5616674423217773, optim time :0.033658504486083984
3: Local>>>>>> step_time: 0.8511018753051758, dataloading_time : 0.0009229183197021484,forward_time :0.25490665435791016, backward_time: 0.5616319179534912, optim time :0.03363919258117676
0: Local>>>>>> step_time: 0.8510982990264893, dataloading_time : 0.0009610652923583984,forward_time :0.25478577613830566, backward_time: 0.56156325340271, optim time :0.03378629684448242
2: Local>>>>>> step_time: 0.8500440120697021, dataloading_time : 0.0008122920989990234,forward_time :0.2537858486175537, backward_time: 0.5618610382080078, optim time :0.03358268737792969
1: Local>>>>>> step_time: 0.8500549793243408, dataloading_time : 0.0008721351623535156,forward_time :0.25363707542419434, backward_time: 0.5618476867675781, optim time :0.033696889877319336
3: Local>>>>>> step_time: 0.8500995635986328, dataloading_time : 0.0008709430694580078,forward_time :0.25379228591918945, backward_time: 0.5617802143096924, optim time :0.03365445137023926
0: Local>>>>>> step_time: 0.8500041961669922, dataloading_time : 0.0008907318115234375,forward_time :0.25365304946899414, backward_time: 0.561741828918457, optim time :0.033716440200805664
2: Local>>>>>> step_time: 0.8509297370910645, dataloading_time : 0.0008549690246582031,forward_time :0.2538719177246094, backward_time: 0.5616557598114014, optim time :0.0345454216003418
1: Local>>>>>> step_time: 0.8509483337402344, dataloading_time : 0.00084686279296875,forward_time :0.2537245750427246, backward_time: 0.5616812705993652, optim time :0.03469443321228027
3: Local>>>>>> step_time: 0.8509261608123779, dataloading_time : 0.0008704662322998047,forward_time :0.25380945205688477, backward_time: 0.5616593360900879, optim time :0.034584760665893555
2: [Rank 2] Step 90: loss=2.4375, time=0.851s, alloc_mem=8.11 GB, peak_mem=11.68 GB
0: Local>>>>>> step_time: 0.8509953022003174, dataloading_time : 0.0008416175842285156,forward_time :0.2538337707519531, backward_time: 0.5617015361785889, optim time :0.034616708755493164
3: [Rank 3] Step 90: loss=3.2344, time=0.851s, alloc_mem=8.11 GB, peak_mem=11.68 GB
1: [Rank 1] Step 90: loss=2.9531, time=0.851s, alloc_mem=8.11 GB, peak_mem=11.68 GB
0: [Rank 0] Step 90: loss=3.2031, time=0.851s, alloc_mem=8.11 GB, peak_mem=11.68 GB
1: Local>>>>>> step_time: 0.851250171661377, dataloading_time : 0.0008876323699951172,forward_time :0.2538001537322998, backward_time: 0.562852144241333, optim time :0.03370857238769531
2: Local>>>>>> step_time: 0.851320743560791, dataloading_time : 0.0007839202880859375,forward_time :0.2540709972381592, backward_time: 0.5628697872161865, optim time :0.033594608306884766
3: Local>>>>>> step_time: 0.8512599468231201, dataloading_time : 0.0008370876312255859,forward_time :0.25406789779663086, backward_time: 0.5627560615539551, optim time :0.03359675407409668
0: Local>>>>>> step_time: 0.8511686325073242, dataloading_time : 0.0008378028869628906,forward_time :0.25392580032348633, backward_time: 0.5626475811004639, optim time :0.03375577926635742
1: Local>>>>>> step_time: 0.8447785377502441, dataloading_time : 0.0008630752563476562,forward_time :0.25391197204589844, backward_time: 0.5562849044799805, optim time :0.03371691703796387
2: Local>>>>>> step_time: 0.8447554111480713, dataloading_time : 0.0008637905120849609,forward_time :0.25394392013549805, backward_time: 0.5563299655914307, optim time :0.03361654281616211
3: Local>>>>>> step_time: 0.8448050022125244, dataloading_time : 0.0008182525634765625,forward_time :0.25402045249938965, backward_time: 0.5562715530395508, optim time :0.033693790435791016
0: Local>>>>>> step_time: 0.8447616100311279, dataloading_time : 0.0009019374847412109,forward_time :0.2539496421813965, backward_time: 0.5561025142669678, optim time :0.03380584716796875
1: Local>>>>>> step_time: 0.8513877391815186, dataloading_time : 0.00086212158203125,forward_time :0.25421643257141113, backward_time: 0.562626838684082, optim time :0.03368091583251953
2: Local>>>>>> step_time: 0.8514065742492676, dataloading_time : 0.0008132457733154297,forward_time :0.2543759346008301, backward_time: 0.5626177787780762, optim time :0.03359818458557129
3: Local>>>>>> step_time: 0.8513438701629639, dataloading_time : 0.0008409023284912109,forward_time :0.25433897972106934, backward_time: 0.5625607967376709, optim time :0.03360128402709961
0: Local>>>>>> step_time: 0.8512921333312988, dataloading_time : 0.0009050369262695312,forward_time :0.25421667098999023, backward_time: 0.5624427795410156, optim time :0.03372621536254883
1: Local>>>>>> step_time: 0.8542461395263672, dataloading_time : 0.0008001327514648438,forward_time :0.2544882297515869, backward_time: 0.564967155456543, optim time :0.03398847579956055
2: Local>>>>>> step_time: 0.8542234897613525, dataloading_time : 0.0008187294006347656,forward_time :0.25466299057006836, backward_time: 0.5648550987243652, optim time :0.03388524055480957
3: Local>>>>>> step_time: 0.8542699813842773, dataloading_time : 0.0007784366607666016,forward_time :0.2546095848083496, backward_time: 0.5652437210083008, optim time :0.03363442420959473
0: Local>>>>>> step_time: 0.8542075157165527, dataloading_time : 0.0009655952453613281,forward_time :0.2544121742248535, backward_time: 0.5648045539855957, optim time :0.03402352333068848
1: Local>>>>>> step_time: 0.85463547706604, dataloading_time : 0.0008788108825683594,forward_time :0.25350236892700195, backward_time: 0.5665178298950195, optim time :0.03373432159423828
2: Local>>>>>> step_time: 0.8546645641326904, dataloading_time : 0.0008730888366699219,forward_time :0.253631591796875, backward_time: 0.5665082931518555, optim time :0.03365063667297363
3: Local>>>>>> step_time: 0.8546221256256104, dataloading_time : 0.0008816719055175781,forward_time :0.2536287307739258, backward_time: 0.5664753913879395, optim time :0.03363490104675293
0: Local>>>>>> step_time: 0.8545823097229004, dataloading_time : 0.0009562969207763672,forward_time :0.2534973621368408, backward_time: 0.5663836002349854, optim time :0.03374361991882324
3: [Rank 3] Step 95: loss=3.3125, time=0.855s, alloc_mem=8.11 GB, peak_mem=11.68 GB
2: [Rank 2] Step 95: loss=2.4062, time=0.855s, alloc_mem=8.11 GB, peak_mem=11.68 GB
1: [Rank 1] Step 95: loss=2.8906, time=0.855s, alloc_mem=8.11 GB, peak_mem=11.68 GB
0: [Rank 0] Step 95: loss=2.2656, time=0.855s, alloc_mem=8.11 GB, peak_mem=11.68 GB
1: Local>>>>>> step_time: 0.8529422283172607, dataloading_time : 0.0007832050323486328,forward_time :0.254840612411499, backward_time: 0.5636944770812988, optim time :0.03362250328063965
2: Local>>>>>> step_time: 0.8529007434844971, dataloading_time : 0.0008249282836914062,forward_time :0.2548797130584717, backward_time: 0.5636758804321289, optim time :0.03351879119873047
3: Local>>>>>> step_time: 0.8528926372528076, dataloading_time : 0.0008122920989990234,forward_time :0.25492310523986816, backward_time: 0.5636498928070068, optim time :0.03350543975830078
0: Local>>>>>> step_time: 0.8529164791107178, dataloading_time : 0.0008795261383056641,forward_time :0.2548651695251465, backward_time: 0.5634710788726807, optim time :0.03369879722595215
1: Local>>>>>> step_time: 0.8528919219970703, dataloading_time : 0.0008511543273925781,forward_time :0.25405263900756836, backward_time: 0.564307689666748, optim time :0.03367948532104492
2: Local>>>>>> step_time: 0.8529651165008545, dataloading_time : 0.0008792877197265625,forward_time :0.2542858123779297, backward_time: 0.5641534328460693, optim time :0.0336451530456543
3: Local>>>>>> step_time: 0.8529553413391113, dataloading_time : 0.0008699893951416016,forward_time :0.25420689582824707, backward_time: 0.5642576217651367, optim time :0.03361964225769043
0: Local>>>>>> step_time: 0.8528549671173096, dataloading_time : 0.0008993148803710938,forward_time :0.25408935546875, backward_time: 0.5641419887542725, optim time :0.03372311592102051
1: Local>>>>>> step_time: 0.8511261940002441, dataloading_time : 0.0009050369262695312,forward_time :0.25409841537475586, backward_time: 0.562403678894043, optim time :0.03371739387512207
0: Local>>>>>> step_time: 0.8511009216308594, dataloading_time : 0.0008921623229980469,forward_time :0.25421833992004395, backward_time: 0.562222957611084, optim time :0.03376579284667969
2: Local>>>>>> step_time: 0.85111403465271, dataloading_time : 0.0008831024169921875,forward_time :0.25414466857910156, backward_time: 0.5624289512634277, optim time :0.033655643463134766
3: Local>>>>>> step_time: 0.8511128425598145, dataloading_time : 0.0009007453918457031,forward_time :0.2541825771331787, backward_time: 0.562401294708252, optim time :0.03362679481506348
1: Local>>>>>> step_time: 0.851090669631958, dataloading_time : 0.0009138584136962891,forward_time :0.25426721572875977, backward_time: 0.5623204708099365, optim time :0.03358793258666992
2: Local>>>>>> step_time: 0.8510599136352539, dataloading_time : 0.0008227825164794922,forward_time :0.2543778419494629, backward_time: 0.5623538494110107, optim time :0.03350377082824707
3: Local>>>>>> step_time: 0.8511340618133545, dataloading_time : 0.0008528232574462891,forward_time :0.2544121742248535, backward_time: 0.5623264312744141, optim time :0.033541202545166016
2: [Rank 2] Step 99: loss=2.3281, time=0.851s, alloc_mem=8.11 GB, peak_mem=11.68 GB
3: [Rank 3] Step 99: loss=2.0938, time=0.851s, alloc_mem=8.11 GB, peak_mem=11.68 GB
1: [Rank 1] Step 99: loss=3.0000, time=0.851s, alloc_mem=8.11 GB, peak_mem=11.68 GB
0: Local>>>>>> step_time: 0.8512687683105469, dataloading_time : 0.0009601116180419922,forward_time :0.25428247451782227, backward_time: 0.562143087387085, optim time :0.03388166427612305
2: 
2: ============================================================
2: [Rank 2] FINAL RESULTS
2:   Config: configs/baseline.json
2:   Model: hidden_dim=2048, num_layers=32
2:   Parameters: 1,818,416,209
2:   Batch size: 8, Seq length: 512
2:   Average step time: 0.924s
2:   Peak memory: 11.68 GB
2:   Final allocated memory: 8.11 GB
2: ============================================================
2: SUMMARY: config=configs/baseline.json params=1818416209 peak_mem_bytes=12537327616 alloc_mem_bytes=8704390656 avg_step_time=0.9244
3: 
3: ============================================================
3: [Rank 3] FINAL RESULTS
3:   Config: configs/baseline.json
3:   Model: hidden_dim=2048, num_layers=32
3:   Parameters: 1,818,416,209
3:   Batch size: 8, Seq length: 512
3:   Average step time: 0.924s
3:   Peak memory: 11.68 GB
3:   Final allocated memory: 8.11 GB
3: ============================================================
3: SUMMARY: config=configs/baseline.json params=1818416209 peak_mem_bytes=12537327616 alloc_mem_bytes=8704390656 avg_step_time=0.9244
1: 
1: ============================================================
1: [Rank 1] FINAL RESULTS
1:   Config: configs/baseline.json
1:   Model: hidden_dim=2048, num_layers=32
1:   Parameters: 1,818,416,209
1:   Batch size: 8, Seq length: 512
1:   Average step time: 0.924s
1:   Peak memory: 11.68 GB
1:   Final allocated memory: 8.11 GB
1: ============================================================
1: SUMMARY: config=configs/baseline.json params=1818416209 peak_mem_bytes=12537311232 alloc_mem_bytes=8704390656 avg_step_time=0.9244
0: [Rank 0] Step 99: loss=2.6875, time=0.851s, alloc_mem=8.11 GB, peak_mem=11.68 GB
0: 
0: ============================================================
0: [Rank 0] FINAL RESULTS
0:   Config: configs/baseline.json
0:   Model: hidden_dim=2048, num_layers=32
0:   Parameters: 1,818,416,209
0:   Batch size: 8, Seq length: 512
0:   Average step time: 0.856s
0:   Peak memory: 11.68 GB
0:   Final allocated memory: 8.11 GB
0: ============================================================
0: SUMMARY: config=configs/baseline.json params=1818416209 peak_mem_bytes=12537327616 alloc_mem_bytes=8704390656 avg_step_time=0.8563
0: Loss history saved to: logs/baseline_loss.csv
1: [rank1]:[W212 14:09:11.059905399 ProcessGroupNCCL.cpp:1250] Warning: WARNING: process group has NOT been destroyed before we destruct ProcessGroupNCCL. On normal program exit, the application should call destroy_process_group to ensure that any pending NCCL operations have finished in this process. In rare cases this process can exit before this point and block the progress of another member of the process group. This constraint has always been present,  but this warning has only been added since PyTorch 2.4 (function operator())
3: [rank3]:[W212 14:09:11.085824709 ProcessGroupNCCL.cpp:1250] Warning: WARNING: process group has NOT been destroyed before we destruct ProcessGroupNCCL. On normal program exit, the application should call destroy_process_group to ensure that any pending NCCL operations have finished in this process. In rare cases this process can exit before this point and block the progress of another member of the process group. This constraint has always been present,  but this warning has only been added since PyTorch 2.4 (function operator())
2: [rank2]:[W212 14:09:11.127287529 ProcessGroupNCCL.cpp:1250] Warning: WARNING: process group has NOT been destroyed before we destruct ProcessGroupNCCL. On normal program exit, the application should call destroy_process_group to ensure that any pending NCCL operations have finished in this process. In rare cases this process can exit before this point and block the progress of another member of the process group. This constraint has always been present,  but this warning has only been added since PyTorch 2.4 (function operator())
0: [rank0]:[W212 14:09:12.171559479 ProcessGroupNCCL.cpp:1250] Warning: WARNING: process group has NOT been destroyed before we destruct ProcessGroupNCCL. On normal program exit, the application should call destroy_process_group to ensure that any pending NCCL operations have finished in this process. In rare cases this process can exit before this point and block the progress of another member of the process group. This constraint has always been present,  but this warning has only been added since PyTorch 2.4 (function operator())
