Warning: The cache directory for DeepSpeed Triton autotune, /home/bigyang/.triton/autotune, appears to be on an NFS system. While this is generally acceptable, if you experience slowdowns or hanging when DeepSpeed exits, it is recommended to set the TRITON_CACHE_DIR environment variable to a non-NFS path.
[2026-01-21 15:29:29,249] [WARNING] [runner.py:232:fetch_hostfile] Unable to find hostfile, will proceed with training with local resources only.
Detected VISIBLE_DEVICES=0,1 but ignoring it because one or several of --include/--exclude/--num_gpus/--num_nodes cl args were used. If you want to use CUDA_VISIBLE_DEVICES don't pass any of these arguments to deepspeed.
[2026-01-21 15:29:29,249] [INFO] [runner.py:630:main] cmd = /home/bigyang/micromamba/envs/ds-hf/bin/python -u -m deepspeed.launcher.launch --world_info=eyJsb2NhbGhvc3QiOiBbMCwgMV19 --master_addr=127.0.0.1 --master_port=29600 --enable_each_rank_log=None --log_level=info train.py --deepspeed_config configs/baseline.json --num_layers 12 --hidden_dim 1024 --batch_size 32 --seq_length 512 --num_steps 7 --warmup_steps 5 --activation_checkpointing --use_real_data --seed 42
Warning: The cache directory for DeepSpeed Triton autotune, /home/bigyang/.triton/autotune, appears to be on an NFS system. While this is generally acceptable, if you experience slowdowns or hanging when DeepSpeed exits, it is recommended to set the TRITON_CACHE_DIR environment variable to a non-NFS path.
[2026-01-21 15:29:34,037] [INFO] [launch.py:162:main] WORLD INFO DICT: {'localhost': [0, 1]}
[2026-01-21 15:29:34,037] [INFO] [launch.py:168:main] nnodes=1, num_local_procs=2, node_rank=0
[2026-01-21 15:29:34,037] [INFO] [launch.py:179:main] global_rank_mapping=defaultdict(<class 'list'>, {'localhost': [0, 1]})
[2026-01-21 15:29:34,037] [INFO] [launch.py:180:main] dist_world_size=2
[2026-01-21 15:29:34,037] [INFO] [launch.py:184:main] Setting CUDA_VISIBLE_DEVICES=0,1
[2026-01-21 15:29:34,038] [INFO] [launch.py:272:main] process 1596408 spawned with command: ['/home/bigyang/micromamba/envs/ds-hf/bin/python', '-u', 'train.py', '--local_rank=0', '--deepspeed_config', 'configs/baseline.json', '--num_layers', '12', '--hidden_dim', '1024', '--batch_size', '32', '--seq_length', '512', '--num_steps', '7', '--warmup_steps', '5', '--activation_checkpointing', '--use_real_data', '--seed', '42']
[2026-01-21 15:29:34,039] [INFO] [launch.py:272:main] process 1596409 spawned with command: ['/home/bigyang/micromamba/envs/ds-hf/bin/python', '-u', 'train.py', '--local_rank=1', '--deepspeed_config', 'configs/baseline.json', '--num_layers', '12', '--hidden_dim', '1024', '--batch_size', '32', '--seq_length', '512', '--num_steps', '7', '--warmup_steps', '5', '--activation_checkpointing', '--use_real_data', '--seed', '42']
Warning: The cache directory for DeepSpeed Triton autotune, /home/bigyang/.triton/autotune, appears to be on an NFS system. While this is generally acceptable, if you experience slowdowns or hanging when DeepSpeed exits, it is recommended to set the TRITON_CACHE_DIR environment variable to a non-NFS path.
Warning: The cache directory for DeepSpeed Triton autotune, /home/bigyang/.triton/autotune, appears to be on an NFS system. While this is generally acceptable, if you experience slowdowns or hanging when DeepSpeed exits, it is recommended to set the TRITON_CACHE_DIR environment variable to a non-NFS path.
[Rank 0] Loading wikitext dataset...
[Rank 1] Loading wikitext dataset...
[Rank 1] Dataset loaded: 39531 examples, vocab_size=50257
[Rank 1] Creating model with hidden_dim=1024, num_layers=12, num_heads=16, vocab_size=50257
[Rank 0] Dataset loaded: 39531 examples, vocab_size=50257
[Rank 0] Creating model with hidden_dim=1024, num_layers=12, num_heads=16, vocab_size=50257
[Rank 1] Model parameters: 254,655,569 total, 254,655,569 trainable
[Rank 1] Activation checkpointing enabled
[Rank 0] Model parameters: 254,655,569 total, 254,655,569 trainable
[Rank 0] Activation checkpointing enabled
/home/bigyang/micromamba/envs/ds-hf/lib/python3.11/site-packages/torch/utils/cpp_extension.py:1964: UserWarning: TORCH_CUDA_ARCH_LIST is not set, all archs for visible cards are included for compilation. 
If this is not desired, please set os.environ['TORCH_CUDA_ARCH_LIST'].
  warnings.warn(
[Rank 1] DeepSpeed initialized with config: configs/baseline.json
[Rank 1] Memory after init: allocated=0.95 GB, reserved=1.66 GB
Before initializing optimizer states
MA 0.95 GB         Max_MA 1.19 GB         CA 1.19 GB         Max_CA 1 GB 
CPU Virtual Memory:  used = 29.77 GB, percent = 1.5%
After initializing optimizer states
MA 0.95 GB         Max_MA 1.42 GB         CA 1.66 GB         Max_CA 2 GB 
CPU Virtual Memory:  used = 29.83 GB, percent = 1.5%
After initializing ZeRO optimizer
MA 0.95 GB         Max_MA 0.95 GB         CA 1.66 GB         Max_CA 2 GB 
CPU Virtual Memory:  used = 29.86 GB, percent = 1.5%
[Rank 0] DeepSpeed initialized with config: configs/baseline.json
[Rank 0] Memory after init: allocated=0.95 GB, reserved=1.66 GB
[Rank 0] time (ms) | optimizer_allgather: 7.89 | optimizer_gradients: 0.93 | optimizer_step: 1.81
[Rank 0] time (ms) | fwd_microstep: 148.16 | bwd_microstep: 152.08 | bwd_inner_microstep: 151.13 | bwd_allreduce_microstep: 0.89 | step_microstep: 60.25
[Rank 0] time (ms) | fwd: 148.15 | bwd: 152.08 | bwd_inner: 151.14 | bwd_allreduce: 0.88 | step: 60.25
[Rank 1] Step 0: loss=11.5625, time=0.998s, alloc_mem=3.49 GB, peak_mem=7.52 GB
[Rank 0] Step 0: loss=11.5625, time=0.472s, alloc_mem=3.49 GB, peak_mem=7.52 GB
[Rank 0] time (ms) | optimizer_allgather: 1.51 | optimizer_gradients: 0.91 | optimizer_step: 1.46
[Rank 0] time (ms) | fwd_microstep: 43.10 | bwd_microstep: 97.54 | bwd_inner_microstep: 96.70 | bwd_allreduce_microstep: 0.79 | step_microstep: 5.67
[Rank 0] time (ms) | fwd: 43.10 | bwd: 97.55 | bwd_inner: 96.72 | bwd_allreduce: 0.79 | step: 5.68
[Rank 0] time (ms) | optimizer_allgather: 1.49 | optimizer_gradients: 0.91 | optimizer_step: 1.47
[Rank 0] time (ms) | fwd_microstep: 43.18 | bwd_microstep: 98.36 | bwd_inner_microstep: 97.52 | bwd_allreduce_microstep: 0.78 | step_microstep: 5.69
[Rank 0] time (ms) | fwd: 43.17 | bwd: 98.37 | bwd_inner: 97.53 | bwd_allreduce: 0.78 | step: 5.68
[Rank 0] time (ms) | optimizer_allgather: 1.49 | optimizer_gradients: 0.91 | optimizer_step: 1.46
[Rank 0] time (ms) | fwd_microstep: 43.01 | bwd_microstep: 97.86 | bwd_inner_microstep: 97.02 | bwd_allreduce_microstep: 0.77 | step_microstep: 5.65
[Rank 0] time (ms) | fwd: 43.01 | bwd: 97.86 | bwd_inner: 97.05 | bwd_allreduce: 0.77 | step: 5.65
[Rank 0] time (ms) | optimizer_allgather: 1.50 | optimizer_gradients: 0.91 | optimizer_step: 1.46
[Rank 0] time (ms) | fwd_microstep: 43.32 | bwd_microstep: 97.97 | bwd_inner_microstep: 97.16 | bwd_allreduce_microstep: 0.77 | step_microstep: 5.68
[Rank 0] time (ms) | fwd: 43.31 | bwd: 97.97 | bwd_inner: 97.17 | bwd_allreduce: 0.77 | step: 5.68
[Rank 0] time (ms) | optimizer_allgather: 1.51 | optimizer_gradients: 0.91 | optimizer_step: 1.46
[Rank 0] time (ms) | fwd_microstep: 43.25 | bwd_microstep: 97.78 | bwd_inner_microstep: 96.94 | bwd_allreduce_microstep: 0.79 | step_microstep: 5.66
Local>>>>>> step_time: 0.15212607383728027, dataloading_time : 0.0007052421569824219,forward_time :0.00766301155090332, backward_time: 0.137847900390625, optim time :0.005908489227294922
[Rank 0] time (ms) | fwd: 43.25 | bwd: 97.78 | bwd_inner: 96.95 | bwd_allreduce: 0.79 | step: 5.66
Local>>>>>> step_time: 0.15210270881652832, dataloading_time : 0.0006935596466064453,forward_time :0.0076868534088134766, backward_time: 0.1378021240234375, optim time :0.0059185028076171875
[Rank 1] Step 5: loss=3.9844, time=0.152s, alloc_mem=3.49 GB, peak_mem=8.50 GB
[Rank 0] Step 5: loss=3.5312, time=0.152s, alloc_mem=3.49 GB, peak_mem=8.50 GB
[Rank 0] time (ms) | optimizer_allgather: 1.49 | optimizer_gradients: 0.91 | optimizer_step: 1.45
[Rank 0] time (ms) | fwd_microstep: 43.30 | bwd_microstep: 97.86 | bwd_inner_microstep: 97.06 | bwd_allreduce_microstep: 0.75 | step_microstep: 5.65
[Rank 0] time (ms) | fwd: 43.29 | bwd: 97.87 | bwd_inner: 97.07 | bwd_allreduce: 0.76 | step: 5.65
Local>>>>>> step_time: 0.15228724479675293, dataloading_time : 0.000682830810546875,forward_time :0.007712602615356445, backward_time: 0.13797593116760254, optim time :0.0059146881103515625
Local>>>>>> step_time: 0.15225911140441895, dataloading_time : 0.0007395744323730469,forward_time :0.0077190399169921875, backward_time: 0.13791227340698242, optim time :0.00588679313659668
[Rank 1] Step 6: loss=2.9844, time=0.152s, alloc_mem=3.49 GB, peak_mem=8.50 GB
[Rank 0] Step 6: loss=2.6719, time=0.152s, alloc_mem=3.49 GB, peak_mem=8.50 GB

============================================================
[Rank 0] FINAL RESULTS
  Config: configs/baseline.json
  Model: hidden_dim=1024, num_layers=12
  Parameters: 254,655,569
  Batch size: 32, Seq length: 512
  Average step time: 0.152s
  Peak memory: 8.50 GB
  Final allocated memory: 3.49 GB
============================================================
SUMMARY: config=configs/baseline.json params=254655569 peak_mem_bytes=9128710144 alloc_mem_bytes=3752032768 avg_step_time=0.1522

============================================================
[Rank 1] FINAL RESULTS
  Config: configs/baseline.json
  Model: hidden_dim=1024, num_layers=12
  Parameters: 254,655,569
  Batch size: 32, Seq length: 512
  Average step time: 0.152s
  Peak memory: 8.50 GB
  Final allocated memory: 3.49 GB
============================================================
SUMMARY: config=configs/baseline.json params=254655569 peak_mem_bytes=9128710144 alloc_mem_bytes=3752032768 avg_step_time=0.1522
[rank0]:[W121 15:29:47.309243862 ProcessGroupNCCL.cpp:1250] Warning: WARNING: process group has NOT been destroyed before we destruct ProcessGroupNCCL. On normal program exit, the application should call destroy_process_group to ensure that any pending NCCL operations have finished in this process. In rare cases this process can exit before this point and block the progress of another member of the process group. This constraint has always been present,  but this warning has only been added since PyTorch 2.4 (function operator())
[2026-01-21 15:29:49,040] [INFO] [launch.py:367:main] Process 1596408 exits successfully.
[2026-01-21 15:29:50,041] [INFO] [launch.py:367:main] Process 1596409 exits successfully.
