Warning: The cache directory for DeepSpeed Triton autotune, /home/bigyang/.triton/autotune, appears to be on an NFS system. While this is generally acceptable, if you experience slowdowns or hanging when DeepSpeed exits, it is recommended to set the TRITON_CACHE_DIR environment variable to a non-NFS path.
[2026-01-20 12:24:46,281] [WARNING] [runner.py:232:fetch_hostfile] Unable to find hostfile, will proceed with training with local resources only.
Detected VISIBLE_DEVICES=0,1 but ignoring it because one or several of --include/--exclude/--num_gpus/--num_nodes cl args were used. If you want to use CUDA_VISIBLE_DEVICES don't pass any of these arguments to deepspeed.
[2026-01-20 12:24:46,281] [INFO] [runner.py:630:main] cmd = /home/bigyang/micromamba/envs/ds-hf/bin/python -u -m deepspeed.launcher.launch --world_info=eyJsb2NhbGhvc3QiOiBbMCwgMV19 --master_addr=127.0.0.1 --master_port=29600 --enable_each_rank_log=None --log_level=info train.py --deepspeed_config configs/baseline.json --num_layers 32 --hidden_dim 4096 --batch_size 1 --seq_length 512 --num_steps 20 --warmup_steps 5 --activation_checkpointing --use_real_data --seed 42
Warning: The cache directory for DeepSpeed Triton autotune, /home/bigyang/.triton/autotune, appears to be on an NFS system. While this is generally acceptable, if you experience slowdowns or hanging when DeepSpeed exits, it is recommended to set the TRITON_CACHE_DIR environment variable to a non-NFS path.
[2026-01-20 12:24:53,642] [INFO] [launch.py:162:main] WORLD INFO DICT: {'localhost': [0, 1]}
[2026-01-20 12:24:53,642] [INFO] [launch.py:168:main] nnodes=1, num_local_procs=2, node_rank=0
[2026-01-20 12:24:53,643] [INFO] [launch.py:179:main] global_rank_mapping=defaultdict(<class 'list'>, {'localhost': [0, 1]})
[2026-01-20 12:24:53,643] [INFO] [launch.py:180:main] dist_world_size=2
[2026-01-20 12:24:53,643] [INFO] [launch.py:184:main] Setting CUDA_VISIBLE_DEVICES=0,1
[2026-01-20 12:24:53,644] [INFO] [launch.py:272:main] process 1963221 spawned with command: ['/home/bigyang/micromamba/envs/ds-hf/bin/python', '-u', 'train.py', '--local_rank=0', '--deepspeed_config', 'configs/baseline.json', '--num_layers', '32', '--hidden_dim', '4096', '--batch_size', '1', '--seq_length', '512', '--num_steps', '20', '--warmup_steps', '5', '--activation_checkpointing', '--use_real_data', '--seed', '42']
[2026-01-20 12:24:53,645] [INFO] [launch.py:272:main] process 1963222 spawned with command: ['/home/bigyang/micromamba/envs/ds-hf/bin/python', '-u', 'train.py', '--local_rank=1', '--deepspeed_config', 'configs/baseline.json', '--num_layers', '32', '--hidden_dim', '4096', '--batch_size', '1', '--seq_length', '512', '--num_steps', '20', '--warmup_steps', '5', '--activation_checkpointing', '--use_real_data', '--seed', '42']
Warning: The cache directory for DeepSpeed Triton autotune, /home/bigyang/.triton/autotune, appears to be on an NFS system. While this is generally acceptable, if you experience slowdowns or hanging when DeepSpeed exits, it is recommended to set the TRITON_CACHE_DIR environment variable to a non-NFS path.
Warning: The cache directory for DeepSpeed Triton autotune, /home/bigyang/.triton/autotune, appears to be on an NFS system. While this is generally acceptable, if you experience slowdowns or hanging when DeepSpeed exits, it is recommended to set the TRITON_CACHE_DIR environment variable to a non-NFS path.
[Rank 1] Loading wikitext dataset...
[Rank 0] Loading wikitext dataset...
Warning: You are sending unauthenticated requests to the HF Hub. Please set a HF_TOKEN to enable higher rate limits and faster downloads.
[Rank 0] Dataset loaded: 39531 examples, vocab_size=50257
[Rank 0] Creating model with hidden_dim=4096, num_layers=32, num_heads=16, vocab_size=50257
[Rank 1] Dataset loaded: 39531 examples, vocab_size=50257
[Rank 1] Creating model with hidden_dim=4096, num_layers=32, num_heads=16, vocab_size=50257
[Rank 0] Model parameters: 6,858,007,633 total, 6,858,007,633 trainable
[Rank 0] Activation checkpointing enabled
[Rank 1] Model parameters: 6,858,007,633 total, 6,858,007,633 trainable
[Rank 1] Activation checkpointing enabled
/home/bigyang/micromamba/envs/ds-hf/lib/python3.11/site-packages/torch/utils/cpp_extension.py:1964: UserWarning: TORCH_CUDA_ARCH_LIST is not set, all archs for visible cards are included for compilation. 
If this is not desired, please set os.environ['TORCH_CUDA_ARCH_LIST'].
  warnings.warn(
Stage 3 initialize beginning
MA 12.77 GB         Max_MA 12.77 GB         CA 12.79 GB         Max_CA 13 GB 
CPU Virtual Memory:  used = 21.5 GB, percent = 2.1%
DeepSpeedZeRoOffload initialize [begin]
MA 12.77 GB         Max_MA 13.54 GB         CA 13.56 GB         Max_CA 14 GB 
CPU Virtual Memory:  used = 21.58 GB, percent = 2.1%
Parameter Offload - Persistent parameters statistics: param_count = 0, numel = 0
DeepSpeedZeRoOffload initialize [end]
MA 6.39 GB         Max_MA 12.97 GB         CA 13.56 GB         Max_CA 14 GB 
CPU Virtual Memory:  used = 21.58 GB, percent = 2.1%
Before creating fp16 partitions
MA 6.39 GB         Max_MA 6.39 GB         CA 13.56 GB         Max_CA 14 GB 
CPU Virtual Memory:  used = 21.59 GB, percent = 2.1%
After creating fp16 partitions: 4
MA 6.39 GB         Max_MA 6.39 GB         CA 6.39 GB         Max_CA 14 GB 
CPU Virtual Memory:  used = 21.58 GB, percent = 2.1%
Before creating fp32 partitions
MA 6.39 GB         Max_MA 6.39 GB         CA 6.39 GB         Max_CA 6 GB 
CPU Virtual Memory:  used = 21.58 GB, percent = 2.1%
After creating fp32 partitions
MA 19.16 GB         Max_MA 22.92 GB         CA 22.93 GB         Max_CA 23 GB 
CPU Virtual Memory:  used = 21.58 GB, percent = 2.1%
Before initializing optimizer states
MA 19.16 GB         Max_MA 19.16 GB         CA 22.93 GB         Max_CA 23 GB 
CPU Virtual Memory:  used = 21.58 GB, percent = 2.1%
[Rank 0] time (ms) | init_optimizer_state: 0.00
After initializing optimizer states
MA 19.16 GB         Max_MA 22.93 GB         CA 26.7 GB         Max_CA 27 GB 
CPU Virtual Memory:  used = 21.58 GB, percent = 2.1%
[Rank 1] DeepSpeed initialized with config: configs/baseline.json
[Rank 1] Memory after init: allocated=25.64 GB, reserved=33.08 GB
After initializing ZeRO optimizer
MA 25.64 GB         Max_MA 26.41 GB         CA 33.08 GB         Max_CA 33 GB 
CPU Virtual Memory:  used = 21.62 GB, percent = 2.1%
[Rank 0] DeepSpeed initialized with config: configs/baseline.json
[Rank 0] Memory after init: allocated=25.64 GB, reserved=33.08 GB
[Rank 0] time (ms) | optimizer_step: 82.52
Local>>>>>> step_time: 1.2006869316101074, dataloading_time : 0.3375883102416992,forward_time :0.3778653144836426, backward_time: 0.34068918228149414, optim time :0.14454030990600586
[Rank 0] time (ms) | fwd_microstep: 247.06 | bwd_microstep: 339.05 | bwd_inner_microstep: 337.53 | bwd_allreduce_microstep: 1.44 | step_microstep: 144.43
[Rank 0] time (ms) | fwd: 247.04 | bwd: 339.05 | bwd_inner: 337.52 | bwd_allreduce: 1.45 | step: 144.43
Local>>>>>> step_time: 1.0012869834899902, dataloading_time : 0.267153263092041,forward_time :0.24873685836791992, backward_time: 0.3406496047973633, optim time :0.1447451114654541
[Rank 1] Step 0: loss=11.0625, time=1.201s, alloc_mem=51.31 GB, peak_mem=52.81 GB
[Rank 0] Step 0: loss=11.1250, time=1.001s, alloc_mem=51.31 GB, peak_mem=52.81 GB
[Rank 0] time (ms) | optimizer_step: 74.06
[Rank 0] time (ms) | fwd_microstep: 181.72 | bwd_microstep: 319.04 | bwd_inner_microstep: 317.34 | bwd_allreduce_microstep: 1.60 | step_microstep: 107.70
Local>>>>>> step_time: 0.6116478443145752, dataloading_time : 0.00031685829162597656,forward_time :0.1810591220855713, backward_time: 0.3223245143890381, optim time :0.10794544219970703
[Rank 0] time (ms) | fwd: 181.71 | bwd: 319.04 | bwd_inner: 317.35 | bwd_allreduce: 1.60 | step: 107.70
Local>>>>>> step_time: 0.6115179061889648, dataloading_time : 0.0021800994873046875,forward_time :0.18109869956970215, backward_time: 0.32026243209838867, optim time :0.10797452926635742
[Rank 0] time (ms) | optimizer_step: 74.02
[Rank 0] time (ms) | fwd_microstep: 121.26 | bwd_microstep: 232.62 | bwd_inner_microstep: 231.01 | bwd_allreduce_microstep: 1.56 | step_microstep: 107.56
[Rank 0] time (ms) | fwd: 121.26 | bwd: 232.62 | bwd_inner: 231.02 | bwd_allreduce: 1.56 | step: 107.56
Local>>>>>> step_time: 0.4623088836669922, dataloading_time : 0.0012590885162353516,forward_time :0.11796331405639648, backward_time: 0.2352743148803711, optim time :0.10780930519104004Local>>>>>> step_time: 0.46225762367248535, dataloading_time : 0.0001494884490966797,forward_time :0.12003350257873535, backward_time: 0.2342538833618164, optim time :0.1078188419342041

[Rank 0] time (ms) | optimizer_step: 74.00
[Rank 0] time (ms) | fwd_microstep: 119.68 | bwd_microstep: 246.57 | bwd_inner_microstep: 244.92 | bwd_allreduce_microstep: 1.60 | step_microstep: 107.53
[Rank 0] time (ms) | fwd: 119.67 | bwd: 246.58 | bwd_inner: 244.93 | bwd_allreduce: 1.60 | step: 107.54
Local>>>>>> step_time: 0.47544217109680176, dataloading_time : 0.0010752677917480469,forward_time :0.11840534210205078, backward_time: 0.24815964698791504, optim time :0.10779976844787598
Local>>>>>> step_time: 0.4754619598388672, dataloading_time : 0.0001773834228515625,forward_time :0.11751151084899902, backward_time: 0.24996089935302734, optim time :0.10780978202819824
[Rank 0] time (ms) | optimizer_step: 74.01
[Rank 0] time (ms) | fwd_microstep: 120.43 | bwd_microstep: 234.11 | bwd_inner_microstep: 232.45 | bwd_allreduce_microstep: 1.61 | step_microstep: 107.53
Local>>>>>> step_time: 0.46274399757385254, dataloading_time : 0.0011026859283447266,forward_time :0.11676931381225586, backward_time: 0.23705840110778809, optim time :0.10781168937683105
[Rank 0] time (ms) | fwd: 120.43 | bwd: 234.12 | bwd_inner: 232.46 | bwd_allreduce: 1.62 | step: 107.53
Local>>>>>> step_time: 0.4627959728240967, dataloading_time : 0.00017499923706054688,forward_time :0.11909842491149902, backward_time: 0.23572850227355957, optim time :0.10779190063476562
[Rank 0] time (ms) | optimizer_step: 74.06
Local>>>>>> step_time: 0.46118974685668945, dataloading_time : 0.0009856224060058594,forward_time :0.11684823036193848, backward_time: 0.2355799674987793, optim time :0.1077730655670166
[Rank 0] time (ms) | fwd_microstep: 119.72 | bwd_microstep: 232.24 | bwd_inner_microstep: 230.59 | bwd_allreduce_microstep: 1.60 | step_microstep: 107.60
[Rank 0] time (ms) | fwd: 119.72 | bwd: 232.24 | bwd_inner: 230.60 | bwd_allreduce: 1.60 | step: 107.60
Local>>>>>> step_time: 0.46124815940856934, dataloading_time : 0.0011136531829833984,forward_time :0.11847567558288574, backward_time: 0.23379969596862793, optim time :0.10785651206970215
[Rank 1] Step 5: loss=17.6250, time=0.461s, alloc_mem=51.31 GB, peak_mem=56.95 GB
[Rank 0] Step 5: loss=18.5000, time=0.461s, alloc_mem=51.31 GB, peak_mem=56.95 GB
[Rank 0] time (ms) | optimizer_step: 73.97
[Rank 0] time (ms) | fwd_microstep: 119.68 | bwd_microstep: 246.25 | bwd_inner_microstep: 244.66 | bwd_allreduce_microstep: 1.54 | step_microstep: 107.55
[Rank 0] time (ms) | fwd: 119.68 | bwd: 246.25 | bwd_inner: 244.67 | bwd_allreduce: 1.54 | step: 107.55
Local>>>>>> step_time: 0.47504687309265137, dataloading_time : 0.0009903907775878906,forward_time :0.11839628219604492, backward_time: 0.24784088134765625, optim time :0.10781693458557129
Local>>>>>> step_time: 0.47519874572753906, dataloading_time : 0.0009856224060058594,forward_time :0.116851806640625, backward_time: 0.24952244758605957, optim time :0.10783624649047852
[Rank 0] time (ms) | optimizer_step: 74.00
[Rank 0] time (ms) | fwd_microstep: 119.29 | bwd_microstep: 245.78 | bwd_inner_microstep: 244.14 | bwd_allreduce_microstep: 1.59 | step_microstep: 107.62
Local>>>>>> step_time: 0.47416186332702637, dataloading_time : 0.0010194778442382812,forward_time :0.11678719520568848, backward_time: 0.2484889030456543, optim time :0.1078641414642334
[Rank 0] time (ms) | fwd: 119.28 | bwd: 245.79 | bwd_inner: 244.16 | bwd_allreduce: 1.59 | step: 107.62
Local>>>>>> step_time: 0.4742598533630371, dataloading_time : 0.0009865760803222656,forward_time :0.11802816390991211, backward_time: 0.2473430633544922, optim time :0.10790014266967773
[Rank 0] time (ms) | optimizer_step: 73.98
[Rank 0] time (ms) | fwd_microstep: 118.82 | bwd_microstep: 231.31 | bwd_inner_microstep: 229.62 | bwd_allreduce_microstep: 1.64 | step_microstep: 107.41
[Rank 0] time (ms) | fwd: 118.81 | bwd: 231.32 | bwd_inner: 229.63 | bwd_allreduce: 1.64 | step: 107.41
Local>>>>>> step_time: 0.45906496047973633, dataloading_time : 0.0009429454803466797,forward_time :0.11701583862304688, backward_time: 0.23343324661254883, optim time :0.10767126083374023
Local>>>>>> step_time: 0.45905375480651855, dataloading_time : 0.000946044921875,forward_time :0.11755847930908203, backward_time: 0.2328791618347168, optim time :0.10766839981079102
[Rank 0] time (ms) | optimizer_step: 73.96
[Rank 0] time (ms) | fwd_microstep: 118.93 | bwd_microstep: 233.25 | bwd_inner_microstep: 230.89 | bwd_allreduce_microstep: 2.31 | step_microstep: 107.46
[Rank 0] time (ms) | fwd: 118.93 | bwd: 233.25 | bwd_inner: 230.91 | bwd_allreduce: 2.31 | step: 107.46
Local>>>>>> step_time: 0.4610931873321533, dataloading_time : 0.0008883476257324219,forward_time :0.11769676208496094, backward_time: 0.234788179397583, optim time :0.10771799087524414
Local>>>>>> step_time: 0.46112632751464844, dataloading_time : 0.000942230224609375,forward_time :0.11704158782958984, backward_time: 0.23536443710327148, optim time :0.10777592658996582
[Rank 0] time (ms) | optimizer_step: 74.00
[Rank 0] time (ms) | fwd_microstep: 118.87 | bwd_microstep: 251.06 | bwd_inner_microstep: 249.43 | bwd_allreduce_microstep: 1.58 | step_microstep: 107.53
Local>>>>>> step_time: 0.4790306091308594, dataloading_time : 0.000982046127319336,forward_time :0.11718034744262695, backward_time: 0.25312113761901855, optim time :0.10774588584899902
[Rank 0] time (ms) | fwd: 118.87 | bwd: 251.06 | bwd_inner: 249.44 | bwd_allreduce: 1.58 | step: 107.53
Local>>>>>> step_time: 0.4791078567504883, dataloading_time : 0.0010898113250732422,forward_time :0.11759638786315918, backward_time: 0.25263094902038574, optim time :0.1077890396118164
[Rank 1] Step 10: loss=9.1250, time=0.479s, alloc_mem=51.31 GB, peak_mem=56.95 GB
[Rank 0] Step 10: loss=8.9375, time=0.479s, alloc_mem=51.31 GB, peak_mem=56.95 GB
[Rank 0] time (ms) | optimizer_step: 73.96
[Rank 0] time (ms) | fwd_microstep: 121.67 | bwd_microstep: 240.25 | bwd_inner_microstep: 238.52 | bwd_allreduce_microstep: 1.62 | step_microstep: 107.47
[Rank 0] time (ms) | fwd: 121.66 | bwd: 240.23 | bwd_inner: 238.52 | bwd_allreduce: 1.62 | step: 107.47
Local>>>>>> step_time: 0.47310638427734375, dataloading_time : 0.0009412765502929688,forward_time :0.12208986282348633, backward_time: 0.24234342575073242, optim time :0.10772967338562012
Local>>>>>> step_time: 0.47318053245544434, dataloading_time : 0.0010988712310791016,forward_time :0.11949944496154785, backward_time: 0.2447984218597412, optim time :0.10778164863586426
[Rank 0] time (ms) | optimizer_step: 74.01
[Rank 0] time (ms) | fwd_microstep: 119.13 | bwd_microstep: 232.47 | bwd_inner_microstep: 230.82 | bwd_allreduce_microstep: 1.60 | step_microstep: 107.46
[Rank 0] time (ms) | fwd: 119.13 | bwd: 232.47 | bwd_inner: 230.83 | bwd_allreduce: 1.60 | step: 107.46
Local>>>>>> step_time: 0.46053075790405273, dataloading_time : 0.000911712646484375,forward_time :0.11697697639465332, backward_time: 0.2349231243133545, optim time :0.10771751403808594Local>>>>>> step_time: 0.4605851173400879, dataloading_time : 0.0009531974792480469,forward_time :0.11785435676574707, backward_time: 0.2340528964996338, optim time :0.10772299766540527

[Rank 0] time (ms) | optimizer_step: 74.03
[Rank 0] time (ms) | fwd_microstep: 118.87 | bwd_microstep: 231.01 | bwd_inner_microstep: 229.41 | bwd_allreduce_microstep: 1.55 | step_microstep: 107.56
Local>>>>>> step_time: 0.45888280868530273, dataloading_time : 0.0009410381317138672,forward_time :0.11685037612915039, backward_time: 0.23335671424865723, optim time :0.10773301124572754
[Rank 0] time (ms) | fwd: 118.87 | bwd: 231.01 | bwd_inner: 229.43 | bwd_allreduce: 1.55 | step: 107.56
Local>>>>>> step_time: 0.45892882347106934, dataloading_time : 0.0009214878082275391,forward_time :0.11759090423583984, backward_time: 0.23259353637695312, optim time :0.10782074928283691
[Rank 0] time (ms) | optimizer_step: 74.00
[Rank 0] time (ms) | fwd_microstep: 118.86 | bwd_microstep: 231.09 | bwd_inner_microstep: 229.45 | bwd_allreduce_microstep: 1.59 | step_microstep: 107.49
[Rank 0] time (ms) | fwd: 118.85 | bwd: 231.10 | bwd_inner: 229.46 | bwd_allreduce: 1.59 | step: 107.49
Local>>>>>> step_time: 0.45902419090270996, dataloading_time : 0.001018524169921875,forward_time :0.11759233474731445, backward_time: 0.23266029357910156, optim time :0.10775113105773926
Local>>>>>> step_time: 0.4590740203857422, dataloading_time : 0.0009233951568603516,forward_time :0.1176290512084961, backward_time: 0.23274970054626465, optim time :0.10776996612548828
[Rank 0] time (ms) | optimizer_step: 74.01
[Rank 0] time (ms) | fwd_microstep: 120.20 | bwd_microstep: 233.91 | bwd_inner_microstep: 232.23 | bwd_allreduce_microstep: 1.63 | step_microstep: 107.53
Local>>>>>> step_time: 0.4630923271179199, dataloading_time : 0.0009565353393554688,forward_time :0.11656641960144043, backward_time: 0.23777294158935547, optim time :0.10779428482055664
[Rank 0] time (ms) | fwd: 120.20 | bwd: 233.92 | bwd_inner: 232.25 | bwd_allreduce: 1.63 | step: 107.53
Local>>>>>> step_time: 0.463134765625, dataloading_time : 0.0009131431579589844,forward_time :0.11922216415405273, backward_time: 0.2352006435394287, optim time :0.10779523849487305
[Rank 1] Step 15: loss=4.5000, time=0.463s, alloc_mem=51.31 GB, peak_mem=56.95 GB
[Rank 0] Step 15: loss=3.4375, time=0.463s, alloc_mem=51.31 GB, peak_mem=56.95 GB
[Rank 0] time (ms) | optimizer_step: 74.00
[Rank 0] time (ms) | fwd_microstep: 119.02 | bwd_microstep: 231.24 | bwd_inner_microstep: 229.61 | bwd_allreduce_microstep: 1.58 | step_microstep: 107.46
[Rank 0] time (ms) | fwd: 119.02 | bwd: 231.24 | bwd_inner: 229.62 | bwd_allreduce: 1.58 | step: 107.46
Local>>>>>> step_time: 0.4592251777648926, dataloading_time : 0.0009446144104003906,forward_time :0.11777257919311523, backward_time: 0.23279023170471191, optim time :0.10771656036376953
Local>>>>>> step_time: 0.4592909812927246, dataloading_time : 0.0009105205535888672,forward_time :0.1167898178100586, backward_time: 0.23380684852600098, optim time :0.10778260231018066
[Rank 0] time (ms) | optimizer_step: 73.99
[Rank 0] time (ms) | fwd_microstep: 119.08 | bwd_microstep: 230.67 | bwd_inner_microstep: 229.01 | bwd_allreduce_microstep: 1.60 | step_microstep: 107.57
Local>>>>>> step_time: 0.45888662338256836, dataloading_time : 0.0009357929229736328,forward_time :0.11683535575866699, backward_time: 0.233292818069458, optim time :0.10782122611999512
[Rank 0] time (ms) | fwd: 119.07 | bwd: 230.67 | bwd_inner: 229.02 | bwd_allreduce: 1.61 | step: 107.57
Local>>>>>> step_time: 0.45895934104919434, dataloading_time : 0.0010738372802734375,forward_time :0.11781787872314453, backward_time: 0.2322368621826172, optim time :0.10782885551452637
[Rank 0] time (ms) | optimizer_step: 73.97
[Rank 0] time (ms) | fwd_microstep: 119.16 | bwd_microstep: 230.96 | bwd_inner_microstep: 229.33 | bwd_allreduce_microstep: 1.59 | step_microstep: 107.45
[Rank 0] time (ms) | fwd: 119.16 | bwd: 230.97 | bwd_inner: 229.34 | bwd_allreduce: 1.59 | step: 107.45
Local>>>>>> step_time: 0.459136962890625, dataloading_time : 0.000995635986328125,forward_time :0.11789989471435547, backward_time: 0.2325289249420166, optim time :0.10771059989929199
Local>>>>>> step_time: 0.4591958522796631, dataloading_time : 0.0008826255798339844,forward_time :0.11650753021240234, backward_time: 0.23401427268981934, optim time :0.10778927803039551
[Rank 0] time (ms) | optimizer_step: 73.99
[Rank 0] time (ms) | fwd_microstep: 119.64 | bwd_microstep: 231.83 | bwd_inner_microstep: 230.18 | bwd_allreduce_microstep: 1.60 | step_microstep: 107.55
[Rank 0] time (ms) | fwd: 119.64 | bwd: 231.84 | bwd_inner: 230.20 | bwd_allreduce: 1.61 | step: 107.55
Local>>>>>> step_time: 0.4605727195739746, dataloading_time : 0.0009353160858154297,forward_time :0.1184084415435791, backward_time: 0.23337626457214355, optim time :0.10785031318664551
Local>>>>>> step_time: 0.460552453994751, dataloading_time : 0.0009353160858154297,forward_time :0.11850118637084961, backward_time: 0.23324918746948242, optim time :0.1078650951385498
[Rank 0] Step 19: loss=11.4375, time=0.461s, alloc_mem=51.31 GB, peak_mem=56.95 GB
[Rank 1] Step 19: loss=5.2500, time=0.461s, alloc_mem=51.31 GB, peak_mem=56.95 GB

============================================================
[Rank 0] FINAL RESULTS
  Config: configs/baseline.json
  Model: hidden_dim=4096, num_layers=32
  Parameters: 6,858,007,633
  Batch size: 1, Seq length: 512
  Average step time: 0.464s
  Peak memory: 56.95 GB
  Final allocated memory: 51.31 GB
============================================================

============================================================SUMMARY: config=configs/baseline.json params=6858007633 peak_mem_bytes=61150836224 alloc_mem_bytes=55089256960 avg_step_time=0.4642

[Rank 1] FINAL RESULTS
  Config: configs/baseline.json
  Model: hidden_dim=4096, num_layers=32
  Parameters: 6,858,007,633
  Batch size: 1, Seq length: 512
  Average step time: 0.464s
  Peak memory: 56.95 GB
  Final allocated memory: 51.31 GB
============================================================
SUMMARY: config=configs/baseline.json params=6858007633 peak_mem_bytes=61150836224 alloc_mem_bytes=55089256960 avg_step_time=0.4642
[rank0]:[W120 12:25:49.953794871 ProcessGroupNCCL.cpp:1250] Warning: WARNING: process group has NOT been destroyed before we destruct ProcessGroupNCCL. On normal program exit, the application should call destroy_process_group to ensure that any pending NCCL operations have finished in this process. In rare cases this process can exit before this point and block the progress of another member of the process group. This constraint has always been present,  but this warning has only been added since PyTorch 2.4 (function operator())
[2026-01-20 12:25:50,650] [INFO] [launch.py:367:main] Process 1963221 exits successfully.
[2026-01-20 12:25:50,650] [INFO] [launch.py:367:main] Process 1963222 exits successfully.
