Warning: The cache directory for DeepSpeed Triton autotune, /home/bigyang/.triton/autotune, appears to be on an NFS system. While this is generally acceptable, if you experience slowdowns or hanging when DeepSpeed exits, it is recommended to set the TRITON_CACHE_DIR environment variable to a non-NFS path.
[2026-01-20 12:26:03,686] [WARNING] [runner.py:232:fetch_hostfile] Unable to find hostfile, will proceed with training with local resources only.
Detected VISIBLE_DEVICES=0,1 but ignoring it because one or several of --include/--exclude/--num_gpus/--num_nodes cl args were used. If you want to use CUDA_VISIBLE_DEVICES don't pass any of these arguments to deepspeed.
[2026-01-20 12:26:03,686] [INFO] [runner.py:630:main] cmd = /home/bigyang/micromamba/envs/ds-hf/bin/python -u -m deepspeed.launcher.launch --world_info=eyJsb2NhbGhvc3QiOiBbMCwgMV19 --master_addr=127.0.0.1 --master_port=29600 --enable_each_rank_log=None --log_level=info train.py --deepspeed_config configs/bf16_full.json --num_layers 32 --hidden_dim 4096 --batch_size 1 --seq_length 512 --num_steps 20 --warmup_steps 5 --activation_checkpointing --use_real_data --seed 42
Warning: The cache directory for DeepSpeed Triton autotune, /home/bigyang/.triton/autotune, appears to be on an NFS system. While this is generally acceptable, if you experience slowdowns or hanging when DeepSpeed exits, it is recommended to set the TRITON_CACHE_DIR environment variable to a non-NFS path.
[2026-01-20 12:26:10,048] [INFO] [launch.py:162:main] WORLD INFO DICT: {'localhost': [0, 1]}
[2026-01-20 12:26:10,048] [INFO] [launch.py:168:main] nnodes=1, num_local_procs=2, node_rank=0
[2026-01-20 12:26:10,048] [INFO] [launch.py:179:main] global_rank_mapping=defaultdict(<class 'list'>, {'localhost': [0, 1]})
[2026-01-20 12:26:10,048] [INFO] [launch.py:180:main] dist_world_size=2
[2026-01-20 12:26:10,048] [INFO] [launch.py:184:main] Setting CUDA_VISIBLE_DEVICES=0,1
[2026-01-20 12:26:10,049] [INFO] [launch.py:272:main] process 1963903 spawned with command: ['/home/bigyang/micromamba/envs/ds-hf/bin/python', '-u', 'train.py', '--local_rank=0', '--deepspeed_config', 'configs/bf16_full.json', '--num_layers', '32', '--hidden_dim', '4096', '--batch_size', '1', '--seq_length', '512', '--num_steps', '20', '--warmup_steps', '5', '--activation_checkpointing', '--use_real_data', '--seed', '42']
[2026-01-20 12:26:10,050] [INFO] [launch.py:272:main] process 1963904 spawned with command: ['/home/bigyang/micromamba/envs/ds-hf/bin/python', '-u', 'train.py', '--local_rank=1', '--deepspeed_config', 'configs/bf16_full.json', '--num_layers', '32', '--hidden_dim', '4096', '--batch_size', '1', '--seq_length', '512', '--num_steps', '20', '--warmup_steps', '5', '--activation_checkpointing', '--use_real_data', '--seed', '42']
Warning: The cache directory for DeepSpeed Triton autotune, /home/bigyang/.triton/autotune, appears to be on an NFS system. While this is generally acceptable, if you experience slowdowns or hanging when DeepSpeed exits, it is recommended to set the TRITON_CACHE_DIR environment variable to a non-NFS path.
Warning: The cache directory for DeepSpeed Triton autotune, /home/bigyang/.triton/autotune, appears to be on an NFS system. While this is generally acceptable, if you experience slowdowns or hanging when DeepSpeed exits, it is recommended to set the TRITON_CACHE_DIR environment variable to a non-NFS path.
[Rank 0] Loading wikitext dataset...
[Rank 1] Loading wikitext dataset...
Warning: You are sending unauthenticated requests to the HF Hub. Please set a HF_TOKEN to enable higher rate limits and faster downloads.
[Rank 0] Dataset loaded: 39531 examples, vocab_size=50257
[Rank 0] Creating model with hidden_dim=4096, num_layers=32, num_heads=16, vocab_size=50257
[Rank 1] Dataset loaded: 39531 examples, vocab_size=50257
[Rank 1] Creating model with hidden_dim=4096, num_layers=32, num_heads=16, vocab_size=50257
[Rank 0] Model parameters: 6,858,007,633 total, 6,858,007,633 trainable
[Rank 0] Activation checkpointing enabled
[Rank 1] Model parameters: 6,858,007,633 total, 6,858,007,633 trainable
[Rank 1] Activation checkpointing enabled
/home/bigyang/micromamba/envs/ds-hf/lib/python3.11/site-packages/torch/utils/cpp_extension.py:1964: UserWarning: TORCH_CUDA_ARCH_LIST is not set, all archs for visible cards are included for compilation. 
If this is not desired, please set os.environ['TORCH_CUDA_ARCH_LIST'].
  warnings.warn(
Stage 3 initialize beginning
MA 12.77 GB         Max_MA 12.77 GB         CA 12.79 GB         Max_CA 13 GB 
CPU Virtual Memory:  used = 21.52 GB, percent = 2.1%
DeepSpeedZeRoOffload initialize [begin]
MA 12.77 GB         Max_MA 13.54 GB         CA 13.56 GB         Max_CA 14 GB 
CPU Virtual Memory:  used = 21.61 GB, percent = 2.1%
Parameter Offload - Persistent parameters statistics: param_count = 0, numel = 0
DeepSpeedZeRoOffload initialize [end]
MA 6.39 GB         Max_MA 12.97 GB         CA 13.56 GB         Max_CA 14 GB 
CPU Virtual Memory:  used = 21.61 GB, percent = 2.1%
Before creating fp16 partitions
MA 6.39 GB         Max_MA 6.39 GB         CA 13.56 GB         Max_CA 14 GB 
CPU Virtual Memory:  used = 21.61 GB, percent = 2.1%
After creating fp16 partitions: 4
MA 6.39 GB         Max_MA 6.39 GB         CA 6.39 GB         Max_CA 14 GB 
CPU Virtual Memory:  used = 21.61 GB, percent = 2.1%
Before creating fp32 partitions
MA 6.39 GB         Max_MA 6.39 GB         CA 6.39 GB         Max_CA 6 GB 
CPU Virtual Memory:  used = 21.61 GB, percent = 2.1%
After creating fp32 partitions
MA 12.77 GB         Max_MA 12.77 GB         CA 12.78 GB         Max_CA 13 GB 
CPU Virtual Memory:  used = 21.61 GB, percent = 2.1%
Before initializing optimizer states
MA 12.77 GB         Max_MA 12.77 GB         CA 12.78 GB         Max_CA 13 GB 
CPU Virtual Memory:  used = 21.6 GB, percent = 2.1%
[Rank 0] time (ms) | init_optimizer_state: 0.00
After initializing optimizer states
MA 12.77 GB         Max_MA 14.66 GB         CA 14.67 GB         Max_CA 15 GB 
CPU Virtual Memory:  used = 21.6 GB, percent = 2.1%
[Rank 1] DeepSpeed initialized with config: configs/bf16_full.json
[Rank 1] Memory after init: allocated=19.25 GB, reserved=21.05 GB
After initializing ZeRO optimizer
MA 19.25 GB         Max_MA 20.02 GB         CA 21.05 GB         Max_CA 21 GB 
CPU Virtual Memory:  used = 21.63 GB, percent = 2.1%
[Rank 0] DeepSpeed initialized with config: configs/bf16_full.json
[Rank 0] Memory after init: allocated=19.25 GB, reserved=21.05 GB
[Rank 0] time (ms) | optimizer_step: 65.25
[Rank 0] time (ms) | fwd_microstep: 237.99 | bwd_microstep: 352.43 | bwd_inner_microstep: 350.93 | bwd_allreduce_microstep: 1.43 | step_microstep: 127.45
[Rank 0] time (ms) | fwd: 237.98 | bwd: 352.44 | bwd_inner: 350.92 | bwd_allreduce: 1.44 | step: 127.45
Local>>>>>> step_time: 0.9910726547241211, dataloading_time : 0.26892805099487305,forward_time :0.24039435386657715, backward_time: 0.35397934913635254, optim time :0.12776732444763184
Local>>>>>> step_time: 1.1817948818206787, dataloading_time : 0.13248944282531738,forward_time :0.5675601959228516, backward_time: 0.3539767265319824, optim time :0.12776541709899902
[Rank 0] Step 0: loss=11.1138, time=0.991s, alloc_mem=32.14 GB, peak_mem=32.89 GB
[Rank 1] Step 0: loss=11.0393, time=1.182s, alloc_mem=32.14 GB, peak_mem=32.89 GB
[Rank 0] time (ms) | optimizer_step: 56.88
[Rank 0] time (ms) | fwd_microstep: 185.91 | bwd_microstep: 324.11 | bwd_inner_microstep: 322.44 | bwd_allreduce_microstep: 1.61 | step_microstep: 90.52
[Rank 0] time (ms) | fwd: 185.90 | bwd: 324.11 | bwd_inner: 322.46 | bwd_allreduce: 1.61 | step: 90.52
Local>>>>>> step_time: 0.602841854095459, dataloading_time : 0.002179384231567383,forward_time :0.18440842628479004, backward_time: 0.32544660568237305, optim time :0.0908052921295166Local>>>>>> step_time: 0.6028659343719482, dataloading_time : 0.0013704299926757812,forward_time :0.18530750274658203, backward_time: 0.3253939151763916, optim time :0.09079194068908691

[Rank 0] time (ms) | optimizer_step: 56.22
Local>>>>>> step_time: 0.46035027503967285, dataloading_time : 0.0001327991485595703,forward_time :0.12463831901550293, backward_time: 0.24532294273376465, optim time :0.09025430679321289
[Rank 0] time (ms) | fwd_microstep: 125.52 | bwd_microstep: 242.87 | bwd_inner_microstep: 241.21 | bwd_allreduce_microstep: 1.61 | step_microstep: 90.14
[Rank 0] time (ms) | fwd: 125.51 | bwd: 242.88 | bwd_inner: 241.23 | bwd_allreduce: 1.60 | step: 90.14
Local>>>>>> step_time: 0.46051931381225586, dataloading_time : 0.001081705093383789,forward_time :0.12437915802001953, backward_time: 0.24463462829589844, optim time :0.09042143821716309
[Rank 0] time (ms) | optimizer_step: 56.20
[Rank 0] time (ms) | fwd_microstep: 125.01 | bwd_microstep: 258.20 | bwd_inner_microstep: 256.55 | bwd_allreduce_microstep: 1.60 | step_microstep: 89.84
[Rank 0] time (ms) | fwd: 125.00 | bwd: 258.21 | bwd_inner: 256.56 | bwd_allreduce: 1.60 | step: 89.85
Local>>>>>> step_time: 0.4750974178314209, dataloading_time : 0.0012314319610595703,forward_time :0.12386608123779297, backward_time: 0.25989556312561035, optim time :0.09010195732116699
Local>>>>>> step_time: 0.47531795501708984, dataloading_time : 0.0012726783752441406,forward_time :0.12340855598449707, backward_time: 0.2605018615722656, optim time :0.0901327133178711
[Rank 0] time (ms) | optimizer_step: 56.22
[Rank 0] time (ms) | fwd_microstep: 124.03 | bwd_microstep: 241.84 | bwd_inner_microstep: 240.19 | bwd_allreduce_microstep: 1.60 | step_microstep: 89.87
[Rank 0] time (ms) | fwd: 124.03 | bwd: 241.84 | bwd_inner: 240.20 | bwd_allreduce: 1.60 | step: 89.87
Local>>>>>> step_time: 0.45757508277893066, dataloading_time : 0.0010712146759033203,forward_time :0.12280607223510742, backward_time: 0.24356341361999512, optim time :0.09013223648071289
Local>>>>>> step_time: 0.4575223922729492, dataloading_time : 0.00011849403381347656,forward_time :0.12318730354309082, backward_time: 0.24407720565795898, optim time :0.09013748168945312
[Rank 0] time (ms) | optimizer_step: 56.17
[Rank 0] time (ms) | fwd_microstep: 123.96 | bwd_microstep: 242.04 | bwd_inner_microstep: 240.40 | bwd_allreduce_microstep: 1.58 | step_microstep: 89.84
[Rank 0] time (ms) | fwd: 123.95 | bwd: 242.04 | bwd_inner: 240.42 | bwd_allreduce: 1.58 | step: 89.84
Local>>>>>> step_time: 0.45760440826416016, dataloading_time : 0.0010051727294921875,forward_time :0.12276935577392578, backward_time: 0.2437293529510498, optim time :0.09009790420532227
Local>>>>>> step_time: 0.457611083984375, dataloading_time : 0.0010318756103515625,forward_time :0.12275886535644531, backward_time: 0.24370646476745605, optim time :0.09011101722717285
[Rank 0] Step 5: loss=25.6312, time=0.458s, alloc_mem=32.14 GB, peak_mem=34.87 GB
[Rank 1] Step 5: loss=23.9312, time=0.458s, alloc_mem=32.14 GB, peak_mem=34.87 GB
[Rank 0] time (ms) | optimizer_step: 56.20
[Rank 0] time (ms) | fwd_microstep: 124.64 | bwd_microstep: 243.46 | bwd_inner_microstep: 241.84 | bwd_allreduce_microstep: 1.56 | step_microstep: 90.02
Local>>>>>> step_time: 0.45984745025634766, dataloading_time : 0.0010237693786621094,forward_time :0.12503385543823242, backward_time: 0.24355530738830566, optim time :0.09023284912109375[Rank 0] time (ms) | fwd: 124.64 | bwd: 243.46 | bwd_inner: 241.86 | bwd_allreduce: 1.56 | step: 90.02

Local>>>>>> step_time: 0.45989179611206055, dataloading_time : 0.0009808540344238281,forward_time :0.12343144416809082, backward_time: 0.24517440795898438, optim time :0.09030365943908691
[Rank 0] time (ms) | optimizer_step: 56.17
[Rank 0] time (ms) | fwd_microstep: 124.19 | bwd_microstep: 258.65 | bwd_inner_microstep: 256.98 | bwd_allreduce_microstep: 1.61 | step_microstep: 89.75
[Rank 0] time (ms) | fwd: 124.19 | bwd: 258.65 | bwd_inner: 257.00 | bwd_allreduce: 1.61 | step: 89.75
Local>>>>>> step_time: 0.47448134422302246, dataloading_time : 0.0011098384857177734,forward_time :0.12305331230163574, backward_time: 0.2602996826171875, optim time :0.09001708030700684
Local>>>>>> step_time: 0.4745616912841797, dataloading_time : 0.0010833740234375,forward_time :0.12270855903625488, backward_time: 0.26068949699401855, optim time :0.09007835388183594
[Rank 0] time (ms) | optimizer_step: 56.17
[Rank 0] time (ms) | fwd_microstep: 123.40 | bwd_microstep: 244.12 | bwd_inner_microstep: 242.45 | bwd_allreduce_microstep: 1.61 | step_microstep: 89.84
[Rank 0] time (ms) | fwd: 123.40 | bwd: 244.12 | bwd_inner: 242.47 | bwd_allreduce: 1.61 | step: 89.84
Local>>>>>> step_time: 0.4590630531311035, dataloading_time : 0.0009424686431884766,forward_time :0.12218999862670898, backward_time: 0.24583077430725098, optim time :0.09009861946105957
Local>>>>>> step_time: 0.4590318202972412, dataloading_time : 0.0009393692016601562,forward_time :0.12222599983215332, backward_time: 0.24569487571716309, optim time :0.09016942977905273
[Rank 0] time (ms) | optimizer_step: 56.19
[Rank 0] time (ms) | fwd_microstep: 139.02 | bwd_microstep: 242.40 | bwd_inner_microstep: 240.78 | bwd_allreduce_microstep: 1.56 | step_microstep: 89.86
[Rank 0] time (ms) | fwd: 139.00 | bwd: 242.40 | bwd_inner: 240.80 | bwd_allreduce: 1.56 | step: 89.86
Local>>>>>> step_time: 0.47310805320739746, dataloading_time : 0.0010364055633544922,forward_time :0.1378798484802246, backward_time: 0.24407529830932617, optim time :0.09011507034301758
Local>>>>>> step_time: 0.4732694625854492, dataloading_time : 0.0009541511535644531,forward_time :0.13787245750427246, backward_time: 0.2441408634185791, optim time :0.0903007984161377
[Rank 0] time (ms) | optimizer_step: 56.23
[Rank 0] time (ms) | fwd_microstep: 124.17 | bwd_microstep: 242.56 | bwd_inner_microstep: 240.92 | bwd_allreduce_microstep: 1.58 | step_microstep: 89.92
[Rank 0] time (ms) | fwd: 124.17 | bwd: 242.57 | bwd_inner: 240.94 | bwd_allreduce: 1.58 | step: 89.92
Local>>>>>> step_time: 0.45833683013916016, dataloading_time : 0.0009233951568603516,forward_time :0.12296557426452637, backward_time: 0.24426984786987305, optim time :0.09017682075500488
Local>>>>>> step_time: 0.4581577777862549, dataloading_time : 0.0009860992431640625,forward_time :0.12285327911376953, backward_time: 0.2441086769104004, optim time :0.09020805358886719
[Rank 0] Step 10: loss=13.7744, time=0.458s, alloc_mem=32.14 GB, peak_mem=34.87 GB
[Rank 1] Step 10: loss=13.5740, time=0.458s, alloc_mem=32.14 GB, peak_mem=34.87 GB
[Rank 0] time (ms) | optimizer_step: 56.20
[Rank 0] time (ms) | fwd_microstep: 123.75 | bwd_microstep: 242.59 | bwd_inner_microstep: 240.90 | bwd_allreduce_microstep: 1.64 | step_microstep: 89.78
[Rank 0] time (ms) | fwd: 123.74 | bwd: 242.60 | bwd_inner: 240.92 | bwd_allreduce: 1.64 | step: 89.78
Local>>>>>> step_time: 0.45796775817871094, dataloading_time : 0.0010304450988769531,forward_time :0.12263703346252441, backward_time: 0.2442629337310791, optim time :0.09003663063049316
Local>>>>>> step_time: 0.4579906463623047, dataloading_time : 0.0009284019470214844,forward_time :0.12288546562194824, backward_time: 0.24406194686889648, optim time :0.09011316299438477
[Rank 0] time (ms) | optimizer_step: 56.21
[Rank 0] time (ms) | fwd_microstep: 123.73 | bwd_microstep: 246.10 | bwd_inner_microstep: 242.91 | bwd_allreduce_microstep: 3.10 | step_microstep: 95.76
[Rank 0] time (ms) | fwd: 123.73 | bwd: 246.13 | bwd_inner: 242.92 | bwd_allreduce: 3.12 | step: 95.75
Local>>>>>> step_time: 0.46740126609802246, dataloading_time : 0.0009717941284179688,forward_time :0.12252950668334961, backward_time: 0.24786043167114258, optim time :0.09603762626647949
Local>>>>>> step_time: 0.4673454761505127, dataloading_time : 0.0009992122650146484,forward_time :0.12259531021118164, backward_time: 0.24785447120666504, optim time :0.09589409828186035
[Rank 0] time (ms) | optimizer_step: 56.27
[Rank 0] time (ms) | fwd_microstep: 123.87 | bwd_microstep: 259.24 | bwd_inner_microstep: 257.02 | bwd_allreduce_microstep: 2.17 | step_microstep: 89.90
Local>>>>>> step_time: 0.47466135025024414, dataloading_time : 0.0010290145874023438,forward_time :0.12316751480102539, backward_time: 0.2603445053100586, optim time :0.0901191234588623
[Rank 0] time (ms) | fwd: 123.86 | bwd: 259.25 | bwd_inner: 257.04 | bwd_allreduce: 2.17 | step: 89.90
Local>>>>>> step_time: 0.47472143173217773, dataloading_time : 0.0009570121765136719,forward_time :0.12269091606140137, backward_time: 0.26091647148132324, optim time :0.09015560150146484
[Rank 0] time (ms) | optimizer_step: 56.18
[Rank 0] time (ms) | fwd_microstep: 123.43 | bwd_microstep: 245.25 | bwd_inner_microstep: 243.65 | bwd_allreduce_microstep: 1.55 | step_microstep: 89.91
[Rank 0] time (ms) | fwd: 123.43 | bwd: 245.26 | bwd_inner: 243.66 | bwd_allreduce: 1.55 | step: 89.92
Local>>>>>> step_time: 0.46048593521118164, dataloading_time : 0.0011277198791503906,forward_time :0.12226629257202148, backward_time: 0.2469189167022705, optim time :0.09017157554626465
Local>>>>>> step_time: 0.46057677268981934, dataloading_time : 0.001077890396118164,forward_time :0.1224663257598877, backward_time: 0.24677753448486328, optim time :0.09025406837463379
[Rank 0] time (ms) | optimizer_step: 56.19
[Rank 0] time (ms) | fwd_microstep: 123.77 | bwd_microstep: 241.54 | bwd_inner_microstep: 239.46 | bwd_allreduce_microstep: 2.02 | step_microstep: 89.87
[Rank 0] time (ms) | fwd: 123.76 | bwd: 241.54 | bwd_inner: 239.48 | bwd_allreduce: 2.02 | step: 89.88
Local>>>>>> step_time: 0.45681190490722656, dataloading_time : 0.0008792877197265625,forward_time :0.12259626388549805, backward_time: 0.24320387840270996, optim time :0.09013104438781738
Local>>>>>> step_time: 0.45679783821105957, dataloading_time : 0.0009474754333496094,forward_time :0.12224221229553223, backward_time: 0.2434535026550293, optim time :0.09015345573425293
[Rank 0] Step 15: loss=3.1558, time=0.457s, alloc_mem=32.14 GB, peak_mem=34.87 GB
[Rank 1] Step 15: loss=4.1418, time=0.457s, alloc_mem=32.14 GB, peak_mem=34.87 GB
[Rank 0] time (ms) | optimizer_step: 56.21
[Rank 0] time (ms) | fwd_microstep: 123.90 | bwd_microstep: 257.40 | bwd_inner_microstep: 255.74 | bwd_allreduce_microstep: 1.60 | step_microstep: 89.91
[Rank 0] time (ms) | fwd: 123.89 | bwd: 257.40 | bwd_inner: 255.75 | bwd_allreduce: 1.61 | step: 89.91
Local>>>>>> step_time: 0.4729194641113281, dataloading_time : 0.0009567737579345703,forward_time :0.12271261215209961, backward_time: 0.2590808868408203, optim time :0.09016752243041992
Local>>>>>> step_time: 0.4728686809539795, dataloading_time : 0.0010371208190917969,forward_time :0.12247848510742188, backward_time: 0.2591440677642822, optim time :0.09020757675170898
[Rank 0] time (ms) | optimizer_step: 56.21
[Rank 0] time (ms) | fwd_microstep: 139.03 | bwd_microstep: 242.85 | bwd_inner_microstep: 241.21 | bwd_allreduce_microstep: 1.59 | step_microstep: 89.85
[Rank 0] time (ms) | fwd: 139.02 | bwd: 242.86 | bwd_inner: 241.23 | bwd_allreduce: 1.60 | step: 89.86
Local>>>>>> step_time: 0.4733719825744629, dataloading_time : 0.0008943080902099609,forward_time :0.1378190517425537, backward_time: 0.24454784393310547, optim time :0.09010934829711914
Local>>>>>> step_time: 0.47338223457336426, dataloading_time : 0.0008912086486816406,forward_time :0.13784027099609375, backward_time: 0.24451017379760742, optim time :0.09013891220092773
[Rank 0] time (ms) | optimizer_step: 56.23
[Rank 0] time (ms) | fwd_microstep: 123.82 | bwd_microstep: 244.97 | bwd_inner_microstep: 242.13 | bwd_allreduce_microstep: 2.73 | step_microstep: 89.88
[Rank 0] time (ms) | fwd: 123.81 | bwd: 244.97 | bwd_inner: 242.20 | bwd_allreduce: 2.73 | step: 89.88
Local>>>>>> step_time: 0.4603867530822754, dataloading_time : 0.000965118408203125,forward_time :0.12263774871826172, backward_time: 0.24664998054504395, optim time :0.0901329517364502
Local>>>>>> step_time: 0.46035027503967285, dataloading_time : 0.0009868144989013672,forward_time :0.12262201309204102, backward_time: 0.246596097946167, optim time :0.09014391899108887
[Rank 0] time (ms) | optimizer_step: 56.21
[Rank 0] time (ms) | fwd_microstep: 123.84 | bwd_microstep: 245.90 | bwd_inner_microstep: 244.20 | bwd_allreduce_microstep: 1.64 | step_microstep: 90.05
[Rank 0] time (ms) | fwd: 123.84 | bwd: 245.91 | bwd_inner: 244.22 | bwd_allreduce: 1.64 | step: 90.05
Local>>>>>> step_time: 0.46149539947509766, dataloading_time : 0.0009021759033203125,forward_time :0.12252306938171387, backward_time: 0.24774789810180664, optim time :0.09032058715820312Local>>>>>> step_time: 0.46150851249694824, dataloading_time : 0.0009462833404541016,forward_time :0.12268376350402832, backward_time: 0.24756598472595215, optim time :0.09031057357788086

[Rank 0] Step 19: loss=5.7288, time=0.462s, alloc_mem=32.14 GB, peak_mem=34.87 GB
[Rank 1] Step 19: loss=3.1398, time=0.461s, alloc_mem=32.14 GB, peak_mem=34.87 GB

============================================================
[Rank 0] FINAL RESULTS
  Config: configs/bf16_full.json
  Model: hidden_dim=4096, num_layers=32

============================================================
  Parameters: 6,858,007,633
  Batch size: 1, Seq length: 512[Rank 1] FINAL RESULTS

  Config: configs/bf16_full.json  Average step time: 0.465s

  Model: hidden_dim=4096, num_layers=32  Peak memory: 34.87 GB

  Final allocated memory: 32.14 GB
============================================================  Parameters: 6,858,007,633

  Batch size: 1, Seq length: 512SUMMARY: config=configs/bf16_full.json params=6858007633 peak_mem_bytes=37443852800 alloc_mem_bytes=34508623360 avg_step_time=0.4645

  Average step time: 0.465s
  Peak memory: 34.87 GB
  Final allocated memory: 32.14 GB
============================================================
SUMMARY: config=configs/bf16_full.json params=6858007633 peak_mem_bytes=37443852800 alloc_mem_bytes=34508623360 avg_step_time=0.4645
[rank0]:[W120 12:27:04.395969580 ProcessGroupNCCL.cpp:1250] Warning: WARNING: process group has NOT been destroyed before we destruct ProcessGroupNCCL. On normal program exit, the application should call destroy_process_group to ensure that any pending NCCL operations have finished in this process. In rare cases this process can exit before this point and block the progress of another member of the process group. This constraint has always been present,  but this warning has only been added since PyTorch 2.4 (function operator())
[2026-01-20 12:27:06,056] [INFO] [launch.py:367:main] Process 1963903 exits successfully.
[2026-01-20 12:27:06,056] [INFO] [launch.py:367:main] Process 1963904 exits successfully.
