Warning: The cache directory for DeepSpeed Triton autotune, /home/bigyang/.triton/autotune, appears to be on an NFS system. While this is generally acceptable, if you experience slowdowns or hanging when DeepSpeed exits, it is recommended to set the TRITON_CACHE_DIR environment variable to a non-NFS path.
[2026-01-19 14:09:08,276] [WARNING] [runner.py:232:fetch_hostfile] Unable to find hostfile, will proceed with training with local resources only.
Detected VISIBLE_DEVICES=0,1 but ignoring it because one or several of --include/--exclude/--num_gpus/--num_nodes cl args were used. If you want to use CUDA_VISIBLE_DEVICES don't pass any of these arguments to deepspeed.
[2026-01-19 14:09:08,277] [INFO] [runner.py:630:main] cmd = /home/bigyang/micromamba/envs/ds-hf/bin/python -u -m deepspeed.launcher.launch --world_info=eyJsb2NhbGhvc3QiOiBbMCwgMV19 --master_addr=127.0.0.1 --master_port=29600 --enable_each_rank_log=None --log_level=info train_gpt.py --deepspeed_config configs/baseline.json --num_layers 12 --hidden_dim 1024 --batch_size 2 --seq_length 512 --num_steps 10 --warmup_steps 5 --activation_checkpointing --use_real_data --seed 42
Warning: The cache directory for DeepSpeed Triton autotune, /home/bigyang/.triton/autotune, appears to be on an NFS system. While this is generally acceptable, if you experience slowdowns or hanging when DeepSpeed exits, it is recommended to set the TRITON_CACHE_DIR environment variable to a non-NFS path.
[2026-01-19 14:09:13,512] [INFO] [launch.py:162:main] WORLD INFO DICT: {'localhost': [0, 1]}
[2026-01-19 14:09:13,512] [INFO] [launch.py:168:main] nnodes=1, num_local_procs=2, node_rank=0
[2026-01-19 14:09:13,512] [INFO] [launch.py:179:main] global_rank_mapping=defaultdict(<class 'list'>, {'localhost': [0, 1]})
[2026-01-19 14:09:13,512] [INFO] [launch.py:180:main] dist_world_size=2
[2026-01-19 14:09:13,512] [INFO] [launch.py:184:main] Setting CUDA_VISIBLE_DEVICES=0,1
[2026-01-19 14:09:13,513] [INFO] [launch.py:272:main] process 1741948 spawned with command: ['/home/bigyang/micromamba/envs/ds-hf/bin/python', '-u', 'train_gpt.py', '--local_rank=0', '--deepspeed_config', 'configs/baseline.json', '--num_layers', '12', '--hidden_dim', '1024', '--batch_size', '2', '--seq_length', '512', '--num_steps', '10', '--warmup_steps', '5', '--activation_checkpointing', '--use_real_data', '--seed', '42']
[2026-01-19 14:09:13,513] [INFO] [launch.py:272:main] process 1741949 spawned with command: ['/home/bigyang/micromamba/envs/ds-hf/bin/python', '-u', 'train_gpt.py', '--local_rank=1', '--deepspeed_config', 'configs/baseline.json', '--num_layers', '12', '--hidden_dim', '1024', '--batch_size', '2', '--seq_length', '512', '--num_steps', '10', '--warmup_steps', '5', '--activation_checkpointing', '--use_real_data', '--seed', '42']
Warning: The cache directory for DeepSpeed Triton autotune, /home/bigyang/.triton/autotune, appears to be on an NFS system. While this is generally acceptable, if you experience slowdowns or hanging when DeepSpeed exits, it is recommended to set the TRITON_CACHE_DIR environment variable to a non-NFS path.
Warning: The cache directory for DeepSpeed Triton autotune, /home/bigyang/.triton/autotune, appears to be on an NFS system. While this is generally acceptable, if you experience slowdowns or hanging when DeepSpeed exits, it is recommended to set the TRITON_CACHE_DIR environment variable to a non-NFS path.
[Rank 0] Loading wikitext dataset...
[Rank 1] Loading wikitext dataset...
[Rank 0] Dataset loaded: 39531 examples, vocab_size=50257[Rank 1] Dataset loaded: 39531 examples, vocab_size=50257

[Rank 1] Creating model with hidden_dim=1024, num_layers=12, num_heads=16, vocab_size=50257
[Rank 0] Creating model with hidden_dim=1024, num_layers=12, num_heads=16, vocab_size=50257
[Rank 1] Model parameters: 124,439,808 total, 124,439,808 trainable
[Rank 1] Activation checkpointing enabled
[Rank 0] Model parameters: 124,439,808 total, 124,439,808 trainable
[Rank 0] Activation checkpointing enabled
/home/bigyang/micromamba/envs/ds-hf/lib/python3.11/site-packages/torch/utils/cpp_extension.py:1964: UserWarning: TORCH_CUDA_ARCH_LIST is not set, all archs for visible cards are included for compilation. 
If this is not desired, please set os.environ['TORCH_CUDA_ARCH_LIST'].
  warnings.warn(
Stage 3 initialize beginning
MA 0.25 GB         Max_MA 0.25 GB         CA 0.26 GB         Max_CA 0 GB 
CPU Virtual Memory:  used = 36.43 GB, percent = 3.6%
DeepSpeedZeRoOffload initialize [begin]
MA 0.25 GB         Max_MA 0.39 GB         CA 0.41 GB         Max_CA 0 GB 
CPU Virtual Memory:  used = 36.54 GB, percent = 3.6%
Parameter Offload - Persistent parameters statistics: param_count = 0, numel = 0
DeepSpeedZeRoOffload initialize [end]
MA 0.13 GB         Max_MA 0.29 GB         CA 0.41 GB         Max_CA 0 GB 
CPU Virtual Memory:  used = 36.54 GB, percent = 3.6%
Before creating fp16 partitions
MA 0.13 GB         Max_MA 0.13 GB         CA 0.41 GB         Max_CA 0 GB 
CPU Virtual Memory:  used = 36.55 GB, percent = 3.6%
After creating fp16 partitions: 1
MA 0.13 GB         Max_MA 0.13 GB         CA 0.13 GB         Max_CA 0 GB 
CPU Virtual Memory:  used = 36.56 GB, percent = 3.6%
Before creating fp32 partitions
MA 0.13 GB         Max_MA 0.13 GB         CA 0.13 GB         Max_CA 0 GB 
CPU Virtual Memory:  used = 36.57 GB, percent = 3.6%
After creating fp32 partitions
MA 0.36 GB         Max_MA 0.59 GB         CA 0.6 GB         Max_CA 1 GB 
CPU Virtual Memory:  used = 36.57 GB, percent = 3.6%
Before initializing optimizer states
MA 0.36 GB         Max_MA 0.36 GB         CA 0.6 GB         Max_CA 1 GB 
CPU Virtual Memory:  used = 36.57 GB, percent = 3.6%
[Rank 0] time (ms) | init_optimizer_state: 0.04
After initializing optimizer states
MA 0.36 GB         Max_MA 0.59 GB         CA 0.6 GB         Max_CA 1 GB 
CPU Virtual Memory:  used = 36.58 GB, percent = 3.6%
[Rank 1] DeepSpeed initialized with config: configs/baseline.json
[Rank 1] Memory after init: allocated=0.57 GB, reserved=0.74 GB
After initializing ZeRO optimizer
MA 0.57 GB         Max_MA 0.71 GB         CA 0.74 GB         Max_CA 1 GB 
CPU Virtual Memory:  used = 36.61 GB, percent = 3.6%
[Rank 0] DeepSpeed initialized with config: configs/baseline.json
[Rank 0] Memory after init: allocated=0.57 GB, reserved=0.74 GB
`use_cache=True` is incompatible with gradient checkpointing. Setting `use_cache=False`...
`use_cache=True` is incompatible with gradient checkpointing. Setting `use_cache=False`...
`loss_type=None` was set in the config but it is unrecognized. Using the default loss: `ForCausalLMLoss`.
`loss_type=None` was set in the config but it is unrecognized. Using the default loss: `ForCausalLMLoss`.
[Rank 0] time (ms) | optimizer_step: 3.90
[Rank 0] time (ms) | fwd_microstep: 872.81 | bwd_microstep: 280.56 | bwd_inner_microstep: 279.83 | bwd_allreduce_microstep: 0.60 | step_microstep: 231.45
[Rank 0] time (ms) | fwd: 872.80 | bwd: 280.56 | bwd_inner: 279.84 | bwd_allreduce: 0.60 | step: 231.45
[Rank 0] Step 0: loss=11.4755, time=1.697s, alloc_mem=1.19 GB, peak_mem=1.42 GB
[Rank 1] Step 0: loss=11.3859, time=1.869s, alloc_mem=1.19 GB, peak_mem=1.42 GB
[Rank 0] time (ms) | optimizer_step: 1.87
[Rank 0] time (ms) | fwd_microstep: 240.22 | bwd_microstep: 229.93 | bwd_inner_microstep: 229.33 | bwd_allreduce_microstep: 0.51 | step_microstep: 5.83
[Rank 0] time (ms) | fwd: 240.21 | bwd: 229.93 | bwd_inner: 229.34 | bwd_allreduce: 0.51 | step: 5.83
[Rank 0] time (ms) | optimizer_step: 1.84
[Rank 0] time (ms) | fwd_microstep: 31.88 | bwd_microstep: 66.30 | bwd_inner_microstep: 65.74 | bwd_allreduce_microstep: 0.51 | step_microstep: 5.71
[Rank 0] time (ms) | fwd: 31.87 | bwd: 66.31 | bwd_inner: 65.76 | bwd_allreduce: 0.51 | step: 5.71
[Rank 0] time (ms) | optimizer_step: 1.85
[Rank 0] time (ms) | fwd_microstep: 31.60 | bwd_microstep: 67.38 | bwd_inner_microstep: 66.60 | bwd_allreduce_microstep: 0.73 | step_microstep: 5.71
[Rank 0] time (ms) | fwd: 31.59 | bwd: 67.39 | bwd_inner: 66.61 | bwd_allreduce: 0.73 | step: 5.71
[Rank 0] time (ms) | optimizer_step: 1.85
[Rank 0] time (ms) | fwd_microstep: 30.55 | bwd_microstep: 66.87 | bwd_inner_microstep: 66.28 | bwd_allreduce_microstep: 0.54 | step_microstep: 5.69
[Rank 0] time (ms) | fwd: 30.54 | bwd: 66.88 | bwd_inner: 66.30 | bwd_allreduce: 0.54 | step: 5.70
[Rank 0] time (ms) | optimizer_step: 1.85
[Rank 0] time (ms) | fwd_microstep: 30.56 | bwd_microstep: 67.07 | bwd_inner_microstep: 66.12 | bwd_allreduce_microstep: 0.90 | step_microstep: 5.69
[Rank 0] time (ms) | fwd: 30.55 | bwd: 67.07 | bwd_inner: 66.13 | bwd_allreduce: 0.90 | step: 5.70
[Rank 0] Step 5: loss=4.7686, time=0.105s, alloc_mem=1.19 GB, peak_mem=2.02 GB
[Rank 1] Step 5: loss=4.3611, time=0.105s, alloc_mem=1.19 GB, peak_mem=2.02 GB
[Rank 0] time (ms) | optimizer_step: 1.85
[Rank 0] time (ms) | fwd_microstep: 31.12 | bwd_microstep: 69.82 | bwd_inner_microstep: 67.72 | bwd_allreduce_microstep: 2.05 | step_microstep: 5.70
[Rank 0] time (ms) | fwd: 31.11 | bwd: 69.83 | bwd_inner: 67.74 | bwd_allreduce: 2.05 | step: 5.70
[Rank 0] time (ms) | optimizer_step: 1.86
[Rank 0] time (ms) | fwd_microstep: 30.59 | bwd_microstep: 66.83 | bwd_inner_microstep: 65.99 | bwd_allreduce_microstep: 0.79 | step_microstep: 5.68
[Rank 0] time (ms) | fwd: 30.58 | bwd: 66.84 | bwd_inner: 66.00 | bwd_allreduce: 0.79 | step: 5.68
[Rank 0] time (ms) | optimizer_step: 1.89
[Rank 0] time (ms) | fwd_microstep: 30.67 | bwd_microstep: 66.58 | bwd_inner_microstep: 65.73 | bwd_allreduce_microstep: 0.78 | step_microstep: 5.86
[Rank 0] time (ms) | fwd: 30.66 | bwd: 66.58 | bwd_inner: 65.75 | bwd_allreduce: 0.78 | step: 5.86
[Rank 0] time (ms) | optimizer_step: 1.85
[Rank 0] time (ms) | fwd_microstep: 30.68 | bwd_microstep: 68.61 | bwd_inner_microstep: 65.42 | bwd_allreduce_microstep: 3.14 | step_microstep: 5.66
[Rank 0] time (ms) | fwd: 30.67 | bwd: 68.61 | bwd_inner: 65.43 | bwd_allreduce: 3.14 | step: 5.66
[Rank 0] Step 9: loss=2.9399, time=0.106s, alloc_mem=1.19 GB, peak_mem=2.02 GB
[Rank 1] Step 9: loss=1.6235, time=0.105s, alloc_mem=1.19 GB, peak_mem=2.02 GB

============================================================
[Rank 0] FINAL RESULTS
  Config: configs/baseline.json
  Model: hidden_dim=1024, num_layers=12
  Parameters: 124,439,808
  Batch size: 2, Seq length: 512
============================================================

  Average step time: 0.105s[Rank 1] FINAL RESULTS

  Peak memory: 2.02 GB  Config: configs/baseline.json

  Final allocated memory: 1.19 GB
============================================================  Model: hidden_dim=1024, num_layers=12

SUMMARY: config=configs/baseline.json batch_size=2 params=124439808 peak_mem_bytes=2171497984 alloc_mem_bytes=1280200704 avg_step_time=0.1054
  Parameters: 124,439,808
  Batch size: 2, Seq length: 512
  Average step time: 0.105s
  Peak memory: 2.02 GB
  Final allocated memory: 1.19 GB
============================================================
SUMMARY: config=configs/baseline.json batch_size=2 params=124439808 peak_mem_bytes=2171497984 alloc_mem_bytes=1280200704 avg_step_time=0.1054
[rank0]:[W119 14:09:50.253965245 ProcessGroupNCCL.cpp:1250] Warning: WARNING: process group has NOT been destroyed before we destruct ProcessGroupNCCL. On normal program exit, the application should call destroy_process_group to ensure that any pending NCCL operations have finished in this process. In rare cases this process can exit before this point and block the progress of another member of the process group. This constraint has always been present,  but this warning has only been added since PyTorch 2.4 (function operator())
[2026-01-19 14:09:52,525] [INFO] [launch.py:367:main] Process 1741948 exits successfully.
[2026-01-19 14:09:52,525] [INFO] [launch.py:367:main] Process 1741949 exits successfully.
