0: Warning: The cache directory for DeepSpeed Triton autotune, /home/bigyang/.triton/autotune, appears to be on an NFS system. While this is generally acceptable, if you experience slowdowns or hanging when DeepSpeed exits, it is recommended to set the TRITON_CACHE_DIR environment variable to a non-NFS path.
0: [Rank 0] Loading wikitext dataset...
0: [Rank 0] Dataset loaded: 39531 examples, vocab_size=50257
0: [Rank 0] Creating model with hidden_dim=2048, num_layers=32, num_heads=16, vocab_size=50257
0: [Rank 0] Model parameters: 1,819,464,785 total, 1,819,464,785 trainable
0: [Rank 0] Activation checkpointing enabled
0: /home/bigyang/micromamba/envs/ds-hf/lib/python3.11/site-packages/torch/utils/cpp_extension.py:1964: UserWarning: TORCH_CUDA_ARCH_LIST is not set, all archs for visible cards are included for compilation. 
0: If this is not desired, please set os.environ['TORCH_CUDA_ARCH_LIST'].
0:   warnings.warn(
0: Before initializing optimizer states
0: MA 3.58 GB         Max_MA 6.78 GB         CA 6.78 GB         Max_CA 7 GB 
0: CPU Virtual Memory:  used = 31.4 GB, percent = 12.5%
0: After initializing optimizer states
0: MA 3.58 GB         Max_MA 3.58 GB         CA 6.78 GB         Max_CA 7 GB 
0: CPU Virtual Memory:  used = 38.73 GB, percent = 15.4%
0: After initializing ZeRO optimizer
0: MA 3.58 GB         Max_MA 3.58 GB         CA 6.78 GB         Max_CA 7 GB 
0: CPU Virtual Memory:  used = 38.68 GB, percent = 15.4%
0: [Rank 0] DeepSpeed initialized with config: configs/baseline.json
0: [Rank 0] Memory after init: allocated=3.58 GB, reserved=6.78 GB
0: Peak CUDA memory after attention: 4.90 GB
0: Peak CUDA memory after attention: 4.96 GB
0: Peak CUDA memory after attention: 5.03 GB
0: Peak CUDA memory after attention: 5.09 GB
0: Peak CUDA memory after attention: 5.15 GB
0: Peak CUDA memory after attention: 5.21 GB
0: Peak CUDA memory after attention: 5.28 GB
0: Peak CUDA memory after attention: 5.34 GB
0: Peak CUDA memory after attention: 5.40 GB
0: Peak CUDA memory after attention: 5.46 GB
0: Peak CUDA memory after attention: 5.53 GB
0: Peak CUDA memory after attention: 5.59 GB
0: Peak CUDA memory after attention: 5.65 GB
0: Peak CUDA memory after attention: 5.71 GB
0: Peak CUDA memory after attention: 5.78 GB
0: Peak CUDA memory after attention: 5.84 GB
0: Peak CUDA memory after attention: 5.90 GB
0: Peak CUDA memory after attention: 5.96 GB
0: Peak CUDA memory after attention: 6.03 GB
0: Peak CUDA memory after attention: 6.09 GB
0: Peak CUDA memory after attention: 6.15 GB
0: Peak CUDA memory after attention: 6.21 GB
0: Peak CUDA memory after attention: 6.28 GB
0: Peak CUDA memory after attention: 6.34 GB
0: Peak CUDA memory after attention: 6.40 GB
0: Peak CUDA memory after attention: 6.46 GB
0: Peak CUDA memory after attention: 6.53 GB
0: Peak CUDA memory after attention: 6.59 GB
0: Peak CUDA memory after attention: 6.65 GB
0: Peak CUDA memory after attention: 6.71 GB
0: Peak CUDA memory after attention: 6.78 GB
0: Peak CUDA memory after attention: 6.84 GB
0: Peak CUDA memory after attention: 11.79 GB
0: Peak CUDA memory after attention: 11.79 GB
0: Peak CUDA memory after attention: 11.79 GB
0: Peak CUDA memory after attention: 11.79 GB
0: Peak CUDA memory after attention: 11.79 GB
0: Peak CUDA memory after attention: 11.79 GB
0: Peak CUDA memory after attention: 11.79 GB
0: Peak CUDA memory after attention: 11.79 GB
0: Peak CUDA memory after attention: 11.79 GB
0: Peak CUDA memory after attention: 11.79 GB
0: Peak CUDA memory after attention: 11.79 GB
0: Peak CUDA memory after attention: 11.79 GB
0: Peak CUDA memory after attention: 11.79 GB
0: Peak CUDA memory after attention: 11.79 GB
0: Peak CUDA memory after attention: 11.79 GB
0: Peak CUDA memory after attention: 11.79 GB
0: Peak CUDA memory after attention: 11.79 GB
0: Peak CUDA memory after attention: 11.79 GB
0: Peak CUDA memory after attention: 11.79 GB
0: Peak CUDA memory after attention: 11.79 GB
0: Peak CUDA memory after attention: 11.79 GB
0: Peak CUDA memory after attention: 11.79 GB
0: Peak CUDA memory after attention: 11.79 GB
0: Peak CUDA memory after attention: 11.79 GB
0: Peak CUDA memory after attention: 11.79 GB
0: Peak CUDA memory after attention: 11.79 GB
0: Peak CUDA memory after attention: 11.79 GB
0: Peak CUDA memory after attention: 11.79 GB
0: Peak CUDA memory after attention: 11.79 GB
0: Peak CUDA memory after attention: 11.79 GB
0: Peak CUDA memory after attention: 11.79 GB
0: Peak CUDA memory after attention: 11.79 GB
0: exp_avg size: 6.7780 GB
0: [Rank 0] Step 0: loss=10.9375, time=11.994s, alloc_mem=5.13 GB, peak_mem=11.79 GB
0: Peak CUDA memory after attention: 11.79 GB
0: Peak CUDA memory after attention: 11.79 GB
0: Peak CUDA memory after attention: 11.79 GB
0: Peak CUDA memory after attention: 11.79 GB
0: Peak CUDA memory after attention: 11.79 GB
0: Peak CUDA memory after attention: 11.79 GB
0: Peak CUDA memory after attention: 11.79 GB
0: Peak CUDA memory after attention: 11.79 GB
0: Peak CUDA memory after attention: 11.79 GB
0: Peak CUDA memory after attention: 11.79 GB
0: Peak CUDA memory after attention: 11.79 GB
0: Peak CUDA memory after attention: 11.79 GB
0: Peak CUDA memory after attention: 11.79 GB
0: Peak CUDA memory after attention: 11.79 GB
0: Peak CUDA memory after attention: 11.79 GB
0: Peak CUDA memory after attention: 11.79 GB
0: Peak CUDA memory after attention: 11.79 GB
0: Peak CUDA memory after attention: 11.79 GB
0: Peak CUDA memory after attention: 11.79 GB
0: Peak CUDA memory after attention: 11.79 GB
0: Peak CUDA memory after attention: 11.79 GB
0: Peak CUDA memory after attention: 11.79 GB
0: Peak CUDA memory after attention: 11.79 GB
0: Peak CUDA memory after attention: 11.79 GB
0: Peak CUDA memory after attention: 11.79 GB
0: Peak CUDA memory after attention: 11.79 GB
0: Peak CUDA memory after attention: 11.79 GB
0: Peak CUDA memory after attention: 11.79 GB
0: Peak CUDA memory after attention: 11.79 GB
0: Peak CUDA memory after attention: 11.79 GB
0: Peak CUDA memory after attention: 11.79 GB
0: Peak CUDA memory after attention: 11.79 GB
0: Peak CUDA memory after attention: 11.79 GB
0: Peak CUDA memory after attention: 11.79 GB
0: Peak CUDA memory after attention: 11.79 GB
0: Peak CUDA memory after attention: 11.79 GB
0: Peak CUDA memory after attention: 11.79 GB
0: Peak CUDA memory after attention: 11.79 GB
0: Peak CUDA memory after attention: 11.79 GB
0: Peak CUDA memory after attention: 11.79 GB
0: Peak CUDA memory after attention: 11.79 GB
0: Peak CUDA memory after attention: 11.79 GB
0: Peak CUDA memory after attention: 11.79 GB
0: Peak CUDA memory after attention: 11.79 GB
0: Peak CUDA memory after attention: 11.79 GB
0: Peak CUDA memory after attention: 11.79 GB
0: Peak CUDA memory after attention: 11.79 GB
0: Peak CUDA memory after attention: 11.79 GB
0: Peak CUDA memory after attention: 11.79 GB
0: Peak CUDA memory after attention: 11.79 GB
0: Peak CUDA memory after attention: 11.79 GB
0: Peak CUDA memory after attention: 11.79 GB
0: Peak CUDA memory after attention: 11.79 GB
0: Peak CUDA memory after attention: 11.79 GB
0: Peak CUDA memory after attention: 11.79 GB
0: Peak CUDA memory after attention: 11.79 GB
0: Peak CUDA memory after attention: 11.79 GB
0: Peak CUDA memory after attention: 11.79 GB
0: Peak CUDA memory after attention: 11.79 GB
0: Peak CUDA memory after attention: 11.79 GB
0: Peak CUDA memory after attention: 11.79 GB
0: Peak CUDA memory after attention: 11.79 GB
0: Peak CUDA memory after attention: 11.79 GB
0: Peak CUDA memory after attention: 11.79 GB
0: Peak CUDA memory after attention: 11.79 GB
0: Peak CUDA memory after attention: 11.79 GB
0: Peak CUDA memory after attention: 11.79 GB
0: Peak CUDA memory after attention: 11.79 GB
0: Peak CUDA memory after attention: 11.79 GB
0: Peak CUDA memory after attention: 11.79 GB
0: Peak CUDA memory after attention: 11.79 GB
0: Peak CUDA memory after attention: 11.79 GB
0: Peak CUDA memory after attention: 11.79 GB
0: Peak CUDA memory after attention: 11.79 GB
0: Peak CUDA memory after attention: 11.79 GB
0: Peak CUDA memory after attention: 11.79 GB
0: Peak CUDA memory after attention: 11.79 GB
0: Peak CUDA memory after attention: 11.79 GB
0: Peak CUDA memory after attention: 11.79 GB
0: Peak CUDA memory after attention: 11.79 GB
0: Peak CUDA memory after attention: 11.79 GB
0: Peak CUDA memory after attention: 11.79 GB
0: Peak CUDA memory after attention: 11.79 GB
0: Peak CUDA memory after attention: 11.79 GB
0: Peak CUDA memory after attention: 11.79 GB
0: Peak CUDA memory after attention: 11.79 GB
0: Peak CUDA memory after attention: 11.79 GB
0: Peak CUDA memory after attention: 11.79 GB
0: Peak CUDA memory after attention: 11.79 GB
0: Peak CUDA memory after attention: 11.79 GB
0: Peak CUDA memory after attention: 11.79 GB
0: Peak CUDA memory after attention: 11.79 GB
0: Peak CUDA memory after attention: 11.79 GB
0: Peak CUDA memory after attention: 11.79 GB
0: Peak CUDA memory after attention: 11.79 GB
0: Peak CUDA memory after attention: 11.79 GB
0: Peak CUDA memory after attention: 11.79 GB
0: Peak CUDA memory after attention: 11.79 GB
0: Peak CUDA memory after attention: 11.79 GB
0: Peak CUDA memory after attention: 11.79 GB
0: Peak CUDA memory after attention: 11.79 GB
0: Peak CUDA memory after attention: 11.79 GB
0: Peak CUDA memory after attention: 11.79 GB
0: Peak CUDA memory after attention: 11.79 GB
0: Peak CUDA memory after attention: 11.79 GB
0: Peak CUDA memory after attention: 11.79 GB
0: Peak CUDA memory after attention: 11.79 GB
0: Peak CUDA memory after attention: 11.79 GB
0: Peak CUDA memory after attention: 11.79 GB
0: Peak CUDA memory after attention: 11.79 GB
0: Peak CUDA memory after attention: 11.79 GB
0: Peak CUDA memory after attention: 11.79 GB
0: Peak CUDA memory after attention: 11.79 GB
0: Peak CUDA memory after attention: 11.79 GB
0: Peak CUDA memory after attention: 11.79 GB
0: Peak CUDA memory after attention: 11.79 GB
0: Peak CUDA memory after attention: 11.79 GB
0: Peak CUDA memory after attention: 11.79 GB
0: Peak CUDA memory after attention: 11.79 GB
0: Peak CUDA memory after attention: 11.79 GB
0: Peak CUDA memory after attention: 11.79 GB
0: Peak CUDA memory after attention: 11.79 GB
0: Peak CUDA memory after attention: 11.79 GB
0: Peak CUDA memory after attention: 11.79 GB
0: Peak CUDA memory after attention: 11.79 GB
0: Peak CUDA memory after attention: 11.79 GB
0: Peak CUDA memory after attention: 11.79 GB
0: Peak CUDA memory after attention: 11.79 GB
0: Peak CUDA memory after attention: 11.79 GB
0: Peak CUDA memory after attention: 11.79 GB
0: Peak CUDA memory after attention: 11.79 GB
0: Peak CUDA memory after attention: 11.79 GB
0: Peak CUDA memory after attention: 11.79 GB
0: Peak CUDA memory after attention: 11.79 GB
0: Peak CUDA memory after attention: 11.79 GB
0: Peak CUDA memory after attention: 11.79 GB
0: Peak CUDA memory after attention: 11.79 GB
0: Peak CUDA memory after attention: 11.79 GB
0: Peak CUDA memory after attention: 11.79 GB
0: Peak CUDA memory after attention: 11.79 GB
0: Peak CUDA memory after attention: 11.79 GB
0: Peak CUDA memory after attention: 11.79 GB
0: Peak CUDA memory after attention: 11.79 GB
0: Peak CUDA memory after attention: 11.79 GB
0: Peak CUDA memory after attention: 11.79 GB
0: Peak CUDA memory after attention: 11.79 GB
0: Peak CUDA memory after attention: 11.79 GB
0: Peak CUDA memory after attention: 11.79 GB
0: Peak CUDA memory after attention: 11.79 GB
0: Peak CUDA memory after attention: 11.79 GB
0: Peak CUDA memory after attention: 11.79 GB
0: Peak CUDA memory after attention: 11.79 GB
0: Peak CUDA memory after attention: 11.79 GB
0: Peak CUDA memory after attention: 11.79 GB
0: Peak CUDA memory after attention: 11.79 GB
0: Peak CUDA memory after attention: 11.79 GB
0: Peak CUDA memory after attention: 11.79 GB
0: Peak CUDA memory after attention: 11.79 GB
0: Peak CUDA memory after attention: 11.79 GB
0: Peak CUDA memory after attention: 11.79 GB
0: Peak CUDA memory after attention: 11.79 GB
0: Peak CUDA memory after attention: 11.79 GB
0: Peak CUDA memory after attention: 11.79 GB
0: Peak CUDA memory after attention: 11.79 GB
0: Peak CUDA memory after attention: 11.79 GB
0: Peak CUDA memory after attention: 11.79 GB
0: Peak CUDA memory after attention: 11.79 GB
0: Peak CUDA memory after attention: 11.79 GB
0: Peak CUDA memory after attention: 11.79 GB
0: Peak CUDA memory after attention: 11.79 GB
0: Peak CUDA memory after attention: 11.79 GB
0: Peak CUDA memory after attention: 11.79 GB
0: Peak CUDA memory after attention: 11.79 GB
0: Peak CUDA memory after attention: 11.79 GB
0: Peak CUDA memory after attention: 11.79 GB
0: Peak CUDA memory after attention: 11.79 GB
0: Peak CUDA memory after attention: 11.79 GB
0: Peak CUDA memory after attention: 11.79 GB
0: Peak CUDA memory after attention: 11.79 GB
0: Peak CUDA memory after attention: 11.79 GB
0: Peak CUDA memory after attention: 11.79 GB
0: Peak CUDA memory after attention: 11.79 GB
0: Peak CUDA memory after attention: 11.79 GB
0: Peak CUDA memory after attention: 11.79 GB
0: Peak CUDA memory after attention: 11.79 GB
0: Peak CUDA memory after attention: 11.79 GB
0: Peak CUDA memory after attention: 11.79 GB
0: Peak CUDA memory after attention: 11.79 GB
0: Peak CUDA memory after attention: 11.79 GB
0: Peak CUDA memory after attention: 11.79 GB
0: Peak CUDA memory after attention: 11.79 GB
0: Peak CUDA memory after attention: 11.79 GB
0: Peak CUDA memory after attention: 11.79 GB
0: Peak CUDA memory after attention: 11.79 GB
0: Peak CUDA memory after attention: 11.79 GB
0: Peak CUDA memory after attention: 11.79 GB
0: Peak CUDA memory after attention: 11.79 GB
0: Peak CUDA memory after attention: 11.79 GB
0: Peak CUDA memory after attention: 11.79 GB
0: Peak CUDA memory after attention: 11.79 GB
0: Peak CUDA memory after attention: 11.79 GB
0: Peak CUDA memory after attention: 11.79 GB
0: Peak CUDA memory after attention: 11.79 GB
0: Peak CUDA memory after attention: 11.79 GB
0: Peak CUDA memory after attention: 11.79 GB
0: Peak CUDA memory after attention: 11.79 GB
0: Peak CUDA memory after attention: 11.79 GB
0: Peak CUDA memory after attention: 11.79 GB
0: Peak CUDA memory after attention: 11.79 GB
0: Peak CUDA memory after attention: 11.79 GB
0: Peak CUDA memory after attention: 11.79 GB
0: Peak CUDA memory after attention: 11.79 GB
0: Peak CUDA memory after attention: 11.79 GB
0: Peak CUDA memory after attention: 11.79 GB
0: Peak CUDA memory after attention: 11.79 GB
0: Peak CUDA memory after attention: 11.79 GB
0: Peak CUDA memory after attention: 11.79 GB
0: Peak CUDA memory after attention: 11.79 GB
0: Peak CUDA memory after attention: 11.79 GB
0: Peak CUDA memory after attention: 11.79 GB
0: Peak CUDA memory after attention: 11.79 GB
0: Peak CUDA memory after attention: 11.79 GB
0: Peak CUDA memory after attention: 11.79 GB
0: Peak CUDA memory after attention: 11.79 GB
0: Peak CUDA memory after attention: 11.79 GB
0: Peak CUDA memory after attention: 11.79 GB
0: Peak CUDA memory after attention: 11.79 GB
0: Peak CUDA memory after attention: 11.79 GB
0: Peak CUDA memory after attention: 11.79 GB
0: Peak CUDA memory after attention: 11.79 GB
0: Peak CUDA memory after attention: 11.79 GB
0: Peak CUDA memory after attention: 11.79 GB
0: Peak CUDA memory after attention: 11.79 GB
0: Peak CUDA memory after attention: 11.79 GB
0: Peak CUDA memory after attention: 11.79 GB
0: Peak CUDA memory after attention: 11.79 GB
0: Peak CUDA memory after attention: 11.79 GB
0: Peak CUDA memory after attention: 11.79 GB
0: Peak CUDA memory after attention: 11.79 GB
0: Peak CUDA memory after attention: 11.79 GB
0: Peak CUDA memory after attention: 11.79 GB
0: Peak CUDA memory after attention: 11.79 GB
0: Peak CUDA memory after attention: 11.79 GB
0: Peak CUDA memory after attention: 11.79 GB
0: Peak CUDA memory after attention: 11.79 GB
0: Peak CUDA memory after attention: 11.79 GB
0: Peak CUDA memory after attention: 11.79 GB
0: Peak CUDA memory after attention: 11.79 GB
0: Peak CUDA memory after attention: 11.79 GB
0: Peak CUDA memory after attention: 11.79 GB
0: Peak CUDA memory after attention: 11.79 GB
0: Peak CUDA memory after attention: 11.79 GB
0: Peak CUDA memory after attention: 11.79 GB
0: Peak CUDA memory after attention: 11.79 GB
0: Peak CUDA memory after attention: 11.79 GB
0: Peak CUDA memory after attention: 11.79 GB
0: Peak CUDA memory after attention: 11.79 GB
0: Peak CUDA memory after attention: 11.79 GB
0: Peak CUDA memory after attention: 11.79 GB
0: Peak CUDA memory after attention: 11.79 GB
0: Peak CUDA memory after attention: 11.79 GB
0: Peak CUDA memory after attention: 11.79 GB
0: Peak CUDA memory after attention: 11.79 GB
0: Peak CUDA memory after attention: 11.79 GB
0: Peak CUDA memory after attention: 11.79 GB
0: Peak CUDA memory after attention: 11.79 GB
0: Peak CUDA memory after attention: 11.79 GB
0: Peak CUDA memory after attention: 11.79 GB
0: Peak CUDA memory after attention: 11.79 GB
0: Peak CUDA memory after attention: 11.79 GB
0: Peak CUDA memory after attention: 11.79 GB
0: Peak CUDA memory after attention: 11.79 GB
0: Peak CUDA memory after attention: 11.79 GB
0: Peak CUDA memory after attention: 11.79 GB
0: Peak CUDA memory after attention: 11.79 GB
0: Peak CUDA memory after attention: 11.79 GB
0: Peak CUDA memory after attention: 11.79 GB
0: Peak CUDA memory after attention: 11.79 GB
0: Peak CUDA memory after attention: 11.79 GB
0: Peak CUDA memory after attention: 11.79 GB
0: Peak CUDA memory after attention: 11.79 GB
0: Peak CUDA memory after attention: 11.79 GB
0: Peak CUDA memory after attention: 11.79 GB
0: Peak CUDA memory after attention: 11.79 GB
0: Peak CUDA memory after attention: 11.79 GB
0: Peak CUDA memory after attention: 11.79 GB
0: Peak CUDA memory after attention: 11.79 GB
0: Peak CUDA memory after attention: 11.79 GB
0: Peak CUDA memory after attention: 11.79 GB
0: Peak CUDA memory after attention: 11.79 GB
0: Peak CUDA memory after attention: 11.79 GB
0: Peak CUDA memory after attention: 11.79 GB
0: Peak CUDA memory after attention: 11.79 GB
0: Peak CUDA memory after attention: 11.79 GB
0: Peak CUDA memory after attention: 11.79 GB
0: Peak CUDA memory after attention: 11.79 GB
0: Peak CUDA memory after attention: 11.79 GB
0: Peak CUDA memory after attention: 11.79 GB
0: Peak CUDA memory after attention: 11.79 GB
0: Peak CUDA memory after attention: 11.79 GB
0: Peak CUDA memory after attention: 11.79 GB
0: Peak CUDA memory after attention: 11.79 GB
0: Peak CUDA memory after attention: 11.79 GB
0: Peak CUDA memory after attention: 11.79 GB
0: Peak CUDA memory after attention: 11.79 GB
0: Peak CUDA memory after attention: 11.79 GB
0: Peak CUDA memory after attention: 11.79 GB
0: Peak CUDA memory after attention: 11.79 GB
0: Peak CUDA memory after attention: 11.79 GB
0: Peak CUDA memory after attention: 11.79 GB
0: Peak CUDA memory after attention: 11.79 GB
0: Peak CUDA memory after attention: 11.79 GB
0: Peak CUDA memory after attention: 11.79 GB
0: Peak CUDA memory after attention: 11.79 GB
0: Peak CUDA memory after attention: 11.79 GB
0: Peak CUDA memory after attention: 11.79 GB
0: Peak CUDA memory after attention: 11.79 GB
0: Peak CUDA memory after attention: 11.79 GB
0: Peak CUDA memory after attention: 11.79 GB
0: Peak CUDA memory after attention: 11.79 GB
0: Local>>>>>> step_time: 3.6092569828033447, dataloading_time : 0.0010395050048828125,forward_time :0.039530277252197266, backward_time: 2.501502752304077, optim time :1.0671823024749756
0: [Rank 0] Step 5: loss=2.3281, time=3.609s, alloc_mem=5.13 GB, peak_mem=11.79 GB
0: Peak CUDA memory after attention: 11.79 GB
0: Peak CUDA memory after attention: 11.79 GB
0: Peak CUDA memory after attention: 11.79 GB
0: Peak CUDA memory after attention: 11.79 GB
0: Peak CUDA memory after attention: 11.79 GB
0: Peak CUDA memory after attention: 11.79 GB
0: Peak CUDA memory after attention: 11.79 GB
0: Peak CUDA memory after attention: 11.79 GB
0: Peak CUDA memory after attention: 11.79 GB
0: Peak CUDA memory after attention: 11.79 GB
0: Peak CUDA memory after attention: 11.79 GB
0: Peak CUDA memory after attention: 11.79 GB
0: Peak CUDA memory after attention: 11.79 GB
0: Peak CUDA memory after attention: 11.79 GB
0: Peak CUDA memory after attention: 11.79 GB
0: Peak CUDA memory after attention: 11.79 GB
0: Peak CUDA memory after attention: 11.79 GB
0: Peak CUDA memory after attention: 11.79 GB
0: Peak CUDA memory after attention: 11.79 GB
0: Peak CUDA memory after attention: 11.79 GB
0: Peak CUDA memory after attention: 11.79 GB
0: Peak CUDA memory after attention: 11.79 GB
0: Peak CUDA memory after attention: 11.79 GB
0: Peak CUDA memory after attention: 11.79 GB
0: Peak CUDA memory after attention: 11.79 GB
0: Peak CUDA memory after attention: 11.79 GB
0: Peak CUDA memory after attention: 11.79 GB
0: Peak CUDA memory after attention: 11.79 GB
0: Peak CUDA memory after attention: 11.79 GB
0: Peak CUDA memory after attention: 11.79 GB
0: Peak CUDA memory after attention: 11.79 GB
0: Peak CUDA memory after attention: 11.79 GB
0: Peak CUDA memory after attention: 11.79 GB
0: Peak CUDA memory after attention: 11.79 GB
0: Peak CUDA memory after attention: 11.79 GB
0: Peak CUDA memory after attention: 11.79 GB
0: Peak CUDA memory after attention: 11.79 GB
0: Peak CUDA memory after attention: 11.79 GB
0: Peak CUDA memory after attention: 11.79 GB
0: Peak CUDA memory after attention: 11.79 GB
0: Peak CUDA memory after attention: 11.79 GB
0: Peak CUDA memory after attention: 11.79 GB
0: Peak CUDA memory after attention: 11.79 GB
0: Peak CUDA memory after attention: 11.79 GB
0: Peak CUDA memory after attention: 11.79 GB
0: Peak CUDA memory after attention: 11.79 GB
0: Peak CUDA memory after attention: 11.79 GB
0: Peak CUDA memory after attention: 11.79 GB
0: Peak CUDA memory after attention: 11.79 GB
0: Peak CUDA memory after attention: 11.79 GB
0: Peak CUDA memory after attention: 11.79 GB
0: Peak CUDA memory after attention: 11.79 GB
0: Peak CUDA memory after attention: 11.79 GB
0: Peak CUDA memory after attention: 11.79 GB
0: Peak CUDA memory after attention: 11.79 GB
0: Peak CUDA memory after attention: 11.79 GB
0: Peak CUDA memory after attention: 11.79 GB
0: Peak CUDA memory after attention: 11.79 GB
0: Peak CUDA memory after attention: 11.79 GB
0: Peak CUDA memory after attention: 11.79 GB
0: Peak CUDA memory after attention: 11.79 GB
0: Peak CUDA memory after attention: 11.79 GB
0: Peak CUDA memory after attention: 11.79 GB
0: Peak CUDA memory after attention: 11.79 GB
0: Local>>>>>> step_time: 3.526918411254883, dataloading_time : 0.001085042953491211,forward_time :0.03917193412780762, backward_time: 2.405457019805908, optim time :1.0812020301818848
0: Peak CUDA memory after attention: 11.79 GB
0: Peak CUDA memory after attention: 11.79 GB
0: Peak CUDA memory after attention: 11.79 GB
0: Peak CUDA memory after attention: 11.79 GB
0: Peak CUDA memory after attention: 11.79 GB
0: Peak CUDA memory after attention: 11.79 GB
0: Peak CUDA memory after attention: 11.79 GB
0: Peak CUDA memory after attention: 11.79 GB
0: Peak CUDA memory after attention: 11.79 GB
0: Peak CUDA memory after attention: 11.79 GB
0: Peak CUDA memory after attention: 11.79 GB
0: Peak CUDA memory after attention: 11.79 GB
0: Peak CUDA memory after attention: 11.79 GB
0: Peak CUDA memory after attention: 11.79 GB
0: Peak CUDA memory after attention: 11.79 GB
0: Peak CUDA memory after attention: 11.79 GB
0: Peak CUDA memory after attention: 11.79 GB
0: Peak CUDA memory after attention: 11.79 GB
0: Peak CUDA memory after attention: 11.79 GB
0: Peak CUDA memory after attention: 11.79 GB
0: Peak CUDA memory after attention: 11.79 GB
0: Peak CUDA memory after attention: 11.79 GB
0: Peak CUDA memory after attention: 11.79 GB
0: Peak CUDA memory after attention: 11.79 GB
0: Peak CUDA memory after attention: 11.79 GB
0: Peak CUDA memory after attention: 11.79 GB
0: Peak CUDA memory after attention: 11.79 GB
0: Peak CUDA memory after attention: 11.79 GB
0: Peak CUDA memory after attention: 11.79 GB
0: Peak CUDA memory after attention: 11.79 GB
0: Peak CUDA memory after attention: 11.79 GB
0: Peak CUDA memory after attention: 11.79 GB
0: Peak CUDA memory after attention: 11.79 GB
0: Peak CUDA memory after attention: 11.79 GB
0: Peak CUDA memory after attention: 11.79 GB
0: Peak CUDA memory after attention: 11.79 GB
0: Peak CUDA memory after attention: 11.79 GB
0: Peak CUDA memory after attention: 11.79 GB
0: Peak CUDA memory after attention: 11.79 GB
0: Peak CUDA memory after attention: 11.79 GB
0: Peak CUDA memory after attention: 11.79 GB
0: Peak CUDA memory after attention: 11.79 GB
0: Peak CUDA memory after attention: 11.79 GB
0: Peak CUDA memory after attention: 11.79 GB
0: Peak CUDA memory after attention: 11.79 GB
0: Peak CUDA memory after attention: 11.79 GB
0: Peak CUDA memory after attention: 11.79 GB
0: Peak CUDA memory after attention: 11.79 GB
0: Peak CUDA memory after attention: 11.79 GB
0: Peak CUDA memory after attention: 11.79 GB
0: Peak CUDA memory after attention: 11.79 GB
0: Peak CUDA memory after attention: 11.79 GB
0: Peak CUDA memory after attention: 11.79 GB
0: Peak CUDA memory after attention: 11.79 GB
0: Peak CUDA memory after attention: 11.79 GB
0: Peak CUDA memory after attention: 11.79 GB
0: Peak CUDA memory after attention: 11.79 GB
0: Peak CUDA memory after attention: 11.79 GB
0: Peak CUDA memory after attention: 11.79 GB
0: Peak CUDA memory after attention: 11.79 GB
0: Peak CUDA memory after attention: 11.79 GB
0: Peak CUDA memory after attention: 11.79 GB
0: Peak CUDA memory after attention: 11.79 GB
0: Peak CUDA memory after attention: 11.79 GB
0: Local>>>>>> step_time: 3.5236175060272217, dataloading_time : 0.0012497901916503906,forward_time :0.03943943977355957, backward_time: 2.410140037536621, optim time :1.072786569595337
0: Peak CUDA memory after attention: 11.79 GB
0: Peak CUDA memory after attention: 11.79 GB
0: Peak CUDA memory after attention: 11.79 GB
0: Peak CUDA memory after attention: 11.79 GB
0: Peak CUDA memory after attention: 11.79 GB
0: Peak CUDA memory after attention: 11.79 GB
0: Peak CUDA memory after attention: 11.79 GB
0: Peak CUDA memory after attention: 11.79 GB
0: Peak CUDA memory after attention: 11.79 GB
0: Peak CUDA memory after attention: 11.79 GB
0: Peak CUDA memory after attention: 11.79 GB
0: Peak CUDA memory after attention: 11.79 GB
0: Peak CUDA memory after attention: 11.79 GB
0: Peak CUDA memory after attention: 11.79 GB
0: Peak CUDA memory after attention: 11.79 GB
0: Peak CUDA memory after attention: 11.79 GB
0: Peak CUDA memory after attention: 11.79 GB
0: Peak CUDA memory after attention: 11.79 GB
0: Peak CUDA memory after attention: 11.79 GB
0: Peak CUDA memory after attention: 11.79 GB
0: Peak CUDA memory after attention: 11.79 GB
0: Peak CUDA memory after attention: 11.79 GB
0: Peak CUDA memory after attention: 11.79 GB
0: Peak CUDA memory after attention: 11.79 GB
0: Peak CUDA memory after attention: 11.79 GB
0: Peak CUDA memory after attention: 11.79 GB
0: Peak CUDA memory after attention: 11.79 GB
0: Peak CUDA memory after attention: 11.79 GB
0: Peak CUDA memory after attention: 11.79 GB
0: Peak CUDA memory after attention: 11.79 GB
0: Peak CUDA memory after attention: 11.79 GB
0: Peak CUDA memory after attention: 11.79 GB
0: Peak CUDA memory after attention: 11.79 GB
0: Peak CUDA memory after attention: 11.79 GB
0: Peak CUDA memory after attention: 11.79 GB
0: Peak CUDA memory after attention: 11.79 GB
0: Peak CUDA memory after attention: 11.79 GB
0: Peak CUDA memory after attention: 11.79 GB
0: Peak CUDA memory after attention: 11.79 GB
0: Peak CUDA memory after attention: 11.79 GB
0: Peak CUDA memory after attention: 11.79 GB
0: Peak CUDA memory after attention: 11.79 GB
0: Peak CUDA memory after attention: 11.79 GB
0: Peak CUDA memory after attention: 11.79 GB
0: Peak CUDA memory after attention: 11.79 GB
0: Peak CUDA memory after attention: 11.79 GB
0: Peak CUDA memory after attention: 11.79 GB
0: Peak CUDA memory after attention: 11.79 GB
0: Peak CUDA memory after attention: 11.79 GB
0: Peak CUDA memory after attention: 11.79 GB
0: Peak CUDA memory after attention: 11.79 GB
0: Peak CUDA memory after attention: 11.79 GB
0: Peak CUDA memory after attention: 11.79 GB
0: Peak CUDA memory after attention: 11.79 GB
0: Peak CUDA memory after attention: 11.79 GB
0: Peak CUDA memory after attention: 11.79 GB
0: Peak CUDA memory after attention: 11.79 GB
0: Peak CUDA memory after attention: 11.79 GB
0: Peak CUDA memory after attention: 11.79 GB
0: Peak CUDA memory after attention: 11.79 GB
0: Peak CUDA memory after attention: 11.79 GB
0: Peak CUDA memory after attention: 11.79 GB
0: Peak CUDA memory after attention: 11.79 GB
0: Peak CUDA memory after attention: 11.79 GB
0: Local>>>>>> step_time: 3.5718913078308105, dataloading_time : 0.0011410713195800781,forward_time :0.04003548622131348, backward_time: 2.40625, optim time :1.124462604522705
0: Peak CUDA memory after attention: 11.79 GB
0: Peak CUDA memory after attention: 11.79 GB
0: Peak CUDA memory after attention: 11.79 GB
0: Peak CUDA memory after attention: 11.79 GB
0: Peak CUDA memory after attention: 11.79 GB
0: Peak CUDA memory after attention: 11.79 GB
0: Peak CUDA memory after attention: 11.79 GB
0: Peak CUDA memory after attention: 11.79 GB
0: Peak CUDA memory after attention: 11.79 GB
0: Peak CUDA memory after attention: 11.79 GB
0: Peak CUDA memory after attention: 11.79 GB
0: Peak CUDA memory after attention: 11.79 GB
0: Peak CUDA memory after attention: 11.79 GB
0: Peak CUDA memory after attention: 11.79 GB
0: Peak CUDA memory after attention: 11.79 GB
0: Peak CUDA memory after attention: 11.79 GB
0: Peak CUDA memory after attention: 11.79 GB
0: Peak CUDA memory after attention: 11.79 GB
0: Peak CUDA memory after attention: 11.79 GB
0: Peak CUDA memory after attention: 11.79 GB
0: Peak CUDA memory after attention: 11.79 GB
0: Peak CUDA memory after attention: 11.79 GB
0: Peak CUDA memory after attention: 11.79 GB
0: Peak CUDA memory after attention: 11.79 GB
0: Peak CUDA memory after attention: 11.79 GB
0: Peak CUDA memory after attention: 11.79 GB
0: Peak CUDA memory after attention: 11.79 GB
0: Peak CUDA memory after attention: 11.79 GB
0: Peak CUDA memory after attention: 11.79 GB
0: Peak CUDA memory after attention: 11.79 GB
0: Peak CUDA memory after attention: 11.79 GB
0: Peak CUDA memory after attention: 11.79 GB
0: Peak CUDA memory after attention: 11.79 GB
0: Peak CUDA memory after attention: 11.79 GB
0: Peak CUDA memory after attention: 11.79 GB
0: Peak CUDA memory after attention: 11.79 GB
0: Peak CUDA memory after attention: 11.79 GB
0: Peak CUDA memory after attention: 11.79 GB
0: Peak CUDA memory after attention: 11.79 GB
0: Peak CUDA memory after attention: 11.79 GB
0: Peak CUDA memory after attention: 11.79 GB
0: Peak CUDA memory after attention: 11.79 GB
0: Peak CUDA memory after attention: 11.79 GB
0: Peak CUDA memory after attention: 11.79 GB
0: Peak CUDA memory after attention: 11.79 GB
0: Peak CUDA memory after attention: 11.79 GB
0: Peak CUDA memory after attention: 11.79 GB
0: Peak CUDA memory after attention: 11.79 GB
0: Peak CUDA memory after attention: 11.79 GB
0: Peak CUDA memory after attention: 11.79 GB
0: Peak CUDA memory after attention: 11.79 GB
0: Peak CUDA memory after attention: 11.79 GB
0: Peak CUDA memory after attention: 11.79 GB
0: Peak CUDA memory after attention: 11.79 GB
0: Peak CUDA memory after attention: 11.79 GB
0: Peak CUDA memory after attention: 11.79 GB
0: Peak CUDA memory after attention: 11.79 GB
0: Peak CUDA memory after attention: 11.79 GB
0: Peak CUDA memory after attention: 11.79 GB
0: Peak CUDA memory after attention: 11.79 GB
0: Peak CUDA memory after attention: 11.79 GB
0: Peak CUDA memory after attention: 11.79 GB
0: Peak CUDA memory after attention: 11.79 GB
0: Peak CUDA memory after attention: 11.79 GB
0: Local>>>>>> step_time: 3.5608131885528564, dataloading_time : 0.0012028217315673828,forward_time :0.0399782657623291, backward_time: 2.399225950241089, optim time :1.1204042434692383
0: Peak CUDA memory after attention: 11.79 GB
0: Peak CUDA memory after attention: 11.79 GB
0: Peak CUDA memory after attention: 11.79 GB
0: Peak CUDA memory after attention: 11.79 GB
0: Peak CUDA memory after attention: 11.79 GB
0: Peak CUDA memory after attention: 11.79 GB
0: Peak CUDA memory after attention: 11.79 GB
0: Peak CUDA memory after attention: 11.79 GB
0: Peak CUDA memory after attention: 11.79 GB
0: Peak CUDA memory after attention: 11.79 GB
0: Peak CUDA memory after attention: 11.79 GB
0: Peak CUDA memory after attention: 11.79 GB
0: Peak CUDA memory after attention: 11.79 GB
0: Peak CUDA memory after attention: 11.79 GB
0: Peak CUDA memory after attention: 11.79 GB
0: Peak CUDA memory after attention: 11.79 GB
0: Peak CUDA memory after attention: 11.79 GB
0: Peak CUDA memory after attention: 11.79 GB
0: Peak CUDA memory after attention: 11.79 GB
0: Peak CUDA memory after attention: 11.79 GB
0: Peak CUDA memory after attention: 11.79 GB
0: Peak CUDA memory after attention: 11.79 GB
0: Peak CUDA memory after attention: 11.79 GB
0: Peak CUDA memory after attention: 11.79 GB
0: Peak CUDA memory after attention: 11.79 GB
0: Peak CUDA memory after attention: 11.79 GB
0: Peak CUDA memory after attention: 11.79 GB
0: Peak CUDA memory after attention: 11.79 GB
0: Peak CUDA memory after attention: 11.79 GB
0: Peak CUDA memory after attention: 11.79 GB
0: Peak CUDA memory after attention: 11.79 GB
0: Peak CUDA memory after attention: 11.79 GB
0: Peak CUDA memory after attention: 11.79 GB
0: Peak CUDA memory after attention: 11.79 GB
0: Peak CUDA memory after attention: 11.79 GB
0: Peak CUDA memory after attention: 11.79 GB
0: Peak CUDA memory after attention: 11.79 GB
0: Peak CUDA memory after attention: 11.79 GB
0: Peak CUDA memory after attention: 11.79 GB
0: Peak CUDA memory after attention: 11.79 GB
0: Peak CUDA memory after attention: 11.79 GB
0: Peak CUDA memory after attention: 11.79 GB
0: Peak CUDA memory after attention: 11.79 GB
0: Peak CUDA memory after attention: 11.79 GB
0: Peak CUDA memory after attention: 11.79 GB
0: Peak CUDA memory after attention: 11.79 GB
0: Peak CUDA memory after attention: 11.79 GB
0: Peak CUDA memory after attention: 11.79 GB
0: Peak CUDA memory after attention: 11.79 GB
0: Peak CUDA memory after attention: 11.79 GB
0: Peak CUDA memory after attention: 11.79 GB
0: Peak CUDA memory after attention: 11.79 GB
0: Peak CUDA memory after attention: 11.79 GB
0: Peak CUDA memory after attention: 11.79 GB
0: Peak CUDA memory after attention: 11.79 GB
0: Peak CUDA memory after attention: 11.79 GB
0: Peak CUDA memory after attention: 11.79 GB
0: Peak CUDA memory after attention: 11.79 GB
0: Peak CUDA memory after attention: 11.79 GB
0: Peak CUDA memory after attention: 11.79 GB
0: Peak CUDA memory after attention: 11.79 GB
0: Peak CUDA memory after attention: 11.79 GB
0: Peak CUDA memory after attention: 11.79 GB
0: Peak CUDA memory after attention: 11.79 GB
0: [rank0]:[W217 12:32:08.363935535 CPUAllocator.cpp:249] Memory block of unknown size was allocated before the profiling started, profiler results will not include the deallocation event
0: Local>>>>>> step_time: 3.5668129920959473, dataloading_time : 0.0013570785522460938,forward_time :0.051476240158081055, backward_time: 2.419642210006714, optim time :1.0943355560302734
0: [Rank 0] Step 10: loss=2.8750, time=3.567s, alloc_mem=5.13 GB, peak_mem=11.79 GB
0: Peak CUDA memory after attention: 11.79 GB
0: Peak CUDA memory after attention: 11.79 GB
0: Peak CUDA memory after attention: 11.79 GB
0: Peak CUDA memory after attention: 11.79 GB
0: Peak CUDA memory after attention: 11.79 GB
0: Peak CUDA memory after attention: 11.79 GB
0: Peak CUDA memory after attention: 11.79 GB
0: Peak CUDA memory after attention: 11.79 GB
0: Peak CUDA memory after attention: 11.79 GB
0: Peak CUDA memory after attention: 11.79 GB
0: Peak CUDA memory after attention: 11.79 GB
0: Peak CUDA memory after attention: 11.79 GB
0: Peak CUDA memory after attention: 11.79 GB
0: Peak CUDA memory after attention: 11.79 GB
0: Peak CUDA memory after attention: 11.79 GB
0: Peak CUDA memory after attention: 11.79 GB
0: Peak CUDA memory after attention: 11.79 GB
0: Peak CUDA memory after attention: 11.79 GB
0: Peak CUDA memory after attention: 11.79 GB
0: Peak CUDA memory after attention: 11.79 GB
0: Peak CUDA memory after attention: 11.79 GB
0: Peak CUDA memory after attention: 11.79 GB
0: Peak CUDA memory after attention: 11.79 GB
0: Peak CUDA memory after attention: 11.79 GB
0: Peak CUDA memory after attention: 11.79 GB
0: Peak CUDA memory after attention: 11.79 GB
0: Peak CUDA memory after attention: 11.79 GB
0: Peak CUDA memory after attention: 11.79 GB
0: Peak CUDA memory after attention: 11.79 GB
0: Peak CUDA memory after attention: 11.79 GB
0: Peak CUDA memory after attention: 11.79 GB
0: Peak CUDA memory after attention: 11.79 GB
0: Peak CUDA memory after attention: 11.79 GB
0: Peak CUDA memory after attention: 11.79 GB
0: Peak CUDA memory after attention: 11.79 GB
0: Peak CUDA memory after attention: 11.79 GB
0: Peak CUDA memory after attention: 11.79 GB
0: Peak CUDA memory after attention: 11.79 GB
0: Peak CUDA memory after attention: 11.79 GB
0: Peak CUDA memory after attention: 11.79 GB
0: Peak CUDA memory after attention: 11.79 GB
0: Peak CUDA memory after attention: 11.79 GB
0: Peak CUDA memory after attention: 11.79 GB
0: Peak CUDA memory after attention: 11.79 GB
0: Peak CUDA memory after attention: 11.79 GB
0: Peak CUDA memory after attention: 11.79 GB
0: Peak CUDA memory after attention: 11.79 GB
0: Peak CUDA memory after attention: 11.79 GB
0: Peak CUDA memory after attention: 11.79 GB
0: Peak CUDA memory after attention: 11.79 GB
0: Peak CUDA memory after attention: 11.79 GB
0: Peak CUDA memory after attention: 11.79 GB
0: Peak CUDA memory after attention: 11.79 GB
0: Peak CUDA memory after attention: 11.79 GB
0: Peak CUDA memory after attention: 11.79 GB
0: Peak CUDA memory after attention: 11.79 GB
0: Peak CUDA memory after attention: 11.79 GB
0: Peak CUDA memory after attention: 11.79 GB
0: Peak CUDA memory after attention: 11.79 GB
0: Peak CUDA memory after attention: 11.79 GB
0: Peak CUDA memory after attention: 11.79 GB
0: Peak CUDA memory after attention: 11.79 GB
0: Peak CUDA memory after attention: 11.79 GB
0: Peak CUDA memory after attention: 11.79 GB
0: Local>>>>>> step_time: 3.5750558376312256, dataloading_time : 0.001116037368774414,forward_time :0.04954934120178223, backward_time: 2.4276866912841797, optim time :1.0967018604278564
0: Peak CUDA memory after attention: 11.79 GB
0: Peak CUDA memory after attention: 11.79 GB
0: Peak CUDA memory after attention: 11.79 GB
0: Peak CUDA memory after attention: 11.79 GB
0: Peak CUDA memory after attention: 11.79 GB
0: Peak CUDA memory after attention: 11.79 GB
0: Peak CUDA memory after attention: 11.79 GB
0: Peak CUDA memory after attention: 11.79 GB
0: Peak CUDA memory after attention: 11.79 GB
0: Peak CUDA memory after attention: 11.79 GB
0: Peak CUDA memory after attention: 11.79 GB
0: Peak CUDA memory after attention: 11.79 GB
0: Peak CUDA memory after attention: 11.79 GB
0: Peak CUDA memory after attention: 11.79 GB
0: Peak CUDA memory after attention: 11.79 GB
0: Peak CUDA memory after attention: 11.79 GB
0: Peak CUDA memory after attention: 11.79 GB
0: Peak CUDA memory after attention: 11.79 GB
0: Peak CUDA memory after attention: 11.79 GB
0: Peak CUDA memory after attention: 11.79 GB
0: Peak CUDA memory after attention: 11.79 GB
0: Peak CUDA memory after attention: 11.79 GB
0: Peak CUDA memory after attention: 11.79 GB
0: Peak CUDA memory after attention: 11.79 GB
0: Peak CUDA memory after attention: 11.79 GB
0: Peak CUDA memory after attention: 11.79 GB
0: Peak CUDA memory after attention: 11.79 GB
0: Peak CUDA memory after attention: 11.79 GB
0: Peak CUDA memory after attention: 11.79 GB
0: Peak CUDA memory after attention: 11.79 GB
0: Peak CUDA memory after attention: 11.79 GB
0: Peak CUDA memory after attention: 11.79 GB
0: Peak CUDA memory after attention: 11.79 GB
0: Peak CUDA memory after attention: 11.79 GB
0: Peak CUDA memory after attention: 11.79 GB
0: Peak CUDA memory after attention: 11.79 GB
0: Peak CUDA memory after attention: 11.79 GB
0: Peak CUDA memory after attention: 11.79 GB
0: Peak CUDA memory after attention: 11.79 GB
0: Peak CUDA memory after attention: 11.79 GB
0: Peak CUDA memory after attention: 11.79 GB
0: Peak CUDA memory after attention: 11.79 GB
0: Peak CUDA memory after attention: 11.79 GB
0: Peak CUDA memory after attention: 11.79 GB
0: Peak CUDA memory after attention: 11.79 GB
0: Peak CUDA memory after attention: 11.79 GB
0: Peak CUDA memory after attention: 11.79 GB
0: Peak CUDA memory after attention: 11.79 GB
0: Peak CUDA memory after attention: 11.79 GB
0: Peak CUDA memory after attention: 11.79 GB
0: Peak CUDA memory after attention: 11.79 GB
0: Peak CUDA memory after attention: 11.79 GB
0: Peak CUDA memory after attention: 11.79 GB
0: Peak CUDA memory after attention: 11.79 GB
0: Peak CUDA memory after attention: 11.79 GB
0: Peak CUDA memory after attention: 11.79 GB
0: Peak CUDA memory after attention: 11.79 GB
0: Peak CUDA memory after attention: 11.79 GB
0: Peak CUDA memory after attention: 11.79 GB
0: Peak CUDA memory after attention: 11.79 GB
0: Peak CUDA memory after attention: 11.79 GB
0: Peak CUDA memory after attention: 11.79 GB
0: Peak CUDA memory after attention: 11.79 GB
0: Peak CUDA memory after attention: 11.79 GB
0: Local>>>>>> step_time: 3.5801970958709717, dataloading_time : 0.0012767314910888672,forward_time :0.05003643035888672, backward_time: 2.4280407428741455, optim time :1.100841760635376
0: Peak CUDA memory after attention: 11.79 GB
0: Peak CUDA memory after attention: 11.79 GB
0: Peak CUDA memory after attention: 11.79 GB
0: Peak CUDA memory after attention: 11.79 GB
0: Peak CUDA memory after attention: 11.79 GB
0: Peak CUDA memory after attention: 11.79 GB
0: Peak CUDA memory after attention: 11.79 GB
0: Peak CUDA memory after attention: 11.79 GB
0: Peak CUDA memory after attention: 11.79 GB
0: Peak CUDA memory after attention: 11.79 GB
0: Peak CUDA memory after attention: 11.79 GB
0: Peak CUDA memory after attention: 11.79 GB
0: Peak CUDA memory after attention: 11.79 GB
0: Peak CUDA memory after attention: 11.79 GB
0: Peak CUDA memory after attention: 11.79 GB
0: Peak CUDA memory after attention: 11.79 GB
0: Peak CUDA memory after attention: 11.79 GB
0: Peak CUDA memory after attention: 11.79 GB
0: Peak CUDA memory after attention: 11.79 GB
0: Peak CUDA memory after attention: 11.79 GB
0: Peak CUDA memory after attention: 11.79 GB
0: Peak CUDA memory after attention: 11.79 GB
0: Peak CUDA memory after attention: 11.79 GB
0: Peak CUDA memory after attention: 11.79 GB
0: Peak CUDA memory after attention: 11.79 GB
0: Peak CUDA memory after attention: 11.79 GB
0: Peak CUDA memory after attention: 11.79 GB
0: Peak CUDA memory after attention: 11.79 GB
0: Peak CUDA memory after attention: 11.79 GB
0: Peak CUDA memory after attention: 11.79 GB
0: Peak CUDA memory after attention: 11.79 GB
0: Peak CUDA memory after attention: 11.79 GB
0: Peak CUDA memory after attention: 11.79 GB
0: Peak CUDA memory after attention: 11.79 GB
0: Peak CUDA memory after attention: 11.79 GB
0: Peak CUDA memory after attention: 11.79 GB
0: Peak CUDA memory after attention: 11.79 GB
0: Peak CUDA memory after attention: 11.79 GB
0: Peak CUDA memory after attention: 11.79 GB
0: Peak CUDA memory after attention: 11.79 GB
0: Peak CUDA memory after attention: 11.79 GB
0: Peak CUDA memory after attention: 11.79 GB
0: Peak CUDA memory after attention: 11.79 GB
0: Peak CUDA memory after attention: 11.79 GB
0: Peak CUDA memory after attention: 11.79 GB
0: Peak CUDA memory after attention: 11.79 GB
0: Peak CUDA memory after attention: 11.79 GB
0: Peak CUDA memory after attention: 11.79 GB
0: Peak CUDA memory after attention: 11.79 GB
0: Peak CUDA memory after attention: 11.79 GB
0: Peak CUDA memory after attention: 11.79 GB
0: Peak CUDA memory after attention: 11.79 GB
0: Peak CUDA memory after attention: 11.79 GB
0: Peak CUDA memory after attention: 11.79 GB
0: Peak CUDA memory after attention: 11.79 GB
0: Peak CUDA memory after attention: 11.79 GB
0: Peak CUDA memory after attention: 11.79 GB
0: Peak CUDA memory after attention: 11.79 GB
0: Peak CUDA memory after attention: 11.79 GB
0: Peak CUDA memory after attention: 11.79 GB
0: Peak CUDA memory after attention: 11.79 GB
0: Peak CUDA memory after attention: 11.79 GB
0: Peak CUDA memory after attention: 11.79 GB
0: Peak CUDA memory after attention: 11.79 GB
0: Local>>>>>> step_time: 3.6533515453338623, dataloading_time : 0.00127410888671875,forward_time :0.05036783218383789, backward_time: 2.4264276027679443, optim time :1.1752803325653076
0: Peak CUDA memory after attention: 11.79 GB
0: Peak CUDA memory after attention: 11.79 GB
0: Peak CUDA memory after attention: 11.79 GB
0: Peak CUDA memory after attention: 11.79 GB
0: Peak CUDA memory after attention: 11.79 GB
0: Peak CUDA memory after attention: 11.79 GB
0: Peak CUDA memory after attention: 11.79 GB
0: Peak CUDA memory after attention: 11.79 GB
0: Peak CUDA memory after attention: 11.79 GB
0: Peak CUDA memory after attention: 11.79 GB
0: Peak CUDA memory after attention: 11.79 GB
0: Peak CUDA memory after attention: 11.79 GB
0: Peak CUDA memory after attention: 11.79 GB
0: Peak CUDA memory after attention: 11.79 GB
0: Peak CUDA memory after attention: 11.79 GB
0: Peak CUDA memory after attention: 11.79 GB
0: Peak CUDA memory after attention: 11.79 GB
0: Peak CUDA memory after attention: 11.79 GB
0: Peak CUDA memory after attention: 11.79 GB
0: Peak CUDA memory after attention: 11.79 GB
0: Peak CUDA memory after attention: 11.79 GB
0: Peak CUDA memory after attention: 11.79 GB
0: Peak CUDA memory after attention: 11.79 GB
0: Peak CUDA memory after attention: 11.79 GB
0: Peak CUDA memory after attention: 11.79 GB
0: Peak CUDA memory after attention: 11.79 GB
0: Peak CUDA memory after attention: 11.79 GB
0: Peak CUDA memory after attention: 11.79 GB
0: Peak CUDA memory after attention: 11.79 GB
0: Peak CUDA memory after attention: 11.79 GB
0: Peak CUDA memory after attention: 11.79 GB
0: Peak CUDA memory after attention: 11.79 GB
0: Peak CUDA memory after attention: 11.79 GB
0: Peak CUDA memory after attention: 11.79 GB
0: Peak CUDA memory after attention: 11.79 GB
0: Peak CUDA memory after attention: 11.79 GB
0: Peak CUDA memory after attention: 11.79 GB
0: Peak CUDA memory after attention: 11.79 GB
0: Peak CUDA memory after attention: 11.79 GB
0: Peak CUDA memory after attention: 11.79 GB
0: Peak CUDA memory after attention: 11.79 GB
0: Peak CUDA memory after attention: 11.79 GB
0: Peak CUDA memory after attention: 11.79 GB
0: Peak CUDA memory after attention: 11.79 GB
0: Peak CUDA memory after attention: 11.79 GB
0: Peak CUDA memory after attention: 11.79 GB
0: Peak CUDA memory after attention: 11.79 GB
0: Peak CUDA memory after attention: 11.79 GB
0: Peak CUDA memory after attention: 11.79 GB
0: Peak CUDA memory after attention: 11.79 GB
0: Peak CUDA memory after attention: 11.79 GB
0: Peak CUDA memory after attention: 11.79 GB
0: Peak CUDA memory after attention: 11.79 GB
0: Peak CUDA memory after attention: 11.79 GB
0: Peak CUDA memory after attention: 11.79 GB
0: Peak CUDA memory after attention: 11.79 GB
0: Peak CUDA memory after attention: 11.79 GB
0: Peak CUDA memory after attention: 11.79 GB
0: Peak CUDA memory after attention: 11.79 GB
0: Peak CUDA memory after attention: 11.79 GB
0: Peak CUDA memory after attention: 11.79 GB
0: Peak CUDA memory after attention: 11.79 GB
0: Peak CUDA memory after attention: 11.79 GB
0: Peak CUDA memory after attention: 11.79 GB
0: Local>>>>>> step_time: 3.7484846115112305, dataloading_time : 0.0012099742889404297,forward_time :0.05240917205810547, backward_time: 2.4178504943847656, optim time :1.2770133018493652
0: Peak CUDA memory after attention: 11.79 GB
0: Peak CUDA memory after attention: 11.79 GB
0: Peak CUDA memory after attention: 11.79 GB
0: Peak CUDA memory after attention: 11.79 GB
0: Peak CUDA memory after attention: 11.79 GB
0: Peak CUDA memory after attention: 11.79 GB
0: Peak CUDA memory after attention: 11.79 GB
0: Peak CUDA memory after attention: 11.79 GB
0: Peak CUDA memory after attention: 11.79 GB
0: Peak CUDA memory after attention: 11.79 GB
0: Peak CUDA memory after attention: 11.79 GB
0: Peak CUDA memory after attention: 11.79 GB
0: Peak CUDA memory after attention: 11.79 GB
0: Peak CUDA memory after attention: 11.79 GB
0: Peak CUDA memory after attention: 11.79 GB
0: Peak CUDA memory after attention: 11.79 GB
0: Peak CUDA memory after attention: 11.79 GB
0: Peak CUDA memory after attention: 11.79 GB
0: Peak CUDA memory after attention: 11.79 GB
0: Peak CUDA memory after attention: 11.79 GB
0: Peak CUDA memory after attention: 11.79 GB
0: Peak CUDA memory after attention: 11.79 GB
0: Peak CUDA memory after attention: 11.79 GB
0: Peak CUDA memory after attention: 11.79 GB
0: Peak CUDA memory after attention: 11.79 GB
0: Peak CUDA memory after attention: 11.79 GB
0: Peak CUDA memory after attention: 11.79 GB
0: Peak CUDA memory after attention: 11.79 GB
0: Peak CUDA memory after attention: 11.79 GB
0: Peak CUDA memory after attention: 11.79 GB
0: Peak CUDA memory after attention: 11.79 GB
0: Peak CUDA memory after attention: 11.79 GB
0: Peak CUDA memory after attention: 11.79 GB
0: Peak CUDA memory after attention: 11.79 GB
0: Peak CUDA memory after attention: 11.79 GB
0: Peak CUDA memory after attention: 11.79 GB
0: Peak CUDA memory after attention: 11.79 GB
0: Peak CUDA memory after attention: 11.79 GB
0: Peak CUDA memory after attention: 11.79 GB
0: Peak CUDA memory after attention: 11.79 GB
0: Peak CUDA memory after attention: 11.79 GB
0: Peak CUDA memory after attention: 11.79 GB
0: Peak CUDA memory after attention: 11.79 GB
0: Peak CUDA memory after attention: 11.79 GB
0: Peak CUDA memory after attention: 11.79 GB
0: Peak CUDA memory after attention: 11.79 GB
0: Peak CUDA memory after attention: 11.79 GB
0: Peak CUDA memory after attention: 11.79 GB
0: Peak CUDA memory after attention: 11.79 GB
0: Peak CUDA memory after attention: 11.79 GB
0: Peak CUDA memory after attention: 11.79 GB
0: Peak CUDA memory after attention: 11.79 GB
0: Peak CUDA memory after attention: 11.79 GB
0: Peak CUDA memory after attention: 11.79 GB
0: Peak CUDA memory after attention: 11.79 GB
0: Peak CUDA memory after attention: 11.79 GB
0: Peak CUDA memory after attention: 11.79 GB
0: Peak CUDA memory after attention: 11.79 GB
0: Peak CUDA memory after attention: 11.79 GB
0: Peak CUDA memory after attention: 11.79 GB
0: Peak CUDA memory after attention: 11.79 GB
0: Peak CUDA memory after attention: 11.79 GB
0: Peak CUDA memory after attention: 11.79 GB
0: Peak CUDA memory after attention: 11.79 GB
0: Local>>>>>> step_time: 3.760188579559326, dataloading_time : 0.0011377334594726562,forward_time :0.04997825622558594, backward_time: 2.430375814437866, optim time :1.2786941528320312
0: [Rank 0] Step 15: loss=2.7656, time=3.760s, alloc_mem=5.13 GB, peak_mem=11.79 GB
0: Peak CUDA memory after attention: 11.79 GB
0: Peak CUDA memory after attention: 11.79 GB
0: Peak CUDA memory after attention: 11.79 GB
0: Peak CUDA memory after attention: 11.79 GB
0: Peak CUDA memory after attention: 11.79 GB
0: Peak CUDA memory after attention: 11.79 GB
0: Peak CUDA memory after attention: 11.79 GB
0: Peak CUDA memory after attention: 11.79 GB
0: Peak CUDA memory after attention: 11.79 GB
0: Peak CUDA memory after attention: 11.79 GB
0: Peak CUDA memory after attention: 11.79 GB
0: Peak CUDA memory after attention: 11.79 GB
0: Peak CUDA memory after attention: 11.79 GB
0: Peak CUDA memory after attention: 11.79 GB
0: Peak CUDA memory after attention: 11.79 GB
0: Peak CUDA memory after attention: 11.79 GB
0: Peak CUDA memory after attention: 11.79 GB
0: Peak CUDA memory after attention: 11.79 GB
0: Peak CUDA memory after attention: 11.79 GB
0: Peak CUDA memory after attention: 11.79 GB
0: Peak CUDA memory after attention: 11.79 GB
0: Peak CUDA memory after attention: 11.79 GB
0: Peak CUDA memory after attention: 11.79 GB
0: Peak CUDA memory after attention: 11.79 GB
0: Peak CUDA memory after attention: 11.79 GB
0: Peak CUDA memory after attention: 11.79 GB
0: Peak CUDA memory after attention: 11.79 GB
0: Peak CUDA memory after attention: 11.79 GB
0: Peak CUDA memory after attention: 11.79 GB
0: Peak CUDA memory after attention: 11.79 GB
0: Peak CUDA memory after attention: 11.79 GB
0: Peak CUDA memory after attention: 11.79 GB
0: Peak CUDA memory after attention: 11.79 GB
0: Peak CUDA memory after attention: 11.79 GB
0: Peak CUDA memory after attention: 11.79 GB
0: Peak CUDA memory after attention: 11.79 GB
0: Peak CUDA memory after attention: 11.79 GB
0: Peak CUDA memory after attention: 11.79 GB
0: Peak CUDA memory after attention: 11.79 GB
0: Peak CUDA memory after attention: 11.79 GB
0: Peak CUDA memory after attention: 11.79 GB
0: Peak CUDA memory after attention: 11.79 GB
0: Peak CUDA memory after attention: 11.79 GB
0: Peak CUDA memory after attention: 11.79 GB
0: Peak CUDA memory after attention: 11.79 GB
0: Peak CUDA memory after attention: 11.79 GB
0: Peak CUDA memory after attention: 11.79 GB
0: Peak CUDA memory after attention: 11.79 GB
0: Peak CUDA memory after attention: 11.79 GB
0: Peak CUDA memory after attention: 11.79 GB
0: Peak CUDA memory after attention: 11.79 GB
0: Peak CUDA memory after attention: 11.79 GB
0: Peak CUDA memory after attention: 11.79 GB
0: Peak CUDA memory after attention: 11.79 GB
0: Peak CUDA memory after attention: 11.79 GB
0: Peak CUDA memory after attention: 11.79 GB
0: Peak CUDA memory after attention: 11.79 GB
0: Peak CUDA memory after attention: 11.79 GB
0: Peak CUDA memory after attention: 11.79 GB
0: Peak CUDA memory after attention: 11.79 GB
0: Peak CUDA memory after attention: 11.79 GB
0: Peak CUDA memory after attention: 11.79 GB
0: Peak CUDA memory after attention: 11.79 GB
0: Peak CUDA memory after attention: 11.79 GB
0: Local>>>>>> step_time: 3.752427101135254, dataloading_time : 0.0010030269622802734,forward_time :0.03813910484313965, backward_time: 2.379129409790039, optim time :1.334153413772583
0: Peak CUDA memory after attention: 11.79 GB
0: Peak CUDA memory after attention: 11.79 GB
0: Peak CUDA memory after attention: 11.79 GB
0: Peak CUDA memory after attention: 11.79 GB
0: Peak CUDA memory after attention: 11.79 GB
0: Peak CUDA memory after attention: 11.79 GB
0: Peak CUDA memory after attention: 11.79 GB
0: Peak CUDA memory after attention: 11.79 GB
0: Peak CUDA memory after attention: 11.79 GB
0: Peak CUDA memory after attention: 11.79 GB
0: Peak CUDA memory after attention: 11.79 GB
0: Peak CUDA memory after attention: 11.79 GB
0: Peak CUDA memory after attention: 11.79 GB
0: Peak CUDA memory after attention: 11.79 GB
0: Peak CUDA memory after attention: 11.79 GB
0: Peak CUDA memory after attention: 11.79 GB
0: Peak CUDA memory after attention: 11.79 GB
0: Peak CUDA memory after attention: 11.79 GB
0: Peak CUDA memory after attention: 11.79 GB
0: Peak CUDA memory after attention: 11.79 GB
0: Peak CUDA memory after attention: 11.79 GB
0: Peak CUDA memory after attention: 11.79 GB
0: Peak CUDA memory after attention: 11.79 GB
0: Peak CUDA memory after attention: 11.79 GB
0: Peak CUDA memory after attention: 11.79 GB
0: Peak CUDA memory after attention: 11.79 GB
0: Peak CUDA memory after attention: 11.79 GB
0: Peak CUDA memory after attention: 11.79 GB
0: Peak CUDA memory after attention: 11.79 GB
0: Peak CUDA memory after attention: 11.79 GB
0: Peak CUDA memory after attention: 11.79 GB
0: Peak CUDA memory after attention: 11.79 GB
0: Peak CUDA memory after attention: 11.79 GB
0: Peak CUDA memory after attention: 11.79 GB
0: Peak CUDA memory after attention: 11.79 GB
0: Peak CUDA memory after attention: 11.79 GB
0: Peak CUDA memory after attention: 11.79 GB
0: Peak CUDA memory after attention: 11.79 GB
0: Peak CUDA memory after attention: 11.79 GB
0: Peak CUDA memory after attention: 11.79 GB
0: Peak CUDA memory after attention: 11.79 GB
0: Peak CUDA memory after attention: 11.79 GB
0: Peak CUDA memory after attention: 11.79 GB
0: Peak CUDA memory after attention: 11.79 GB
0: Peak CUDA memory after attention: 11.79 GB
0: Peak CUDA memory after attention: 11.79 GB
0: Peak CUDA memory after attention: 11.79 GB
0: Peak CUDA memory after attention: 11.79 GB
0: Peak CUDA memory after attention: 11.79 GB
0: Peak CUDA memory after attention: 11.79 GB
0: Peak CUDA memory after attention: 11.79 GB
0: Peak CUDA memory after attention: 11.79 GB
0: Peak CUDA memory after attention: 11.79 GB
0: Peak CUDA memory after attention: 11.79 GB
0: Peak CUDA memory after attention: 11.79 GB
0: Peak CUDA memory after attention: 11.79 GB
0: Peak CUDA memory after attention: 11.79 GB
0: Peak CUDA memory after attention: 11.79 GB
0: Peak CUDA memory after attention: 11.79 GB
0: Peak CUDA memory after attention: 11.79 GB
0: Peak CUDA memory after attention: 11.79 GB
0: Peak CUDA memory after attention: 11.79 GB
0: Peak CUDA memory after attention: 11.79 GB
0: Peak CUDA memory after attention: 11.79 GB
0: Local>>>>>> step_time: 3.7193386554718018, dataloading_time : 0.0014450550079345703,forward_time :0.03917384147644043, backward_time: 2.3776328563690186, optim time :1.3010852336883545
0: Peak CUDA memory after attention: 11.79 GB
0: Peak CUDA memory after attention: 11.79 GB
0: Peak CUDA memory after attention: 11.79 GB
0: Peak CUDA memory after attention: 11.79 GB
0: Peak CUDA memory after attention: 11.79 GB
0: Peak CUDA memory after attention: 11.79 GB
0: Peak CUDA memory after attention: 11.79 GB
0: Peak CUDA memory after attention: 11.79 GB
0: Peak CUDA memory after attention: 11.79 GB
0: Peak CUDA memory after attention: 11.79 GB
0: Peak CUDA memory after attention: 11.79 GB
0: Peak CUDA memory after attention: 11.79 GB
0: Peak CUDA memory after attention: 11.79 GB
0: Peak CUDA memory after attention: 11.79 GB
0: Peak CUDA memory after attention: 11.79 GB
0: Peak CUDA memory after attention: 11.79 GB
0: Peak CUDA memory after attention: 11.79 GB
0: Peak CUDA memory after attention: 11.79 GB
0: Peak CUDA memory after attention: 11.79 GB
0: Peak CUDA memory after attention: 11.79 GB
0: Peak CUDA memory after attention: 11.79 GB
0: Peak CUDA memory after attention: 11.79 GB
0: Peak CUDA memory after attention: 11.79 GB
0: Peak CUDA memory after attention: 11.79 GB
0: Peak CUDA memory after attention: 11.79 GB
0: Peak CUDA memory after attention: 11.79 GB
0: Peak CUDA memory after attention: 11.79 GB
0: Peak CUDA memory after attention: 11.79 GB
0: Peak CUDA memory after attention: 11.79 GB
0: Peak CUDA memory after attention: 11.79 GB
0: Peak CUDA memory after attention: 11.79 GB
0: Peak CUDA memory after attention: 11.79 GB
0: Peak CUDA memory after attention: 11.79 GB
0: Peak CUDA memory after attention: 11.79 GB
0: Peak CUDA memory after attention: 11.79 GB
0: Peak CUDA memory after attention: 11.79 GB
0: Peak CUDA memory after attention: 11.79 GB
0: Peak CUDA memory after attention: 11.79 GB
0: Peak CUDA memory after attention: 11.79 GB
0: Peak CUDA memory after attention: 11.79 GB
0: Peak CUDA memory after attention: 11.79 GB
0: Peak CUDA memory after attention: 11.79 GB
0: Peak CUDA memory after attention: 11.79 GB
0: Peak CUDA memory after attention: 11.79 GB
0: Peak CUDA memory after attention: 11.79 GB
0: Peak CUDA memory after attention: 11.79 GB
0: Peak CUDA memory after attention: 11.79 GB
0: Peak CUDA memory after attention: 11.79 GB
0: Peak CUDA memory after attention: 11.79 GB
0: Peak CUDA memory after attention: 11.79 GB
0: Peak CUDA memory after attention: 11.79 GB
0: Peak CUDA memory after attention: 11.79 GB
0: Peak CUDA memory after attention: 11.79 GB
0: Peak CUDA memory after attention: 11.79 GB
0: Peak CUDA memory after attention: 11.79 GB
0: Peak CUDA memory after attention: 11.79 GB
0: Peak CUDA memory after attention: 11.79 GB
0: Peak CUDA memory after attention: 11.79 GB
0: Peak CUDA memory after attention: 11.79 GB
0: Peak CUDA memory after attention: 11.79 GB
0: Peak CUDA memory after attention: 11.79 GB
0: Peak CUDA memory after attention: 11.79 GB
0: Peak CUDA memory after attention: 11.79 GB
0: Peak CUDA memory after attention: 11.79 GB
0: [2026-02-17T12:32:42.486] error: *** STEP 9577392.0 ON node0371 CANCELLED AT 2026-02-17T12:32:42 DUE to SIGNAL Terminated ***
0: W0217 12:32:42.486000 2641753 site-packages/torch/distributed/elastic/agent/server/api.py:704] Received 15 death signal, shutting down workers
0: W0217 12:32:42.487000 2641753 site-packages/torch/distributed/elastic/multiprocessing/api.py:897] Sending process 2641783 closing signal SIGTERM
srun: Job step aborted: Waiting up to 32 seconds for job step to finish.
