Warning: The cache directory for DeepSpeed Triton autotune, /home/bigyang/.triton/autotune, appears to be on an NFS system. While this is generally acceptable, if you experience slowdowns or hanging when DeepSpeed exits, it is recommended to set the TRITON_CACHE_DIR environment variable to a non-NFS path.
[2026-01-21 09:51:02,486] [WARNING] [runner.py:232:fetch_hostfile] Unable to find hostfile, will proceed with training with local resources only.
Detected VISIBLE_DEVICES=0,1 but ignoring it because one or several of --include/--exclude/--num_gpus/--num_nodes cl args were used. If you want to use CUDA_VISIBLE_DEVICES don't pass any of these arguments to deepspeed.
[2026-01-21 09:51:02,487] [INFO] [runner.py:630:main] cmd = /home/bigyang/micromamba/envs/ds-hf/bin/python -u -m deepspeed.launcher.launch --world_info=eyJsb2NhbGhvc3QiOiBbMCwgMV19 --master_addr=127.0.0.1 --master_port=29600 --enable_each_rank_log=None --log_level=info train.py --deepspeed_config configs/bf16_full.json --num_layers 32 --hidden_dim 4096 --batch_size 16 --seq_length 512 --num_steps 7 --warmup_steps 5 --activation_checkpointing --use_real_data --seed 42
Warning: The cache directory for DeepSpeed Triton autotune, /home/bigyang/.triton/autotune, appears to be on an NFS system. While this is generally acceptable, if you experience slowdowns or hanging when DeepSpeed exits, it is recommended to set the TRITON_CACHE_DIR environment variable to a non-NFS path.
[2026-01-21 09:51:08,545] [INFO] [launch.py:162:main] WORLD INFO DICT: {'localhost': [0, 1]}
[2026-01-21 09:51:08,546] [INFO] [launch.py:168:main] nnodes=1, num_local_procs=2, node_rank=0
[2026-01-21 09:51:08,546] [INFO] [launch.py:179:main] global_rank_mapping=defaultdict(<class 'list'>, {'localhost': [0, 1]})
[2026-01-21 09:51:08,546] [INFO] [launch.py:180:main] dist_world_size=2
[2026-01-21 09:51:08,546] [INFO] [launch.py:184:main] Setting CUDA_VISIBLE_DEVICES=0,1
[2026-01-21 09:51:08,547] [INFO] [launch.py:272:main] process 1282189 spawned with command: ['/home/bigyang/micromamba/envs/ds-hf/bin/python', '-u', 'train.py', '--local_rank=0', '--deepspeed_config', 'configs/bf16_full.json', '--num_layers', '32', '--hidden_dim', '4096', '--batch_size', '16', '--seq_length', '512', '--num_steps', '7', '--warmup_steps', '5', '--activation_checkpointing', '--use_real_data', '--seed', '42']
[2026-01-21 09:51:08,547] [INFO] [launch.py:272:main] process 1282190 spawned with command: ['/home/bigyang/micromamba/envs/ds-hf/bin/python', '-u', 'train.py', '--local_rank=1', '--deepspeed_config', 'configs/bf16_full.json', '--num_layers', '32', '--hidden_dim', '4096', '--batch_size', '16', '--seq_length', '512', '--num_steps', '7', '--warmup_steps', '5', '--activation_checkpointing', '--use_real_data', '--seed', '42']
Warning: The cache directory for DeepSpeed Triton autotune, /home/bigyang/.triton/autotune, appears to be on an NFS system. While this is generally acceptable, if you experience slowdowns or hanging when DeepSpeed exits, it is recommended to set the TRITON_CACHE_DIR environment variable to a non-NFS path.
Warning: The cache directory for DeepSpeed Triton autotune, /home/bigyang/.triton/autotune, appears to be on an NFS system. While this is generally acceptable, if you experience slowdowns or hanging when DeepSpeed exits, it is recommended to set the TRITON_CACHE_DIR environment variable to a non-NFS path.
[Rank 0] Loading wikitext dataset...
[Rank 1] Loading wikitext dataset...
Warning: You are sending unauthenticated requests to the HF Hub. Please set a HF_TOKEN to enable higher rate limits and faster downloads.
[Rank 0] Dataset loaded: 39531 examples, vocab_size=50257
[Rank 0] Creating model with hidden_dim=4096, num_layers=32, num_heads=16, vocab_size=50257
[Rank 1] Dataset loaded: 39531 examples, vocab_size=50257
[Rank 1] Creating model with hidden_dim=4096, num_layers=32, num_heads=16, vocab_size=50257
[Rank 0] Model parameters: 6,858,007,633 total, 6,858,007,633 trainable
[Rank 0] Activation checkpointing enabled
[Rank 1] Model parameters: 6,858,007,633 total, 6,858,007,633 trainable
[Rank 1] Activation checkpointing enabled
/home/bigyang/micromamba/envs/ds-hf/lib/python3.11/site-packages/torch/utils/cpp_extension.py:1964: UserWarning: TORCH_CUDA_ARCH_LIST is not set, all archs for visible cards are included for compilation. 
If this is not desired, please set os.environ['TORCH_CUDA_ARCH_LIST'].
  warnings.warn(
Stage 3 initialize beginning
MA 12.77 GB         Max_MA 12.77 GB         CA 12.79 GB         Max_CA 13 GB 
CPU Virtual Memory:  used = 22.35 GB, percent = 8.9%
DeepSpeedZeRoOffload initialize [begin]
MA 12.77 GB         Max_MA 13.54 GB         CA 13.56 GB         Max_CA 14 GB 
CPU Virtual Memory:  used = 22.44 GB, percent = 8.9%
Parameter Offload - Persistent parameters statistics: param_count = 0, numel = 0
DeepSpeedZeRoOffload initialize [end]
MA 6.39 GB         Max_MA 12.97 GB         CA 13.56 GB         Max_CA 14 GB 
CPU Virtual Memory:  used = 22.69 GB, percent = 9.1%
Before creating fp16 partitions
MA 6.39 GB         Max_MA 6.39 GB         CA 13.56 GB         Max_CA 14 GB 
CPU Virtual Memory:  used = 22.17 GB, percent = 8.8%
After creating fp16 partitions: 4
MA 6.39 GB         Max_MA 6.39 GB         CA 6.39 GB         Max_CA 14 GB 
CPU Virtual Memory:  used = 22.99 GB, percent = 9.2%
Before creating fp32 partitions
MA 6.39 GB         Max_MA 6.39 GB         CA 6.39 GB         Max_CA 6 GB 
CPU Virtual Memory:  used = 22.36 GB, percent = 8.9%
After creating fp32 partitions
MA 12.77 GB         Max_MA 12.77 GB         CA 12.78 GB         Max_CA 13 GB 
CPU Virtual Memory:  used = 22.86 GB, percent = 9.1%
Before initializing optimizer states
MA 12.77 GB         Max_MA 12.77 GB         CA 12.78 GB         Max_CA 13 GB 
CPU Virtual Memory:  used = 23.18 GB, percent = 9.2%
[Rank 0] time (ms) | init_optimizer_state: 0.00
After initializing optimizer states
MA 12.77 GB         Max_MA 14.66 GB         CA 14.67 GB         Max_CA 15 GB 
CPU Virtual Memory:  used = 22.35 GB, percent = 8.9%
[Rank 1] DeepSpeed initialized with config: configs/bf16_full.json
[Rank 1] Memory after init: allocated=19.25 GB, reserved=21.05 GB
After initializing ZeRO optimizer
MA 19.25 GB         Max_MA 20.02 GB         CA 21.05 GB         Max_CA 21 GB 
CPU Virtual Memory:  used = 22.7 GB, percent = 9.1%
[Rank 0] DeepSpeed initialized with config: configs/bf16_full.json
[Rank 0] Memory after init: allocated=19.25 GB, reserved=21.05 GB
The loss is : The loss is : tensor(11.0807, device='cuda:1', grad_fn=<NllLossBackward0>)
tensor(11.1197, device='cuda:0', grad_fn=<NllLossBackward0>)
The loss is in backward : The loss is in backward : tensor(11.0807, device='cuda:1', grad_fn=<NllLossBackward0>)
tensor(11.1197, device='cuda:0', grad_fn=<NllLossBackward0>)
DS backward time 2.832564115524292
DS backward time 2.832610845565796
[Rank 0] time (ms) | optimizer_step: 98.49
[Rank 0] time (ms) | fwd_microstep: 1098.64 | bwd_microstep: 2822.79 | bwd_inner_microstep: 2796.50 | bwd_allreduce_microstep: 26.16 | step_microstep: 180.26
[Rank 0] time (ms) | fwd: 1098.63 | bwd: 2822.80 | bwd_inner: 2796.55 | bwd_allreduce: 26.16 | step: 180.26
Local>>>>>> step_time: 4.449902534484863, dataloading_time : 0.33264803886413574,forward_time :1.1030964851379395, backward_time: 2.833531141281128, optim time :0.18062400817871094
[Rank 0] Step 0: loss=11.1197, time=4.450s, alloc_mem=32.81 GB, peak_mem=33.57 GB
Local>>>>>> step_time: 4.5253589153289795, dataloading_time : 0.2832050323486328,forward_time :1.227074384689331, backward_time: 2.8336000442504883, optim time :0.1814737319946289
[Rank 1] Step 0: loss=11.0807, time=4.525s, alloc_mem=32.81 GB, peak_mem=33.57 GB
The loss is : The loss is : tensor(5.8515, device='cuda:1', grad_fn=<NllLossBackward0>)
The loss is in backward : tensor(7.1194, device='cuda:0', grad_fn=<NllLossBackward0>)
The loss is in backward : tensor(5.8515, device='cuda:1', grad_fn=<NllLossBackward0>)
tensor(7.1194, device='cuda:0', grad_fn=<NllLossBackward0>)
DS backward time 2.0364110469818115
DS backward time 2.036875009536743
[Rank 0] time (ms) | optimizer_step: 88.11
[Rank 0] time (ms) | fwd_microstep: 934.41 | bwd_microstep: 2028.89 | bwd_inner_microstep: 1995.53 | bwd_allreduce_microstep: 33.24 | step_microstep: 142.59
[Rank 0] time (ms) | fwd: 934.41 | bwd: 2028.88 | bwd_inner: 1995.54 | bwd_allreduce: 33.24 | step: 142.59
Local>>>>>> step_time: 3.1206953525543213, dataloading_time : 0.0019559860229492188,forward_time :0.879950761795044, backward_time: 2.095862627029419, optim time :0.14292383193969727
Local>>>>>> step_time: 3.120755434036255, dataloading_time : 0.0018506050109863281,forward_time :0.8783724308013916, backward_time: 2.096757173538208, optim time :0.14377284049987793
The loss is : The loss is : tensor(13.7699, device='cuda:1', grad_fn=<NllLossBackward0>)
The loss is in backward : tensor(13.4810, device='cuda:0', grad_fn=<NllLossBackward0>)
The loss is in backward : tensor(13.7699, device='cuda:1', grad_fn=<NllLossBackward0>)
tensor(13.4810, device='cuda:0', grad_fn=<NllLossBackward0>)
DS backward time 2.01943302154541
DS backward time 2.0197596549987793
[Rank 0] time (ms) | optimizer_step: 88.33
[Rank 0] time (ms) | fwd_microstep: 926.26 | bwd_microstep: 2011.88 | bwd_inner_microstep: 1979.46 | bwd_allreduce_microstep: 32.30 | step_microstep: 142.83
[Rank 0] time (ms) | fwd: 926.27 | bwd: 2011.88 | bwd_inner: 1979.47 | bwd_allreduce: 32.29 | step: 142.83
Local>>>>>> step_time: 3.0940101146698, dataloading_time : 0.00023984909057617188,forward_time :0.8712949752807617, backward_time: 2.079357147216797, optim time :0.14311599731445312
Local>>>>>> step_time: 3.0936203002929688, dataloading_time : 0.00047898292541503906,forward_time :0.8691239356994629, backward_time: 2.0804548263549805, optim time :0.14356017112731934
The loss is : The loss is : tensor(17.4923, device='cuda:1', grad_fn=<NllLossBackward0>)
The loss is in backward : tensor(17.4923, device='cuda:1', grad_fn=<NllLossBackward0>)
tensor(15.6932, device='cuda:0', grad_fn=<NllLossBackward0>)
The loss is in backward : tensor(15.6932, device='cuda:0', grad_fn=<NllLossBackward0>)
DS backward time 2.032400131225586
DS backward time 2.030778408050537
[Rank 0] time (ms) | optimizer_step: 87.96
[Rank 0] time (ms) | fwd_microstep: 930.56 | bwd_microstep: 2023.45 | bwd_inner_microstep: 1991.35 | bwd_allreduce_microstep: 32.02 | step_microstep: 142.54
[Rank 0] time (ms) | fwd: 930.55 | bwd: 2023.44 | bwd_inner: 1991.35 | bwd_allreduce: 32.03 | step: 142.54
Local>>>>>> step_time: 3.110600471496582, dataloading_time : 0.0015463829040527344,forward_time :0.8751649856567383, backward_time: 2.0910534858703613, optim time :0.14283251762390137
Local>>>>>> step_time: 3.1109843254089355, dataloading_time : 0.0016384124755859375,forward_time :0.8736639022827148, backward_time: 2.091965913772583, optim time :0.14371371269226074
The loss is : The loss is : tensor(7.9338, device='cuda:1', grad_fn=<NllLossBackward0>)
The loss is in backward : tensor(7.9338, device='cuda:1', grad_fn=<NllLossBackward0>)
tensor(7.9354, device='cuda:0', grad_fn=<NllLossBackward0>)
The loss is in backward : tensor(7.9354, device='cuda:0', grad_fn=<NllLossBackward0>)
DS backward time 2.030006170272827
DS backward time 2.027989387512207
[Rank 0] time (ms) | optimizer_step: 87.98
[Rank 0] time (ms) | fwd_microstep: 927.88 | bwd_microstep: 2020.91 | bwd_inner_microstep: 1987.56 | bwd_allreduce_microstep: 33.25 | step_microstep: 142.18
[Rank 0] time (ms) | fwd: 927.90 | bwd: 2020.91 | bwd_inner: 1987.57 | bwd_allreduce: 33.23 | step: 142.18
Local>>>>>> step_time: 3.1040050983428955, dataloading_time : 0.0005524158477783203,forward_time :0.8724930286407471, backward_time: 2.08850359916687, optim time :0.14245343208312988
Local>>>>>> step_time: 3.104038953781128, dataloading_time : 0.0003268718719482422,forward_time :0.8707869052886963, backward_time: 2.089543342590332, optim time :0.14337944984436035
The loss is : The loss is : tensor(8.8619, device='cuda:1', grad_fn=<NllLossBackward0>)
The loss is in backward : tensor(8.8619, device='cuda:1', grad_fn=<NllLossBackward0>)
tensor(9.4208, device='cuda:0', grad_fn=<NllLossBackward0>)
The loss is in backward : tensor(9.4208, device='cuda:0', grad_fn=<NllLossBackward0>)
DS backward time 2.0208466053009033
DS backward time 2.019068956375122
[Rank 0] time (ms) | optimizer_step: 87.99
[Rank 0] time (ms) | fwd_microstep: 925.75 | bwd_microstep: 2011.93 | bwd_inner_microstep: 1979.09 | bwd_allreduce_microstep: 32.74 | step_microstep: 142.45
[Rank 0] time (ms) | fwd: 925.75 | bwd: 2011.93 | bwd_inner: 1979.10 | bwd_allreduce: 32.74 | step: 142.46
Local>>>>>> step_time: 3.0936009883880615, dataloading_time : 0.001194000244140625,forward_time :0.8704521656036377, backward_time: 2.079218626022339, optim time :0.14273405075073242
[Rank 0] Step 5: loss=9.4208, time=3.094s, alloc_mem=32.81 GB, peak_mem=42.62 GB
Local>>>>>> step_time: 3.0936052799224854, dataloading_time : 0.0010485649108886719,forward_time :0.8693461418151855, backward_time: 2.079529285430908, optim time :0.1436767578125
[Rank 1] Step 5: loss=8.8619, time=3.094s, alloc_mem=32.81 GB, peak_mem=42.62 GB
The loss is : The loss is : tensor(6.6132, device='cuda:1', grad_fn=<NllLossBackward0>)
The loss is in backward : tensor(6.6132, device='cuda:1', grad_fn=<NllLossBackward0>)
tensor(6.5183, device='cuda:0', grad_fn=<NllLossBackward0>)
The loss is in backward : tensor(6.5183, device='cuda:0', grad_fn=<NllLossBackward0>)
DS backward time 2.021857500076294
DS backward time 2.0211341381073
[Rank 0] time (ms) | optimizer_step: 87.95
[Rank 0] time (ms) | fwd_microstep: 926.08 | bwd_microstep: 2013.96 | bwd_inner_microstep: 1980.87 | bwd_allreduce_microstep: 32.98 | step_microstep: 142.35
[Rank 0] time (ms) | fwd: 926.09 | bwd: 2013.94 | bwd_inner: 1980.90 | bwd_allreduce: 32.98 | step: 142.36
Local>>>>>> step_time: 3.097130298614502, dataloading_time : 0.002343416213989258,forward_time :0.871009349822998, backward_time: 2.0811405181884766, optim time :0.14263510704040527
[Rank 0] Step 6: loss=6.5183, time=3.097s, alloc_mem=32.81 GB, peak_mem=42.62 GB

============================================================
[Rank 0] FINAL RESULTS
  Config: configs/bf16_full.json
  Model: hidden_dim=4096, num_layers=32
  Parameters: 6,858,007,633
  Batch size: 16, Seq length: 512
  Average step time: 3.095s
  Peak memory: 42.62 GB
  Final allocated memory: 32.81 GB
============================================================
SUMMARY: config=configs/bf16_full.json params=6858007633 peak_mem_bytes=45767137280 alloc_mem_bytes=35231394304 avg_step_time=3.0954
Local>>>>>> step_time: 3.097080945968628, dataloading_time : 0.0009512901306152344,forward_time :0.870466947555542, backward_time: 2.0821268558502197, optim time :0.14353299140930176
[Rank 1] Step 6: loss=6.6132, time=3.097s, alloc_mem=32.81 GB, peak_mem=42.62 GB

============================================================
[Rank 1] FINAL RESULTS
  Config: configs/bf16_full.json
  Model: hidden_dim=4096, num_layers=32
  Parameters: 6,858,007,633
  Batch size: 16, Seq length: 512
  Average step time: 3.095s
  Peak memory: 42.62 GB
  Final allocated memory: 32.81 GB
============================================================
SUMMARY: config=configs/bf16_full.json params=6858007633 peak_mem_bytes=45767202816 alloc_mem_bytes=35231394304 avg_step_time=3.0953
[rank0]:[W121 09:52:29.879442535 ProcessGroupNCCL.cpp:1250] Warning: WARNING: process group has NOT been destroyed before we destruct ProcessGroupNCCL. On normal program exit, the application should call destroy_process_group to ensure that any pending NCCL operations have finished in this process. In rare cases this process can exit before this point and block the progress of another member of the process group. This constraint has always been present,  but this warning has only been added since PyTorch 2.4 (function operator())
[2026-01-21 09:52:31,562] [INFO] [launch.py:367:main] Process 1282189 exits successfully.
[2026-01-21 09:52:31,562] [INFO] [launch.py:367:main] Process 1282190 exits successfully.
