Warning: The cache directory for DeepSpeed Triton autotune, /home/bigyang/.triton/autotune, appears to be on an NFS system. While this is generally acceptable, if you experience slowdowns or hanging when DeepSpeed exits, it is recommended to set the TRITON_CACHE_DIR environment variable to a non-NFS path.
[2026-01-21 12:46:11,699] [WARNING] [runner.py:232:fetch_hostfile] Unable to find hostfile, will proceed with training with local resources only.
Detected VISIBLE_DEVICES=0,1 but ignoring it because one or several of --include/--exclude/--num_gpus/--num_nodes cl args were used. If you want to use CUDA_VISIBLE_DEVICES don't pass any of these arguments to deepspeed.
[2026-01-21 12:46:11,700] [INFO] [runner.py:630:main] cmd = /home/bigyang/micromamba/envs/ds-hf/bin/python -u -m deepspeed.launcher.launch --world_info=eyJsb2NhbGhvc3QiOiBbMCwgMV19 --master_addr=127.0.0.1 --master_port=29600 --enable_each_rank_log=None --log_level=info train.py --deepspeed_config configs/baseline.json --num_layers 32 --hidden_dim 4096 --batch_size 16 --seq_length 512 --num_steps 7 --warmup_steps 5 --activation_checkpointing --use_real_data --seed 42
Warning: The cache directory for DeepSpeed Triton autotune, /home/bigyang/.triton/autotune, appears to be on an NFS system. While this is generally acceptable, if you experience slowdowns or hanging when DeepSpeed exits, it is recommended to set the TRITON_CACHE_DIR environment variable to a non-NFS path.
[2026-01-21 12:46:18,039] [INFO] [launch.py:162:main] WORLD INFO DICT: {'localhost': [0, 1]}
[2026-01-21 12:46:18,039] [INFO] [launch.py:168:main] nnodes=1, num_local_procs=2, node_rank=0
[2026-01-21 12:46:18,039] [INFO] [launch.py:179:main] global_rank_mapping=defaultdict(<class 'list'>, {'localhost': [0, 1]})
[2026-01-21 12:46:18,039] [INFO] [launch.py:180:main] dist_world_size=2
[2026-01-21 12:46:18,039] [INFO] [launch.py:184:main] Setting CUDA_VISIBLE_DEVICES=0,1
[2026-01-21 12:46:18,040] [INFO] [launch.py:272:main] process 3252789 spawned with command: ['/home/bigyang/micromamba/envs/ds-hf/bin/python', '-u', 'train.py', '--local_rank=0', '--deepspeed_config', 'configs/baseline.json', '--num_layers', '32', '--hidden_dim', '4096', '--batch_size', '16', '--seq_length', '512', '--num_steps', '7', '--warmup_steps', '5', '--activation_checkpointing', '--use_real_data', '--seed', '42']
[2026-01-21 12:46:18,040] [INFO] [launch.py:272:main] process 3252790 spawned with command: ['/home/bigyang/micromamba/envs/ds-hf/bin/python', '-u', 'train.py', '--local_rank=1', '--deepspeed_config', 'configs/baseline.json', '--num_layers', '32', '--hidden_dim', '4096', '--batch_size', '16', '--seq_length', '512', '--num_steps', '7', '--warmup_steps', '5', '--activation_checkpointing', '--use_real_data', '--seed', '42']
Warning: The cache directory for DeepSpeed Triton autotune, /home/bigyang/.triton/autotune, appears to be on an NFS system. While this is generally acceptable, if you experience slowdowns or hanging when DeepSpeed exits, it is recommended to set the TRITON_CACHE_DIR environment variable to a non-NFS path.
Warning: The cache directory for DeepSpeed Triton autotune, /home/bigyang/.triton/autotune, appears to be on an NFS system. While this is generally acceptable, if you experience slowdowns or hanging when DeepSpeed exits, it is recommended to set the TRITON_CACHE_DIR environment variable to a non-NFS path.
[Rank 1] Loading wikitext dataset...
[Rank 0] Loading wikitext dataset...
[Rank 0] Dataset loaded: 39531 examples, vocab_size=50257
[Rank 1] Dataset loaded: 39531 examples, vocab_size=50257
[Rank 0] Creating model with hidden_dim=4096, num_layers=32, num_heads=16, vocab_size=50257
[Rank 1] Creating model with hidden_dim=4096, num_layers=32, num_heads=16, vocab_size=50257
[Rank 1] Model parameters: 6,858,007,633 total, 6,858,007,633 trainable
[Rank 1] Activation checkpointing enabled
[Rank 0] Model parameters: 6,858,007,633 total, 6,858,007,633 trainable
[Rank 0] Activation checkpointing enabled
/home/bigyang/micromamba/envs/ds-hf/lib/python3.11/site-packages/torch/utils/cpp_extension.py:1964: UserWarning: TORCH_CUDA_ARCH_LIST is not set, all archs for visible cards are included for compilation. 
If this is not desired, please set os.environ['TORCH_CUDA_ARCH_LIST'].
  warnings.warn(
Stage 3 initialize beginning
MA 12.77 GB         Max_MA 12.77 GB         CA 12.79 GB         Max_CA 13 GB 
CPU Virtual Memory:  used = 10.89 GB, percent = 4.3%
DeepSpeedZeRoOffload initialize [begin]
MA 12.77 GB         Max_MA 13.54 GB         CA 13.56 GB         Max_CA 14 GB 
CPU Virtual Memory:  used = 11.02 GB, percent = 4.4%
Parameter Offload - Persistent parameters statistics: param_count = 0, numel = 0
DeepSpeedZeRoOffload initialize [end]
MA 6.39 GB         Max_MA 12.97 GB         CA 13.56 GB         Max_CA 14 GB 
CPU Virtual Memory:  used = 11.03 GB, percent = 4.4%
Before creating fp16 partitions
MA 6.39 GB         Max_MA 6.39 GB         CA 13.56 GB         Max_CA 14 GB 
CPU Virtual Memory:  used = 11.03 GB, percent = 4.4%
After creating fp16 partitions: 4
MA 6.39 GB         Max_MA 6.39 GB         CA 6.39 GB         Max_CA 14 GB 
CPU Virtual Memory:  used = 11.01 GB, percent = 4.4%
Before creating fp32 partitions
MA 6.39 GB         Max_MA 6.39 GB         CA 6.39 GB         Max_CA 6 GB 
CPU Virtual Memory:  used = 11.01 GB, percent = 4.4%
After creating fp32 partitions
MA 19.16 GB         Max_MA 22.92 GB         CA 22.93 GB         Max_CA 23 GB 
CPU Virtual Memory:  used = 11.01 GB, percent = 4.4%
Before initializing optimizer states
MA 19.16 GB         Max_MA 19.16 GB         CA 22.93 GB         Max_CA 23 GB 
CPU Virtual Memory:  used = 11.01 GB, percent = 4.4%
[Rank 0] time (ms) | init_optimizer_state: 0.00
After initializing optimizer states
MA 19.16 GB         Max_MA 22.93 GB         CA 26.7 GB         Max_CA 27 GB 
CPU Virtual Memory:  used = 11.01 GB, percent = 4.4%
[Rank 1] DeepSpeed initialized with config: configs/baseline.json
[Rank 1] Memory after init: allocated=25.64 GB, reserved=33.08 GB
After initializing ZeRO optimizer
MA 25.64 GB         Max_MA 26.41 GB         CA 33.08 GB         Max_CA 33 GB 
CPU Virtual Memory:  used = 11.04 GB, percent = 4.4%
[Rank 0] DeepSpeed initialized with config: configs/baseline.json
[Rank 0] Memory after init: allocated=25.64 GB, reserved=33.08 GB
The loss is : The loss is : tensor(11.1250, device='cuda:0', dtype=torch.bfloat16,
       grad_fn=<NllLossBackward0>)
The loss is in backward : tensor(11.0625, device='cuda:1', dtype=torch.bfloat16,
       grad_fn=<NllLossBackward0>)
tensor(11.1250, device='cuda:0', dtype=torch.bfloat16,
       grad_fn=<NllLossBackward0>)
The loss is in backward : tensor(11.0625, device='cuda:1', dtype=torch.bfloat16,
       grad_fn=<NllLossBackward0>)
DS backward time below 2.8034298419952393
DS backward time below 2.8039443492889404
DS backward time 2.8241748809814453
DS backward time 2.824688196182251
[Rank 0] time (ms) | optimizer_step: 148.34
[Rank 0] time (ms) | fwd_microstep: 1429.73 | bwd_microstep: 2807.79 | bwd_inner_microstep: 2787.81 | bwd_allreduce_microstep: 19.87 | step_microstep: 397.16
[Rank 0] time (ms) | fwd: 1429.71 | bwd: 2807.80 | bwd_inner: 2787.84 | bwd_allreduce: 19.87 | step: 397.16
[Rank 0] Step 0: loss=11.1250, time=4.839s, alloc_mem=51.98 GB, peak_mem=53.49 GB
[Rank 1] Step 0: loss=11.0625, time=5.154s, alloc_mem=51.98 GB, peak_mem=53.49 GB
The loss is : The loss is : tensor(7.1250, device='cuda:0', dtype=torch.bfloat16,
       grad_fn=<NllLossBackward0>)
The loss is in backward : tensor(5.8438, device='cuda:1', dtype=torch.bfloat16,
       grad_fn=<NllLossBackward0>)
The loss is in backward : tensor(7.1250, device='cuda:0', dtype=torch.bfloat16,
       grad_fn=<NllLossBackward0>)
tensor(5.8438, device='cuda:1', dtype=torch.bfloat16,
       grad_fn=<NllLossBackward0>)
DS backward time below 1.8005619049072266
DS backward time below 1.804194688796997
DS backward time 1.8305635452270508
DS backward time 1.8301336765289307
[Rank 0] time (ms) | optimizer_step: 131.70
[Rank 0] time (ms) | fwd_microstep: 828.92 | bwd_microstep: 1825.96 | bwd_inner_microstep: 1796.73 | bwd_allreduce_microstep: 29.12 | step_microstep: 186.32
[Rank 0] time (ms) | fwd: 828.92 | bwd: 1825.95 | bwd_inner: 1796.74 | bwd_allreduce: 29.12 | step: 186.33
The loss is : The loss is : tensor(15.2500, device='cuda:0', dtype=torch.bfloat16,
       grad_fn=<NllLossBackward0>)
The loss is in backward : tensor(15.6875, device='cuda:1', dtype=torch.bfloat16,
       grad_fn=<NllLossBackward0>)
The loss is in backward : tensor(15.2500, device='cuda:0', dtype=torch.bfloat16,
       grad_fn=<NllLossBackward0>)
tensor(15.6875, device='cuda:1', dtype=torch.bfloat16,
       grad_fn=<NllLossBackward0>)
DS backward time below 1.797548770904541
DS backward time below 1.79970383644104
DS backward time 1.826265811920166
DS backward time 1.8260719776153564
[Rank 0] time (ms) | optimizer_step: 131.64
[Rank 0] time (ms) | fwd_microstep: 814.29 | bwd_microstep: 1821.65 | bwd_inner_microstep: 1793.77 | bwd_allreduce_microstep: 27.77 | step_microstep: 186.32
[Rank 0] time (ms) | fwd: 814.29 | bwd: 1821.63 | bwd_inner: 1793.77 | bwd_allreduce: 27.78 | step: 186.32
The loss is : The loss is : tensor(18.3750, device='cuda:0', dtype=torch.bfloat16,
       grad_fn=<NllLossBackward0>)
The loss is in backward : tensor(18.3750, device='cuda:0', dtype=torch.bfloat16,
       grad_fn=<NllLossBackward0>)
tensor(20.5000, device='cuda:1', dtype=torch.bfloat16,
       grad_fn=<NllLossBackward0>)
The loss is in backward : tensor(20.5000, device='cuda:1', dtype=torch.bfloat16,
       grad_fn=<NllLossBackward0>)
DS backward time below 1.8080241680145264
DS backward time below 1.8114042282104492
DS backward time 1.8366329669952393
DS backward time 1.8377258777618408
[Rank 0] time (ms) | optimizer_step: 131.70
[Rank 0] time (ms) | fwd_microstep: 814.52 | bwd_microstep: 1833.27 | bwd_inner_microstep: 1807.70 | bwd_allreduce_microstep: 25.49 | step_microstep: 186.22
[Rank 0] time (ms) | fwd: 814.51 | bwd: 1833.26 | bwd_inner: 1807.69 | bwd_allreduce: 25.49 | step: 186.22
The loss is : The loss is : tensor(4.2500, device='cuda:0', dtype=torch.bfloat16,
       grad_fn=<NllLossBackward0>)
The loss is in backward : tensor(4.2188, device='cuda:1', dtype=torch.bfloat16,
       grad_fn=<NllLossBackward0>)
The loss is in backward : tensor(4.2500, device='cuda:0', dtype=torch.bfloat16,
       grad_fn=<NllLossBackward0>)
tensor(4.2188, device='cuda:1', dtype=torch.bfloat16,
       grad_fn=<NllLossBackward0>)
DS backward time below 1.7941968441009521
DS backward time below 1.793980360031128
DS backward time 1.8224456310272217
DS backward time 1.8222062587738037
[Rank 0] time (ms) | optimizer_step: 131.81
[Rank 0] time (ms) | fwd_microstep: 809.25 | bwd_microstep: 1817.70 | bwd_inner_microstep: 1790.34 | bwd_allreduce_microstep: 27.23 | step_microstep: 186.69
[Rank 0] time (ms) | fwd: 809.25 | bwd: 1817.68 | bwd_inner: 1790.35 | bwd_allreduce: 27.21 | step: 186.70
The loss is : The loss is : tensor(22.7500, device='cuda:0', dtype=torch.bfloat16,
       grad_fn=<NllLossBackward0>)
The loss is in backward : tensor(23., device='cuda:1', dtype=torch.bfloat16, grad_fn=<NllLossBackward0>)
The loss is in backward : tensor(22.7500, device='cuda:0', dtype=torch.bfloat16,
       grad_fn=<NllLossBackward0>)
tensor(23., device='cuda:1', dtype=torch.bfloat16, grad_fn=<NllLossBackward0>)
DS backward time below 1.788365364074707
DS backward time below 1.7883830070495605
DS backward time 1.8166117668151855DS backward time 1.816281795501709

[Rank 0] time (ms) | optimizer_step: 131.66
[Rank 0] time (ms) | fwd_microstep: 811.51 | bwd_microstep: 1812.00 | bwd_inner_microstep: 1784.62 | bwd_allreduce_microstep: 27.29 | step_microstep: 186.23
[Rank 0] time (ms) | fwd: 811.49 | bwd: 1811.99 | bwd_inner: 1784.61 | bwd_allreduce: 27.29 | step: 186.23
Local>>>>>> step_time: 2.818511962890625, dataloading_time : 0.001157999038696289,forward_time :0.7605507373809814, backward_time: 1.8702924251556396, optim time :0.1865086555480957
Local>>>>>> step_time: 2.8185203075408936, dataloading_time : 0.0012161731719970703,forward_time :0.7601277828216553, backward_time: 1.8705697059631348, optim time :0.18660449981689453
[Rank 0] Step 5: loss=22.7500, time=2.819s, alloc_mem=51.98 GB, peak_mem=58.32 GB
[Rank 1] Step 5: loss=23.0000, time=2.819s, alloc_mem=51.98 GB, peak_mem=58.32 GB
The loss is : The loss is : tensor(18., device='cuda:0', dtype=torch.bfloat16, grad_fn=<NllLossBackward0>)
The loss is in backward : tensor(17.8750, device='cuda:1', dtype=torch.bfloat16,
       grad_fn=<NllLossBackward0>)
The loss is in backward : tensor(18., device='cuda:0', dtype=torch.bfloat16, grad_fn=<NllLossBackward0>)
tensor(17.8750, device='cuda:1', dtype=torch.bfloat16,
       grad_fn=<NllLossBackward0>)
DS backward time below 1.788226842880249
DS backward time below 1.7878806591033936
DS backward time 1.8142213821411133
DS backward time 1.8138177394866943
[Rank 0] time (ms) | optimizer_step: 131.81
[Rank 0] time (ms) | fwd_microstep: 813.35 | bwd_microstep: 1809.78 | bwd_inner_microstep: 1784.47 | bwd_allreduce_microstep: 25.21 | step_microstep: 186.98
[Rank 0] time (ms) | fwd: 813.34 | bwd: 1809.77 | bwd_inner: 1784.47 | bwd_allreduce: 25.21 | step: 186.98
Local>>>>>> step_time: 2.8183135986328125, dataloading_time : 0.0010421276092529297,forward_time :0.7618155479431152, backward_time: 1.86818528175354, optim time :0.18726849555969238
Local>>>>>> step_time: 2.818241834640503, dataloading_time : 0.001447439193725586,forward_time :0.7610931396484375, backward_time: 1.8684430122375488, optim time :0.1872556209564209
[Rank 0] Step 6: loss=18.0000, time=2.818s, alloc_mem=51.98 GB, peak_mem=58.32 GB
[Rank 1] Step 6: loss=17.8750, time=2.818s, alloc_mem=51.98 GB, peak_mem=58.32 GB

============================================================
[Rank 0] FINAL RESULTS
  Config: configs/baseline.json
  Model: hidden_dim=4096, num_layers=32
  Parameters: 6,858,007,633
  Batch size: 16, Seq length: 512
  Average step time: 2.818s
  Peak memory: 58.32 GB
  Final allocated memory: 51.98 GB
============================================================
SUMMARY: config=configs/baseline.json params=6858007633 peak_mem_bytes=62620521984 alloc_mem_bytes=55811230720 avg_step_time=2.8184

============================================================
[Rank 1] FINAL RESULTS
  Config: configs/baseline.json
  Model: hidden_dim=4096, num_layers=32
  Parameters: 6,858,007,633
  Batch size: 16, Seq length: 512
  Average step time: 2.818s
  Peak memory: 58.32 GB
  Final allocated memory: 51.98 GB
============================================================
SUMMARY: config=configs/baseline.json params=6858007633 peak_mem_bytes=62620546560 alloc_mem_bytes=55811230720 avg_step_time=2.8184
[rank0]:[W121 12:47:52.870279758 ProcessGroupNCCL.cpp:1250] Warning: WARNING: process group has NOT been destroyed before we destruct ProcessGroupNCCL. On normal program exit, the application should call destroy_process_group to ensure that any pending NCCL operations have finished in this process. In rare cases this process can exit before this point and block the progress of another member of the process group. This constraint has always been present,  but this warning has only been added since PyTorch 2.4 (function operator())
[2026-01-21 12:47:56,053] [INFO] [launch.py:367:main] Process 3252790 exits successfully.
[2026-01-21 12:47:56,054] [INFO] [launch.py:367:main] Process 3252789 exits successfully.
