==============================================
BF16 Low-Precision Master Weights Memory Test
==============================================
Configuration:
  NUM_GPUS: 2
  NUM_LAYERS: 32
  HIDDEN_DIM: 4096
  BATCH_SIZE: 16
  SEQ_LENGTH: 512
  NUM_STEPS: 20
  LOG_DIR: logs/20260120_121933
==============================================

[1/2] Running BASELINE (bf16 with fp32 master weights/grads/optimizer states)...
----------------------------------------------
Warning: The cache directory for DeepSpeed Triton autotune, /home/bigyang/.triton/autotune, appears to be on an NFS system. While this is generally acceptable, if you experience slowdowns or hanging when DeepSpeed exits, it is recommended to set the TRITON_CACHE_DIR environment variable to a non-NFS path.
[2026-01-20 12:19:44,508] [WARNING] [runner.py:232:fetch_hostfile] Unable to find hostfile, will proceed with training with local resources only.
Detected VISIBLE_DEVICES=0,1 but ignoring it because one or several of --include/--exclude/--num_gpus/--num_nodes cl args were used. If you want to use CUDA_VISIBLE_DEVICES don't pass any of these arguments to deepspeed.
[2026-01-20 12:19:44,509] [INFO] [runner.py:630:main] cmd = /home/bigyang/micromamba/envs/ds-hf/bin/python -u -m deepspeed.launcher.launch --world_info=eyJsb2NhbGhvc3QiOiBbMCwgMV19 --master_addr=127.0.0.1 --master_port=29600 --enable_each_rank_log=None --log_level=info train.py --deepspeed_config configs/baseline.json --num_layers 32 --hidden_dim 4096 --batch_size 16 --seq_length 512 --num_steps 20 --warmup_steps 5 --activation_checkpointing --use_real_data --seed 42
Warning: The cache directory for DeepSpeed Triton autotune, /home/bigyang/.triton/autotune, appears to be on an NFS system. While this is generally acceptable, if you experience slowdowns or hanging when DeepSpeed exits, it is recommended to set the TRITON_CACHE_DIR environment variable to a non-NFS path.
[2026-01-20 12:19:50,644] [INFO] [launch.py:162:main] WORLD INFO DICT: {'localhost': [0, 1]}
[2026-01-20 12:19:50,644] [INFO] [launch.py:168:main] nnodes=1, num_local_procs=2, node_rank=0
[2026-01-20 12:19:50,644] [INFO] [launch.py:179:main] global_rank_mapping=defaultdict(<class 'list'>, {'localhost': [0, 1]})
[2026-01-20 12:19:50,644] [INFO] [launch.py:180:main] dist_world_size=2
[2026-01-20 12:19:50,644] [INFO] [launch.py:184:main] Setting CUDA_VISIBLE_DEVICES=0,1
[2026-01-20 12:19:50,645] [INFO] [launch.py:272:main] process 1961120 spawned with command: ['/home/bigyang/micromamba/envs/ds-hf/bin/python', '-u', 'train.py', '--local_rank=0', '--deepspeed_config', 'configs/baseline.json', '--num_layers', '32', '--hidden_dim', '4096', '--batch_size', '16', '--seq_length', '512', '--num_steps', '20', '--warmup_steps', '5', '--activation_checkpointing', '--use_real_data', '--seed', '42']
[2026-01-20 12:19:50,645] [INFO] [launch.py:272:main] process 1961121 spawned with command: ['/home/bigyang/micromamba/envs/ds-hf/bin/python', '-u', 'train.py', '--local_rank=1', '--deepspeed_config', 'configs/baseline.json', '--num_layers', '32', '--hidden_dim', '4096', '--batch_size', '16', '--seq_length', '512', '--num_steps', '20', '--warmup_steps', '5', '--activation_checkpointing', '--use_real_data', '--seed', '42']
Warning: The cache directory for DeepSpeed Triton autotune, /home/bigyang/.triton/autotune, appears to be on an NFS system. While this is generally acceptable, if you experience slowdowns or hanging when DeepSpeed exits, it is recommended to set the TRITON_CACHE_DIR environment variable to a non-NFS path.
Warning: The cache directory for DeepSpeed Triton autotune, /home/bigyang/.triton/autotune, appears to be on an NFS system. While this is generally acceptable, if you experience slowdowns or hanging when DeepSpeed exits, it is recommended to set the TRITON_CACHE_DIR environment variable to a non-NFS path.
[Rank 0] Loading wikitext dataset...
[Rank 1] Loading wikitext dataset...
Warning: You are sending unauthenticated requests to the HF Hub. Please set a HF_TOKEN to enable higher rate limits and faster downloads.
[Rank 0] Dataset loaded: 39531 examples, vocab_size=50257
[Rank 0] Creating model with hidden_dim=4096, num_layers=32, num_heads=16, vocab_size=50257
[Rank 1] Dataset loaded: 39531 examples, vocab_size=50257
[Rank 1] Creating model with hidden_dim=4096, num_layers=32, num_heads=16, vocab_size=50257
[Rank 0] Model parameters: 6,858,007,633 total, 6,858,007,633 trainable
[Rank 0] Activation checkpointing enabled
[Rank 1] Model parameters: 6,858,007,633 total, 6,858,007,633 trainable
[Rank 1] Activation checkpointing enabled
/home/bigyang/micromamba/envs/ds-hf/lib/python3.11/site-packages/torch/utils/cpp_extension.py:1964: UserWarning: TORCH_CUDA_ARCH_LIST is not set, all archs for visible cards are included for compilation. 
If this is not desired, please set os.environ['TORCH_CUDA_ARCH_LIST'].
  warnings.warn(
Stage 3 initialize beginning
MA 12.77 GB         Max_MA 12.77 GB         CA 12.79 GB         Max_CA 13 GB 
CPU Virtual Memory:  used = 21.51 GB, percent = 2.1%
DeepSpeedZeRoOffload initialize [begin]
MA 12.77 GB         Max_MA 13.54 GB         CA 13.56 GB         Max_CA 14 GB 
CPU Virtual Memory:  used = 21.58 GB, percent = 2.1%
Parameter Offload - Persistent parameters statistics: param_count = 0, numel = 0
DeepSpeedZeRoOffload initialize [end]
MA 6.39 GB         Max_MA 12.97 GB         CA 13.56 GB         Max_CA 14 GB 
CPU Virtual Memory:  used = 21.59 GB, percent = 2.1%
Before creating fp16 partitions
MA 6.39 GB         Max_MA 6.39 GB         CA 13.56 GB         Max_CA 14 GB 
CPU Virtual Memory:  used = 21.59 GB, percent = 2.1%
After creating fp16 partitions: 4
MA 6.39 GB         Max_MA 6.39 GB         CA 6.39 GB         Max_CA 14 GB 
CPU Virtual Memory:  used = 21.58 GB, percent = 2.1%
Before creating fp32 partitions
MA 6.39 GB         Max_MA 6.39 GB         CA 6.39 GB         Max_CA 6 GB 
CPU Virtual Memory:  used = 21.58 GB, percent = 2.1%
After creating fp32 partitions
MA 19.16 GB         Max_MA 22.92 GB         CA 22.93 GB         Max_CA 23 GB 
CPU Virtual Memory:  used = 21.58 GB, percent = 2.1%
Before initializing optimizer states
MA 19.16 GB         Max_MA 19.16 GB         CA 22.93 GB         Max_CA 23 GB 
CPU Virtual Memory:  used = 21.58 GB, percent = 2.1%
[Rank 0] time (ms) | init_optimizer_state: 0.00
After initializing optimizer states
MA 19.16 GB         Max_MA 22.93 GB         CA 26.7 GB         Max_CA 27 GB 
CPU Virtual Memory:  used = 21.57 GB, percent = 2.1%
[Rank 1] DeepSpeed initialized with config: configs/baseline.json
[Rank 1] Memory after init: allocated=25.64 GB, reserved=33.08 GB
After initializing ZeRO optimizer
MA 25.64 GB         Max_MA 26.41 GB         CA 33.08 GB         Max_CA 33 GB 
CPU Virtual Memory:  used = 21.61 GB, percent = 2.1%
[Rank 0] DeepSpeed initialized with config: configs/baseline.json
[Rank 0] Memory after init: allocated=25.64 GB, reserved=33.08 GB
[Rank 0] time (ms) | optimizer_step: 82.64
[Rank 0] time (ms) | fwd_microstep: 363.87 | bwd_microstep: 761.01 | bwd_inner_microstep: 759.14 | bwd_allreduce_microstep: 1.79 | step_microstep: 145.25
Local>>>>>> step_time: 1.759101152420044, dataloading_time : 0.37985682487487793,forward_time :0.4679832458496094, backward_time: 0.7657456398010254, optim time :0.14551091194152832
[Rank 0] time (ms) | fwd: 363.85 | bwd: 761.01 | bwd_inner: 759.15 | bwd_allreduce: 1.79 | step: 145.25
Local>>>>>> step_time: 1.5178062915802002, dataloading_time : 0.24295759201049805,forward_time :0.3652632236480713, backward_time: 0.7640140056610107, optim time :0.1455690860748291
[Rank 1] Step 0: loss=11.0625, time=1.759s, alloc_mem=52.02 GB, peak_mem=53.53 GB
[Rank 0] Step 0: loss=11.1250, time=1.518s, alloc_mem=52.02 GB, peak_mem=53.53 GB
[Rank 0] time (ms) | optimizer_step: 74.72
Local>>>>>> step_time: 1.1291279792785645, dataloading_time : 0.0021691322326660156,forward_time :0.20270848274230957, backward_time: 0.8146469593048096, optim time :0.10960173606872559
[Rank 0] time (ms) | fwd_microstep: 290.46 | bwd_microstep: 724.84 | bwd_inner_microstep: 723.14 | bwd_allreduce_microstep: 1.64 | step_microstep: 109.71
[Rank 0] time (ms) | fwd: 290.45 | bwd: 724.85 | bwd_inner: 723.17 | bwd_allreduce: 1.64 | step: 109.71
Local>>>>>> step_time: 1.1294827461242676, dataloading_time : 0.00139617919921875,forward_time :0.20810580253601074, backward_time: 0.8099937438964844, optim time :0.1099846363067627
[Rank 0] time (ms) | optimizer_step: 74.50
Local>>>>>> step_time: 1.1148476600646973, dataloading_time : 0.00026416778564453125,forward_time :0.1554718017578125, backward_time: 0.8494172096252441, optim time :0.10969257354736328
[Rank 0] time (ms) | fwd_microstep: 285.24 | bwd_microstep: 715.63 | bwd_inner_microstep: 713.90 | bwd_allreduce_microstep: 1.68 | step_microstep: 109.57
[Rank 0] time (ms) | fwd: 285.23 | bwd: 715.64 | bwd_inner: 713.91 | bwd_allreduce: 1.68 | step: 109.57
Local>>>>>> step_time: 1.1146347522735596, dataloading_time : 0.001016855239868164,forward_time :0.15565919876098633, backward_time: 0.8481125831604004, optim time :0.10984373092651367
[Rank 0] time (ms) | optimizer_step: 74.46
Local>>>>>> step_time: 1.1188254356384277, dataloading_time : 0.0011715888977050781,forward_time :0.15592098236083984, backward_time: 0.851649284362793, optim time :0.11008119583129883
[Rank 0] time (ms) | fwd_microstep: 283.33 | bwd_microstep: 721.49 | bwd_inner_microstep: 719.68 | bwd_allreduce_microstep: 1.75 | step_microstep: 109.77
[Rank 0] time (ms) | fwd: 283.33 | bwd: 721.49 | bwd_inner: 719.69 | bwd_allreduce: 1.75 | step: 109.78
Local>>>>>> step_time: 1.1188702583312988, dataloading_time : 0.0010581016540527344,forward_time :0.1529221534729004, backward_time: 0.8546953201293945, optim time :0.11019229888916016
[Rank 0] time (ms) | optimizer_step: 74.37
[Rank 0] time (ms) | fwd_microstep: 284.59 | bwd_microstep: 719.51 | bwd_inner_microstep: 717.77 | bwd_allreduce_microstep: 1.69 | step_microstep: 110.30
[Rank 0] time (ms) | fwd: 284.58 | bwd: 719.52 | bwd_inner: 717.79 | bwd_allreduce: 1.69 | step: 110.30
Local>>>>>> step_time: 1.118818998336792, dataloading_time : 0.0012946128845214844,forward_time :0.15778779983520508, backward_time: 0.8491659164428711, optim time :0.11056804656982422
Local>>>>>> step_time: 1.1191134452819824, dataloading_time : 0.00027823448181152344,forward_time :0.1536402702331543, backward_time: 0.8545029163360596, optim time :0.11069011688232422
[Rank 0] time (ms) | optimizer_step: 74.46
[Rank 0] time (ms) | fwd_microstep: 285.01 | bwd_microstep: 716.67 | bwd_inner_microstep: 714.19 | bwd_allreduce_microstep: 2.43 | step_microstep: 109.43
Local>>>>>> step_time: 1.115175724029541, dataloading_time : 0.0010869503021240234,forward_time :0.15051937103271484, backward_time: 0.8538985252380371, optim time :0.10966825485229492
[Rank 0] time (ms) | fwd: 285.01 | bwd: 716.67 | bwd_inner: 714.20 | bwd_allreduce: 2.43 | step: 109.43
Local>>>>>> step_time: 1.1153273582458496, dataloading_time : 0.0011661052703857422,forward_time :0.15341687202453613, backward_time: 0.8510520458221436, optim time :0.10969042778015137
[Rank 1] Step 5: loss=20.6250, time=1.115s, alloc_mem=52.02 GB, peak_mem=58.37 GB
[Rank 0] Step 5: loss=20.3750, time=1.115s, alloc_mem=52.02 GB, peak_mem=58.37 GB
[Rank 0] time (ms) | optimizer_step: 74.57
Local>>>>>> step_time: 1.1181750297546387, dataloading_time : 0.0009930133819580078,forward_time :0.15120553970336914, backward_time: 0.8561291694641113, optim time :0.10984539985656738
[Rank 0] time (ms) | fwd_microstep: 283.15 | bwd_microstep: 721.34 | bwd_inner_microstep: 719.47 | bwd_allreduce_microstep: 1.82 | step_microstep: 109.81
[Rank 0] time (ms) | fwd: 283.14 | bwd: 721.34 | bwd_inner: 719.48 | bwd_allreduce: 1.82 | step: 109.81
Local>>>>>> step_time: 1.118396520614624, dataloading_time : 0.0010335445404052734,forward_time :0.15473413467407227, backward_time: 0.852543830871582, optim time :0.11008262634277344
[Rank 0] time (ms) | optimizer_step: 74.57
Local>>>>>> step_time: 1.120492696762085, dataloading_time : 0.001049041748046875,forward_time :0.16573548316955566, backward_time: 0.8441827297210693, optim time :0.10952305793762207
[Rank 0] time (ms) | fwd_microstep: 291.04 | bwd_microstep: 715.77 | bwd_inner_microstep: 713.95 | bwd_allreduce_microstep: 1.77 | step_microstep: 109.63
[Rank 0] time (ms) | fwd: 291.04 | bwd: 715.78 | bwd_inner: 713.96 | bwd_allreduce: 1.78 | step: 109.63
Local>>>>>> step_time: 1.120638132095337, dataloading_time : 0.001119852066040039,forward_time :0.1651930809020996, backward_time: 0.8444125652313232, optim time :0.10991024971008301
[Rank 0] time (ms) | optimizer_step: 74.52
Local>>>>>> step_time: 1.1234636306762695, dataloading_time : 0.0010135173797607422,forward_time :0.1547377109527588, backward_time: 0.8520967960357666, optim time :0.11561298370361328
[Rank 0] time (ms) | fwd_microstep: 284.93 | bwd_microstep: 718.72 | bwd_inner_microstep: 716.59 | bwd_allreduce_microstep: 2.03 | step_microstep: 115.52
[Rank 0] time (ms) | fwd: 284.92 | bwd: 718.74 | bwd_inner: 716.60 | bwd_allreduce: 2.06 | step: 115.50
Local>>>>>> step_time: 1.123213291168213, dataloading_time : 0.0009031295776367188,forward_time :0.15441322326660156, backward_time: 0.8520805835723877, optim time :0.1158132553100586
[Rank 0] time (ms) | optimizer_step: 74.31
[Rank 0] time (ms) | fwd_microstep: 280.98 | bwd_microstep: 724.04 | bwd_inner_microstep: 720.86 | bwd_allreduce_microstep: 3.13 | step_microstep: 109.34
[Rank 0] time (ms) | fwd: 280.97 | bwd: 724.05 | bwd_inner: 720.87 | bwd_allreduce: 3.13 | step: 109.34
Local>>>>>> step_time: 1.1184539794921875, dataloading_time : 0.0010402202606201172,forward_time :0.1562037467956543, backward_time: 0.8515987396240234, optim time :0.10960817337036133
Local>>>>>> step_time: 1.118739128112793, dataloading_time : 0.0009748935699462891,forward_time :0.1509842872619629, backward_time: 0.8569884300231934, optim time :0.10978984832763672
[Rank 0] time (ms) | optimizer_step: 74.40
[Rank 0] time (ms) | fwd_microstep: 284.62 | bwd_microstep: 721.57 | bwd_inner_microstep: 718.92 | bwd_allreduce_microstep: 2.60 | step_microstep: 109.24
[Rank 0] time (ms) | fwd: 284.62 | bwd: 721.58 | bwd_inner: 718.93 | bwd_allreduce: 2.60 | step: 109.24
Local>>>>>> step_time: 1.1196303367614746, dataloading_time : 0.0011472702026367188,forward_time :0.15587449073791504, backward_time: 0.8531038761138916, optim time :0.10950255393981934
Local>>>>>> step_time: 1.1195621490478516, dataloading_time : 0.0009424686431884766,forward_time :0.15639138221740723, backward_time: 0.8526015281677246, optim time :0.10962510108947754
[Rank 0] Step 10: loss=6.1250, time=1.120s, alloc_mem=52.02 GB, peak_mem=58.37 GB
[Rank 1] Step 10: loss=7.1250, time=1.120s, alloc_mem=52.02 GB, peak_mem=58.37 GB
[Rank 0] time (ms) | optimizer_step: 74.49
[Rank 0] time (ms) | fwd_microstep: 283.13 | bwd_microstep: 721.77 | bwd_inner_microstep: 719.11 | bwd_allreduce_microstep: 2.60 | step_microstep: 109.50
[Rank 0] time (ms) | fwd: 283.13 | bwd: 721.77 | bwd_inner: 719.13 | bwd_allreduce: 2.60 | step: 109.50
Local>>>>>> step_time: 1.1184332370758057, dataloading_time : 0.0009765625,forward_time :0.152968168258667, backward_time: 0.8547165393829346, optim time :0.10976982116699219
Local>>>>>> step_time: 1.1184425354003906, dataloading_time : 0.0010411739349365234,forward_time :0.15242218971252441, backward_time: 0.855064868927002, optim time :0.10991263389587402
[Rank 0] time (ms) | optimizer_step: 74.64
Local>>>>>> step_time: 1.1196331977844238, dataloading_time : 0.0010085105895996094,forward_time :0.16744303703308105, backward_time: 0.8413774967193604, optim time :0.10980224609375
[Rank 0] time (ms) | fwd_microstep: 283.14 | bwd_microstep: 722.90 | bwd_inner_microstep: 721.22 | bwd_allreduce_microstep: 1.63 | step_microstep: 109.97
[Rank 0] time (ms) | fwd: 283.13 | bwd: 722.90 | bwd_inner: 721.23 | bwd_allreduce: 1.63 | step: 109.97
Local>>>>>> step_time: 1.1201398372650146, dataloading_time : 0.0010683536529541016,forward_time :0.1670539379119873, backward_time: 0.8417782783508301, optim time :0.11023712158203125
[Rank 0] time (ms) | optimizer_step: 74.63
Local>>>>>> step_time: 1.1190404891967773, dataloading_time : 0.0010383129119873047,forward_time :0.15332555770874023, backward_time: 0.8549106121063232, optim time :0.10976243019104004
[Rank 0] time (ms) | fwd_microstep: 284.64 | bwd_microstep: 720.50 | bwd_inner_microstep: 718.78 | bwd_allreduce_microstep: 1.68 | step_microstep: 109.91
[Rank 0] time (ms) | fwd: 284.63 | bwd: 720.51 | bwd_inner: 718.79 | bwd_allreduce: 1.68 | step: 109.92
Local>>>>>> step_time: 1.1191318035125732, dataloading_time : 0.0010335445404052734,forward_time :0.14846491813659668, backward_time: 0.8594579696655273, optim time :0.11017394065856934
Local>>>>>> step_time: 1.127600908279419, dataloading_time : 0.0009913444519042969,forward_time :0.1509714126586914, backward_time: 0.8643755912780762, optim time :0.11126112937927246
[Rank 0] time (ms) | optimizer_step: 75.37
[Rank 0] time (ms) | fwd_microstep: 290.20 | bwd_microstep: 722.00 | bwd_inner_microstep: 720.22 | bwd_allreduce_microstep: 1.73 | step_microstep: 111.87
[Rank 0] time (ms) | fwd: 290.19 | bwd: 722.00 | bwd_inner: 720.24 | bwd_allreduce: 1.73 | step: 111.88
Local>>>>>> step_time: 1.128065586090088, dataloading_time : 0.0009438991546630859,forward_time :0.1546928882598877, backward_time: 0.8602864742279053, optim time :0.11214017868041992
[Rank 0] time (ms) | optimizer_step: 74.42
[Rank 0] time (ms) | fwd_microstep: 285.55 | bwd_microstep: 721.79 | bwd_inner_microstep: 720.06 | bwd_allreduce_microstep: 1.69 | step_microstep: 109.46
[Rank 0] time (ms) | fwd: 285.55 | bwd: 721.80 | bwd_inner: 720.07 | bwd_allreduce: 1.69 | step: 109.46
Local>>>>>> step_time: 1.1208713054656982, dataloading_time : 0.0010194778442382812,forward_time :0.15116143226623535, backward_time: 0.8589663505554199, optim time :0.10972213745117188
Local>>>>>> step_time: 1.1218876838684082, dataloading_time : 0.0009081363677978516,forward_time :0.15379858016967773, backward_time: 0.8573575019836426, optim time :0.10982203483581543
[Rank 0] Step 15: loss=4.8750, time=1.121s, alloc_mem=52.02 GB, peak_mem=58.37 GB
[Rank 1] Step 15: loss=4.2188, time=1.122s, alloc_mem=52.02 GB, peak_mem=58.37 GB
[Rank 0] time (ms) | optimizer_step: 74.50
Local>>>>>> step_time: 1.11604642868042, dataloading_time : 0.0009903907775878906,forward_time :0.15314221382141113, backward_time: 0.8522400856018066, optim time :0.10967254638671875
[Rank 0] time (ms) | fwd_microstep: 288.04 | bwd_microstep: 714.57 | bwd_inner_microstep: 712.84 | bwd_allreduce_microstep: 1.68 | step_microstep: 109.67
[Rank 0] time (ms) | fwd: 288.03 | bwd: 714.57 | bwd_inner: 712.85 | bwd_allreduce: 1.68 | step: 109.67
Local>>>>>> step_time: 1.116319179534912, dataloading_time : 0.0009958744049072266,forward_time :0.1543409824371338, backward_time: 0.8510537147521973, optim time :0.10992670059204102
[Rank 0] time (ms) | optimizer_step: 74.37
[Rank 0] time (ms) | fwd_microstep: 294.26 | bwd_microstep: 716.03 | bwd_inner_microstep: 714.34 | bwd_allreduce_microstep: 1.64 | step_microstep: 109.23
[Rank 0] time (ms) | fwd: 294.25 | bwd: 716.03 | bwd_inner: 714.36 | bwd_allreduce: 1.64 | step: 109.23
Local>>>>>> step_time: 1.1234610080718994, dataloading_time : 0.0009112358093261719,forward_time :0.15306687355041504, backward_time: 0.859997034072876, optim time :0.10948395729064941
Local>>>>>> step_time: 1.1236867904663086, dataloading_time : 0.0008993148803710938,forward_time :0.15653681755065918, backward_time: 0.8567459583282471, optim time :0.10950303077697754
[Rank 0] time (ms) | optimizer_step: 74.40
[Rank 0] time (ms) | fwd_microstep: 288.35 | bwd_microstep: 713.03 | bwd_inner_microstep: 711.30 | bwd_allreduce_microstep: 1.68 | step_microstep: 109.63
[Rank 0] time (ms) | fwd: 288.34 | bwd: 713.03 | bwd_inner: 711.32 | bwd_allreduce: 1.68 | step: 109.63
Local>>>>>> step_time: 1.1150131225585938, dataloading_time : 0.0009598731994628906,forward_time :0.15744519233703613, backward_time: 0.8467061519622803, optim time :0.10989975929260254
Local>>>>>> step_time: 1.1150343418121338, dataloading_time : 0.001039266586303711,forward_time :0.15259933471679688, backward_time: 0.8514065742492676, optim time :0.10998773574829102
[Rank 0] time (ms) | optimizer_step: 74.39
[Rank 0] time (ms) | fwd_microstep: 290.37 | bwd_microstep: 716.07 | bwd_inner_microstep: 714.34 | bwd_allreduce_microstep: 1.68 | step_microstep: 109.91
[Rank 0] time (ms) | fwd: 290.36 | bwd: 716.07 | bwd_inner: 714.35 | bwd_allreduce: 1.68 | step: 109.91
Local>>>>>> step_time: 1.1203272342681885, dataloading_time : 0.0009331703186035156,forward_time :0.15593624114990234, backward_time: 0.8532841205596924, optim time :0.11017155647277832
Local>>>>>> step_time: 1.1202902793884277, dataloading_time : 0.00122833251953125,forward_time :0.15445733070373535, backward_time: 0.8543305397033691, optim time :0.11027216911315918
[Rank 0] Step 19: loss=4.1875, time=1.120s, alloc_mem=52.02 GB, peak_mem=58.37 GB
[Rank 1] Step 19: loss=3.9531, time=1.120s, alloc_mem=52.02 GB, peak_mem=58.37 GB

============================================================
[Rank 0] FINAL RESULTS
  Config: configs/baseline.json
  Model: hidden_dim=4096, num_layers=32
  Parameters: 6,858,007,633
  Batch size: 16, Seq length: 512
  Average step time: 1.120s
  Peak memory: 58.37 GB
  Final allocated memory: 52.02 GB
============================================================
SUMMARY: config=configs/baseline.json params=6858007633 peak_mem_bytes=62670607872 alloc_mem_bytes=55861300224 avg_step_time=1.1198

============================================================
[Rank 1] FINAL RESULTS
  Config: configs/baseline.json
  Model: hidden_dim=4096, num_layers=32
  Parameters: 6,858,007,633
  Batch size: 16, Seq length: 512
  Average step time: 1.120s
  Peak memory: 58.37 GB
  Final allocated memory: 52.02 GB
============================================================
SUMMARY: config=configs/baseline.json params=6858007633 peak_mem_bytes=62670575104 alloc_mem_bytes=55861300224 avg_step_time=1.1198
[rank0]:[W120 12:20:58.638153066 ProcessGroupNCCL.cpp:1250] Warning: WARNING: process group has NOT been destroyed before we destruct ProcessGroupNCCL. On normal program exit, the application should call destroy_process_group to ensure that any pending NCCL operations have finished in this process. In rare cases this process can exit before this point and block the progress of another member of the process group. This constraint has always been present,  but this warning has only been added since PyTorch 2.4 (function operator())
[2026-01-20 12:21:00,653] [INFO] [launch.py:367:main] Process 1961121 exits successfully.
[2026-01-20 12:21:00,653] [INFO] [launch.py:367:main] Process 1961120 exits successfully.

[2/2] Running BF16_FULL (bf16 master weights, gradients, and optimizer states)...
----------------------------------------------
Warning: The cache directory for DeepSpeed Triton autotune, /home/bigyang/.triton/autotune, appears to be on an NFS system. While this is generally acceptable, if you experience slowdowns or hanging when DeepSpeed exits, it is recommended to set the TRITON_CACHE_DIR environment variable to a non-NFS path.
[2026-01-20 12:21:24,939] [WARNING] [runner.py:232:fetch_hostfile] Unable to find hostfile, will proceed with training with local resources only.
Detected VISIBLE_DEVICES=0,1 but ignoring it because one or several of --include/--exclude/--num_gpus/--num_nodes cl args were used. If you want to use CUDA_VISIBLE_DEVICES don't pass any of these arguments to deepspeed.
[2026-01-20 12:21:24,939] [INFO] [runner.py:630:main] cmd = /home/bigyang/micromamba/envs/ds-hf/bin/python -u -m deepspeed.launcher.launch --world_info=eyJsb2NhbGhvc3QiOiBbMCwgMV19 --master_addr=127.0.0.1 --master_port=29600 --enable_each_rank_log=None --log_level=info train.py --deepspeed_config configs/bf16_full.json --num_layers 32 --hidden_dim 4096 --batch_size 16 --seq_length 512 --num_steps 20 --warmup_steps 5 --activation_checkpointing --use_real_data --seed 42
Warning: The cache directory for DeepSpeed Triton autotune, /home/bigyang/.triton/autotune, appears to be on an NFS system. While this is generally acceptable, if you experience slowdowns or hanging when DeepSpeed exits, it is recommended to set the TRITON_CACHE_DIR environment variable to a non-NFS path.
[2026-01-20 12:21:31,726] [INFO] [launch.py:162:main] WORLD INFO DICT: {'localhost': [0, 1]}
[2026-01-20 12:21:31,726] [INFO] [launch.py:168:main] nnodes=1, num_local_procs=2, node_rank=0
[2026-01-20 12:21:31,726] [INFO] [launch.py:179:main] global_rank_mapping=defaultdict(<class 'list'>, {'localhost': [0, 1]})
[2026-01-20 12:21:31,726] [INFO] [launch.py:180:main] dist_world_size=2
[2026-01-20 12:21:31,726] [INFO] [launch.py:184:main] Setting CUDA_VISIBLE_DEVICES=0,1
[2026-01-20 12:21:31,727] [INFO] [launch.py:272:main] process 1961844 spawned with command: ['/home/bigyang/micromamba/envs/ds-hf/bin/python', '-u', 'train.py', '--local_rank=0', '--deepspeed_config', 'configs/bf16_full.json', '--num_layers', '32', '--hidden_dim', '4096', '--batch_size', '16', '--seq_length', '512', '--num_steps', '20', '--warmup_steps', '5', '--activation_checkpointing', '--use_real_data', '--seed', '42']
[2026-01-20 12:21:31,727] [INFO] [launch.py:272:main] process 1961845 spawned with command: ['/home/bigyang/micromamba/envs/ds-hf/bin/python', '-u', 'train.py', '--local_rank=1', '--deepspeed_config', 'configs/bf16_full.json', '--num_layers', '32', '--hidden_dim', '4096', '--batch_size', '16', '--seq_length', '512', '--num_steps', '20', '--warmup_steps', '5', '--activation_checkpointing', '--use_real_data', '--seed', '42']
Warning: The cache directory for DeepSpeed Triton autotune, /home/bigyang/.triton/autotune, appears to be on an NFS system. While this is generally acceptable, if you experience slowdowns or hanging when DeepSpeed exits, it is recommended to set the TRITON_CACHE_DIR environment variable to a non-NFS path.
Warning: The cache directory for DeepSpeed Triton autotune, /home/bigyang/.triton/autotune, appears to be on an NFS system. While this is generally acceptable, if you experience slowdowns or hanging when DeepSpeed exits, it is recommended to set the TRITON_CACHE_DIR environment variable to a non-NFS path.
[Rank 1] Loading wikitext dataset...
[Rank 0] Loading wikitext dataset...
[Rank 0] Dataset loaded: 39531 examples, vocab_size=50257
[Rank 0] Creating model with hidden_dim=4096, num_layers=32, num_heads=16, vocab_size=50257
[Rank 1] Dataset loaded: 39531 examples, vocab_size=50257
[Rank 1] Creating model with hidden_dim=4096, num_layers=32, num_heads=16, vocab_size=50257
[Rank 1] Model parameters: 6,858,007,633 total, 6,858,007,633 trainable
[Rank 1] Activation checkpointing enabled
[Rank 0] Model parameters: 6,858,007,633 total, 6,858,007,633 trainable
[Rank 0] Activation checkpointing enabled
/home/bigyang/micromamba/envs/ds-hf/lib/python3.11/site-packages/torch/utils/cpp_extension.py:1964: UserWarning: TORCH_CUDA_ARCH_LIST is not set, all archs for visible cards are included for compilation. 
If this is not desired, please set os.environ['TORCH_CUDA_ARCH_LIST'].
  warnings.warn(
Stage 3 initialize beginning
MA 12.77 GB         Max_MA 12.77 GB         CA 12.79 GB         Max_CA 13 GB 
CPU Virtual Memory:  used = 21.5 GB, percent = 2.1%
DeepSpeedZeRoOffload initialize [begin]
MA 12.77 GB         Max_MA 13.54 GB         CA 13.56 GB         Max_CA 14 GB 
CPU Virtual Memory:  used = 21.61 GB, percent = 2.1%
Parameter Offload - Persistent parameters statistics: param_count = 0, numel = 0
DeepSpeedZeRoOffload initialize [end]
MA 6.39 GB         Max_MA 12.97 GB         CA 13.56 GB         Max_CA 14 GB 
CPU Virtual Memory:  used = 21.61 GB, percent = 2.1%
Before creating fp16 partitions
MA 6.39 GB         Max_MA 6.39 GB         CA 13.56 GB         Max_CA 14 GB 
CPU Virtual Memory:  used = 21.61 GB, percent = 2.1%
After creating fp16 partitions: 4
MA 6.39 GB         Max_MA 6.39 GB         CA 6.39 GB         Max_CA 14 GB 
CPU Virtual Memory:  used = 21.61 GB, percent = 2.1%
Before creating fp32 partitions
MA 6.39 GB         Max_MA 6.39 GB         CA 6.39 GB         Max_CA 6 GB 
CPU Virtual Memory:  used = 21.61 GB, percent = 2.1%
After creating fp32 partitions
MA 12.77 GB         Max_MA 12.77 GB         CA 12.78 GB         Max_CA 13 GB 
CPU Virtual Memory:  used = 21.6 GB, percent = 2.1%
Before initializing optimizer states
MA 12.77 GB         Max_MA 12.77 GB         CA 12.78 GB         Max_CA 13 GB 
CPU Virtual Memory:  used = 21.6 GB, percent = 2.1%
[Rank 0] time (ms) | init_optimizer_state: 0.00
After initializing optimizer states
MA 12.77 GB         Max_MA 14.66 GB         CA 14.67 GB         Max_CA 15 GB 
CPU Virtual Memory:  used = 21.6 GB, percent = 2.1%
[Rank 1] DeepSpeed initialized with config: configs/bf16_full.json
[Rank 1] Memory after init: allocated=19.25 GB, reserved=21.05 GB
After initializing ZeRO optimizer
MA 19.25 GB         Max_MA 20.02 GB         CA 21.05 GB         Max_CA 21 GB 
CPU Virtual Memory:  used = 21.63 GB, percent = 2.1%
[Rank 0] DeepSpeed initialized with config: configs/bf16_full.json
[Rank 0] Memory after init: allocated=19.25 GB, reserved=21.05 GB
[Rank 0] time (ms) | optimizer_step: 65.36
[Rank 0] time (ms) | fwd_microstep: 398.13 | bwd_microstep: 842.21 | bwd_inner_microstep: 840.29 | bwd_allreduce_microstep: 1.85 | step_microstep: 127.23
[Rank 0] time (ms) | fwd: 398.12 | bwd: 842.22 | bwd_inner: 840.31 | bwd_allreduce: 1.85 | step: 127.23
Local>>>>>> step_time: 1.3956890106201172, dataloading_time : 0.020145177841186523,forward_time :0.40100669860839844, backward_time: 0.8469841480255127, optim time :0.1275496482849121
Local>>>>>> step_time: 1.77632474899292, dataloading_time : 0.0356597900390625,forward_time :0.7670302391052246, backward_time: 0.8459711074829102, optim time :0.12766051292419434
[Rank 0] Step 0: loss=11.1196, time=1.396s, alloc_mem=32.86 GB, peak_mem=33.61 GB
[Rank 1] Step 0: loss=11.0809, time=1.776s, alloc_mem=32.86 GB, peak_mem=33.61 GB
[Rank 0] time (ms) | optimizer_step: 56.34
[Rank 0] time (ms) | fwd_microstep: 326.30 | bwd_microstep: 798.42 | bwd_inner_microstep: 796.49 | bwd_allreduce_microstep: 1.82 | step_microstep: 93.47
Local>>>>>> step_time: 1.2258894443511963, dataloading_time : 0.0022878646850585938,forward_time :0.2045600414276123, backward_time: 0.925297737121582, optim time :0.09374094009399414
[Rank 0] time (ms) | fwd: 326.30 | bwd: 798.43 | bwd_inner: 796.52 | bwd_allreduce: 1.82 | step: 93.47
Local>>>>>> step_time: 1.2260923385620117, dataloading_time : 0.002193927764892578,forward_time :0.20250391960144043, backward_time: 0.9276268482208252, optim time :0.0937647819519043
[Rank 0] time (ms) | optimizer_step: 56.34
[Rank 0] time (ms) | fwd_microstep: 315.13 | bwd_microstep: 804.43 | bwd_inner_microstep: 802.75 | bwd_allreduce_microstep: 1.63 | step_microstep: 91.09
[Rank 0] time (ms) | fwd: 315.12 | bwd: 804.43 | bwd_inner: 802.76 | bwd_allreduce: 1.63 | step: 91.09
Local>>>>>> step_time: 1.2166125774383545, dataloading_time : 0.0002789497375488281,forward_time :0.15123462677001953, backward_time: 0.973747730255127, optim time :0.09134912490844727
Local>>>>>> step_time: 1.216648817062378, dataloading_time : 0.00020503997802734375,forward_time :0.1500692367553711, backward_time: 0.9750576019287109, optim time :0.09131503105163574
[Rank 0] time (ms) | optimizer_step: 56.21
[Rank 0] time (ms) | fwd_microstep: 315.60 | bwd_microstep: 802.41 | bwd_inner_microstep: 800.68 | bwd_allreduce_microstep: 1.67 | step_microstep: 90.62
[Rank 0] time (ms) | fwd: 315.59 | bwd: 802.41 | bwd_inner: 800.70 | bwd_allreduce: 1.68 | step: 90.62
Local>>>>>> step_time: 1.215423822402954, dataloading_time : 0.0012001991271972656,forward_time :0.14734554290771484, backward_time: 0.9759912490844727, optim time :0.09088444709777832
Local>>>>>> step_time: 1.2154371738433838, dataloading_time : 0.0011665821075439453,forward_time :0.14850187301635742, backward_time: 0.9747686386108398, optim time :0.09099793434143066
[Rank 0] time (ms) | optimizer_step: 56.27
[Rank 0] time (ms) | fwd_microstep: 319.63 | bwd_microstep: 802.38 | bwd_inner_microstep: 800.66 | bwd_allreduce_microstep: 1.67 | step_microstep: 90.76
[Rank 0] time (ms) | fwd: 319.63 | bwd: 802.38 | bwd_inner: 800.67 | bwd_allreduce: 1.67 | step: 90.77
Local>>>>>> step_time: 1.2185773849487305, dataloading_time : 0.0001919269561767578,forward_time :0.14905118942260742, backward_time: 0.9782893657684326, optim time :0.09104323387145996
Local>>>>>> step_time: 1.2186229228973389, dataloading_time : 0.00026535987854003906,forward_time :0.1510181427001953, backward_time: 0.9763102531433105, optim time :0.09102749824523926
[Rank 0] time (ms) | optimizer_step: 56.29
[Rank 0] time (ms) | fwd_microstep: 316.48 | bwd_microstep: 799.78 | bwd_inner_microstep: 798.07 | bwd_allreduce_microstep: 1.66 | step_microstep: 90.89
Local>>>>>> step_time: 1.2134184837341309, dataloading_time : 0.001032114028930664,forward_time :0.14617538452148438, backward_time: 0.9751124382019043, optim time :0.09109711647033691
[Rank 0] time (ms) | fwd: 316.47 | bwd: 799.79 | bwd_inner: 798.08 | bwd_allreduce: 1.66 | step: 90.89
Local>>>>>> step_time: 1.2134618759155273, dataloading_time : 0.0007340908050537109,forward_time :0.14663958549499512, backward_time: 0.9749336242675781, optim time :0.09115242958068848
[Rank 1] Step 5: loss=8.8662, time=1.213s, alloc_mem=32.86 GB, peak_mem=42.67 GB
[Rank 0] Step 5: loss=9.4261, time=1.213s, alloc_mem=32.86 GB, peak_mem=42.67 GB
[Rank 0] time (ms) | optimizer_step: 56.28
[Rank 0] time (ms) | fwd_microstep: 320.15 | bwd_microstep: 798.99 | bwd_inner_microstep: 796.98 | bwd_allreduce_microstep: 1.96 | step_microstep: 91.29
[Rank 0] time (ms) | fwd: 320.14 | bwd: 798.99 | bwd_inner: 797.00 | bwd_allreduce: 1.96 | step: 91.29
Local>>>>>> step_time: 1.2170283794403076, dataloading_time : 0.0010263919830322266,forward_time :0.1512773036956787, backward_time: 0.973172664642334, optim time :0.09154939651489258
Local>>>>>> step_time: 1.2171571254730225, dataloading_time : 0.0010647773742675781,forward_time :0.1504065990447998, backward_time: 0.9741406440734863, optim time :0.09154319763183594
[Rank 0] time (ms) | optimizer_step: 56.24
[Rank 0] time (ms) | fwd_microstep: 312.67 | bwd_microstep: 804.15 | bwd_inner_microstep: 802.41 | bwd_allreduce_microstep: 1.68 | step_microstep: 90.93
Local>>>>>> step_time: 1.2142212390899658, dataloading_time : 0.0011260509490966797,forward_time :0.14671683311462402, backward_time: 0.9751901626586914, optim time :0.0911862850189209
[Rank 0] time (ms) | fwd: 312.67 | bwd: 804.15 | bwd_inner: 802.43 | bwd_allreduce: 1.68 | step: 90.93
Local>>>>>> step_time: 1.2143440246582031, dataloading_time : 0.00098419189453125,forward_time :0.14886260032653809, backward_time: 0.9732801914215088, optim time :0.09121465682983398
[Rank 0] time (ms) | optimizer_step: 56.31
[Rank 0] time (ms) | fwd_microstep: 317.85 | bwd_microstep: 806.25 | bwd_inner_microstep: 804.55 | bwd_allreduce_microstep: 1.65 | step_microstep: 90.86
Local>>>>>> step_time: 1.2216336727142334, dataloading_time : 0.0009968280792236328,forward_time :0.15048456192016602, backward_time: 0.9790558815002441, optim time :0.0910942554473877
[Rank 0] time (ms) | fwd: 317.84 | bwd: 806.26 | bwd_inner: 804.56 | bwd_allreduce: 1.65 | step: 90.86
Local>>>>>> step_time: 1.2216877937316895, dataloading_time : 0.0011243820190429688,forward_time :0.14913344383239746, backward_time: 0.9803037643432617, optim time :0.0911245346069336
[Rank 0] time (ms) | optimizer_step: 56.30
[Rank 0] time (ms) | fwd_microstep: 316.61 | bwd_microstep: 813.26 | bwd_inner_microstep: 811.56 | bwd_allreduce_microstep: 1.65 | step_microstep: 90.74
Local>>>>>> step_time: 1.2271668910980225, dataloading_time : 0.0011315345764160156,forward_time :0.14621639251708984, backward_time: 0.9889373779296875, optim time :0.09088015556335449
[Rank 0] time (ms) | fwd: 316.61 | bwd: 813.26 | bwd_inner: 811.57 | bwd_allreduce: 1.65 | step: 90.74
Local>>>>>> step_time: 1.2271556854248047, dataloading_time : 0.0009515285491943359,forward_time :0.14716053009033203, backward_time: 0.9880397319793701, optim time :0.09100198745727539
[Rank 0] time (ms) | optimizer_step: 56.24
[Rank 0] time (ms) | fwd_microstep: 317.85 | bwd_microstep: 805.18 | bwd_inner_microstep: 803.44 | bwd_allreduce_microstep: 1.68 | step_microstep: 90.84
[Rank 0] time (ms) | fwd: 317.85 | bwd: 805.18 | bwd_inner: 803.46 | bwd_allreduce: 1.68 | step: 90.84
Local>>>>>> step_time: 1.2205708026885986, dataloading_time : 0.0010879039764404297,forward_time :0.14848661422729492, backward_time: 0.9798965454101562, optim time :0.09109783172607422
Local>>>>>> step_time: 1.220674991607666, dataloading_time : 0.0010602474212646484,forward_time :0.14986777305603027, backward_time: 0.9785075187683105, optim time :0.09123826026916504
[Rank 0] Step 10: loss=4.8986, time=1.221s, alloc_mem=32.86 GB, peak_mem=42.67 GB
[Rank 1] Step 10: loss=5.6854, time=1.221s, alloc_mem=32.86 GB, peak_mem=42.67 GB
[Rank 0] time (ms) | optimizer_step: 56.25
[Rank 0] time (ms) | fwd_microstep: 317.44 | bwd_microstep: 807.12 | bwd_inner_microstep: 805.24 | bwd_allreduce_microstep: 1.83 | step_microstep: 90.87
[Rank 0] time (ms) | fwd: 317.43 | bwd: 807.13 | bwd_inner: 805.26 | bwd_allreduce: 1.83 | step: 90.87
Local>>>>>> step_time: 1.2220683097839355, dataloading_time : 0.0010378360748291016,forward_time :0.16153597831726074, backward_time: 0.9683668613433838, optim time :0.0911259651184082
Local>>>>>> step_time: 1.2220349311828613, dataloading_time : 0.0009510517120361328,forward_time :0.1607356071472168, backward_time: 0.9691569805145264, optim time :0.09118962287902832
[Rank 0] time (ms) | optimizer_step: 56.25
[Rank 0] time (ms) | fwd_microstep: 314.77 | bwd_microstep: 800.90 | bwd_inner_microstep: 799.19 | bwd_allreduce_microstep: 1.66 | step_microstep: 90.76
[Rank 0] time (ms) | fwd: 314.76 | bwd: 800.90 | bwd_inner: 799.20 | bwd_allreduce: 1.66 | step: 90.76
Local>>>>>> step_time: 1.213134527206421, dataloading_time : 0.0011043548583984375,forward_time :0.15075349807739258, backward_time: 0.9702515602111816, optim time :0.09102320671081543
Local>>>>>> step_time: 1.2131259441375732, dataloading_time : 0.0009942054748535156,forward_time :0.15044283866882324, backward_time: 0.9706189632415771, optim time :0.09106826782226562
[Rank 0] time (ms) | optimizer_step: 56.29
[Rank 0] time (ms) | fwd_microstep: 314.53 | bwd_microstep: 805.48 | bwd_inner_microstep: 803.82 | bwd_allreduce_microstep: 1.61 | step_microstep: 90.96
[Rank 0] time (ms) | fwd: 314.53 | bwd: 805.49 | bwd_inner: 803.84 | bwd_allreduce: 1.62 | step: 90.96
Local>>>>>> step_time: 1.2174510955810547, dataloading_time : 0.0010001659393310547,forward_time :0.14806556701660156, backward_time: 0.9772579669952393, optim time :0.0911259651184082
Local>>>>>> step_time: 1.2175021171569824, dataloading_time : 0.0009434223175048828,forward_time :0.14654874801635742, backward_time: 0.9787931442260742, optim time :0.09121561050415039
[Rank 0] time (ms) | optimizer_step: 56.21
[Rank 0] time (ms) | fwd_microstep: 315.98 | bwd_microstep: 806.42 | bwd_inner_microstep: 802.85 | bwd_allreduce_microstep: 3.51 | step_microstep: 90.92
[Rank 0] time (ms) | fwd: 315.97 | bwd: 806.42 | bwd_inner: 802.87 | bwd_allreduce: 3.51 | step: 90.93
Local>>>>>> step_time: 1.2198765277862549, dataloading_time : 0.0009772777557373047,forward_time :0.14734745025634766, backward_time: 0.9803643226623535, optim time :0.09118509292602539
Local>>>>>> step_time: 1.219982624053955, dataloading_time : 0.0009171962738037109,forward_time :0.14708209037780762, backward_time: 0.9806787967681885, optim time :0.09130287170410156
[Rank 0] time (ms) | optimizer_step: 56.35
[Rank 0] time (ms) | fwd_microstep: 318.51 | bwd_microstep: 803.55 | bwd_inner_microstep: 801.85 | bwd_allreduce_microstep: 1.64 | step_microstep: 91.10
Local>>>>>> step_time: 1.2195372581481934, dataloading_time : 0.0010144710540771484,forward_time :0.14791250228881836, backward_time: 0.9792425632476807, optim time :0.09136605262756348
[Rank 0] time (ms) | fwd: 318.50 | bwd: 803.56 | bwd_inner: 801.87 | bwd_allreduce: 1.64 | step: 91.11
Local>>>>>> step_time: 1.2196791172027588, dataloading_time : 0.0009071826934814453,forward_time :0.14875292778015137, backward_time: 0.9786438941955566, optim time :0.09137296676635742
[Rank 1] Step 15: loss=2.9574, time=1.220s, alloc_mem=32.86 GB, peak_mem=42.67 GB
[Rank 0] Step 15: loss=3.4101, time=1.220s, alloc_mem=32.86 GB, peak_mem=42.67 GB
[Rank 0] time (ms) | optimizer_step: 56.32
[Rank 0] time (ms) | fwd_microstep: 320.08 | bwd_microstep: 805.64 | bwd_inner_microstep: 803.92 | bwd_allreduce_microstep: 1.68 | step_microstep: 91.67
[Rank 0] time (ms) | fwd: 320.07 | bwd: 805.65 | bwd_inner: 803.93 | bwd_allreduce: 1.68 | step: 91.67
Local>>>>>> step_time: 1.224083423614502, dataloading_time : 0.0010786056518554688,forward_time :0.14806389808654785, backward_time: 0.9830136299133301, optim time :0.09192585945129395
Local>>>>>> step_time: 1.2241249084472656, dataloading_time : 0.0010557174682617188,forward_time :0.14664292335510254, backward_time: 0.9844293594360352, optim time :0.0919957160949707
[Rank 0] time (ms) | optimizer_step: 56.34
Local>>>>>> step_time: 1.222231388092041, dataloading_time : 0.001051187515258789,forward_time :0.16214680671691895, backward_time: 0.9679136276245117, optim time :0.09111833572387695[Rank 0] time (ms) | fwd_microstep: 321.91 | bwd_microstep: 802.90 | bwd_inner_microstep: 801.17 | bwd_allreduce_microstep: 1.68 | step_microstep: 90.92

[Rank 0] time (ms) | fwd: 321.90 | bwd: 802.91 | bwd_inner: 801.19 | bwd_allreduce: 1.68 | step: 90.93
Local>>>>>> step_time: 1.222343921661377, dataloading_time : 0.000982046127319336,forward_time :0.16325855255126953, backward_time: 0.9669191837310791, optim time :0.09118223190307617
[Rank 0] time (ms) | optimizer_step: 56.26
[Rank 0] time (ms) | fwd_microstep: 318.21 | bwd_microstep: 804.06 | bwd_inner_microstep: 800.77 | bwd_allreduce_microstep: 3.24 | step_microstep: 90.96
[Rank 0] time (ms) | fwd: 318.21 | bwd: 804.07 | bwd_inner: 800.78 | bwd_allreduce: 3.25 | step: 90.96
Local>>>>>> step_time: 1.2198822498321533, dataloading_time : 0.0010616779327392578,forward_time :0.1490952968597412, backward_time: 0.9785017967224121, optim time :0.09122133255004883
Local>>>>>> step_time: 1.2200181484222412, dataloading_time : 0.0008819103240966797,forward_time :0.14714431762695312, backward_time: 0.9806783199310303, optim time :0.09131169319152832
[Rank 0] time (ms) | optimizer_step: 56.26
[Rank 0] time (ms) | fwd_microstep: 320.97 | bwd_microstep: 809.41 | bwd_inner_microstep: 807.72 | bwd_allreduce_microstep: 1.64 | step_microstep: 90.62
[Rank 0] time (ms) | fwd: 320.96 | bwd: 809.42 | bwd_inner: 807.74 | bwd_allreduce: 1.64 | step: 90.62
Local>>>>>> step_time: 1.2277545928955078, dataloading_time : 0.0011649131774902344,forward_time :0.15190577507019043, backward_time: 0.9838027954101562, optim time :0.09087920188903809
Local>>>>>> step_time: 1.2277436256408691, dataloading_time : 0.000986337661743164,forward_time :0.1491563320159912, backward_time: 0.9866747856140137, optim time :0.09092450141906738
[Rank 0] Step 19: loss=2.9315, time=1.228s, alloc_mem=32.86 GB, peak_mem=42.67 GB
[Rank 1] Step 19: loss=2.6801, time=1.228s, alloc_mem=32.86 GB, peak_mem=42.67 GB

============================================================
[Rank 0] FINAL RESULTS
  Config: configs/bf16_full.json
  Model: hidden_dim=4096, num_layers=32
  Parameters: 6,858,007,633
  Batch size: 16, Seq length: 512
  Average step time: 1.220s
  Peak memory: 42.67 GB
  Final allocated memory: 32.86 GB
============================================================
SUMMARY: config=configs/bf16_full.json params=6858007633 peak_mem_bytes=45817247744 alloc_mem_bytes=35280693760 avg_step_time=1.2200

============================================================
[Rank 1] FINAL RESULTS
  Config: configs/bf16_full.json
  Model: hidden_dim=4096, num_layers=32
  Parameters: 6,858,007,633
  Batch size: 16, Seq length: 512
  Average step time: 1.220s
  Peak memory: 42.67 GB
  Final allocated memory: 32.86 GB
============================================================
SUMMARY: config=configs/bf16_full.json params=6858007633 peak_mem_bytes=45817247744 alloc_mem_bytes=35280693760 avg_step_time=1.2200
[rank0]:[W120 12:22:41.818503608 ProcessGroupNCCL.cpp:1250] Warning: WARNING: process group has NOT been destroyed before we destruct ProcessGroupNCCL. On normal program exit, the application should call destroy_process_group to ensure that any pending NCCL operations have finished in this process. In rare cases this process can exit before this point and block the progress of another member of the process group. This constraint has always been present,  but this warning has only been added since PyTorch 2.4 (function operator())
[2026-01-20 12:22:43,739] [INFO] [launch.py:367:main] Process 1961844 exits successfully.
[2026-01-20 12:22:43,739] [INFO] [launch.py:367:main] Process 1961845 exits successfully.

==============================================
All runs complete. Gathering results...
==============================================
================================================================================
BF16 Low-Precision Master Weights - Memory Usage Comparison
================================================================================

Configuration                            Peak Memory     Reduction       Step Time   
--------------------------------------------------------------------------------
Baseline (fp32 master)                   58.37 GB        -               1.1198s     
bf16_full (master + opt states)          42.67 GB        +26.9%          1.2200s     
--------------------------------------------------------------------------------

Detailed Results:
----------------------------------------

Baseline (fp32 master):
  Parameters: 6,858,007,633
  Peak Memory: 58.37 GB (62,670,607,872 bytes)
  Allocated Memory: 52.02 GB (55,861,300,224 bytes)
  Avg Step Time: 1.1198s

bf16_full (master + opt states):
  Parameters: 6,858,007,633
  Peak Memory: 42.67 GB (45,817,247,744 bytes)
  Allocated Memory: 32.86 GB (35,280,693,760 bytes)
  Avg Step Time: 1.2200s

================================================================================

Markdown Table (for README):
----------------------------------------

| Configuration | Peak Memory | Memory Reduction | Avg Step Time |
|---------------|-------------|------------------|---------------|
| Baseline (fp32 master) | 58.37 GB | - | 1.1198s |
| bf16_full (master + opt states) | 42.67 GB | +26.9% | 1.2200s |


Summary saved to: logs/20260120_121933/summary.txt

Results saved to: logs/20260120_121933/summary.txt
==============================================
