==============================================
BF16 Low-Precision Master Weights Memory Test
==============================================
Configuration:
  NUM_GPUS: 4
  NUM_LAYERS: 32
  HIDDEN_DIM: 4096
  BATCH_SIZE: 1
  SEQ_LENGTH: 512
  NUM_STEPS: 20
  LOG_DIR: logs/20260120_123016
==============================================

[1/2] Running BASELINE (bf16 with fp32 master weights/grads/optimizer states)...
----------------------------------------------
Warning: The cache directory for DeepSpeed Triton autotune, /home/bigyang/.triton/autotune, appears to be on an NFS system. While this is generally acceptable, if you experience slowdowns or hanging when DeepSpeed exits, it is recommended to set the TRITON_CACHE_DIR environment variable to a non-NFS path.
[2026-01-20 12:30:26,147] [WARNING] [runner.py:232:fetch_hostfile] Unable to find hostfile, will proceed with training with local resources only.
Detected VISIBLE_DEVICES=0,1,2,3 but ignoring it because one or several of --include/--exclude/--num_gpus/--num_nodes cl args were used. If you want to use CUDA_VISIBLE_DEVICES don't pass any of these arguments to deepspeed.
[2026-01-20 12:30:26,148] [INFO] [runner.py:630:main] cmd = /home/bigyang/micromamba/envs/ds-hf/bin/python -u -m deepspeed.launcher.launch --world_info=eyJsb2NhbGhvc3QiOiBbMCwgMSwgMiwgM119 --master_addr=127.0.0.1 --master_port=29600 --enable_each_rank_log=None --log_level=info train.py --deepspeed_config configs/baseline.json --num_layers 32 --hidden_dim 4096 --batch_size 1 --seq_length 512 --num_steps 20 --warmup_steps 5 --activation_checkpointing --use_real_data --seed 42
Warning: The cache directory for DeepSpeed Triton autotune, /home/bigyang/.triton/autotune, appears to be on an NFS system. While this is generally acceptable, if you experience slowdowns or hanging when DeepSpeed exits, it is recommended to set the TRITON_CACHE_DIR environment variable to a non-NFS path.
[2026-01-20 12:30:32,330] [INFO] [launch.py:162:main] WORLD INFO DICT: {'localhost': [0, 1, 2, 3]}
[2026-01-20 12:30:32,330] [INFO] [launch.py:168:main] nnodes=1, num_local_procs=4, node_rank=0
[2026-01-20 12:30:32,330] [INFO] [launch.py:179:main] global_rank_mapping=defaultdict(<class 'list'>, {'localhost': [0, 1, 2, 3]})
[2026-01-20 12:30:32,330] [INFO] [launch.py:180:main] dist_world_size=4
[2026-01-20 12:30:32,330] [INFO] [launch.py:184:main] Setting CUDA_VISIBLE_DEVICES=0,1,2,3
[2026-01-20 12:30:32,331] [INFO] [launch.py:272:main] process 1965365 spawned with command: ['/home/bigyang/micromamba/envs/ds-hf/bin/python', '-u', 'train.py', '--local_rank=0', '--deepspeed_config', 'configs/baseline.json', '--num_layers', '32', '--hidden_dim', '4096', '--batch_size', '1', '--seq_length', '512', '--num_steps', '20', '--warmup_steps', '5', '--activation_checkpointing', '--use_real_data', '--seed', '42']
[2026-01-20 12:30:32,332] [INFO] [launch.py:272:main] process 1965366 spawned with command: ['/home/bigyang/micromamba/envs/ds-hf/bin/python', '-u', 'train.py', '--local_rank=1', '--deepspeed_config', 'configs/baseline.json', '--num_layers', '32', '--hidden_dim', '4096', '--batch_size', '1', '--seq_length', '512', '--num_steps', '20', '--warmup_steps', '5', '--activation_checkpointing', '--use_real_data', '--seed', '42']
[2026-01-20 12:30:32,332] [INFO] [launch.py:272:main] process 1965367 spawned with command: ['/home/bigyang/micromamba/envs/ds-hf/bin/python', '-u', 'train.py', '--local_rank=2', '--deepspeed_config', 'configs/baseline.json', '--num_layers', '32', '--hidden_dim', '4096', '--batch_size', '1', '--seq_length', '512', '--num_steps', '20', '--warmup_steps', '5', '--activation_checkpointing', '--use_real_data', '--seed', '42']
[2026-01-20 12:30:32,333] [INFO] [launch.py:272:main] process 1965368 spawned with command: ['/home/bigyang/micromamba/envs/ds-hf/bin/python', '-u', 'train.py', '--local_rank=3', '--deepspeed_config', 'configs/baseline.json', '--num_layers', '32', '--hidden_dim', '4096', '--batch_size', '1', '--seq_length', '512', '--num_steps', '20', '--warmup_steps', '5', '--activation_checkpointing', '--use_real_data', '--seed', '42']
Warning: The cache directory for DeepSpeed Triton autotune, /home/bigyang/.triton/autotune, appears to be on an NFS system. While this is generally acceptable, if you experience slowdowns or hanging when DeepSpeed exits, it is recommended to set the TRITON_CACHE_DIR environment variable to a non-NFS path.
Warning: The cache directory for DeepSpeed Triton autotune, /home/bigyang/.triton/autotune, appears to be on an NFS system. While this is generally acceptable, if you experience slowdowns or hanging when DeepSpeed exits, it is recommended to set the TRITON_CACHE_DIR environment variable to a non-NFS path.
Warning: The cache directory for DeepSpeed Triton autotune, /home/bigyang/.triton/autotune, appears to be on an NFS system. While this is generally acceptable, if you experience slowdowns or hanging when DeepSpeed exits, it is recommended to set the TRITON_CACHE_DIR environment variable to a non-NFS path.
Warning: The cache directory for DeepSpeed Triton autotune, /home/bigyang/.triton/autotune, appears to be on an NFS system. While this is generally acceptable, if you experience slowdowns or hanging when DeepSpeed exits, it is recommended to set the TRITON_CACHE_DIR environment variable to a non-NFS path.
[Rank 0] Loading wikitext dataset...
[Rank 2] Loading wikitext dataset...
[Rank 1] Loading wikitext dataset...
[Rank 3] Loading wikitext dataset...
Warning: You are sending unauthenticated requests to the HF Hub. Please set a HF_TOKEN to enable higher rate limits and faster downloads.
Warning: You are sending unauthenticated requests to the HF Hub. Please set a HF_TOKEN to enable higher rate limits and faster downloads.
[Rank 3] Dataset loaded: 39531 examples, vocab_size=50257
[Rank 0] Dataset loaded: 39531 examples, vocab_size=50257
[Rank 3] Creating model with hidden_dim=4096, num_layers=32, num_heads=16, vocab_size=50257
[Rank 0] Creating model with hidden_dim=4096, num_layers=32, num_heads=16, vocab_size=50257
[Rank 2] Dataset loaded: 39531 examples, vocab_size=50257
[Rank 1] Dataset loaded: 39531 examples, vocab_size=50257
[Rank 2] Creating model with hidden_dim=4096, num_layers=32, num_heads=16, vocab_size=50257
[Rank 1] Creating model with hidden_dim=4096, num_layers=32, num_heads=16, vocab_size=50257
[Rank 0] Model parameters: 6,858,007,633 total, 6,858,007,633 trainable
[Rank 0] Activation checkpointing enabled
[Rank 2] Model parameters: 6,858,007,633 total, 6,858,007,633 trainable
[Rank 2] Activation checkpointing enabled
[Rank 3] Model parameters: 6,858,007,633 total, 6,858,007,633 trainable
[Rank 3] Activation checkpointing enabled
[Rank 1] Model parameters: 6,858,007,633 total, 6,858,007,633 trainable
[Rank 1] Activation checkpointing enabled
/home/bigyang/micromamba/envs/ds-hf/lib/python3.11/site-packages/torch/utils/cpp_extension.py:1964: UserWarning: TORCH_CUDA_ARCH_LIST is not set, all archs for visible cards are included for compilation. 
If this is not desired, please set os.environ['TORCH_CUDA_ARCH_LIST'].
  warnings.warn(
Stage 3 initialize beginning
MA 12.77 GB         Max_MA 12.77 GB         CA 12.79 GB         Max_CA 13 GB 
CPU Virtual Memory:  used = 23.98 GB, percent = 2.4%
DeepSpeedZeRoOffload initialize [begin]
MA 12.77 GB         Max_MA 13.54 GB         CA 13.56 GB         Max_CA 14 GB 
CPU Virtual Memory:  used = 24.07 GB, percent = 2.4%
Parameter Offload - Persistent parameters statistics: param_count = 0, numel = 0
DeepSpeedZeRoOffload initialize [end]
MA 3.19 GB         Max_MA 12.87 GB         CA 13.56 GB         Max_CA 14 GB 
CPU Virtual Memory:  used = 24.07 GB, percent = 2.4%
Before creating fp16 partitions
MA 3.19 GB         Max_MA 3.19 GB         CA 13.56 GB         Max_CA 14 GB 
CPU Virtual Memory:  used = 24.07 GB, percent = 2.4%
After creating fp16 partitions: 2
MA 3.19 GB         Max_MA 3.19 GB         CA 3.2 GB         Max_CA 14 GB 
CPU Virtual Memory:  used = 24.06 GB, percent = 2.4%
Before creating fp32 partitions
MA 3.19 GB         Max_MA 3.19 GB         CA 3.2 GB         Max_CA 3 GB 
CPU Virtual Memory:  used = 24.06 GB, percent = 2.4%
After creating fp32 partitions
MA 9.58 GB         Max_MA 13.34 GB         CA 13.35 GB         Max_CA 13 GB 
CPU Virtual Memory:  used = 24.06 GB, percent = 2.4%
Before initializing optimizer states
MA 9.58 GB         Max_MA 9.58 GB         CA 13.35 GB         Max_CA 13 GB 
CPU Virtual Memory:  used = 24.06 GB, percent = 2.4%
[Rank 0] time (ms) | init_optimizer_state: 0.00
After initializing optimizer states
MA 9.58 GB         Max_MA 13.34 GB         CA 17.1 GB         Max_CA 17 GB 
CPU Virtual Memory:  used = 24.06 GB, percent = 2.4%
[Rank 3] DeepSpeed initialized with config: configs/baseline.json
[Rank 3] Memory after init: allocated=12.87 GB, reserved=17.10 GB
[Rank 1] DeepSpeed initialized with config: configs/baseline.json
[Rank 1] Memory after init: allocated=12.87 GB, reserved=17.10 GB
[Rank 2] DeepSpeed initialized with config: configs/baseline.json
[Rank 2] Memory after init: allocated=12.87 GB, reserved=17.10 GB
After initializing ZeRO optimizer
MA 12.87 GB         Max_MA 13.63 GB         CA 17.1 GB         Max_CA 17 GB 
CPU Virtual Memory:  used = 24.11 GB, percent = 2.4%
[Rank 0] DeepSpeed initialized with config: configs/baseline.json
[Rank 0] Memory after init: allocated=12.87 GB, reserved=17.10 GB
[Rank 0] time (ms) | optimizer_step: 41.49
[Rank 0] time (ms) | fwd_microstep: 274.96 | bwd_microstep: 370.32 | bwd_inner_microstep: 368.71 | bwd_allreduce_microstep: 1.53 | step_microstep: 92.35
[Rank 0] time (ms) | fwd: 274.94 | bwd: 370.32 | bwd_inner: 368.70 | bwd_allreduce: 1.54 | step: 92.35
Local>>>>>> step_time: 1.6618225574493408, dataloading_time : 0.7766721248626709,forward_time :0.42070865631103516, backward_time: 0.37178516387939453, optim time :0.09265303611755371
Local>>>>>> step_time: 1.0490052700042725, dataloading_time : 0.30736422538757324,forward_time :0.27666354179382324, backward_time: 0.3723151683807373, optim time :0.09265947341918945
Local>>>>>> step_time: 1.665034532546997, dataloading_time : 0.7435595989227295,forward_time :0.45648837089538574, backward_time: 0.3722503185272217, optim time :0.09273314476013184
Local>>>>>> step_time: 1.609633445739746, dataloading_time : 0.7053518295288086,forward_time :0.43967247009277344, backward_time: 0.37181735038757324, optim time :0.0927879810333252
[Rank 0] Step 0: loss=11.1250, time=1.049s, alloc_mem=25.76 GB, peak_mem=28.39 GB
[Rank 1] Step 0: loss=11.0625, time=1.662s, alloc_mem=25.76 GB, peak_mem=28.39 GB
[Rank 3] Step 0: loss=11.1250, time=1.665s, alloc_mem=25.76 GB, peak_mem=28.39 GB
[Rank 2] Step 0: loss=11.1250, time=1.610s, alloc_mem=25.76 GB, peak_mem=28.39 GB
[Rank 0] time (ms) | optimizer_step: 37.17
[Rank 0] time (ms) | fwd_microstep: 186.13 | bwd_microstep: 325.94 | bwd_inner_microstep: 324.15 | bwd_allreduce_microstep: 1.70 | step_microstep: 57.81
[Rank 0] time (ms) | fwd: 186.12 | bwd: 325.93 | bwd_inner: 324.16 | bwd_allreduce: 1.70 | step: 57.81
Local>>>>>> step_time: 0.5727126598358154, dataloading_time : 0.0023834705352783203,forward_time :0.18470478057861328, backward_time: 0.32755422592163086, optim time :0.05806779861450195
Local>>>>>> step_time: 0.5727908611297607, dataloading_time : 0.002154827117919922,forward_time :0.18542051315307617, backward_time: 0.32712721824645996, optim time :0.05808568000793457
Local>>>>>> step_time: 0.5727949142456055, dataloading_time : 0.0017819404602050781,forward_time :0.18629121780395508, backward_time: 0.3266582489013672, optim time :0.05806112289428711Local>>>>>> step_time: 0.5726766586303711, dataloading_time : 0.002137422561645508,forward_time :0.186476469039917, backward_time: 0.3259859085083008, optim time :0.058073997497558594

[Rank 0] time (ms) | optimizer_step: 37.13
[Rank 0] time (ms) | fwd_microstep: 126.12 | bwd_microstep: 243.17 | bwd_inner_microstep: 240.36 | bwd_allreduce_microstep: 2.75 | step_microstep: 57.73
[Rank 0] time (ms) | fwd: 126.11 | bwd: 243.17 | bwd_inner: 240.38 | bwd_allreduce: 2.75 | step: 57.73
Local>>>>>> step_time: 0.427844762802124, dataloading_time : 0.0002613067626953125,forward_time :0.12368083000183105, backward_time: 0.24593472480773926, optim time :0.057965993881225586Local>>>>>> step_time: 0.42787718772888184, dataloading_time : 0.0001354217529296875,forward_time :0.12517809867858887, backward_time: 0.24457597732543945, optim time :0.05798530578613281

Local>>>>>> step_time: 0.4278838634490967, dataloading_time : 0.00020766258239746094,forward_time :0.1249237060546875, backward_time: 0.24475884437561035, optim time :0.05799150466918945
Local>>>>>> step_time: 0.4278700351715088, dataloading_time : 0.0002434253692626953,forward_time :0.12398171424865723, backward_time: 0.24564361572265625, optim time :0.0579988956451416
[Rank 0] time (ms) | optimizer_step: 37.16
[Rank 0] time (ms) | fwd_microstep: 125.51 | bwd_microstep: 246.08 | bwd_inner_microstep: 243.78 | bwd_allreduce_microstep: 2.25 | step_microstep: 57.82
Local>>>>>> step_time: 0.4310436248779297, dataloading_time : 0.001374959945678711,forward_time :0.12253785133361816, backward_time: 0.24909472465515137, optim time :0.05803370475769043
[Rank 0] time (ms) | fwd: 125.50 | bwd: 246.09 | bwd_inner: 243.79 | bwd_allreduce: 2.25 | step: 57.82
Local>>>>>> step_time: 0.43108463287353516, dataloading_time : 0.0013282299041748047,forward_time :0.12407493591308594, backward_time: 0.24759435653686523, optim time :0.05808448791503906
Local>>>>>> step_time: 0.43109130859375, dataloading_time : 0.001088857650756836,forward_time :0.12434601783752441, backward_time: 0.24757146835327148, optim time :0.05808258056640625
Local>>>>>> step_time: 0.431079626083374, dataloading_time : 0.0010824203491210938,forward_time :0.12367606163024902, backward_time: 0.24821877479553223, optim time :0.05810046195983887
[Rank 0] time (ms) | optimizer_step: 37.16
[Rank 0] time (ms) | fwd_microstep: 142.55 | bwd_microstep: 241.54 | bwd_inner_microstep: 239.05 | bwd_allreduce_microstep: 2.45 | step_microstep: 57.80
Local>>>>>> step_time: 0.442685604095459, dataloading_time : 0.00019669532775878906,forward_time :0.1397395133972168, backward_time: 0.24471354484558105, optim time :0.05803322792053223
Local>>>>>> step_time: 0.4426538944244385, dataloading_time : 0.0003046989440917969,forward_time :0.14123082160949707, backward_time: 0.24309301376342773, optim time :0.05802345275878906
Local>>>>>> step_time: 0.4426541328430176, dataloading_time : 0.0009288787841796875,forward_time :0.1412651538848877, backward_time: 0.24242353439331055, optim time :0.05803370475769043
[Rank 0] time (ms) | fwd: 142.54 | bwd: 241.55 | bwd_inner: 239.06 | bwd_allreduce: 2.45 | step: 57.80
Local>>>>>> step_time: 0.4426877498626709, dataloading_time : 0.00013780593872070312,forward_time :0.14137768745422363, backward_time: 0.24310851097106934, optim time :0.058062076568603516
[Rank 0] time (ms) | optimizer_step: 37.17
[Rank 0] time (ms) | fwd_microstep: 125.01 | bwd_microstep: 257.64 | bwd_inner_microstep: 254.90 | bwd_allreduce_microstep: 2.69 | step_microstep: 57.75
Local>>>>>> step_time: 0.44226527214050293, dataloading_time : 0.0010607242584228516,forward_time :0.12191057205200195, backward_time: 0.2613556385040283, optim time :0.05793619155883789
Local>>>>>> step_time: 0.4422910213470459, dataloading_time : 0.0010967254638671875,forward_time :0.12380552291870117, backward_time: 0.25939488410949707, optim time :0.05799150466918945
[Rank 0] time (ms) | fwd: 125.00 | bwd: 257.64 | bwd_inner: 254.91 | bwd_allreduce: 2.69 | step: 57.75
Local>>>>>> step_time: 0.44230008125305176, dataloading_time : 0.0013277530670166016,forward_time :0.1238393783569336, backward_time: 0.25912046432495117, optim time :0.05801033973693848
Local>>>>>> step_time: 0.44232988357543945, dataloading_time : 0.0012469291687011719,forward_time :0.12312650680541992, backward_time: 0.259932279586792, optim time :0.05802178382873535
[Rank 3] Step 5: loss=9.5625, time=0.442s, alloc_mem=25.76 GB, peak_mem=31.39 GB
[Rank 1] Step 5: loss=11.4375, time=0.442s, alloc_mem=25.76 GB, peak_mem=31.39 GB
[Rank 0] Step 5: loss=10.5000, time=0.442s, alloc_mem=25.76 GB, peak_mem=31.39 GB
[Rank 2] Step 5: loss=12.6250, time=0.442s, alloc_mem=25.76 GB, peak_mem=31.39 GB
[Rank 0] time (ms) | optimizer_step: 37.14
[Rank 0] time (ms) | fwd_microstep: 124.30 | bwd_microstep: 242.06 | bwd_inner_microstep: 239.43 | bwd_allreduce_microstep: 2.58 | step_microstep: 57.76
Local>>>>>> step_time: 0.42598628997802734, dataloading_time : 0.0010333061218261719,forward_time :0.12185430526733398, backward_time: 0.2451000213623047, optim time :0.057996511459350586
[Rank 0] time (ms) | fwd: 124.29 | bwd: 242.07 | bwd_inner: 239.45 | bwd_allreduce: 2.58 | step: 57.76
Local>>>>>> step_time: 0.4259774684906006, dataloading_time : 0.0012798309326171875,forward_time :0.12304401397705078, backward_time: 0.2436227798461914, optim time :0.058028459548950195
Local>>>>>> step_time: 0.4260141849517822, dataloading_time : 0.001107931137084961,forward_time :0.12393784523010254, backward_time: 0.24291014671325684, optim time :0.058055877685546875Local>>>>>> step_time: 0.4259934425354004, dataloading_time : 0.0010831356048583984,forward_time :0.12343192100524902, backward_time: 0.24341464042663574, optim time :0.05806159973144531

[Rank 0] time (ms) | optimizer_step: 37.13
[Rank 0] time (ms) | fwd_microstep: 125.63 | bwd_microstep: 243.13 | bwd_inner_microstep: 240.74 | bwd_allreduce_microstep: 2.34 | step_microstep: 57.77
[Rank 0] time (ms) | fwd: 125.63 | bwd: 243.13 | bwd_inner: 240.75 | bwd_allreduce: 2.34 | step: 57.77
Local>>>>>> step_time: 0.427931547164917, dataloading_time : 0.0008168220520019531,forward_time :0.12446713447570801, backward_time: 0.24460387229919434, optim time :0.05804109573364258
Local>>>>>> step_time: 0.42796993255615234, dataloading_time : 0.001138448715209961,forward_time :0.12225198745727539, backward_time: 0.24653363227844238, optim time :0.0580439567565918
Local>>>>>> step_time: 0.42793965339660645, dataloading_time : 0.0012135505676269531,forward_time :0.12418842315673828, backward_time: 0.2444617748260498, optim time :0.05807375907897949
Local>>>>>> step_time: 0.42795777320861816, dataloading_time : 0.0012052059173583984,forward_time :0.1232142448425293, backward_time: 0.24544835090637207, optim time :0.05808758735656738
[Rank 0] time (ms) | optimizer_step: 37.16
[Rank 0] time (ms) | fwd_microstep: 124.82 | bwd_microstep: 242.38 | bwd_inner_microstep: 240.08 | bwd_allreduce_microstep: 2.25 | step_microstep: 57.75
Local>>>>>> step_time: 0.42647457122802734, dataloading_time : 0.0010197162628173828,forward_time :0.12182044982910156, backward_time: 0.24567103385925293, optim time :0.057961225509643555
Local>>>>>> step_time: 0.4264414310455322, dataloading_time : 0.001004934310913086,forward_time :0.1240384578704834, backward_time: 0.2434065341949463, optim time :0.05798959732055664[Rank 0] time (ms) | fwd: 124.81 | bwd: 242.39 | bwd_inner: 240.09 | bwd_allreduce: 2.26 | step: 57.76

Local>>>>>> step_time: 0.4265296459197998, dataloading_time : 0.0010142326354980469,forward_time :0.12360525131225586, backward_time: 0.243896484375, optim time :0.05801200866699219
Local>>>>>> step_time: 0.42648983001708984, dataloading_time : 0.0012180805206298828,forward_time :0.12413454055786133, backward_time: 0.24312210083007812, optim time :0.0580134391784668
[Rank 0] time (ms) | optimizer_step: 37.42
[Rank 0] time (ms) | fwd_microstep: 140.59 | bwd_microstep: 243.38 | bwd_inner_microstep: 240.97 | bwd_allreduce_microstep: 2.36 | step_microstep: 58.27
Local>>>>>> step_time: 0.4438591003417969, dataloading_time : 0.0011298656463623047,forward_time :0.1390380859375, backward_time: 0.24519014358520508, optim time :0.05849909782409668
Local>>>>>> step_time: 0.44381070137023926, dataloading_time : 0.0011022090911865234,forward_time :0.14025259017944336, backward_time: 0.24394607543945312, optim time :0.058507680892944336
[Rank 0] time (ms) | fwd: 140.58 | bwd: 243.38 | bwd_inner: 240.98 | bwd_allreduce: 2.36 | step: 58.27
Local>>>>>> step_time: 0.44385647773742676, dataloading_time : 0.0011017322540283203,forward_time :0.13971328735351562, backward_time: 0.24451756477355957, optim time :0.058522701263427734
Local>>>>>> step_time: 0.44385838508605957, dataloading_time : 0.0010530948638916016,forward_time :0.1394047737121582, backward_time: 0.24487042427062988, optim time :0.05852818489074707
[Rank 0] time (ms) | optimizer_step: 37.12
[Rank 0] time (ms) | fwd_microstep: 124.59 | bwd_microstep: 242.26 | bwd_inner_microstep: 239.59 | bwd_allreduce_microstep: 2.62 | step_microstep: 57.69
[Rank 0] time (ms) | fwd: 124.58 | bwd: 242.26 | bwd_inner: 239.60 | bwd_allreduce: 2.62 | step: 57.69
Local>>>>>> step_time: 0.4263749122619629, dataloading_time : 0.0012726783752441406,forward_time :0.12336850166320801, backward_time: 0.24378013610839844, optim time :0.057951927185058594
Local>>>>>> step_time: 0.4264073371887207, dataloading_time : 0.0008008480072021484,forward_time :0.12350153923034668, backward_time: 0.24415183067321777, optim time :0.05795168876647949Local>>>>>> step_time: 0.42638349533081055, dataloading_time : 0.0010499954223632812,forward_time :0.12376785278320312, backward_time: 0.24361228942871094, optim time :0.05795145034790039

Local>>>>>> step_time: 0.42644453048706055, dataloading_time : 0.0017242431640625,forward_time :0.12344551086425781, backward_time: 0.24328160285949707, optim time :0.05799102783203125
[Rank 0] Step 10: loss=8.1875, time=0.426s, alloc_mem=25.76 GB, peak_mem=31.39 GB
[Rank 2] Step 10: loss=6.8125, time=0.426s, alloc_mem=25.76 GB, peak_mem=31.39 GB[Rank 3] Step 10: loss=3.2344, time=0.426s, alloc_mem=25.76 GB, peak_mem=31.39 GB

[Rank 1] Step 10: loss=6.3125, time=0.426s, alloc_mem=25.76 GB, peak_mem=31.39 GB
[Rank 0] time (ms) | optimizer_step: 37.14
[Rank 0] time (ms) | fwd_microstep: 123.99 | bwd_microstep: 244.41 | bwd_inner_microstep: 242.54 | bwd_allreduce_microstep: 1.81 | step_microstep: 57.88
Local>>>>>> step_time: 0.4278552532196045, dataloading_time : 0.0009028911590576172,forward_time :0.12373065948486328, backward_time: 0.245039701461792, optim time :0.05818033218383789
Local>>>>>> step_time: 0.42783141136169434, dataloading_time : 0.0009791851043701172,forward_time :0.12411141395568848, backward_time: 0.24460315704345703, optim time :0.058135271072387695
[Rank 0] time (ms) | fwd: 123.99 | bwd: 244.41 | bwd_inner: 242.56 | bwd_allreduce: 1.81 | step: 57.88
Local>>>>>> step_time: 0.42789220809936523, dataloading_time : 0.0009660720825195312,forward_time :0.12298011779785156, backward_time: 0.2457282543182373, optim time :0.05821561813354492Local>>>>>> step_time: 0.427919864654541, dataloading_time : 0.0010526180267333984,forward_time :0.12279391288757324, backward_time: 0.24591994285583496, optim time :0.0581507682800293

[Rank 0] time (ms) | optimizer_step: 37.15
[Rank 0] time (ms) | fwd_microstep: 125.83 | bwd_microstep: 242.16 | bwd_inner_microstep: 239.36 | bwd_allreduce_microstep: 2.76 | step_microstep: 57.75
Local>>>>>> step_time: 0.42729663848876953, dataloading_time : 0.0011985301971435547,forward_time :0.12316131591796875, backward_time: 0.24497127532958984, optim time :0.05796384811401367
[Rank 0] time (ms) | fwd: 125.83 | bwd: 242.17 | bwd_inner: 239.37 | bwd_allreduce: 2.76 | step: 57.75
Local>>>>>> step_time: 0.427356481552124, dataloading_time : 0.0010302066802978516,forward_time :0.12464261054992676, backward_time: 0.24367594718933105, optim time :0.05800604820251465
Local>>>>>> step_time: 0.4273998737335205, dataloading_time : 0.0010635852813720703,forward_time :0.12549710273742676, backward_time: 0.2427961826324463, optim time :0.05804109573364258
Local>>>>>> step_time: 0.42742061614990234, dataloading_time : 0.0010504722595214844,forward_time :0.12297224998474121, backward_time: 0.24535727500915527, optim time :0.058039188385009766
[Rank 0] time (ms) | optimizer_step: 37.17
[Rank 0] time (ms) | fwd_microstep: 125.27 | bwd_microstep: 242.01 | bwd_inner_microstep: 240.02 | bwd_allreduce_microstep: 1.93 | step_microstep: 57.77
Local>>>>>> step_time: 0.4263725280761719, dataloading_time : 0.0011391639709472656,forward_time :0.12270331382751465, backward_time: 0.2445683479309082, optim time :0.05796051025390625
Local>>>>>> step_time: 0.42649245262145996, dataloading_time : 0.001255035400390625,forward_time :0.12341737747192383, backward_time: 0.24382734298706055, optim time :0.05799078941345215
[Rank 0] time (ms) | fwd: 125.26 | bwd: 242.02 | bwd_inner: 240.04 | bwd_allreduce: 1.93 | step: 57.77
Local>>>>>> step_time: 0.42647600173950195, dataloading_time : 0.0008456707000732422,forward_time :0.1240835189819336, backward_time: 0.243516206741333, optim time :0.05802798271179199
Local>>>>>> step_time: 0.42644619941711426, dataloading_time : 0.0016055107116699219,forward_time :0.12404417991638184, backward_time: 0.24277901649475098, optim time :0.05801582336425781
[Rank 0] time (ms) | optimizer_step: 37.12
[Rank 0] time (ms) | fwd_microstep: 125.72 | bwd_microstep: 257.61 | bwd_inner_microstep: 255.07 | bwd_allreduce_microstep: 2.47 | step_microstep: 57.67
Local>>>>>> step_time: 0.44277095794677734, dataloading_time : 0.0010428428649902344,forward_time :0.1239004135131836, backward_time: 0.25990867614746094, optim time :0.05791807174682617[Rank 0] time (ms) | fwd: 125.71 | bwd: 257.61 | bwd_inner: 255.09 | bwd_allreduce: 2.47 | step: 57.67

Local>>>>>> step_time: 0.44272804260253906, dataloading_time : 0.0011348724365234375,forward_time :0.12450051307678223, backward_time: 0.25913453102111816, optim time :0.05795574188232422
Local>>>>>> step_time: 0.4427144527435303, dataloading_time : 0.001262664794921875,forward_time :0.12516212463378906, backward_time: 0.2583494186401367, optim time :0.057938575744628906
Local>>>>>> step_time: 0.4427657127380371, dataloading_time : 0.001129150390625,forward_time :0.12422394752502441, backward_time: 0.25945210456848145, optim time :0.05795860290527344
[Rank 0] time (ms) | optimizer_step: 37.15
[Rank 0] time (ms) | fwd_microstep: 124.40 | bwd_microstep: 245.04 | bwd_inner_microstep: 243.06 | bwd_allreduce_microstep: 1.92 | step_microstep: 57.95
Local>>>>>> step_time: 0.42906785011291504, dataloading_time : 0.001451253890991211,forward_time :0.12275433540344238, backward_time: 0.24668645858764648, optim time :0.05817461013793945
[Rank 0] time (ms) | fwd: 124.39 | bwd: 245.04 | bwd_inner: 243.08 | bwd_allreduce: 1.91 | step: 57.95
Local>>>>>> step_time: 0.4291388988494873, dataloading_time : 0.0011494159698486328,forward_time :0.1224820613861084, backward_time: 0.24737858772277832, optim time :0.05812692642211914Local>>>>>> step_time: 0.4291369915008545, dataloading_time : 0.0011720657348632812,forward_time :0.12319779396057129, backward_time: 0.2465498447418213, optim time :0.05821537971496582

Local>>>>>> step_time: 0.4291708469390869, dataloading_time : 0.0010242462158203125,forward_time :0.12599682807922363, backward_time: 0.24390268325805664, optim time :0.058245182037353516
[Rank 2] Step 15: loss=6.5625, time=0.429s, alloc_mem=25.76 GB, peak_mem=31.39 GB
[Rank 0] Step 15: loss=10.3125, time=0.429s, alloc_mem=25.76 GB, peak_mem=31.39 GB
[Rank 3] Step 15: loss=9.1250, time=0.429s, alloc_mem=25.76 GB, peak_mem=31.39 GB
[Rank 1] Step 15: loss=0.9258, time=0.429s, alloc_mem=25.76 GB, peak_mem=31.39 GB
[Rank 0] time (ms) | optimizer_step: 37.12
[Rank 0] time (ms) | fwd_microstep: 124.14 | bwd_microstep: 242.81 | bwd_inner_microstep: 239.55 | bwd_allreduce_microstep: 3.21 | step_microstep: 57.69
[Rank 0] time (ms) | fwd: 124.13 | bwd: 242.81 | bwd_inner: 239.56 | bwd_allreduce: 3.21 | step: 57.69
Local>>>>>> step_time: 0.4266202449798584, dataloading_time : 0.0010106563568115234,forward_time :0.12306737899780273, backward_time: 0.24460673332214355, optim time :0.057933807373046875
Local>>>>>> step_time: 0.4265940189361572, dataloading_time : 0.0013871192932128906,forward_time :0.12294292449951172, backward_time: 0.24431109428405762, optim time :0.05795145034790039
Local>>>>>> step_time: 0.4266018867492676, dataloading_time : 0.0010256767272949219,forward_time :0.12402653694152832, backward_time: 0.2435925006866455, optim time :0.057955265045166016
Local>>>>>> step_time: 0.4265737533569336, dataloading_time : 0.0012013912200927734,forward_time :0.12385678291320801, backward_time: 0.24355483055114746, optim time :0.05795931816101074
[Rank 0] time (ms) | optimizer_step: 37.14
[Rank 0] time (ms) | fwd_microstep: 124.21 | bwd_microstep: 242.62 | bwd_inner_microstep: 239.96 | bwd_allreduce_microstep: 2.61 | step_microstep: 57.71
[Rank 0] time (ms) | fwd: 124.20 | bwd: 242.63 | bwd_inner: 239.97 | bwd_allreduce: 2.62 | step: 57.72
Local>>>>>> step_time: 0.4261651039123535, dataloading_time : 0.0011510848999023438,forward_time :0.12288641929626465, backward_time: 0.24415326118469238, optim time :0.05797243118286133
Local>>>>>> step_time: 0.42619824409484863, dataloading_time : 0.0010602474212646484,forward_time :0.12317919731140137, backward_time: 0.24397611618041992, optim time :0.057981014251708984
Local>>>>>> step_time: 0.42615818977355957, dataloading_time : 0.0010557174682617188,forward_time :0.12371969223022461, backward_time: 0.24339604377746582, optim time :0.05798530578613281
Local>>>>>> step_time: 0.4262096881866455, dataloading_time : 0.001008749008178711,forward_time :0.12293004989624023, backward_time: 0.24428176879882812, optim time :0.057987213134765625
[Rank 0] time (ms) | optimizer_step: 37.16
[Rank 0] time (ms) | fwd_microstep: 129.77 | bwd_microstep: 251.50 | bwd_inner_microstep: 248.85 | bwd_allreduce_microstep: 2.53 | step_microstep: 57.76
[Rank 0] time (ms) | fwd: 129.76 | bwd: 251.47 | bwd_inner: 248.85 | bwd_allreduce: 2.53 | step: 57.76
Local>>>>>> step_time: 0.4425051212310791, dataloading_time : 0.0010523796081542969,forward_time :0.1296217441558838, backward_time: 0.25384092330932617, optim time :0.05798768997192383
Local>>>>>> step_time: 0.4425201416015625, dataloading_time : 0.0006878376007080078,forward_time :0.1250147819519043, backward_time: 0.2588210105895996, optim time :0.05799412727355957
Local>>>>>> step_time: 0.442523717880249, dataloading_time : 0.0010135173797607422,forward_time :0.13004803657531738, backward_time: 0.25344252586364746, optim time :0.05801701545715332
Local>>>>>> step_time: 0.44249796867370605, dataloading_time : 0.0012843608856201172,forward_time :0.1284036636352539, backward_time: 0.2547783851623535, optim time :0.0580289363861084
[Rank 0] time (ms) | optimizer_step: 37.35
[Rank 0] time (ms) | fwd_microstep: 125.04 | bwd_microstep: 243.62 | bwd_inner_microstep: 240.88 | bwd_allreduce_microstep: 2.70 | step_microstep: 59.13
Local>>>>>> step_time: 0.429490327835083, dataloading_time : 0.0011799335479736328,forward_time :0.12336182594299316, backward_time: 0.2455739974975586, optim time :0.05937314033508301
[Rank 0] time (ms) | fwd: 125.04 | bwd: 243.63 | bwd_inner: 240.89 | bwd_allreduce: 2.70 | step: 59.13
Local>>>>>> step_time: 0.4295339584350586, dataloading_time : 0.0011627674102783203,forward_time :0.12385368347167969, backward_time: 0.24512147903442383, optim time :0.05939459800720215
Local>>>>>> step_time: 0.4295501708984375, dataloading_time : 0.0010929107666015625,forward_time :0.1237187385559082, backward_time: 0.24531292915344238, optim time :0.05942416191101074
Local>>>>>> step_time: 0.42957234382629395, dataloading_time : 0.000989675521850586,forward_time :0.12286996841430664, backward_time: 0.2462780475616455, optim time :0.0594327449798584
[Rank 2] Step 19: loss=3.3438, time=0.429s, alloc_mem=25.76 GB, peak_mem=31.39 GB
[Rank 0] Step 19: loss=2.4844, time=0.430s, alloc_mem=25.76 GB, peak_mem=31.39 GB
[Rank 1] Step 19: loss=2.3438, time=0.430s, alloc_mem=25.76 GB, peak_mem=31.39 GB
[Rank 3] Step 19: loss=5.3438, time=0.430s, alloc_mem=25.76 GB, peak_mem=31.39 GB

============================================================
[Rank 2] FINAL RESULTS
  Config: configs/baseline.json
  Model: hidden_dim=4096, num_layers=32
  Parameters: 6,858,007,633

============================================================  Batch size: 1, Seq length: 512

[Rank 0] FINAL RESULTS
  Average step time: 0.431s  Config: configs/baseline.json

  Peak memory: 31.39 GB
  Final allocated memory: 25.76 GB  Model: hidden_dim=4096, num_layers=32

============================================================
  Parameters: 6,858,007,633SUMMARY: config=configs/baseline.json params=6858007633 peak_mem_bytes=33706929664 alloc_mem_bytes=27654925824 avg_step_time=0.4314

  Batch size: 1, Seq length: 512
  Average step time: 0.431s
  Peak memory: 31.39 GB
  Final allocated memory: 25.76 GB
============================================================
SUMMARY: config=configs/baseline.json params=6858007633 peak_mem_bytes=33706929664 alloc_mem_bytes=27654925824 avg_step_time=0.4314

============================================================
[Rank 1] FINAL RESULTS
  Config: configs/baseline.json
  Model: hidden_dim=4096, num_layers=32
  Parameters: 6,858,007,633
  Batch size: 1, Seq length: 512
  Average step time: 0.431s
  Peak memory: 31.39 GB
  Final allocated memory: 25.76 GB
============================================================
SUMMARY: config=configs/baseline.json params=6858007633 peak_mem_bytes=33706929664 alloc_mem_bytes=27654925824 avg_step_time=0.4314

============================================================
[Rank 3] FINAL RESULTS
  Config: configs/baseline.json
  Model: hidden_dim=4096, num_layers=32
  Parameters: 6,858,007,633
  Batch size: 1, Seq length: 512
  Average step time: 0.431s
  Peak memory: 31.39 GB
  Final allocated memory: 25.76 GB
============================================================
SUMMARY: config=configs/baseline.json params=6858007633 peak_mem_bytes=33706929664 alloc_mem_bytes=27654925824 avg_step_time=0.4314
[rank0]:[W120 12:31:35.046945271 ProcessGroupNCCL.cpp:1250] Warning: WARNING: process group has NOT been destroyed before we destruct ProcessGroupNCCL. On normal program exit, the application should call destroy_process_group to ensure that any pending NCCL operations have finished in this process. In rare cases this process can exit before this point and block the progress of another member of the process group. This constraint has always been present,  but this warning has only been added since PyTorch 2.4 (function operator())
[2026-01-20 12:31:36,345] [INFO] [launch.py:367:main] Process 1965367 exits successfully.
[2026-01-20 12:31:37,346] [INFO] [launch.py:367:main] Process 1965365 exits successfully.
[2026-01-20 12:31:37,346] [INFO] [launch.py:367:main] Process 1965368 exits successfully.
[2026-01-20 12:31:37,346] [INFO] [launch.py:367:main] Process 1965366 exits successfully.

[2/2] Running BF16_FULL (bf16 master weights, gradients, and optimizer states)...
----------------------------------------------
Warning: The cache directory for DeepSpeed Triton autotune, /home/bigyang/.triton/autotune, appears to be on an NFS system. While this is generally acceptable, if you experience slowdowns or hanging when DeepSpeed exits, it is recommended to set the TRITON_CACHE_DIR environment variable to a non-NFS path.
[2026-01-20 12:31:49,389] [WARNING] [runner.py:232:fetch_hostfile] Unable to find hostfile, will proceed with training with local resources only.
Detected VISIBLE_DEVICES=0,1,2,3 but ignoring it because one or several of --include/--exclude/--num_gpus/--num_nodes cl args were used. If you want to use CUDA_VISIBLE_DEVICES don't pass any of these arguments to deepspeed.
[2026-01-20 12:31:49,389] [INFO] [runner.py:630:main] cmd = /home/bigyang/micromamba/envs/ds-hf/bin/python -u -m deepspeed.launcher.launch --world_info=eyJsb2NhbGhvc3QiOiBbMCwgMSwgMiwgM119 --master_addr=127.0.0.1 --master_port=29600 --enable_each_rank_log=None --log_level=info train.py --deepspeed_config configs/bf16_full.json --num_layers 32 --hidden_dim 4096 --batch_size 1 --seq_length 512 --num_steps 20 --warmup_steps 5 --activation_checkpointing --use_real_data --seed 42
Warning: The cache directory for DeepSpeed Triton autotune, /home/bigyang/.triton/autotune, appears to be on an NFS system. While this is generally acceptable, if you experience slowdowns or hanging when DeepSpeed exits, it is recommended to set the TRITON_CACHE_DIR environment variable to a non-NFS path.
[2026-01-20 12:31:55,454] [INFO] [launch.py:162:main] WORLD INFO DICT: {'localhost': [0, 1, 2, 3]}
[2026-01-20 12:31:55,454] [INFO] [launch.py:168:main] nnodes=1, num_local_procs=4, node_rank=0
[2026-01-20 12:31:55,454] [INFO] [launch.py:179:main] global_rank_mapping=defaultdict(<class 'list'>, {'localhost': [0, 1, 2, 3]})
[2026-01-20 12:31:55,454] [INFO] [launch.py:180:main] dist_world_size=4
[2026-01-20 12:31:55,454] [INFO] [launch.py:184:main] Setting CUDA_VISIBLE_DEVICES=0,1,2,3
[2026-01-20 12:31:55,455] [INFO] [launch.py:272:main] process 1966734 spawned with command: ['/home/bigyang/micromamba/envs/ds-hf/bin/python', '-u', 'train.py', '--local_rank=0', '--deepspeed_config', 'configs/bf16_full.json', '--num_layers', '32', '--hidden_dim', '4096', '--batch_size', '1', '--seq_length', '512', '--num_steps', '20', '--warmup_steps', '5', '--activation_checkpointing', '--use_real_data', '--seed', '42']
[2026-01-20 12:31:55,456] [INFO] [launch.py:272:main] process 1966735 spawned with command: ['/home/bigyang/micromamba/envs/ds-hf/bin/python', '-u', 'train.py', '--local_rank=1', '--deepspeed_config', 'configs/bf16_full.json', '--num_layers', '32', '--hidden_dim', '4096', '--batch_size', '1', '--seq_length', '512', '--num_steps', '20', '--warmup_steps', '5', '--activation_checkpointing', '--use_real_data', '--seed', '42']
[2026-01-20 12:31:55,457] [INFO] [launch.py:272:main] process 1966736 spawned with command: ['/home/bigyang/micromamba/envs/ds-hf/bin/python', '-u', 'train.py', '--local_rank=2', '--deepspeed_config', 'configs/bf16_full.json', '--num_layers', '32', '--hidden_dim', '4096', '--batch_size', '1', '--seq_length', '512', '--num_steps', '20', '--warmup_steps', '5', '--activation_checkpointing', '--use_real_data', '--seed', '42']
[2026-01-20 12:31:55,457] [INFO] [launch.py:272:main] process 1966737 spawned with command: ['/home/bigyang/micromamba/envs/ds-hf/bin/python', '-u', 'train.py', '--local_rank=3', '--deepspeed_config', 'configs/bf16_full.json', '--num_layers', '32', '--hidden_dim', '4096', '--batch_size', '1', '--seq_length', '512', '--num_steps', '20', '--warmup_steps', '5', '--activation_checkpointing', '--use_real_data', '--seed', '42']
Warning: The cache directory for DeepSpeed Triton autotune, /home/bigyang/.triton/autotune, appears to be on an NFS system. While this is generally acceptable, if you experience slowdowns or hanging when DeepSpeed exits, it is recommended to set the TRITON_CACHE_DIR environment variable to a non-NFS path.
Warning: The cache directory for DeepSpeed Triton autotune, /home/bigyang/.triton/autotune, appears to be on an NFS system. While this is generally acceptable, if you experience slowdowns or hanging when DeepSpeed exits, it is recommended to set the TRITON_CACHE_DIR environment variable to a non-NFS path.
Warning: The cache directory for DeepSpeed Triton autotune, /home/bigyang/.triton/autotune, appears to be on an NFS system. While this is generally acceptable, if you experience slowdowns or hanging when DeepSpeed exits, it is recommended to set the TRITON_CACHE_DIR environment variable to a non-NFS path.
Warning: The cache directory for DeepSpeed Triton autotune, /home/bigyang/.triton/autotune, appears to be on an NFS system. While this is generally acceptable, if you experience slowdowns or hanging when DeepSpeed exits, it is recommended to set the TRITON_CACHE_DIR environment variable to a non-NFS path.
[Rank 1] Loading wikitext dataset...
[Rank 3] Loading wikitext dataset...
[Rank 0] Loading wikitext dataset...
[Rank 2] Loading wikitext dataset...
Warning: You are sending unauthenticated requests to the HF Hub. Please set a HF_TOKEN to enable higher rate limits and faster downloads.
Warning: You are sending unauthenticated requests to the HF Hub. Please set a HF_TOKEN to enable higher rate limits and faster downloads.
[Rank 0] Dataset loaded: 39531 examples, vocab_size=50257
[Rank 0] Creating model with hidden_dim=4096, num_layers=32, num_heads=16, vocab_size=50257
[Rank 2] Dataset loaded: 39531 examples, vocab_size=50257
[Rank 2] Creating model with hidden_dim=4096, num_layers=32, num_heads=16, vocab_size=50257
[Rank 1] Dataset loaded: 39531 examples, vocab_size=50257
[Rank 1] Creating model with hidden_dim=4096, num_layers=32, num_heads=16, vocab_size=50257
[Rank 3] Dataset loaded: 39531 examples, vocab_size=50257
[Rank 3] Creating model with hidden_dim=4096, num_layers=32, num_heads=16, vocab_size=50257
[Rank 0] Model parameters: 6,858,007,633 total, 6,858,007,633 trainable
[Rank 0] Activation checkpointing enabled
[Rank 2] Model parameters: 6,858,007,633 total, 6,858,007,633 trainable
[Rank 2] Activation checkpointing enabled
[Rank 1] Model parameters: 6,858,007,633 total, 6,858,007,633 trainable
[Rank 1] Activation checkpointing enabled
[Rank 3] Model parameters: 6,858,007,633 total, 6,858,007,633 trainable
[Rank 3] Activation checkpointing enabled
/home/bigyang/micromamba/envs/ds-hf/lib/python3.11/site-packages/torch/utils/cpp_extension.py:1964: UserWarning: TORCH_CUDA_ARCH_LIST is not set, all archs for visible cards are included for compilation. 
If this is not desired, please set os.environ['TORCH_CUDA_ARCH_LIST'].
  warnings.warn(
Stage 3 initialize beginning
MA 12.77 GB         Max_MA 12.77 GB         CA 12.79 GB         Max_CA 13 GB 
CPU Virtual Memory:  used = 23.98 GB, percent = 2.4%
DeepSpeedZeRoOffload initialize [begin]
MA 12.77 GB         Max_MA 13.54 GB         CA 13.56 GB         Max_CA 14 GB 
CPU Virtual Memory:  used = 24.07 GB, percent = 2.4%
Parameter Offload - Persistent parameters statistics: param_count = 0, numel = 0
DeepSpeedZeRoOffload initialize [end]
MA 3.19 GB         Max_MA 12.87 GB         CA 13.56 GB         Max_CA 14 GB 
CPU Virtual Memory:  used = 24.07 GB, percent = 2.4%
Before creating fp16 partitions
MA 3.19 GB         Max_MA 3.19 GB         CA 13.56 GB         Max_CA 14 GB 
CPU Virtual Memory:  used = 24.08 GB, percent = 2.4%
After creating fp16 partitions: 2
MA 3.19 GB         Max_MA 3.19 GB         CA 3.2 GB         Max_CA 14 GB 
CPU Virtual Memory:  used = 24.07 GB, percent = 2.4%
Before creating fp32 partitions
MA 3.19 GB         Max_MA 3.19 GB         CA 3.2 GB         Max_CA 3 GB 
CPU Virtual Memory:  used = 24.07 GB, percent = 2.4%
After creating fp32 partitions
MA 6.39 GB         Max_MA 6.39 GB         CA 6.39 GB         Max_CA 6 GB 
CPU Virtual Memory:  used = 24.07 GB, percent = 2.4%
Before initializing optimizer states
MA 6.39 GB         Max_MA 6.39 GB         CA 6.39 GB         Max_CA 6 GB 
CPU Virtual Memory:  used = 24.07 GB, percent = 2.4%
[Rank 0] time (ms) | init_optimizer_state: 0.00
After initializing optimizer states
MA 6.39 GB         Max_MA 8.27 GB         CA 8.27 GB         Max_CA 8 GB 
CPU Virtual Memory:  used = 24.07 GB, percent = 2.4%
[Rank 3] DeepSpeed initialized with config: configs/bf16_full.json
[Rank 3] Memory after init: allocated=9.67 GB, reserved=11.47 GB
[Rank 2] DeepSpeed initialized with config: configs/bf16_full.json
[Rank 2] Memory after init: allocated=9.67 GB, reserved=11.47 GB
[Rank 1] DeepSpeed initialized with config: configs/bf16_full.json
[Rank 1] Memory after init: allocated=9.67 GB, reserved=11.47 GB
After initializing ZeRO optimizer
MA 9.67 GB         Max_MA 10.44 GB         CA 11.47 GB         Max_CA 11 GB 
CPU Virtual Memory:  used = 24.18 GB, percent = 2.4%
[Rank 0] DeepSpeed initialized with config: configs/bf16_full.json
[Rank 0] Memory after init: allocated=9.67 GB, reserved=11.47 GB
[Rank 0] time (ms) | optimizer_step: 45.71
[Rank 0] time (ms) | fwd_microstep: 350.26 | bwd_microstep: 389.47 | bwd_inner_microstep: 387.87 | bwd_allreduce_microstep: 1.53 | step_microstep: 96.51
[Rank 0] time (ms) | fwd: 350.25 | bwd: 389.47 | bwd_inner: 387.86 | bwd_allreduce: 1.53 | step: 96.51
Local>>>>>> step_time: 1.173710823059082, dataloading_time : 0.3335380554199219,forward_time :0.3521854877471924, backward_time: 0.39115452766418457, optim time :0.09682989120483398
[Rank 0] Step 0: loss=11.1138, time=1.174s, alloc_mem=16.17 GB, peak_mem=17.49 GB
Local>>>>>> step_time: 1.6318180561065674, dataloading_time : 0.04084897041320801,forward_time :1.0973482131958008, backward_time: 0.3962099552154541, optim time :0.09740805625915527
[Rank 3] Step 0: loss=11.1210, time=1.632s, alloc_mem=16.17 GB, peak_mem=17.49 GB
Local>>>>>> step_time: 1.6564640998840332, dataloading_time : 0.05661273002624512,forward_time :1.0979070663452148, backward_time: 0.39556121826171875, optim time :0.10637998580932617
[Rank 1] Step 0: loss=11.0393, time=1.656s, alloc_mem=16.17 GB, peak_mem=17.49 GB
Local>>>>>> step_time: 1.6367988586425781, dataloading_time : 0.2751784324645996,forward_time :0.8507792949676514, backward_time: 0.3962514400482178, optim time :0.11458659172058105
[Rank 2] Step 0: loss=11.1179, time=1.637s, alloc_mem=16.17 GB, peak_mem=17.49 GB
[Rank 0] time (ms) | optimizer_step: 29.40
[Rank 0] time (ms) | fwd_microstep: 255.91 | bwd_microstep: 335.05 | bwd_inner_microstep: 331.75 | bwd_allreduce_microstep: 3.24 | step_microstep: 50.07
Local>>>>>> step_time: 0.625983715057373, dataloading_time : 0.0017876625061035156,forward_time :0.2400059700012207, backward_time: 0.33394551277160645, optim time :0.05024242401123047
[Rank 0] time (ms) | fwd: 255.90 | bwd: 335.05 | bwd_inner: 331.77 | bwd_allreduce: 3.24 | step: 50.07
Local>>>>>> step_time: 0.6438331604003906, dataloading_time : 0.0017321109771728516,forward_time :0.255387544631958, backward_time: 0.33637475967407227, optim time :0.050336360931396484
Local>>>>>> step_time: 0.634293794631958, dataloading_time : 0.001961231231689453,forward_time :0.2456834316253662, backward_time: 0.33629608154296875, optim time :0.05035042762756348
Local>>>>>> step_time: 0.6432721614837646, dataloading_time : 0.0020568370819091797,forward_time :0.25774717330932617, backward_time: 0.3331031799316406, optim time :0.05036306381225586
[Rank 0] time (ms) | optimizer_step: 28.26
[Rank 0] time (ms) | fwd_microstep: 129.23 | bwd_microstep: 251.36 | bwd_inner_microstep: 248.32 | bwd_allreduce_microstep: 2.99 | step_microstep: 48.93Local>>>>>> step_time: 0.4314284324645996, dataloading_time : 0.00014162063598632812,forward_time :0.12995600700378418, backward_time: 0.25220489501953125, optim time :0.049124717712402344

Local>>>>>> step_time: 0.43134188652038574, dataloading_time : 0.0001308917999267578,forward_time :0.12933897972106934, backward_time: 0.2527329921722412, optim time :0.04913663864135742
[Rank 0] time (ms) | fwd: 129.22 | bwd: 251.36 | bwd_inner: 248.33 | bwd_allreduce: 2.99 | step: 48.93
Local>>>>>> step_time: 0.43140339851379395, dataloading_time : 0.0002837181091308594,forward_time :0.12972402572631836, backward_time: 0.25220251083374023, optim time :0.049190521240234375
Local>>>>>> step_time: 0.43143701553344727, dataloading_time : 0.0010306835174560547,forward_time :0.1281578540802002, backward_time: 0.2530515193939209, optim time :0.0491943359375
[Rank 0] time (ms) | optimizer_step: 28.25
[Rank 0] time (ms) | fwd_microstep: 128.03 | bwd_microstep: 254.71 | bwd_inner_microstep: 251.75 | bwd_allreduce_microstep: 2.92 | step_microstep: 48.95
Local>>>>>> step_time: 0.433734655380249, dataloading_time : 0.0010538101196289062,forward_time :0.1283273696899414, backward_time: 0.255206823348999, optim time :0.04914522171020508
Local>>>>>> step_time: 0.4337351322174072, dataloading_time : 0.0011341571807861328,forward_time :0.12807536125183105, backward_time: 0.2553572654724121, optim time :0.049165964126586914
[Rank 0] time (ms) | fwd: 128.02 | bwd: 254.72 | bwd_inner: 251.76 | bwd_allreduce: 2.92 | step: 48.95
Local>>>>>> step_time: 0.433734655380249, dataloading_time : 0.001264810562133789,forward_time :0.1269843578338623, backward_time: 0.2562704086303711, optim time :0.04921221733093262
Local>>>>>> step_time: 0.4337766170501709, dataloading_time : 0.0013163089752197266,forward_time :0.12845993041992188, backward_time: 0.2547438144683838, optim time :0.04925417900085449
[Rank 0] time (ms) | optimizer_step: 28.30
Local>>>>>> step_time: 0.44614553451538086, dataloading_time : 0.00019502639770507812,forward_time :0.12898826599121094, backward_time: 0.267864465713501, optim time :0.04909563064575195
Local>>>>>> step_time: 0.44612741470336914, dataloading_time : 0.00012612342834472656,forward_time :0.12830400466918945, backward_time: 0.26858043670654297, optim time :0.04911446571350098
[Rank 0] time (ms) | fwd_microstep: 128.33 | bwd_microstep: 267.30 | bwd_inner_microstep: 264.37 | bwd_allreduce_microstep: 2.88 | step_microstep: 48.93
Local>>>>>> step_time: 0.44611454010009766, dataloading_time : 0.00018477439880371094,forward_time :0.1291203498840332, backward_time: 0.26763916015625, optim time :0.04916834831237793
[Rank 0] time (ms) | fwd: 128.32 | bwd: 267.31 | bwd_inner: 264.38 | bwd_allreduce: 2.89 | step: 48.94
Local>>>>>> step_time: 0.44619202613830566, dataloading_time : 0.0008556842803955078,forward_time :0.12718439102172852, backward_time: 0.2689516544342041, optim time :0.049198150634765625
[Rank 0] time (ms) | optimizer_step: 28.32
Local>>>>>> step_time: 0.43082714080810547, dataloading_time : 0.0011408329010009766,forward_time :0.12784552574157715, backward_time: 0.25276756286621094, optim time :0.04907083511352539
Local>>>>>> step_time: 0.4307727813720703, dataloading_time : 0.0011208057403564453,forward_time :0.12851595878601074, backward_time: 0.2520325183868408, optim time :0.04910111427307129
Local>>>>>> step_time: 0.43087100982666016, dataloading_time : 0.0010831356048583984,forward_time :0.12843990325927734, backward_time: 0.25223326683044434, optim time :0.049112796783447266[Rank 0] time (ms) | fwd_microstep: 128.49 | bwd_microstep: 251.81 | bwd_inner_microstep: 248.73 | bwd_allreduce_microstep: 3.02 | step_microstep: 48.94

[Rank 0] time (ms) | fwd: 128.49 | bwd: 251.81 | bwd_inner: 248.75 | bwd_allreduce: 3.02 | step: 48.94
Local>>>>>> step_time: 0.4308605194091797, dataloading_time : 0.0008623600006103516,forward_time :0.12740492820739746, backward_time: 0.25339341163635254, optim time :0.049198150634765625
[Rank 3] Step 5: loss=17.1066, time=0.431s, alloc_mem=16.17 GB, peak_mem=18.91 GB
[Rank 1] Step 5: loss=16.3757, time=0.431s, alloc_mem=16.17 GB, peak_mem=18.91 GB
[Rank 2] Step 5: loss=15.8936, time=0.431s, alloc_mem=16.17 GB, peak_mem=18.91 GB
[Rank 0] Step 5: loss=16.6647, time=0.431s, alloc_mem=16.17 GB, peak_mem=18.91 GB
[Rank 0] time (ms) | optimizer_step: 28.27
[Rank 0] time (ms) | fwd_microstep: 145.96 | bwd_microstep: 251.47 | bwd_inner_microstep: 248.23 | bwd_allreduce_microstep: 3.15 | step_microstep: 48.94
Local>>>>>> step_time: 0.4481022357940674, dataloading_time : 0.0009846687316894531,forward_time :0.14672422409057617, backward_time: 0.2512552738189697, optim time :0.04913616180419922
Local>>>>>> step_time: 0.44817423820495605, dataloading_time : 0.0010912418365478516,forward_time :0.14542365074157715, backward_time: 0.25250887870788574, optim time :0.049147844314575195
Local>>>>>> step_time: 0.4481699466705322, dataloading_time : 0.0010581016540527344,forward_time :0.14600443840026855, backward_time: 0.2519407272338867, optim time :0.049164533615112305
[Rank 0] time (ms) | fwd: 145.95 | bwd: 251.47 | bwd_inner: 248.28 | bwd_allreduce: 3.15 | step: 48.94
Local>>>>>> step_time: 0.44812464714050293, dataloading_time : 0.0009930133819580078,forward_time :0.14481639862060547, backward_time: 0.2531144618988037, optim time :0.04919862747192383
[Rank 0] time (ms) | optimizer_step: 28.28
Local>>>>>> step_time: 0.4320557117462158, dataloading_time : 0.0011396408081054688,forward_time :0.12796711921691895, backward_time: 0.2537858486175537, optim time :0.04916071891784668
[Rank 0] time (ms) | fwd_microstep: 129.17 | bwd_microstep: 252.44 | bwd_inner_microstep: 249.26 | bwd_allreduce_microstep: 3.12 | step_microstep: 49.00
Local>>>>>> step_time: 0.4321303367614746, dataloading_time : 0.0007619857788085938,forward_time :0.12818694114685059, backward_time: 0.25394487380981445, optim time :0.04923439025878906Local>>>>>> step_time: 0.43212103843688965, dataloading_time : 0.0011174678802490234,forward_time :0.1279768943786621, backward_time: 0.2537872791290283, optim time :0.049237728118896484

[Rank 0] time (ms) | fwd: 129.16 | bwd: 252.44 | bwd_inner: 249.27 | bwd_allreduce: 3.12 | step: 49.00
Local>>>>>> step_time: 0.4321253299713135, dataloading_time : 0.0007374286651611328,forward_time :0.12810611724853516, backward_time: 0.25399160385131836, optim time :0.049288272857666016
[Rank 0] time (ms) | optimizer_step: 28.28
Local>>>>>> step_time: 0.4301795959472656, dataloading_time : 0.0010151863098144531,forward_time :0.12829208374023438, backward_time: 0.2518448829650879, optim time :0.049025535583496094
[Rank 0] time (ms) | fwd_microstep: 127.59 | bwd_microstep: 251.97 | bwd_inner_microstep: 248.88 | bwd_allreduce_microstep: 3.03 | step_microstep: 48.89
Local>>>>>> step_time: 0.43013906478881836, dataloading_time : 0.0010561943054199219,forward_time :0.1276555061340332, backward_time: 0.2523384094238281, optim time :0.0490872859954834
Local>>>>>> step_time: 0.43015456199645996, dataloading_time : 0.0010497570037841797,forward_time :0.12817621231079102, backward_time: 0.25184035301208496, optim time :0.049086570739746094
[Rank 0] time (ms) | fwd: 127.59 | bwd: 251.97 | bwd_inner: 248.90 | bwd_allreduce: 3.03 | step: 48.89
Local>>>>>> step_time: 0.4301786422729492, dataloading_time : 0.0009677410125732422,forward_time :0.12646484375, backward_time: 0.2535977363586426, optim time :0.04914712905883789
[Rank 0] time (ms) | optimizer_step: 28.26
Local>>>>>> step_time: 0.4304828643798828, dataloading_time : 0.000997304916381836,forward_time :0.12832355499267578, backward_time: 0.2521829605102539, optim time :0.04897761344909668
[Rank 0] time (ms) | fwd_microstep: 128.14 | bwd_microstep: 251.75 | bwd_inner_microstep: 248.53 | bwd_allreduce_microstep: 3.18 | step_microstep: 48.84
Local>>>>>> step_time: 0.43050241470336914, dataloading_time : 0.0009903907775878906,forward_time :0.1279313564300537, backward_time: 0.2525320053100586, optim time :0.049047231674194336
Local>>>>>> step_time: 0.4304964542388916, dataloading_time : 0.001321554183959961,forward_time :0.12832951545715332, backward_time: 0.25179028511047363, optim time :0.04905390739440918
[Rank 0] time (ms) | fwd: 128.13 | bwd: 251.76 | bwd_inner: 248.54 | bwd_allreduce: 3.18 | step: 48.85
Local>>>>>> step_time: 0.4304847717285156, dataloading_time : 0.000993490219116211,forward_time :0.12704801559448242, backward_time: 0.2533440589904785, optim time :0.04909801483154297
[Rank 0] time (ms) | optimizer_step: 28.28
Local>>>>>> step_time: 0.43091344833374023, dataloading_time : 0.0009200572967529297,forward_time :0.1281588077545166, backward_time: 0.2526538372039795, optim time :0.0491793155670166
[Rank 0] time (ms) | fwd_microstep: 127.59 | bwd_microstep: 252.51 | bwd_inner_microstep: 249.23 | bwd_allreduce_microstep: 3.24 | step_microstep: 48.98
Local>>>>>> step_time: 0.43088364601135254, dataloading_time : 0.0010101795196533203,forward_time :0.12818670272827148, backward_time: 0.25246167182922363, optim time :0.04922318458557129
Local>>>>>> step_time: 0.4308888912200928, dataloading_time : 0.0009610652923583984,forward_time :0.12823009490966797, backward_time: 0.2524724006652832, optim time :0.04922366142272949
[Rank 0] time (ms) | fwd: 127.59 | bwd: 252.51 | bwd_inner: 249.24 | bwd_allreduce: 3.24 | step: 48.98
Local>>>>>> step_time: 0.43091416358947754, dataloading_time : 0.0010218620300292969,forward_time :0.1264481544494629, backward_time: 0.2541661262512207, optim time :0.04927706718444824
[Rank 2] Step 10: loss=5.3659, time=0.431s, alloc_mem=16.17 GB, peak_mem=18.91 GB
[Rank 3] Step 10: loss=2.5816, time=0.431s, alloc_mem=16.17 GB, peak_mem=18.91 GB
[Rank 1] Step 10: loss=4.9870, time=0.431s, alloc_mem=16.17 GB, peak_mem=18.91 GB
[Rank 0] Step 10: loss=6.4958, time=0.431s, alloc_mem=16.17 GB, peak_mem=18.91 GB
[Rank 0] time (ms) | optimizer_step: 28.30
Local>>>>>> step_time: 0.45232677459716797, dataloading_time : 0.0010352134704589844,forward_time :0.14541888236999512, backward_time: 0.2567412853240967, optim time :0.04913020133972168
Local>>>>>> step_time: 0.4523282051086426, dataloading_time : 0.0011224746704101562,forward_time :0.14554166793823242, backward_time: 0.25648999214172363, optim time :0.049172163009643555Local>>>>>> step_time: 0.45233941078186035, dataloading_time : 0.0011396408081054688,forward_time :0.14430856704711914, backward_time: 0.2577047348022461, optim time :0.049184560775756836

[Rank 0] time (ms) | fwd_microstep: 144.82 | bwd_microstep: 255.98 | bwd_inner_microstep: 252.58 | bwd_allreduce_microstep: 3.34 | step_microstep: 49.03
[Rank 0] time (ms) | fwd: 144.81 | bwd: 255.99 | bwd_inner: 252.59 | bwd_allreduce: 3.35 | step: 49.03
Local>>>>>> step_time: 0.45239877700805664, dataloading_time : 0.0017688274383544922,forward_time :0.14375853538513184, backward_time: 0.25757670402526855, optim time :0.049292564392089844
[Rank 0] time (ms) | optimizer_step: 28.27
Local>>>>>> step_time: 0.4335365295410156, dataloading_time : 0.0009789466857910156,forward_time :0.12918376922607422, backward_time: 0.2543447017669678, optim time :0.049027204513549805
[Rank 0] time (ms) | fwd_microstep: 129.42 | bwd_microstep: 253.63 | bwd_inner_microstep: 250.24 | bwd_allreduce_microstep: 3.33 | step_microstep: 48.85Local>>>>>> step_time: 0.4334995746612549, dataloading_time : 0.001249074935913086,forward_time :0.12867140769958496, backward_time: 0.2545332908630371, optim time :0.049044132232666016

Local>>>>>> step_time: 0.4335207939147949, dataloading_time : 0.0011966228485107422,forward_time :0.1289370059967041, backward_time: 0.25432658195495605, optim time :0.04905867576599121
[Rank 0] time (ms) | fwd: 129.42 | bwd: 253.63 | bwd_inner: 250.26 | bwd_allreduce: 3.34 | step: 48.85
Local>>>>>> step_time: 0.43347930908203125, dataloading_time : 0.0007944107055664062,forward_time :0.12833070755004883, backward_time: 0.2552375793457031, optim time :0.04911541938781738
[Rank 0] time (ms) | optimizer_step: 28.29
Local>>>>>> step_time: 0.4300844669342041, dataloading_time : 0.0010387897491455078,forward_time :0.1281578540802002, backward_time: 0.2519083023071289, optim time :0.04897737503051758
Local>>>>>> step_time: 0.4301159381866455, dataloading_time : 0.001077890396118164,forward_time :0.12721586227416992, backward_time: 0.2527892589569092, optim time :0.04903101921081543[Rank 0] time (ms) | fwd_microstep: 128.23 | bwd_microstep: 251.26 | bwd_inner_microstep: 248.03 | bwd_allreduce_microstep: 3.19 | step_microstep: 48.84

Local>>>>>> step_time: 0.4301412105560303, dataloading_time : 0.0010499954223632812,forward_time :0.1277616024017334, backward_time: 0.2522552013397217, optim time :0.049073219299316406
[Rank 0] time (ms) | fwd: 128.23 | bwd: 251.27 | bwd_inner: 248.04 | bwd_allreduce: 3.19 | step: 48.85
Local>>>>>> step_time: 0.43012261390686035, dataloading_time : 0.0010209083557128906,forward_time :0.12716245651245117, backward_time: 0.25283312797546387, optim time :0.04910469055175781
[Rank 0] time (ms) | optimizer_step: 28.29
Local>>>>>> step_time: 0.44772791862487793, dataloading_time : 0.0010590553283691406,forward_time :0.12915921211242676, backward_time: 0.2683980464935303, optim time :0.04910993576049805
[Rank 0] time (ms) | fwd_microstep: 129.27 | bwd_microstep: 266.91 | bwd_inner_microstep: 263.69 | bwd_allreduce_microstep: 3.18 | step_microstep: 48.98
Local>>>>>> step_time: 0.4477100372314453, dataloading_time : 0.0010409355163574219,forward_time :0.12914562225341797, backward_time: 0.26834869384765625, optim time :0.04917311668395996Local>>>>>> step_time: 0.4477567672729492, dataloading_time : 0.0010333061218261719,forward_time :0.12908196449279785, backward_time: 0.26847195625305176, optim time :0.04916810989379883

[Rank 0] time (ms) | fwd: 129.27 | bwd: 266.92 | bwd_inner: 263.70 | bwd_allreduce: 3.18 | step: 48.99
Local>>>>>> step_time: 0.4477577209472656, dataloading_time : 0.0018253326416015625,forward_time :0.12816357612609863, backward_time: 0.2685253620147705, optim time :0.04924178123474121
[Rank 0] time (ms) | optimizer_step: 28.27
Local>>>>>> step_time: 0.4494755268096924, dataloading_time : 0.0008120536804199219,forward_time :0.14514446258544922, backward_time: 0.2544114589691162, optim time :0.04910635948181152
[Rank 0] time (ms) | fwd_microstep: 146.39 | bwd_microstep: 252.55 | bwd_inner_microstep: 249.31 | bwd_allreduce_microstep: 3.14 | step_microstep: 48.94
Local>>>>>> step_time: 0.4494452476501465, dataloading_time : 0.0012521743774414062,forward_time :0.14399266242980957, backward_time: 0.2550480365753174, optim time :0.04915022850036621Local>>>>>> step_time: 0.4494473934173584, dataloading_time : 0.0011615753173828125,forward_time :0.14519906044006348, backward_time: 0.25392818450927734, optim time :0.049157142639160156

[Rank 0] time (ms) | fwd: 146.39 | bwd: 252.56 | bwd_inner: 249.38 | bwd_allreduce: 3.14 | step: 48.94
Local>>>>>> step_time: 0.4494340419769287, dataloading_time : 0.0007464885711669922,forward_time :0.1455070972442627, backward_time: 0.25397253036499023, optim time :0.04920601844787598
[Rank 2] Step 15: loss=4.5886, time=0.449s, alloc_mem=16.17 GB, peak_mem=18.91 GB
[Rank 1] Step 15: loss=0.6711, time=0.449s, alloc_mem=16.17 GB, peak_mem=18.91 GB
[Rank 3] Step 15: loss=6.3950, time=0.449s, alloc_mem=16.17 GB, peak_mem=18.91 GB
[Rank 0] Step 15: loss=7.1124, time=0.449s, alloc_mem=16.17 GB, peak_mem=18.91 GB
[Rank 0] time (ms) | optimizer_step: 28.28
Local>>>>>> step_time: 0.43035030364990234, dataloading_time : 0.0014925003051757812,forward_time :0.12850522994995117, backward_time: 0.25134921073913574, optim time :0.04900193214416504
[Rank 0] time (ms) | fwd_microstep: 129.06 | bwd_microstep: 250.32 | bwd_inner_microstep: 247.16 | bwd_allreduce_microstep: 3.11 | step_microstep: 48.88
Local>>>>>> step_time: 0.4303767681121826, dataloading_time : 0.0012254714965820312,forward_time :0.12834978103637695, backward_time: 0.2517263889312744, optim time :0.049073219299316406
[Rank 0] time (ms) | fwd: 129.05 | bwd: 250.33 | bwd_inner: 247.18 | bwd_allreduce: 3.11 | step: 48.88
Local>>>>>> step_time: 0.43041205406188965, dataloading_time : 0.0013706684112548828,forward_time :0.12807202339172363, backward_time: 0.25182604789733887, optim time :0.049141883850097656
Local>>>>>> step_time: 0.4304473400115967, dataloading_time : 0.0011794567108154297,forward_time :0.1279616355895996, backward_time: 0.2521655559539795, optim time :0.04913926124572754
[Rank 0] time (ms) | optimizer_step: 28.25
[Rank 0] time (ms) | fwd_microstep: 128.19 | bwd_microstep: 250.36 | bwd_inner_microstep: 247.51 | bwd_allreduce_microstep: 2.80 | step_microstep: 48.84Local>>>>>> step_time: 0.429807186126709, dataloading_time : 0.0008912086486816406,forward_time :0.12959790229797363, backward_time: 0.250291109085083, optim time :0.04902505874633789

Local>>>>>> step_time: 0.42979931831359863, dataloading_time : 0.0012519359588623047,forward_time :0.12746381759643555, backward_time: 0.252002477645874, optim time :0.04907965660095215[Rank 0] time (ms) | fwd: 128.18 | bwd: 250.36 | bwd_inner: 247.52 | bwd_allreduce: 2.80 | step: 48.84
Local>>>>>> step_time: 0.42974114418029785, dataloading_time : 0.001028299331665039,forward_time :0.12885165214538574, backward_time: 0.2507760524749756, optim time :0.049083709716796875

Local>>>>>> step_time: 0.4297647476196289, dataloading_time : 0.0016129016876220703,forward_time :0.12708759307861328, backward_time: 0.25195837020874023, optim time :0.04910421371459961
[Rank 0] time (ms) | optimizer_step: 28.29
Local>>>>>> step_time: 0.4465975761413574, dataloading_time : 0.0012638568878173828,forward_time :0.14617443084716797, backward_time: 0.2500123977661133, optim time :0.049144744873046875
[Rank 0] time (ms) | fwd_microstep: 145.43 | bwd_microstep: 250.35 | bwd_inner_microstep: 247.15 | bwd_allreduce_microstep: 3.15 | step_microstep: 49.03
Local>>>>>> step_time: 0.44660162925720215, dataloading_time : 0.0008828639984130859,forward_time :0.14569616317749023, backward_time: 0.25081348419189453, optim time :0.049207210540771484
Local>>>>>> step_time: 0.4466066360473633, dataloading_time : 0.0010426044464111328,forward_time :0.14555144309997559, backward_time: 0.25079941749572754, optim time :0.04921150207519531
[Rank 0] time (ms) | fwd: 145.42 | bwd: 250.35 | bwd_inner: 247.17 | bwd_allreduce: 3.15 | step: 49.03
Local>>>>>> step_time: 0.4466581344604492, dataloading_time : 0.001079559326171875,forward_time :0.14432477951049805, backward_time: 0.25196290016174316, optim time :0.04928946495056152
[Rank 0] time (ms) | optimizer_step: 28.31
Local>>>>>> step_time: 0.4472048282623291, dataloading_time : 0.00101470947265625,forward_time :0.14507341384887695, backward_time: 0.2520763874053955, optim time :0.04903912544250488
Local>>>>>> step_time: 0.4471454620361328, dataloading_time : 0.001087188720703125,forward_time :0.14401936531066895, backward_time: 0.2529885768890381, optim time :0.049048662185668945
[Rank 0] time (ms) | fwd_microstep: 144.91 | bwd_microstep: 251.64 | bwd_inner_microstep: 248.31 | bwd_allreduce_microstep: 3.28 | step_microstep: 48.94
Local>>>>>> step_time: 0.4472191333770752, dataloading_time : 0.0011005401611328125,forward_time :0.14385414123535156, backward_time: 0.2531394958496094, optim time :0.049123287200927734
[Rank 0] time (ms) | fwd: 144.91 | bwd: 251.64 | bwd_inner: 248.32 | bwd_allreduce: 3.29 | step: 48.94
Local>>>>>> step_time: 0.4472379684448242, dataloading_time : 0.0009877681732177734,forward_time :0.14384865760803223, backward_time: 0.2532038688659668, optim time :0.04919624328613281
[Rank 3] Step 19: loss=5.2075, time=0.447s, alloc_mem=16.17 GB, peak_mem=18.91 GB
[Rank 2] Step 19: loss=2.9682, time=0.447s, alloc_mem=16.17 GB, peak_mem=18.91 GB
[Rank 1] Step 19: loss=1.8888, time=0.447s, alloc_mem=16.17 GB, peak_mem=18.91 GB
[Rank 0] Step 19: loss=2.0514, time=0.447s, alloc_mem=16.17 GB, peak_mem=18.91 GB

============================================================
[Rank 3] FINAL RESULTS
  Config: configs/bf16_full.json
  Model: hidden_dim=4096, num_layers=32

============================================================
  Parameters: 6,858,007,633
[Rank 2] FINAL RESULTS
  Batch size: 1, Seq length: 512
  Config: configs/bf16_full.json  Average step time: 0.438s

  Model: hidden_dim=4096, num_layers=32  Peak memory: 18.91 GB

  Final allocated memory: 16.17 GB
  Parameters: 6,858,007,633============================================================

  Batch size: 1, Seq length: 512
SUMMARY: config=configs/bf16_full.json params=6858007633 peak_mem_bytes=20299148288 alloc_mem_bytes=17364741120 avg_step_time=0.4380
  Average step time: 0.438s
  Peak memory: 18.91 GB
  Final allocated memory: 16.17 GB
============================================================
SUMMARY: config=configs/bf16_full.json params=6858007633 peak_mem_bytes=20299131904 alloc_mem_bytes=17364741120 avg_step_time=0.4380

============================================================
[Rank 1] FINAL RESULTS
  Config: configs/bf16_full.json
  Model: hidden_dim=4096, num_layers=32
  Parameters: 6,858,007,633
  Batch size: 1, Seq length: 512
  Average step time: 0.438s
  Peak memory: 18.91 GB
  Final allocated memory: 16.17 GB
============================================================
SUMMARY: config=configs/bf16_full.json params=6858007633 peak_mem_bytes=20299099136 alloc_mem_bytes=17364741120 avg_step_time=0.4380

============================================================
[Rank 0] FINAL RESULTS
  Config: configs/bf16_full.json
  Model: hidden_dim=4096, num_layers=32
  Parameters: 6,858,007,633
  Batch size: 1, Seq length: 512
  Average step time: 0.438s
  Peak memory: 18.91 GB
  Final allocated memory: 16.17 GB
============================================================
SUMMARY: config=configs/bf16_full.json params=6858007633 peak_mem_bytes=20299181056 alloc_mem_bytes=17364741120 avg_step_time=0.4380
[rank0]:[W120 12:32:57.355429825 ProcessGroupNCCL.cpp:1250] Warning: WARNING: process group has NOT been destroyed before we destruct ProcessGroupNCCL. On normal program exit, the application should call destroy_process_group to ensure that any pending NCCL operations have finished in this process. In rare cases this process can exit before this point and block the progress of another member of the process group. This constraint has always been present,  but this warning has only been added since PyTorch 2.4 (function operator())
[2026-01-20 12:32:59,468] [INFO] [launch.py:367:main] Process 1966735 exits successfully.
[2026-01-20 12:32:59,468] [INFO] [launch.py:367:main] Process 1966737 exits successfully.
[2026-01-20 12:32:59,468] [INFO] [launch.py:367:main] Process 1966736 exits successfully.
[2026-01-20 12:32:59,468] [INFO] [launch.py:367:main] Process 1966734 exits successfully.

==============================================
All runs complete. Gathering results...
==============================================
================================================================================
BF16 Low-Precision Master Weights - Memory Usage Comparison
================================================================================

Configuration                            Peak Memory     Reduction       Step Time   
--------------------------------------------------------------------------------
Baseline (fp32 master)                   31.39 GB        -               0.4314s     
bf16_full (master + opt states)          18.91 GB        +39.8%          0.4380s     
--------------------------------------------------------------------------------

Detailed Results:
----------------------------------------

Baseline (fp32 master):
  Parameters: 6,858,007,633
  Peak Memory: 31.39 GB (33,706,929,664 bytes)
  Allocated Memory: 25.76 GB (27,654,925,824 bytes)
  Avg Step Time: 0.4314s

bf16_full (master + opt states):
  Parameters: 6,858,007,633
  Peak Memory: 18.91 GB (20,299,148,288 bytes)
  Allocated Memory: 16.17 GB (17,364,741,120 bytes)
  Avg Step Time: 0.4380s

================================================================================

Markdown Table (for README):
----------------------------------------

| Configuration | Peak Memory | Memory Reduction | Avg Step Time |
|---------------|-------------|------------------|---------------|
| Baseline (fp32 master) | 31.39 GB | - | 0.4314s |
| bf16_full (master + opt states) | 18.91 GB | +39.8% | 0.4380s |


Summary saved to: logs/20260120_123016/summary.txt

Results saved to: logs/20260120_123016/summary.txt
==============================================
