==============================================
BF16 Low-Precision Master Weights Memory Test
==============================================
Configuration:
  NUM_GPUS: 2
  NUM_LAYERS: 12
  HIDDEN_DIM: 1024
  BATCH_SIZE: 8
  SEQ_LENGTH: 512
  NUM_STEPS: 100
  LOG_DIR: logs/20260123_154306-8
==============================================

[1/2] Running BASELINE (bf16 with fp32 master weights/grads/optimizer states)...
----------------------------------------------
Warning: The cache directory for DeepSpeed Triton autotune, /home/bigyang/.triton/autotune, appears to be on an NFS system. While this is generally acceptable, if you experience slowdowns or hanging when DeepSpeed exits, it is recommended to set the TRITON_CACHE_DIR environment variable to a non-NFS path.
[2026-01-23 15:43:18,268] [WARNING] [runner.py:232:fetch_hostfile] Unable to find hostfile, will proceed with training with local resources only.
Detected VISIBLE_DEVICES=0,1 but ignoring it because one or several of --include/--exclude/--num_gpus/--num_nodes cl args were used. If you want to use CUDA_VISIBLE_DEVICES don't pass any of these arguments to deepspeed.
[2026-01-23 15:43:18,268] [INFO] [runner.py:630:main] cmd = /home/bigyang/micromamba/envs/ds-hf/bin/python -u -m deepspeed.launcher.launch --world_info=eyJsb2NhbGhvc3QiOiBbMCwgMV19 --master_addr=127.0.0.1 --master_port=29600 --enable_each_rank_log=None --log_level=info train_gpt.py --deepspeed_config configs/baseline.json --num_layers 12 --hidden_dim 1024 --batch_size 8 --seq_length 512 --num_steps 100 --warmup_steps 5 --activation_checkpointing --use_real_data --seed 42
Warning: The cache directory for DeepSpeed Triton autotune, /home/bigyang/.triton/autotune, appears to be on an NFS system. While this is generally acceptable, if you experience slowdowns or hanging when DeepSpeed exits, it is recommended to set the TRITON_CACHE_DIR environment variable to a non-NFS path.
[2026-01-23 15:43:24,774] [INFO] [launch.py:162:main] WORLD INFO DICT: {'localhost': [0, 1]}
[2026-01-23 15:43:24,774] [INFO] [launch.py:168:main] nnodes=1, num_local_procs=2, node_rank=0
[2026-01-23 15:43:24,774] [INFO] [launch.py:179:main] global_rank_mapping=defaultdict(<class 'list'>, {'localhost': [0, 1]})
[2026-01-23 15:43:24,774] [INFO] [launch.py:180:main] dist_world_size=2
[2026-01-23 15:43:24,774] [INFO] [launch.py:184:main] Setting CUDA_VISIBLE_DEVICES=0,1
[2026-01-23 15:43:24,775] [INFO] [launch.py:272:main] process 3176036 spawned with command: ['/home/bigyang/micromamba/envs/ds-hf/bin/python', '-u', 'train_gpt.py', '--local_rank=0', '--deepspeed_config', 'configs/baseline.json', '--num_layers', '12', '--hidden_dim', '1024', '--batch_size', '8', '--seq_length', '512', '--num_steps', '100', '--warmup_steps', '5', '--activation_checkpointing', '--use_real_data', '--seed', '42']
[2026-01-23 15:43:24,776] [INFO] [launch.py:272:main] process 3176037 spawned with command: ['/home/bigyang/micromamba/envs/ds-hf/bin/python', '-u', 'train_gpt.py', '--local_rank=1', '--deepspeed_config', 'configs/baseline.json', '--num_layers', '12', '--hidden_dim', '1024', '--batch_size', '8', '--seq_length', '512', '--num_steps', '100', '--warmup_steps', '5', '--activation_checkpointing', '--use_real_data', '--seed', '42']
Warning: The cache directory for DeepSpeed Triton autotune, /home/bigyang/.triton/autotune, appears to be on an NFS system. While this is generally acceptable, if you experience slowdowns or hanging when DeepSpeed exits, it is recommended to set the TRITON_CACHE_DIR environment variable to a non-NFS path.
Warning: The cache directory for DeepSpeed Triton autotune, /home/bigyang/.triton/autotune, appears to be on an NFS system. While this is generally acceptable, if you experience slowdowns or hanging when DeepSpeed exits, it is recommended to set the TRITON_CACHE_DIR environment variable to a non-NFS path.
[Rank 1] Loading wikitext dataset...
[Rank 0] Loading wikitext dataset...
Warning: You are sending unauthenticated requests to the HF Hub. Please set a HF_TOKEN to enable higher rate limits and faster downloads.
[Rank 0] Dataset loaded: 39531 examples, vocab_size=50257
[Rank 0] Creating model with hidden_dim=1024, num_layers=12, num_heads=16, vocab_size=50257
[Rank 1] Dataset loaded: 39531 examples, vocab_size=50257
[Rank 1] Creating model with hidden_dim=1024, num_layers=12, num_heads=16, vocab_size=50257
[Rank 0] Model parameters: 124,439,808 total, 124,439,808 trainable
[Rank 0] Activation checkpointing enabled
[Rank 1] Model parameters: 124,439,808 total, 124,439,808 trainable
[Rank 1] Activation checkpointing enabled
/home/bigyang/micromamba/envs/ds-hf/lib/python3.11/site-packages/torch/utils/cpp_extension.py:1964: UserWarning: TORCH_CUDA_ARCH_LIST is not set, all archs for visible cards are included for compilation. 
If this is not desired, please set os.environ['TORCH_CUDA_ARCH_LIST'].
  warnings.warn(
Stage 3 initialize beginning
MA 0.25 GB         Max_MA 0.25 GB         CA 0.26 GB         Max_CA 0 GB 
CPU Virtual Memory:  used = 9.01 GB, percent = 3.6%
DeepSpeedZeRoOffload initialize [begin]
MA 0.25 GB         Max_MA 0.39 GB         CA 0.41 GB         Max_CA 0 GB 
CPU Virtual Memory:  used = 9.01 GB, percent = 3.6%
Parameter Offload - Persistent parameters statistics: param_count = 0, numel = 0
DeepSpeedZeRoOffload initialize [end]
MA 0.13 GB         Max_MA 0.29 GB         CA 0.41 GB         Max_CA 0 GB 
CPU Virtual Memory:  used = 9.01 GB, percent = 3.6%
Before creating fp16 partitions
MA 0.13 GB         Max_MA 0.13 GB         CA 0.41 GB         Max_CA 0 GB 
CPU Virtual Memory:  used = 9.01 GB, percent = 3.6%
After creating fp16 partitions: 1
MA 0.13 GB         Max_MA 0.13 GB         CA 0.13 GB         Max_CA 0 GB 
CPU Virtual Memory:  used = 9.01 GB, percent = 3.6%
Before creating fp32 partitions
MA 0.13 GB         Max_MA 0.13 GB         CA 0.13 GB         Max_CA 0 GB 
CPU Virtual Memory:  used = 9.01 GB, percent = 3.6%
After creating fp32 partitions
MA 0.36 GB         Max_MA 0.59 GB         CA 0.6 GB         Max_CA 1 GB 
CPU Virtual Memory:  used = 9.01 GB, percent = 3.6%
Before initializing optimizer states
MA 0.36 GB         Max_MA 0.36 GB         CA 0.6 GB         Max_CA 1 GB 
CPU Virtual Memory:  used = 9.01 GB, percent = 3.6%
[Rank 0] time (ms) | init_optimizer_state: 0.00
After initializing optimizer states
MA 0.36 GB         Max_MA 0.59 GB         CA 0.6 GB         Max_CA 1 GB 
CPU Virtual Memory:  used = 9.01 GB, percent = 3.6%
[Rank 1] DeepSpeed initialized with config: configs/baseline.json
[Rank 1] Memory after init: allocated=0.57 GB, reserved=0.74 GB
After initializing ZeRO optimizer
MA 0.57 GB         Max_MA 0.71 GB         CA 0.74 GB         Max_CA 1 GB 
CPU Virtual Memory:  used = 9.05 GB, percent = 3.6%
[Rank 0] DeepSpeed initialized with config: configs/baseline.json
[Rank 0] Memory after init: allocated=0.57 GB, reserved=0.74 GB
`use_cache=True` is incompatible with gradient checkpointing. Setting `use_cache=False`...
`use_cache=True` is incompatible with gradient checkpointing. Setting `use_cache=False`...
`loss_type=None` was set in the config but it is unrecognized. Using the default loss: `ForCausalLMLoss`.
`loss_type=None` was set in the config but it is unrecognized. Using the default loss: `ForCausalLMLoss`.
[Rank 0] time (ms) | optimizer_step: 3.50
[Rank 0] time (ms) | fwd_microstep: 203.46 | bwd_microstep: 206.38 | bwd_inner_microstep: 200.56 | bwd_allreduce_microstep: 5.68 | step_microstep: 37.12
[Rank 0] time (ms) | fwd: 203.46 | bwd: 206.37 | bwd_inner: 200.56 | bwd_allreduce: 5.68 | step: 37.13
[Rank 0] Step 0: loss=11.4002, time=0.735s, alloc_mem=1.43 GB, peak_mem=3.42 GB
[Rank 1] Step 0: loss=11.3509, time=0.885s, alloc_mem=1.43 GB, peak_mem=3.42 GB
[Rank 0] time (ms) | optimizer_step: 3.01
[Rank 0] time (ms) | fwd_microstep: 321.23 | bwd_microstep: 322.57 | bwd_inner_microstep: 303.10 | bwd_allreduce_microstep: 19.41 | step_microstep: 8.74
[Rank 0] time (ms) | fwd: 321.22 | bwd: 322.58 | bwd_inner: 303.11 | bwd_allreduce: 19.41 | step: 8.74
[Rank 0] time (ms) | optimizer_step: 2.98
[Rank 0] time (ms) | fwd_microstep: 52.05 | bwd_microstep: 99.21 | bwd_inner_microstep: 90.35 | bwd_allreduce_microstep: 8.80 | step_microstep: 8.67
[Rank 0] time (ms) | fwd: 52.04 | bwd: 99.21 | bwd_inner: 90.37 | bwd_allreduce: 8.80 | step: 8.67
[Rank 0] time (ms) | optimizer_step: 2.98
[Rank 0] time (ms) | fwd_microstep: 52.45 | bwd_microstep: 98.75 | bwd_inner_microstep: 90.71 | bwd_allreduce_microstep: 7.97 | step_microstep: 8.64
[Rank 0] time (ms) | fwd: 52.44 | bwd: 98.75 | bwd_inner: 90.73 | bwd_allreduce: 7.97 | step: 8.64
[Rank 0] time (ms) | optimizer_step: 2.97
[Rank 0] time (ms) | fwd_microstep: 51.87 | bwd_microstep: 98.16 | bwd_inner_microstep: 90.35 | bwd_allreduce_microstep: 7.75 | step_microstep: 8.63
[Rank 0] time (ms) | fwd: 51.86 | bwd: 98.16 | bwd_inner: 90.36 | bwd_allreduce: 7.75 | step: 8.63
[Rank 0] time (ms) | optimizer_step: 2.97
[Rank 0] time (ms) | fwd_microstep: 52.38 | bwd_microstep: 97.83 | bwd_inner_microstep: 90.35 | bwd_allreduce_microstep: 7.43 | step_microstep: 8.59
[Rank 0] time (ms) | fwd: 52.38 | bwd: 97.84 | bwd_inner: 90.36 | bwd_allreduce: 7.43 | step: 8.59
[Rank 0] Step 5: loss=3.1800, time=0.160s, alloc_mem=1.43 GB, peak_mem=4.05 GB
[Rank 1] Step 5: loss=2.5596, time=0.160s, alloc_mem=1.43 GB, peak_mem=4.05 GB
[Rank 0] time (ms) | optimizer_step: 2.96
[Rank 0] time (ms) | fwd_microstep: 52.42 | bwd_microstep: 99.38 | bwd_inner_microstep: 90.87 | bwd_allreduce_microstep: 8.45 | step_microstep: 8.61
[Rank 0] time (ms) | fwd: 52.41 | bwd: 99.39 | bwd_inner: 90.89 | bwd_allreduce: 8.45 | step: 8.61
[Rank 0] time (ms) | optimizer_step: 2.99
[Rank 0] time (ms) | fwd_microstep: 52.60 | bwd_microstep: 97.86 | bwd_inner_microstep: 89.85 | bwd_allreduce_microstep: 7.96 | step_microstep: 8.60
[Rank 0] time (ms) | fwd: 52.59 | bwd: 97.87 | bwd_inner: 89.86 | bwd_allreduce: 7.96 | step: 8.60
[Rank 0] time (ms) | optimizer_step: 2.98
[Rank 0] time (ms) | fwd_microstep: 52.30 | bwd_microstep: 97.83 | bwd_inner_microstep: 90.59 | bwd_allreduce_microstep: 7.19 | step_microstep: 8.62
[Rank 0] time (ms) | fwd: 52.29 | bwd: 97.84 | bwd_inner: 90.60 | bwd_allreduce: 7.19 | step: 8.62
[Rank 0] time (ms) | optimizer_step: 2.97
[Rank 0] time (ms) | fwd_microstep: 52.38 | bwd_microstep: 97.80 | bwd_inner_microstep: 89.97 | bwd_allreduce_microstep: 7.78 | step_microstep: 8.57
[Rank 0] time (ms) | fwd: 52.37 | bwd: 97.81 | bwd_inner: 89.98 | bwd_allreduce: 7.78 | step: 8.58
[Rank 0] time (ms) | optimizer_step: 2.98
[Rank 0] time (ms) | fwd_microstep: 52.85 | bwd_microstep: 97.42 | bwd_inner_microstep: 87.84 | bwd_allreduce_microstep: 9.52 | step_microstep: 8.65
[Rank 0] time (ms) | fwd: 52.84 | bwd: 97.42 | bwd_inner: 87.86 | bwd_allreduce: 9.52 | step: 8.65
[Rank 0] Step 10: loss=3.4339, time=0.160s, alloc_mem=1.43 GB, peak_mem=4.05 GB
[Rank 1] Step 10: loss=3.3833, time=0.160s, alloc_mem=1.43 GB, peak_mem=4.05 GB
[Rank 0] time (ms) | optimizer_step: 2.99
[Rank 0] time (ms) | fwd_microstep: 53.06 | bwd_microstep: 96.89 | bwd_inner_microstep: 90.08 | bwd_allreduce_microstep: 6.76 | step_microstep: 8.61
[Rank 0] time (ms) | fwd: 53.06 | bwd: 96.90 | bwd_inner: 90.09 | bwd_allreduce: 6.76 | step: 8.62
[Rank 0] time (ms) | optimizer_step: 2.99
[Rank 0] time (ms) | fwd_microstep: 52.45 | bwd_microstep: 98.19 | bwd_inner_microstep: 90.50 | bwd_allreduce_microstep: 7.64 | step_microstep: 8.61
[Rank 0] time (ms) | fwd: 52.44 | bwd: 98.20 | bwd_inner: 90.52 | bwd_allreduce: 7.64 | step: 8.61
[Rank 0] time (ms) | optimizer_step: 2.98
[Rank 0] time (ms) | fwd_microstep: 52.34 | bwd_microstep: 98.23 | bwd_inner_microstep: 89.64 | bwd_allreduce_microstep: 8.54 | step_microstep: 8.60
[Rank 0] time (ms) | fwd: 52.33 | bwd: 98.24 | bwd_inner: 89.65 | bwd_allreduce: 8.54 | step: 8.61
[Rank 0] time (ms) | optimizer_step: 2.99
[Rank 0] time (ms) | fwd_microstep: 52.45 | bwd_microstep: 97.91 | bwd_inner_microstep: 90.07 | bwd_allreduce_microstep: 7.78 | step_microstep: 8.58
[Rank 0] time (ms) | fwd: 52.44 | bwd: 97.91 | bwd_inner: 90.09 | bwd_allreduce: 7.78 | step: 8.58
[Rank 0] time (ms) | optimizer_step: 2.98
[Rank 0] time (ms) | fwd_microstep: 52.50 | bwd_microstep: 98.28 | bwd_inner_microstep: 89.90 | bwd_allreduce_microstep: 8.32 | step_microstep: 8.61
[Rank 0] time (ms) | fwd: 52.49 | bwd: 98.29 | bwd_inner: 89.91 | bwd_allreduce: 8.33 | step: 8.61
[Rank 0] Step 15: loss=3.0393, time=0.161s, alloc_mem=1.43 GB, peak_mem=4.05 GB
[Rank 1] Step 15: loss=2.6010, time=0.161s, alloc_mem=1.43 GB, peak_mem=4.05 GB
[Rank 0] time (ms) | optimizer_step: 2.98
[Rank 0] time (ms) | fwd_microstep: 52.28 | bwd_microstep: 98.15 | bwd_inner_microstep: 90.09 | bwd_allreduce_microstep: 8.01 | step_microstep: 8.65
[Rank 0] time (ms) | fwd: 52.27 | bwd: 98.16 | bwd_inner: 90.10 | bwd_allreduce: 8.01 | step: 8.65
[Rank 0] time (ms) | optimizer_step: 2.98
[Rank 0] time (ms) | fwd_microstep: 52.33 | bwd_microstep: 98.46 | bwd_inner_microstep: 90.90 | bwd_allreduce_microstep: 7.51 | step_microstep: 8.59
[Rank 0] time (ms) | fwd: 52.32 | bwd: 98.46 | bwd_inner: 90.91 | bwd_allreduce: 7.51 | step: 8.59
[Rank 0] time (ms) | optimizer_step: 2.98
[Rank 0] time (ms) | fwd_microstep: 52.23 | bwd_microstep: 98.29 | bwd_inner_microstep: 89.36 | bwd_allreduce_microstep: 8.87 | step_microstep: 8.63
[Rank 0] time (ms) | fwd: 52.22 | bwd: 98.30 | bwd_inner: 89.38 | bwd_allreduce: 8.87 | step: 8.63
[Rank 0] time (ms) | optimizer_step: 2.97
[Rank 0] time (ms) | fwd_microstep: 52.24 | bwd_microstep: 98.13 | bwd_inner_microstep: 89.21 | bwd_allreduce_microstep: 8.86 | step_microstep: 8.59
[Rank 0] time (ms) | fwd: 52.23 | bwd: 98.14 | bwd_inner: 89.23 | bwd_allreduce: 8.86 | step: 8.59
[Rank 0] time (ms) | optimizer_step: 2.98
[Rank 0] time (ms) | fwd_microstep: 52.27 | bwd_microstep: 97.95 | bwd_inner_microstep: 89.63 | bwd_allreduce_microstep: 8.27 | step_microstep: 8.67
[Rank 0] time (ms) | fwd: 52.26 | bwd: 97.96 | bwd_inner: 89.64 | bwd_allreduce: 8.27 | step: 8.67
[Rank 0] Step 20: loss=2.3762, time=0.160s, alloc_mem=1.43 GB, peak_mem=4.05 GB
[Rank 1] Step 20: loss=3.3065, time=0.160s, alloc_mem=1.43 GB, peak_mem=4.05 GB
[Rank 0] time (ms) | optimizer_step: 2.97
[Rank 0] time (ms) | fwd_microstep: 52.42 | bwd_microstep: 98.11 | bwd_inner_microstep: 89.54 | bwd_allreduce_microstep: 8.50 | step_microstep: 8.63
[Rank 0] time (ms) | fwd: 52.42 | bwd: 98.11 | bwd_inner: 89.56 | bwd_allreduce: 8.51 | step: 8.64
[Rank 0] time (ms) | optimizer_step: 3.00
[Rank 0] time (ms) | fwd_microstep: 52.81 | bwd_microstep: 97.30 | bwd_inner_microstep: 89.53 | bwd_allreduce_microstep: 7.71 | step_microstep: 8.66
[Rank 0] time (ms) | fwd: 52.80 | bwd: 97.31 | bwd_inner: 89.55 | bwd_allreduce: 7.71 | step: 8.66
[Rank 0] time (ms) | optimizer_step: 2.98
[Rank 0] time (ms) | fwd_microstep: 53.96 | bwd_microstep: 99.13 | bwd_inner_microstep: 90.26 | bwd_allreduce_microstep: 8.81 | step_microstep: 8.68
[Rank 0] time (ms) | fwd: 53.95 | bwd: 99.13 | bwd_inner: 90.27 | bwd_allreduce: 8.81 | step: 8.69
[Rank 0] time (ms) | optimizer_step: 3.00
[Rank 0] time (ms) | fwd_microstep: 53.00 | bwd_microstep: 97.55 | bwd_inner_microstep: 89.61 | bwd_allreduce_microstep: 7.89 | step_microstep: 8.67
[Rank 0] time (ms) | fwd: 52.99 | bwd: 97.56 | bwd_inner: 89.62 | bwd_allreduce: 7.89 | step: 8.67
[Rank 0] time (ms) | optimizer_step: 2.99
[Rank 0] time (ms) | fwd_microstep: 52.78 | bwd_microstep: 97.50 | bwd_inner_microstep: 89.30 | bwd_allreduce_microstep: 8.14 | step_microstep: 8.61
[Rank 0] time (ms) | fwd: 52.77 | bwd: 97.51 | bwd_inner: 89.31 | bwd_allreduce: 8.15 | step: 8.62
[Rank 0] Step 25: loss=1.5230, time=0.160s, alloc_mem=1.43 GB, peak_mem=4.05 GB
[Rank 1] Step 25: loss=2.1059, time=0.160s, alloc_mem=1.43 GB, peak_mem=4.05 GB
[Rank 0] time (ms) | optimizer_step: 3.00
[Rank 0] time (ms) | fwd_microstep: 52.82 | bwd_microstep: 97.55 | bwd_inner_microstep: 90.48 | bwd_allreduce_microstep: 7.01 | step_microstep: 9.28
[Rank 0] time (ms) | fwd: 52.82 | bwd: 97.55 | bwd_inner: 90.49 | bwd_allreduce: 7.00 | step: 9.28
[Rank 0] time (ms) | optimizer_step: 3.00
[Rank 0] time (ms) | fwd_microstep: 52.43 | bwd_microstep: 97.41 | bwd_inner_microstep: 90.74 | bwd_allreduce_microstep: 6.60 | step_microstep: 8.65
[Rank 0] time (ms) | fwd: 52.42 | bwd: 97.42 | bwd_inner: 90.76 | bwd_allreduce: 6.61 | step: 8.65
[Rank 0] time (ms) | optimizer_step: 2.99
[Rank 0] time (ms) | fwd_microstep: 52.82 | bwd_microstep: 97.69 | bwd_inner_microstep: 89.28 | bwd_allreduce_microstep: 8.35 | step_microstep: 8.62
[Rank 0] time (ms) | fwd: 52.81 | bwd: 97.70 | bwd_inner: 89.30 | bwd_allreduce: 8.35 | step: 8.62
[Rank 0] time (ms) | optimizer_step: 3.00
[Rank 0] time (ms) | fwd_microstep: 52.47 | bwd_microstep: 98.19 | bwd_inner_microstep: 90.46 | bwd_allreduce_microstep: 7.67 | step_microstep: 8.62
[Rank 0] time (ms) | fwd: 52.46 | bwd: 98.20 | bwd_inner: 90.48 | bwd_allreduce: 7.67 | step: 8.62
[Rank 0] time (ms) | optimizer_step: 2.98
[Rank 0] time (ms) | fwd_microstep: 53.22 | bwd_microstep: 97.18 | bwd_inner_microstep: 89.53 | bwd_allreduce_microstep: 7.59 | step_microstep: 9.44
[Rank 0] time (ms) | fwd: 53.21 | bwd: 97.18 | bwd_inner: 89.54 | bwd_allreduce: 7.59 | step: 9.45
[Rank 0] Step 30: loss=2.0132, time=0.161s, alloc_mem=1.43 GB, peak_mem=4.05 GB
[Rank 1] Step 30: loss=2.0138, time=0.161s, alloc_mem=1.43 GB, peak_mem=4.05 GB
[Rank 0] time (ms) | optimizer_step: 2.98
[Rank 0] time (ms) | fwd_microstep: 53.15 | bwd_microstep: 98.62 | bwd_inner_microstep: 89.09 | bwd_allreduce_microstep: 9.47 | step_microstep: 8.64
[Rank 0] time (ms) | fwd: 53.13 | bwd: 98.62 | bwd_inner: 89.10 | bwd_allreduce: 9.47 | step: 8.65
[Rank 0] time (ms) | optimizer_step: 2.98
[Rank 0] time (ms) | fwd_microstep: 52.96 | bwd_microstep: 97.31 | bwd_inner_microstep: 90.50 | bwd_allreduce_microstep: 6.76 | step_microstep: 8.63
[Rank 0] time (ms) | fwd: 52.96 | bwd: 97.32 | bwd_inner: 90.51 | bwd_allreduce: 6.76 | step: 8.63
[Rank 0] time (ms) | optimizer_step: 2.98
[Rank 0] time (ms) | fwd_microstep: 52.75 | bwd_microstep: 97.59 | bwd_inner_microstep: 89.83 | bwd_allreduce_microstep: 7.70 | step_microstep: 8.60
[Rank 0] time (ms) | fwd: 52.75 | bwd: 97.59 | bwd_inner: 89.85 | bwd_allreduce: 7.70 | step: 8.60
[Rank 0] time (ms) | optimizer_step: 2.97
[Rank 0] time (ms) | fwd_microstep: 52.80 | bwd_microstep: 97.73 | bwd_inner_microstep: 90.62 | bwd_allreduce_microstep: 7.06 | step_microstep: 8.61
[Rank 0] time (ms) | fwd: 52.79 | bwd: 97.74 | bwd_inner: 90.64 | bwd_allreduce: 7.05 | step: 8.61
[Rank 0] time (ms) | optimizer_step: 2.96
[Rank 0] time (ms) | fwd_microstep: 52.70 | bwd_microstep: 98.04 | bwd_inner_microstep: 90.36 | bwd_allreduce_microstep: 7.62 | step_microstep: 8.63
[Rank 0] time (ms) | fwd: 52.69 | bwd: 98.05 | bwd_inner: 90.37 | bwd_allreduce: 7.63 | step: 8.63
[Rank 0] Step 35: loss=1.5956, time=0.161s, alloc_mem=1.43 GB, peak_mem=4.05 GB
[Rank 1] Step 35: loss=2.1145, time=0.161s, alloc_mem=1.43 GB, peak_mem=4.05 GB
[Rank 0] time (ms) | optimizer_step: 2.98
[Rank 0] time (ms) | fwd_microstep: 52.27 | bwd_microstep: 98.04 | bwd_inner_microstep: 90.47 | bwd_allreduce_microstep: 7.52 | step_microstep: 8.61
[Rank 0] time (ms) | fwd: 52.26 | bwd: 98.05 | bwd_inner: 90.48 | bwd_allreduce: 7.52 | step: 8.61
[Rank 0] time (ms) | optimizer_step: 2.97
[Rank 0] time (ms) | fwd_microstep: 52.51 | bwd_microstep: 97.73 | bwd_inner_microstep: 90.39 | bwd_allreduce_microstep: 7.29 | step_microstep: 8.57
[Rank 0] time (ms) | fwd: 52.50 | bwd: 97.74 | bwd_inner: 90.41 | bwd_allreduce: 7.29 | step: 8.57
[Rank 0] time (ms) | optimizer_step: 3.00
[Rank 0] time (ms) | fwd_microstep: 52.21 | bwd_microstep: 97.76 | bwd_inner_microstep: 90.41 | bwd_allreduce_microstep: 7.30 | step_microstep: 8.61
[Rank 0] time (ms) | fwd: 52.21 | bwd: 97.77 | bwd_inner: 90.42 | bwd_allreduce: 7.30 | step: 8.61
[Rank 0] time (ms) | optimizer_step: 2.96
[Rank 0] time (ms) | fwd_microstep: 54.05 | bwd_microstep: 96.89 | bwd_inner_microstep: 90.10 | bwd_allreduce_microstep: 6.72 | step_microstep: 8.57
[Rank 0] time (ms) | fwd: 54.04 | bwd: 96.90 | bwd_inner: 90.12 | bwd_allreduce: 6.70 | step: 8.57
[Rank 0] time (ms) | optimizer_step: 2.98
[Rank 0] time (ms) | fwd_microstep: 52.36 | bwd_microstep: 98.16 | bwd_inner_microstep: 88.99 | bwd_allreduce_microstep: 9.11 | step_microstep: 8.63
[Rank 0] time (ms) | fwd: 52.35 | bwd: 98.17 | bwd_inner: 89.01 | bwd_allreduce: 9.12 | step: 8.64
[Rank 0] Step 40: loss=1.9025, time=0.160s, alloc_mem=1.43 GB, peak_mem=4.05 GB
[Rank 1] Step 40: loss=1.5540, time=0.160s, alloc_mem=1.43 GB, peak_mem=4.05 GB
[Rank 0] time (ms) | optimizer_step: 2.96
[Rank 0] time (ms) | fwd_microstep: 52.57 | bwd_microstep: 98.03 | bwd_inner_microstep: 88.94 | bwd_allreduce_microstep: 9.04 | step_microstep: 8.59
[Rank 0] time (ms) | fwd: 52.56 | bwd: 98.04 | bwd_inner: 88.95 | bwd_allreduce: 9.04 | step: 8.60
[Rank 0] time (ms) | optimizer_step: 2.99
[Rank 0] time (ms) | fwd_microstep: 52.23 | bwd_microstep: 98.29 | bwd_inner_microstep: 90.24 | bwd_allreduce_microstep: 7.99 | step_microstep: 8.64
[Rank 0] time (ms) | fwd: 52.22 | bwd: 98.30 | bwd_inner: 90.26 | bwd_allreduce: 7.99 | step: 8.64
[Rank 0] time (ms) | optimizer_step: 2.98
[Rank 0] time (ms) | fwd_microstep: 52.53 | bwd_microstep: 97.47 | bwd_inner_microstep: 90.42 | bwd_allreduce_microstep: 7.00 | step_microstep: 8.61
[Rank 0] time (ms) | fwd: 52.53 | bwd: 97.48 | bwd_inner: 90.43 | bwd_allreduce: 7.00 | step: 8.62
[Rank 0] time (ms) | optimizer_step: 2.99
[Rank 0] time (ms) | fwd_microstep: 52.25 | bwd_microstep: 97.89 | bwd_inner_microstep: 90.15 | bwd_allreduce_microstep: 7.68 | step_microstep: 8.63
[Rank 0] time (ms) | fwd: 52.24 | bwd: 97.90 | bwd_inner: 90.16 | bwd_allreduce: 7.68 | step: 8.64
[Rank 0] time (ms) | optimizer_step: 2.98
[Rank 0] time (ms) | fwd_microstep: 52.46 | bwd_microstep: 97.53 | bwd_inner_microstep: 90.18 | bwd_allreduce_microstep: 7.30 | step_microstep: 8.58
[Rank 0] time (ms) | fwd: 52.45 | bwd: 97.54 | bwd_inner: 90.19 | bwd_allreduce: 7.30 | step: 8.58
[Rank 0] Step 45: loss=2.5851, time=0.160s, alloc_mem=1.43 GB, peak_mem=4.05 GB
[Rank 1] Step 45: loss=1.6774, time=0.160s, alloc_mem=1.43 GB, peak_mem=4.05 GB
[Rank 0] time (ms) | optimizer_step: 2.97
[Rank 0] time (ms) | fwd_microstep: 52.38 | bwd_microstep: 100.30 | bwd_inner_microstep: 90.49 | bwd_allreduce_microstep: 9.75 | step_microstep: 8.62
[Rank 0] time (ms) | fwd: 52.37 | bwd: 100.30 | bwd_inner: 90.50 | bwd_allreduce: 9.76 | step: 8.62
[Rank 0] time (ms) | optimizer_step: 2.99
[Rank 0] time (ms) | fwd_microstep: 52.65 | bwd_microstep: 97.82 | bwd_inner_microstep: 89.93 | bwd_allreduce_microstep: 7.84 | step_microstep: 8.59
[Rank 0] time (ms) | fwd: 52.64 | bwd: 97.82 | bwd_inner: 89.94 | bwd_allreduce: 7.84 | step: 8.60
[Rank 0] time (ms) | optimizer_step: 2.97
[Rank 0] time (ms) | fwd_microstep: 52.26 | bwd_microstep: 98.39 | bwd_inner_microstep: 90.71 | bwd_allreduce_microstep: 7.62 | step_microstep: 8.61
[Rank 0] time (ms) | fwd: 52.26 | bwd: 98.40 | bwd_inner: 90.73 | bwd_allreduce: 7.63 | step: 8.61
[Rank 0] time (ms) | optimizer_step: 2.98
[Rank 0] time (ms) | fwd_microstep: 52.89 | bwd_microstep: 97.66 | bwd_inner_microstep: 89.17 | bwd_allreduce_microstep: 8.44 | step_microstep: 8.64
[Rank 0] time (ms) | fwd: 52.88 | bwd: 97.66 | bwd_inner: 89.18 | bwd_allreduce: 8.44 | step: 8.64
[Rank 0] time (ms) | optimizer_step: 3.00
[Rank 0] time (ms) | fwd_microstep: 52.85 | bwd_microstep: 97.52 | bwd_inner_microstep: 89.45 | bwd_allreduce_microstep: 8.02 | step_microstep: 8.64
[Rank 0] time (ms) | fwd: 52.84 | bwd: 97.53 | bwd_inner: 89.46 | bwd_allreduce: 8.02 | step: 8.64
[Rank 0] Step 50: loss=1.6864, time=0.160s, alloc_mem=1.43 GB, peak_mem=4.05 GB
[Rank 1] Step 50: loss=3.1860, time=0.160s, alloc_mem=1.43 GB, peak_mem=4.05 GB
[Rank 0] time (ms) | optimizer_step: 2.97
[Rank 0] time (ms) | fwd_microstep: 53.02 | bwd_microstep: 97.33 | bwd_inner_microstep: 89.69 | bwd_allreduce_microstep: 7.58 | step_microstep: 8.61
[Rank 0] time (ms) | fwd: 53.01 | bwd: 97.33 | bwd_inner: 89.71 | bwd_allreduce: 7.58 | step: 8.61
[Rank 0] time (ms) | optimizer_step: 2.97
[Rank 0] time (ms) | fwd_microstep: 55.13 | bwd_microstep: 96.46 | bwd_inner_microstep: 90.80 | bwd_allreduce_microstep: 5.60 | step_microstep: 8.62
[Rank 0] time (ms) | fwd: 55.13 | bwd: 96.47 | bwd_inner: 90.81 | bwd_allreduce: 5.60 | step: 8.62
[Rank 0] time (ms) | optimizer_step: 3.00
[Rank 0] time (ms) | fwd_microstep: 52.29 | bwd_microstep: 98.42 | bwd_inner_microstep: 89.20 | bwd_allreduce_microstep: 9.16 | step_microstep: 8.63
[Rank 0] time (ms) | fwd: 52.28 | bwd: 98.43 | bwd_inner: 89.21 | bwd_allreduce: 9.17 | step: 8.63
[Rank 0] time (ms) | optimizer_step: 3.01
[Rank 0] time (ms) | fwd_microstep: 52.94 | bwd_microstep: 103.40 | bwd_inner_microstep: 90.24 | bwd_allreduce_microstep: 13.10 | step_microstep: 8.72
[Rank 0] time (ms) | fwd: 52.93 | bwd: 103.41 | bwd_inner: 90.26 | bwd_allreduce: 13.11 | step: 8.72
[Rank 0] time (ms) | optimizer_step: 2.97
[Rank 0] time (ms) | fwd_microstep: 52.36 | bwd_microstep: 98.63 | bwd_inner_microstep: 89.75 | bwd_allreduce_microstep: 8.82 | step_microstep: 8.59
[Rank 0] time (ms) | fwd: 52.35 | bwd: 98.63 | bwd_inner: 89.77 | bwd_allreduce: 8.82 | step: 8.59
[Rank 0] Step 55: loss=1.4581, time=0.161s, alloc_mem=1.43 GB, peak_mem=4.05 GB
[Rank 1] Step 55: loss=2.4430, time=0.161s, alloc_mem=1.43 GB, peak_mem=4.05 GB
[Rank 0] time (ms) | optimizer_step: 2.98
[Rank 0] time (ms) | fwd_microstep: 52.78 | bwd_microstep: 97.14 | bwd_inner_microstep: 89.04 | bwd_allreduce_microstep: 8.05 | step_microstep: 8.61
[Rank 0] time (ms) | fwd: 52.77 | bwd: 97.15 | bwd_inner: 89.06 | bwd_allreduce: 8.05 | step: 8.61
[Rank 0] time (ms) | optimizer_step: 2.98
[Rank 0] time (ms) | fwd_microstep: 52.72 | bwd_microstep: 101.76 | bwd_inner_microstep: 89.30 | bwd_allreduce_microstep: 12.41 | step_microstep: 8.63
[Rank 0] time (ms) | fwd: 52.71 | bwd: 101.77 | bwd_inner: 89.31 | bwd_allreduce: 12.41 | step: 8.64
[Rank 0] time (ms) | optimizer_step: 3.00
[Rank 0] time (ms) | fwd_microstep: 53.35 | bwd_microstep: 97.15 | bwd_inner_microstep: 88.13 | bwd_allreduce_microstep: 8.96 | step_microstep: 8.64
[Rank 0] time (ms) | fwd: 53.34 | bwd: 97.16 | bwd_inner: 88.15 | bwd_allreduce: 8.96 | step: 8.64
[Rank 0] time (ms) | optimizer_step: 2.98
[Rank 0] time (ms) | fwd_microstep: 52.97 | bwd_microstep: 97.09 | bwd_inner_microstep: 88.15 | bwd_allreduce_microstep: 8.88 | step_microstep: 8.59
[Rank 0] time (ms) | fwd: 52.96 | bwd: 97.10 | bwd_inner: 88.17 | bwd_allreduce: 8.88 | step: 8.59
[Rank 0] time (ms) | optimizer_step: 2.98
[Rank 0] time (ms) | fwd_microstep: 52.92 | bwd_microstep: 97.43 | bwd_inner_microstep: 87.96 | bwd_allreduce_microstep: 9.42 | step_microstep: 8.59
[Rank 0] time (ms) | fwd: 52.91 | bwd: 97.44 | bwd_inner: 87.97 | bwd_allreduce: 9.42 | step: 8.59
[Rank 0] Step 60: loss=2.0191, time=0.160s, alloc_mem=1.43 GB, peak_mem=4.05 GB
[Rank 1] Step 60: loss=1.8715, time=0.160s, alloc_mem=1.43 GB, peak_mem=4.05 GB
[Rank 0] time (ms) | optimizer_step: 2.99
[Rank 0] time (ms) | fwd_microstep: 52.81 | bwd_microstep: 97.44 | bwd_inner_microstep: 88.38 | bwd_allreduce_microstep: 9.01 | step_microstep: 8.63
[Rank 0] time (ms) | fwd: 52.80 | bwd: 97.44 | bwd_inner: 88.39 | bwd_allreduce: 9.01 | step: 8.63
[Rank 0] time (ms) | optimizer_step: 2.99
[Rank 0] time (ms) | fwd_microstep: 52.77 | bwd_microstep: 97.06 | bwd_inner_microstep: 88.13 | bwd_allreduce_microstep: 8.87 | step_microstep: 8.61
[Rank 0] time (ms) | fwd: 52.77 | bwd: 97.07 | bwd_inner: 88.15 | bwd_allreduce: 8.87 | step: 8.61
[Rank 0] time (ms) | optimizer_step: 2.98
[Rank 0] time (ms) | fwd_microstep: 53.10 | bwd_microstep: 97.28 | bwd_inner_microstep: 87.78 | bwd_allreduce_microstep: 9.45 | step_microstep: 8.58
[Rank 0] time (ms) | fwd: 53.09 | bwd: 97.29 | bwd_inner: 87.79 | bwd_allreduce: 9.45 | step: 8.58
[Rank 0] time (ms) | optimizer_step: 2.97
[Rank 0] time (ms) | fwd_microstep: 53.90 | bwd_microstep: 97.35 | bwd_inner_microstep: 88.40 | bwd_allreduce_microstep: 8.89 | step_microstep: 8.61
[Rank 0] time (ms) | fwd: 53.89 | bwd: 97.35 | bwd_inner: 88.42 | bwd_allreduce: 8.89 | step: 8.61
[Rank 0] time (ms) | optimizer_step: 2.97
[Rank 0] time (ms) | fwd_microstep: 54.81 | bwd_microstep: 95.52 | bwd_inner_microstep: 88.60 | bwd_allreduce_microstep: 6.86 | step_microstep: 8.64
[Rank 0] time (ms) | fwd: 54.80 | bwd: 95.52 | bwd_inner: 88.61 | bwd_allreduce: 6.86 | step: 8.64
[Rank 0] Step 65: loss=1.8085, time=0.160s, alloc_mem=1.43 GB, peak_mem=4.05 GB
[Rank 1] Step 65: loss=2.4773, time=0.160s, alloc_mem=1.43 GB, peak_mem=4.05 GB
[Rank 0] time (ms) | optimizer_step: 2.99
[Rank 0] time (ms) | fwd_microstep: 52.93 | bwd_microstep: 97.31 | bwd_inner_microstep: 88.61 | bwd_allreduce_microstep: 8.64 | step_microstep: 8.65
[Rank 0] time (ms) | fwd: 52.92 | bwd: 97.31 | bwd_inner: 88.63 | bwd_allreduce: 8.64 | step: 8.65
[Rank 0] time (ms) | optimizer_step: 2.98
[Rank 0] time (ms) | fwd_microstep: 53.09 | bwd_microstep: 97.32 | bwd_inner_microstep: 87.92 | bwd_allreduce_microstep: 9.35 | step_microstep: 8.60
[Rank 0] time (ms) | fwd: 53.08 | bwd: 97.33 | bwd_inner: 87.93 | bwd_allreduce: 9.35 | step: 8.60
[Rank 0] time (ms) | optimizer_step: 2.99
[Rank 0] time (ms) | fwd_microstep: 53.60 | bwd_microstep: 97.93 | bwd_inner_microstep: 87.86 | bwd_allreduce_microstep: 10.01 | step_microstep: 8.67
[Rank 0] time (ms) | fwd: 53.59 | bwd: 97.94 | bwd_inner: 87.88 | bwd_allreduce: 10.01 | step: 8.68
[Rank 0] time (ms) | optimizer_step: 2.99
[Rank 0] time (ms) | fwd_microstep: 52.85 | bwd_microstep: 97.30 | bwd_inner_microstep: 88.60 | bwd_allreduce_microstep: 8.64 | step_microstep: 8.62
[Rank 0] time (ms) | fwd: 52.84 | bwd: 97.30 | bwd_inner: 88.61 | bwd_allreduce: 8.65 | step: 8.62
[Rank 0] time (ms) | optimizer_step: 3.01
[Rank 0] time (ms) | fwd_microstep: 52.85 | bwd_microstep: 97.71 | bwd_inner_microstep: 88.24 | bwd_allreduce_microstep: 9.42 | step_microstep: 8.68
[Rank 0] time (ms) | fwd: 52.84 | bwd: 97.72 | bwd_inner: 88.26 | bwd_allreduce: 9.42 | step: 8.68
[Rank 0] Step 70: loss=2.5469, time=0.160s, alloc_mem=1.43 GB, peak_mem=4.05 GB
[Rank 1] Step 70: loss=1.7146, time=0.160s, alloc_mem=1.43 GB, peak_mem=4.05 GB
[Rank 0] time (ms) | optimizer_step: 2.99
[Rank 0] time (ms) | fwd_microstep: 53.01 | bwd_microstep: 97.29 | bwd_inner_microstep: 87.91 | bwd_allreduce_microstep: 9.33 | step_microstep: 8.60
[Rank 0] time (ms) | fwd: 53.01 | bwd: 97.30 | bwd_inner: 87.92 | bwd_allreduce: 9.33 | step: 8.60
[Rank 0] time (ms) | optimizer_step: 2.98
[Rank 0] time (ms) | fwd_microstep: 53.08 | bwd_microstep: 97.64 | bwd_inner_microstep: 88.51 | bwd_allreduce_microstep: 9.07 | step_microstep: 8.65
[Rank 0] time (ms) | fwd: 53.07 | bwd: 97.64 | bwd_inner: 88.52 | bwd_allreduce: 9.07 | step: 8.66
[Rank 0] time (ms) | optimizer_step: 3.00
[Rank 0] time (ms) | fwd_microstep: 52.97 | bwd_microstep: 97.73 | bwd_inner_microstep: 88.28 | bwd_allreduce_microstep: 9.40 | step_microstep: 8.61
[Rank 0] time (ms) | fwd: 52.96 | bwd: 97.73 | bwd_inner: 88.29 | bwd_allreduce: 9.40 | step: 8.61
[Rank 0] time (ms) | optimizer_step: 2.98
[Rank 0] time (ms) | fwd_microstep: 52.96 | bwd_microstep: 97.01 | bwd_inner_microstep: 88.39 | bwd_allreduce_microstep: 8.56 | step_microstep: 8.60
[Rank 0] time (ms) | fwd: 52.95 | bwd: 97.02 | bwd_inner: 88.40 | bwd_allreduce: 8.57 | step: 8.60
[Rank 0] time (ms) | optimizer_step: 2.99
[Rank 0] time (ms) | fwd_microstep: 52.93 | bwd_microstep: 97.39 | bwd_inner_microstep: 87.96 | bwd_allreduce_microstep: 9.38 | step_microstep: 8.63
[Rank 0] time (ms) | fwd: 52.92 | bwd: 97.40 | bwd_inner: 87.97 | bwd_allreduce: 9.38 | step: 8.63
[Rank 0] Step 75: loss=3.2078, time=0.160s, alloc_mem=1.43 GB, peak_mem=4.05 GB
[Rank 1] Step 75: loss=2.7469, time=0.160s, alloc_mem=1.43 GB, peak_mem=4.05 GB
[Rank 0] time (ms) | optimizer_step: 2.98
[Rank 0] time (ms) | fwd_microstep: 52.89 | bwd_microstep: 97.22 | bwd_inner_microstep: 87.95 | bwd_allreduce_microstep: 9.22 | step_microstep: 8.63
[Rank 0] time (ms) | fwd: 52.88 | bwd: 97.22 | bwd_inner: 87.96 | bwd_allreduce: 9.22 | step: 8.63
[Rank 0] time (ms) | optimizer_step: 2.98
[Rank 0] time (ms) | fwd_microstep: 53.30 | bwd_microstep: 97.14 | bwd_inner_microstep: 88.58 | bwd_allreduce_microstep: 8.50 | step_microstep: 8.61
[Rank 0] time (ms) | fwd: 53.30 | bwd: 97.14 | bwd_inner: 88.60 | bwd_allreduce: 8.50 | step: 8.61
[Rank 0] time (ms) | optimizer_step: 2.99
[Rank 0] time (ms) | fwd_microstep: 52.96 | bwd_microstep: 97.07 | bwd_inner_microstep: 87.98 | bwd_allreduce_microstep: 9.03 | step_microstep: 8.64
[Rank 0] time (ms) | fwd: 52.95 | bwd: 97.07 | bwd_inner: 88.00 | bwd_allreduce: 9.03 | step: 8.64
[Rank 0] time (ms) | optimizer_step: 2.97
[Rank 0] time (ms) | fwd_microstep: 52.43 | bwd_microstep: 96.76 | bwd_inner_microstep: 88.04 | bwd_allreduce_microstep: 8.66 | step_microstep: 8.59
[Rank 0] time (ms) | fwd: 52.42 | bwd: 96.77 | bwd_inner: 88.06 | bwd_allreduce: 8.66 | step: 8.59
[Rank 0] time (ms) | optimizer_step: 3.00
[Rank 0] time (ms) | fwd_microstep: 53.00 | bwd_microstep: 97.29 | bwd_inner_microstep: 88.05 | bwd_allreduce_microstep: 9.18 | step_microstep: 8.63
[Rank 0] time (ms) | fwd: 52.99 | bwd: 97.30 | bwd_inner: 88.07 | bwd_allreduce: 9.18 | step: 8.63
[Rank 0] Step 80: loss=2.0205, time=0.160s, alloc_mem=1.43 GB, peak_mem=4.05 GB
[Rank 1] Step 80: loss=2.0038, time=0.160s, alloc_mem=1.43 GB, peak_mem=4.05 GB
[Rank 0] time (ms) | optimizer_step: 3.01
[Rank 0] time (ms) | fwd_microstep: 51.91 | bwd_microstep: 97.77 | bwd_inner_microstep: 89.93 | bwd_allreduce_microstep: 7.78 | step_microstep: 8.65
[Rank 0] time (ms) | fwd: 51.90 | bwd: 97.78 | bwd_inner: 89.95 | bwd_allreduce: 7.79 | step: 8.65
[Rank 0] time (ms) | optimizer_step: 2.97
[Rank 0] time (ms) | fwd_microstep: 52.21 | bwd_microstep: 98.06 | bwd_inner_microstep: 89.09 | bwd_allreduce_microstep: 8.92 | step_microstep: 8.64
[Rank 0] time (ms) | fwd: 52.20 | bwd: 98.07 | bwd_inner: 89.10 | bwd_allreduce: 8.92 | step: 8.64
[Rank 0] time (ms) | optimizer_step: 2.98
[Rank 0] time (ms) | fwd_microstep: 52.32 | bwd_microstep: 97.76 | bwd_inner_microstep: 89.24 | bwd_allreduce_microstep: 8.47 | step_microstep: 8.59
[Rank 0] time (ms) | fwd: 52.31 | bwd: 97.77 | bwd_inner: 89.25 | bwd_allreduce: 8.47 | step: 8.59
[Rank 0] time (ms) | optimizer_step: 3.00
[Rank 0] time (ms) | fwd_microstep: 52.37 | bwd_microstep: 98.36 | bwd_inner_microstep: 89.75 | bwd_allreduce_microstep: 8.56 | step_microstep: 8.63
[Rank 0] time (ms) | fwd: 52.37 | bwd: 98.37 | bwd_inner: 89.76 | bwd_allreduce: 8.56 | step: 8.63
[Rank 0] time (ms) | optimizer_step: 2.98
[Rank 0] time (ms) | fwd_microstep: 52.31 | bwd_microstep: 98.17 | bwd_inner_microstep: 88.93 | bwd_allreduce_microstep: 9.19 | step_microstep: 8.60
[Rank 0] time (ms) | fwd: 52.30 | bwd: 98.18 | bwd_inner: 88.94 | bwd_allreduce: 9.19 | step: 8.60
[Rank 0] Step 85: loss=2.3700, time=0.160s, alloc_mem=1.43 GB, peak_mem=4.05 GB
[Rank 1] Step 85: loss=2.3371, time=0.160s, alloc_mem=1.43 GB, peak_mem=4.05 GB
[Rank 0] time (ms) | optimizer_step: 2.97
[Rank 0] time (ms) | fwd_microstep: 52.53 | bwd_microstep: 100.29 | bwd_inner_microstep: 89.09 | bwd_allreduce_microstep: 11.15 | step_microstep: 8.62
[Rank 0] time (ms) | fwd: 52.52 | bwd: 100.30 | bwd_inner: 89.11 | bwd_allreduce: 11.15 | step: 8.62
[Rank 0] time (ms) | optimizer_step: 2.98
[Rank 0] time (ms) | fwd_microstep: 52.41 | bwd_microstep: 97.97 | bwd_inner_microstep: 89.32 | bwd_allreduce_microstep: 8.59 | step_microstep: 8.61
[Rank 0] time (ms) | fwd: 52.41 | bwd: 97.97 | bwd_inner: 89.34 | bwd_allreduce: 8.59 | step: 8.61
[Rank 0] time (ms) | optimizer_step: 2.97
[Rank 0] time (ms) | fwd_microstep: 52.31 | bwd_microstep: 98.02 | bwd_inner_microstep: 89.21 | bwd_allreduce_microstep: 8.75 | step_microstep: 8.56
[Rank 0] time (ms) | fwd: 52.30 | bwd: 98.02 | bwd_inner: 89.22 | bwd_allreduce: 8.76 | step: 8.56
[Rank 0] time (ms) | optimizer_step: 2.98
[Rank 0] time (ms) | fwd_microstep: 52.45 | bwd_microstep: 97.73 | bwd_inner_microstep: 89.12 | bwd_allreduce_microstep: 8.55 | step_microstep: 8.61
[Rank 0] time (ms) | fwd: 52.45 | bwd: 97.73 | bwd_inner: 89.14 | bwd_allreduce: 8.55 | step: 8.61
[Rank 0] time (ms) | optimizer_step: 2.99
[Rank 0] time (ms) | fwd_microstep: 54.55 | bwd_microstep: 96.57 | bwd_inner_microstep: 89.73 | bwd_allreduce_microstep: 6.79 | step_microstep: 8.61
[Rank 0] time (ms) | fwd: 54.55 | bwd: 96.58 | bwd_inner: 89.74 | bwd_allreduce: 6.79 | step: 8.61
[Rank 0] Step 90: loss=1.8413, time=0.161s, alloc_mem=1.43 GB, peak_mem=4.05 GB
[Rank 1] Step 90: loss=2.5737, time=0.161s, alloc_mem=1.43 GB, peak_mem=4.05 GB
[Rank 0] time (ms) | optimizer_step: 2.98
[Rank 0] time (ms) | fwd_microstep: 52.11 | bwd_microstep: 98.28 | bwd_inner_microstep: 89.39 | bwd_allreduce_microstep: 8.83 | step_microstep: 8.59
[Rank 0] time (ms) | fwd: 52.11 | bwd: 98.28 | bwd_inner: 89.41 | bwd_allreduce: 8.83 | step: 8.60
[Rank 0] time (ms) | optimizer_step: 2.97
[Rank 0] time (ms) | fwd_microstep: 52.13 | bwd_microstep: 97.65 | bwd_inner_microstep: 89.09 | bwd_allreduce_microstep: 8.51 | step_microstep: 8.59
[Rank 0] time (ms) | fwd: 52.12 | bwd: 97.66 | bwd_inner: 89.10 | bwd_allreduce: 8.51 | step: 8.59
[Rank 0] time (ms) | optimizer_step: 2.98
[Rank 0] time (ms) | fwd_microstep: 52.40 | bwd_microstep: 97.70 | bwd_inner_microstep: 89.33 | bwd_allreduce_microstep: 8.31 | step_microstep: 8.59
[Rank 0] time (ms) | fwd: 52.39 | bwd: 97.70 | bwd_inner: 89.34 | bwd_allreduce: 8.31 | step: 8.60
[Rank 0] time (ms) | optimizer_step: 2.97
[Rank 0] time (ms) | fwd_microstep: 52.47 | bwd_microstep: 98.36 | bwd_inner_microstep: 88.95 | bwd_allreduce_microstep: 9.36 | step_microstep: 8.59
[Rank 0] time (ms) | fwd: 52.46 | bwd: 98.37 | bwd_inner: 88.97 | bwd_allreduce: 9.36 | step: 8.59
[Rank 0] time (ms) | optimizer_step: 2.99
[Rank 0] time (ms) | fwd_microstep: 52.29 | bwd_microstep: 98.03 | bwd_inner_microstep: 89.02 | bwd_allreduce_microstep: 8.95 | step_microstep: 8.58
[Rank 0] time (ms) | fwd: 52.29 | bwd: 98.03 | bwd_inner: 89.03 | bwd_allreduce: 8.96 | step: 8.58
[Rank 0] Step 95: loss=2.2784, time=0.160s, alloc_mem=1.43 GB, peak_mem=4.05 GB
[Rank 1] Step 95: loss=2.4938, time=0.160s, alloc_mem=1.43 GB, peak_mem=4.05 GB
[Rank 0] time (ms) | optimizer_step: 2.96
[Rank 0] time (ms) | fwd_microstep: 52.44 | bwd_microstep: 97.80 | bwd_inner_microstep: 89.66 | bwd_allreduce_microstep: 8.08 | step_microstep: 8.59
[Rank 0] time (ms) | fwd: 52.43 | bwd: 97.80 | bwd_inner: 89.67 | bwd_allreduce: 8.08 | step: 8.59
[Rank 0] time (ms) | optimizer_step: 2.98
[Rank 0] time (ms) | fwd_microstep: 52.38 | bwd_microstep: 97.89 | bwd_inner_microstep: 89.34 | bwd_allreduce_microstep: 8.49 | step_microstep: 8.63
[Rank 0] time (ms) | fwd: 52.37 | bwd: 97.89 | bwd_inner: 89.35 | bwd_allreduce: 8.50 | step: 8.63
[Rank 0] time (ms) | optimizer_step: 2.97
[Rank 0] time (ms) | fwd_microstep: 52.54 | bwd_microstep: 104.22 | bwd_inner_microstep: 89.95 | bwd_allreduce_microstep: 14.21 | step_microstep: 8.69
[Rank 0] time (ms) | fwd: 52.54 | bwd: 104.23 | bwd_inner: 89.96 | bwd_allreduce: 14.20 | step: 8.70
[Rank 0] time (ms) | optimizer_step: 3.00
[Rank 0] time (ms) | fwd_microstep: 52.35 | bwd_microstep: 98.73 | bwd_inner_microstep: 89.24 | bwd_allreduce_microstep: 9.43 | step_microstep: 8.86
[Rank 0] time (ms) | fwd: 52.34 | bwd: 98.73 | bwd_inner: 89.26 | bwd_allreduce: 9.43 | step: 8.86
[Rank 1] Step 99: loss=2.1881, time=0.161s, alloc_mem=1.43 GB, peak_mem=4.05 GB
[Rank 0] Step 99: loss=1.5791, time=0.161s, alloc_mem=1.43 GB, peak_mem=4.05 GB

============================================================
[Rank 0] FINAL RESULTS
  Config: configs/baseline.json
  Model: hidden_dim=1024, num_layers=12
  Parameters: 124,439,808
  Batch size: 8, Seq length: 512
  Average step time: 0.161s
  Peak memory: 4.05 GB
  Final allocated memory: 1.43 GB
============================================================
SUMMARY: config=configs/baseline.json batch_size=8 params=124439808 peak_mem_bytes=4352190976 alloc_mem_bytes=1537596416 avg_step_time=0.1605

============================================================
[Rank 1] FINAL RESULTS
  Config: configs/baseline.json
  Model: hidden_dim=1024, num_layers=12
  Parameters: 124,439,808
  Batch size: 8, Seq length: 512
  Average step time: 0.161s
  Peak memory: 4.05 GB
  Final allocated memory: 1.43 GB
============================================================
SUMMARY: config=configs/baseline.json batch_size=8 params=124439808 peak_mem_bytes=4352190976 alloc_mem_bytes=1537596416 avg_step_time=0.1605
[rank0]:[W123 15:43:59.837641474 ProcessGroupNCCL.cpp:1250] Warning: WARNING: process group has NOT been destroyed before we destruct ProcessGroupNCCL. On normal program exit, the application should call destroy_process_group to ensure that any pending NCCL operations have finished in this process. In rare cases this process can exit before this point and block the progress of another member of the process group. This constraint has always been present,  but this warning has only been added since PyTorch 2.4 (function operator())
[2026-01-23 15:44:01,784] [INFO] [launch.py:367:main] Process 3176036 exits successfully.
[2026-01-23 15:44:01,784] [INFO] [launch.py:367:main] Process 3176037 exits successfully.

[2/2] Running BF16_FULL (bf16 master weights, gradients, and optimizer states)...
----------------------------------------------
Warning: The cache directory for DeepSpeed Triton autotune, /home/bigyang/.triton/autotune, appears to be on an NFS system. While this is generally acceptable, if you experience slowdowns or hanging when DeepSpeed exits, it is recommended to set the TRITON_CACHE_DIR environment variable to a non-NFS path.
[2026-01-23 15:44:11,900] [WARNING] [runner.py:232:fetch_hostfile] Unable to find hostfile, will proceed with training with local resources only.
Detected VISIBLE_DEVICES=0,1 but ignoring it because one or several of --include/--exclude/--num_gpus/--num_nodes cl args were used. If you want to use CUDA_VISIBLE_DEVICES don't pass any of these arguments to deepspeed.
[2026-01-23 15:44:11,900] [INFO] [runner.py:630:main] cmd = /home/bigyang/micromamba/envs/ds-hf/bin/python -u -m deepspeed.launcher.launch --world_info=eyJsb2NhbGhvc3QiOiBbMCwgMV19 --master_addr=127.0.0.1 --master_port=29600 --enable_each_rank_log=None --log_level=info train_gpt.py --deepspeed_config configs/bf16_full.json --num_layers 12 --hidden_dim 1024 --batch_size 8 --seq_length 512 --num_steps 100 --warmup_steps 5 --activation_checkpointing --use_real_data --seed 42
Warning: The cache directory for DeepSpeed Triton autotune, /home/bigyang/.triton/autotune, appears to be on an NFS system. While this is generally acceptable, if you experience slowdowns or hanging when DeepSpeed exits, it is recommended to set the TRITON_CACHE_DIR environment variable to a non-NFS path.
[2026-01-23 15:44:19,133] [INFO] [launch.py:162:main] WORLD INFO DICT: {'localhost': [0, 1]}
[2026-01-23 15:44:19,134] [INFO] [launch.py:168:main] nnodes=1, num_local_procs=2, node_rank=0
[2026-01-23 15:44:19,134] [INFO] [launch.py:179:main] global_rank_mapping=defaultdict(<class 'list'>, {'localhost': [0, 1]})
[2026-01-23 15:44:19,134] [INFO] [launch.py:180:main] dist_world_size=2
[2026-01-23 15:44:19,134] [INFO] [launch.py:184:main] Setting CUDA_VISIBLE_DEVICES=0,1
[2026-01-23 15:44:19,134] [INFO] [launch.py:272:main] process 3176611 spawned with command: ['/home/bigyang/micromamba/envs/ds-hf/bin/python', '-u', 'train_gpt.py', '--local_rank=0', '--deepspeed_config', 'configs/bf16_full.json', '--num_layers', '12', '--hidden_dim', '1024', '--batch_size', '8', '--seq_length', '512', '--num_steps', '100', '--warmup_steps', '5', '--activation_checkpointing', '--use_real_data', '--seed', '42']
[2026-01-23 15:44:19,135] [INFO] [launch.py:272:main] process 3176612 spawned with command: ['/home/bigyang/micromamba/envs/ds-hf/bin/python', '-u', 'train_gpt.py', '--local_rank=1', '--deepspeed_config', 'configs/bf16_full.json', '--num_layers', '12', '--hidden_dim', '1024', '--batch_size', '8', '--seq_length', '512', '--num_steps', '100', '--warmup_steps', '5', '--activation_checkpointing', '--use_real_data', '--seed', '42']
Warning: The cache directory for DeepSpeed Triton autotune, /home/bigyang/.triton/autotune, appears to be on an NFS system. While this is generally acceptable, if you experience slowdowns or hanging when DeepSpeed exits, it is recommended to set the TRITON_CACHE_DIR environment variable to a non-NFS path.
Warning: The cache directory for DeepSpeed Triton autotune, /home/bigyang/.triton/autotune, appears to be on an NFS system. While this is generally acceptable, if you experience slowdowns or hanging when DeepSpeed exits, it is recommended to set the TRITON_CACHE_DIR environment variable to a non-NFS path.
[Rank 0] Loading wikitext dataset...
[Rank 1] Loading wikitext dataset...
Warning: You are sending unauthenticated requests to the HF Hub. Please set a HF_TOKEN to enable higher rate limits and faster downloads.
[Rank 0] Dataset loaded: 39531 examples, vocab_size=50257
[Rank 0] Creating model with hidden_dim=1024, num_layers=12, num_heads=16, vocab_size=50257
[Rank 1] Dataset loaded: 39531 examples, vocab_size=50257
[Rank 1] Creating model with hidden_dim=1024, num_layers=12, num_heads=16, vocab_size=50257
[Rank 0] Model parameters: 124,439,808 total, 124,439,808 trainable
[Rank 0] Activation checkpointing enabled
[Rank 1] Model parameters: 124,439,808 total, 124,439,808 trainable
[Rank 1] Activation checkpointing enabled
/home/bigyang/micromamba/envs/ds-hf/lib/python3.11/site-packages/torch/utils/cpp_extension.py:1964: UserWarning: TORCH_CUDA_ARCH_LIST is not set, all archs for visible cards are included for compilation. 
If this is not desired, please set os.environ['TORCH_CUDA_ARCH_LIST'].
  warnings.warn(
Stage 3 initialize beginning
MA 0.25 GB         Max_MA 0.25 GB         CA 0.26 GB         Max_CA 0 GB 
CPU Virtual Memory:  used = 8.96 GB, percent = 3.6%
DeepSpeedZeRoOffload initialize [begin]
MA 0.25 GB         Max_MA 0.39 GB         CA 0.41 GB         Max_CA 0 GB 
CPU Virtual Memory:  used = 8.97 GB, percent = 3.6%
Parameter Offload - Persistent parameters statistics: param_count = 0, numel = 0
DeepSpeedZeRoOffload initialize [end]
MA 0.13 GB         Max_MA 0.29 GB         CA 0.41 GB         Max_CA 0 GB 
CPU Virtual Memory:  used = 8.97 GB, percent = 3.6%
Before creating fp16 partitions
MA 0.13 GB         Max_MA 0.13 GB         CA 0.41 GB         Max_CA 0 GB 
CPU Virtual Memory:  used = 8.97 GB, percent = 3.6%
After creating fp16 partitions: 1
MA 0.13 GB         Max_MA 0.13 GB         CA 0.13 GB         Max_CA 0 GB 
CPU Virtual Memory:  used = 9.08 GB, percent = 3.6%
Before creating fp32 partitions
MA 0.13 GB         Max_MA 0.13 GB         CA 0.13 GB         Max_CA 0 GB 
CPU Virtual Memory:  used = 8.97 GB, percent = 3.6%
After creating fp32 partitions
MA 0.24 GB         Max_MA 0.24 GB         CA 0.25 GB         Max_CA 0 GB 
CPU Virtual Memory:  used = 8.97 GB, percent = 3.6%
Before initializing optimizer states
MA 0.24 GB         Max_MA 0.24 GB         CA 0.25 GB         Max_CA 0 GB 
CPU Virtual Memory:  used = 8.97 GB, percent = 3.6%
[Rank 0] time (ms) | init_optimizer_state: 0.05
After initializing optimizer states
MA 0.24 GB         Max_MA 0.36 GB         CA 0.37 GB         Max_CA 0 GB 
CPU Virtual Memory:  used = 8.97 GB, percent = 3.6%
[Rank 1] DeepSpeed initialized with config: configs/bf16_full.json
[Rank 1] Memory after init: allocated=0.45 GB, reserved=0.63 GB
After initializing ZeRO optimizer
MA 0.45 GB         Max_MA 0.6 GB         CA 0.63 GB         Max_CA 1 GB 
CPU Virtual Memory:  used = 8.99 GB, percent = 3.6%
[Rank 0] DeepSpeed initialized with config: configs/bf16_full.json
[Rank 0] Memory after init: allocated=0.45 GB, reserved=0.63 GB
`use_cache=True` is incompatible with gradient checkpointing. Setting `use_cache=False`...
`use_cache=True` is incompatible with gradient checkpointing. Setting `use_cache=False`...
`loss_type=None` was set in the config but it is unrecognized. Using the default loss: `ForCausalLMLoss`.
`loss_type=None` was set in the config but it is unrecognized. Using the default loss: `ForCausalLMLoss`.
[Rank 0] time (ms) | optimizer_step: 2.88
[Rank 0] time (ms) | fwd_microstep: 211.66 | bwd_microstep: 207.57 | bwd_inner_microstep: 202.00 | bwd_allreduce_microstep: 5.43 | step_microstep: 36.69
[Rank 0] time (ms) | fwd: 211.66 | bwd: 207.57 | bwd_inner: 202.02 | bwd_allreduce: 5.44 | step: 36.69
[Rank 0] Step 0: loss=11.4002, time=0.732s, alloc_mem=1.08 GB, peak_mem=3.30 GB
[Rank 1] Step 0: loss=11.3509, time=0.975s, alloc_mem=1.08 GB, peak_mem=3.30 GB
[Rank 0] time (ms) | optimizer_step: 3.46
[Rank 0] time (ms) | fwd_microstep: 325.00 | bwd_microstep: 313.99 | bwd_inner_microstep: 308.48 | bwd_allreduce_microstep: 5.44 | step_microstep: 9.40
[Rank 0] time (ms) | fwd: 324.91 | bwd: 314.00 | bwd_inner: 308.50 | bwd_allreduce: 5.44 | step: 9.41
[Rank 0] time (ms) | optimizer_step: 2.51
[Rank 0] time (ms) | fwd_microstep: 52.80 | bwd_microstep: 97.18 | bwd_inner_microstep: 90.63 | bwd_allreduce_microstep: 6.49 | step_microstep: 8.29
[Rank 0] time (ms) | fwd: 52.79 | bwd: 97.19 | bwd_inner: 90.65 | bwd_allreduce: 6.49 | step: 8.29
[Rank 0] time (ms) | optimizer_step: 2.50
[Rank 0] time (ms) | fwd_microstep: 53.25 | bwd_microstep: 97.34 | bwd_inner_microstep: 90.74 | bwd_allreduce_microstep: 6.54 | step_microstep: 8.30
[Rank 0] time (ms) | fwd: 53.24 | bwd: 97.35 | bwd_inner: 90.76 | bwd_allreduce: 6.55 | step: 8.30
[Rank 0] time (ms) | optimizer_step: 2.51
[Rank 0] time (ms) | fwd_microstep: 52.63 | bwd_microstep: 96.78 | bwd_inner_microstep: 90.52 | bwd_allreduce_microstep: 6.18 | step_microstep: 8.29
[Rank 0] time (ms) | fwd: 52.62 | bwd: 96.79 | bwd_inner: 90.54 | bwd_allreduce: 6.17 | step: 8.30
[Rank 0] time (ms) | optimizer_step: 2.51
[Rank 0] time (ms) | fwd_microstep: 52.49 | bwd_microstep: 96.81 | bwd_inner_microstep: 90.80 | bwd_allreduce_microstep: 5.95 | step_microstep: 8.26
[Rank 0] time (ms) | fwd: 52.48 | bwd: 96.81 | bwd_inner: 90.81 | bwd_allreduce: 5.95 | step: 8.26
[Rank 0] Step 5: loss=3.1785, time=0.159s, alloc_mem=1.08 GB, peak_mem=3.71 GB
[Rank 1] Step 5: loss=2.5565, time=0.159s, alloc_mem=1.08 GB, peak_mem=3.71 GB
[Rank 0] time (ms) | optimizer_step: 2.52
[Rank 0] time (ms) | fwd_microstep: 52.58 | bwd_microstep: 97.45 | bwd_inner_microstep: 90.52 | bwd_allreduce_microstep: 6.86 | step_microstep: 8.30
[Rank 0] time (ms) | fwd: 52.57 | bwd: 97.46 | bwd_inner: 90.54 | bwd_allreduce: 6.87 | step: 8.30
[Rank 0] time (ms) | optimizer_step: 2.49
[Rank 0] time (ms) | fwd_microstep: 52.62 | bwd_microstep: 97.90 | bwd_inner_microstep: 90.11 | bwd_allreduce_microstep: 7.73 | step_microstep: 8.35
[Rank 0] time (ms) | fwd: 52.61 | bwd: 97.91 | bwd_inner: 90.12 | bwd_allreduce: 7.73 | step: 8.35
[Rank 0] time (ms) | optimizer_step: 2.48
[Rank 0] time (ms) | fwd_microstep: 52.65 | bwd_microstep: 96.40 | bwd_inner_microstep: 90.32 | bwd_allreduce_microstep: 6.03 | step_microstep: 8.26
[Rank 0] time (ms) | fwd: 52.64 | bwd: 96.41 | bwd_inner: 90.33 | bwd_allreduce: 6.03 | step: 8.27
[Rank 0] time (ms) | optimizer_step: 2.50
[Rank 0] time (ms) | fwd_microstep: 52.66 | bwd_microstep: 96.68 | bwd_inner_microstep: 90.09 | bwd_allreduce_microstep: 6.53 | step_microstep: 8.88
[Rank 0] time (ms) | fwd: 52.65 | bwd: 96.68 | bwd_inner: 90.11 | bwd_allreduce: 6.53 | step: 8.88
[Rank 0] time (ms) | optimizer_step: 2.51
[Rank 0] time (ms) | fwd_microstep: 52.50 | bwd_microstep: 96.80 | bwd_inner_microstep: 90.45 | bwd_allreduce_microstep: 6.29 | step_microstep: 8.27
[Rank 0] time (ms) | fwd: 52.50 | bwd: 96.81 | bwd_inner: 90.47 | bwd_allreduce: 6.29 | step: 8.27
[Rank 0] Step 10: loss=3.4631, time=0.159s, alloc_mem=1.08 GB, peak_mem=3.71 GB
[Rank 1] Step 10: loss=3.4119, time=0.159s, alloc_mem=1.08 GB, peak_mem=3.71 GB
[Rank 0] time (ms) | optimizer_step: 2.48
[Rank 0] time (ms) | fwd_microstep: 53.14 | bwd_microstep: 96.32 | bwd_inner_microstep: 90.40 | bwd_allreduce_microstep: 5.83 | step_microstep: 8.29
[Rank 0] time (ms) | fwd: 53.13 | bwd: 96.32 | bwd_inner: 90.43 | bwd_allreduce: 5.81 | step: 8.29
[Rank 0] time (ms) | optimizer_step: 2.51
[Rank 0] time (ms) | fwd_microstep: 52.47 | bwd_microstep: 99.38 | bwd_inner_microstep: 90.24 | bwd_allreduce_microstep: 9.08 | step_microstep: 8.28
[Rank 0] time (ms) | fwd: 52.46 | bwd: 99.39 | bwd_inner: 90.25 | bwd_allreduce: 9.08 | step: 8.28
[Rank 0] time (ms) | optimizer_step: 2.52
[Rank 0] time (ms) | fwd_microstep: 52.49 | bwd_microstep: 96.66 | bwd_inner_microstep: 90.44 | bwd_allreduce_microstep: 6.17 | step_microstep: 8.31
[Rank 0] time (ms) | fwd: 52.48 | bwd: 96.67 | bwd_inner: 90.45 | bwd_allreduce: 6.16 | step: 8.31
[Rank 0] time (ms) | optimizer_step: 2.49
[Rank 0] time (ms) | fwd_microstep: 52.62 | bwd_microstep: 96.21 | bwd_inner_microstep: 90.33 | bwd_allreduce_microstep: 5.80 | step_microstep: 8.25
[Rank 0] time (ms) | fwd: 52.61 | bwd: 96.22 | bwd_inner: 90.35 | bwd_allreduce: 5.79 | step: 8.25
[Rank 0] time (ms) | optimizer_step: 2.50
[Rank 0] time (ms) | fwd_microstep: 52.44 | bwd_microstep: 98.83 | bwd_inner_microstep: 90.60 | bwd_allreduce_microstep: 8.17 | step_microstep: 8.33
[Rank 0] time (ms) | fwd: 52.43 | bwd: 98.83 | bwd_inner: 90.62 | bwd_allreduce: 8.17 | step: 8.33
[Rank 0] Step 15: loss=3.0647, time=0.161s, alloc_mem=1.08 GB, peak_mem=3.71 GB
[Rank 1] Step 15: loss=2.6219, time=0.161s, alloc_mem=1.08 GB, peak_mem=3.71 GB
[Rank 0] time (ms) | optimizer_step: 2.47
[Rank 0] time (ms) | fwd_microstep: 52.62 | bwd_microstep: 96.65 | bwd_inner_microstep: 90.05 | bwd_allreduce_microstep: 6.51 | step_microstep: 8.24
[Rank 0] time (ms) | fwd: 52.61 | bwd: 96.65 | bwd_inner: 90.08 | bwd_allreduce: 6.51 | step: 8.24
[Rank 0] time (ms) | optimizer_step: 2.51
[Rank 0] time (ms) | fwd_microstep: 52.51 | bwd_microstep: 98.32 | bwd_inner_microstep: 92.65 | bwd_allreduce_microstep: 5.61 | step_microstep: 8.29
[Rank 0] time (ms) | fwd: 52.50 | bwd: 98.33 | bwd_inner: 92.67 | bwd_allreduce: 5.61 | step: 8.29
[Rank 0] time (ms) | optimizer_step: 2.49
[Rank 0] time (ms) | fwd_microstep: 52.21 | bwd_microstep: 98.61 | bwd_inner_microstep: 90.15 | bwd_allreduce_microstep: 8.40 | step_microstep: 8.30
[Rank 0] time (ms) | fwd: 52.20 | bwd: 98.61 | bwd_inner: 90.16 | bwd_allreduce: 8.40 | step: 8.31
[Rank 0] time (ms) | optimizer_step: 2.49
[Rank 0] time (ms) | fwd_microstep: 52.63 | bwd_microstep: 96.98 | bwd_inner_microstep: 90.36 | bwd_allreduce_microstep: 6.55 | step_microstep: 8.26
[Rank 0] time (ms) | fwd: 52.62 | bwd: 96.99 | bwd_inner: 90.39 | bwd_allreduce: 6.55 | step: 8.26
[Rank 0] time (ms) | optimizer_step: 2.56
[Rank 0] time (ms) | fwd_microstep: 52.46 | bwd_microstep: 96.40 | bwd_inner_microstep: 90.23 | bwd_allreduce_microstep: 6.11 | step_microstep: 9.66[Rank 1] Step 20: loss=3.3440, time=0.159s, alloc_mem=1.08 GB, peak_mem=3.71 GB

[Rank 0] time (ms) | fwd: 52.45 | bwd: 96.41 | bwd_inner: 90.25 | bwd_allreduce: 6.12 | step: 9.66
[Rank 0] Step 20: loss=2.4090, time=0.160s, alloc_mem=1.08 GB, peak_mem=3.71 GB
[Rank 0] time (ms) | optimizer_step: 2.51
[Rank 0] time (ms) | fwd_microstep: 52.73 | bwd_microstep: 96.20 | bwd_inner_microstep: 90.53 | bwd_allreduce_microstep: 5.62 | step_microstep: 8.26
[Rank 0] time (ms) | fwd: 52.72 | bwd: 96.20 | bwd_inner: 90.54 | bwd_allreduce: 5.62 | step: 8.27
[Rank 0] time (ms) | optimizer_step: 2.49
[Rank 0] time (ms) | fwd_microstep: 52.73 | bwd_microstep: 96.77 | bwd_inner_microstep: 90.14 | bwd_allreduce_microstep: 6.57 | step_microstep: 8.24
[Rank 0] time (ms) | fwd: 52.72 | bwd: 96.78 | bwd_inner: 90.15 | bwd_allreduce: 6.55 | step: 8.24
[Rank 0] time (ms) | optimizer_step: 2.50
[Rank 0] time (ms) | fwd_microstep: 52.50 | bwd_microstep: 96.80 | bwd_inner_microstep: 90.47 | bwd_allreduce_microstep: 6.25 | step_microstep: 8.26
[Rank 0] time (ms) | fwd: 52.49 | bwd: 96.81 | bwd_inner: 90.50 | bwd_allreduce: 6.23 | step: 8.26
[Rank 0] time (ms) | optimizer_step: 2.50
[Rank 0] time (ms) | fwd_microstep: 52.54 | bwd_microstep: 96.52 | bwd_inner_microstep: 90.19 | bwd_allreduce_microstep: 6.27 | step_microstep: 8.29
[Rank 0] time (ms) | fwd: 52.53 | bwd: 96.53 | bwd_inner: 90.21 | bwd_allreduce: 6.27 | step: 8.30
[Rank 0] time (ms) | optimizer_step: 2.49
[Rank 0] time (ms) | fwd_microstep: 52.40 | bwd_microstep: 96.93 | bwd_inner_microstep: 90.28 | bwd_allreduce_microstep: 6.56 | step_microstep: 8.27
[Rank 0] time (ms) | fwd: 52.39 | bwd: 96.93 | bwd_inner: 90.30 | bwd_allreduce: 6.55 | step: 8.27
[Rank 0] Step 25: loss=1.5471, time=0.159s, alloc_mem=1.08 GB, peak_mem=3.71 GB
[Rank 1] Step 25: loss=2.1358, time=0.159s, alloc_mem=1.08 GB, peak_mem=3.71 GB
[Rank 0] time (ms) | optimizer_step: 2.49
[Rank 0] time (ms) | fwd_microstep: 52.50 | bwd_microstep: 96.54 | bwd_inner_microstep: 90.37 | bwd_allreduce_microstep: 6.11 | step_microstep: 8.24
[Rank 0] time (ms) | fwd: 52.49 | bwd: 96.55 | bwd_inner: 90.39 | bwd_allreduce: 6.11 | step: 8.24
[Rank 0] time (ms) | optimizer_step: 2.50
[Rank 0] time (ms) | fwd_microstep: 52.54 | bwd_microstep: 96.69 | bwd_inner_microstep: 90.26 | bwd_allreduce_microstep: 6.38 | step_microstep: 8.21
[Rank 0] time (ms) | fwd: 52.53 | bwd: 96.70 | bwd_inner: 90.27 | bwd_allreduce: 6.38 | step: 8.21
[Rank 0] time (ms) | optimizer_step: 2.50
[Rank 0] time (ms) | fwd_microstep: 52.53 | bwd_microstep: 96.26 | bwd_inner_microstep: 90.23 | bwd_allreduce_microstep: 5.97 | step_microstep: 8.24
[Rank 0] time (ms) | fwd: 52.52 | bwd: 96.27 | bwd_inner: 90.24 | bwd_allreduce: 5.97 | step: 8.24
[Rank 0] time (ms) | optimizer_step: 2.52
[Rank 0] time (ms) | fwd_microstep: 52.53 | bwd_microstep: 98.26 | bwd_inner_microstep: 90.42 | bwd_allreduce_microstep: 7.78 | step_microstep: 8.37
[Rank 0] time (ms) | fwd: 52.52 | bwd: 98.27 | bwd_inner: 90.44 | bwd_allreduce: 7.78 | step: 8.37
[Rank 0] time (ms) | optimizer_step: 2.49
[Rank 0] time (ms) | fwd_microstep: 52.42 | bwd_microstep: 97.34 | bwd_inner_microstep: 90.34 | bwd_allreduce_microstep: 6.93 | step_microstep: 8.28
[Rank 0] time (ms) | fwd: 52.41 | bwd: 97.34 | bwd_inner: 90.36 | bwd_allreduce: 6.94 | step: 8.28
[Rank 0] Step 30: loss=2.0468, time=0.159s, alloc_mem=1.08 GB, peak_mem=3.71 GB
[Rank 1] Step 30: loss=2.0475, time=0.159s, alloc_mem=1.08 GB, peak_mem=3.71 GB
[Rank 0] time (ms) | optimizer_step: 2.50
[Rank 0] time (ms) | fwd_microstep: 52.56 | bwd_microstep: 96.44 | bwd_inner_microstep: 90.22 | bwd_allreduce_microstep: 6.16 | step_microstep: 8.27
[Rank 0] time (ms) | fwd: 52.55 | bwd: 96.45 | bwd_inner: 90.24 | bwd_allreduce: 6.17 | step: 8.27
[Rank 0] time (ms) | optimizer_step: 2.51
[Rank 0] time (ms) | fwd_microstep: 52.60 | bwd_microstep: 96.47 | bwd_inner_microstep: 90.21 | bwd_allreduce_microstep: 6.17 | step_microstep: 8.23
[Rank 0] time (ms) | fwd: 52.59 | bwd: 96.48 | bwd_inner: 90.24 | bwd_allreduce: 6.16 | step: 8.24
[Rank 0] time (ms) | optimizer_step: 2.51
[Rank 0] time (ms) | fwd_microstep: 52.54 | bwd_microstep: 96.18 | bwd_inner_microstep: 90.32 | bwd_allreduce_microstep: 5.79 | step_microstep: 8.25
[Rank 0] time (ms) | fwd: 52.53 | bwd: 96.19 | bwd_inner: 90.35 | bwd_allreduce: 5.79 | step: 8.26
[Rank 0] time (ms) | optimizer_step: 2.48
[Rank 0] time (ms) | fwd_microstep: 52.57 | bwd_microstep: 96.28 | bwd_inner_microstep: 89.80 | bwd_allreduce_microstep: 6.42 | step_microstep: 8.25
[Rank 0] time (ms) | fwd: 52.56 | bwd: 96.28 | bwd_inner: 89.82 | bwd_allreduce: 6.42 | step: 8.25
[Rank 0] time (ms) | optimizer_step: 2.50
[Rank 0] time (ms) | fwd_microstep: 52.41 | bwd_microstep: 96.94 | bwd_inner_microstep: 90.38 | bwd_allreduce_microstep: 6.51 | step_microstep: 8.22
[Rank 0] time (ms) | fwd: 52.40 | bwd: 96.95 | bwd_inner: 90.38 | bwd_allreduce: 6.52 | step: 8.23
[Rank 0] Step 35: loss=1.6290, time=0.159s, alloc_mem=1.08 GB, peak_mem=3.71 GB
[Rank 1] Step 35: loss=2.1573, time=0.159s, alloc_mem=1.08 GB, peak_mem=3.71 GB
[Rank 0] time (ms) | optimizer_step: 2.51
[Rank 0] time (ms) | fwd_microstep: 52.42 | bwd_microstep: 96.70 | bwd_inner_microstep: 90.42 | bwd_allreduce_microstep: 6.18 | step_microstep: 8.26
[Rank 0] time (ms) | fwd: 52.41 | bwd: 96.70 | bwd_inner: 90.44 | bwd_allreduce: 6.17 | step: 8.26
[Rank 0] time (ms) | optimizer_step: 2.49
[Rank 0] time (ms) | fwd_microstep: 53.58 | bwd_microstep: 97.22 | bwd_inner_microstep: 90.46 | bwd_allreduce_microstep: 6.70 | step_microstep: 8.30
[Rank 0] time (ms) | fwd: 53.58 | bwd: 97.22 | bwd_inner: 90.47 | bwd_allreduce: 6.71 | step: 8.30
[Rank 0] time (ms) | optimizer_step: 2.49
[Rank 0] time (ms) | fwd_microstep: 52.65 | bwd_microstep: 96.67 | bwd_inner_microstep: 90.15 | bwd_allreduce_microstep: 6.47 | step_microstep: 8.25
[Rank 0] time (ms) | fwd: 52.64 | bwd: 96.68 | bwd_inner: 90.17 | bwd_allreduce: 6.48 | step: 8.25
[Rank 0] time (ms) | optimizer_step: 2.51
[Rank 0] time (ms) | fwd_microstep: 52.38 | bwd_microstep: 96.71 | bwd_inner_microstep: 90.00 | bwd_allreduce_microstep: 6.62 | step_microstep: 8.29
[Rank 0] time (ms) | fwd: 52.38 | bwd: 96.72 | bwd_inner: 90.03 | bwd_allreduce: 6.60 | step: 8.29
[Rank 0] time (ms) | optimizer_step: 2.48
[Rank 0] time (ms) | fwd_microstep: 52.35 | bwd_microstep: 96.54 | bwd_inner_microstep: 90.06 | bwd_allreduce_microstep: 6.43 | step_microstep: 8.22
[Rank 0] time (ms) | fwd: 52.34 | bwd: 96.55 | bwd_inner: 90.07 | bwd_allreduce: 6.43 | step: 8.23
[Rank 0] Step 40: loss=1.9439, time=0.158s, alloc_mem=1.08 GB, peak_mem=3.71 GB
[Rank 1] Step 40: loss=1.5883, time=0.158s, alloc_mem=1.08 GB, peak_mem=3.71 GB
[Rank 0] time (ms) | optimizer_step: 2.49
[Rank 0] time (ms) | fwd_microstep: 52.78 | bwd_microstep: 97.91 | bwd_inner_microstep: 90.18 | bwd_allreduce_microstep: 7.67 | step_microstep: 8.26
[Rank 0] time (ms) | fwd: 52.77 | bwd: 97.91 | bwd_inner: 90.19 | bwd_allreduce: 7.67 | step: 8.26
[Rank 0] time (ms) | optimizer_step: 2.51
[Rank 0] time (ms) | fwd_microstep: 53.09 | bwd_microstep: 96.35 | bwd_inner_microstep: 90.72 | bwd_allreduce_microstep: 5.58 | step_microstep: 8.28
[Rank 0] time (ms) | fwd: 53.08 | bwd: 96.36 | bwd_inner: 90.73 | bwd_allreduce: 5.57 | step: 8.28
[Rank 0] time (ms) | optimizer_step: 2.51
[Rank 0] time (ms) | fwd_microstep: 52.43 | bwd_microstep: 96.47 | bwd_inner_microstep: 89.88 | bwd_allreduce_microstep: 6.53 | step_microstep: 8.27
[Rank 0] time (ms) | fwd: 52.42 | bwd: 96.47 | bwd_inner: 89.89 | bwd_allreduce: 6.54 | step: 8.28
[Rank 0] time (ms) | optimizer_step: 2.50
[Rank 0] time (ms) | fwd_microstep: 52.35 | bwd_microstep: 96.91 | bwd_inner_microstep: 90.09 | bwd_allreduce_microstep: 6.77 | step_microstep: 8.29
[Rank 0] time (ms) | fwd: 52.34 | bwd: 96.92 | bwd_inner: 90.10 | bwd_allreduce: 6.77 | step: 8.29
[Rank 0] time (ms) | optimizer_step: 2.48
[Rank 0] time (ms) | fwd_microstep: 52.47 | bwd_microstep: 96.44 | bwd_inner_microstep: 90.37 | bwd_allreduce_microstep: 6.02 | step_microstep: 8.22
[Rank 0] time (ms) | fwd: 52.46 | bwd: 96.45 | bwd_inner: 90.38 | bwd_allreduce: 6.02 | step: 8.22
[Rank 0] Step 45: loss=2.6430, time=0.158s, alloc_mem=1.08 GB, peak_mem=3.71 GB
[Rank 1] Step 45: loss=1.7188, time=0.158s, alloc_mem=1.08 GB, peak_mem=3.71 GB
[Rank 0] time (ms) | optimizer_step: 2.49
[Rank 0] time (ms) | fwd_microstep: 52.59 | bwd_microstep: 96.49 | bwd_inner_microstep: 90.27 | bwd_allreduce_microstep: 6.15 | step_microstep: 8.22
[Rank 0] time (ms) | fwd: 52.58 | bwd: 96.50 | bwd_inner: 90.29 | bwd_allreduce: 6.15 | step: 8.23
[Rank 0] time (ms) | optimizer_step: 2.50
[Rank 0] time (ms) | fwd_microstep: 52.57 | bwd_microstep: 96.18 | bwd_inner_microstep: 90.38 | bwd_allreduce_microstep: 5.75 | step_microstep: 8.26
[Rank 0] time (ms) | fwd: 52.56 | bwd: 96.18 | bwd_inner: 90.38 | bwd_allreduce: 5.76 | step: 8.26
[Rank 0] time (ms) | optimizer_step: 2.50
[Rank 0] time (ms) | fwd_microstep: 52.55 | bwd_microstep: 98.56 | bwd_inner_microstep: 89.88 | bwd_allreduce_microstep: 8.62 | step_microstep: 8.27
[Rank 0] time (ms) | fwd: 52.54 | bwd: 98.57 | bwd_inner: 89.90 | bwd_allreduce: 8.62 | step: 8.27
[Rank 0] time (ms) | optimizer_step: 2.50
[Rank 0] time (ms) | fwd_microstep: 52.46 | bwd_microstep: 96.56 | bwd_inner_microstep: 89.72 | bwd_allreduce_microstep: 6.78 | step_microstep: 8.26
[Rank 0] time (ms) | fwd: 52.45 | bwd: 96.56 | bwd_inner: 89.73 | bwd_allreduce: 6.78 | step: 8.26
[Rank 0] time (ms) | optimizer_step: 2.50
[Rank 0] time (ms) | fwd_microstep: 52.51 | bwd_microstep: 96.13 | bwd_inner_microstep: 89.90 | bwd_allreduce_microstep: 6.18 | step_microstep: 8.23
[Rank 0] time (ms) | fwd: 52.50 | bwd: 96.14 | bwd_inner: 89.92 | bwd_allreduce: 6.16 | step: 8.23
[Rank 0] Step 50: loss=1.7306, time=0.158s, alloc_mem=1.08 GB, peak_mem=3.71 GB
[Rank 1] Step 50: loss=3.2657, time=0.158s, alloc_mem=1.08 GB, peak_mem=3.71 GB
[Rank 0] time (ms) | optimizer_step: 2.47
[Rank 0] time (ms) | fwd_microstep: 52.39 | bwd_microstep: 96.64 | bwd_inner_microstep: 89.63 | bwd_allreduce_microstep: 6.95 | step_microstep: 8.21
[Rank 0] time (ms) | fwd: 52.38 | bwd: 96.64 | bwd_inner: 89.64 | bwd_allreduce: 6.95 | step: 8.22
[Rank 0] time (ms) | optimizer_step: 2.50
[Rank 0] time (ms) | fwd_microstep: 52.43 | bwd_microstep: 96.34 | bwd_inner_microstep: 89.50 | bwd_allreduce_microstep: 6.79 | step_microstep: 8.27
[Rank 0] time (ms) | fwd: 52.42 | bwd: 96.35 | bwd_inner: 89.51 | bwd_allreduce: 6.79 | step: 8.27
[Rank 0] time (ms) | optimizer_step: 2.50
[Rank 0] time (ms) | fwd_microstep: 52.56 | bwd_microstep: 96.73 | bwd_inner_microstep: 89.49 | bwd_allreduce_microstep: 7.18 | step_microstep: 8.25
[Rank 0] time (ms) | fwd: 52.55 | bwd: 96.74 | bwd_inner: 89.51 | bwd_allreduce: 7.18 | step: 8.25
[Rank 0] time (ms) | optimizer_step: 2.48
[Rank 0] time (ms) | fwd_microstep: 52.57 | bwd_microstep: 96.74 | bwd_inner_microstep: 89.59 | bwd_allreduce_microstep: 7.10 | step_microstep: 8.25
[Rank 0] time (ms) | fwd: 52.56 | bwd: 96.75 | bwd_inner: 89.60 | bwd_allreduce: 7.10 | step: 8.25
[Rank 0] time (ms) | optimizer_step: 2.51
[Rank 0] time (ms) | fwd_microstep: 52.52 | bwd_microstep: 96.67 | bwd_inner_microstep: 89.71 | bwd_allreduce_microstep: 6.90 | step_microstep: 8.24
[Rank 0] time (ms) | fwd: 52.51 | bwd: 96.68 | bwd_inner: 89.73 | bwd_allreduce: 6.91 | step: 8.25
[Rank 0] Step 55: loss=1.5022, time=0.159s, alloc_mem=1.08 GB, peak_mem=3.71 GB
[Rank 1] Step 55: loss=2.5039, time=0.159s, alloc_mem=1.08 GB, peak_mem=3.71 GB
[Rank 0] time (ms) | optimizer_step: 2.50
[Rank 0] time (ms) | fwd_microstep: 52.38 | bwd_microstep: 96.32 | bwd_inner_microstep: 89.79 | bwd_allreduce_microstep: 6.46 | step_microstep: 8.27
[Rank 0] time (ms) | fwd: 52.37 | bwd: 96.33 | bwd_inner: 89.81 | bwd_allreduce: 6.46 | step: 8.27
[Rank 0] time (ms) | optimizer_step: 2.50
[Rank 0] time (ms) | fwd_microstep: 52.47 | bwd_microstep: 96.23 | bwd_inner_microstep: 89.65 | bwd_allreduce_microstep: 6.53 | step_microstep: 8.22
[Rank 0] time (ms) | fwd: 52.46 | bwd: 96.24 | bwd_inner: 89.66 | bwd_allreduce: 6.53 | step: 8.22
[Rank 0] time (ms) | optimizer_step: 2.51
[Rank 0] time (ms) | fwd_microstep: 52.39 | bwd_microstep: 98.16 | bwd_inner_microstep: 92.55 | bwd_allreduce_microstep: 5.54 | step_microstep: 8.26
[Rank 0] time (ms) | fwd: 52.38 | bwd: 98.16 | bwd_inner: 92.57 | bwd_allreduce: 5.54 | step: 8.27
[Rank 0] time (ms) | optimizer_step: 2.48
[Rank 0] time (ms) | fwd_microstep: 52.47 | bwd_microstep: 95.98 | bwd_inner_microstep: 89.81 | bwd_allreduce_microstep: 6.11 | step_microstep: 8.23
[Rank 0] time (ms) | fwd: 52.46 | bwd: 95.99 | bwd_inner: 89.83 | bwd_allreduce: 6.11 | step: 8.23
[Rank 0] time (ms) | optimizer_step: 2.50
[Rank 0] time (ms) | fwd_microstep: 52.36 | bwd_microstep: 96.31 | bwd_inner_microstep: 89.70 | bwd_allreduce_microstep: 6.53 | step_microstep: 8.24
[Rank 0] time (ms) | fwd: 52.35 | bwd: 96.32 | bwd_inner: 89.72 | bwd_allreduce: 6.51 | step: 8.25
[Rank 0] Step 60: loss=2.0672, time=0.158s, alloc_mem=1.08 GB, peak_mem=3.71 GB
[Rank 1] Step 60: loss=1.9191, time=0.158s, alloc_mem=1.08 GB, peak_mem=3.71 GB
[Rank 0] time (ms) | optimizer_step: 2.50
[Rank 0] time (ms) | fwd_microstep: 52.50 | bwd_microstep: 96.95 | bwd_inner_microstep: 89.89 | bwd_allreduce_microstep: 6.97 | step_microstep: 8.26
[Rank 0] time (ms) | fwd: 52.49 | bwd: 96.95 | bwd_inner: 89.92 | bwd_allreduce: 6.97 | step: 8.27
[Rank 0] time (ms) | optimizer_step: 2.49
[Rank 0] time (ms) | fwd_microstep: 52.46 | bwd_microstep: 96.24 | bwd_inner_microstep: 89.71 | bwd_allreduce_microstep: 6.48 | step_microstep: 8.25
[Rank 0] time (ms) | fwd: 52.45 | bwd: 96.25 | bwd_inner: 89.72 | bwd_allreduce: 6.48 | step: 8.25
[Rank 0] time (ms) | optimizer_step: 2.50
[Rank 0] time (ms) | fwd_microstep: 52.36 | bwd_microstep: 96.29 | bwd_inner_microstep: 90.01 | bwd_allreduce_microstep: 6.19 | step_microstep: 8.27
[Rank 0] time (ms) | fwd: 52.35 | bwd: 96.30 | bwd_inner: 90.04 | bwd_allreduce: 6.18 | step: 8.27
[Rank 0] time (ms) | optimizer_step: 2.49
[Rank 0] time (ms) | fwd_microstep: 52.69 | bwd_microstep: 96.11 | bwd_inner_microstep: 90.01 | bwd_allreduce_microstep: 6.03 | step_microstep: 8.25
[Rank 0] time (ms) | fwd: 52.68 | bwd: 96.11 | bwd_inner: 90.03 | bwd_allreduce: 6.04 | step: 8.25
[Rank 0] time (ms) | optimizer_step: 2.51
[Rank 0] time (ms) | fwd_microstep: 52.53 | bwd_microstep: 96.56 | bwd_inner_microstep: 90.04 | bwd_allreduce_microstep: 6.46 | step_microstep: 8.28
[Rank 0] time (ms) | fwd: 52.52 | bwd: 96.57 | bwd_inner: 90.05 | bwd_allreduce: 6.47 | step: 8.28
[Rank 0] Step 65: loss=1.8625, time=0.159s, alloc_mem=1.08 GB, peak_mem=3.71 GB
[Rank 1] Step 65: loss=2.5247, time=0.159s, alloc_mem=1.08 GB, peak_mem=3.71 GB
[Rank 0] time (ms) | optimizer_step: 2.50
[Rank 0] time (ms) | fwd_microstep: 52.52 | bwd_microstep: 96.44 | bwd_inner_microstep: 90.00 | bwd_allreduce_microstep: 6.39 | step_microstep: 8.25
[Rank 0] time (ms) | fwd: 52.51 | bwd: 96.45 | bwd_inner: 90.01 | bwd_allreduce: 6.39 | step: 8.26
[Rank 0] time (ms) | optimizer_step: 2.50
[Rank 0] time (ms) | fwd_microstep: 52.35 | bwd_microstep: 95.99 | bwd_inner_microstep: 89.69 | bwd_allreduce_microstep: 6.22 | step_microstep: 8.26
[Rank 0] time (ms) | fwd: 52.34 | bwd: 95.99 | bwd_inner: 89.71 | bwd_allreduce: 6.21 | step: 8.26
[Rank 0] time (ms) | optimizer_step: 2.49
[Rank 0] time (ms) | fwd_microstep: 52.40 | bwd_microstep: 98.36 | bwd_inner_microstep: 89.71 | bwd_allreduce_microstep: 8.59 | step_microstep: 8.24
[Rank 0] time (ms) | fwd: 52.39 | bwd: 98.37 | bwd_inner: 89.73 | bwd_allreduce: 8.59 | step: 8.25
[Rank 0] time (ms) | optimizer_step: 2.54
[Rank 0] time (ms) | fwd_microstep: 52.49 | bwd_microstep: 96.72 | bwd_inner_microstep: 89.74 | bwd_allreduce_microstep: 6.93 | step_microstep: 9.49
[Rank 0] time (ms) | fwd: 52.48 | bwd: 96.73 | bwd_inner: 89.76 | bwd_allreduce: 6.93 | step: 9.49
[Rank 0] time (ms) | optimizer_step: 2.50
[Rank 0] time (ms) | fwd_microstep: 52.54 | bwd_microstep: 96.09 | bwd_inner_microstep: 90.23 | bwd_allreduce_microstep: 5.78 | step_microstep: 8.20
[Rank 0] time (ms) | fwd: 52.53 | bwd: 96.09 | bwd_inner: 90.25 | bwd_allreduce: 5.77 | step: 8.21
[Rank 0] Step 70: loss=2.5887, time=0.158s, alloc_mem=1.08 GB, peak_mem=3.71 GB
[Rank 1] Step 70: loss=1.7588, time=0.159s, alloc_mem=1.08 GB, peak_mem=3.71 GB
[Rank 0] time (ms) | optimizer_step: 2.50
[Rank 0] time (ms) | fwd_microstep: 52.24 | bwd_microstep: 96.20 | bwd_inner_microstep: 89.56 | bwd_allreduce_microstep: 6.58 | step_microstep: 8.26
[Rank 0] time (ms) | fwd: 52.23 | bwd: 96.21 | bwd_inner: 89.57 | bwd_allreduce: 6.58 | step: 8.26
[Rank 0] time (ms) | optimizer_step: 2.51
[Rank 0] time (ms) | fwd_microstep: 52.51 | bwd_microstep: 96.19 | bwd_inner_microstep: 89.75 | bwd_allreduce_microstep: 6.39 | step_microstep: 8.26
[Rank 0] time (ms) | fwd: 52.50 | bwd: 96.20 | bwd_inner: 89.76 | bwd_allreduce: 6.39 | step: 8.26
[Rank 0] time (ms) | optimizer_step: 2.50
[Rank 0] time (ms) | fwd_microstep: 52.59 | bwd_microstep: 96.18 | bwd_inner_microstep: 90.11 | bwd_allreduce_microstep: 6.02 | step_microstep: 8.28
[Rank 0] time (ms) | fwd: 52.58 | bwd: 96.19 | bwd_inner: 90.12 | bwd_allreduce: 6.02 | step: 8.29
[Rank 0] time (ms) | optimizer_step: 2.50
[Rank 0] time (ms) | fwd_microstep: 52.45 | bwd_microstep: 97.95 | bwd_inner_microstep: 92.37 | bwd_allreduce_microstep: 5.52 | step_microstep: 8.26
[Rank 0] time (ms) | fwd: 52.44 | bwd: 97.95 | bwd_inner: 92.39 | bwd_allreduce: 5.52 | step: 8.27
[Rank 0] time (ms) | optimizer_step: 2.51
[Rank 0] time (ms) | fwd_microstep: 52.43 | bwd_microstep: 95.79 | bwd_inner_microstep: 89.88 | bwd_allreduce_microstep: 5.83 | step_microstep: 8.23
[Rank 0] time (ms) | fwd: 52.42 | bwd: 95.80 | bwd_inner: 89.91 | bwd_allreduce: 5.81 | step: 8.23
[Rank 0] Step 75: loss=3.2670, time=0.158s, alloc_mem=1.08 GB, peak_mem=3.71 GB
[Rank 1] Step 75: loss=2.7984, time=0.158s, alloc_mem=1.08 GB, peak_mem=3.71 GB
[Rank 0] time (ms) | optimizer_step: 2.49
[Rank 0] time (ms) | fwd_microstep: 52.09 | bwd_microstep: 96.35 | bwd_inner_microstep: 89.55 | bwd_allreduce_microstep: 6.75 | step_microstep: 8.24
[Rank 0] time (ms) | fwd: 52.08 | bwd: 96.35 | bwd_inner: 89.56 | bwd_allreduce: 6.75 | step: 8.24
[Rank 0] time (ms) | optimizer_step: 2.51
[Rank 0] time (ms) | fwd_microstep: 52.02 | bwd_microstep: 96.55 | bwd_inner_microstep: 89.91 | bwd_allreduce_microstep: 6.55 | step_microstep: 8.26
[Rank 0] time (ms) | fwd: 52.01 | bwd: 96.55 | bwd_inner: 89.95 | bwd_allreduce: 6.55 | step: 8.26
[Rank 0] time (ms) | optimizer_step: 2.49
[Rank 0] time (ms) | fwd_microstep: 52.52 | bwd_microstep: 96.16 | bwd_inner_microstep: 89.74 | bwd_allreduce_microstep: 6.36 | step_microstep: 8.22
[Rank 0] time (ms) | fwd: 52.51 | bwd: 96.16 | bwd_inner: 89.76 | bwd_allreduce: 6.36 | step: 8.22
[Rank 0] time (ms) | optimizer_step: 2.49
[Rank 0] time (ms) | fwd_microstep: 52.43 | bwd_microstep: 96.19 | bwd_inner_microstep: 89.63 | bwd_allreduce_microstep: 6.51 | step_microstep: 8.26
[Rank 0] time (ms) | fwd: 52.42 | bwd: 96.20 | bwd_inner: 89.64 | bwd_allreduce: 6.51 | step: 8.27
[Rank 0] time (ms) | optimizer_step: 2.49
[Rank 0] time (ms) | fwd_microstep: 52.53 | bwd_microstep: 95.95 | bwd_inner_microstep: 89.74 | bwd_allreduce_microstep: 6.12 | step_microstep: 8.24
[Rank 0] time (ms) | fwd: 52.52 | bwd: 95.95 | bwd_inner: 89.76 | bwd_allreduce: 6.11 | step: 8.24
[Rank 0] Step 80: loss=2.0549, time=0.158s, alloc_mem=1.08 GB, peak_mem=3.71 GB
[Rank 1] Step 80: loss=2.0397, time=0.158s, alloc_mem=1.08 GB, peak_mem=3.71 GB
[Rank 0] time (ms) | optimizer_step: 2.51
[Rank 0] time (ms) | fwd_microstep: 52.27 | bwd_microstep: 98.37 | bwd_inner_microstep: 89.88 | bwd_allreduce_microstep: 8.44 | step_microstep: 8.29
[Rank 0] time (ms) | fwd: 52.26 | bwd: 98.38 | bwd_inner: 89.90 | bwd_allreduce: 8.44 | step: 8.30
[Rank 0] time (ms) | optimizer_step: 2.50
[Rank 0] time (ms) | fwd_microstep: 52.43 | bwd_microstep: 96.59 | bwd_inner_microstep: 89.64 | bwd_allreduce_microstep: 6.88 | step_microstep: 8.25
[Rank 0] time (ms) | fwd: 52.42 | bwd: 96.59 | bwd_inner: 89.65 | bwd_allreduce: 6.88 | step: 8.26
[Rank 0] time (ms) | optimizer_step: 2.49
[Rank 0] time (ms) | fwd_microstep: 52.31 | bwd_microstep: 96.09 | bwd_inner_microstep: 90.08 | bwd_allreduce_microstep: 5.95 | step_microstep: 8.26
[Rank 0] time (ms) | fwd: 52.30 | bwd: 96.10 | bwd_inner: 90.09 | bwd_allreduce: 5.95 | step: 8.26
[Rank 0] time (ms) | optimizer_step: 2.49
[Rank 0] time (ms) | fwd_microstep: 52.40 | bwd_microstep: 96.26 | bwd_inner_microstep: 90.03 | bwd_allreduce_microstep: 6.18 | step_microstep: 8.23
[Rank 0] time (ms) | fwd: 52.39 | bwd: 96.27 | bwd_inner: 90.03 | bwd_allreduce: 6.17 | step: 8.23
[Rank 0] time (ms) | optimizer_step: 2.49
[Rank 0] time (ms) | fwd_microstep: 52.47 | bwd_microstep: 96.35 | bwd_inner_microstep: 89.77 | bwd_allreduce_microstep: 6.53 | step_microstep: 8.22
[Rank 0] time (ms) | fwd: 52.46 | bwd: 96.35 | bwd_inner: 89.78 | bwd_allreduce: 6.53 | step: 8.22
[Rank 0] Step 85: loss=2.4077, time=0.158s, alloc_mem=1.08 GB, peak_mem=3.71 GB
[Rank 1] Step 85: loss=2.3764, time=0.158s, alloc_mem=1.08 GB, peak_mem=3.71 GB
[Rank 0] time (ms) | optimizer_step: 2.49
[Rank 0] time (ms) | fwd_microstep: 52.52 | bwd_microstep: 96.15 | bwd_inner_microstep: 89.63 | bwd_allreduce_microstep: 6.48 | step_microstep: 8.22
[Rank 0] time (ms) | fwd: 52.51 | bwd: 96.16 | bwd_inner: 89.64 | bwd_allreduce: 6.48 | step: 8.22
[Rank 0] time (ms) | optimizer_step: 2.49
[Rank 0] time (ms) | fwd_microstep: 52.37 | bwd_microstep: 96.60 | bwd_inner_microstep: 89.64 | bwd_allreduce_microstep: 6.90 | step_microstep: 8.24
[Rank 0] time (ms) | fwd: 52.36 | bwd: 96.61 | bwd_inner: 89.66 | bwd_allreduce: 6.90 | step: 8.25
[Rank 0] time (ms) | optimizer_step: 2.49
[Rank 0] time (ms) | fwd_microstep: 52.53 | bwd_microstep: 96.46 | bwd_inner_microstep: 89.45 | bwd_allreduce_microstep: 6.95 | step_microstep: 8.26
[Rank 0] time (ms) | fwd: 52.52 | bwd: 96.47 | bwd_inner: 89.47 | bwd_allreduce: 6.94 | step: 8.26
[Rank 0] time (ms) | optimizer_step: 2.50
[Rank 0] time (ms) | fwd_microstep: 52.57 | bwd_microstep: 96.16 | bwd_inner_microstep: 89.76 | bwd_allreduce_microstep: 6.34 | step_microstep: 8.21
[Rank 0] time (ms) | fwd: 52.56 | bwd: 96.16 | bwd_inner: 89.77 | bwd_allreduce: 6.34 | step: 8.22
[Rank 0] time (ms) | optimizer_step: 2.51
[Rank 0] time (ms) | fwd_microstep: 52.54 | bwd_microstep: 95.92 | bwd_inner_microstep: 90.20 | bwd_allreduce_microstep: 5.66 | step_microstep: 8.25
[Rank 0] time (ms) | fwd: 52.53 | bwd: 95.92 | bwd_inner: 90.21 | bwd_allreduce: 5.66 | step: 8.25
[Rank 0] Step 90: loss=1.8660, time=0.158s, alloc_mem=1.08 GB, peak_mem=3.71 GB
[Rank 1] Step 90: loss=2.6160, time=0.158s, alloc_mem=1.08 GB, peak_mem=3.71 GB
[Rank 0] time (ms) | optimizer_step: 2.49
[Rank 0] time (ms) | fwd_microstep: 52.40 | bwd_microstep: 95.94 | bwd_inner_microstep: 90.02 | bwd_allreduce_microstep: 5.83 | step_microstep: 8.26
[Rank 0] time (ms) | fwd: 52.39 | bwd: 95.95 | bwd_inner: 90.04 | bwd_allreduce: 5.83 | step: 8.26
[Rank 0] time (ms) | optimizer_step: 2.50
[Rank 0] time (ms) | fwd_microstep: 52.50 | bwd_microstep: 96.87 | bwd_inner_microstep: 89.53 | bwd_allreduce_microstep: 7.27 | step_microstep: 8.25
[Rank 0] time (ms) | fwd: 52.49 | bwd: 96.88 | bwd_inner: 89.55 | bwd_allreduce: 7.28 | step: 8.26
[Rank 0] time (ms) | optimizer_step: 2.50
[Rank 0] time (ms) | fwd_microstep: 52.41 | bwd_microstep: 96.19 | bwd_inner_microstep: 89.83 | bwd_allreduce_microstep: 6.30 | step_microstep: 8.25
[Rank 0] time (ms) | fwd: 52.40 | bwd: 96.20 | bwd_inner: 89.85 | bwd_allreduce: 6.30 | step: 8.26
[Rank 0] time (ms) | optimizer_step: 2.49
[Rank 0] time (ms) | fwd_microstep: 52.48 | bwd_microstep: 96.25 | bwd_inner_microstep: 89.81 | bwd_allreduce_microstep: 6.39 | step_microstep: 8.24
[Rank 0] time (ms) | fwd: 52.47 | bwd: 96.26 | bwd_inner: 89.82 | bwd_allreduce: 6.39 | step: 8.25
[Rank 0] time (ms) | optimizer_step: 2.50
[Rank 0] time (ms) | fwd_microstep: 52.60 | bwd_microstep: 95.75 | bwd_inner_microstep: 89.72 | bwd_allreduce_microstep: 5.97 | step_microstep: 8.26
[Rank 0] time (ms) | fwd: 52.59 | bwd: 95.75 | bwd_inner: 89.73 | bwd_allreduce: 5.97 | step: 8.26
[Rank 0] Step 95: loss=2.3079, time=0.158s, alloc_mem=1.08 GB, peak_mem=3.71 GB
[Rank 1] Step 95: loss=2.5196, time=0.158s, alloc_mem=1.08 GB, peak_mem=3.71 GB
[Rank 0] time (ms) | optimizer_step: 2.51
[Rank 0] time (ms) | fwd_microstep: 52.42 | bwd_microstep: 95.86 | bwd_inner_microstep: 89.66 | bwd_allreduce_microstep: 6.14 | step_microstep: 8.25
[Rank 0] time (ms) | fwd: 52.41 | bwd: 95.87 | bwd_inner: 89.67 | bwd_allreduce: 6.14 | step: 8.25
[Rank 0] time (ms) | optimizer_step: 2.50
[Rank 0] time (ms) | fwd_microstep: 52.55 | bwd_microstep: 95.63 | bwd_inner_microstep: 89.88 | bwd_allreduce_microstep: 5.69 | step_microstep: 8.23
[Rank 0] time (ms) | fwd: 52.54 | bwd: 95.64 | bwd_inner: 89.90 | bwd_allreduce: 5.69 | step: 8.23
[Rank 0] time (ms) | optimizer_step: 2.48
[Rank 0] time (ms) | fwd_microstep: 52.38 | bwd_microstep: 96.59 | bwd_inner_microstep: 90.05 | bwd_allreduce_microstep: 6.49 | step_microstep: 8.28
[Rank 0] time (ms) | fwd: 52.37 | bwd: 96.59 | bwd_inner: 90.06 | bwd_allreduce: 6.49 | step: 8.29
[Rank 0] time (ms) | optimizer_step: 2.50
[Rank 0] time (ms) | fwd_microstep: 52.76 | bwd_microstep: 96.10 | bwd_inner_microstep: 90.02 | bwd_allreduce_microstep: 6.01 | step_microstep: 8.52
[Rank 0] time (ms) | fwd: 52.75 | bwd: 96.10 | bwd_inner: 90.04 | bwd_allreduce: 6.02 | step: 8.52
[Rank 1] Step 99: loss=2.2163, time=0.158s, alloc_mem=1.08 GB, peak_mem=3.71 GB
[Rank 0] Step 99: loss=1.6055, time=0.159s, alloc_mem=1.08 GB, peak_mem=3.71 GB

============================================================
[Rank 1] FINAL RESULTS
  Config: configs/bf16_full.json
  Model: hidden_dim=1024, num_layers=12
  Parameters: 124,439,808
  Batch size: 8, Seq length: 512
  Average step time: 0.159s
  Peak memory: 3.71 GB
  Final allocated memory: 1.08 GB
============================================================
SUMMARY: config=configs/bf16_full.json batch_size=8 params=124439808 peak_mem_bytes=3978853888 alloc_mem_bytes=1163596288 avg_step_time=0.1587

============================================================
[Rank 0] FINAL RESULTS
  Config: configs/bf16_full.json
  Model: hidden_dim=1024, num_layers=12
  Parameters: 124,439,808
  Batch size: 8, Seq length: 512
  Average step time: 0.159s
  Peak memory: 3.71 GB
  Final allocated memory: 1.08 GB
============================================================
SUMMARY: config=configs/bf16_full.json batch_size=8 params=124439808 peak_mem_bytes=3978853888 alloc_mem_bytes=1163596288 avg_step_time=0.1587
[rank0]:[W123 15:44:52.561468387 ProcessGroupNCCL.cpp:1250] Warning: WARNING: process group has NOT been destroyed before we destruct ProcessGroupNCCL. On normal program exit, the application should call destroy_process_group to ensure that any pending NCCL operations have finished in this process. In rare cases this process can exit before this point and block the progress of another member of the process group. This constraint has always been present,  but this warning has only been added since PyTorch 2.4 (function operator())
[2026-01-23 15:44:54,138] [INFO] [launch.py:367:main] Process 3176611 exits successfully.
[2026-01-23 15:44:54,138] [INFO] [launch.py:367:main] Process 3176612 exits successfully.

==============================================
All runs complete. Gathering results...
==============================================
================================================================================
BF16 Low-Precision Master Weights - Memory Usage Comparison
================================================================================

Configuration                            Peak Memory     Reduction       Step Time   
--------------------------------------------------------------------------------
Baseline (fp32 master)                   4.05 GB         -               0.1605s     
bf16_full (master + opt states)          3.71 GB         +8.6%           0.1587s     
--------------------------------------------------------------------------------

Detailed Results:
----------------------------------------

Baseline (fp32 master):
  Parameters: 124,439,808
  Peak Memory: 4.05 GB (4,352,190,976 bytes)
  Allocated Memory: 1.43 GB (1,537,596,416 bytes)
  Avg Step Time: 0.1605s

bf16_full (master + opt states):
  Parameters: 124,439,808
  Peak Memory: 3.71 GB (3,978,853,888 bytes)
  Allocated Memory: 1.08 GB (1,163,596,288 bytes)
  Avg Step Time: 0.1587s

================================================================================

Markdown Table (for README):
----------------------------------------

| Configuration | Peak Memory | Memory Reduction | Avg Step Time |
|---------------|-------------|------------------|---------------|
| Baseline (fp32 master) | 4.05 GB | - | 0.1605s |
| bf16_full (master + opt states) | 3.71 GB | +8.6% | 0.1587s |


Summary saved to: logs/20260123_154306-8/summary.txt

Results saved to: logs/20260123_154306-8/summary.txt
==============================================
